procs -----------memory---------- ---swap-- -----io---- -system-- ------cpu-----
 r  b   swpd   free   buff  cache   si   so    bi    bo   in   cs us sy id wa st
 1  1 961588 2181836   2064 574860   10   30  6288    84  586  902  6  9 76  9  0
 2  0 961588 2181836   2064 574860    0    0 22420     0 1930  866 23  2 74  2  0
 2  0 961588 2181836   2064 574860    0    0  8124     0 1608  610 25  1 74  0  0
 2  0 961588 2181836   2064 574860    0    0  7340     0 1449  411 25  1 74  0  0
 2  0 961588 2181836   2064 574860    0    0  7940     0 1455  424 25  1 74  0  0
 2  0 961588 2181836   2064 574860    0    0  7936    80 1339  293 25  1 74  0  0
 2  0 961588 2181836   2064 574860    0    0  7948  8700 1546  560 25  1 73  1  0
 2  0 961588 2181836   2064 574860    0    0  7040     0 1392  413 25  1 74  0  0
 2  0 961588 2181836   2064 574860    8    0  7816     0 1810  596 27  4 69  0  0
 2  0 961588 2181836   2064 574860    0    0  7952     0 1497  402 25  1 74  0  0
 2  0 961588 2181836   2064 574860    0    0  7040    76 1352  404 25  1 74  0  0
 2  0 961588 2181836   2064 574860    0    0 14560     0 1904  876 25  1 71  3  0
 2  0 961588 2181836   2064 574860    0    0  7936     0 1443  435 25  1 74  0  0
 2  0 961588 2181836   2064 574860    0    0  7296     0 1423  445 25  1 74  0  0
 2  0 961588 2181836   2064 574860    0    0  7552     0 1353  374 25  1 75  0  0
 2  0 961588 2181836   2064 574860    0    0  7936    52 1296  279 25  1 75  0  0
 2  0 961588 2181836   2064 574860    0    0  7936     0 1508  494 25  1 74  0  0
 2  0 961588 2181836   2064 574860    0    0  7824  1864 1472  370 25  1 74  0  0
 2  0 961588 2181836   2064 574860    0    0  7172     0 1428  434 25  1 74  0  0
 2  0 961588 2181836   2064 574860    0    0  7936     0 1306  325 25  0 75  0  0
 2  0 961588 2181836   2064 574860    0    0  7808    72 1472  436 25  1 74  0  0
procs -----------memory---------- ---swap-- -----io---- -system-- ------cpu-----
 r  b   swpd   free   buff  cache   si   so    bi    bo   in   cs us sy id wa st
 3  0 961588 2181836   2064 574860    0    0 25012     0 2354 1282 26  2 67  5  0
 2  0 961588 2181836   2064 574860    0    0  8180     0 1682  709 25  2 73  0  0
 2  0 961588 2181836   2064 574860    0    0  7936     0 1444  496 25  1 74  0  0
 2  0 961588 2181836   2064 574860    0    0  7040     0 1386  385 25  1 74  0  0
 2  0 961588 2181836   2064 574860    0    0  7936    96 1464  400 25  1 74  0  0
 2  0 961588 2181836   2064 574860    0    0  7812 16720 1579  485 25  1 73  1  0
 2  0 961588 2181836   2064 574860    0    0  7936   816 1495  424 25  1 74  0  0
 2  0 961588 2181836   2064 574860    0    0  7040     0 1417  395 25  1 74  0  0
 2  0 961588 2181836   2064 574860    0    0  7952     0 1465  370 25  1 74  0  0
 2  0 961588 2181836   2064 574860    0    0  7936     0 1424  395 25  1 74  0  0
 3  0 961588 2181836   2064 574860    0    0  7568 15072 1496  501 24  1 73  2  0
 1  2 961588 2181836   2064 574860    0    0   652  9736  672  548  3  1 49 47  0
 2  0 961588 2181836   2064 574860    0    0  4100  1856  981  423 14  1 71 15  0
 2  0 961588 2181836   2064 574860    0    0  6144     0 1311  409 22  1 74  3  0
 2  0 961588 2181836   2064 574860    0    0  7040     0 1271  335 23  0 75  2  0
 2  0 961588 2181836   2064 574860    0    0  6172    96 1596  690 21  1 74  4  0
 2  0 961588 2181836   2064 574860    0    0  7936     0 1378  337 25  1 74  0  0
 2  0 961588 2181836   2064 574860    0    0  7936  1864 1536  487 25  1 74  0  0
 2  0 961588 2181836   2064 574860    0    0  7836     0 1386  296 25  0 75  0  0
 2  0 961588 2181836   2064 574860    0    0  7040     0 1474  453 25  1 74  0  0
 2  0 961588 2181836   2064 574860    0    0  7936    76 1465  382 25  1 75  0  0
procs -----------memory---------- ---swap-- -----io---- -system-- ------cpu-----
 r  b   swpd   free   buff  cache   si   so    bi    bo   in   cs us sy id wa st
 2  0 961588 2181836   2064 574860    0    0 14836    12 1874  692 25  1 72  2  0
 2  0 961588 2181836   2064 574860    0    0  7936     0 1432  409 25  1 75  0  0
 2  0 961588 2181836   2064 574860    0    0  7040     0 1396  398 25  1 74  0  0
 2  0 961588 2181836   2064 574860    0    0  7808     0 1317  297 25  0 75  0  0
 2  0 961588 2181836   2064 574860    0    0  7936    36 1397  410 25  1 74  0  0
 2  0 961588 2181836   2064 574860    0    0  7968     0 1435  367 25  1 74  0  0
 2  0 961588 2181836   2064 574860    0    0  7040     0 1481  453 25  1 75  0  0
 2  0 961588 2181836   2064 574860    0    0  7936     0 1447  414 25  0 74  0  0
 2  0 961588 2181836   2064 574860    0    0  7808     0 1360  377 25  1 74  0  0
 2  0 961588 2181836   2064 574860    0    0  7936    32 1305  307 25  0 75  0  0
 2  0 961588 2181836   2064 574860    0    0  7040     4 1425  432 25  1 74  0  0
 2  0 961588 2181836   2064 574860    0    0  7968     0 1876  864 25  1 74  0  0
 2  0 961588 2181836   2064 574860    0    0  7936     0 1377  405 25  1 74  0  0
 2  0 961588 2181836   2064 574860    0    0  7936     0 1368  371 25  0 74  0  0
 2  0 961588 2181836   2064 574860    0    0  7040    36 1483  479 25  1 74  0  0
 2  0 961588 2181836   2064 574860    0    0  7808     0 1455  367 25  1 75  0  0
 2  1 961588 2181836   2064 574860    0    0 16336  2008 3967 4374 43 10 40  8  0
 3  0 961588 2181836   2064 574860    0    0 15312 17984 4166 1862 47  5 42  6  0
 3  0 961588 2181836   2064 574860    0    0  7040     0 5075 1038 54  4 41  0  0
 2  0 961588 2181836   2064 574860    8    0  9792     0 5263 2016 49  3 48  0  0
 5  0 961588 2181836   2064 574860    0    0  7040    64 2438  755 33  5 62  0  0
procs -----------memory---------- ---swap-- -----io---- -system-- ------cpu-----
 r  b   swpd   free   buff  cache   si   so    bi    bo   in   cs us sy id wa st
 7  1 961588 2181836   2064 574860    0    0  6168   652 4494 2846 62  9 29  0  0
 1  2 961588 2181836   2064 574860    0    0  6160 17424 2502 2066 43  3 43 12  0
 2  0 961588 2181836   2064 574860    0    0  6292 15624 1271  366 21  1 70  9  0
 2  0 961588 2181836   2064 574860    0    0  6912     0 1419  443 25  1 74  0  0
 2  0 961588 2181836   2064 574860    0    0  8360     0 1409  406 25  1 74  0  0
 2  0 961588 2181836   2064 574860    0    0  8216  4956 1578  527 25  1 73  1  0
 2  0 961588 2181836   2064 574860    0    0  7040     0 1356  318 25  1 75  0  0
 2  0 961588 2181836   2064 574860    0    0  7936     0 1453  431 25  1 74  0  0
 2  0 961588 2181836   2064 574860    0    0  7936   564 1670  486 25  1 74  0  0
 2  0 961588 2181836   2064 574860    0    0  7808    32 1449  434 25  1 74  0  0
 2  0 961588 2181836   2064 574860    0    0  8892  7732 2133 1709 30  3 66  2  0
 2  0 961588 2181836   2064 574860    0    0  7296     0 1435  427 25  1 74  0  0
 2  0 961588 2181836   2064 574860    0    0 20244   156 2604 2472 34  4 61  2  0
 2  0 961588 2181836   2064 574860    0    0  7296     0 1434  430 25  1 74  0  0
 2  0 961588 2181836   2064 574860    0    0  7936     0 1406  360 25  1 75  0  0
 2  0 961588 2181836   2064 574860    0    0  8340     0 1667  770 26  2 73  0  0
 2  0 961588 2181836   2064 574860    0    0  7296     0 1341  342 25  1 75  0  0
 2  0 961588 2181836   2064 574860    0    0  7560    76 1481  461 25  1 75  0  0
 2  0 961588 2181836   2064 574860    0    0  7936     0 1451  375 25  1 74  0  0
 2  0 961588 2181836   2064 574860    0    0  7936     0 1421  441 25  1 74  0  0
 2  0 961588 2181836   2064 574860    0    0  7040   496 1465  430 25  1 74  0  0
procs -----------memory---------- ---swap-- -----io---- -system-- ------cpu-----
 r  b   swpd   free   buff  cache   si   so    bi    bo   in   cs us sy id wa st
 2  0 961588 2181836   2064 574860    0    0  7936     0 1436  442 25  1 74  0  0
 2  0 961588 2181836   2064 574860    0    0  7808     0 1374  352 25  1 74  0  0
 2  0 961588 2181836   2064 574860    0    0  7936     0 1369  385 25  1 74  0  0
 2  0 961588 2181836   2064 574860    0    0  7424     0 1348  313 25  1 75  0  0
 2  0 961588 2181836   2064 574860    0    0  7684   272 1872  834 29  1 70  1  0
 2  0 961588 2181836   2064 574860    0    0  7936    12 1722  419 29  1 71  0  0
 2  0 961588 2181836   2064 574860    0    0  7684 17108 1642  539 25  1 73  1  0
 2  0 961588 2181836   2064 574860    0    0  7296     0 1360  366 25  1 74  0  0
 2  0 961588 2181836   2064 574860    0    0  7808     0 1471  457 25  1 74  0  0
 2  0 961588 2181836   2064 574860    0    0  7944   280 1489  437 25  1 74  0  0
 2  0 961588 2181836   2064 574860    0    0  7168     0 1378  399 25  1 75  0  0
 3  0 961588 2181836   2064 574860    0    0  7824 24504 1409  353 25  1 73  1  0
 2  0 961588 2181836   2064 574860    0    0  7940  9496 1469  464 25  1 74  1  0
 2  0 961588 2181836   2064 574860    0    0  7808     0 1329  357 25  1 74  0  0
 2  0 961588 2181836   2064 574860    0    0  7040  2008 1486  534 25  1 74  0  0
 2  0 961588 2181836   2064 574860    0    0  7936  1020 1589  495 25  0 74  0  0
 2  0 961588 2181836   2064 574860    0    0  7944     0 1595  581 25  1 74  0  0
 2  0 961588 2181836   2064 574860    0    0  7296     0 1310  302 25  1 75  0  0
 2  0 961588 2181836   2064 574860    0    0  7680     0 1523  458 25  1 74  0  0
 2  0 961588 2181836   2064 574860    0    0  7808    60 1375  411 25  1 74  0  0
 2  0 961588 2181836   2064 574860    0    0  7936    48 1541  484 25  1 74  0  0
procs -----------memory---------- ---swap-- -----io---- -system-- ------cpu-----
 r  b   swpd   free   buff  cache   si   so    bi    bo   in   cs us sy id wa st
 2  0 961588 2181836   2064 574860    0    0  7068    96 1617  608 26  1 73  0  0
 2  0 961588 2181836   2064 574860    0    0  7936     0 1613  490 26  1 74  0  0
 2  0 961588 2181836   2064 574860    0    0  7936     0 1440  356 25  1 75  0  0
 2  0 961588 2181836   2064 574860    0    0  7552     0 1433  414 25  1 74  0  0
 2  0 961588 2181836   2064 574860    0    0  7424   200 1383  355 25  0 75  0  0
 2  0 961588 2181836   2064 574860    0    0  7808    56 1504  451 25  1 74  0  0
 2  0 961588 2181836   2064 574860    0    0  7936     0 1307  281 25  0 75  0  0
 2  0 961588 2181836   2064 574860    0    0  7808     0 1433  407 25  1 74  0  0
 2  0 961588 2181836   2064 574860    0    0  7168     0 1486  435 25  0 74  0  0
 2  0 961588 2181836   2064 574860    0    0  7936    64 1379  396 25  1 74  0  0
 2  0 961588 2181836   2064 574860    0    0  7808    76 1560  640 25  1 74  0  0
 2  0 961588 2181836   2064 574860    0    0  7680     0 1449  428 25  1 74  0  0
 2  0 961588 2181836   2064 574860    8    0  7304     0 1413  356 25  0 74  0  0
 2  0 961588 2181836   2064 574860    0    0  7940     0 1455  478 25  1 74  0  0
 2  0 961588 2181836   2064 574860    0    0  7936     8 1351  276 25  1 75  0  0
 2  0 961588 2181836   2064 574860    0    0  7304    44 1507  562 25  1 74  0  0
 2  0 961588 2181836   2064 574860    0    0  7552   320 1432  426 25  0 75  0  0
 2  0 961588 2181836   2064 574860    0    0  7936     0 1516  459 25  1 74  0  0
 2  0 961588 2181836   2064 574860    0    0  7936     0 1433  365 25  1 75  0  0
 2  0 961588 2181836   2064 574860    0    0  7040   712 1716  652 25  1 74  0  0
 2  0 961588 2181836   2064 574860    0    0  7940    68 1574  435 25  0 75  0  0
procs -----------memory---------- ---swap-- -----io---- -system-- ------cpu-----
 r  b   swpd   free   buff  cache   si   so    bi    bo   in   cs us sy id wa st
 2  0 961588 2181836   2064 574860    0    0  7968 50980 1565  568 24  2 70  5  0
 2  0 961588 2181836   2064 574860    0    0  7040    44 1368  385 25  0 75  0  0
 2  0 961588 2181836   2064 574860    0    0  7808     0 1439  395 25  1 74  0  0
 2  0 961588 2181836   2064 574860    0    0  7936     0 1318  279 25  1 75  0  0
 3  0 961588 2181836   2064 574860    0    0  7112   148 2817 2462 35  6 58  0  0
 3  0 961588 2181836   2064 574860    0    0  7264     0 3945 2451 52  6 43  0  0
 3  0 961588 2181836   2064 574860    0    0  6144     0 4048  914 55  4 42  0  0
 5  0 961588 2181836   2064 574860    0    0  7040   532 5056 2219 53  5 42  0  0
 3  0 961588 2181836   2064 574860    0    0  7680     0 1942  550 29  2 69  0  0
 6  0 961588 2181836   2064 574860    0    0  6456   168 4070 2793 53  8 39  0  0
 2  0 961588 2181836   2064 574860    0    0  7936   392 2126 2209 29  3 68  0  0
 2  0 961588 2181836   2064 574860    0    0  7040     0 1450  400 25  1 74  0  0
