procs -----------memory---------- ---swap-- -----io---- -system-- ------cpu-----
 r  b   swpd   free   buff  cache   si   so    bi    bo   in   cs us sy id wa st
 2  0 961076 1984704   1896 609556    9   29  6158    86  582  885  7  8 76  9  0
 2  0 961076 1984704   1896 609556   12    0 17312     0 2017  981 22  3 74  2  0
 2  0 961076 1984704   1896 609556    0    0  1280     0 1309  322 25  1 74  0  0
 2  0 961076 1984704   1896 609556    0    0  1588     0 1352  405 25  1 74  0  0
 2  0 961076 1984704   1896 609556    0    0  1028     0 1172  187 25  1 75  0  0
 2  0 961076 1984704   1896 609556    0    0  1416   108 1313  377 25  1 74  0  0
 2  0 961076 1984704   1896 609556    0    0  1280   144 1364  311 25  1 75  0  0
 2  0 961076 1984704   1896 609556    0    0  1024     0 1353  404 25  1 74  0  0
 2  0 961076 1984704   1896 609556    0    0  1280     0 1211  197 25  0 75  0  0
 2  0 961076 1984704   1896 609556    0    0  1024     0 1268  318 25  1 74  0  0
 2  1 961076 1984704   1896 609556    0    0 20952    88 3806 4684 44  9 46  2  0
 3  0 961076 1984704   1896 609556    0    0  1896     4 3630 1122 51  4 44  0  0
 6  0 961076 1984704   1896 609556    0    0 20252    28 4904  948 67  4 28  0  0
 2  0 961076 1984704   1896 609556    0    0  1212     0 5897 2139 53  4 43  0  0
 3  0 961076 1984704   1896 609556    0    0  1024     0 1704  338 30  2 68  0  0
 4  0 961076 1984704   1896 609556    0    0  1228   244 3834 2969 52  9 39  0  0
 2  0 961076 1984704   1896 609556    0    0  1024   136 1491 1901 26  2 72  0  0
 2  0 961076 1984704   1896 609556    0    0  1280     0 1261  339 25  0 74  0  0
 2  0 961076 1984704   1896 609556    0    0  1024     0 1147  214 25  0 75  0  0
 2  0 961076 1984704   1896 609556    0    0  1280     0 1337  377 25  1 74  0  0
 2  0 961076 1984704   1896 609556    0    0  1548   504 1376  315 25  1 74  0  0
procs -----------memory---------- ---swap-- -----io---- -system-- ------cpu-----
 r  b   swpd   free   buff  cache   si   so    bi    bo   in   cs us sy id wa st
 2  0 961076 1984704   1896 609556    0    0  1024     0 1358  399 25  1 75  0  0
 2  0 961076 1984704   1896 609556    0    0  1280     0 1180  214 25  0 75  0  0
 2  0 961076 1984704   1896 609556    0    0  1024     0 1445  545 25  1 74  0  0
 2  0 961076 1984704   1896 609556    0    0  1280     0 1219  245 25  0 75  0  0
 2  0 961076 1984704   1896 609556    0    0  1024    68 1266  325 25  1 74  0  0
 2  0 961076 1984704   1896 609556    0    0  1280   312 1344  272 25  0 74  0  0
 2  0 961076 1984704   1896 609556    0    0  1024     0 1297  354 25  1 75  0  0
 2  0 961076 1984704   1896 609556    0    0  1280     0 1171  180 25  0 75  0  0
 2  0 961076 1984704   1896 609556    0    0  1024     0 1280  322 25  1 75  0  0
 2  0 961076 1984704   1896 609556    0    0  1304  1940 1303  313 25  1 74  0  0
 2  0 961076 1984704   1896 609556    0    0  1028  9808 1557  681 25  1 66  8  0
 2  0 961076 1984704   1896 609556    0    0  1280     4 1206  259 25  0 75  0  0
 2  0 961076 1984704   1896 609556    0    0  1288     0 1267  313 25  0 74  0  0
 2  0 961076 1984704   1896 609556    0    0  1024     0 1220  202 25  0 75  0  0
 2  0 961076 1984704   1896 609556    0    0  1280   120 1354  401 25  1 74  0  0
 2  0 961076 1984704   1896 609556    0    0  1024     0 1258  280 25  0 75  0  0
 2  0 961076 1984704   1896 609556    0    0  1288 27144 1401  434 25  1 65  9  0
 2  0 961076 1984704   1896 609556    0    0  1024     0 1244  210 25  0 74  0  0
 2  0 961076 1984704   1896 609556    0    0  1280     0 1331  361 25  1 74  0  0
 2  0 961076 1984704   1896 609556    0    0  1156   224 1619  591 29  1 70  0  0
 2  0 961076 1984704   1896 609556    0    0  1280     0 1500  392 29  1 71  0  0
procs -----------memory---------- ---swap-- -----io---- -system-- ------cpu-----
 r  b   swpd   free   buff  cache   si   so    bi    bo   in   cs us sy id wa st
 2  0 961076 1984704   1896 609556    0    0  1024     0 1300  378 26  0 74  0  0
 2  0 961076 1984704   1896 609556    0    0  6520     0 1620  679 26  2 72  1  0
 2  0 961076 1984704   1896 609556    0    0  6308     0 1322  286 25  1 73  2  0
 2  0 961076 1984704   1896 609556    0    0  1280    56 1424  602 25  0 74  0  0
 2  0 961076 1984704   1896 609556    0    0  1024     0 1298  282 25  0 75  0  0
 2  0 961076 1984704   1896 609556    0    0  1280   292 1443  452 25  1 74  0  0
 2  0 961076 1984704   1896 609556    0    0  1052     0 1272  268 25  1 74  0  0
 2  0 961076 1984704   1896 609556    0    0  1280     0 1262  295 25  1 75  0  0
 2  0 961076 1984704   1896 609556    0    0  1280  1940 1284  254 25  0 74  0  0
 3  0 961076 1984704   1896 609556    0    0  1588   108 4331 4134 55  9 36  0  0
 3  0 961076 1984704   1896 609556    0    0  1024     0 3744  782 52  3 45  0  0
 3  0 961076 1984704   1896 609556    0    0  1024   224 5932 1099 56  4 40  0  0
 2  0 961076 1984704   1896 609556    0    0  1280     0 3030 1631 36  2 62  0  0
 3  0 961076 1984704   1896 609556    0    0  1024   120 3248 2380 45  7 48  0  0
 2  0 961076 1984704   1896 609556    0    0  1024    72 2509 2121 38  5 57  0  0
 2  0 961076 1984704   1896 609556    0    0  1024     0 1368  399 25  0 74  0  0
 2  0 961076 1984704   1896 609556    0    0  1280     8 1237  234 25  0 75  0  0
 2  0 961076 1984704   1896 609556    0    0  1280     0 1273  353 25  1 74  0  0
 2  0 961076 1984704   1896 609556    0    0  1024     0 1245  274 25  0 75  0  0
 2  0 961076 1984704   1896 609556    0    0  1280   756 1415  419 26  1 74  0  0
 2  0 961076 1984704   1896 609556    0    0  1024  3600 1230  274 25  0 75  0  0
procs -----------memory---------- ---swap-- -----io---- -system-- ------cpu-----
 r  b   swpd   free   buff  cache   si   so    bi    bo   in   cs us sy id wa st
 2  0 961076 1984704   1896 609556    0    0  1280   592 1326  385 25  1 74  0  0
 2  0 961076 1984704   1896 609556    0    0  1024     0 1183  207 25  0 75  0  0
 2  0 961076 1984704   1896 609556    0    0  1280     0 1266  321 25  0 74  0  0
 2  0 961076 1984704   1896 609556    0    0  1024   120 1196  265 25  0 74  0  0
 2  0 961076 1984704   1896 609556    0    0  1280     0 1237  320 25  1 74  0  0
 2  0 961076 1984704   1896 609556    0    0  1280     0 1179  176 25  0 75  0  0
 2  0 961076 1984704   1896 609556    0    0  1024     0 1378  384 25  1 74  0  0
 2  0 961076 1984704   1896 609556    0    0  1280   128 1292  264 25  0 75  0  0
 2  0 961076 1984704   1896 609556    0    0  6496    88 1783  834 25  1 71  2  0
 2  0 961076 1984704   1896 609556    0    0  1280     0 1353  327 25  0 75  0  0
 2  0 961076 1984704   1896 609556    0    0  1024    24 1350  418 25  1 74  0  0
 2  0 961076 1984704   1896 609556    0    0  1280     0 1204  192 25  0 75  0  0
 2  0 961076 1984704   1896 609556    0    0  1024    84 1332  384 25  1 74  0  0
 2  0 961076 1984704   1896 609556    0    0  1280     0 1220  200 25  0 75  0  0
 2  0 961076 1984704   1896 609556    0    0  1024     0 1234  331 25  1 75  0  0
 2  0 961076 1984704   1896 609556    0    0  1288  4192 1196  241 25  0 74  0  0
 2  0 961076 1984704   1896 609556    0    0  1152   236 1282  343 25  1 74  0  0
 2  0 961076 1984704   1896 609556    0    0  1280    12 1246  201 25  0 75  0  0
 2  0 961076 1984704   1896 609556    0    0  1280   236 1840  881 29  1 70  0  0
 2  0 961076 1984704   1896 609556    0    0  1024     4 1415  296 29  0 71  0  0
 2  1 961076 1984704   1896 609556    0    0  1284  7524 1327  392 25  1 71  3  0
procs -----------memory---------- ---swap-- -----io---- -system-- ------cpu-----
 r  b   swpd   free   buff  cache   si   so    bi    bo   in   cs us sy id wa st
 2  0 961076 1984704   1896 609556    0    0  1024  1132 1638  550 26  1 73  0  0
 2  0 961076 1984704   1896 609556    0    0  1280    16 1274  324 25  1 74  0  0
 2  0 961076 1984704   1896 609556    0    0  1024   276 1283  235 25  0 75  0  0
 2  0 961076 1984704   1896 609556    0    0  1280     0 1249  321 25  1 74  0  0
 2  0 961076 1984704   1896 609556    0    0  1024     0 1201  186 25  0 75  0  0
 2  0 961076 1984704   1896 609556    0    0  1280     0 1284  333 25  0 75  0  0
 2  0 961076 1984704   1896 609556    0    0  1024     0 1268  289 26  0 74  0  0
 2  0 961076 1984704   1896 609556    0    0  1280  1936 1345  403 25  1 74  0  0
 2  0 961076 1984704   1896 609556    0    0  1024     0 1319  320 25  0 74  0  0
 2  0 961076 1984704   1896 609556    0    0  1280     0 1281  319 25  1 74  0  0
 2  0 961076 1984704   1896 609556    0    0  1028  3712 1385  321 25  1 74  0  0
 2  0 961076 1984704   1896 609556    0    0  1280     4 1342  374 25  1 74  0  0
 2  0 961076 1984704   1896 609556    0    0  1024    92 1235  260 25  0 75  0  0
 2  0 961076 1984704   1896 609556    0    0  1280   108 1312  347 25  1 74  0  0
 2  0 961076 1984704   1896 609556    0    0  1280     0 1150  147 25  0 75  0  0
 2  0 961076 1984704   1896 609556    0    0  1024    12 1298  349 25  1 74  0  0
 2  0 961076 1984704   1896 609556    0    0  1280   444 1245  213 25  0 75  0  0
 2  0 961076 1984704   1896 609556    0    0  1024    48 1424  460 25  1 74  0  0
 2  0 961076 1984704   1896 609556    0    0  1280     0 1222  265 25  0 74  0  0
 2  0 961076 1984704   1896 609556    0    0  1024     0 1362  387 25  1 74  0  0
 2  0 961076 1984704   1896 609556    0    0  1280     0 1210  190 25  0 75  0  0
procs -----------memory---------- ---swap-- -----io---- -system-- ------cpu-----
 r  b   swpd   free   buff  cache   si   so    bi    bo   in   cs us sy id wa st
 2  0 961076 1984704   1896 609556    0    0  1024    24 1276  309 25  1 75  0  0
 2  0 961076 1984704   1896 609556    0    0  1280    56 1375  471 25  0 75  0  0
 2  0 961076 1984704   1896 609556    0    0  1024    44 1284  346 25  1 75  0  0
 2  0 961076 1984704   1896 609556    0    0  1280     0 1180  221 25  0 75  0  0
 2  0 961076 1984704   1896 609556    0    0  1280     0 1261  321 25  1 74  0  0
 2  0 961076 1984704   1896 609556    0    0  1040     4 1329  280 25  0 75  0  0
 2  0 961076 1984704   1896 609556    0    0  1280  1940 1511  532 25  1 74  0  0
 2  0 961076 1984704   1896 609556    0    0  1024    20 1238  253 25  0 75  0  0
 2  0 961076 1984704   1896 609556    0    0  1280     0 1293  347 25  1 74  0  0
 2  0 961076 1984704   1896 609556    0    0  1024   128 1275  320 25  0 74  0  0
 2  0 961076 1984704   1896 609556    0    0  1280   408 1407  391 25  1 74  0  0
 2  0 961076 1984704   1896 609556    0    0  1024     0 1234  218 25  0 75  0  0
 2  0 961076 1984704   1896 609556    0    0  1280     0 1377  419 25  1 74  0  0
 2  0 961076 1984704   1896 609556    0    0  1024     0 1301  232 25  0 75  0  0
 2  0 961076 1984704   1896 609556    0    0  1280    36 1290  329 25  1 74  0  0
 2  0 961076 1984704   1896 609556    0    0  1024    16 1399  439 26  0 74  0  0
 2  0 961076 1984704   1896 609556    0    0  1280     0 1378  420 25  1 74  0  0
 2  0 961076 1984704   1896 609556    0    0  1280     0 1249  286 25  0 74  0  0
 2  0 961076 1984704   1896 609556    0    0  1024     0 1303  353 25  0 75  0  0
 2  0 961076 1984704   1896 609556    0    0  1280    60 1226  236 25  0 74  0  0
 2  0 961076 1984704   1896 609556    0    0  1024  3640 1257  337 25  1 74  0  0
procs -----------memory---------- ---swap-- -----io---- -system-- ------cpu-----
 r  b   swpd   free   buff  cache   si   so    bi    bo   in   cs us sy id wa st
 2  0 961076 1984704   1896 609556    0    0  1280     0 1233  267 25  0 75  0  0
 2  0 961076 1984704   1896 609556    0    0  1024     0 1409  429 25  1 74  0  0
 2  0 961076 1984704   1896 609556    0    0  1280     0 1199  179 25  0 75  0  0
 2  0 961076 1984704   1896 609556    0    0  1024    76 1299  356 25  1 74  0  0
 2  0 961076 1984704   1896 609556    0    0  1280     0 1249  230 25  0 75  0  0
 2  0 961076 1984704   1896 609556    0    0  1024  1864 1352  381 25  1 74  0  0
 2  0 961076 1984704   1896 609556    0    0  1280  1156 1444  378 25  1 74  0  0
 2  0 961076 1984704   1896 609556    0    0  1280     0 1356  419 25  1 74  0  0
 2  0 961076 1984704   1896 609556    0    0  1024   100 1176  176 25  0 75  0  0
 2  0 961076 1984704   1896 609556    0    0  1280     0 1226  318 25  1 75  0  0
 2  0 961076 1984704   1896 609556    0    0  1024     0 1255  226 25  0 75  0  0
 2  0 961076 1984704   1896 609556    0    0  1280     0 1405  418 25  1 74  0  0
 2  0 961076 1984704   1896 609556    0    0  1024    12 1188  240 25  1 74  0  0
 2  0 961076 1984704   1896 609556    0    0  1280    44 1303  358 25  1 74  0  0
 2  0 961076 1984704   1896 609556    0    0  1024  1816 1293  257 25  0 74  0  0
 2  0 961076 1984704   1896 609556    0    0  1280     0 1342  375 25  1 74  0  0
 2  0 961076 1984704   1896 609556    0    0  1024    84 1288  285 25  0 74  0  0
 2  0 961076 1984704   1896 609556    0    0  1280     0 1274  329 25  1 74  0  0
 2  0 961076 1984704   1896 609556    0    0  1024    80 1308  302 25  0 74  0  0
 2  0 961076 1984704   1896 609556    0    0  1280    20 1258  303 25  1 75  0  0
 2  0 961076 1984704   1896 609556    0    0  1280     0 1241  222 25  0 75  0  0
procs -----------memory---------- ---swap-- -----io---- -system-- ------cpu-----
 r  b   swpd   free   buff  cache   si   so    bi    bo   in   cs us sy id wa st
 2  0 961076 1984704   1896 609556    0    0  1024     0 1242  320 25  1 74  0  0
 2  0 961076 1984704   1896 609556    0    0  1280   152 1225  222 25  0 75  0  0
 2  0 961076 1984704   1896 609556    0    0  1024    60 1302  344 25  1 74  0  0
 2  0 961076 1984704   1896 609556    0    0  1280   240 1238  263 25  1 74  0  0
 2  0 961076 1984704   1896 609556    0    0  1024     8 1328  381 25  1 74  0  0
 2  0 961076 1984704   1896 609556    0    0  1280     0 1177  223 25  0 75  0  0
 2  0 961076 1984704   1896 609556    0    0  1024     0 1334  367 25  1 74  0  0
 2  0 961076 1984704   1896 609556    0    0  1280     0 1142  152 25  0 75  0  0
 2  0 961076 1984704   1896 609556    0    0  1040  1984 1427  455 25  1 74  0  0
 2  0 961076 1984704   1896 609556    0    0  1280     0 1195  220 25  0 75  0  0
 2  0 961076 1984704   1896 609556    0    0  1280     0 1305  365 25  1 74  0  0
 2  0 961076 1984704   1896 609556    0    0  1024     0 1200  214 25  0 75  0  0
 2  0 961076 1984704   1896 609556    0    0  1280    16 1299  347 25  1 74  0  0
 2  0 961076 1984704   1896 609556    0    0  1024   128 1354  303 25  0 74  0  0
 2  0 961076 1984704   1896 609556    0    0  1280     0 1398  404 25  1 74  0  0
 2  0 961076 1984704   1896 609556    0    0  1024     0 1238  295 25  1 74  0  0
 2  0 961076 1984704   1896 609556    0    0  1280   816 1423  386 25  1 74  0  0
 2  0 961076 1984704   1896 609556    0    0  1024     0 1388  298 25  0 74  0  0
 2  0 961076 1984704   1896 609556    0    0  1280    80 1422  426 25  1 74  0  0
 2  0 961076 1984704   1896 609556    0    0  1024   136 1200  209 25  0 75  0  0
 2  0 961076 1984704   1896 609556    0    0  1280     0 1251  321 25  1 74  0  0
procs -----------memory---------- ---swap-- -----io---- -system-- ------cpu-----
 r  b   swpd   free   buff  cache   si   so    bi    bo   in   cs us sy id wa st
 2  0 961076 1984704   1896 609556    0    0  1280     0 1337  466 25  0 75  0  0
 2  0 961076 1984704   1896 609556    0    0  1024     0 1221  296 25  0 75  0  0
 2  0 961076 1984704   1896 609556    0    0  1280    36 1197  191 25  0 74  0  0
 2  0 961076 1984704   1896 609556    0    0  1028  3676 1484  489 26  1 73  0  0
 2  0 961076 1984704   1896 609556    0    0  1280     0 1202  263 25  0 75  0  0
 2  0 961076 1984704   1896 609556    0    0  1024    64 1282  305 25  1 74  0  0
 2  0 961076 1984704   1896 609556    0    0  1280     4 1262  279 25  0 75  0  0
 2  0 961076 1984704   1896 609556    0    0  1024   112 1304  335 25  1 74  0  0
 2  0 961076 1984704   1896 609556    0    0  1280    88 1229  196 25  0 75  0  0
 2  0 961076 1984704   1896 609556    0    0  1024     0 1246  316 25  1 74  0  0
 2  0 961076 1984704   1896 609556    0    0  1420    92 1217  230 25  0 74  0  0
 2  0 961076 1984704   1896 609556    0    0  1024    48 1368  382 25  1 74  0  0
 2  0 961076 1984704   1896 609556    0    0  1280     0 1213  284 25  0 74  0  0
 2  0 961076 1984704   1896 609556    0    0  1280     0 1357  402 25  1 74  0  0
 2  0 961076 1984704   1896 609556    0    0  8448     0 1714  831 26  1 72  2  0
 2  0 961076 1984704   1896 609556    0    0  1280    72 1275  324 25  1 74  0  0
 2  0 961076 1984704   1896 609556    0    0  1024     0 1207  181 25  0 75  0  0
 2  0 961076 1984704   1896 609556    0    0  1280   132 1384  377 25  1 74  0  0
 2  0 961076 1984704   1896 609556    0    0  1024  1812 1208  252 25  1 74  0  0
 2  0 961076 1984704   1896 609556    0    0  1280     0 1309  355 25  1 74  0  0
 2  0 961076 1984704   1896 609556    0    0  1024    80 1340  285 25  0 74  0  0
procs -----------memory---------- ---swap-- -----io---- -system-- ------cpu-----
 r  b   swpd   free   buff  cache   si   so    bi    bo   in   cs us sy id wa st
 2  0 961076 1984704   1896 609556    0    0  1280    60 1294  334 25  1 74  0  0
 2  0 961076 1984704   1896 609556    0    0  1024     0 1180  182 25  0 75  0  0
 2  0 961076 1984704   1896 609556    0    0  1280  1912 1394  414 25  1 74  0  0
 2  0 961076 1984704   1896 609556    0    0  1024     0 1276  316 25  0 75  0  0
 2  0 961076 1984704   1896 609556    0    0  1280    80 1409  465 25  1 74  0  0
 2  0 961076 1984704   1896 609556    0    0  1280     0 1189  199 25  0 75  0  0
 2  0 961076 1984704   1896 609556    0    0  1024   812 1487  427 25  0 74  0  0
 2  0 961076 1984704   1896 609556    0    0  1280    40 1228  214 25  0 75  0  0
 2  0 961076 1984704   1896 609556    0    0  1024     0 1353  375 25  1 74  0  0
 2  0 961076 1984704   1896 609556    0    0  1280    64 1170  225 25  0 74  0  0
 2  0 961076 1984704   1896 609556    0    0  1024     0 1254  326 25  1 74  0  0
 2  0 961076 1984704   1896 609556    0    0  1280     0 1287  257 25  0 75  0  0
 2  0 961076 1984704   1896 609556    0    0  1024     0 1355  376 25  1 74  0  0
 2  0 961076 1984704   1896 609556    0    0  1280     0 1301  301 25  1 74  0  0
 2  0 961076 1984704   1896 609556    0    0  1024    36 1273  330 25  0 74  0  0
 2  0 961076 1984704   1896 609556    0    0  1280     0 1175  218 25  0 75  0  0
 2  0 961076 1984704   1896 609556    0    0  1280     0 1312  340 25  1 74  0  0
 2  0 961076 1984704   1896 609556    0    0  1024     0 1255  238 25  0 75  0  0
 2  0 961076 1984704   1896 609556    0    0  1280     0 1292  355 25  1 75  0  0
 2  0 961076 1984704   1896 609556    0    0  1024    32 1196  205 25  0 75  0  0
 2  0 961076 1984704   1896 609556    0    0  1280     0 1266  307 25  0 74  0  0
procs -----------memory---------- ---swap-- -----io---- -system-- ------cpu-----
 r  b   swpd   free   buff  cache   si   so    bi    bo   in   cs us sy id wa st
 2  0 961076 1984704   1896 609556    0    0  1024     0 1208  245 25  0 75  0  0
 2  0 961076 1984704   1896 609556    0    0  1280  2268 1439  410 25  1 74  0  0
 2  0 961076 1984704   1896 609556    0    0  1024     0 1255  264 25  0 75  0  0
 2  0 961076 1984704   1896 609556    0    0  1280     0 1365  413 25  1 74  0  0
 2  0 961076 1984704   1896 609556    0    0  1024    80 1282  246 25  0 75  0  0
 2  0 961076 1984704   1896 609556    0    0  1280     0 1340  375 25  1 74  0  0
 2  0 961076 1984704   1896 609556    0    0  1280     0 1211  247 25  0 75  0  0
 2  0 961076 1984704   1896 609556    0    0  1028  3620 1282  343 25  1 74  0  0
 2  0 961076 1984704   1896 609556    0    0  1280     0 1162  157 25  0 75  0  0
 2  0 961076 1984704   1896 609556    0    0  1024    72 1235  310 25  1 74  0  0
 2  0 961076 1984704   1896 609556    0    0  1280     0 1200  213 25  0 75  0  0
 3  0 961076 1984704   1896 609556    0    0  1024     0 1364  386 25  0 74  0  0
 2  0 961076 1984704   1896 609556    0    0  1280     0 1248  299 25  0 75  0  0
 2  0 961076 1984704   1896 609556    0    0  1024   136 1272  333 25  1 74  0  0
 2  0 961076 1984704   1896 609556    0    0  1280   140 1288  253 25  1 74  0  0
 2  0 961076 1984704   1896 609556    0    0  1024     0 1246  301 25  1 75  0  0
 2  0 961076 1984704   1896 609556    0    0  1280     0 1301  259 25  0 74  0  0
 2  0 961076 1984704   1896 609556    0    0  1024    32 1377  420 25  1 74  0  0
 2  0 961076 1984704   1896 609556    0    0  1280     0 1173  216 25  0 75  0  0
 2  0 961076 1984704   1896 609556    0    0  1280    60 1397  565 25  0 74  0  0
 2  0 961076 1984704   1896 609556    0    0  1024    44 1227  181 25  0 75  0  0
procs -----------memory---------- ---swap-- -----io---- -system-- ------cpu-----
 r  b   swpd   free   buff  cache   si   so    bi    bo   in   cs us sy id wa st
 2  0 961076 1984704   1896 609556    0    0  1280    56 1358  381 25  1 74  0  0
 3  0 961076 1984704   1896 609556    0    0  1024  1864 1395  378 25  1 74  0  0
 3  0 961076 1984704   1896 609556    0    0  1960     4 1547  506 28  1 72  0  0
 2  0 961076 1984704   1896 609556   64    0  1720   164 1701  549 30  1 69  0  0
 2  0 961076 1984704   1896 609556    0    0  1420     4 1656  576 29  1 71  0  0
 2  0 961076 1984704   1896 609556    0    0  1028     8 1636  406 30  1 70  0  0
 2  0 961076 1984704   1896 609556    0    0 21508     4 2295  931 31  1 67  2  0
 2  0 961076 1984704   1896 609556   12    0  1036    40 1389  318 26  1 74  0  0
 2  0 961076 1984704   1896 609556    0    0  1280   148 1625  564 29  1 70  0  0
 2  0 961076 1984704   1896 609556    0    0  1024   108 1460  452 26  1 73  0  0
 2  0 961076 1984704   1896 609556    0    0  1280     0 1354  383 25  1 74  0  0
 2  0 961076 1984704   1896 609556    0    0  1024     0 1282  295 25  1 74  0  0
 2  0 961076 1984704   1896 609556    0    0  1280   816 1513  472 25  1 74  0  0
 2  0 961076 1984704   1896 609556    0    0  1024   108 1176  184 25  1 75  0  0
 2  0 961076 1984704   1896 609556    0    0  1280     0 1247  302 25  0 74  0  0
 2  0 961076 1984704   1896 609556    0    0  1024     0 1211  246 25  1 75  0  0
 2  0 961076 1984704   1896 609556    0    0  1280     0 1277  330 25  1 74  0  0
 2  0 961076 1984704   1896 609556    0    0  1332  3560 1267  249 25  0 74  1  0
 2  0 961076 1984704   1896 609556    0    0  1280   104 1336  350 25  1 74  0  0
 2  0 961076 1984704   1896 609556    0    0  1024   140 1211  189 25  0 75  0  0
 2  0 961076 1984704   1896 609556    0    0  1280     0 1241  325 25  1 74  0  0
procs -----------memory---------- ---swap-- -----io---- -system-- ------cpu-----
 r  b   swpd   free   buff  cache   si   so    bi    bo   in   cs us sy id wa st
 2  0 961076 1984704   1896 609556    0    0  2524  1864 1919 1618 31  3 67  0  0
 2  0 961076 1984704   1896 609556    0    0  1280     0 1394  430 25  1 74  0  0
 3  0 961076 1984704   1896 609556    0    0 11520   160 2209 2055 33  4 61  2  0
 3  0 961076 1984704   1896 609556    0    0  4208   604 5392 6283 67 13 20  1  0
 3  0 961076 1984704   1896 609556    0    0  1064  2312 3641 2437 55  4 40  1  0
 3  0 961076 1984704   1896 609556    0    0  1428     0 4884 1297 56  4 40  0  0
 2  0 961076 1984704   1896 609556    0    0  1280    48 3086 1721 38  2 60  0  0
 5  0 961076 1984704   1896 609556    0    0  1032   156 3115 2548 44  6 50  0  0
 2  0 961076 1984704   1896 609556    0    0  1024   364 2696 2075 39  6 55  0  0
 2  0 961076 1984704   1896 609556    0    0  1024     0 1315  365 25  0 75  0  0
 2  0 961076 1984704   1896 609556    0    0  1280   496 1272  326 26  0 74  0  0
 2  0 961076 1984704   1896 609556    0    0  1280   696 1372  386 25  1 74  0  0
 2  0 961076 1984704   1896 609556    0    0  1024     0 1199  236 25  0 75  0  0
 2  0 961076 1984704   1896 609556    0    0  1280    16 1277  320 25  1 74  0  0
 2  0 961076 1984704   1896 609556    0    0  1024     0 1245  237 25  0 74  0  0
 2  0 961076 1984704   1896 609556    0    0  1280    88 1335  357 25  1 74  0  0
 2  0 961076 1984704   1896 609556    0    0  1024     0 1302  254 25  1 75  0  0
 2  0 961076 1984704   1896 609556    0    0  1280     0 1316  337 25  1 74  0  0
 2  0 961076 1984704   1896 609556    0    0  1024     0 1170  215 25  0 74  0  0
 2  0 961076 1984704   1896 609556    0    0  1280     0 1225  324 25  1 74  0  0
 2  0 961076 1984704   1896 609556    0    0  1036   192 1323  328 25  0 75  0  0
procs -----------memory---------- ---swap-- -----io---- -system-- ------cpu-----
 r  b   swpd   free   buff  cache   si   so    bi    bo   in   cs us sy id wa st
 2  0 961076 1984704   1896 609556    0    0  1280     0 1265  311 25  0 74  0  0
 2  0 961076 1984704   1896 609556    8    0  1944   440 1600 1059 28  1 71  1  0
 2  0 961076 1984704   1896 609556    0    0  1280     0 1356  390 25  1 74  0  0
 2  0 961076 1984704   1896 609556    0    0  1024     0 1183  252 25  0 75  0  0
 2  0 961076 1984704   1896 609556    0    0  1280    60 1253  314 25  1 75  0  0
 2  0 961076 1984704   1896 609556    0    0  1312  8076 1250  255 25  1 73  1  0
 2  0 961076 1984704   1896 609556    0    0  1024     8 1387  397 25  1 74  0  0
 2  0 961076 1984704   1896 609556    0    0  1288     0 1384  384 25  1 74  0  0
 2  0 961076 1984704   1896 609556    0    0  1024     0 1308  372 25  1 74  0  0
 2  0 961076 1984704   1896 609556    0    0  1280   216 1309  385 26  0 74  0  0
 2  0 961076 1984704   1896 609556    0    0  1060  7740 1438  468 25  1 73  1  0
 3  0 961076 1984704   1896 609556    0    0  1284   592 1559  502 26  1 73  0  0
 3  0 961076 1984704   1896 609556    0    0  1024   596 1952  695 31  1 67  1  0
 2  0 961076 1984704   1896 609556    0    0  1280     0 1589  617 28  1 71  0  0
 2  0 961076 1984704   1896 609556    0    0  1024     8 1364  416 25  1 74  0  0
 2  0 961076 1984704   1896 609556    0    0  1280     0 1231  247 25  0 75  0  0
 2  0 961076 1984704   1896 609556    0    0  1024     0 1234  279 25  1 74  0  0
 2  0 961076 1984704   1896 609556    0    0  1280    52 1154  179 25  0 75  0  0
 2  0 961076 1984704   1896 609556    0    0  1024    16 1565  670 25  1 74  0  0
 2  0 961076 1984704   1896 609556    0    0  1284     8 1832 1055 28  2 71  0  0
 2  0 961076 1984704   1896 609556    0    0  1024     0 1253  314 25  0 75  0  0
procs -----------memory---------- ---swap-- -----io---- -system-- ------cpu-----
 r  b   swpd   free   buff  cache   si   so    bi    bo   in   cs us sy id wa st
 2  0 961076 1984704   1896 609556    0    0  1280     0 1184  233 25  1 74  0  0
 2  0 961076 1984704   1896 609556    0    0  1024   124 1258  340 25  1 74  0  0
 2  0 961076 1984704   1896 609556    0    0  1280   104 1195  164 25  0 75  0  0
 2  0 961076 1984704   1896 609556    0    0  1024     8 1365  368 25  0 74  0  0
 2  0 961076 1984704   1896 609556    0    0  1280     0 1203  175 25  0 75  0  0
 2  0 961076 1984704   1896 609556    0    0  1028  2404 1275  318 25  1 74  0  0
 2  0 961076 1984704   1896 609556    0    0  1280   976 1389  421 25  0 74  0  0
 2  0 961076 1984704   1896 609556    0    0  1024     0 1301  346 25  1 74  0  0
 2  0 961076 1984704   1896 609556    0    0  1280     0 1304  305 25  0 74  0  0
 2  0 961076 1984704   1896 609556    0    0  1280     0 1373  386 25  1 74  0  0
 2  0 961076 1984704   1896 609556    0    0  1024     0 1276  316 25  0 74  0  0
 2  0 961076 1984704   1896 609556    0    0  1280   100 1328  372 25  0 74  0  0
 2  0 961076 1984704   1896 609556    0    0  1024    24 1374  359 25  0 74  0  0
 2  0 961076 1984704   1896 609556    0    0  1280     0 1319  370 25  1 74  0  0
 2  0 961076 1984704   1896 609556    0    0  1024     0 1181  180 25  0 75  0  0
 2  0 961076 1984704   1896 609556    0    0  1280     0 1229  298 25  1 74  0  0
 2  0 961076 1984704   1896 609556    0    0  1032    88 1544  739 26  1 73  0  0
 2  0 961076 1984704   1896 609556    0    0  1280     0 1210  305 25  1 74  0  0
 2  0 961076 1984704   1896 609556    0    0  1024   520 1426  424 25  0 75  0  0
 2  0 961076 1984704   1896 609556    0    0  1280    16 1440  429 25  1 74  0  0
 2  0 961076 1984704   1896 609556    0    0  1024   444 1260  262 25  1 75  0  0
procs -----------memory---------- ---swap-- -----io---- -system-- ------cpu-----
 r  b   swpd   free   buff  cache   si   so    bi    bo   in   cs us sy id wa st
 2  0 961076 1984704   1896 609556    0    0  1280    80 1369  442 25  1 74  0  0
 2  0 961076 1984704   1896 609556    0    0  1024     0 1413  514 26  1 74  0  0
 2  0 961076 1984704   1896 609556    0    0  1280    84 1288  376 25  1 74  0  0
 2  0 961076 1984704   1896 609556    0    0  1024     0 1349  309 25  0 75  0  0
 2  0 961076 1984704   1896 609556    0    0  1280     0 1351  356 25  1 74  0  0
 2  0 961076 1984704   1896 609556    0    0  1280     0 1169  166 25  0 75  0  0
 2  0 961076 1984704   1896 609556    0    0  1024     0 1310  352 25  1 74  0  0
 2  0 961076 1984704   1896 609556    0    0  1280    48 1412  517 26  1 74  0  0
 2  0 961076 1984704   1896 609556    0    0  1024     0 1253  302 25  1 74  0  0
 2  0 961076 1984704   1896 609556    0    0  1616   388 1314  345 25  1 74  0  0
 2  0 961076 1984704   1896 609556    0    0  1024     0 1239  299 25  1 74  0  0
 2  0 961076 1984704   1896 609556    0    0  1280     0 1195  180 25  0 75  0  0
 2  0 961076 1984704   1896 609556    0    0  1024    64 1265  329 25  1 74  0  0
 2  0 961076 1984704   1896 609556    0    0  1280     0 1169  162 25  0 75  0  0
 2  0 961076 1984704   1896 609556    0    0  1024     0 1447  417 25  1 74  0  0
 2  0 961076 1984704   1896 609556    0    0  1284  3680 1245  279 25  0 74  0  0
 2  0 961076 1984704   1896 609556    0    0  1024     0 1300  343 25  0 75  0  0
 2  0 961076 1984704   1896 609556    0    0  1280  1980 1274  301 25  0 74  0  0
 2  0 961076 1984704   1896 609556    0    0  1280     0 1303  347 25  1 74  0  0
 2  0 961076 1984704   1896 609556    0    0  1024     0 1167  177 25  0 75  0  0
 2  0 961076 1984704   1896 609556    0    0  1280     4 1321  355 25  0 74  0  0
procs -----------memory---------- ---swap-- -----io---- -system-- ------cpu-----
 r  b   swpd   free   buff  cache   si   so    bi    bo   in   cs us sy id wa st
 2  0 961076 1984704   1896 609556    0    0  1024     0 1219  263 25  0 75  0  0
 2  0 961076 1984704   1896 609556    0    0  1280   356 1336  347 25  1 74  0  0
 2  0 961076 1984704   1896 609556    0    0  1024     0 1170  186 25  0 75  0  0
 2  0 961076 1984704   1896 609556    0    0  1280     0 1438  380 25  1 74  0  0
 2  0 961076 1984704   1896 609556    0    0  1024   136 1558  693 26  2 72  0  0
 2  0 961076 1984704   1896 609556    0    0  1280   140 1302  348 25  0 74  0  0
 2  0 961076 1984704   1896 609556    0    0  1024     0 1196  279 25  0 74  0  0
 2  0 961076 1984704   1896 609556    0    0  1280     0 1274  327 25  1 74  0  0
 2  0 961076 1984704   1896 609556    0    0  1024   204 1315  250 25  0 75  0  0
 2  0 961076 1984704   1896 609556    0    0  1280   732 1390  407 26  1 74  0  0
 2  0 961076 1984704   1896 609556    0    0  1280     0 1270  242 25  0 75  0  0
 2  0 961076 1984704   1896 609556    0    0  1024     0 1286  329 25  1 74  0  0
 2  0 961076 1984704   1896 609556    0    0  1280     4 1191  228 25  0 75  0  0
 2  0 961076 1984704   1896 609556    0    0  1024     0 1345  366 25  1 74  0  0
 2  0 961076 1984704   1896 609556    0    0  1280    64 1254  232 25  0 75  0  0
 2  0 961076 1984704   1896 609556    0    0  1024     0 1264  328 25  0 74  0  0
 2  0 961076 1984704   1896 609556    0    0  1280  1864 1498  613 26  0 74  0  0
 2  0 961076 1984704   1896 609556    0    0  1024     0 1273  304 25  0 74  0  0
 2  0 961076 1984704   1896 609556    0    0  1280     0 1259  302 25  1 74  0  0
 2  0 961076 1984704   1896 609556    0    0  1024   244 1359  395 25  1 74  0  0
 2  0 961076 1984704   1896 609556    0    0  1280     0 1187  202 25  0 75  0  0
procs -----------memory---------- ---swap-- -----io---- -system-- ------cpu-----
 r  b   swpd   free   buff  cache   si   so    bi    bo   in   cs us sy id wa st
 2  0 961076 1984704   1896 609556    0    0  1024     0 1296  342 25  1 74  0  0
 2  0 961076 1984704   1896 609556    0    0  1280     0 1334  286 25  0 74  0  0
 2  0 961076 1984704   1896 609556    0    0  1280     0 1317  350 25  1 74  0  0
 2  0 961076 1984704   1896 609556    0    0  1024    64 1257  295 25  0 75  0  0
 2  0 961076 1984704   1896 609556    0    0  1280  3620 1326  368 25  1 74  0  0
 2  0 961076 1984704   1896 609556    0    0  1024     0 1345  347 25  1 74  0  0
 2  0 961076 1984704   1896 609556    0    0  1280     0 1286  335 25  1 74  0  0
 2  0 961076 1984704   1896 609556    0    0  1024     0 1321  259 25  0 75  0  0
 2  0 961076 1984704   1896 609556    0    0  1280    68 1303  339 25  1 74  0  0
 2  0 961076 1984704   1896 609556    0    0  1024     0 1254  296 25  0 74  0  0
 2  0 961076 1984704   1896 609556    0    0  1280     0 1317  360 25  1 74  0  0
 2  0 961076 1984704   1896 609556    0    0  1024     0 1275  227 25  1 75  0  0
 2  0 961076 1984704   1896 609556    0    0  1280     0 1242  296 25  0 75  0  0
 2  0 961076 1984704   1896 609556    0    0  1024    68 1197  221 25  0 74  0  0
 2  0 961076 1984704   1896 609556    0    0  1280     0 1251  314 25  1 74  0  0
 2  0 961076 1984704   1896 609556    0    0  1024  1864 1342  336 26  1 74  0  0
 2  0 961076 1984704   1896 609556    0    0  1280     0 1305  376 25  1 74  0  0
 2  0 961076 1984704   1896 609556    0    0  1280     0 1153  149 25  0 75  0  0
 2  0 961076 1984704   1896 609556    0    0  1028    76 1317  388 25  1 74  0  0
 2  0 961076 1984704   1896 609556    0    0  1280   176 1389  281 25  0 75  0  0
 2  0 961076 1984704   1896 609556    0    0  1024   724 1481  445 25  1 74  0  0
procs -----------memory---------- ---swap-- -----io---- -system-- ------cpu-----
 r  b   swpd   free   buff  cache   si   so    bi    bo   in   cs us sy id wa st
 2  0 961076 1984704   1896 609556    0    0  1280     0 1265  285 25  0 75  0  0
 2  0 961076 1984704   1896 609556    0    0  1024     0 1303  353 25  1 74  0  0
 3  0 961076 1984704   1896 609556    0    0  1280    64 1246  234 25  0 75  0  0
 2  0 961076 1984704   1896 609556    0    0  1024   192 1454  434 25  1 74  0  0
 2  0 961076 1984704   1896 609556    0    0  1284  2460 1194  266 25  0 74  0  0
 2  0 961076 1984704   1896 609556    0    0  1160   492 1281  361 25  1 74  0  0
 2  0 961076 1984704   1896 609556    0    0  1280     0 1241  239 25  0 75  0  0
 4  0 961076 1984704   1896 609556    0    0  1024   120 3280 3607 44  9 47  0  0
 3  0 961076 1984704   1896 609556    0    0  1024   132 3607  896 51  4 45  0  0
 3  0 961076 1984704   1896 609556    0    0  1024     0 5165 1024 55  4 42  0  0
 2  0 961076 1984704   1896 609556    0    0  1024     0 4484 1744 47  3 50  0  0
 6  0 961076 1984704   1896 609556    0    0  1024     8 2278  590 38  4 59  0  0
 7  0 961076 1984704   1896 609556    0    0  1024   280 3840 3581 58  8 34  0  0
 2  0 961076 1984704   1896 609556    0    0  1024  4468 2515  576 47  1 52  0  0
 2  0 961076 1984704   1896 609556    0    0  1280  1864 1374  434 26  0 74  0  0
 2  0 961076 1984704   1896 609556    0    0  1024     0 1311  360 25  1 74  0  0
 2  0 961076 1984704   1896 609556    0    0  1280     0 1405  371 25  0 74  0  0
 2  0 961076 1984704   1896 609556    0    0  1024   684 1462  505 26  1 74  0  0
 2  0 961076 1984704   1896 609556    0    0  1280  7748 1302  358 25  0 74  0  0
 2  0 961076 1984704   1896 609556    0    0  1024     0 1431  448 25  1 74  0  0
 2  0 961076 1984704   1896 609556    0    0  1280  1764 1333  320 25  0 75  0  0
procs -----------memory---------- ---swap-- -----io---- -system-- ------cpu-----
 r  b   swpd   free   buff  cache   si   so    bi    bo   in   cs us sy id wa st
 2  0 961076 1984704   1896 609556    0    0  1024     0 1367  416 25  1 74  0  0
 2  0 961076 1984704   1896 609556    0    0  1280   140 1405  358 25  0 74  0  0
 2  0 961076 1984704   1896 609556    0    0  1024   200 1357  440 25  1 74  0  0
 2  0 961076 1984704   1896 609556    0    0  1280    16 1331  381 25  0 74  0  0
 2  0 961076 1984704   1896 609556    0    0  1024     0 1331  404 25  1 74  0  0
 2  0 961076 1984704   1896 609556    0    0  1280     0 1386  341 25  1 74  0  0
 2  0 961076 1984704   1896 609556    0    0  1024    60 1370  444 25  1 74  0  0
 2  0 961076 1984704   1896 609556    0    0  1300     0 1455  422 25  0 74  0  0
 2  0 961076 1984704   1896 609556    0    0  1280     0 1464  498 25  1 74  0  0
 2  0 961076 1984704   1896 609556    0    0  1024   884 1486  396 25  0 75  0  0
 2  0 961076 1984704   1896 609556    0    0  1280    24 1420  432 25  1 74  0  0
 2  0 961076 1984704   1896 609556    0    0  1024    60 1259  266 25  0 75  0  0
 2  0 961076 1984704   1896 609556    0    0  1280    48 1477  488 25  1 74  0  0
 2  0 961076 1984704   1896 609556    0    0  1092  1864 1441  439 26  0 71  3  0
 2  0 961076 1984704   1896 609556    0    0  1280  1876 1440  656 24  1 74  1  0
 2  0 961076 1984704   1896 609556    0    0  1024     0 1308  347 25  0 74  0  0
 2  0 961076 1984704   1896 609556    0    0  1280   316 1866  906 29  1 68  2  0
 2  0 961076 1984704   1896 609556    0    0  1024     0 1414  364 27  0 71  2  0
 2  0 961076 1984704   1896 609556    0    0  1024    16 1448  463 25  1 74  0  0
 2  0 961076 1984704   1896 609556    0    0  1280     0 1418  469 25  1 74  0  0
 2  0 961076 1984704   1896 609556    0    0  1024     0 1316  399 25  1 74  0  0
procs -----------memory---------- ---swap-- -----io---- -system-- ------cpu-----
 r  b   swpd   free   buff  cache   si   so    bi    bo   in   cs us sy id wa st
 2  0 961076 1984704   1896 609556    0    0  1280   168 1331  405 25  0 75  0  0
 2  0 961076 1984704   1896 609556    0    0  1024     0 1363  445 25  1 74  0  0
 2  0 961076 1984704   1896 609556    0    0  1280     0 1241  311 25  0 75  0  0
 2  0 961076 1984704   1896 609556    0    0  1024     8 1422  437 25  0 75  0  0
 2  0 961076 1984704   1896 609556    0    0  1280     0 1315  340 25  0 74  0  0
 2  0 961076 1984704   1896 609556    0    0  1024    40 1453  480 25  1 74  0  0
 2  0 961076 1984704   1896 609556    0    0  1280     0 1298  357 25  1 75  0  0
 2  0 961076 1984704   1896 609556    0    0  1024   424 1426  465 25  0 74  0  0
 2  0 961076 1984704   1896 609556    0    0  1280     0 1311  293 25  0 75  0  0
 2  0 961076 1984704   1896 609556    0    0  1028  1756 1403  435 25  0 74  0  0
 2  0 961076 1984704   1896 609556    0    0  1280    68 1288  333 25  1 74  0  0
 2  0 961076 1984704   1896 609556    0    0  1284     0 1350  428 25  1 74  0  0
 2  0 961076 1984704   1896 609556    0    0  1024  1864 1354  414 25  1 74  0  0
 2  0 961076 1984704   1896 609556    0    0  1280     0 1443  490 25  1 74  0  0
 2  0 961076 1984704   1896 609556    0    0  1024     0 1294  325 25  1 75  0  0
 2  0 961076 1984704   1896 609556    0    0  1280    80 1452  490 25  1 74  0  0
 2  0 961076 1984704   1896 609556    0    0  1024     0 1363  342 25  0 75  0  0
 2  0 961076 1984704   1896 609556    0    0  1280     0 1317  427 25  1 74  0  0
 2  0 961076 1984704   1896 609556    0    0  1024     0 1214  304 25  0 75  0  0
 2  0 961076 1984704   1896 609556    0    0  1280   704 1527  558 25  1 74  0  0
 2  0 961076 1984704   1896 609556    0    0  1024    36 1268  296 25  1 75  0  0
procs -----------memory---------- ---swap-- -----io---- -system-- ------cpu-----
 r  b   swpd   free   buff  cache   si   so    bi    bo   in   cs us sy id wa st
 2  0 961076 1984704   1896 609556    0    0  1280     0 1364  446 25  1 74  0  0
 2  0 961076 1984704   1896 609556    0    0  1024     0 1303  363 25  0 74  0  0
 2  0 961076 1984704   1896 609556    0    0  1280     0 1374  408 25  1 74  0  0
 2  0 961076 1984704   1896 609556    0    0  1024     0 1370  399 25  0 74  0  0
 2  0 961076 1984704   1896 609556    0    0  1280    32 1373  443 25  1 74  0  0
 2  0 961076 1984704   1896 609556   32    0  1056     0 1304  316 25  0 75  0  0
 2  0 961076 1984704   1896 609556    0    0  1280    12 1382  451 25  1 74  0  0
 2  0 961076 1984704   1896 609556    0    0  1280    88 1376  371 25  1 74  0  0
 2  0 961076 1984704   1896 609556    0    0  1024     0 1374  460 25  1 74  0  0
 2  0 961076 1984704   1896 609556    0    0  1280     0 1262  337 25  0 75  0  0
 2  0 961076 1984704   1896 609556    0    0  1024   124 1462  488 25  1 74  0  0
 2  0 961076 1984704   1896 609556    0    0  1280  1864 1496  441 25  0 74  0  0
 2  0 961076 1984704   1896 609556    0    0  1024    76 1360  443 25  1 74  0  0
 2  0 961076 1984704   1896 609556    0    0  1280    40 1348  332 25  0 75  0  0
 2  0 961076 1984704   1896 609556    0    0  1024     0 1556  555 25  1 74  0  0
 2  0 961076 1984704   1896 609556    0    0  1280     0 1366  382 25  0 74  0  0
 2  0 961076 1984704   1896 609556    0    0  1024     0 1387  432 25  1 74  0  0
 2  0 961076 1984704   1896 609556    0    0  1280    60 1279  303 25  0 74  0  0
 2  0 961076 1984704   1896 609556    0    0  1024     0 1431  473 25  1 74  0  0
 2  0 961076 1984704   1896 609556    0    0  1308  3688 1245  301 25  0 74  1  0
 2  0 961076 1984704   1896 609556    0    0  1024     0 1426  462 25  1 74  0  0
procs -----------memory---------- ---swap-- -----io---- -system-- ------cpu-----
 r  b   swpd   free   buff  cache   si   so    bi    bo   in   cs us sy id wa st
 2  0 961076 1984704   1896 609556    0    0  1280     0 1395  429 25  0 74  0  0
 2  0 961076 1984704   1896 609556    0    0  1024   200 1528  551 25  1 74  0  0
 2  0 961076 1984704   1896 609556    0    0  1280     0 1321  323 25  1 74  0  0
 2  0 961076 1984704   1896 609556    0    0  1024     0 1354  403 25  1 74  0  0
 2  0 961076 1984704   1896 609556    0    0  1280     0 1279  287 25  0 75  0  0
 2  0 961076 1984704   1896 609556    0    0  1280     0 1342  414 25  1 74  0  0
 2  0 961076 1984704   1896 609556    0    0  1024    32 1283  318 25  0 75  0  0
 2  0 961076 1984704   1896 609556    0    0  1280     0 1459  471 25  1 74  0  0
 2  0 961076 1984704   1896 609556    0    0  1024   684 1520  401 25  1 74  0  0
 2  0 961076 1984704   1896 609556    0    0  1280     0 1361  418 25  0 75  0  0
 2  0 961076 1984704   1896 609556    0    0  1024  1864 1427  455 25  1 72  3  0
 2  0 961076 1984704   1896 609556    0    0  1280    80 1631  597 25  1 74  0  0
 2  0 961076 1984704   1896 609556    0    0  1024     0 1347  370 25  1 74  0  0
 2  0 961076 1984704   1896 609556    0    0  1280     0 1565  715 26  1 74  0  0
 2  0 961076 1984704   1896 609556    0    0  1024     0 1326  344 25  0 75  0  0
 2  0 961076 1984704   1896 609556    0    0  1280     0 1403  454 25  1 74  0  0
 2  0 961076 1984704   1896 609556    0    0  1024   112 1418  387 25  0 74  0  0
 2  0 961076 1984704   1896 609556    0    0  1280     0 1351  406 25  1 75  0  0
 2  0 961076 1984704   1896 609556    0    0  1024     0 1288  376 25  0 75  0  0
 2  0 961076 1984704   1896 609556    0    0  1280     0 1504  520 25  1 74  0  0
 2  0 961076 1984704   1896 609556    0    0  1024     0 1360  400 25  0 74  0  0
procs -----------memory---------- ---swap-- -----io---- -system-- ------cpu-----
 r  b   swpd   free   buff  cache   si   so    bi    bo   in   cs us sy id wa st
 2  0 961076 1984704   1896 609556    0    0  1280    36 1328  413 25  1 74  0  0
 2  0 961076 1984704   1896 609556    0    0  1280   356 1442  394 25  0 74  0  0
 2  0 961076 1984704   1896 609556    0    0  1024     0 1384  434 25  1 74  0  0
 2  0 961076 1984704   1896 609556    0    0  1280     4 1353  388 25  0 75  0  0
 2  0 961076 1984704   1896 609556    0    0  1024    40 1342  420 25  1 74  0  0
 2  0 961076 1984704   1896 609556    0    0  1280     0 1335  315 25  0 75  0  0
 2  0 961076 1984704   1896 609556    0    0  1024     0 1336  381 25  1 74  0  0
 2  0 961076 1984704   1896 609556    0    0  1280    88 1262  317 25  0 75  0  0
 2  0 961076 1984704   1896 609556    0    0  1032  3620 1563  554 25  1 74  0  0
 2  0 961076 1984704   1896 609556    0    0  1280     0 1294  389 25  0 75  0  0
 2  0 961076 1984704   1896 609556    0    0  1024     0 1469  489 25  1 74  0  0
 2  0 961076 1984704   1896 609556    0    0  1280     0 1321  291 25  0 75  0  0
 2  0 961076 1984704   1896 609556    0    0  1024    72 1335  419 25  1 74  0  0
 2  0 961076 1984704   1896 609556    0    0  1280     0 1363  361 25  0 75  0  0
 2  0 961076 1984704   1896 609556    0    0  1024     0 1402  479 25  1 74  0  0
 2  0 961076 1984704   1896 609556    0    0  1280   188 1448  459 25  0 74  0  0
 2  0 961076 1984704   1896 609556    0    0  1024     0 1369  432 25  1 74  0  0
 2  0 961076 1984704   1896 609556    0    0  1280    36 1272  306 25  0 75  0  0
 2  0 961076 1984704   1896 609556    0    0  1280  1024 1820  752 26  1 74  0  0
 2  0 961076 1984704   1896 609556    0    0  1024     0 1310  364 25  1 75  0  0
 2  0 961076 1984704   1896 609556    0    0  1280     0 1380  449 25  1 74  0  0
procs -----------memory---------- ---swap-- -----io---- -system-- ------cpu-----
 r  b   swpd   free   buff  cache   si   so    bi    bo   in   cs us sy id wa st
 2  0 961076 1984704   1896 609556    0    0  1024     0 1284  362 25  0 75  0  0
 2  0 961076 1984704   1896 609556    0    0  1280    40 1322  400 25  1 74  0  0
 2  0 961076 1984704   1896 609556    0    0  1024     0 1282  318 25  0 75  0  0
 2  0 961076 1984704   1896 609556    0    0  1280     0 1347  449 25  0 74  0  0
 2  0 961076 1984704   1896 609556    0    0  1024     0 1230  274 25  0 75  0  0
 2  0 961076 1984704   1896 609556    0    0  1280     0 1290  385 25  1 75  0  0
 3  0 961076 1984704   1896 609556    0    0  1024    32 1291  355 25  0 74  0  0
 2  0 961076 1984704   1896 609556    0    0  1280    64 1535  523 25  1 74  0  0
 2  0 961076 1984704   1896 609556    0    0  1024  1864 1382  379 25  1 74  0  0
 2  0 961076 1984704   1896 609556    0    0  1280   352 1495  487 26  1 74  0  0
 2  0 961076 1984704   1896 609556    0    0  1024     0 1267  288 25  0 75  0  0
 2  0 961076 1984704   1896 609556    0    0  1280   164 1443  477 25  1 74  0  0
 2  0 961076 1984704   1896 609556    0    0  1024     0 1387  395 25  0 75  0  0
 2  0 961076 1984704   1896 609556    0    0  1280     0 1342  406 25  1 74  0  0
 2  0 961076 1984704   1896 609556    0    0  1280    48 1247  272 25  1 75  0  0
 2  0 961076 1984704   1896 609556    0    0  1024     0 1509  526 25  1 74  0  0
 2  0 961076 1984704   1896 609556    0    0  1280    60 1320  333 25  0 75  0  0
 2  0 961076 1984704   1896 609556    0    0  1024     4 1329  419 25  1 74  0  0
 2  0 961076 1984704   1896 609556    0    0  1280  3688 1327  427 25  0 74  0  0
 2  0 961076 1984704   1896 609556    0    0  1024     0 1395  417 25  1 74  0  0
 2  0 961076 1984704   1896 609556    0    0  1280     0 1331  336 25  1 74  0  0
procs -----------memory---------- ---swap-- -----io---- -system-- ------cpu-----
 r  b   swpd   free   buff  cache   si   so    bi    bo   in   cs us sy id wa st
 2  0 961076 1984704   1896 609556    0    0  1024    80 1479  464 25  1 74  0  0
 2  0 961076 1984704   1896 609556    0    0  1280     0 1314  308 25  0 75  0  0
 2  0 961076 1984704   1896 609556    0    0  1024     0 1328  421 25  1 74  0  0
 2  0 961076 1984704   1896 609556    0    0  1280     0 1359  362 25  0 75  0  0
 2  0 961076 1984704   1896 609556    0    0  1024     0 1542  523 25  1 74  0  0
 2  0 961076 1984704   1896 609556    0    0  1280     0 1355  327 25  1 75  0  0
 2  0 961076 1984704   1896 609556    0    0  1024    32 1401  473 25  1 74  0  0
 2  0 961076 1984704   1896 609556    0    0  1280     0 1296  346 25  0 75  0  0
 3  0 961076 1984704   1896 609556    0    0  1028  2008 4177 4012 50  9 41  0  0
 3  0 961076 1984704   1896 609556    0    0  1024     0 3953  993 53  3 44  0  0
 3  0 961076 1984704   1896 609556    0    0  1024     0 4678  956 53  3 43  0  0
 2  0 961076 1984704   1896 609556    0    0  1024     0 4628 2173 43  2 55  0  0
 3  0 961076 1984704   1896 609556    0    0  1024    96 2985 2359 41  6 53  0  0
 2  0 961076 1984704   1896 609556    8    0  1032   180 3064 2331 44  7 49  0  0
 2  0 961076 1984704   1896 609556    0    0  1280     0 1413  438 25  1 74  0  0
 2  0 961076 1984704   1896 609556    0    0  1024     0 1371  387 25  0 75  0  0
 2  0 961076 1984704   1896 609556    0    0  1280     0 1414  499 25  1 74  0  0
 2  0 961076 1984704   1896 609556    0    0  1024     0 1367  411 25  0 74  0  0
 2  0 961076 1984704   1896 609556    0    0  1280  3216 1498  540 26  1 73  1  0
 2  0 961076 1984704   1896 609556    0    0  1024   764 1458  408 25  1 74  0  0
 2  0 961076 1984704   1896 609556    0    0  1280     0 1394  429 25  1 74  0  0
procs -----------memory---------- ---swap-- -----io---- -system-- ------cpu-----
 r  b   swpd   free   buff  cache   si   so    bi    bo   in   cs us sy id wa st
 2  0 961076 1984704   1896 609556    0    0  1024   212 1342  392 25  0 74  0  0
 2  0 961076 1984704   1896 609556    0    0  1280     0 1347  422 25  1 74  0  0
 2  0 961076 1984704   1896 609556    0    0  1280    96 1430  429 25  0 74  0  0
 2  0 961076 1984704   1896 609556    0    0  1024     0 1497  485 25  1 74  0  0
 2  0 961076 1984704   1896 609556    0    0  1428    44 1387  404 25  0 74  0  0
 2  0 961076 1984704   1896 609556    0    0  1024     0 1323  410 25  1 74  0  0
 2  0 961076 1984704   1896 609556    0    0  1024     0 1859 1503 30  3 68  0  0
 2  0 961076 1984704   1896 609556    0    0  1280   116 1447  503 25  1 74  0  0
 3  0 961076 1984704   1896 609556    0    0  1032    96 2275 2059 32  3 64  0  0
 2  0 961076 1984704   1896 609556    0    0  1280     0 1555  802 26  1 73  0  0
 2  0 961076 1984704   1896 609556    0    0  1024   688 1448  386 25  0 75  0  0
 2  0 961076 1984704   1896 609556    0    0  1280    40 1846  792 26  1 73  0  0
 2  0 961076 1984704   1896 609556    0    0  1160     0 1425  600 26  1 74  0  0
 2  0 961076 1984704   1896 609556    0    0  1280     0 1344  420 25  1 74  0  0
 2  0 961076 1984704   1896 609556    0    0  1024     0 1292  296 25  0 75  0  0
 2  0 961076 1984704   1896 609556    0    0  1280     0 1347  418 25  1 74  0  0
 2  0 961076 1984704   1896 609556    0    0  1024   540 1403  431 26  0 74  0  0
 2  0 961076 1984704   1896 609556    0    0  1280   300 1941  874 29  1 69  0  0
 2  0 961076 1984704   1896 609556    0    0  1024     0 1572  433 29  0 71  0  0
 2  0 961076 1984704   1896 609556    0    0  1280     0 1397  450 25  1 74  0  0
 2  0 961076 1984704   1896 609556    0    0  1024     0 1224  265 25  0 75  0  0
procs -----------memory---------- ---swap-- -----io---- -system-- ------cpu-----
 r  b   swpd   free   buff  cache   si   so    bi    bo   in   cs us sy id wa st
 2  0 961076 1984704   1896 609556    0    0  1280     0 1446  484 25  1 74  0  0
 2  0 961076 1984704   1896 609556    0    0  1024    80 1492  410 25  0 75  0  0
 2  0 961076 1984704   1896 609556    0    0  1280 14880 1384  442 25  1 70  4  0
 2  0 961076 1984704   1896 609556    0    0  1024     0 1340  368 25  0 74  0  0
 2  0 961076 1984704   1896 609556    0    0  1280   544 1507  556 25  1 74  0  0
 2  0 961076 1984704   1896 609556    0    0  1024    84 1416  443 25  0 75  0  0
 2  0 961076 1984704   1896 609556    0    0  1280   136 1584  577 26  1 74  0  0
 2  0 961076 1984704   1896 609556    0    0  1024   612 1380  360 25  0 71  4  0
 2  0 961076 1984704   1896 609556    0    0  1280     0 1332  423 25  1 74  0  0
 2  0 961076 1984704   1896 609556    0    0  1280     0 1268  349 25  0 75  0  0
 2  0 961076 1984704   1896 609556    0    0  1024     0 1345  405 25  1 74  0  0
 2  0 961076 1984704   1896 609556    0    0  1280    36 1297  315 25  1 74  0  0
 2  0 961076 1984704   1896 609556    0    0  1040   312 1483  490 26  1 74  0  0
 2  0 961076 1984704   1896 609556    0    0  1284    24 1379  373 25  0 74  0  0
 2  0 961076 1984704   1896 609556    0    0  1024    64 1526  505 25  1 74  0  0
 2  0 961076 1984704   1896 609556    0    0  1280     0 1363  424 25  1 74  0  0
 2  0 961076 1984704   1896 609556    0    0  1024    84 1422  469 25  1 74  0  0
 2  0 961076 1984704   1896 609556    0    0  1280   104 1601  567 26  1 73  0  0
 3  0 961076 1984704   1896 609556    0    0  1024    44 1487  563 26  1 73  0  0
 2  0 961076 1984704   1896 609556    0    0  1280     0 1306  329 25  0 75  0  0
 2  0 961076 1984704   1896 609556    0    0  1024     0 1493  520 25  1 74  0  0
procs -----------memory---------- ---swap-- -----io---- -system-- ------cpu-----
 r  b   swpd   free   buff  cache   si   so    bi    bo   in   cs us sy id wa st
 2  0 961076 1984704   1896 609556    0    0  1280     0 1291  345 25  1 74  0  0
 2  0 961076 1984704   1896 609556    0    0  1024     8 1332  398 25  1 74  0  0
 2  0 961076 1984704   1896 609556    0    0  1280    72 1231  282 25  0 75  0  0
 2  0 961076 1984704   1896 609556    0    0  1024     4 1486  502 25  1 74  0  0
 2  0 961076 1984704   1896 609556    0    0  1280     0 1348  372 25  1 74  0  0
 2  0 961076 1984704   1896 609556    0    0  1024     0 1492  514 25  1 74  0  0
 2  0 961076 1984704   1896 609556    0    0  1280     4 1273  335 25  0 75  0  0
 2  0 961076 1984704   1896 609556    0    0  1024    52 1380  437 25  1 74  0  0
 2  0 961076 1984704   1896 609556    0    0  1280     0 1351  363 25  0 75  0  0
 2  0 961076 1984704   1896 609556    0    0  1024     0 1416  464 25  1 74  0  0
 2  0 961076 1984704   1896 609556    0    0  1280     0 1450  576 25  0 75  0  0
 2  0 961076 1984704   1896 609556    0    0  1024     0 1386  424 25  1 74  0  0
 2  0 961076 1984704   1896 609556    0    0  1280  3704 1417  449 25  0 74  0  0
 2  0 961076 1984704   1896 609556    4    0  1284   720 1490  568 25  1 74  0  0
 2  0 961076 1984704   1896 609556    0    0  1024     0 1298  346 25  0 74  0  0
 2  0 961076 1984704   1896 609556    0    0  1280     0 1379  443 25  1 74  0  0
 2  0 961076 1984704   1896 609556    0    0  1024     0 1351  362 25  0 74  0  0
 2  0 961076 1984704   1896 609556    0    0  1280    40 1461  480 25  1 74  0  0
 2  0 961076 1984704   1896 609556    0    0  1024     0 1274  340 25  0 75  0  0
 2  0 961076 1984704   1896 609556    0    0  1280     0 1320  421 25  1 74  0  0
 2  0 961076 1984704   1896 609556    0    0  1024     0 1323  324 25  0 75  0  0
procs -----------memory---------- ---swap-- -----io---- -system-- ------cpu-----
 r  b   swpd   free   buff  cache   si   so    bi    bo   in   cs us sy id wa st
 2  0 961076 1984704   1896 609556    0    0  1280     0 1383  485 26  1 74  0  0
 3  0 961076 1984704   1896 609556    0    0  1112   100 4365 4204 52 10 38  0  0
 3  0 961076 1984704   1896 609556    0    0  1024   604 4321 1033 54  3 43  0  0
 3  0 961076 1984704   1896 609556    0    0  1024    32 4462  879 54  3 44  0  0
 2  0 961076 1984704   1896 609556    0    0  1024     0 3076 1765 36  2 62  0  0
 9  0 961076 1984704   1896 609556    0    0  1024   292 3455 2548 45  8 47  0  0
 2  0 961076 1984704   1896 609556    0    0  1024   108 2778 2634 38  4 58  0  0
 2  0 961076 1984704   1896 609556    0    0  1280   120 1380  371 25  1 74  0  0
 2  0 961076 1984704   1896 609556    0    0  1024     0 1517  556 25  1 74  0  0
 2  0 961076 1984704   1896 609556    0    0  1280     0 1370  392 25  0 75  0  0
 2  0 961076 1984704   1896 609556    0    0  1024     0 1354  432 25  1 74  0  0
 2  0 961076 1984704   1896 609556    0    0  1280   504 1308  330 25  1 74  0  0
 2  0 961076 1984704   1896 609556    0    0  1024     0 1385  431 25  1 74  0  0
 2  0 961076 1984704   1896 609556    0    0  1280     0 1475  476 25  1 74  0  0
 2  0 961076 1984704   1896 609556    0    0  1024     0 1402  455 25  1 74  0  0
 2  0 961076 1984704   1896 609556    0    0  1280     0 1265  344 25  0 75  0  0
 2  0 961076 1984704   1896 609556    0    0  1280    68 1343  430 25  1 74  0  0
 2  0 961076 1984704   1896 609556    0    0  1028  2916 1363  341 25  1 74  0  0
 2  0 961076 1984704   1896 609556    0    0  1280     0 1374  434 25  1 74  0  0
 2  0 961076 1984704   1896 609556    0    0  1024     0 1443  363 25  0 75  0  0
 2  0 961076 1984704   1896 609556    0    0  1280     0 1414  465 25  1 74  0  0
procs -----------memory---------- ---swap-- -----io---- -system-- ------cpu-----
 r  b   swpd   free   buff  cache   si   so    bi    bo   in   cs us sy id wa st
 2  0 961076 1984704   1896 609556    0    0  1024    68 1299  369 25  0 74  0  0
 2  0 961076 1984704   1896 609556    0    0  1280     0 1361  442 25  1 74  0  0
 2  0 961076 1984704   1896 609556    0    0  1024   192 1298  374 25  0 75  0  0
 2  0 961076 1984704   1896 609556    0    0  1280  2572 1591  558 25  1 74  0  0
 2  0 961076 1984704   1896 609556    0    0  1024     0 1282  295 25  0 75  0  0
 2  0 961076 1984704   1896 609556    0    0  1280     0 1401  466 25  0 74  0  0
 2  0 961076 1984704   1896 609556    0    0  1024     0 1376  412 25  1 74  0  0
 2  0 961076 1984704   1896 609556    0    0  1280   116 1341  401 25  1 74  0  0
 2  0 961076 1984704   1896 609556    0    0  1024     0 1282  314 25  0 75  0  0
 2  0 961076 1984704   1896 609556    0    0  1280     0 1399  444 25  1 74  0  0
 2  0 961076 1984704   1896 609556    0    0  1024    96 1749  670 29  1 70  0  0
 2  0 961076 1984704   1896 609556    0    0  1280   744 1572  516 29  1 68  3  0
 2  0 961076 1984704   1896 609556    0    0  1024     0 1280  398 26  0 74  0  0
 2  0 961076 1984704   1896 609556    0    0  1280     0 1660  728 26  1 73  0  0
 2  0 961076 1984704   1896 609556    0    0  1280   168 1462  420 25  0 74  0  0
 2  0 961076 1984704   1896 609556    0    0  1024   264 1385  422 25  1 74  0  0
 2  0 961076 1984704   1896 609556    0    0  1284 11832 1379  356 25  0 74  1  0
 2  0 961076 1984704   1896 609556    0    0  1024  2460 1389  420 25  1 74  0  0
 2  0 961076 1984704   1896 609556    0    0  1280     0 1364  388 25  0 75  0  0
 2  0 961076 1984704   1896 609556    0    0  1024     0 1380  426 25  1 74  0  0
 2  0 961076 1984704   1896 609556    0    0  1280    88 1256  279 25  0 75  0  0
procs -----------memory---------- ---swap-- -----io---- -system-- ------cpu-----
 r  b   swpd   free   buff  cache   si   so    bi    bo   in   cs us sy id wa st
 2  0 961076 1984704   1896 609556    0    0  1024     0 1340  414 25  1 74  0  0
 2  0 961076 1984704   1896 609556    0    0  1280     0 1293  347 25  0 75  0  0
 2  0 961076 1984704   1896 609556    0    0  1024  1864 1457  480 25  1 74  0  0
 2  0 961076 1984704   1896 609556    0    0  1280     0 1276  326 25  0 75  0  0
 2  0 961076 1984704   1896 609556    0    0  1024    72 1383  447 25  1 74  0  0
 2  0 961076 1984704   1896 609556    0    0  1280     0 1328  334 25  0 75  0  0
 2  0 961076 1984704   1896 609556    0    0  1024     8 1330  399 25  1 75  0  0
 2  0 961076 1984704   1896 609556    0    0  1280     0 1218  258 25  0 75  0  0
 2  0 961076 1984704   1896 609556    0    0  1024     0 1492  669 25  1 74  0  0
 2  0 961076 1984704   1896 609556    0    0  1280    28 1318  369 25  0 75  0  0
 2  0 961076 1984704   1896 609556    0    0  1024     0 1377  443 25  1 74  0  0
 2  0 961076 1984704   1896 609556    0    0  1280     0 1290  350 25  0 75  0  0
 2  0 961076 1984704   1896 609556    0    0  1280   112 1371  443 25  1 74  0  0
 2  0 961076 1984704   1896 609556    0    0  1024   380 1328  341 25  0 75  0  0
 2  0 961076 1984704   1896 609556    0    0  1280     0 1388  440 25  1 74  0  0
 2  0 961076 1984704   1896 609556    0    0  1024     0 1268  359 25  0 75  0  0
 2  0 961076 1984704   1896 609556    0    0  1280     0 1327  420 25  1 74  0  0
 2  0 961076 1984704   1896 609556    0    0  1024    36 1268  290 25  0 75  0  0
 2  0 961076 1984704   1896 609556    0    0  1280     0 1338  401 25  1 74  0  0
 2  0 961076 1984704   1896 609556    0    0  1024     0 1396  404 25  0 74  0  0
 2  0 961076 1984704   1896 609556    0    0  1280     0 1404  465 25  1 74  0  0
procs -----------memory---------- ---swap-- -----io---- -system-- ------cpu-----
 r  b   swpd   free   buff  cache   si   so    bi    bo   in   cs us sy id wa st
 2  0 961076 1984704   1896 609556    0    0  1024   608 1360  407 25  0 75  0  0
 2  0 961076 1984704   1896 609556    0    0  1280  1944 1499  521 25  1 74  0  0
 2  0 961076 1984704   1896 609556    0    0  1024     0 1265  302 25  1 74  0  0
 2  0 961076 1984704   1896 609556    0    0  1280     0 1324  418 25  0 75  0  0
 2  0 961076 1984704   1896 609556    0    0  1024     0 1243  287 25  1 75  0  0
 2  0 961076 1984704   1896 609556    0    0  1280    24 1347  442 25  1 75  0  0
 2  0 961076 1984704   1896 609556    0    0  1288  3768 1282  348 25  0 74  0  0
 2  0 961076 1984704   1896 609556    0    0  1024   140 1475  489 25  1 74  0  0
 2  0 961076 1984704   1896 609556    0    0  1280   128 1380  337 25  0 75  0  0
 2  0 961076 1984704   1896 609556    0    0  1024     0 1373  453 25  0 74  0  0
 2  0 961076 1984704   1896 609556    0    0  1280     0 1391  412 25  0 74  0  0
 2  0 961076 1984704   1896 609556    0    0  1024    40 1314  412 25  1 74  0  0
 2  0 961076 1984704   1896 609556    0    0  1280   252 1314  377 25  0 75  0  0
 2  0 961076 1984704   1896 609556    0    0  1024     0 1439  462 25  1 74  0  0
 2  0 961076 1984704   1896 609556    0    0  1280     0 1264  258 25  0 75  0  0
 2  0 961076 1984704   1896 609556    0    0  1024     0 1405  472 25  1 74  0  0
 2  0 961076 1984704   1896 609556    0    0  1280    36 1352  352 25  0 74  0  0
 2  0 961076 1984704   1896 609556    0    0  1024     0 1397  438 25  1 74  0  0
 4  0 961076 1984704   1896 609556    0    0  1280     0 1281  339 25  0 75  0  0
 2  0 961076 1984704   1896 609556    0    0  1024     0 1385  437 25  1 74  0  0
 2  0 961076 1984704   1896 609556    0    0  1280     0 1429  455 25  0 74  0  0
procs -----------memory---------- ---swap-- -----io---- -system-- ------cpu-----
 r  b   swpd   free   buff  cache   si   so    bi    bo   in   cs us sy id wa st
 3  0 961076 1984704   1896 609556    0    0  1280  1936 1441  490 25  1 74  0  0
 2  0 961076 1984704   1896 609556    0    0  1024     0 1378  347 25  0 74  0  0
 2  0 961076 1984704   1896 609556    0    0  1280     0 1371  449 25  1 74  0  0
 2  0 961076 1984704   1896 609556    0    0  1024     0 1280  358 25  0 75  0  0
 2  0 961076 1984704   1896 609556    0    0  1280     0 1397  443 25  1 74  0  0
 2  0 961076 1984704   1896 609556    0    0  1024     0 1237  268 25  0 75  0  0
 2  0 961076 1984704   1896 609556    0    0  1280    40 1372  448 25  1 74  0  0
 2  0 961076 1984704   1896 609556    0    0  1024     0 1252  292 25  0 75  0  0
 2  0 961076 1984704   1896 609556    0    0  1280     0 1442  477 25  1 74  0  0
 2  0 961076 1984704   1896 609556    0    0  1024     0 1338  400 25  0 75  0  0
 2  0 961076 1984704   1896 609556    0    0  1280    92 1473  481 25  1 74  0  0
 2  0 961076 1984704   1896 609556    0    0  1024    32 1442  405 25  1 74  0  0
 2  0 961076 1984704   1896 609556    0    0  1280     0 1332  430 25  0 75  0  0
 2  0 961076 1984704   1896 609556    0    0  1024     0 1273  280 25  0 75  0  0
 2  0 961076 1984704   1896 609556    0    0  1280     0 1304  408 25  1 74  0  0
 2  0 961076 1984704   1896 609556    0    0  1280     0 1276  307 25  0 75  0  0
 2  0 961076 1984704   1896 609556    0    0  1032  3820 1424  450 25  1 74  0  0
 2  0 961076 1984704   1896 609556    0    0  1280    40 1376  356 25  0 75  0  0
 2  0 961076 1984704   1896 609556    0    0  1024     0 1542  555 25  1 74  0  0
 2  0 961076 1984704   1896 609556    0    0  1280     0 1430  437 26  0 74  0  0
 2  0 961076 1984704   1896 609556    0    0  1024     0 1400  466 25  1 74  0  0
procs -----------memory---------- ---swap-- -----io---- -system-- ------cpu-----
 r  b   swpd   free   buff  cache   si   so    bi    bo   in   cs us sy id wa st
 2  0 961076 1984704   1896 609556    0    0  1280   268 1339  375 25  0 74  0  0
 2  0 961076 1984704   1896 609556    0    0  1024     0 1439  489 25  0 74  0  0
 2  0 961076 1984704   1896 609556    4    0  1284   916 1429  402 25  1 74  0  0
 2  0 961076 1984704   1896 609556    0    0  1024     0 1544  513 25  1 74  0  0
 2  0 961076 1984704   1896 609556    0    0  1280     0 1297  295 25  0 74  0  0
 2  0 961076 1984704   1896 609556    0    0  1024    40 1387  440 25  1 74  0  0
 2  0 961076 1984704   1896 609556    0    0  1280     0 1363  420 25  1 74  0  0
 2  0 961076 1984704   1896 609556    0    0  1296    84 1685  878 26  1 74  1  0
 2  0 961076 1984704   1896 609556   16    0  1548   564 1897 1604 28  1 71  1  0
 2  0 961076 1984704   1896 609556    0    0  1024     0 1366  461 25  1 74  0  0
 2  0 961076 1984704   1896 609556    0    0  1280     0 1302  331 25  0 75  0  0
 2  0 961076 1984704   1896 609556    0    0  1024   104 1435  477 25  1 74  0  0
 2  0 961076 1984704   1896 609556    0    0  1280     0 1332  382 25  0 74  0  0
 2  0 961076 1984704   1896 609556    0    0  1024    92 1387  501 25  1 74  0  0
 2  0 961076 1984704   1896 609556    0    0  1280     0 1326  344 25  0 75  0  0
 2  0 961076 1984704   1896 609556    0    0  1280     0 1505  491 25  1 74  0  0
 2  0 961076 1984704   1896 609556    0    0  1024     0 1303  329 25  0 75  0  0
 2  0 961076 1984704   1896 609556    0    0  1280     0 1378  444 25  1 74  0  0
 2  0 961076 1984704   1896 609556    0    0  1156  1004 1513  559 25  0 74  0  0
 2  0 961076 1984704   1896 609556    0    0  1280  1864 1558  552 25  1 74  0  0
 2  0 961076 1984704   1896 609556    0    0  1024     0 1353  338 25  0 75  0  0
procs -----------memory---------- ---swap-- -----io---- -system-- ------cpu-----
 r  b   swpd   free   buff  cache   si   so    bi    bo   in   cs us sy id wa st
 2  0 961076 1984704   1896 609556    0    0  1280  3040 1391  479 25  1 74  0  0
 2  0 961076 1984704   1896 609556    0    0  1024     0 1237  282 25  0 75  0  0
 2  0 961076 1984704   1896 609556    0    0  1280   992 1405  509 25  1 74  0  0
 2  0 961076 1984704   1896 609556    0    0  1024     0 1261  332 25  0 75  0  0
 2  0 961076 1984704   1896 609556    0    0  1280     0 1348  443 25  1 74  0  0
 2  0 961076 1984704   1896 609556    0    0  1024     0 1293  303 25  0 75  0  0
 2  0 961076 1984704   1896 609556    0    0  1280    40 1359  448 25  1 74  0  0
 2  0 961076 1984704   1896 609556    0    0  1024    64 1273  357 25  0 74  0  0
 2  0 961076 1984704   1896 609556    0    0  1280   132 1412  459 25  1 74  0  0
 2  0 961076 1984704   1896 609556    0    0  1024     0 1324  362 25  0 75  0  0
 2  0 961076 1984704   1896 609556    0    0  1280     0 1392  441 25  1 74  0  0
 2  0 961076 1984704   1896 609556    0    0  1024   216 1438  394 25  0 74  0  0
 2  0 961076 1984704   1896 609556    0    0  1280    36 1399  443 25  1 74  0  0
 2  0 961076 1984704   1896 609556    0    0  1280     0 1296  288 25  0 75  0  0
 2  0 961076 1984704   1896 609556    0    0  1024     0 1329  403 25  1 74  0  0
 2  0 961076 1984704   1896 609556    0    0  1280     0 1306  325 25  0 75  0  0
 2  0 961076 1984704   1896 609556    0    0  1024     0 1366  447 25  1 74  0  0
 2  0 961076 1984704   1896 609556    0    0  1284   112 1369  475 25  0 74  0  0
 2  0 961076 1984704   1896 609556    0    0  1024   168 1455  499 25  1 74  0  0
 2  0 961076 1984704   1896 609556    0    0  1280  1864 1497  464 26  1 74  0  0
 2  0 961076 1984704   1896 609556    0    0  1024     0 1391  467 25  1 74  0  0
procs -----------memory---------- ---swap-- -----io---- -system-- ------cpu-----
 r  b   swpd   free   buff  cache   si   so    bi    bo   in   cs us sy id wa st
 2  0 961076 1984704   1896 609556    0    0  1280     0 1244  339 25  0 75  0  0
 2  0 961076 1984704   1896 609556    0    0  2368   100 1443  524 25  1 73  1  0
 2  0 961076 1984704   1896 609556    0    0  1280     0 1209  260 25  0 75  0  0
 2  0 961076 1984704   1896 609556    0    0  1024     0 1430  491 25  1 74  0  0
 2  0 961076 1984704   1896 609556    0    0  1280   240 1501  474 25  1 74  0  0
 2  0 961076 1984704   1896 609556    0    0  1024     0 1384  451 25  1 74  0  0
 2  0 961076 1984704   1896 609556    0    0  1280   104 1386  423 25  0 74  0  0
 2  0 961076 1984704   1896 609556    0    0  1024     0 1366  424 25  1 74  0  0
 2  0 961076 1984704   1896 609556    0    0  1280     0 1430  359 25  0 74  0  0
 2  0 961076 1984704   1896 609556    0    0  1280     0 1446  499 25  1 74  0  0
 2  0 961076 1984704   1896 609556    0    0  1024  3620 1347  327 25  0 75  0  0
 2  0 961076 1984704   1896 609556    0    0  1280   444 1447  546 25  1 74  0  0
 2  0 961076 1984704   1896 609556    0    0  1024     0 1290  326 25  0 75  0  0
 2  0 961076 1984704   1896 609556    0    0  1280     0 1367  427 25  1 74  0  0
 2  0 961076 1984704   1896 609556    0    0  1024     0 1253  282 25  0 75  0  0
 2  0 961076 1984704   1896 609556    0    0  1280     0 1380  449 25  1 74  0  0
 2  0 961076 1984704   1896 609556    0    0  1024   100 1449  450 25  0 75  0  0
 2  0 961076 1984704   1896 609556    0    0  1280   180 1407  445 25  0 74  0  0
 4  0 961076 1984704   1896 609556    0    0  1028  2272 3870 4185 49  9 42  0  0
 3  0 961076 1984704   1896 609556    0    0  1024     0 4129 1087 52  4 44  0  0
 3  0 961076 1984704   1896 609556    0    0  1024     0 5016  935 53  3 44  0  0
procs -----------memory---------- ---swap-- -----io---- -system-- ------cpu-----
 r  b   swpd   free   buff  cache   si   so    bi    bo   in   cs us sy id wa st
 2  0 961076 1984704   1896 609556    0    0  1024     0 4666 1925 44  3 54  0  0
 4  0 961076 1984704   1896 609556    0    0  1024   168 2832  745 41  5 54  0  0
 2  0 961076 1984704   1896 609556    0    0  1024   340 3117 3879 42  7 52  0  0
 2  0 961076 1984704   1896 609556    0    0  1424     0 1413  458 25  0 74  0  0
 2  0 961076 1984704   1896 609556    0    0  1024     0 1422  488 25  1 74  0  0
 2  0 961076 1984704   1896 609556    0    0  1280     0 1614  741 26  0 74  0  0
 2  0 961076 1984704   1896 609556    0    0  1024   132 1459  514 25  1 74  0  0
 2  0 961076 1984704   1896 609556    0    0  1280   500 1361  364 25  0 74  0  0
 2  0 961076 1984704   1896 609556    0    0  1024     0 1461  495 25  1 74  0  0
 2  0 961076 1984704   1896 609556    0    0  1284   380 1417  384 25  1 74  0  0
 2  0 961076 1984704   1896 609556    0    0  1280     0 1328  415 25  1 74  0  0
 2  0 961076 1984704   1896 609556    0    0  1024     0 1278  311 25  0 75  0  0
 2  0 961076 1984704   1896 609556    0    0  1280    72 1424  468 25  1 74  0  0
 2  0 961076 1984704   1896 609556    0    0  1024     0 1632  504 25  1 74  0  0
 2  0 961076 1984704   1896 609556    0    0  1280     0 1432  458 25  1 74  0  0
 2  0 961076 1984704   1896 609556    0    0  1024     0 1280  381 25  0 75  0  0
 3  0 961076 1984704   1896 609556    0    0  1280   572 1677  667 25  1 74  0  0
 2  0 961076 1984704   1896 609556    0    0  1024    44 1384  386 25  0 74  0  0
 2  0 961076 1984704   1896 609556    0    0  1280     0 1339  427 25  1 74  0  0
 2  0 961076 1984704   1896 609556    0    0  1024     0 1237  277 25  0 75  0  0
 2  0 961076 1984704   1896 609556    0    0  1280  3632 1450  492 25  1 74  0  0
procs -----------memory---------- ---swap-- -----io---- -system-- ------cpu-----
 r  b   swpd   free   buff  cache   si   so    bi    bo   in   cs us sy id wa st
 2  0 961076 1984704   1896 609556    0    0  1024  4504 1417  427 25  1 74  0  0
 2  0 961076 1984704   1896 609556    0    0  1280   104 1414  456 25  1 74  0  0
 2  0 961076 1984704   1896 609556    0    0  1024     0 1273  300 25  0 75  0  0
 2  0 961076 1984704   1896 609556    0    0  1280     0 1335  410 25  1 74  0  0
 2  0 961076 1984704   1896 609556    0    0  1028     0 1369  382 25  0 74  0  0
 2  2 961076 1984704   1896 609556    0    0  1280  5676 1472  493 25  1 73  1  0
 2  0 961076 1984704   1896 609556    0    0  1028  2804 1818  813 29  1 69  1  0
 2  0 961076 1984704   1896 609556    0    0  1280     0 1543  441 29  1 71  0  0
 2  0 961076 1984704   1896 609556    0    0  1024     0 1277  323 25  0 75  0  0
 2  0 961076 1984704   1896 609556    0    0  1280     0 1728  750 26  1 73  0  0
 2  0 961076 1984704   1896 609556    0    0  1024     0 1269  289 25  0 75  0  0
 2  0 961076 1984704   1896 609556    0    0  1280    80 1375  466 25  1 74  0  0
 2  0 961076 1984704   1896 609556    0    0  1280   264 1332  374 25  0 74  0  0
 2  0 961076 1984704   1896 609556    0    0  1024     0 1423  448 25  1 74  0  0
 2  0 961076 1984704   1896 609556    0    0  1280     0 1267  321 25  0 75  0  0
 2  0 961076 1984704   1896 609556    0    0  1024     0 1445  484 26  1 74  0  0
 2  0 961076 1984704   1896 609556    0    0  1280  1944 1449  427 25  1 74  0  0
 2  0 961076 1984704   1896 609556    0    0  1024     0 1465  504 25  1 74  0  0
 2  0 961076 1984704   1896 609556    0    0  1280     0 1268  341 25  0 75  0  0
 2  0 961076 1984704   1896 609556    0    0  1024     0 1402  461 25  1 74  0  0
 2  0 961076 1984704   1896 609556    0    0  1280     0 1322  305 25  0 75  0  0
procs -----------memory---------- ---swap-- -----io---- -system-- ------cpu-----
 r  b   swpd   free   buff  cache   si   so    bi    bo   in   cs us sy id wa st
 2  0 961076 1984704   1896 609556    0    0  1024    32 1365  438 25  1 74  0  0
 2  0 961076 1984704   1896 609556    0    0  1280     4 1274  275 25  0 75  0  0
 2  0 961076 1984704   1896 609556    0    0  1024   188 1339  438 25  1 74  0  0
 2  0 961076 1984704   1896 609556    0    0  1280     0 1281  365 25  0 75  0  0
 2  0 961076 1984704   1896 609556    0    0  1024     0 1374  429 25  1 74  0  0
 2  0 961076 1984704   1896 609556    0    0  1280     0 1363  353 25  1 74  0  0
 2  0 961076 1984704   1896 609556    0    0  1024     0 1314  408 25  1 74  0  0
 2  0 961076 1984704   1896 609556    0    0  1280    64 1370  351 25  0 74  0  0
 2  0 961076 1984704   1896 609556    0    0  1280     0 1435  506 25  1 74  0  0
 2  0 961076 1984704   1896 609556    0    0  1024     0 1355  366 25  0 75  0  0
 2  0 961076 1984704   1896 609556    0    0  1280  3624 1355  423 25  1 74  0  0
 2  0 961076 1984704   1896 609556    0    0  1024     0 1298  306 25  0 75  0  0
 2  0 961076 1984704   1896 609556    0    0  1280    64 1409  463 25  1 74  0  0
 2  0 961076 1984704   1896 609556    0    0  1024     0 1327  374 25  0 74  0  0
 2  0 961076 1984704   1896 609556    0    0  1280     0 1343  410 25  1 74  0  0
 2  0 961076 1984704   1896 609556    0    0  1024  2264 1450  416 25  1 74  0  0
 2  0 961076 1984704   1896 609556    0    0  1280   172 1414  450 25  1 74  0  0
 2  0 961076 1984704   1896 609556    0    0  1024   100 1392  359 25  0 74  0  0
 2  0 961076 1984704   1896 609556    0    0  1280    92 1512  550 25  0 74  0  0
 2  0 961076 1984704   1896 609556    0    0  1024     0 1420  376 25  1 74  0  0
 2  0 961076 1984704   1896 609556    0    0  1280     0 1456  493 25  0 74  0  0
procs -----------memory---------- ---swap-- -----io---- -system-- ------cpu-----
 r  b   swpd   free   buff  cache   si   so    bi    bo   in   cs us sy id wa st
 2  0 961076 1984704   1896 609556    0    0  1024     0 1297  378 25  1 74  0  0
 2  0 961076 1984704   1896 609556    0    0  1280    68 1514  517 25  1 74  0  0
 2  0 961076 1984704   1896 609556    0    0  1280   848 1495  466 25  0 74  0  0
 2  0 961076 1984704   1896 609556    0    0  1024     0 1509  679 25  1 74  0  0
 2  0 961076 1984704   1896 609556    0    0  1280     0 1280  290 25  0 75  0  0
 2  0 961076 1984704   1896 609556    0    0  1024     0 1424  465 25  1 74  0  0
 2  0 961076 1984704   1896 609556    0    0  1280     0 1354  385 25  1 74  0  0
 2  0 961076 1984704   1896 609556    0    0  1024    36 1354  454 25  1 74  0  0
 2  0 961076 1984704   1896 609556    0    0  1280     0 1235  263 25  0 75  0  0
 2  0 961076 1984704   1896 609556    0    0  1024     0 1400  434 25  1 74  0  0
 2  0 961076 1984704   1896 609556    0    0  1288  2460 1349  362 25  1 74  0  0
 2  0 961076 1984704   1896 609556    0    0  1024     0 1357  419 25  1 74  0  0
 2  0 961076 1984704   1896 609556    0    0  1280   132 1834 1537 30  3 68  0  0
 2  0 961076 1984704   1896 609556    0    0  1024     0 1351  430 25  1 74  0  0
 7  0 961076 1984704   1896 609556    0    0  1036  2356 3044 3055 41  6 53  0  0
 3  0 961076 1984704   1896 609556    0    0  5712  4988 5316 5674 67 11 21  1  0
 3  0 961076 1984704   1896 609556    0    0   776     0 4326 2250 61  5 34  0  0
 3  0 961076 1984704   1896 609556    0    0  3564   352 5336 2780 61  5 34  1  0
 2  0 961076 1984704   1896 609556    0    0  1024     0 3517 1922 37  3 60  0  0
 3  0 961076 1984704   1896 609556    0    0  1024   168 3434 2649 44  7 49  0  0
 2  0 961076 1984704   1896 609556    0    0  1280    68 2714 2209 39  5 57  0  0
procs -----------memory---------- ---swap-- -----io---- -system-- ------cpu-----
 r  b   swpd   free   buff  cache   si   so    bi    bo   in   cs us sy id wa st
 2  0 961076 1984704   1896 609556    0    0  1024     0 1520  512 25  1 74  0  0
 2  0 961076 1984704   1896 609556    0    0  1280   504 1332  397 26  0 74  0  0
 2  0 961076 1984704   1896 609556    0    0  1024     0 1342  436 25  1 74  0  0
 2  0 961076 1984704   1896 609556    0    0  1280     0 1320  364 25  0 74  0  0
 2  0 961076 1984704   1896 609556    0    0  1024   720 1404  491 25  1 74  0  0
 2  0 961076 1984704   1896 609556    0    0  1280     0 1233  250 25  0 75  0  0
 2  0 961076 1984704   1896 609556    0    0  1024   120 1429  506 25  1 74  0  0
 2  0 961076 1984704   1896 609556    0    0  1280     0 1340  313 25  0 75  0  0
 2  0 961076 1984704   1896 609556    0    0  1280     0 1321  407 25  1 74  0  0
 2  0 961076 1984704   1896 609556    0    0  1032     0 1335  396 25  0 74  0  0
 2  0 961076 1984704   1896 609556    0    0  1280     0 1454  490 25  1 74  0  0
 2  0 961076 1984704   1896 609556    0    0  1024   152 1325  405 25  0 75  0  0
 2  0 961076 1984704   1896 609556    0    0  1280   416 1427  464 25  1 74  0  0
 2  0 961076 1984704   1896 609556    0    0  1024     0 1276  314 25  0 74  0  0
 2  0 961076 1984704   1896 609556    0    0  1280     0 1397  465 25  1 74  0  0
 2  0 961076 1984704   1896 609556    0    0  1024     0 1391  410 25  0 75  0  0
 2  0 961076 1984704   1896 609556    0    0  1280    40 1371  442 25  1 74  0  0
 2  0 961076 1984704   1896 609556    0    0  1024     0 1203  266 25  0 75  0  0
 2  0 961076 1984704   1896 609556    0    0  1284     0 1347  463 25  1 74  0  0
 2  0 961076 1984704   1896 609556    0    0  1028    24 1351  381 25  1 74  0  0
 2  0 961076 1984704   1896 609556    0    0  1280  3568 1428  451 25  1 74  0  0
procs -----------memory---------- ---swap-- -----io---- -system-- ------cpu-----
 r  b   swpd   free   buff  cache   si   so    bi    bo   in   cs us sy id wa st
 2  0 961076 1984704   1896 609556    0    0  1024   184 1439  495 26  0 74  0  0
 2  0 961076 1984704   1896 609556    0    0  1280     0 1388  455 25  1 74  0  0
 2  0 961076 1984704   1896 609556    0    0  1024   200 1705  575 26  1 73  0  0
 2  0 961076 1984704   1896 609556    0    0  1292  4988 2057  650 33  1 65  1  0
 2  0 961076 1984704   1896 609556    0    0  1024     0 1273  300 25  0 75  0  0
 2  0 961076 1984704   1896 609556    0    0  1280     0 1519  709 25  1 74  0  0
 2  0 961076 1984704   1896 609556    0    0  1024     0 1375  402 25  1 74  0  0
