procs -----------memory---------- ---swap-- -----io---- -system-- ------cpu-----
 r  b   swpd   free   buff  cache   si   so    bi    bo   in   cs us sy id wa st
 1  1 961332 1959500   1940 607684    9   30  6212    86  584  892  7  8 76  9  0
 2  0 961332 1959500   1940 607684    0    0 17072     0 1836  884 22  2 74  2  0
 2  0 961332 1959500   1940 607684    0    0  1280     0 1434  482 25  1 74  0  0
 2  0 961332 1959500   1940 607684    0    0  1588     0 1305  364 25  1 74  0  0
 2  0 961332 1959500   1940 607684    0    0  1032     0 1315  409 25  1 74  0  0
 2  0 961332 1959500   1940 607684    0    0  1280    76 1312  311 25  1 74  0  0
 2  0 961332 1959500   1940 607684    0    0  1284   832 1343  410 25  1 74  0  0
 2  0 961332 1959500   1940 607684    0    0  1024     0 1273  348 25  0 75  0  0
 2  0 961332 1959500   1940 607684    0    0  1280     0 1323  388 25  1 74  0  0
 2  0 961332 1959500   1940 607684    0    0  1024     0 1250  286 25  0 75  0  0
 4  0 961332 1959500   1940 607684    0    0  9132    96 3009 3487 38  7 54  1  0
 4  0 961332 1959500   1940 607684    0    0 13820     0 4258 2651 51  6 42  1  0
 4  0 961332 1959500   1940 607684    0    0  1164     0 5608 1270 55  4 41  0  0
 3  0 961332 1959500   1940 607684    0    0  1212     0 5156 2000 51  3 46  0  0
 4  0 961332 1959500   1940 607684    0    0  1280     0 1964  507 31  3 66  0  0
 5  0 961332 1959500   1940 607684    0    0   788   224 3966 4082 52  9 39  0  0
 3  0 961332 1959500   1940 607684    0    0  1280     0 1407  450 25  1 74  0  0
 5  0 961332 1959500   1940 607684    0    0  2496     0 1482  465 26  1 74  0  0
 4  0 961332 1959500   1940 607684    0    0  1288   120 1393  467 25  1 74  0  0
 3  0 961332 1959500   1940 607684    0    0  1080     0 1606  754 25  1 74  0  0
 3  1 961332 1959500   1940 607684    0    0  1280   520 1541  591 26  1 73  0  0
procs -----------memory---------- ---swap-- -----io---- -system-- ------cpu-----
 r  b   swpd   free   buff  cache   si   so    bi    bo   in   cs us sy id wa st
 3  0 961332 1959500   1940 607684    0    0  1280   592 1546  475 25  0 75  0  0
 3  0 961332 1959500   1940 607684    0    0  1032  1760 1344  403 25  1 74  0  0
 3  0 961332 1959500   1940 607684    0    0  1280     0 1357  418 25  0 75  0  0
 2  0 961332 1959500   1940 607684    0    0  1024     0 1586  710 25  1 74  0  0
 2  1 961332 1959500   1940 607684    0    0  1280    92 1301  366 25  1 75  0  0
 2  0 961332 1959500   1940 607684    0    0  1024   228 1403  433 25  1 74  0  0
 3  0 961332 1959500   1940 607684    0    0  1280    92 1380  454 25  1 74  0  0
 2  0 961332 1959500   1940 607684    0    0  1024     0 1374  394 25  1 74  0  0
 4  0 961332 1959500   1940 607684    0    0  1280     0 1305  365 25  0 75  0  0
 2  0 961332 1959500   1940 607684    0    0  1024     0 1303  349 25  1 74  0  0
 3  0 961332 1959500   1940 607684    0    0  1280    48 1485  533 25  0 75  0  0
 2  0 961332 1959500   1940 607684    0    0  1024   992 1576  593 25  1 74  0  0
 4  0 961332 1959500   1940 607684    0    0  1288     0 1405  464 25  1 74  0  0
 2  0 961332 1959500   1940 607684    0    0  1024     0 1379  392 25  1 74  0  0
 3  0 961332 1959500   1940 607684    0    0  1284     0 1394  414 25  1 74  0  0
 2  0 961332 1959500   1940 607684    0    0  1024     0 1369  386 25  1 74  0  0
 3  0 961332 1959500   1940 607684    0    0  1280  1864 1276  433 25  0 75  0  0
 2  0 961332 1959500   1940 607684    0    0  1024     0 1306  349 25  1 74  0  0
 3  0 961332 1959500   1940 607684    0    0  1280     0 1392  443 25  0 75  0  0
 6  0 961332 1959500   1940 607684    0    0  1156   104 1677  684 28  1 71  0  0
 3  0 961332 1959500   1940 607684    0    0  1280     0 1554  431 30  1 70  0  0
procs -----------memory---------- ---swap-- -----io---- -system-- ------cpu-----
 r  b   swpd   free   buff  cache   si   so    bi    bo   in   cs us sy id wa st
 2  0 961332 1959500   1940 607684    0    0  1024    20 1321  372 25  1 74  0  0
 3  0 961332 1959500   1940 607684    0    0 11804    36 1919  974 26  1 70  3  0
 2  0 961332 1959500   1940 607684    0    0  1280     4 1302  290 25  0 75  0  0
 3  0 961332 1959500   1940 607684    0    0  1024   116 1405  516 25  1 74  0  0
 2  0 961332 1959500   1940 607684    0    0  1280     0 1375  351 25  1 74  0  0
 3  0 961332 1959500   1940 607684    0    0  1028 11828 1305  427 25  1 74  1  0
 2  0 961332 1959500   1940 607684    0    0  1280   788 1454  365 25  1 74  0  0
 3  0 961332 1959500   1940 607684    0    0  1024   116 1463  576 25  1 74  0  0
 2  0 961332 1959500   1940 607684    0    0  1280    56 1390  318 25  0 75  0  0
 3  0 961332 1959500   1940 607684    0    0  1024     0 1412  472 25  1 74  0  0
 2  0 961332 1959500   1940 607684    0    0  1280     0 1334  357 25  0 75  0  0
 3  0 961332 1959500   1940 607684    0    0  1028  1876 1470  588 25  1 74  0  0
 2  0 961332 1959500   1940 607684    0    0  1280    76 1300  315 25  0 74  0  0
 3  0 961332 1959500   1940 607684    0    0  1160   188 1424  540 25  1 74  0  0
 2  0 961332 1959500   1940 607684    0    0  1280     0 1289  293 25  0 75  0  0
 3  0 961332 1959500   1940 607684    0    0  1024     0 1305  436 25  1 74  0  0
 2  0 961332 1959500   1940 607684    0    0  1300  1864 1512  451 26  1 74  0  0
 2  0 961332 1959500   1940 607684    0    0  1024   424 1588  593 25  1 74  0  0
 2  0 961332 1959500   1940 607684    0    0  1280   148 1360  389 25  0 74  0  0
 2  0 961332 1959500   1940 607684    0    0  1280     0 1517  559 26  1 74  0  0
 3  0 961332 1959500   1940 607684    0    0  1024   476 1412  418 25  0 74  0  0
procs -----------memory---------- ---swap-- -----io---- -system-- ------cpu-----
 r  b   swpd   free   buff  cache   si   so    bi    bo   in   cs us sy id wa st
 3  0 961332 1959500   1940 607684    0    0  1284     0 1560  567 25  1 74  0  0
 2  0 961332 1959500   1940 607684    0    0  1024     0 1287  302 25  0 75  0  0
 2  0 961332 1959500   1940 607684    0    0  1280    60 1439  476 25  1 74  0  0
 2  0 961332 1959500   1940 607684    0    0  1024   116 1358  326 25  0 75  0  0
 4  0 961332 1959500   1940 607684    4    0  2236   116 2950 2451 40  6 55  0  0
 3  0 961332 1959500   1940 607684    0    0  1024     0 4088 1989 52  5 43  0  0
 4  0 961332 1959500   1940 607684    0    0  1024     0 4848  975 55  4 42  0  0
 2  0 961332 1959500   1940 607684    0    0  1024     0 4852 1816 49  3 48  0  0
 8  0 961332 1959500   1940 607684    0    0  1284     0 2137  626 33  4 64  0  0
 2  0 961332 1959500   1940 607684    0    0  1024   192 4004 4138 51  8 41  0  0
 2  0 961332 1959500   1940 607684    0    0  1292   660 1622  628 25  1 72  3  0
 2  0 961332 1959500   1940 607684    0    0  1280     0 1411  371 25  0 75  0  0
 2  0 961332 1959500   1940 607684    0    0  1024     0 1352  437 25  1 74  0  0
 2  0 961332 1959500   1940 607684    0    0  1280     4 1315  329 25  0 75  0  0
 2  0 961332 1959500   1940 607684    0    0  1024   520 1419  481 26  1 74  0  0
 2  0 961332 1959500   1940 607684    0    0  1336    72 2079 1163 28  2 70  0  0
 3  0 961332 1959500   1940 607684    0    0  1024   188 1473  514 26  1 74  0  0
 2  0 961332 1959500   1940 607684    0    0  1412   492 1355  356 25  0 75  0  0
 2  0 961332 1959500   1940 607684    0    0  1024     0 1505  559 26  1 74  0  0
 2  0 961332 1959500   1940 607684    0    0  1456     0 1387  444 25  1 74  0  0
 2  0 961332 1959500   1940 607684    0    0  1280     0 1416  490 25  0 74  0  0
procs -----------memory---------- ---swap-- -----io---- -system-- ------cpu-----
 r  b   swpd   free   buff  cache   si   so    bi    bo   in   cs us sy id wa st
 2  0 961332 1959500   1940 607684    0    0  1024  3672 1344  316 25  0 72  3  0
 2  0 961332 1959500   1940 607684    0    0  1280   112 1505  703 25  1 74  0  0
 2  0 961332 1959500   1940 607684    0    0  1032     0 1271  282 25  0 75  0  0
 2  0 961332 1959500   1940 607684    0    0  1280     0 1466  484 25  1 74  0  0
 2  0 961332 1959500   1940 607684    0    0  1048  4512 1407  367 25  1 74  0  0
 2  0 961332 1959500   1940 607684    0    0  1280     0 1360  430 25  1 74  0  0
 2  0 961332 1959500   1940 607684    0    0  1024    96 1332  303 25  0 75  0  0
 2  0 961332 1959500   1940 607684    0    0  1280     0 1430  544 25  1 74  0  0
 2  0 961332 1959500   1940 607684    0    0  1024     0 1351  416 25  0 74  0  0
 2  0 961332 1959500   1940 607684    0    0  1320  8064 1658  697 26  1 70  4  0
 2  0 961332 1959500   1940 607684    0    0  1024     0 1320  319 25  0 75  0  0
 2  0 961332 1959500   1940 607684    0    0  1280   100 1350  442 25  1 74  0  0
 2  0 961332 1959500   1940 607684    0    0  1024     0 1325  309 25  0 75  0  0
 2  0 961332 1959500   1940 607684    0    0  1284    76 1798  699 29  1 70  0  0
 2  0 961332 1959500   1940 607684    0    0  1024     0 1537  361 29  0 71  0  0
 2  0 961332 1959500   1940 607684    0    0  1280     0 1325  413 25  1 74  0  0
 2  0 961332 1959500   1940 607684    0    0  1024     0 1265  286 25  0 75  0  0
 2  0 961332 1959500   1940 607684    0    0  1280     0 1414  463 25  1 74  0  0
 2  0 961332 1959500   1940 607684    0    0  1280    44 1312  333 25  0 75  0  0
 2  0 961332 1959500   1940 607684    0    0  1024   276 1546  548 25  1 74  0  0
 2  0 961332 1959500   1940 607684    0    0  1280     0 1241  278 25  0 75  0  0
procs -----------memory---------- ---swap-- -----io---- -system-- ------cpu-----
 r  b   swpd   free   buff  cache   si   so    bi    bo   in   cs us sy id wa st
 2  0 961332 1959500   1940 607684    0    0  1024     0 1378  435 25  1 74  0  0
 2  0 961332 1959500   1940 607684    0    0  1280     0 1305  310 25  0 74  0  0
 2  0 961332 1959500   1940 607684    0    0  1024    24 1393  473 25  1 74  0  0
 2  0 961332 1959500   1940 607684    0    0  1280   164 1293  342 25  0 74  0  0
 2  0 961332 1959500   1940 607684    0    0  1024     0 1344  443 25  1 74  0  0
 2  0 961332 1959500   1940 607684    0    0  1280     0 1415  368 25  0 74  0  0
 2  0 961332 1959500   1940 607684    0    0  1024   228 1444  461 25  1 74  0  0
 2  0 961332 1959500   1940 607684    0    0  1280     0 1337  343 25  0 75  0  0
 2  0 961332 1959500   1940 607684    0    0  1024    32 1408  489 25  1 74  0  0
 2  0 961332 1959500   1940 607684    0    0  1280     0 1267  301 25  0 75  0  0
 2  0 961332 1959500   1940 607684    0    0  1280  3856 1375  493 25  1 74  0  0
 2  0 961332 1959500   1940 607684    0    0  1024     0 1243  282 25  1 75  0  0
 2  0 961332 1959500   1940 607684    0    0  1280     0 1319  442 25  1 74  0  0
 2  0 961332 1959500   1940 607684    0    0  1024  1964 1320  319 25  1 74  0  0
 2  0 961332 1959500   1940 607684    0    0  1280    88 1486  493 25  1 74  0  0
 2  0 961332 1959500   1940 607684    0    0  1024     0 1318  326 25  0 75  0  0
 2  0 961332 1959500   1940 607684    0    0  1280     0 1459  531 25  1 74  0  0
 2  0 961332 1959500   1940 607684    0    0  1024     0 1271  317 25  0 75  0  0
 2  0 961332 1959500   1940 607684    0    0  1280    56 1609  919 26  2 72  0  0
 2  0 961332 1959500   1940 607684    0    0  1024   436 1307  336 25  0 74  0  0
 2  0 961332 1959500   1940 607684    0    0  1280   176 1440  476 25  1 74  0  0
procs -----------memory---------- ---swap-- -----io---- -system-- ------cpu-----
 r  b   swpd   free   buff  cache   si   so    bi    bo   in   cs us sy id wa st
 2  0 961332 1959500   1940 607684    0    0  1024    24 1316  326 25  0 75  0  0
 2  0 961332 1959500   1940 607684    0    0  1280     0 1408  509 25  0 74  0  0
 2  0 961332 1959500   1940 607684    0    0  1024    64 1294  310 25  0 75  0  0
 2  0 961332 1959500   1940 607684    0    0  1280     0 1437  453 25  1 74  0  0
 2  0 961332 1959500   1940 607684    0    0  1280    12 1374  347 25  0 75  0  0
 2  0 961332 1959500   1940 607684    0    0  1024   284 1474  495 25  1 74  0  0
 2  0 961332 1959500   1940 607684    0    0  1280     0 1405  403 25  0 74  0  0
 2  0 961332 1959500   1940 607684    0    0  1028   212 1473  564 26  1 74  0  0
 2  0 961332 1959500   1940 607684    0    0  1280     0 1261  280 25  0 75  0  0
 2  0 961332 1959500   1940 607684    0    0  1024     0 1317  385 25  1 74  0  0
 2  0 961332 1959500   1940 607684    0    0  1280     0 1311  325 25  0 75  0  0
 2  0 961332 1959500   1940 607684    0    0  1024     0 1377  439 25  1 74  0  0
 2  0 961332 1959500   1940 607684    0    0  1280  1968 1484  436 25  1 74  0  0
 2  0 961332 1959500   1940 607684    0    0  1024     0 1454  514 25  1 74  0  0
 2  0 961332 1959500   1940 607684    0    0  1280     0 1310  295 25  0 75  0  0
 2  0 961332 1959500   1940 607684    0    0  1024     0 1471  503 25  1 74  0  0
 2  0 961332 1959500   1940 607684    0    0  1280     0 1357  341 25  1 75  0  0
 2  0 961332 1959500   1940 607684    0    0  1024    32 1396  472 25  1 74  0  0
 2  0 961332 1959500   1940 607684    0    0  1280     0 1272  281 25  0 75  0  0
 2  0 961332 1959500   1940 607684    0    0  1024     0 1464  545 25  1 74  0  0
 2  0 961332 1959500   1940 607684    0    0  1284  3568 1498  571 25  1 74  0  0
procs -----------memory---------- ---swap-- -----io---- -system-- ------cpu-----
 r  b   swpd   free   buff  cache   si   so    bi    bo   in   cs us sy id wa st
 2  0 961332 1959500   1940 607684    0    0  1280     0 1353  414 25  0 74  0  0
 2  0 961332 1959500   1940 607684    0    0  1024    72 1345  314 25  0 75  0  0
 2  0 961332 1959500   1940 607684    0    0  1280     0 1472  511 25  1 74  0  0
 2  0 961332 1959500   1940 607684    0    0  1024     0 1232  268 25  0 75  0  0
 2  0 961332 1959500   1940 607684    0    0  1280     0 1445  504 25  1 74  0  0
 2  0 961332 1959500   1940 607684    0    0  1024     0 1302  327 25  0 75  0  0
 2  0 961332 1959500   1940 607684    0    0  1280    64 1408  477 25  1 74  0  0
 2  0 961332 1959500   1940 607684    0    0  1024   164 1342  339 25  1 75  0  0
 2  0 961332 1959500   1940 607684    0    0  1284   112 1611  584 25  1 74  0  0
 2  0 961332 1959500   1940 607684    0    0  1024     0 1280  297 25  0 75  0  0
 2  0 961332 1959500   1940 607684    0    0  1280    44 1364  476 25  1 74  0  0
 2  0 961332 1959500   1940 607684    0    0  1024  1928 1487  387 25  1 74  0  0
 2  0 961332 1959500   1940 607684    0    0  1280     0 1393  452 25  1 74  0  0
 2  0 961332 1959500   1940 607684    0    0  1024     4 1287  308 25  0 75  0  0
 2  0 961332 1959500   1940 607684    0    0  1280   716 1650  611 25  1 74  0  0
 2  0 961332 1959500   1940 607684    0    0  1280     0 1233  278 25  0 75  0  0
 2  0 961332 1959500   1940 607684    0    0  1024    80 1523  578 25  1 74  0  0
 2  0 961332 1959500   1940 607684    0    0  1280     0 1296  312 25  1 74  0  0
 2  0 961332 1959500   1940 607684    0    0  1024     0 1540  506 25  1 74  0  0
 2  0 961332 1959500   1940 607684    0    0  1280     0 1351  312 25  0 75  0  0
 2  0 961332 1959500   1940 607684    0    0  1024     0 1324  408 25  1 74  0  0
procs -----------memory---------- ---swap-- -----io---- -system-- ------cpu-----
 r  b   swpd   free   buff  cache   si   so    bi    bo   in   cs us sy id wa st
 2  0 961332 1959500   1940 607684    0    0  1280    32 1307  298 25  0 75  0  0
 2  0 961332 1959500   1940 607684    0    0  1024     0 1424  519 26  1 74  0  0
 2  0 961332 1959500   1940 607684    0    0  1280     0 1379  359 25  1 74  0  0
 2  0 961332 1959500   1940 607684    0    0  1024     0 1377  446 25  0 74  0  0
 2  0 961332 1959500   1940 607684    0    0  1280     0 1276  331 25  0 75  0  0
 2  0 961332 1959500   1940 607684    0    0  1024    32 1418  475 25  1 74  0  0
 2  0 961332 1959500   1940 607684    0    0  1280     0 1282  278 25  0 75  0  0
 2  0 961332 1959500   1940 607684    0    0  1024     0 1376  452 26  0 74  0  0
 2  0 961332 1959500   1940 607684    0    0  1280     0 1271  299 25  1 75  0  0
 2  0 961332 1959500   1940 607684    0    0  1024  4092 1536  608 25  1 74  0  0
 2  0 961332 1959500   1940 607684    0    0  1420  2040 1487  442 25  0 74  0  0
 2  0 961332 1959500   1940 607684    0    0  1280     0 1461  469 25  1 74  0  0
 2  0 961332 1959500   1940 607684    0    0  1024     0 1302  380 25  0 75  0  0
 2  0 961332 1959500   1940 607684    0    0  1280     0 1462  525 25  1 74  0  0
 3  0 961332 1959500   1940 607684    4    0  1344     0 1372  417 25  1 74  0  0
 2  0 961332 1959500   1940 607684    0    0  1280    36 1471  511 25  1 74  0  0
 2  0 961332 1959500   1940 607684    0    0  1024     0 1309  332 25  0 75  0  0
 2  0 961332 1959500   1940 607684    0    0  1280     0 1422  461 25  1 74  0  0
 2  0 961332 1959500   1940 607684    0    0  1024     0 1348  341 25  0 74  0  0
 2  0 961332 1959500   1940 607684    0    0  1280     0 1329  462 25  1 74  0  0
 2  0 961332 1959500   1940 607684    0    0  1024   160 1243  287 25  0 75  0  0
procs -----------memory---------- ---swap-- -----io---- -system-- ------cpu-----
 r  b   swpd   free   buff  cache   si   so    bi    bo   in   cs us sy id wa st
 2  0 961332 1959500   1940 607684    0    0  1280    36 1299  385 25  1 74  0  0
 2  0 961332 1959500   1940 607684    0    0  1024   352 1282  333 25  0 74  0  0
 2  0 961332 1959500   1940 607684    0    0  1280   176 1503  539 25  1 74  0  0
 2  0 961332 1959500   1940 607684    0    0  1024     0 1359  378 25  0 74  0  0
 2  0 961332 1959500   1940 607684    0    0  1280    68 1399  524 25  1 74  0  0
 2  0 961332 1959500   1940 607684    0    0  1280     0 1226  279 25  0 75  0  0
 2  0 961332 1959500   1940 607684    0    0  1024     0 1309  386 25  0 74  0  0
 2  0 961332 1959500   1940 607684    0    0  1280     4 1256  297 25  0 75  0  0
 2  0 961332 1959500   1940 607684    0    0  1024     0 1393  461 25  1 74  0  0
 2  0 961332 1959500   1940 607684    0    0  1280  2552 1441  425 26  0 74  0  0
 2  0 961332 1959500   1940 607684    0    0  1024   104 1382  457 25  1 74  0  0
 2  0 961332 1959500   1940 607684    0    0  1280     0 1257  283 25  0 75  0  0
 2  0 961332 1959500   1940 607684    0    0  1024     0 1375  432 25  1 74  0  0
 2  0 961332 1959500   1940 607684    0    0  1676   376 1367  449 25  0 74  1  0
 2  0 961332 1959500   1940 607684    0    0  1024     0 1328  439 25  1 74  0  0
 2  0 961332 1959500   1940 607684    0    0  1280     0 1360  349 25  0 74  0  0
 2  0 961332 1959500   1940 607684    0    0  1024     0 1437  517 25  1 74  0  0
 2  0 961332 1959500   1940 607684    0    0  1280     0 1344  351 25  0 74  0  0
 2  0 961332 1959500   1940 607684    0    0  1024    32 1371  450 25  1 74  0  0
 2  0 961332 1959500   1940 607684    0    0  1280     0 1376  528 25  0 75  0  0
 2  0 961332 1959500   1940 607684    0    0  1280     0 1307  380 25  1 74  0  0
procs -----------memory---------- ---swap-- -----io---- -system-- ------cpu-----
 r  b   swpd   free   buff  cache   si   so    bi    bo   in   cs us sy id wa st
 2  0 961332 1959500   1940 607684    0    0  1024     0 1281  305 25  0 74  0  0
 2  0 961332 1959500   1940 607684    0    0  1280     0 1395  512 25  1 74  0  0
 2  0 961332 1959500   1940 607684    0    0  1024    36 1321  365 25  1 74  0  0
 2  0 961332 1959500   1940 607684    0    0  1280     0 1385  447 25  1 74  0  0
 3  0 961332 1959500   1940 607684    0    0  1024     0 1273  295 25  0 75  0  0
 2  0 961332 1959500   1940 607684    0    0  1280     0 1313  409 25  1 74  0  0
 2  0 961332 1959500   1940 607684    0    0  1024     0 1247  290 25  0 75  0  0
 2  0 961332 1959500   1940 607684    0    0  1280    44 1342  463 25  1 74  0  0
 2  0 961332 1959500   1940 607684    0    0  1024  1864 1350  333 25  1 74  0  0
 2  0 961332 1959500   1940 607684    0    0  1280     0 1319  409 25  1 74  0  0
 2  0 961332 1959500   1940 607684    0    0  1024     0 1379  357 25  0 74  0  0
 2  0 961332 1959500   1940 607684    0    0  1280   608 1570  559 25  1 74  0  0
 2  0 961332 1959500   1940 607684    0    0  1280   100 1251  321 25  0 75  0  0
 3  0 961332 1959500   1940 607684    0    0  1024   104 1534  592 25  1 74  0  0
 2  0 961332 1959500   1940 607684    0    0  1280     0 1283  298 25  0 75  0  0
 2  0 961332 1959500   1940 607684    0    0  1024     0 1313  389 25  1 74  0  0
 2  0 961332 1959500   1940 607684    0    0  1280     0 1245  281 25  0 75  0  0
 2  0 961332 1959500   1940 607684    0    0  1024     0 1337  430 25  1 74  0  0
 2  0 961332 1959500   1940 607684    0    0  1280    36 1254  294 25  0 75  0  0
 2  0 961332 1959500   1940 607684    0    0  1032  3680 1383  468 25  1 74  0  0
 2  0 961332 1959500   1940 607684    0    0  1280     0 1312  325 25  0 75  0  0
procs -----------memory---------- ---swap-- -----io---- -system-- ------cpu-----
 r  b   swpd   free   buff  cache   si   so    bi    bo   in   cs us sy id wa st
 2  0 961332 1959500   1940 607684    0    0  1024     0 1393  463 25  1 74  0  0
 2  0 961332 1959500   1940 607684    0    0  1280     0 1308  334 25  0 75  0  0
 2  0 961332 1959500   1940 607684    0    0  1024   184 1432  503 25  1 74  0  0
 2  0 961332 1959500   1940 607684    0    0  1280     0 1260  279 25  0 75  0  0
 2  0 961332 1959500   1940 607684    0    0  1024     0 1330  461 25  1 74  0  0
 2  0 961332 1959500   1940 607684    0    0  1280     0 1266  298 25  0 75  0  0
 2  0 961332 1959500   1940 607684    0    0  1280     0 1337  437 25  1 74  0  0
 2  0 961332 1959500   1940 607684    0    0  1024  1936 1479  412 27  1 72  1  0
 2  0 961332 1959500   1940 607684    0    0  1280     0 1440  478 25  1 74  0  0
 2  0 961332 1959500   1940 607684    0    0  1024     0 1288  316 25  0 74  0  0
 2  0 961332 1959500   1940 607684    0    0  1280     0 1359  487 25  1 74  0  0
 2  0 961332 1959500   1940 607684    0    0  1024     0 1253  312 25  0 75  0  0
 2  0 961332 1959500   1940 607684    0    0  1280   104 1466  560 25  1 74  0  0
 2  0 961332 1959500   1940 607684    0    0  1024     0 1283  312 25  0 75  0  0
 2  0 961332 1959500   1940 607684    0    0  1280     0 1311  406 25  1 74  0  0
 2  0 961332 1959500   1940 607684    0    0  1024     0 1275  307 25  0 75  0  0
 2  0 961332 1959500   1940 607684    0    0  1832     0 1473  554 25  1 74  0  0
 2  0 961332 1959500   1940 607684    0    0  1024    60 1311  326 25  0 75  0  0
 2  0 961332 1959500   1940 607684    0    0  1280    12 1334  402 25  1 74  0  0
 2  0 961332 1959500   1940 607684    0    0  1288  2456 1279  286 25  0 74  0  0
 2  0 961332 1959500   1940 607684    0    0  6196     0 1789  837 25  1 72  2  0
procs -----------memory---------- ---swap-- -----io---- -system-- ------cpu-----
 r  b   swpd   free   buff  cache   si   so    bi    bo   in   cs us sy id wa st
 9  0 961332 1959500   1940 607684    0    0  2540     0 1928 1601 30  3 68  0  0
 2  0 961332 1959500   1940 607684  428    0  1720   736 1952  975 26  1 73  0  0
 2  0 961332 1959500   1940 607684    0    0  1024     0 1333  333 25  0 75  0  0
 3  0 961332 1959500   1940 607684    0    0 11672   216 4794 5455 55 12 31  2  0
 3  0 961332 1959500   1940 607684    0    0  1024   220 4075 1110 52  4 44  0  0
 3  0 961332 1959500   1940 607684    0    0  1024     0 5115  974 53  4 43  0  0
 2  0 961332 1959500   1940 607684    0    0  1428     0 4599 2215 45  3 52  0  0
 3  0 961332 1959500   1940 607684    0    0  1024   644 3164 1079 40  6 54  0  0
 3  0 961332 1959500   1940 607684    0    0  1664   256 3958 4200 55  9 36  0  0
 2  0 961332 1959500   1940 607684    0    0  1028    88 3213 2669 46  6 48  0  0
 2  0 961332 1959500   1940 607684    0    0  1280   500 1420  441 25  1 74  0  0
 2  0 961332 1959500   1940 607684    0    0  1024     0 1453  539 25  1 74  0  0
 2  0 961332 1959500   1940 607684    0    0  1280   316 1304  321 25  0 74  0  0
 2  0 961332 1959500   1940 607684    0    0  1024     0 1470  527 25  1 74  0  0
 2  0 961332 1959500   1940 607684    0    0  1280     0 1395  415 25  0 74  0  0
 2  0 961332 1959500   1940 607684    0    0  1024     0 1429  493 25  1 74  0  0
 2  0 961332 1959500   1940 607684    0    0  1280    68 1305  323 25  0 74  0  0
 2  0 961332 1959500   1940 607684    0    0  1280     0 1491  668 25  1 74  0  0
 2  0 961332 1959500   1940 607684    0    0  1024     0 1300  319 25  0 75  0  0
 2  0 961332 1959500   1940 607684    0    0  1280     0 1459  528 25  1 74  0  0
 2  0 961332 1959500   1940 607684    0    0  1052    84 1334  380 25  0 75  0  0
procs -----------memory---------- ---swap-- -----io---- -system-- ------cpu-----
 r  b   swpd   free   buff  cache   si   so    bi    bo   in   cs us sy id wa st
 2  0 961332 1959500   1940 607684    0    0  1280   156 1397  461 25  1 74  0  0
 2  0 961332 1959500   1940 607684    0    0  1024     0 1312  323 25  0 75  0  0
 2  0 961332 1959500   1940 607684    0    0  1280     0 1459  518 25  1 74  0  0
 2  0 961332 1959500   1940 607684    0    0  1028  2928 1400  359 25  0 74  0  0
 2  0 961332 1959500   1940 607684    0    0  1280     0 1332  459 25  1 74  0  0
 2  0 961332 1959500   1940 607684    0    0  1024    84 1261  300 25  0 75  0  0
 2  0 961332 1959500   1940 607684    0    0  1280     0 1356  407 25  1 74  0  0
 2  0 961332 1959500   1940 607684    0    0  1032    24 1383  446 25  0 74  0  0
 2  0 961332 1959500   1940 607684    0    0  1280     0 1312  417 25  1 74  0  0
 2  0 961332 1959500   1940 607684    0    0  1028   284 1369  406 25  0 74  0  0
 2  0 961332 1959500   1940 607684    0    0  1280    88 1516  615 25  1 74  0  0
 2  0 961332 1959500   1940 607684    0    0  1024   140 1371  331 25  0 75  0  0
 2  0 961332 1959500   1940 607684    0    0  1280    52 1883  827 31  1 68  0  0
 2  0 961332 1959500   1940 607684    0    0  1024     0 1517  347 29  0 71  0  0
 2  0 961332 1959500   1940 607684    0    0  1280     0 1375  457 25  1 74  0  0
 2  0 961332 1959500   1940 607684    0    0  1024   916 1437  409 25  0 74  0  0
 2  0 961332 1959500   1940 607684    0    0  1280     0 1306  445 25  1 74  0  0
 2  0 961332 1959500   1940 607684    0    0  1024   312 1311  298 25  0 75  0  0
 2  0 961332 1959500   1940 607684    0    0  1280     0 1471  508 25  1 74  0  0
 2  0 961332 1959500   1940 607684    0    0  1280    48 1262  297 25  0 75  0  0
 2  0 961332 1959500   1940 607684    0    0  1024    84 1456  537 25  1 74  0  0
procs -----------memory---------- ---swap-- -----io---- -system-- ------cpu-----
 r  b   swpd   free   buff  cache   si   so    bi    bo   in   cs us sy id wa st
 2  0 961332 1959500   1940 607684    0    0  1280     0 1281  303 25  0 74  0  0
 2  0 961332 1959500   1940 607684    0    0  1040 11828 1464  545 26  1 68  6  0
 2  0 961332 1959500   1940 607684    0    0  1280     0 1255  294 25  0 75  0  0
 2  0 961332 1959500   1940 607684    0    0  1024     0 1318  433 25  1 74  0  0
 2  0 961332 1959500   1940 607684    0    0  1280    72 1337  310 25  0 75  0  0
 2  0 961332 1959500   1940 607684    0    0  1024     0 1502  511 25  0 74  0  0
 2  0 961332 1959500   1940 607684    0    0  1280   316 1468  412 25  0 74  0  0
 2  0 961332 1959500   1940 607684    0    0  1024     0 1375  500 25  1 74  0  0
 2  0 961332 1959500   1940 607684    0    0  1280     0 1330  337 25  0 75  0  0
 2  0 961332 1959500   1940 607684    0    0  1024    48 1389  487 25  1 74  0  0
 2  0 961332 1959500   1940 607684    0    0  1280     0 1228  275 25  0 75  0  0
 2  0 961332 1959500   1940 607684    0    0  1024     0 1345  419 25  1 74  0  0
 2  0 961332 1959500   1940 607684    0    0  1280     0 1364  359 25  1 74  0  0
 2  0 961332 1959500   1940 607684    0    0  1032  3620 1424  541 25  1 73  1  0
 2  0 961332 1959500   1940 607684    0    0  1280    68 1268  301 25  0 75  0  0
 2  0 961332 1959500   1940 607684    0    0  1280     0 1370  404 25  1 74  0  0
 3  0 961332 1959500   1940 607684    0    0  1032     0 2994 3101 41  7 53  0  0
 3  0 961332 1959500   1940 607684    0    0   768     0 4055 2133 51  6 43  0  0
 3  0 961332 1959500   1940 607684    0    0  1024     0 5319  945 54  4 42  0  0
 2  0 961332 1959500   1940 607684    0    0  1280     0 5444 2073 49  4 47  0  0
 3  0 961332 1959500   1940 607684    0    0  1024   104 1945  468 32  3 65  0  0
procs -----------memory---------- ---swap-- -----io---- -system-- ------cpu-----
 r  b   swpd   free   buff  cache   si   so    bi    bo   in   cs us sy id wa st
 2  0 961332 1959500   1940 607684    0    0  1024   220 4130 4546 51 10 39  0  0
 2  0 961332 1959500   1940 607684    0    0  1024   120 1588  490 25  0 74  0  0
 2  0 961332 1959500   1940 607684    0    0  1280     0 1364  467 25  1 74  0  0
 2  0 961332 1959500   1940 607684    0    0  1024     0 1334  330 25  0 75  0  0
 2  0 961332 1959500   1940 607684    0    0  1284   188 2107 1308 28  2 70  0  0
 2  0 961332 1959500   1940 607684    0    0  1024   548 1325  335 26  0 74  0  0
 2  0 961332 1959500   1940 607684    0    0  1280   848 1443  469 25  1 74  0  0
 2  0 961332 1959500   1940 607684    0    0  1024     0 1310  339 25  0 75  0  0
 2  0 961332 1959500   1940 607684    0    0  1280   204 1423  501 25  1 74  0  0
 2  0 961332 1959500   1940 607684    0    0  1280     0 1251  276 25  0 75  0  0
 2  0 961332 1959500   1940 607684    0    0  1024     0 1316  447 25  1 74  0  0
 2  0 961332 1959500   1940 607684    0    0  1280   116 1340  322 25  0 74  0  0
 2  0 961332 1959500   1940 607684    0    0  1024     0 1398  454 25  1 74  0  0
 2  0 961332 1959500   1940 607684    0    0  1280    92 1228  281 25  0 75  0  0
 2  0 961332 1959500   1940 607684    0    0  1024     0 1303  412 25  1 74  0  0
 2  0 961332 1959500   1940 607684    0    0  1280     0 1380  338 25  0 75  0  0
 2  0 961332 1959500   1940 607684    0    0  1024     8 1472  715 25  1 74  0  0
 2  0 961332 1959500   1940 607684    0    0  1280     0 1295  331 25  0 75  0  0
 2  0 961332 1959500   1940 607684    0    0  1024   908 1607  620 25  1 74  0  0
 2  0 961332 1959500   1940 607684    0    0  1280     0 1229  286 25  0 75  0  0
 2  0 961332 1959500   1940 607684    0    0  1024     0 1390  476 25  1 74  0  0
procs -----------memory---------- ---swap-- -----io---- -system-- ------cpu-----
 r  b   swpd   free   buff  cache   si   so    bi    bo   in   cs us sy id wa st
 2  0 961332 1959500   1940 607684    0    0  1284  4196 1349  368 25  0 74  0  0
 2  0 961332 1959500   1940 607684    0    0  1024     0 1315  471 25  1 74  0  0
 2  0 961332 1959500   1940 607684   32    0  1312  3636 1514  440 25  1 74  1  0
 2  0 961332 1959500   1940 607684    0    0  1280    64 1405  458 25  1 74  0  0
 2  0 961332 1959500   1940 607684    0    0  1024   104 1630  547 29  1 70  0  0
 2  0 961332 1959500   1940 607684    0    0  1036  7732 1809  857 29  1 69  1  0
 2  0 961332 1959500   1940 607684    0    0  1280     4 1332  341 25  0 74  0  0
 2  0 961332 1959500   1940 607684    0    0  1024     0 1447  540 25  1 74  0  0
 2  0 961332 1959500   1940 607684    0    0  1280     0 1235  272 25  0 75  0  0
 2  0 961332 1959500   1940 607684    0    0  1280    60 1389  448 25  1 74  0  0
 2  0 961332 1959500   1940 607684    0    0  1024    76 1363  342 25  0 75  0  0
 2  0 961332 1959500   1940 607684    0    0  1280     0 1375  456 25  1 74  0  0
 2  0 961332 1959500   1940 607684    0    0  1024   500 1473  392 25  0 75  0  0
 2  0 961332 1959500   1940 607684    0    0  1280   236 1458  593 25  1 74  0  0
 2  0 961332 1959500   1940 607684    0    0  1024     0 1298  316 25  0 75  0  0
 2  0 961332 1959500   1940 607684    0    0  1280     4 1428  464 25  1 74  0  0
 2  0 961332 1959500   1940 607684    0    0  1024     0 1447  405 25  0 75  0  0
 2  0 961332 1959500   1940 607684    0    0  1280     0 1435  504 25  1 74  0  0
 2  0 961332 1959500   1940 607684    0    0  1024    68 1265  299 25  0 75  0  0
 2  0 961332 1959500   1940 607684    0    0  1280     0 1360  492 25  1 74  0  0
 2  0 961332 1959500   1940 607684    0    0  1024     0 1347  338 25  0 75  0  0
procs -----------memory---------- ---swap-- -----io---- -system-- ------cpu-----
 r  b   swpd   free   buff  cache   si   so    bi    bo   in   cs us sy id wa st
 2  0 961332 1959500   1940 607684    0    0  1284     8 1447  503 26  1 74  0  0
 2  0 961332 1959500   1940 607684    0    0  1024     0 1338  356 25  0 75  0  0
 2  0 961332 1959500   1940 607684    0    0  1280  1940 1490  510 25  1 74  0  0
 2  0 961332 1959500   1940 607684    0    0  1280    56 1277  295 25  0 75  0  0
 2  0 961332 1959500   1940 607684    0    0  1024     0 1436  536 26  1 74  0  0
 2  0 961332 1959500   1940 607684    0    0  1280     0 1372  372 25  0 75  0  0
 2  0 961332 1959500   1940 607684    0    0  1024     0 1344  451 25  1 74  0  0
 2  0 961332 1959500   1940 607684    0    0  1280    64 1346  352 25  0 75  0  0
 3  0 961332 1959500   1940 607684    0    0  1024     0 1378  462 25  1 74  0  0
 2  0 961332 1959500   1940 607684    0    0  1280     0 1302  290 25  0 75  0  0
 2  0 961332 1959500   1940 607684    0    0  1024     0 1360  513 25  1 74  0  0
 2  0 961332 1959500   1940 607684    0    0  1280     0 1333  303 25  0 75  0  0
 2  0 961332 1959500   1940 607684    0    0  1024  3768 1440  522 25  1 74  0  0
 2  0 961332 1959500   1940 607684    0    0  1280     0 1387  398 25  0 74  0  0
17  0 961332 1959500   1940 607684    0    0  1024     0 1511  808 26  1 73  0  0
 2  0 961332 1959500   1940 607684    0    0  1280   488 1508  466 26  1 74  0  0
 2  0 961332 1959500   1940 607684    0    0  1024     0 1524  627 25  1 74  0  0
 2  0 961332 1959500   1940 607684    0    0  1280    68 1414  379 25  0 74  0  0
 2  0 961332 1959500   1940 607684    0    0  1024     0 1465  503 25  1 74  0  0
 2  0 961332 1959500   1940 607684    0    0  1284     0 1308  322 25  1 75  0  0
 2  0 961332 1959500   1940 607684    0    0  1280     0 1352  467 25  0 74  0  0
procs -----------memory---------- ---swap-- -----io---- -system-- ------cpu-----
 r  b   swpd   free   buff  cache   si   so    bi    bo   in   cs us sy id wa st
 2  0 961332 1959500   1940 607684    0    0  1024     0 1226  259 25  0 75  0  0
 2  0 961332 1959500   1940 607684    0    0  1280  3060 1723  677 25  1 74  0  0
 2  0 961332 1959500   1940 607684    0    0  1024     0 1310  311 25  0 74  0  0
 2  0 961332 1959500   1940 607684    0    0  1280     0 1452  476 25  1 74  0  0
 2  0 961332 1959500   1940 607684    0    0  1024     0 1310  323 25  0 75  0  0
 2  0 961332 1959500   1940 607684    0    0  1280     4 1391  475 25  1 74  0  0
 2  0 961332 1959500   1940 607684    0    0  1024    36 1317  306 25  0 75  0  0
 2  0 961332 1959500   1940 607684    0    0  1280   148 1417  471 25  1 74  0  0
 2  0 961332 1959500   1940 607684    0    0  1024     0 1217  265 25  0 75  0  0
 2  0 961332 1959500   1940 607684    0    0  1280     0 1366  445 25  1 74  0  0
 2  0 961332 1959500   1940 607684    0    0  1024     0 1418  379 25  0 74  0  0
 2  0 961332 1959500   1940 607684    0    0  1280     0 1373  413 25  1 75  0  0
 2  0 961332 1959500   1940 607684    0    0  1024   272 1357  338 25  0 74  0  0
 2  0 961332 1959500   1940 607684    0    0  1280     0 1372  473 25  1 74  0  0
 2  0 961332 1959500   1940 607684    0    0  1280     0 1455  614 25  0 74  0  0
 2  0 961332 1959500   1940 607684    0    0  1024    52 1348  440 25  1 74  0  0
 2  0 961332 1959500   1940 607684    0    0  1280     0 1322  328 25  0 74  0  0
 2  0 961332 1959500   1940 607684    0    0  1024    64 1443  505 25  1 74  0  0
 2  0 961332 1959500   1940 607684    0    0  1280     0 1341  325 25  1 75  0  0
 2  0 961332 1959500   1940 607684    0    0  1024     0 1447  521 25  1 74  0  0
 2  0 961332 1959500   1940 607684    0    0  1280     0 1248  270 25  0 75  0  0
procs -----------memory---------- ---swap-- -----io---- -system-- ------cpu-----
 r  b   swpd   free   buff  cache   si   so    bi    bo   in   cs us sy id wa st
 2  0 961332 1959500   1940 607684    0    0  1024  1864 1426  467 25  1 74  0  0
 2  0 961332 1959500   1940 607684    0    0  1280  3752 1359  366 25  0 74  0  0
 2  0 961332 1959500   1940 607684    0    0  1024   104 1536  522 25  1 74  0  0
 2  0 961332 1959500   1940 607684    0    0  1280     0 1301  308 25  0 75  0  0
 2  0 961332 1959500   1940 607684    0    0  1024   112 1518  573 25  1 74  0  0
 2  0 961332 1959500   1940 607684    0    0  1280     0 1275  290 25  0 75  0  0
 2  0 961332 1959500   1940 607684    0    0  1024    96 1471  469 25  1 74  0  0
 2  0 961332 1959500   1940 607684    0    0  1280     8 1393  345 25  0 75  0  0
 2  0 961332 1959500   1940 607684    0    0  1024    40 1368  441 25  1 74  0  0
 2  0 961332 1959500   1940 607684    0    0  1280     0 1316  338 25  0 75  0  0
 2  0 961332 1959500   1940 607684    0    0  1284   196 1512  571 25  1 74  0  0
 2  0 961332 1959500   1940 607684    0    0  1024     0 1300  280 25  0 75  0  0
 2  0 961332 1959500   1940 607684    0    0  1280     0 1466  488 25  1 74  0  0
 2  0 961332 1959500   1940 607684    0    0  1024     0 1333  325 25  0 75  0  0
 2  0 961332 1959500   1940 607684    0    0  1280     0 1356  480 25  0 74  0  0
 2  0 961332 1959500   1940 607684    0    0  1044   104 1349  356 25  1 74  0  0
 2  0 961332 1959500   1940 607684    0    0  1280     0 1474  556 26  1 74  0  0
 2  0 961332 1959500   1940 607684    0    0  1024     0 1270  299 25  0 75  0  0
 2  0 961332 1959500   1940 607684    0    0  1280    72 1428  466 25  1 74  0  0
 2  0 961332 1959500   1940 607684    0    0  1024     0 1340  304 25  0 74  0  0
 2  0 961332 1959500   1940 607684    0    0  1280  1944 1570  530 25  1 74  0  0
procs -----------memory---------- ---swap-- -----io---- -system-- ------cpu-----
 r  b   swpd   free   buff  cache   si   so    bi    bo   in   cs us sy id wa st
 2  0 961332 1959500   1940 607684    0    0  1024    16 1313  308 25  0 75  0  0
 2  0 961332 1959500   1940 607684    0    0  1280   736 1628  692 25  1 74  0  0
 2  0 961332 1959500   1940 607684    0    0  1024     0 1338  350 25  0 75  0  0
 2  0 961332 1959500   1940 607684    0    0  1280     0 1334  435 25  1 74  0  0
 2  0 961332 1959500   1940 607684    0    0  1024    64 1272  301 25  0 74  0  0
 2  0 961332 1959500   1940 607684    0    0  1280    80 1447  477 25  1 74  0  0
 2  0 961332 1959500   1940 607684    0    0  1280     0 1273  300 25  0 75  0  0
 2  0 961332 1959500   1940 607684    0    0  1024     0 1352  507 25  1 74  0  0
 2  0 961332 1959500   1940 607684    0    0  1280     0 1249  272 25  0 75  0  0
 2  0 961332 1959500   1940 607684    0    0  1024    32 1354  427 25  1 74  0  0
 2  0 961332 1959500   1940 607684    0    0  1280     0 1213  250 25  0 75  0  0
 2  0 961332 1959500   1940 607684    0    0  1024  3624 1378  455 25  1 74  0  0
 2  0 961332 1959500   1940 607684    0    0  1280     0 1286  299 25  0 75  0  0
 2  0 961332 1959500   1940 607684    0    0  1024     0 1524  599 26  1 74  0  0
 2  0 961332 1959500   1940 607684    0    0  1280    68 1391  360 25  1 74  0  0
 2  0 961332 1959500   1940 607684    0    0  1024   284 1407  450 25  1 74  0  0
 2  0 961332 1959500   1940 607684    0    0  1280     0 1261  307 25  0 75  0  0
 2  0 961332 1959500   1940 607684    0    0  1024     4 1416  441 25  1 74  0  0
 2  0 961332 1959500   1940 607684    0    0  1280     0 1247  280 25  0 75  0  0
 2  0 961332 1959500   1940 607684    0    0  1280  2120 1543  570 25  1 74  0  0
 2  0 961332 1959500   1940 607684    0    0  1024     0 1295  302 25  0 75  0  0
procs -----------memory---------- ---swap-- -----io---- -system-- ------cpu-----
 r  b   swpd   free   buff  cache   si   so    bi    bo   in   cs us sy id wa st
 2  0 961332 1959500   1940 607684    0    0  1280     0 1362  427 25  1 74  0  0
 2  0 961332 1959500   1940 607684    0    0  1024     0 1274  301 25  1 75  0  0
 2  0 961332 1959500   1940 607684    0    0  1280     0 1384  500 25  0 74  0  0
 2  0 961332 1959500   1940 607684    0    0  1024     0 1251  269 25  0 75  0  0
 2  0 961332 1959500   1940 607684    0    0  1280   292 1512  592 25  1 74  0  0
 2  0 961332 1959500   1940 607684    0    0  1024     0 1324  339 25  0 74  0  0
 2  0 961332 1959500   1940 607684    0    0  1280     0 1332  417 25  0 75  0  0
 2  0 961332 1959500   1940 607684    0    0  1024     0 1222  273 25  0 75  0  0
 2  0 961332 1959500   1940 607684    0    0  1280     0 1321  407 25  1 74  0  0
 2  0 961332 1959500   1940 607684    0    0  1024   180 1276  286 25  0 75  0  0
 2  0 961332 1959500   1940 607684    0    0  1280     0 1350  454 25  1 74  0  0
 2  0 961332 1959500   1940 607684    0    0  1024     0 1301  327 25  0 74  0  0
 2  0 961332 1959500   1940 607684    0    0  1280     0 1341  414 25  1 74  0  0
 2  0 961332 1959500   1940 607684    0    0  1280     0 1470  592 25  0 74  0  0
 2  0 961332 1959500   1940 607684    0    0  1024    92 1520  578 25  1 74  0  0
 2  0 961332 1959500   1940 607684    0    0  1280     0 1335  340 25  0 74  0  0
 2  0 961332 1959500   1940 607684    0    0  1028     0 1641  691 25  1 74  0  0
 2  0 961332 1959500   1940 607684    0    0  1280     0 1220  253 25  0 75  0  0
 2  0 961332 1959500   1940 607684    0    0  1024  2392 1725  618 25  1 74  0  0
 2  0 961332 1959500   1940 607684    0    0  1280   112 1452  390 25  0 74  0  0
 2  0 961332 1959500   1940 607684    0    0  1024     0 1466  459 25  1 74  0  0
procs -----------memory---------- ---swap-- -----io---- -system-- ------cpu-----
 r  b   swpd   free   buff  cache   si   so    bi    bo   in   cs us sy id wa st
 2  0 961332 1959500   1940 607684    0    0  1280  3688 1286  332 25  0 74  0  0
 2  0 961332 1959500   1940 607684    0    0  1024     0 1456  527 25  1 74  0  0
 2  0 961332 1959500   1940 607684    0    0  1280     0 1269  291 25  0 75  0  0
 2  0 961332 1959500   1940 607684    0    0  1024    68 1473  501 25  0 74  0  0
 2  0 961332 1959500   1940 607684    0    0  1280     0 1278  328 25  0 75  0  0
 2  0 961332 1959500   1940 607684    0    0  1280     0 1336  433 25  1 74  0  0
 2  0 961332 1959500   1940 607684    0    0  1024     0 1220  259 25  0 75  0  0
 2  0 961332 1959500   1940 607684    0    0  1280   256 1469  550 25  1 74  0  0
 2  0 961332 1959500   1940 607684    0    0  1024    36 1379  356 25  0 74  0  0
 2  0 961332 1959500   1940 607684    0    0  1280    92 1403  465 25  1 75  0  0
 2  0 961332 1959500   1940 607684    0    0  1040     0 1320  342 25  0 74  0  0
 2  0 961332 1959500   1940 607684    0    0  1280     0 1388  451 25  1 74  0  0
 2  0 961332 1959500   1940 607684    0    0  1024     0 1301  312 25  0 75  0  0
 2  0 961332 1959500   1940 607684    0    0  1280   320 1461  558 25  1 74  0  0
 2  0 961332 1959500   1940 607684    0    0  1024     0 1278  293 25  0 75  0  0
 2  0 961332 1959500   1940 607684    0    0  1280     0 1369  433 25  1 74  0  0
 2  0 961332 1959500   1940 607684    0    0  1024   112 1394  387 25  0 74  0  0
 2  0 961332 1959500   1940 607684    0    0  1280     0 1386  452 25  1 74  0  0
 2  0 961332 1959500   1940 607684    0    0  1024  2064 1421  387 25  1 74  0  0
 2  0 961332 1959500   1940 607684    0    0  1280     0 1385  504 25  1 74  0  0
 2  0 961332 1959500   1940 607684    0    0  1280     0 1329  370 25  0 74  0  0
procs -----------memory---------- ---swap-- -----io---- -system-- ------cpu-----
 r  b   swpd   free   buff  cache   si   so    bi    bo   in   cs us sy id wa st
 2  0 961332 1959500   1940 607684    0    0  1024    84 1328  425 25  1 74  0  0
 3  0 961332 1959500   1940 607684    0    0  1280     0 1317  292 25  0 75  0  0
 2  0 961332 1959500   1940 607684    0    0  1024     0 1374  431 25  0 74  0  0
 2  0 961332 1959500   1940 607684    0    0  1280    60 1277  293 25  1 75  0  0
 2  0 961332 1959500   1940 607684    0    0  1028     0 1402  534 25  0 74  0  0
 2  0 961332 1959500   1940 607684    0    0  1280    56 1350  329 25  0 75  0  0
 2  0 961332 1959500   1940 607684    0    0  1024     0 1337  412 25  1 74  0  0
 2  0 961332 1959500   1940 607684    0    0  1280     0 1361  354 25  1 74  0  0
 2  0 961332 1959500   1940 607684    0    0  1152   132 1461  536 25  1 74  0  0
 2  0 961332 1959500   1940 607684    0    0  1280     0 1402  370 25  0 74  0  0
 2  0 961332 1959500   1940 607684    0    0  1024  3680 1444  578 25  1 74  0  0
 2  0 961332 1959500   1940 607684    0    0  1280     0 1303  293 25  0 75  0  0
 2  0 961332 1959500   1940 607684    0    0  1024     0 1336  416 25  0 75  0  0
 2  0 961332 1959500   1940 607684    0    0  1280     0 1260  299 25  0 74  0  0
 2  0 961332 1959500   1940 607684    0    0  1280    20 1385  478 25  1 74  0  0
 2  0 961332 1959500   1940 607684    0    0  1024    76 1251  272 25  0 75  0  0
 2  0 961332 1959500   1940 607684    0    0  1280    84 1435  502 25  1 74  0  0
 2  0 961332 1959500   1940 607684    0    0  1024  1864 1362  348 25  1 74  0  0
 2  0 961332 1959500   1940 607684    0    0 15648     0 2570 1697 27  3 66  4  0
 2  0 961332 1959500   1940 607684    0    0  1280     0 1304  307 25  0 75  0  0
 2  0 961332 1959500   1940 607684    0    0  1280   292 1419  489 25  1 74  0  0
procs -----------memory---------- ---swap-- -----io---- -system-- ------cpu-----
 r  b   swpd   free   buff  cache   si   so    bi    bo   in   cs us sy id wa st
 2  0 961332 1959500   1940 607684    0    0  1024     0 1303  331 25  0 74  0  0
 2  0 961332 1959500   1940 607684    0    0  1280     0 1411  523 25  1 74  0  0
 2  0 961332 1959500   1940 607684    0    0  1024     0 1284  304 25  0 74  0  0
 2  0 961332 1959500   1940 607684    0    0  1280     0 1401  466 25  1 74  0  0
 2  0 961332 1959500   1940 607684    0    0  1024     0 1278  301 25  0 75  0  0
 2  0 961332 1959500   1940 607684    0    0  1280   180 1449  471 25  1 74  0  0
 2  0 961332 1959500   1940 607684    0    0  1024   996 1443  436 25  0 75  0  0
 2  0 961332 1959500   1940 607684    0    0  1280    24 1421  515 25  1 74  0  0
 2  0 961332 1959500   1940 607684    0    0  1032     0 1376  396 25  0 74  0  0
 2  0 961332 1959500   1940 607684    0    0  1280     0 1423  467 26  1 74  0  0
 2  0 961332 1959500   1940 607684    0    0  1024    64 1300  309 25  0 75  0  0
 2  0 961332 1959500   1940 607684    0    0  1280     0 1484  673 25  1 74  0  0
 2  0 961332 1959500   1940 607684    0    0  1280     0 1258  288 25  0 75  0  0
 2  0 961332 1959500   1940 607684    0    0  1024    12 1424  483 25  1 74  0  0
 2  0 961332 1959500   1940 607684    0    0  1280     0 1233  289 25  0 75  0  0
 2  0 961332 1959500   1940 607684    0    0  1024    64 1323  414 25  1 74  0  0
 2  0 961332 1959500   1940 607684    0    0  1280  1864 1438  379 25  1 74  0  0
 2  0 961332 1959500   1940 607684    0    0  1024     0 1340  440 25  1 74  0  0
 2  0 961332 1959500   1940 607684    0    0  1280     8 1288  301 25  0 75  0  0
 2  0 961332 1959500   1940 607684    0    0  1024     0 1495  560 25  1 74  0  0
 2  0 961332 1959500   1940 607684    0    0  1280  3484 1271  302 25  1 75  0  0
procs -----------memory---------- ---swap-- -----io---- -system-- ------cpu-----
 r  b   swpd   free   buff  cache   si   so    bi    bo   in   cs us sy id wa st
 2  0 961332 1959500   1940 607684    0    0  1024     0 1336  438 25  1 74  0  0
 2  0 961332 1959500   1940 607684    0    0  1280     0 1272  304 25  0 75  0  0
 2  0 961332 1959500   1940 607684    0    0  1024     0 1393  445 25  1 74  0  0
 2  0 961332 1959500   1940 607684    0    0  1280     0 1276  291 25  0 75  0  0
 2  0 961332 1959500   1940 607684    0    0  1024   340 1382  503 25  1 74  0  0
 2  0 961332 1959500   1940 607684    0    0  1280     0 1267  289 25  0 75  0  0
 2  0 961332 1959500   1940 607684    0    0  1280     0 1394  466 25  1 74  0  0
 2  0 961332 1959500   1940 607684    0    0  1024    16 1341  362 25  0 75  0  0
 2  0 961332 1959500   1940 607684    0    0  1280     0 1479  531 25  1 74  0  0
 2  0 961332 1959500   1940 607684    0    0  1024    56 1313  321 25  0 75  0  0
 2  0 961332 1959500   1940 607684    0    0  1280     0 1397  512 25  1 74  0  0
 2  0 961332 1959500   1940 607684    0    0  1024    96 1273  288 25  0 75  0  0
 2  0 961332 1959500   1940 607684    0    0  1280    20 1543  584 25  1 74  0  0
 2  0 961332 1959500   1940 607684    0    0  1024     0 1267  303 25  0 75  0  0
 2  0 961332 1959500   1940 607684    0    0  1280    60 1319  426 25  1 74  0  0
 2  0 961332 1959500   1940 607684    0    0  1024  1864 1480  444 25  1 74  0  0
 2  0 961332 1959500   1940 607684    0    0  1280   644 1627  671 26  1 74  0  0
 2  0 961332 1959500   1940 607684    0    0  1024     0 1374  397 25  0 74  0  0
 2  0 961332 1959500   1940 607684    0    0  1280     0 1327  421 25  1 75  0  0
 2  0 961332 1959500   1940 607684    0    0  1280    88 1290  320 25  1 74  0  0
 2  0 961332 1959500   1940 607684    0    0  1028  2352 1343  423 25  1 75  0  0
procs -----------memory---------- ---swap-- -----io---- -system-- ------cpu-----
 r  b   swpd   free   buff  cache   si   so    bi    bo   in   cs us sy id wa st
 2  0 961332 1959500   1940 607684    0    0  1280    16 1380  368 25  1 74  0  0
 2  0 961332 1959500   1940 607684    0    0  1024     0 1384  502 25  1 74  0  0
 2  0 961332 1959500   1940 607684    0    0  1280     0 1322  306 25  0 75  0  0
 2  0 961332 1959500   1940 607684    0    0  1024   104 1389  451 25  1 74  0  0
 2  0 961332 1959500   1940 607684    0    0  1280   164 1340  324 25  0 75  0  0
 2  0 961332 1959500   1940 607684    0    0  1024    16 1369  427 25  1 74  0  0
 2  0 961332 1959500   1940 607684    0    0  1288     0 1788 1429 30  3 68  0  0
 2  0 961332 1959500   1940 607684    0    0  1024   476 1555  615 25  1 74  0  0
 5  0 961332 1959500   1940 607684    0    0  1288     0 1775 1355 29  2 69  0  0
 3  0 961332 1959500   1940 607684   20    0  4156   256 4895 5531 61 11 27  1  0
 3  0 961332 1959500   1940 607684    0    0  1024     0 4314 1096 52  4 44  0  0
 4  0 961332 1959500   1940 607684    0    0  1024     0 4977 1036 55  4 41  0  0
 2  0 961332 1959500   1940 607684    0    0  1280    16 3786 1800 39  2 59  0  0
 3  0 961332 1959500   1940 607684    0    0  1024   144 3243 2504 43  6 50  0  0
 2  0 961332 1959500   1940 607684    0    0  1024    88 3298 2938 42  7 51  0  0
 2  0 961332 1959500   1940 607684    0    0  1028     0 1630  653 25  1 74  0  0
 2  0 961332 1959500   1940 607684    0    0  1280   540 1432  406 26  0 74  0  0
 2  0 961332 1959500   1940 607684    0    0  1024     0 1393  495 25  1 74  0  0
 2  0 961332 1959500   1940 607684    0    0  1280     0 1385  347 25  0 74  0  0
 2  0 961332 1959500   1940 607684    0    0  1024     0 1349  490 25  1 74  0  0
 2  0 961332 1959500   1940 607684    0    0  1280     0 1265  279 25  0 75  0  0
procs -----------memory---------- ---swap-- -----io---- -system-- ------cpu-----
 r  b   swpd   free   buff  cache   si   so    bi    bo   in   cs us sy id wa st
 3  0 961332 1959500   1940 607684    0    0  1280    64 1503  500 25  1 74  0  0
 2  0 961332 1959500   1940 607684    0    0  1024   720 1376  335 25  0 74  0  0
 2  0 961332 1959500   1940 607684    0    0  1280     0 1313  410 25  1 74  0  0
 2  0 961332 1959500   1940 607684    0    0  1024     0 1287  286 25  0 75  0  0
 2  0 961332 1959500   1940 607684    0    0  1280     0 1415  506 25  1 74  0  0
 2  0 961332 1959500   1940 607684    0    0  1024   528 1485  436 25  0 74  0  0
 2  0 961332 1959500   1940 607684    0    0  1280   172 1541  568 25  1 74  1  0
 2  0 961332 1959500   1940 607684    0    0  1024     0 1265  285 25  0 75  0  0
 2  0 961332 1959500   1940 607684    0    0  1280     0 1424  492 25  1 74  0  0
 2  0 961332 1959500   1940 607684    0    0  1024  3568 1478  582 25  0 75  0  0
 2  0 961332 1959500   1940 607684    0    0  1280     0 1349  479 25  1 74  0  0
 2  0 961332 1959500   1940 607684    0    0  1024  4392 1306  313 25  0 74  0  0
 2  0 961332 1959500   1940 607684    0    0  1280   324 1452  439 25  1 74  0  0
 2  0 961332 1959500   1940 607684    0    0  1032     0 1552  525 26  1 74  0  0
 2  0 961332 1959500   1940 607684    0    0  1280     0 1398  456 25  1 74  0  0
 2  0 961332 1959500   1940 607684    0    0  1280     0 1310  347 26  0 74  0  0
 2  0 961332 1959500   1940 607684    0    0  1032  7824 1516  580 25  1 73  1  0
 2  0 961332 1959500   1940 607684    0    0  1280     0 1261  284 25  0 75  0  0
 2  0 961332 1959500   1940 607684    0    0  1024   192 1979  879 30  1 69  1  0
 2  0 961332 1959500   1940 607684    0    0  1280     0 1491  306 29  0 71  0  0
 2  0 961332 1959500   1940 607684    0    0  1024     4 1358  454 25  1 74  0  0
procs -----------memory---------- ---swap-- -----io---- -system-- ------cpu-----
 r  b   swpd   free   buff  cache   si   so    bi    bo   in   cs us sy id wa st
 2  0 961332 1959500   1940 607684    0    0  1288     0 1406  468 26  0 74  0  0
 2  0 961332 1959500   1940 607684    0    0  1024     4 1399  432 25  1 74  0  0
 2  0 961332 1959500   1940 607684    0    0  1280    76 1350  348 25  0 74  0  0
 2  0 961332 1959500   1940 607684    0    0  1024     0 1431  459 25  1 74  0  0
 2  0 961332 1959500   1940 607684    0    0  1280    16 1304  315 25  0 75  0  0
 2  0 961332 1959500   1940 607684    0    0  1024     0 1409  496 25  1 74  0  0
 2  0 961332 1959500   1940 607684    0    0  1280     0 1256  317 25  0 75  0  0
 2  0 961332 1959500   1940 607684    0    0  1024    72 1388  457 25  1 74  0  0
 2  0 961332 1959500   1940 607684    0    0  1280     0 1265  292 25  0 75  0  0
 2  0 961332 1959500   1940 607684    0    0  1024     0 1313  428 25  1 74  0  0
 2  0 961332 1959500   1940 607684    0    0  1280     0 1420  399 25  0 74  0  0
 2  0 961332 1959500   1940 607684    0    0  1280     8 1419  463 25  1 74  0  0
 2  0 961332 1959500   1940 607684    0    0  1024  1932 1349  402 25  0 74  0  0
 2  0 961332 1959500   1940 607684    0    0  1280     0 1491  534 25  1 74  0  0
 2  0 961332 1959500   1940 607684    0    0  1024     0 1419  400 25  0 74  0  0
 2  0 961332 1959500   1940 607684    0    0  1280   696 1554  517 25  0 74  0  0
 2  0 961332 1959500   1940 607684    0    0  1024     0 1258  290 25  0 75  0  0
 2  0 961332 1959500   1940 607684    0    0  1280    48 1489  505 25  1 74  0  0
 2  0 961332 1959500   1940 607684    0    0  1024    24 1305  362 25  0 75  0  0
 2  0 961332 1959500   1940 607684    0    0  1288  3680 1345  447 25  1 74  0  0
 2  0 961332 1959500   1940 607684    0    0  1024     0 1206  265 25  0 75  0  0
procs -----------memory---------- ---swap-- -----io---- -system-- ------cpu-----
 r  b   swpd   free   buff  cache   si   so    bi    bo   in   cs us sy id wa st
 2  0 961332 1959500   1940 607684    0    0  1280     0 1497  498 25  1 74  0  0
 2  0 961332 1959500   1940 607684    0    0  1032   124 1735  915 26  1 73  0  0
 2  0 961332 1959500   1940 607684    0    0  1280     0 1364  463 25  1 74  0  0
 2  0 961332 1959500   1940 607684    0    0  1024    12 1381  419 25  0 75  0  0
 2  0 961332 1959500   1940 607684    0    0  1280     0 1472  526 25  1 74  0  0
 2  0 961332 1959500   1940 607684    0    0  1280   472 1349  280 25  0 75  0  0
 2  0 961332 1959500   1940 607684    0    0  1024    64 1518  718 25  1 74  0  0
 2  0 961332 1959500   1940 607684    0    0  1280   100 1333  367 25  0 74  0  0
 2  0 961332 1959500   1940 607684    0    0  1024     0 1332  451 25  1 74  0  0
 2  0 961332 1959500   1940 607684    0    0  1280   160 1470  592 26  1 74  0  0
 2  0 961332 1959500   1940 607684    0    0  1024   400 1470  473 25  1 74  0  0
 2  0 961332 1959500   1940 607684    0    0  1280    60 1405  369 25  0 74  0  0
 2  0 961332 1959500   1940 607684    0    0  1024     0 1375  439 25  1 75  0  0
 2  0 961332 1959500   1940 607684    0    0  1280     0 1303  343 25  0 75  0  0
 2  0 961332 1959500   1940 607684    0    0  1024    60 1503  529 25  1 74  0  0
 2  0 961332 1959500   1940 607684    0    0  1280     0 1292  332 25  0 75  0  0
 2  0 961332 1959500   1940 607684    0    0  1360    12 1377  438 26  1 74  0  0
 2  0 961332 1959500   1940 607684    0    0  1280    64 1383  345 25  0 75  0  0
 2  0 961332 1959500   1940 607684    0    0  1280     0 1524  477 25  1 74  0  0
 2  0 961332 1959500   1940 607684    0    0  1024    48 1370  344 25  0 75  0  0
 2  0 961332 1959500   1940 607684    0    0  1280    52 1414  452 25  1 74  0  0
procs -----------memory---------- ---swap-- -----io---- -system-- ------cpu-----
 r  b   swpd   free   buff  cache   si   so    bi    bo   in   cs us sy id wa st
 2  0 961332 1959500   1940 607684    0    0  1024     0 1244  334 25  0 75  0  0
 2  0 961332 1959500   1940 607684    0    0  1280     0 1332  421 25  1 74  0  0
 2  0 961332 1959500   1940 607684    0    0  1024    16 1349  384 25  0 75  0  0
 2  0 961332 1959500   1940 607684    0    0  1280    60 1403  491 26  1 74  0  0
 2  0 961332 1959500   1940 607684    0    0  1024     0 1315  312 25  0 75  0  0
 2  0 961332 1959500   1940 607684    0    0  1280     0 1370  437 25  1 74  0  0
 2  0 961332 1959500   1940 607684    0    0  1024   644 1432  397 25  0 75  0  0
 2  0 961332 1959500   1940 607684    0    0  1280     0 1357  445 25  1 74  0  0
 2  0 961332 1959500   1940 607684    0    0  1280  3700 1480  586 25  0 75  0  0
 2  0 961332 1959500   1940 607684    0    0  1024    52 1428  433 25  1 74  0  0
 2  0 961332 1959500   1940 607684    0    0  1280   120 1745  896 26  2 72  0  0
 2  0 961332 1959500   1940 607684    0    0  1024     0 1594  573 25  1 74  0  0
 2  0 961332 1959500   1940 607684    0    0  1280     0 1312  383 25  0 74  0  0
 2  0 961332 1959500   1940 607684    0    0  1024    16 1429  473 25  1 74  0  0
 2  0 961332 1959500   1940 607684    0    0  1280     0 1235  264 25  0 75  0  0
 2  0 961332 1959500   1940 607684    0    0  1024   684 1416  461 25  1 74  0  0
 2  0 961332 1959500   1940 607684    0    0  1280     0 1363  339 25  0 75  0  0
 2  0 961332 1959500   1940 607684    0    0  1024     0 1372  430 25  1 74  0  0
 2  0 961332 1959500   1940 607684    0    0  1280     4 1322  347 25  0 75  0  0
 2  0 961332 1959500   1940 607684    0    0  1024     0 1305  395 25  1 74  0  0
 2  0 961332 1959500   1940 607684    0    0  1280    48 1231  265 25  0 74  0  0
procs -----------memory---------- ---swap-- -----io---- -system-- ------cpu-----
 r  b   swpd   free   buff  cache   si   so    bi    bo   in   cs us sy id wa st
 2  0 961332 1959500   1940 607684    0    0  1024    12 1529  559 25  1 74  0  0
 2  0 961332 1959500   1940 607684    0    0  1280     0 1354  366 25  0 75  0  0
 2  0 961332 1959500   1940 607684    0    0  1280     0 1391  488 25  1 74  0  0
 2  0 961332 1959500   1940 607684    0    0  1024     4 1416  420 25  1 74  0  0
 2  0 961332 1959500   1940 607684    0    0  1280    48 1492  536 25  1 74  0  0
 2  0 961332 1959500   1940 607684    0    0  1024    28 1343  343 25  0 74  0  0
 2  0 961332 1959500   1940 607684    0    0  1280    20 1412  458 25  1 75  0  0
 2  0 961332 1959500   1940 607684    0    0  1024     0 1266  284 25  0 75  0  0
 2  0 961332 1959500   1940 607684    0    0  1280     0 1440  462 25  1 74  0  0
 2  0 961332 1959500   1940 607684    0    0  1024  2084 1378  457 25  1 74  0  0
 2  0 961332 1959500   1940 607684    0    0  1280     0 1445  498 25  1 74  0  0
 2  0 961332 1959500   1940 607684    0    0  1024     0 1312  363 25  0 74  0  0
 2  0 961332 1959500   1940 607684    0    0  1280    16 1495  529 25  1 74  0  0
 2  0 961332 1959500   1940 607684    0    0  1024     0 1295  301 25  0 75  0  0
 2  0 961332 1959500   1940 607684    0    0  1280   256 1402  451 25  1 74  0  0
 2  0 961332 1959500   1940 607684    0    0  1024     0 1383  418 25  1 74  0  0
 2  0 961332 1959500   1940 607684    0    0  1280     0 1402  461 25  1 74  0  0
 2  0 961332 1959500   1940 607684    0    0  1024   844 1420  354 25  0 75  0  0
 2  0 961332 1959500   1940 607684    0    0  1284  3624 1413  469 25  1 74  0  0
 2  0 961332 1959500   1940 607684    0    0  1280   132 1298  343 25  0 74  0  0
 2  0 961332 1959500   1940 607684    0    0  1024     0 1333  422 25  1 74  0  0
procs -----------memory---------- ---swap-- -----io---- -system-- ------cpu-----
 r  b   swpd   free   buff  cache   si   so    bi    bo   in   cs us sy id wa st
 2  0 961332 1959500   1940 607684    0    0  1280     0 1268  353 25  0 75  0  0
 2  0 961332 1959500   1940 607684    0    0  1024     0 1372  459 25  1 74  0  0
 2  0 961332 1959500   1940 607684    0    0  1280     0 1235  262 25  0 75  0  0
 2  0 961332 1959500   1940 607684    0    0  1024    36 1345  420 25  1 74  0  0
 2  0 961332 1959500   1940 607684    0    0  1280     0 1390  381 25  0 75  0  0
 2  0 961332 1959500   1940 607684    0    0  1024   176 1440  479 25  1 74  0  0
 2  0 961332 1959500   1940 607684    0    0  1280     0 1224  310 25  0 75  0  0
 2  0 961332 1959500   1940 607684    0    0  1024     0 1310  389 25  0 74  0  0
 2  0 961332 1959500   1940 607684    0    0  1280    36 1290  292 25  0 75  0  0
 3  0 961332 1959500   1940 607684    0    0  1024  1864 1439  474 25  1 74  0  0
 2  0 961332 1959500   1940 607684    0    0  1280   500 1315  345 25  0 74  0  0
 7  0 961332 1959500   1940 607684    0    0  1032     0 2826 2540 41  6 53  0  0
 3  0 961332 1959500   1940 607684    0    0  1024   136 4049 2148 52  6 43  0  0
 3  0 961332 1959500   1940 607684    0    0  1024   180 5195 1014 55  4 42  0  0
 2  0 961332 1959500   1940 607684    0    0  1024     0 4833 1930 50  3 47  0  0
 3  0 961332 1959500   1940 607684    0    0  1280     0 2007  577 32  3 65  0  0
 2  0 961332 1959500   1940 607684    0    0  1024   220 4139 4120 52  9 39  0  0
 2  0 961332 1959500   1940 607684    0    0  1024     0 1432  464 25  1 74  0  0
 2  0 961332 1959500   1940 607684    0    0  1280     0 1313  362 25  0 75  0  0
 2  0 961332 1959500   1940 607684    0    0  1080     0 2546  968 25  1 74  0  0
 3  0 961332 1959500   1940 607684   60    0  1500     0 3804 2082 26  1 73  0  0
procs -----------memory---------- ---swap-- -----io---- -system-- ------cpu-----
 r  b   swpd   free   buff  cache   si   so    bi    bo   in   cs us sy id wa st
 2  0 961332 1959500   1940 607684    0    0  1280   572 1529  537 26  1 74  0  0
 2  0 961332 1959500   1940 607684    0    0  1280     0 1339  328 25  0 75  0  0
 2  0 961332 1959500   1940 607684    0    0  1024     0 1390  461 25  1 74  0  0
 2  0 961332 1959500   1940 607684    0    0  1280     0 1289  373 25  0 74  0  0
 2  0 961332 1959500   1940 607684    0    0  1024     0 1452  533 25  1 74  0  0
 2  0 961332 1959500   1940 607684    0    0  1280     0 1578  440 27  5 69  0  0
 2  0 961332 1959500   1940 607684    0    0  1024    72 1484  685 25  1 74  0  0
 2  0 961332 1959500   1940 607684    0    0  1280  4120 1506  409 25  1 74  1  0
 2  0 961332 1959500   1940 607684    0    0  1024    28 1438  494 25  1 74  0  0
 2  0 961332 1959500   1940 607684    0    0  1280     0 1425  462 26  1 74  0  0
 2  0 961332 1959500   1940 607684    0    0  1024     0 1508  534 25  1 74  0  0
 2  0 961332 1959500   1940 607684    0    0  1280   112 1435  361 25  0 75  0  0
 2  0 961332 1959500   1940 607684    0    0  1024     0 1362  424 25  1 74  0  0
 2  0 961332 1959500   1940 607684    0    0  1280     0 1281  286 25  0 74  0  0
 2  0 961332 1959500   1940 607684    0    0  1024     0 1390  445 25  1 74  0  0
 5  0 961332 1959500   1940 607684    0    0  1296     0 1323  404 26  0 74  0  0
 2  0 961332 1959500   1940 607684    4    0  1052    68 1702  847 26  1 73  0  0
 2  0 961332 1959500   1940 607684    0    0  1280     0 1314  339 25  0 74  0  0
 2  0 961332 1959500   1940 607684    0    0  1024     0 1298  364 25  1 74  0  0
 2  0 961332 1959500   1940 607684    0    0  1280     0 1278  285 25  0 75  0  0
 2  0 961332 1959500   1940 607684    0    0  1024  1040 1743  626 29  1 70  1  0
procs -----------memory---------- ---swap-- -----io---- -system-- ------cpu-----
 r  b   swpd   free   buff  cache   si   so    bi    bo   in   cs us sy id wa st
 2  0 961332 1959500   1940 607684    0    0  1280     0 1520  347 29  0 71  0  0
 2  0 961332 1959500   1940 607684    0    0  1024     0 1252  313 25  1 74  0  0
 2  0 961332 1959500   1940 607684    0    0  1280     0 1233  234 25  0 75  0  0
 2  0 961332 1959500   1940 607684    0    0  1280     0 1476  459 25  1 74  0  0
 2  0 961332 1959500   1940 607684    0    0  1024    72 1196  200 25  0 74  0  0
 2  0 961332 1959500   1940 607684    0    0  1280     0 1250  326 25  1 75  0  0
 2  0 961332 1959500   1940 607684    0    0  1024     8 1264  288 25  0 75  0  0
 2  0 961332 1959500   1940 607684    0    0  1280  2396 1274  327 25  1 74  0  0
 2  0 961332 1959500   1940 607684    0    0  1024     0 1189  223 25  0 75  0  0
 2  0 961332 1959500   1940 607684    0    0  1280 11928 1324  361 25  1 73  1  0
 2  0 961332 1959500   1940 607684    0    0  1024   200 1207  186 25  0 75  0  0
 2  0 961332 1959500   1940 607684    0    0  1280     0 1293  320 25  1 75  0  0
 2  0 961332 1959500   1940 607684    0    0  1024     0 1275  300 25  1 74  0  0
 2  0 961332 1959500   1940 607684    0    0  1280     0 1335  392 25  1 74  0  0
 2  0 961332 1959500   1940 607684    0    0  1024    36 1219  207 25  0 75  0  0
 2  0 961332 1959500   1940 607684    0    0  1280     0 1340  384 25  1 74  0  0
 2  0 961332 1959500   1940 607684    0    0  1280     0 1143  164 25  0 75  0  0
 2  0 961332 1959500   1940 607684    0    0  1024     0 1232  316 25  1 74  0  0
 2  0 961332 1959500   1940 607684    0    0  1280   892 1421  348 25  0 75  0  0
 2  0 961332 1959500   1940 607684    0    0  1024    68 1565  509 25  1 74  0  0
 2  0 961332 1959500   1940 607684    0    0  1280    52 1267  231 25  0 75  0  0
procs -----------memory---------- ---swap-- -----io---- -system-- ------cpu-----
 r  b   swpd   free   buff  cache   si   so    bi    bo   in   cs us sy id wa st
 7  0 961332 1959500   1940 607684    0    0  1024     0 1470  378 30  1 70  0  0
 2  0 961332 1959500   1940 607684    0    0  1024  1812 2701  433 55  1 45  0  0
 2  0 961332 1959500   1940 607684    0    0  1280     0 1309  379 25  1 74  0  0
 2  0 961332 1959500   1940 607684    0    0  1024    64 1184  237 25  0 74  0  0
 2  0 961332 1959500   1940 607684    0    0  1280     0 1266  331 25  0 75  0  0
 2  0 961332 1959500   1940 607684    0    0  1024     0 1461  731 26  1 73  0  0
 2  0 961332 1959500   1940 607684    0    0  1280     0 1356  377 25  1 74  0  0
 2  0 961332 1959500   1940 607684    0    0  1024     0 1164  217 25  0 75  0  0
 3  0 961332 1959500   1940 607684    0    0  1280     0 1243  354 25  0 75  0  0
 2  0 961332 1959500   1940 607684    0    0  1280   528 1314  293 25  0 74  0  0
 2  0 961332 1959500   1940 607684    0    0  1024     0 1296  337 25  1 74  0  0
 2  0 961332 1959500   1940 607684    0    0  1280     0 1258  243 25  0 75  0  0
 2  0 961332 1959500   1940 607684    0    0  1024     0 1365  389 25  1 74  0  0
 2  0 961332 1959500   1940 607684    0    0  1280   368 1293  266 25  1 75  0  0
 2  0 961332 1959500   1940 607684    0    0  1688   128 1594  564 28  1 72  0  0
 2  0 961332 1959500   1940 607684    0    0  1888     4 1283  289 26  1 74  0  0
 2  0 961332 1959500   1940 607684    0    0  1024     0 1263  313 25  1 74  0  0
 2  0 961332 1959500   1940 607684    0    0  1280     0 1219  259 25  0 75  0  0
 2  0 961332 1959500   1940 607684    0    0  1024     0 1273  308 25  1 74  0  0
 2  0 961332 1959500   1940 607684    0    0  1280    72 1210  196 25  0 75  0  0
 2  0 961332 1959500   1940 607684    0    0  1024     0 1413  415 25  1 74  0  0
procs -----------memory---------- ---swap-- -----io---- -system-- ------cpu-----
 r  b   swpd   free   buff  cache   si   so    bi    bo   in   cs us sy id wa st
 2  0 961332 1959500   1940 607684    0    0  1280     0 1286  280 25  1 75  0  0
 2  0 961332 1959500   1940 607684    0    0  1032  2460 1303  341 25  1 74  0  0
 2  0 961332 1959500   1940 607684    0    0  1280     0 1179  170 25  0 75  0  0
 2  0 961332 1959500   1940 607684    0    0  1024    72 1282  327 25  1 74  0  0
 2  0 961332 1959500   1940 607684    0    0  1280   248 1267  254 25  0 74  0  0
 2  0 961332 1959500   1940 607684    0    0  1280     0 1596  668 25  1 74  0  0
 2  0 961332 1959500   1940 607684    0    0  1024     0 1206  248 25  0 75  0  0
 2  0 961332 1959500   1940 607684    0    0  1280    24 1345  350 25  1 74  0  0
 2  0 961332 1959500   1940 607684    0    0  1024    60 1256  228 25  0 74  0  0
 2  0 961332 1959500   1940 607684    0    0  1280     0 1259  287 25  1 74  0  0
 2  0 961332 1959500   1940 607684    0    0  1024     0 1173  182 25  0 75  0  0
 2  0 961332 1959500   1940 607684    0    0  1280     0 1242  322 25  1 75  0  0
 2  0 961332 1959500   1940 607684    0    0  1024     0 1316  305 25  0 74  0  0
 2  1 961332 1959500   1940 607684    0    0  1280  1976 1379  419 25  1 74  0  0
 2  0 961332 1959500   1940 607684    0    0  1024    44 1173  195 25  0 75  0  0
 2  0 961332 1959500   1940 607684    0    0  1280     0 1383  398 25  1 74  0  0
 2  0 961332 1959500   1940 607684    0    0  1024     0 1256  275 25  0 75  0  0
 2  0 961332 1959500   1940 607684    0    0  1280  1880 1324  394 25  1 74  0  0
 2  0 961332 1959500   1940 607684    0    0  1280   108 1397  341 25  0 74  0  0
 2  0 961332 1959500   1940 607684    0    0  1024    60 1410  443 25  1 74  0  0
 2  0 961332 1959500   1940 607684    0    0  1280     0 1190  209 25  0 75  0  0
procs -----------memory---------- ---swap-- -----io---- -system-- ------cpu-----
 r  b   swpd   free   buff  cache   si   so    bi    bo   in   cs us sy id wa st
 2  0 961332 1959500   1940 607684    0    0  1024     0 1310  376 25  0 74  0  0
 2  0 961332 1959500   1940 607684    0    0  1280   112 1388  304 25  1 74  0  0
 2  0 961332 1959500   1940 607684    0    0  1024     0 1291  336 25  1 75  0  0
 2  0 961332 1959500   1940 607684    0    0  1288   216 1343  348 25  0 74  0  0
 2  0 961332 1959500   1940 607684    0    0  1024     0 1362  433 25  1 74  0  0
 2  0 961332 1959500   1940 607684    4    0  8120   200 1964 1075 26  1 71  2  0
 2  0 961332 1959500   1940 607684  272    0  1456     0 1683  861 26  1 73  1  0
 2  0 961332 1959500   1940 607684    0    0  1280     0 1297  251 25  0 75  0  0
 2  0 961332 1959500   1940 607684    0    0  1024     0 1281  330 25  1 74  0  0
 2  0 961332 1959500   1940 607684    0    0 43032   604 2760 1789 27  3 64  6  0
 2  0 961332 1959500   1940 607684    0    0  1024     0 1316  386 25  1 74  0  0
 2  0 961332 1959500   1940 607684    0    0  1280   144 1303  240 25  0 75  0  0
 2  0 961332 1959500   1940 607684    0    0  1024  1880 1326  356 25  1 74  0  0
 2  0 961332 1959500   1940 607684    0    0  1280     0 1151  166 25  0 75  0  0
 2  0 961332 1959500   1940 607684    0    0  1024    76 1273  347 25  1 74  0  0
 2  0 961332 1959500   1940 607684    0    0  1280  1168 1511  406 25  1 74  0  0
 2  0 961332 1959500   1940 607684    0    0  1280     0 1395  425 25  1 74  0  0
 2  0 961332 1959500   1940 607684    0    0  1024     0 1339  280 25  0 74  0  0
 2  0 961332 1959500   1940 607684    0    0  1280    60 1392  406 25  1 74  0  0
 2  0 961332 1959500   1940 607684    0    0  1024   640 1319  271 26  0 74  0  0
 2  0 961332 1959500   1940 607684    0    0  1280     0 1262  330 25  1 74  0  0
procs -----------memory---------- ---swap-- -----io---- -system-- ------cpu-----
 r  b   swpd   free   buff  cache   si   so    bi    bo   in   cs us sy id wa st
 2  0 961332 1959500   1940 607684    0    0  1024     0 1189  215 25  0 75  0  0
 2  0 961332 1959500   1940 607684    0    0  1280     0 1244  312 25  0 75  0  0
 2  0 961332 1959500   1940 607684    0    0  1024     0 1271  236 25  0 75  0  0
 2  0 961332 1959500   1940 607684    0    0  1280    92 1428  424 25  1 74  0  0
 2  0 961332 1959500   1940 607684    0    0  1024     0 1203  227 25  0 75  0  0
 2  0 961332 1959500   1940 607684    0    0  1280     0 1264  354 25  1 74  0  0
 2  0 961332 1959500   1940 607684    0    0  1280     0 1279  284 25  0 75  0  0
 2  0 961332 1959500   1940 607684    0    0  1024     0 1316  357 25  1 74  0  0
 2  0 961332 1959500   1940 607684    0    0  1280    32 1220  205 25  0 75  0  0
 2  0 961332 1959500   1940 607684    0    0  1024    52 1360  409 25  1 74  0  0
 2  0 961332 1959500   1940 607684    0    0  1280   416 1278  235 25  0 75  0  0
 2  0 961332 1959500   1940 607684    0    0  1024  1864 1317  343 25  1 74  0  0
 2  0 961332 1959500   1940 607684    0    0  1280  2456 1256  266 25  0 74  0  0
 2  0 961332 1959500   1940 607684    0    0  1024   120 1307  368 25  1 74  0  0
 2  0 961332 1959500   1940 607684    0    0  1280     0 1252  262 25  0 75  0  0
 2  0 961332 1959500   1940 607684    0    0  1024   104 1280  365 25  1 74  0  0
 2  0 961332 1959500   1940 607684    0    0  1280    16 1211  204 25  0 75  0  0
 2  0 961332 1959500   1940 607684    0    0  1280     0 1300  334 25  0 75  0  0
 2  0 961332 1959500   1940 607684    0    0  1024    80 1181  222 25  0 75  0  0
 2  0 961332 1959500   1940 607684    0    0  1280     0 1294  339 25  1 74  0  0
 2  0 961332 1959500   1940 607684    0    0  1032   124 1295  256 25  0 75  0  0
procs -----------memory---------- ---swap-- -----io---- -system-- ------cpu-----
 r  b   swpd   free   buff  cache   si   so    bi    bo   in   cs us sy id wa st
 2  0 961332 1959500   1940 607684    0    0  1280     0 1224  310 25  1 74  0  0
 2  0 961332 1959500   1940 607684    0    0  1024     0 1233  213 25  0 75  0  0
 2  0 961332 1959500   1940 607684    0    0  1280     0 1303  359 25  1 74  0  0
 2  0 961332 1959500   1940 607684    0    0  1024     0 1348  544 25  0 74  0  0
 2  0 961332 1959500   1940 607684    0    0  1280    32 1331  363 25  1 74  0  0
 2  0 961332 1959500   1940 607684    0    0  1024   728 1363  287 25  1 75  0  0
 2  0 961332 1959500   1940 607684    0    0  1280     0 1363  372 25  1 74  0  0
 2  0 961332 1959500   1940 607684    0    0  1280     0 1169  188 25  0 75  0  0
 2  0 961332 1959500   1940 607684    0    0  1024     4 1256  310 25  1 74  0  0
 2  0 961332 1959500   1940 607684    0    0  1280    36 1258  297 25  0 74  0  0
 2  0 961332 1959500   1940 607684    0    0  1024     0 1295  341 25  1 74  0  0
 3  0 961332 1959500   1940 607684    0    0  1280    24 1299  270 25  0 74  0  0
 2  0 961332 1959500   1940 607684    0    0  1024     0 1241  338 25  1 74  0  0
 2  0 961332 1959500   1940 607684    0    0  1280     0 1341  310 25  0 75  0  0
 2  0 961332 1959500   1940 607684    0    0  1024    64 1320  368 25  1 74  0  0
 2  0 961332 1959500   1940 607684    0    0  1280     0 1164  224 25  0 75  0  0
 2  0 961332 1959500   1940 607684    0    0  1024    12 1340  384 25  1 74  0  0
 2  0 961332 1959500   1940 607684    0    0  1280     0 1206  204 25  0 74  0  0
 2  0 961332 1959500   1940 607684    0    0  1280     0 1273  334 25  1 75  0  0
 2  0 961332 1959500   1940 607684    4    0  1028    44 1263  204 27  0 73  0  0
 2  0 961332 1959500   1940 607684    0    0  1280     0 1294  371 25  1 74  0  0
procs -----------memory---------- ---swap-- -----io---- -system-- ------cpu-----
 r  b   swpd   free   buff  cache   si   so    bi    bo   in   cs us sy id wa st
 2  0 961332 1959500   1940 607684    0    0  1024     0 1173  239 25  0 75  0  0
 2  0 961332 1959500   1940 607684    0    0  1284  3624 1314  367 25  1 74  0  0
 2  0 961332 1959500   1940 607684    0    0  1024     4 1222  284 26  0 74  0  0
 2  0 961332 1959500   1940 607684    0    0  1280    72 1358  383 25  1 74  0  0
 2  0 961332 1959500   1940 607684    0    0  2032   120 1565  988 27  1 71  0  0
 2  0 961332 1959500   1940 607684    0    0  1280    12 1324  354 25  1 74  0  0
 2  0 961332 1959500   1940 607684    0    0  1024     0 1360  360 25  0 75  0  0
 2  0 961332 1959500   1940 607684    0    0  1280     0 1322  370 25  1 74  0  0
 2  0 961332 1959500   1940 607684    0    0  1024    92 1258  214 25  0 75  0  0
 2  0 961332 1959500   1940 607684    0    0  1280     0 1267  320 25  1 74  0  0
 2  0 961332 1959500   1940 607684    0    0  1280  1864 1352  302 25  1 74  0  0
 2  0 961332 1959500   1940 607684    0    0  1024     0 1460  494 25  1 74  0  0
 2  0 961332 1959500   1940 607684    0    0  1032   304 1851 1430 30  3 67  0  0
 2  0 961332 1959500   1940 607684    0    0  1280  1060 1548  492 25  1 74  0  0
 8  0 961332 1959500   1940 607684    0    0  1040   608 2067 1653 33  3 64  0  0
 4  0 961332 1959500   1940 607684    0    0  3568   280 4657 5072 59 10 30  1  0
 3  0 961332 1959500   1940 607684    0    0  1024     0 3313  689 52  3 46  0  0
 4  0 961332 1959500   1940 607684    0    0  1024     0 5687 1044 56  4 41  0  0
 2  0 961332 1959500   1940 607684    0    0  1024     0 3179 1973 37  2 61  0  0
 3  0 961332 1959500   1940 607684    0    0  1024   416 3378 2437 45  8 47  0  0
 2  0 961332 1959500   1940 607684    0    0  1280    96 2487 2134 37  5 58  0  0
procs -----------memory---------- ---swap-- -----io---- -system-- ------cpu-----
 r  b   swpd   free   buff  cache   si   so    bi    bo   in   cs us sy id wa st
 2  0 961332 1959500   1940 607684    0    0  1024     0 1361  390 25  1 74  0  0
 2  0 961332 1959500   1940 607684    0    0  1280     0 1178  237 25  0 75  0  0
 2  0 961332 1959500   1940 607684    0    0  1024     0 1359  408 25  1 74  0  0
 2  0 961332 1959500   1940 607684    0    0  1280     0 1294  310 25  0 75  0  0
 2  0 961332 1959500   1940 607684    0    0  1024   496 1432  417 26  1 74  0  0
 2  0 961332 1959500   1940 607684    0    0  1280   380 1232  233 25  0 75  0  0
 2  0 961332 1959500   1940 607684    0    0  1024    20 1299  371 25  1 74  0  0
 2  0 961332 1959500   1940 607684    0    0  1280     0 1167  167 25  0 75  0  0
 2  0 961332 1959500   1940 607684    0    0  1024     0 1321  351 25  1 74  0  0
 2  0 961332 1959500   1940 607684    0    0  1280    96 1254  273 25  0 75  0  0
 2  0 961332 1959500   1940 607684    0    0  1280     0 1290  342 25  1 74  0  0
 2  0 961332 1959500   1940 607684    0    0  1024  3652 1204  262 25  0 75  0  0
 2  0 961332 1959500   1940 607684    0    0  1280    12 1325  356 25  1 74  0  0
 2  0 961332 1959500   1940 607684    0    0  1024   196 1380  413 25  0 74  0  0
 2  0 961332 1959500   1940 607684    0    0  1280   764 1453  477 25  1 74  0  0
 2  0 961332 1959500   1940 607684    0    0  1024     0 1177  241 25  0 75  0  0
 2  0 961332 1959500   1940 607684    0    0  1280     0 1347  370 25  1 74  0  0
 2  0 961332 1959500   1940 607684    0    0  1024     0 1202  187 25  0 75  0  0
 2  0 961332 1959500   1940 607684    0    0  1280   100 1277  349 25  1 74  0  0
 2  0 961332 1959500   1940 607684    0    0  1032    32 1309  375 26  0 74  0  0
 2  0 961332 1959500   1940 607684    0    0  1280     0 1240  320 25  0 75  0  0
procs -----------memory---------- ---swap-- -----io---- -system-- ------cpu-----
 r  b   swpd   free   buff  cache   si   so    bi    bo   in   cs us sy id wa st
 2  0 961332 1959500   1940 607684    0    0  1024     0 1215  284 25  0 75  0  0
 2  0 961332 1959500   1940 607684    0    0  1280   468 1677  776 25  1 74  0  0
 3  0 961332 1959500   1940 607684    0    0  1280    88 1300  311 25  0 74  0  0
 3  0 961332 1959500   1940 607684    0    0  1024   280 2233  865 32  1 68  0  0
 2  0 961332 1959500   1940 607684    0    0  1024     0 1321  200 28  0 71  0  0
 2  0 961332 1959500   1940 607684    0    0  1060     0 1247  331 25  1 74  0  0
