procs -----------memory---------- ---swap-- -----io---- -system-- ------cpu-----
 r  b   swpd   free   buff  cache   si   so    bi    bo   in   cs us sy id wa st
 2  1 961588 2004764   2056 603940    9   30  6268    86  585  899  6  9 76  9  0
 2  0 961588 2004764   2056 603940    0    0 17164     0 1934  891 22  2 74  2  0
 2  0 961588 2004764   2056 603940    0    0  1280     0 1347  462 25  1 74  0  0
 2  0 961588 2004764   2056 603940    0    0  1280     0 1587  727 25  1 74  0  0
 2  0 961588 2004764   2056 603940    0    0  1584     0 1411  451 25  1 74  0  0
 2  0 961588 2004764   2056 603940    0    0  1024    72 1513  484 25  1 74  0  0
 2  0 961588 2004764   2056 603940    0    0  1280   832 1260  308 25  1 75  0  0
 2  0 961588 2004764   2056 603940    0    0  1024     0 1307  389 25  1 75  0  0
 2  0 961588 2004764   2056 603940    0    0  1280     0 1248  350 25  0 74  0  0
 2  0 961588 2004764   2056 603940    0    0  1024     0 1307  373 25  1 75  0  0
 2  0 961588 2004764   2056 603940    0    0  1280    48 1298  328 25  0 75  0  0
 8  0 961588 2004764   2056 603940    0    0  8052   364 2736 2620 33  6 60  1  0
 3  0 961588 2004764   2056 603940    0    0 14380     0 4099 3451 51  5 43  1  0
 3  0 961588 2004764   2056 603940    0    0  1028     0 4939 1196 54  4 43  0  0
 3  0 961588 2004764   2056 603940    0    0  1212     0 5677 2160 56  4 41  0  0
 3  0 961588 2004764   2056 603940    0    0  1024   108 2806  639 31  1 68  0  0
 5  0 961588 2004764   2056 603940    0    0  1040  1424 3789 2470 51  9 41  0  0
 2  0 961588 2004764   2056 603940    0    0  1472    96 2332 2547 30  4 67  0  0
 2  0 961588 2004764   2056 603940    0    0  1028   132 1326  398 25  0 75  0  0
 2  0 961588 2004764   2056 603940    0    0  1280     0 1365  395 25  1 74  0  0
 2  0 961588 2004764   2056 603940    0    0  1032     0 1449  416 25  1 74  0  0
procs -----------memory---------- ---swap-- -----io---- -system-- ------cpu-----
 r  b   swpd   free   buff  cache   si   so    bi    bo   in   cs us sy id wa st
 2  0 961588 2004764   2056 603940    0    0  1280     0 1487  479 25  1 74  0  0
 2  0 961588 2004764   2056 603940    0    0  1424   520 1416  400 26  0 74  0  0
 2  0 961588 2004764   2056 603940    0    0  1280     0 1360  442 25  1 74  0  0
 2  0 961588 2004764   2056 603940    0    0  1024     0 1381  491 25  0 75  0  0
 2  0 961588 2004764   2056 603940    0    0  1320     0 1431  445 25  1 74  0  0
 2  0 961588 2004764   2056 603940    0    0  1024     0 1269  348 25  0 74  0  0
 2  0 961588 2004764   2056 603940    0    0  1280    68 1327  394 25  0 75  0  0
 2  0 961588 2004764   2056 603940    0    0  1024     0 1289  332 25  0 75  0  0
 2  0 961588 2004764   2056 603940    0    0 19228    24 2754  825 39  2 59  0  0
 2  0 961588 2004764   2056 603940    0    0  1024     0 1256  302 25  0 75  0  0
 2  0 961588 2004764   2056 603940    0    0  1024   920 3248  917 59  1 40  0  0
 2  0 961588 2004764   2056 603940    0    0  3380  2064 1695  685 25  1 73  1  0
 2  0 961588 2004764   2056 603940    0    0  1024    12 1493  520 25  1 74  0  0
 2  0 961588 2004764   2056 603940    0    0  1284     0 1403  394 25  0 74  0  0
 2  0 961588 2004764   2056 603940    0    0  1024     0 1433  442 25  1 74  0  0
 2  0 961588 2004764   2056 603940    0    0  1280     0 1261  289 25  0 75  0  0
 2  0 961588 2004764   2056 603940    0    0  1280    36 1509  556 25  1 74  0  0
 2  0 961588 2004764   2056 603940    0    0  1024     0 1279  356 25  0 75  0  0
 2  0 961588 2004764   2056 603940    0    0  1280     0 1346  404 25  1 74  0  0
 2  0 961588 2004764   2056 603940    0    0  1040     0 1302  324 25  0 75  0  0
 2  0 961588 2004764   2056 603940    0    0  1280   108 1515  624 25  1 74  0  0
procs -----------memory---------- ---swap-- -----io---- -system-- ------cpu-----
 r  b   swpd   free   buff  cache   si   so    bi    bo   in   cs us sy id wa st
 2  0 961588 2004764   2056 603940    0    0  1024   948 2129  670 33  1 67  0  0
 2  1 961588 2004764   2056 603940    0    0  7152     0 1594  616 25  1 73  1  0
 2  0 961588 2004764   2056 603940    0    0  5676     0 1643  695 26  1 72  2  0
 2  0 961588 2004764   2056 603940    0    0  1280     0 1400  452 25  0 74  0  0
 2  0 961588 2004764   2056 603940    0    0  1024    68 1233  301 25  0 75  0  0
 2  0 961588 2004764   2056 603940    0    0  1288 12116 1472  466 25  1 70  4  0
 2  0 961588 2004764   2056 603940    0    0  1024     4 1393  403 25  0 74  0  0
 2  0 961588 2004764   2056 603940    0    0  1280     0 1413  457 25  1 74  0  0
 2  0 961588 2004764   2056 603940    0    0  1024     0 1269  334 25  1 75  0  0
 2  0 961588 2004764   2056 603940    0    0  1324    44 1332  424 25  1 74  0  0
 2  0 961588 2004764   2056 603940    0    0  1024   400 1350  353 25  0 75  0  0
 2  0 961588 2004764   2056 603940    0    0  1280     0 1377  426 25  1 74  0  0
 2  0 961588 2004764   2056 603940    0    0  1280     0 1292  360 25  0 75  0  0
 2  0 961588 2004764   2056 603940    0    0  1024     0 1353  405 25  1 74  0  0
 2  0 961588 2004764   2056 603940    0    0  1280    40 1386  401 25  0 74  0  0
 2  0 961588 2004764   2056 603940    0    0  1024     0 1404  464 25  1 74  0  0
 2  0 961588 2004764   2056 603940    0    0  1280     0 1280  314 25  0 75  0  0
 2  0 961588 2004764   2056 603940    0    0  1024     0 1359  415 25  1 74  0  0
 2  0 961588 2004764   2056 603940    0    0  1284  1864 1307  328 25  1 72  3  0
 2  0 961588 2004764   2056 603940    0    0  1068    76 1379  421 25  1 74  0  0
 2  0 961588 2004764   2056 603940    0    0  1280     0 1471  438 26  0 74  0  0
procs -----------memory---------- ---swap-- -----io---- -system-- ------cpu-----
 r  b   swpd   free   buff  cache   si   so    bi    bo   in   cs us sy id wa st
 2  0 961588 2004764   2056 603940    0    0  1032 22132 1791  651 25  1 72  2  0
 2  0 961588 2004764   2056 603940    0    0  1280     0 1249  305 25  0 75  0  0
 2  0 961588 2004764   2056 603940    0    0  1280     0 1456  661 25  1 74  0  0
 2  0 961588 2004764   2056 603940    0    0  1024     0 1290  292 25  0 75  0  0
 2  0 961588 2004764   2056 603940    0    0  1280   136 1337  425 25  0 74  0  0
 2  0 961588 2004764   2056 603940    0    0  1024    20 1401  386 25  0 75  0  0
 2  0 961588 2004764   2056 603940    0    0  1280     0 1385  422 25  1 74  0  0
 2  0 961588 2004764   2056 603940    0    0  1024     0 1239  282 25  1 75  0  0
 2  0 961588 2004764   2056 603940    0    0  1280   124 1315  426 25  0 74  0  0
 2  0 961588 2004764   2056 603940    0    0  1024     0 1365  346 25  0 75  0  0
 2  0 961588 2004764   2056 603940    0    0  1328     0 1443  538 25  1 74  0  0
 2  0 961588 2004764   2056 603940    0    0  1024   248 1353  386 25  1 75  0  0
 2  0 961588 2004764   2056 603940    0    0  1280     0 1371  448 25  1 74  0  0
 2  0 961588 2004764   2056 603940    0    0  1024    44 1368  346 25  0 74  0  0
 2  0 961588 2004764   2056 603940    0    0  1280     4 1430  487 25  1 74  0  0
 2  0 961588 2004764   2056 603940    4    0  1284     0 1243  321 25  0 75  0  0
 2  0 961588 2004764   2056 603940    0    0  1024     0 1387  450 25  1 74  0  0
 2  0 961588 2004764   2056 603940    0    0  1412   392 1494  475 25  0 74  0  0
 2  0 961588 2004764   2056 603940    0    0  1072     0 1401  466 25  1 74  0  0
 2  0 961588 2004764   2056 603940    0    0  1280   164 1364  321 25  0 75  0  0
 2  0 961588 2004764   2056 603940    0    0  1024     0 1330  395 25  0 74  0  0
procs -----------memory---------- ---swap-- -----io---- -system-- ------cpu-----
 r  b   swpd   free   buff  cache   si   so    bi    bo   in   cs us sy id wa st
 2  0 961588 2004764   2056 603940    0    0  1280     0 1276  354 25  0 75  0  0
 2  0 961588 2004764   2056 603940    0    0  1024   220 1424  455 25  1 74  0  0
 2  0 961588 2004764   2056 603940    0    0  1280     0 1303  372 25  0 75  0  0
 2  0 961588 2004764   2056 603940    0    0  1024     0 1421  430 25  1 74  0  0
 2  0 961588 2004764   2056 603940    0    0  1280     0 1280  309 25  0 75  0  0
 2  0 961588 2004764   2056 603940    0    0  1024     0 1321  392 25  0 75  0  0
 2  0 961588 2004764   2056 603940    0    0  1280    40 1305  309 25  0 74  0  0
 2  0 961588 2004764   2056 603940    0    0  1280   136 1401  415 25  1 74  0  0
 2  0 961588 2004764   2056 603940    0    0  1024     4 1291  339 25  0 75  0  0
 2  0 961588 2004764   2056 603940    0    0  1280   132 1417  481 25  1 74  0  0
 2  0 961588 2004764   2056 603940    0    0  1028  3624 1320  360 26  0 74  0  0
 2  0 961588 2004764   2056 603940    0    0  1280    80 1327  422 25  1 74  0  0
 2  0 961588 2004764   2056 603940    0    0  1024     0 1343  346 25  0 75  0  0
 2  0 961588 2004764   2056 603940    0    0  1280     0 1439  456 25  1 74  0  0
 2  0 961588 2004764   2056 603940    0    0  1024   124 1316  356 25  0 75  0  0
 2  0 961588 2004764   2056 603940    0    0  1280     0 1311  383 25  1 74  0  0
 2  0 961588 2004764   2056 603940    0    0  1024  1944 1427  393 25  0 74  0  0
 2  0 961588 2004764   2056 603940    0    0  1280     0 1385  432 25  1 74  0  0
 2  0 961588 2004764   2056 603940    0    0  1024     0 1327  325 25  0 75  0  0
 2  0 961588 2004764   2056 603940    0    0  1280    12 1463  496 25  1 74  0  0
 2  0 961588 2004764   2056 603940    0    0  1280     0 1306  363 25  0 75  0  0
procs -----------memory---------- ---swap-- -----io---- -system-- ------cpu-----
 r  b   swpd   free   buff  cache   si   so    bi    bo   in   cs us sy id wa st
 3  0 961588 2004764   2056 603940    0    0  1024     4 1351  384 25  1 74  0  0
 2  0 961588 2004764   2056 603940    0    0  1280   200 1356  351 25  0 75  0  0
 2  0 961588 2004764   2056 603940    0    0  1024     0 1307  383 25  0 74  0  0
 2  0 961588 2004764   2056 603940    0    0  1280     0 1301  310 25  0 75  0  0
 2  0 961588 2004764   2056 603940    0    0  1024     0 1322  401 25  0 74  0  0
 2  0 961588 2004764   2056 603940    0    0  1280     0 1364  400 25  1 74  0  0
 2  0 961588 2004764   2056 603940    0    0  1024    40 1438  470 26  1 74  0  0
 2  0 961588 2004764   2056 603940    0    0  1280     0 1234  298 25  0 75  0  0
 2  0 961588 2004764   2056 603940    0    0  1024   212 1389  467 25  1 74  0  0
 2  0 961588 2004764   2056 603940    0    0  1280     0 1340  413 25  0 75  0  0
 2  0 961588 2004764   2056 603940    0    0  1076     0 1411  446 25  1 74  0  0
 3  0 961588 2004764   2056 603940    0    0  1280   172 1375  400 25  0 74  0  0
 2  0 961588 2004764   2056 603940    8    0  1288     0 1316  423 25  1 74  0  0
 2  0 961588 2004764   2056 603940    0    0  1024     0 1315  343 25  1 74  0  0
 2  0 961588 2004764   2056 603940    0    0  1280     0 1415  447 25  1 74  0  0
 3  0 961588 2004764   2056 603940    0    0  1080  1864 2506 1806 33  4 63  0  0
 4  0 961588 2004764   2056 603940    0    0  1732   152 4287 3290 55  7 38  0  0
 3  0 961588 2004764   2056 603940    0    0  1024     0 3958  987 52  4 45  0  0
 8  0 961588 2004764   2056 603940    0    0  1024     0 5939 2148 56  4 40  0  0
 3  0 961588 2004764   2056 603940    0    0  1024   412 2185  578 29  2 69  0  0
 3  0 961588 2004764   2056 603940    0    0  1024  3748 3696 2653 51  9 40  0  0
procs -----------memory---------- ---swap-- -----io---- -system-- ------cpu-----
 r  b   swpd   free   buff  cache   si   so    bi    bo   in   cs us sy id wa st
 2  0 961588 2004764   2056 603940    0    0  1280    92 2055 2184 29  3 68  0  0
 2  0 961588 2004764   2056 603940    0    0  1024     0 1333  430 25  1 74  0  0
 2  0 961588 2004764   2056 603940    0    0  1280     0 1323  391 25  0 75  0  0
 2  0 961588 2004764   2056 603940    0    0  1024    20 1323  387 25  1 74  0  0
 2  0 961588 2004764   2056 603940    0    0  1280     0 1307  310 25  0 75  0  0
 2  0 961588 2004764   2056 603940    0    0  1024   512 1362  427 25  1 74  0  0
 2  0 961588 2004764   2056 603940    0    0  1280     0 1255  320 25  0 75  0  0
 2  0 961588 2004764   2056 603940    0    0  1024     0 1431  497 25  1 74  0  0
 2  0 961588 2004764   2056 603940    0    0  1280     0 1384  441 26  0 74  0  0
 2  0 961588 2004764   2056 603940    0    0  1024     8 1298  383 25  1 75  0  0
 2  0 961588 2004764   2056 603940    0    0  1280    80 1337  341 25  1 74  0  0
 2  0 961588 2004764   2056 603940    0    0  1024     0 1352  432 25  1 74  0  0
 2  0 961588 2004764   2056 603940    0    0  1280     0 1305  348 25  0 75  0  0
 2  0 961588 2004764   2056 603940    0    0  1024    24 1397  443 25  0 75  0  0
 2  0 961588 2004764   2056 603940    0    0  1280     0 1503  454 26  0 74  0  0
 2  0 961588 2004764   2056 603940    0    0  1024    48 1361  439 25  0 74  0  0
 2  0 961588 2004764   2056 603940    0    0  1280     0 1374  378 25  0 75  0  0
 2  0 961588 2004764   2056 603940    0    0  1280     0 1373  446 25  1 74  0  0
 2  0 961588 2004764   2056 603940    0    0  1024   912 1486  545 25  0 74  0  0
 2  0 961588 2004764   2056 603940    0    0  1280     0 1311  395 25  1 74  0  0
 2  0 961588 2004764   2056 603940    0    0  1024    36 1289  342 25  0 75  0  0
procs -----------memory---------- ---swap-- -----io---- -system-- ------cpu-----
 r  b   swpd   free   buff  cache   si   so    bi    bo   in   cs us sy id wa st
 2  0 961588 2004764   2056 603940    0    0  1280     0 1399  442 25  1 74  0  0
 2  0 961588 2004764   2056 603940    0    0  1024     0 1271  312 25  0 75  0  0
 2  0 961588 2004764   2056 603940    0    0  1280     0 1388  423 25  1 74  0  0
 2  0 961588 2004764   2056 603940    0    0  1024   120 1524  497 25  0 74  0  0
 2  0 961588 2004764   2056 603940    0    0  1280   100 1926  837 33  1 66  0  0
 2  0 961588 2004764   2056 603940    0    0  1024   212 1424  435 25  1 74  0  0
 2  0 961588 2004764   2056 603940    0    0  1280     0 1537  651 26  1 73  0  0
 2  0 961588 2004764   2056 603940    0    0  1024     0 1279  330 25  0 74  0  0
 2  0 961588 2004764   2056 603940    0    0  1280   440 1536  511 25  1 74  0  0
 2  0 961588 2004764   2056 603940    0    0  1032  3716 1522  504 25  1 74  0  0
 2  0 961588 2004764   2056 603940    0    0  1280     0 1389  412 25  1 74  0  0
 2  0 961588 2004764   2056 603940    0    0  1024     0 1312  387 25  0 75  0  0
 2  0 961588 2004764   2056 603940    0    0  1280     0 1308  399 25  1 74  0  0
 2  0 961588 2004764   2056 603940    0    0  1028 13712 1474  437 25  1 73  1  0
 2  0 961588 2004764   2056 603940    0    0  1280   208 1370  423 25  1 74  0  0
 2  0 961588 2004764   2056 603940    0    0  1280   608 1523  502 25  0 74  0  0
 3  0 961588 2004764   2056 603940    0    0  1024     0 1472  486 25  1 74  0  0
 2  0 961588 2004764   2056 603940    0    0  1280     0 1381  413 25  0 74  0  0
 2  0 961588 2004764   2056 603940    0    0  1024     0 1347  433 25  1 74  0  0
 2  0 961588 2004764   2056 603940    0    0  1280   160 1334  359 25  0 75  0  0
 2  0 961588 2004764   2056 603940    0    0  1024     0 1368  421 25  1 74  0  0
procs -----------memory---------- ---swap-- -----io---- -system-- ------cpu-----
 r  b   swpd   free   buff  cache   si   so    bi    bo   in   cs us sy id wa st
 2  0 961588 2004764   2056 603940    0    0  1280     0 1394  385 25  1 74  0  0
 2  0 961588 2004764   2056 603940    0    0  1024     0 1299  394 25  1 74  0  0
 2  0 961588 2004764   2056 603940    0    0  1280    24 1288  373 25  0 74  0  0
 2  0 961588 2004764   2056 603940    0    0  1024    44 1329  406 25  1 74  0  0
 2  0 961588 2004764   2056 603940    0    0  1280    40 1347  357 25  0 74  0  0
 2  0 961588 2004764   2056 603940    0    0  1024     0 1369  446 25  1 74  0  0
 2  0 961588 2004764   2056 603940    0    0  1280     0 1390  441 25  0 74  0  0
 2  0 961588 2004764   2056 603940    0    0  1024     0 1477  500 26  1 74  0  0
 2  0 961588 2004764   2056 603940    0    0  1280    32 1315  390 25  0 74  0  0
 2  0 961588 2004764   2056 603940    0    0  1280     0 1449  489 25  1 74  0  0
 2  0 961588 2004764   2056 603940    0    0  1024     0 1355  384 25  1 74  0  0
 2  0 961588 2004764   2056 603940    0    0  1420   104 1348  435 25  1 74  0  0
 2  0 961588 2004764   2056 603940    0    0  1024  1864 1385  367 25  1 74  0  0
 2  0 961588 2004764   2056 603940    0    0  1280     0 1345  425 25  1 74  0  0
 2  0 961588 2004764   2056 603940    0    0  1024    28 1317  384 25  0 74  0  0
 2  0 961588 2004764   2056 603940    0    0  1464   112 1421  530 25  1 74  0  0
 2  0 961588 2004764   2056 603940    0    0  8384   808 1969 1014 26  1 72  2  0
 2  0 961588 2004764   2056 603940    0    0  1280     0 1401  464 25  1 74  0  0
 2  0 961588 2004764   2056 603940    0    0  1024     0 1260  307 25  0 75  0  0
 2  0 961588 2004764   2056 603940    0    0  1280  3688 1465  655 25  1 74  0  0
 2  0 961588 2004764   2056 603940    0    0  1024    80 1309  394 25  0 74  0  0
procs -----------memory---------- ---swap-- -----io---- -system-- ------cpu-----
 r  b   swpd   free   buff  cache   si   so    bi    bo   in   cs us sy id wa st
 2  0 961588 2004764   2056 603940    0    0  1280     4 1324  392 25  1 74  0  0
 2  0 961588 2004764   2056 603940    0    0  1024   180 1290  297 25  0 74  0  0
 2  0 961588 2004764   2056 603940    0    0  1280     0 1392  472 25  1 74  0  0
 2  0 961588 2004764   2056 603940    0    0  1280     0 1269  323 25  0 74  0  0
 2  0 961588 2004764   2056 603940    0    0  1024    36 1526  564 25  0 74  0  0
 2  0 961588 2004764   2056 603940    0    0  1280     0 1341  407 25  0 75  0  0
 2  0 961588 2004764   2056 603940    0    0  1024     0 1449  497 25  1 74  0  0
 2  0 961588 2004764   2056 603940    0    0  1280    28 1326  322 25  0 75  0  0
 2  0 961588 2004764   2056 603940    0    0  1024     0 1342  448 25  1 74  0  0
 2  0 961588 2004764   2056 603940    0    0  1288    48 1364  379 25  1 74  0  0
 2  0 961588 2004764   2056 603940    0    0  1024     0 1347  414 25  1 74  0  0
 2  0 961588 2004764   2056 603940    0    0  1280  1864 1379  408 25  1 74  0  0
 2  0 961588 2004764   2056 603940    0    0  1024    24 1413  471 25  1 74  0  0
 2  0 961588 2004764   2056 603940    0    0  1280     0 1438  414 25  1 74  0  0
 2  0 961588 2004764   2056 603940    0    0  1024    88 1431  460 25  1 74  0  0
 2  0 961588 2004764   2056 603940    0    0  1280     0 1305  358 25  0 75  0  0
 2  0 961588 2004764   2056 603940    0    0  1024     0 1428  474 25  1 74  0  0
 2  0 961588 2004764   2056 603940    0    0  1280     0 1283  358 25  0 75  0  0
 2  0 961588 2004764   2056 603940    0    0  1280     0 1355  428 25  1 74  0  0
 2  0 961588 2004764   2056 603940    0    0  1024  2456 1375  361 25  0 75  0  0
 2  0 961588 2004764   2056 603940    0    0  1280     0 1355  413 25  1 74  0  0
procs -----------memory---------- ---swap-- -----io---- -system-- ------cpu-----
 r  b   swpd   free   buff  cache   si   so    bi    bo   in   cs us sy id wa st
 2  0 961588 2004764   2056 603940    0    0  1024     0 1271  327 25  0 74  0  0
 2  0 961588 2004764   2056 603940    0    0  1280     0 1302  365 25  1 75  0  0
 2  0 961588 2004764   2056 603940    0    0  1024     0 1346  389 25  0 75  0  0
 2  0 961588 2004764   2056 603940    0    0  1280     0 1433  497 25  1 74  0  0
 2  0 961588 2004764   2056 603940    0    0  1024   168 1419  432 25  0 74  0  0
 2  0 961588 2004764   2056 603940    0    0  1280     0 1343  402 25  1 74  0  0
 2  0 961588 2004764   2056 603940    0    0  1024     0 1351  349 25  0 75  0  0
 2  0 961588 2004764   2056 603940    0    0  1280     0 1290  389 25  1 74  0  0
 2  0 961588 2004764   2056 603940    0    0  1024     0 1340  375 25  0 75  0  0
 2  0 961588 2004764   2056 603940    0    0  1284  1396 1574  517 25  1 74  0  0
 2  0 961588 2004764   2056 603940    0    0  1280     0 1275  309 25  0 75  0  0
 2  0 961588 2004764   2056 603940    0    0  1024  1864 1465  480 25  1 74  0  0
 2  0 961588 2004764   2056 603940    0    0  1280     0 1392  380 25  0 75  0  0
 2  0 961588 2004764   2056 603940    0    0  1024     0 1363  446 25  1 74  0  0
 2  0 961588 2004764   2056 603940    0    0  1280   124 1446  464 25  0 74  0  0
 2  0 961588 2004764   2056 603940    0    0  1024     0 1348  426 25  0 74  0  0
 2  0 961588 2004764   2056 603940    0    0  1280   100 1380  329 25  1 74  0  0
 2  0 961588 2004764   2056 603940    0    0  1028     0 1419  476 25  1 74  0  0
 2  0 961588 2004764   2056 603940    0    0  1280     0 1284  317 25  0 75  0  0
 2  0 961588 2004764   2056 603940    0    0  1024   104 1329  405 25  1 74  0  0
 2  0 961588 2004764   2056 603940    0    0  1280     0 1256  331 25  0 75  0  0
procs -----------memory---------- ---swap-- -----io---- -system-- ------cpu-----
 r  b   swpd   free   buff  cache   si   so    bi    bo   in   cs us sy id wa st
 3  0 961588 2004764   2056 603940    0    0  1036    32 1459  487 25  1 74  0  0
 2  0 961588 2004764   2056 603940    0    0  1280     0 1467  403 25  0 74  0  0
 2  0 961588 2004764   2056 603940    0    0  1024     0 1467  464 25  1 74  0  0
 3  0 961588 2004764   2056 603940    0    0  1604    48 1477  514 26  1 73  0  0
 2  0 961588 2004764   2056 603940    0    0  2120   604 1785  554 28  1 71  0  0
 2  0 961588 2004764   2056 603940    0    0  1280     0 1373  398 26  0 74  0  0
 2  0 961588 2004764   2056 603940   32    0  1060    36 1535  521 27  1 72  0  0
 2  0 961588 2004764   2056 603940   12    0  1296     8 1687  561 28  1 72  0  0
 2  0 961588 2004764   2056 603940    0    0  1032  3732 1658  614 26  1 73  0  0
 2  0 961588 2004764   2056 603940    0    0  1280    16 1325  374 25  0 74  0  0
 2  0 961588 2004764   2056 603940    0    0  1024  1864 1490  492 25  1 74  0  0
 2  0 961588 2004764   2056 603940    0    0  1280     0 1299  393 25  0 75  0  0
 2  0 961588 2004764   2056 603940    0    0  1280     0 1376  468 25  1 74  0  0
 2  0 961588 2004764   2056 603940    0    0  1024   100 1258  321 25  0 75  0  0
 2  0 961588 2004764   2056 603940    0    0  1280     0 1462  476 25  1 74  0  0
 2  0 961588 2004764   2056 603940    0    0  1024     0 1369  364 25  1 75  0  0
 2  0 961588 2004764   2056 603940    0    0  1280     0 1292  376 25  0 75  0  0
 2  0 961588 2004764   2056 603940    0    0  1576     0 1325  406 25  0 74  0  0
 2  0 961588 2004764   2056 603940    0    0  1280    60 1485  673 25  0 74  0  0
 2  0 961588 2004764   2056 603940    0    0  1024     0 1216  272 25  0 75  0  0
 2  0 961588 2004764   2056 603940    0    0  1280     0 1271  370 25  1 74  0  0
procs -----------memory---------- ---swap-- -----io---- -system-- ------cpu-----
 r  b   swpd   free   buff  cache   si   so    bi    bo   in   cs us sy id wa st
 2  0 961588 2004764   2056 603940    0    0  1024     0 1334  346 25  0 75  0  0
 2  0 961588 2004764   2056 603940    0    0  1280   496 1702  646 25  1 74  0  0
 2  0 961588 2004764   2056 603940    0    0  2652     0 1903 1514 30  3 67  0  0
 2  0 961588 2004764   2056 603940    0    0  1280     0 1308  396 25  1 74  0  0
 3  0 961588 2004764   2056 603940    0    0 11528   240 4328 5497 52 10 36  2  0
 6  0 961588 2004764   2056 603940    0    0  1024     0 3760 1038 52  4 44  0  0
 3  0 961588 2004764   2056 603940    0    0  1024     0 5359 1000 53  4 43  0  0
 2  0 961588 2004764   2056 603940    0    0  1440     0 5105 2076 46  4 50  0  0
 3  0 961588 2004764   2056 603940    0    0  1024   280 2717  666 39  4 57  0  0
 2  0 961588 2004764   2056 603940    0    0  1156   912 3425 4010 44  8 47  0  0
 2  0 961588 2004764   2056 603940    0    0  1280    24 1403  406 25  0 74  0  0
 2  0 961588 2004764   2056 603940    0    0  1024     0 1402  444 25  1 74  0  0
 2  0 961588 2004764   2056 603940    0    0  1280   500 1457  450 26  1 74  0  0
 2  0 961588 2004764   2056 603940    0    0  1024     0 1321  408 25  1 74  0  0
 2  0 961588 2004764   2056 603940    0    0  1280   428 1404  473 25  1 74  0  0
 2  0 961588 2004764   2056 603940    0    0  1024    20 1407  434 25  1 74  0  0
 2  0 961588 2004764   2056 603940    0    0  1280     0 1275  286 25  0 75  0  0
 2  0 961588 2004764   2056 603940    0    0  1032  3624 1341  408 25  1 74  0  0
 2  0 961588 2004764   2056 603940    0    0  1280     0 1246  292 25  0 75  0  0
 2  0 961588 2004764   2056 603940    0    0  1304  4300 1435  488 25  1 74  0  0
 2  0 961588 2004764   2056 603940    0    0  1024     0 1327  373 25  0 75  0  0
procs -----------memory---------- ---swap-- -----io---- -system-- ------cpu-----
 r  b   swpd   free   buff  cache   si   so    bi    bo   in   cs us sy id wa st
 2  0 961588 2004764   2056 603940    0    0  1280     0 1439  510 25  1 74  0  0
 2  0 961588 2004764   2056 603940    0    0  1028   264 1358  402 25  0 74  0  0
 2  0 961588 2004764   2056 603940    0    0  1280     0 1588  522 25  1 74  0  0
 2  0 961588 2004764   2056 603940    0    0  1044  7732 1446  442 25  0 74  0  0
 2  0 961588 2004764   2056 603940    0    0  1280     0 1363  400 25  1 74  0  0
 2  0 961588 2004764   2056 603940    0    0  1024     0 1323  381 25  0 74  0  0
 2  0 961588 2004764   2056 603940    0    0  1280    76 1328  401 25  1 74  0  0
 2  0 961588 2004764   2056 603940    0    0  1024     0 1231  278 25  0 75  0  0
 2  0 961588 2004764   2056 603940    0    0  1288  1864 1549  619 26  1 74  0  0
 2  0 961588 2004764   2056 603940    0    0  1024     0 1400  378 25  1 75  0  0
 2  0 961588 2004764   2056 603940    0    0  1280     4 1343  413 25  1 74  0  0
 2  0 961588 2004764   2056 603940    0    0  1024   120 1453  500 25  1 74  0  0
 3  0 961588 2004764   2056 603940    0    0  1280     0 1397  439 25  1 74  0  0
 2  0 961588 2004764   2056 603940    0    0  1024   196 1887  792 30  1 69  0  0
 2  0 961588 2004764   2056 603940    0    0  1280     0 1568  462 29  1 70  0  0
 2  0 961588 2004764   2056 603940    0    0  1024     4 1242  321 25  0 75  0  0
 2  0 961588 2004764   2056 603940    0    0  1280     0 1432  463 25  1 74  0  0
 2  0 961588 2004764   2056 603940    0    0  1024     0 1226  322 25  0 75  0  0
 2  0 961588 2004764   2056 603940    0    0  1280   340 1352  398 25  1 74  0  0
 2  0 961588 2004764   2056 603940    0    0  1280     0 1307  319 25  1 75  0  0
 2  0 961588 2004764   2056 603940    0    0  1024     4 1306  389 25  0 75  0  0
procs -----------memory---------- ---swap-- -----io---- -system-- ------cpu-----
 r  b   swpd   free   buff  cache   si   so    bi    bo   in   cs us sy id wa st
 2  0 961588 2004764   2056 603940    0    0  1280     0 1405  445 25  1 74  0  0
 2  0 961588 2004764   2056 603940    0    0  1024     0 1341  401 25  1 74  0  0
 2  0 961588 2004764   2056 603940    0    0  1280    16 1279  377 25  0 75  0  0
 2  0 961588 2004764   2056 603940    0    0  1024   624 1453  500 25  1 74  0  0
 2  0 961588 2004764   2056 603940    0    0  1292    16 1374  391 25  0 74  0  0
 2  0 961588 2004764   2056 603940    0    0  1024     0 1298  379 25  1 74  0  0
 2  0 961588 2004764   2056 603940    0    0  1284  3560 1265  301 25  1 74  1  0
 2  0 961588 2004764   2056 603940    0    0  1024    92 1367  457 25  1 74  0  0
 2  0 961588 2004764   2056 603940    0    0  1280   172 1358  424 25  0 74  0  0
 2  0 961588 2004764   2056 603940    0    0  1024    20 1359  473 25  1 74  0  0
 2  0 961588 2004764   2056 603940    0    0  1280     0 1350  387 25  0 75  0  0
 2  0 961588 2004764   2056 603940    0    0  1024     4 1403  443 25  1 74  0  0
 2  0 961588 2004764   2056 603940    0    0  1280    48 1269  320 25  0 75  0  0
 2  0 961588 2004764   2056 603940    0    0  1024   104 1319  390 25  1 74  0  0
 2  0 961588 2004764   2056 603940    0    0  1280     0 1298  362 25  0 75  0  0
 2  0 961588 2004764   2056 603940    0    0  1280     0 1382  427 25  1 74  0  0
 2  0 961588 2004764   2056 603940    0    0  1024     0 1354  529 25  0 75  0  0
 3  0 961588 2004764   2056 603940    0    0  1032   100 2572 2494 35  7 58  0  0
 3  0 961588 2004764   2056 603940    0    0  1024     0 4041 2440 51  6 43  0  0
 3  0 961588 2004764   2056 603940    0    0  1024     0 4250 1046 55  4 41  0  0
 2  0 961588 2004764   2056 603940    0    0  1024   556 5509 2100 52  4 44  0  0
procs -----------memory---------- ---swap-- -----io---- -system-- ------cpu-----
 r  b   swpd   free   buff  cache   si   so    bi    bo   in   cs us sy id wa st
 3  0 961588 2004764   2056 603940    0    0  1280     0 1928  566 30  3 68  0  0
 3  0 961588 2004764   2056 603940    0    0  1024   176 4249 2827 53  9 39  0  0
 2  0 961588 2004764   2056 603940    0    0  1024   180 1812 2242 26  2 71  0  0
 2  0 961588 2004764   2056 603940    0    0  1280     0 1278  330 25  0 75  0  0
 2  0 961588 2004764   2056 603940    0    0  1024     4 1389  446 25  1 74  0  0
 2  0 961588 2004764   2056 603940    0    0  1280     0 1317  357 25  0 75  0  0
 2  0 961588 2004764   2056 603940    0    0  1024     0 1460  496 25  1 74  0  0
 2  0 961588 2004764   2056 603940    0    0  1280   508 1410  380 25  0 74  0  0
 2  0 961588 2004764   2056 603940    0    0  1024     0 1392  432 25  1 74  0  0
 2  0 961588 2004764   2056 603940    0    0  1280     0 1277  362 25  0 75  0  0
 2  0 961588 2004764   2056 603940    0    0  1024     0 1420  458 25  1 74  0  0
 2  0 961588 2004764   2056 603940    0    0  1300     0 1373  405 25  1 74  0  0
 2  0 961588 2004764   2056 603940    0    0  1024   328 1386  411 25  1 74  0  0
 2  0 961588 2004764   2056 603940    0    0  1280     0 1320  334 25  0 75  0  0
 2  0 961588 2004764   2056 603940    0    0  1024   808 1590  576 25  1 74  0  0
 2  0 961588 2004764   2056 603940    0    0  1280     0 1229  292 25  0 75  0  0
 2  0 961588 2004764   2056 603940    0    0  1280  3552 1329  402 25  1 74  0  0
 2  0 961588 2004764   2056 603940    0    0  1024    68 1391  402 25  0 74  0  0
 2  0 961588 2004764   2056 603940    0    0  1280     0 1543  563 25  1 74  0  0
 2  0 961588 2004764   2056 603940    0    0  1024    24 1372  366 26  0 74  0  0
 2  0 961588 2004764   2056 603940    0    0  1280  4792 1467  479 25  1 74  0  0
procs -----------memory---------- ---swap-- -----io---- -system-- ------cpu-----
 r  b   swpd   free   buff  cache   si   so    bi    bo   in   cs us sy id wa st
 2  0 961588 2004764   2056 603940    0    0  1024     8 1391  373 25  0 75  0  0
 2  0 961588 2004764   2056 603940    0    0  1280    72 1397  464 25  1 74  0  0
 2  0 961588 2004764   2056 603940    0    0  1024     0 1426  418 25  0 74  0  0
 2  0 961588 2004764   2056 603940    0    0  1280    24 1373  450 25  0 75  0  0
 2  0 961588 2004764   2056 603940    0    0  1028  7732 1379  377 25  1 74  0  0
 3  0 961588 2004764   2056 603940    0    0  1280  2040 1704  810 26  1 73  0  0
 2  0 961588 2004764   2056 603940    0    0  1024     0 1710  434 32  1 67  0  0
 2  0 961588 2004764   2056 603940    0    0  1280     0 1449  490 25  1 74  0  0
 2  0 961588 2004764   2056 603940    0    0  1024     0 1574  580 26  1 73  0  0
 2  0 961588 2004764   2056 603940    0    0  1280     0 1436  462 25  1 74  0  0
 2  0 961588 2004764   2056 603940    0    0  1024    56 1279  300 25  0 75  0  0
 2  0 961588 2004764   2056 603940    0    0  1280     0 1371  413 25  1 74  0  0
 2  0 961588 2004764   2056 603940    0    0  1024     0 1272  306 25  0 75  0  0
 2  0 961588 2004764   2056 603940    0    0  1280     0 1335  394 25  1 74  0  0
 2  0 961588 2004764   2056 603940    0    0  1024     0 1294  359 25  0 74  0  0
 2  0 961588 2004764   2056 603940    0    0  1280    32 1358  396 25  1 74  0  0
 2  0 961588 2004764   2056 603940    0    0  1024     0 1374  370 25  0 74  0  0
 2  0 961588 2004764   2056 603940    0    0  1288     0 1385  452 25  1 74  0  0
 2  0 961588 2004764   2056 603940    0    0  1024     0 1385  411 25  0 74  0  0
 2  0 961588 2004764   2056 603940    0    0  1280     0 1405  430 25  1 74  0  0
 2  0 961588 2004764   2056 603940    0    0  1280    32 1300  376 26  0 74  0  0
procs -----------memory---------- ---swap-- -----io---- -system-- ------cpu-----
 r  b   swpd   free   buff  cache   si   so    bi    bo   in   cs us sy id wa st
 2  0 961588 2004764   2056 603940    0    0  1024     0 1357  420 25  1 74  0  0
 2  0 961588 2004764   2056 603940    0    0  1280     0 1339  368 25  0 74  0  0
 2  0 961588 2004764   2056 603940    0    0  1024     0 1413  411 25  1 74  0  0
 2  0 961588 2004764   2056 603940    0    0  1280   860 1469  412 25  0 74  0  0
 3  0 961588 2004764   2056 603940    0    0  1024  5528 2396 1632 33  4 63  0  0
 3  0 961588 2004764   2056 603940    4    0  1032   140 4142 3268 55  7 38  0  0
 3  0 961588 2004764   2056 603940    0    0  1024   176 4353 1155 53  4 43  0  0
 3  0 961588 2004764   2056 603940    0    0  1024     0 5568 1996 55  4 41  0  0
 3  0 961588 2004764   2056 603940    0    0  1024     0 2699  642 31  1 68  0  0
 6  0 961588 2004764   2056 603940    0    0  1024   136 3596 2397 47 10 44  0  0
 2  0 961588 2004764   2056 603940    0    0  1280    92 2259 2210 34  3 63  0  0
 2  0 961588 2004764   2056 603940    0    0  1024     0 1421  443 25  1 74  0  0
 2  0 961588 2004764   2056 603940    0    0  1280     0 1383  427 25  1 74  0  0
 2  0 961588 2004764   2056 603940    0    0  1040    28 1356  334 25  0 75  0  0
 2  0 961588 2004764   2056 603940    0    0  1280   812 1528  576 25  1 74  0  0
 2  0 961588 2004764   2056 603940    0    0  1024   484 1511  611 25  1 74  0  0
 2  0 961588 2004764   2056 603940    0    0  1280     0 1526  546 25  1 74  0  0
 2  0 961588 2004764   2056 603940    0    0  1024     0 1388  394 25  0 75  0  0
 2  0 961588 2004764   2056 603940    0    0  1280    28 1321  392 25  1 74  0  0
 2  0 961588 2004764   2056 603940    0    0  1024     0 1283  312 25  0 75  0  0
 2  0 961588 2004764   2056 603940    0    0  1284    76 1419  456 25  1 74  0  0
procs -----------memory---------- ---swap-- -----io---- -system-- ------cpu-----
 r  b   swpd   free   buff  cache   si   so    bi    bo   in   cs us sy id wa st
 2  0 961588 2004764   2056 603940    0    0  1024     0 1393  401 25  1 75  0  0
 2  0 961588 2004764   2056 603940    0    0  1284   420 1413  488 25  1 74  0  0
 2  0 961588 2004764   2056 603940    0    0  1024   192 1462  503 26  0 74  0  0
 2  0 961588 2004764   2056 603940    0    0  1280     0 1508  562 26  1 74  0  0
 2  0 961588 2004764   2056 603940    0    0  1024     0 1277  327 25  0 75  0  0
 2  0 961588 2004764   2056 603940    0    0  2064     0 1582  707 25  1 73  0  0
 2  0 961588 2004764   2056 603940    0    0  1024     0 1366  382 25  0 75  0  0
 2  0 961588 2004764   2056 603940    0    0  1280    84 1317  412 25  1 74  0  0
 2  0 961588 2004764   2056 603940    0    0  1024     0 1348  403 25  0 75  0  0
 2  0 961588 2004764   2056 603940    0    0  1280     0 1319  380 25  1 74  0  0
 2  0 961588 2004764   2056 603940    0    0  1024     0 1267  312 25  0 75  0  0
 2  0 961588 2004764   2056 603940    0    0  1292     0 1339  387 25  1 74  0  0
 2  0 961588 2004764   2056 603940    0    0  1280    36 1312  336 25  1 75  0  0
 2  0 961588 2004764   2056 603940    0    0  1024     0 1417  441 25  1 74  0  0
 2  0 961588 2004764   2056 603940    0    0  1280  4504 2116  780 32  1 67  0  0
 2  0 961588 2004764   2056 603940    0    0  1024    12 1425  458 25  1 74  0  0
 2  0 961588 2004764   2056 603940    0    0  1280     0 1303  339 25  0 75  0  0
 2  0 961588 2004764   2056 603940    0    0  1024     0 1373  415 25  1 74  0  0
 2  0 961588 2004764   2056 603940    0    0  1280    16 1304  310 25  0 75  0  0
 2  0 961588 2004764   2056 603940    0    0  1024   368 1414  483 25  1 74  0  0
 2  0 961588 2004764   2056 603940  164    0  1444     0 1427  496 25  1 74  0  0
procs -----------memory---------- ---swap-- -----io---- -system-- ------cpu-----
 r  b   swpd   free   buff  cache   si   so    bi    bo   in   cs us sy id wa st
 2  0 961588 2004764   2056 603940    0    0  1028     0 1409  424 25  1 74  0  0
 2  0 961588 2004764   2056 603940    0    0  1280    20 1297  307 25  0 75  0  0
 2  0 961588 2004764   2056 603940    0    0  1024 13896 1551  534 25  1 74  1  0
 2  0 961588 2004764   2056 603940    0    0  1280   356 1390  373 25  1 74  0  0
 2  0 961588 2004764   2056 603940    0    0  1024     0 1314  397 25  1 74  0  0
 2  0 961588 2004764   2056 603940    0    0  1280     0 1352  413 26  0 74  0  0
 2  0 961588 2004764   2056 603940    0    0  1024     0 1416  463 25  1 74  0  0
 2  0 961588 2004764   2056 603940    0    0  1280     0 1317  330 25  0 75  0  0
 2  0 961588 2004764   2056 603940    0    0  1024    64 1447  465 25  1 74  0  0
 2  0 961588 2004764   2056 603940    0    0  1280     0 1314  336 25  0 75  0  0
 2  0 961588 2004764   2056 603940    0    0  1024     0 1306  410 25  1 74  0  0
 2  0 961588 2004764   2056 603940    0    0  1280     0 1288  344 25  0 74  0  0
 2  0 961588 2004764   2056 603940    0    0  1024    20 1574  913 26  2 72  0  0
 2  0 961588 2004764   2056 603940    0    0  1280    80 1283  337 25  0 75  0  0
 2  0 961588 2004764   2056 603940    0    0  1280     0 1352  407 25  1 74  0  0
 2  0 961588 2004764   2056 603940    0    0  1024     0 1349  408 25  0 75  0  0
 2  0 961588 2004764   2056 603940    0    0  1280     0 1415  440 25  1 74  0  0
 2  0 961588 2004764   2056 603940    0    0  1024     0 1295  350 25  0 75  0  0
 2  0 961588 2004764   2056 603940    0    0  1280    36 1378  439 25  1 74  0  0
 2  0 961588 2004764   2056 603940    0    0  1024     0 1277  330 25  0 74  0  0
 2  0 961588 2004764   2056 603940    0    0  1280     4 1329  394 25  1 74  0  0
procs -----------memory---------- ---swap-- -----io---- -system-- ------cpu-----
 r  b   swpd   free   buff  cache   si   so    bi    bo   in   cs us sy id wa st
 2  0 961588 2004764   2056 603940    0    0  1024     0 1318  352 25  0 75  0  0
 2  0 961588 2004764   2056 603940    0    0  1280  1864 1520  500 25  1 74  0  0
 2  0 961588 2004764   2056 603940    0    0  1024    72 1304  406 25  0 75  0  0
 2  0 961588 2004764   2056 603940    0    0  1284  3304 1440  498 25  1 74  0  0
 2  0 961588 2004764   2056 603940    0    0  1024   652 1422  423 25  0 75  0  0
 2  0 961588 2004764   2056 603940    4    0  3168   688 1973 1596 28  2 69  2  0
 2  0 961588 2004764   2056 603940    0    0  1024     0 1284  288 25  0 75  0  0
 2  0 961588 2004764   2056 603940    0    0  1280     0 1366  412 25  1 74  0  0
 3  0 961588 2004764   2056 603940    0    0  1024   256 1269  348 25  0 75  0  0
 2  0 961588 2004764   2056 603940    0    0  1280     0 1444  457 25  1 74  0  0
 2  0 961588 2004764   2056 603940    0    0  1024     0 1401  353 25  0 75  0  0
 2  0 961588 2004764   2056 603940    0    0  1280    48 1278  377 25  1 74  0  0
 2  0 961588 2004764   2056 603940    0    0  1024   532 1352  337 25  0 75  0  0
 2  0 961588 2004764   2056 603940    0    0  1280     8 1665  794 25  1 74  0  0
 2  0 961588 2004764   2056 603940    0    0  1024     0 1321  364 25  0 75  0  0
 2  0 961588 2004764   2056 603940    0    0  1280   512 1371  420 26  1 74  0  0
 2  0 961588 2004764   2056 603940    0    0  1024    16 1334  353 25  0 75  0  0
 2  0 961588 2004764   2056 603940    0    0  1280     0 1487  465 25  1 74  0  0
 2  0 961588 2004764   2056 603940    0    0  1292  1768 1337  377 25  0 74  0  0
 2  0 961588 2004764   2056 603940    0    0  1024     0 1391  432 25  1 74  0  0
 2  0 961588 2004764   2056 603940    0    0  1280   100 1290  357 25  0 75  0  0
procs -----------memory---------- ---swap-- -----io---- -system-- ------cpu-----
 r  b   swpd   free   buff  cache   si   so    bi    bo   in   cs us sy id wa st
 2  0 961588 2004764   2056 603940    0    0  1024  1948 1460  507 25  1 73  0  0
 2  0 961588 2004764   2056 603940    0    0  1280     0 1456  418 25  0 75  0  0
 2  0 961588 2004764   2056 603940    0    0  1024   160 1436  470 25  1 74  0  0
 2  0 961588 2004764   2056 603940    0    0  1280     0 1323  360 25  0 75  0  0
 2  0 961588 2004764   2056 603940    0    0  1024     0 1284  378 25  1 74  0  0
 2  0 961588 2004764   2056 603940    0    0  1280    92 1473  454 25  0 74  0  0
 2  0 961588 2004764   2056 603940    0    0  1024     0 1297  391 25  1 74  0  0
 2  0 961588 2004764   2056 603940    0    0  1280     0 1237  299 25  0 75  0  0
 2  0 961588 2004764   2056 603940    0    0  1024     0 1320  376 25  1 74  0  0
 2  0 961588 2004764   2056 603940    0    0  1280     0 1242  284 25  0 75  0  0
 2  0 961588 2004764   2056 603940    0    0  1024    84 1294  381 25  1 74  0  0
 2  0 961588 2004764   2056 603940    0    0  1280     0 1361  389 25  1 74  0  0
 2  0 961588 2004764   2056 603940    0    0  1024     0 1370  469 25  0 74  0  0
 2  0 961588 2004764   2056 603940    0    0  1280     0 1346  341 25  1 74  0  0
 2  0 961588 2004764   2056 603940    0    0  1280     0 1359  481 25  1 74  0  0
 2  0 961588 2004764   2056 603940    0    0  1024   584 1611  536 25  0 74  0  0
 2  0 961588 2004764   2056 603940    0    0  1280     0 1366  435 25  1 74  0  0
 2  0 961588 2004764   2056 603940    0    0  1032   156 1322  389 25  0 74  0  0
 2  0 961588 2004764   2056 603940    0    0  1280     0 1450  471 25  1 74  0  0
 2  0 961588 2004764   2056 603940    0    0  1024     0 1268  308 25  1 75  0  0
 2  0 961588 2004764   2056 603940    0    0  1280  2076 1436  443 26  1 74  0  0
procs -----------memory---------- ---swap-- -----io---- -system-- ------cpu-----
 r  b   swpd   free   buff  cache   si   so    bi    bo   in   cs us sy id wa st
 2  0 961588 2004764   2056 603940    0    0  1024     0 1509  462 25  1 74  0  0
 2  0 961588 2004764   2056 603940    0    0  1280   152 1436  452 25  1 74  0  0
 2  0 961588 2004764   2056 603940    0    0  1032  3048 1450  464 25  1 74  0  0
 2  0 961588 2004764   2056 603940    0    0  1280     0 1442  448 25  1 74  0  0
 2  0 961588 2004764   2056 603940    0    0  1024   148 1354  369 25  0 75  0  0
 2  0 961588 2004764   2056 603940    0    0  1280     0 1318  380 25  1 74  0  0
 2  0 961588 2004764   2056 603940    0    0  1024    56 1301  346 25  0 75  0  0
 2  0 961588 2004764   2056 603940    0    0  1280     0 1399  414 25  1 74  0  0
 2  0 961588 2004764   2056 603940    0    0  1280     0 1326  365 25  0 75  0  0
 2  0 961588 2004764   2056 603940    0    0  1024    36 1313  375 25  1 74  0  0
 2  0 961588 2004764   2056 603940    0    0  1280    20 1279  304 25  0 75  0  0
 2  0 961588 2004764   2056 603940    0    0  1024     0 1334  403 25  1 74  0  0
 2  0 961588 2004764   2056 603940    0    0  1280     0 1406  410 25  0 74  0  0
11  0 961588 2004764   2056 603940    0    0  1028     0 1418  520 25  1 74  0  0
 3  0 961588 2004764   2056 603940    0    0  1060   152 4626 4814 57 10 34  0  0
 3  0 961588 2004764   2056 603940    0    0  1028     0 4127 1190 54  4 42  0  0
 4  0 961588 2004764   2056 603940    0    0  1024     0 4394  979 54  3 43  0  0
 2  0 961588 2004764   2056 603940    0    0  1024   140 3301 1769 35  2 63  0  0
 3  0 961588 2004764   2056 603940    0    0  1024   100 3551 2484 46  8 46  0  0
 2  0 961588 2004764   2056 603940    0    0  1280    92 2676 2253 37  4 59  0  0
 2  0 961588 2004764   2056 603940    0    0  1024   296 1472  496 25  0 74  0  0
procs -----------memory---------- ---swap-- -----io---- -system-- ------cpu-----
 r  b   swpd   free   buff  cache   si   so    bi    bo   in   cs us sy id wa st
 2  0 961588 2004764   2056 603940    0    0  1280     0 1438  497 25  1 74  0  0
 2  0 961588 2004764   2056 603940    0    0  1024   124 1312  371 25  0 74  0  0
 2  0 961588 2004764   2056 603940    0    0  1280     0 1432  469 25  1 74  0  0
 2  0 961588 2004764   2056 603940    0    0  1024  5120 1543  438 26  0 74  0  0
 2  0 961588 2004764   2056 603940    0    0  1280     4 1335  414 25  1 74  0  0
 2  0 961588 2004764   2056 603940    0    0  1024     0 1263  363 25  0 74  0  0
 2  0 961588 2004764   2056 603940    0    0  1280   960 1635  540 25  1 74  0  0
 2  0 961588 2004764   2056 603940    0    0  1024     0 1270  305 25  0 75  0  0
 2  0 961588 2004764   2056 603940    0    0  1280  7812 1513  533 25  1 73  2  0
 2  0 961588 2004764   2056 603940    0    0  1024     0 1379  373 25  1 74  0  0
 2  0 961588 2004764   2056 603940    0    0  1280     0 1531  546 25  1 74  0  0
 2  0 961588 2004764   2056 603940    0    0  1280     0 1333  416 25  0 74  0  0
 2  0 961588 2004764   2056 603940    0    0  1024  3556 1526  694 25  1 74  0  0
 2  0 961588 2004764   2056 603940    0    0  1280   224 1451  431 25  1 74  0  0
 2  0 961588 2004764   2056 603940    0    0  1024     0 1398  465 25  1 74  0  0
 2  0 961588 2004764   2056 603940    0    0  1280     0 1298  339 25  0 75  0  0
 2  0 961588 2004764   2056 603940    0    0  1024     0 1328  401 25  1 74  0  0
 2  0 961588 2004764   2056 603940    0    0  1280     0 1276  347 25  1 75  0  0
 2  0 961588 2004764   2056 603940    0    0  1024    36 1347  403 25  1 74  0  0
 2  0 961588 2004764   2056 603940    0    0  1280     0 1449  371 25  0 75  0  0
 2  0 961588 2004764   2056 603940    0    0  1420   364 1511  582 25  1 74  1  0
procs -----------memory---------- ---swap-- -----io---- -system-- ------cpu-----
 r  b   swpd   free   buff  cache   si   so    bi    bo   in   cs us sy id wa st
 2  0 961588 2004764   2056 603940    0    0  1280     0 1285  349 25  0 75  0  0
 2  1 961588 2004764   2056 603940    0    0  1024    84 1378  480 25  1 74  0  0
 3  0 961588 2004764   2056 603940    0    0  1280    76 1668  534 29  1 70  0  0
 2  0 961588 2004764   2056 603940    0    0  1024     0 1608  759 29  1 70  0  0
 2  0 961588 2004764   2056 603940    0    0  1280    28 1241  304 25  0 75  0  0
 2  0 961588 2004764   2056 603940    0    0  1024     0 1528  633 26  1 73  0  0
 2  0 961588 2004764   2056 603940    0    0  1280     0 1332  367 25  0 75  0  0
 2  0 961588 2004764   2056 603940    0    0  1036    84 1471  516 25  1 74  0  0
 2  0 961588 2004764   2056 603940    0    0  1288     0 1334  424 25  1 74  0  0
 2  0 961588 2004764   2056 603940    0    0  1024    32 1395  466 25  1 74  0  0
 2  0 961588 2004764   2056 603940    0    0  1280     0 1263  315 25  0 75  0  0
 2  0 961588 2004764   2056 603940    0    0  1280     0 1437  472 25  1 74  0  0
 2  0 961588 2004764   2056 603940    0    0  1024  1916 1457  487 26  0 74  0  0
 2  0 961588 2004764   2056 603940    0    0  1280   408 1431  456 25  1 74  0  0
 2  0 961588 2004764   2056 603940    0    0  1024     0 1284  375 25  0 74  0  0
 2  0 961588 2004764   2056 603940    0    0  1280     0 1469  478 25  1 74  0  0
 2  0 961588 2004764   2056 603940    0    0  1024     0 1256  310 25  0 75  0  0
 2  0 961588 2004764   2056 603940    0    0  1280    76 1406  443 25  1 74  0  0
 2  0 961588 2004764   2056 603940    0    0  1024  1280 1561  421 25  0 74  0  0
 2  0 961588 2004764   2056 603940    0    0  1280     4 1376  403 25  1 74  0  0
 2  0 961588 2004764   2056 603940    0    0  1024     0 1406  453 25  0 74  0  0
procs -----------memory---------- ---swap-- -----io---- -system-- ------cpu-----
 r  b   swpd   free   buff  cache   si   so    bi    bo   in   cs us sy id wa st
 2  0 961588 2004764   2056 603940    0    0  1280     0 1313  380 25  1 75  0  0
 2  0 961588 2004764   2056 603940    0    0  1032  3708 1276  330 25  1 74  0  0
 2  0 961588 2004764   2056 603940    0    0  1280   108 1343  412 25  0 74  0  0
 2  0 961588 2004764   2056 603940    0    0  1024     8 1289  368 25  0 75  0  0
 2  0 961588 2004764   2056 603940    0    0  1280     0 1378  438 25  1 74  0  0
 2  0 961588 2004764   2056 603940    0    0  1024     0 1363  379 25  0 75  0  0
 2  0 961588 2004764   2056 603940    0    0  1280    48 1341  410 25  1 74  0  0
 2  0 961588 2004764   2056 603940    0    0  1280   428 1372  365 25  0 75  0  0
 2  0 961588 2004764   2056 603940    0    0  1024     0 1386  424 25  1 74  0  0
 2  0 961588 2004764   2056 603940    0    0  1280     0 1439  435 25  1 74  0  0
 2  0 961588 2004764   2056 603940    0    0  1024    72 1468  480 25  1 74  0  0
 2  0 961588 2004764   2056 603940    0    0  1280  1904 1493  439 25  0 74  0  0
 2  0 961588 2004764   2056 603940    0    0  1024     0 1377  439 25  1 74  0  0
 2  0 961588 2004764   2056 603940    0    0  1280     0 1384  394 25  1 74  0  0
 2  0 961588 2004764   2056 603940    0    0  1024   564 1588  520 27  1 72  0  0
 2  0 961588 2004764   2056 603940    0    0  1280     0 1285  293 25  1 75  0  0
 2  0 961588 2004764   2056 603940    0    0  1024     0 1394  449 25  1 74  0  0
 2  0 961588 2004764   2056 603940    0    0  1280     0 1302  372 25  0 75  0  0
 2  0 961588 2004764   2056 603940    0    0  1024     0 1385  491 26  1 74  0  0
 2  0 961588 2004764   2056 603940    0    0  1280    84 1388  405 25  0 74  0  0
 2  0 961588 2004764   2056 603940    0    0  1024     0 1354  421 25  1 74  0  0
procs -----------memory---------- ---swap-- -----io---- -system-- ------cpu-----
 r  b   swpd   free   buff  cache   si   so    bi    bo   in   cs us sy id wa st
 2  0 961588 2004764   2056 603940    0    0  1280     0 1339  344 25  0 75  0  0
 2  0 961588 2004764   2056 603940    0    0  1024     0 1567  567 25  1 74  0  0
 2  0 961588 2004764   2056 603940    0    0  1280     0 1294  384 25  1 75  0  0
 2  0 961588 2004764   2056 603940    0    0  1024   108 1321  414 25  1 74  0  0
 2  0 961588 2004764   2056 603940    0    0  1280     0 1303  338 25  0 75  0  0
 2  0 961588 2004764   2056 603940    0    0  1280   460 1455  494 25  1 74  0  0
 2  0 961588 2004764   2056 603940    0    0  4004     0 1687  688 25  1 73  1  0
 4  0 961588 2004764   2056 603940    0    0  1024   340 1846  981 27  2 72  0  0
 3  0 961588 2004764   2056 603940    0    0  1280     0 1658 1109 29  2 70  0  0
 3  0 961588 2004764   2056 603940    0    0  1024     0 1306  406 25  1 74  0  0
 4  0 961588 2004764   2056 603940    0    0  4240   240 4897 6314 60 11 28  1  0
 4  0 961588 2004764   2056 603940    0    0  1028  3568 4519 1414 54  4 42  0  0
 5  0 961588 2004764   2056 603940    0    0  1024     0 4767  951 54  3 43  0  0
 3  0 961588 2004764   2056 603940    0    0  1024     0 5171 2239 47  4 49  0  0
 5  0 961588 2004764   2056 603940    0    0  1024     0 2662  709 39  5 57  0  0
 3  0 961588 2004764   2056 603940    0    0  1024   276 3418 4009 44  8 48  0  0
 2  0 961588 2004764   2056 603940    0    0  1280     0 1342  359 25  0 74  0  0
 3  0 961588 2004764   2056 603940    0    0  1024     0 1364  447 25  1 74  0  0
 3  0 961588 2004764   2056 603940    0    0  1280   500 1505  539 26  0 73  1  0
 3  0 961588 2004764   2056 603940    0    0  1024     0 1412  417 25  1 74  0  0
 2  0 961588 2004764   2056 603940    0    0  1280     0 1353  394 25  1 74  0  0
procs -----------memory---------- ---swap-- -----io---- -system-- ------cpu-----
 r  b   swpd   free   buff  cache   si   so    bi    bo   in   cs us sy id wa st
 2  0 961588 2004764   2056 603940    0    0  1024   948 1556  493 25  1 74  0  0
 3  0 961588 2004764   2056 603940    0    0  1280     0 1318  366 25  0 75  0  0
 2  0 961588 2004764   2056 603940    0    0  1024    68 1532  523 25  1 74  0  0
 3  0 961588 2004764   2056 603940    0    0  1280     0 1341  374 25  1 75  0  0
 2  0 961588 2004764   2056 603940    0    0  1024     0 1432  446 25  1 74  0  0
 3  0 961588 2004764   2056 603940    0    0  1280    20 1385  449 25  1 75  0  0
 2  0 961588 2004764   2056 603940    0    0  1280     0 1397  453 25  0 74  0  0
 2  0 961588 2004764   2056 603940    0    0  1024   164 1434  491 25  1 74  0  0
 2  0 961588 2004764   2056 603940    0    0  1280     0 1359  375 25  1 74  0  0
 6  0 961588 2004764   2056 603940    0    0  1024   196 1369  421 25  1 74  0  0
 2  0 961588 2004764   2056 603940    0    0  1280    16 1357  372 25  1 74  0  0
 3  0 961588 2004764   2056 603940    0    0  1024     0 1427  474 25  0 74  0  0
 3  0 961588 2004764   2056 603940    0    0  1280    36 1351  367 25  1 74  0  0
 4  0 961588 2004764   2056 603940    0    0  1024     0 1314  389 25  1 75  0  0
 2  0 961588 2004764   2056 603940    0    0  1288   120 1447  496 25  1 74  0  0
 3  0 961588 2004764   2056 603940    0    0  1024     0 1258  364 25  0 75  0  0
 2  0 961588 2004764   2056 603940    0    0  1280  1272 1736  651 26  1 74  0  0
 4  0 961588 2004764   2056 603940    0    0  1024     0 1535  562 25  1 74  0  0
 2  0 961588 2004764   2056 603940    0    0  1280    36 1355  349 25  1 75  0  0
 5  0 961588 2004764   2056 603940    0    0  1024   208 2026  903 31  1 68  0  0
 2  0 961588 2004764   2056 603940    0    0  1280     0 1460  367 29  0 71  0  0
procs -----------memory---------- ---swap-- -----io---- -system-- ------cpu-----
 r  b   swpd   free   buff  cache   si   so    bi    bo   in   cs us sy id wa st
 3  0 961588 2004764   2056 603940    0    0  1024  3620 1329  415 25  1 72  3  0
 2  0 961588 2004764   2056 603940    0    0  1280     0 1438  422 25  0 74  0  0
 2  0 961588 2004764   2056 603940    0    0  1024     0 1268  401 25  1 74  0  0
 2  0 961588 2004764   2056 603940    0    0  1280    92 1341  350 25  1 74  0  0
 4  0 961588 2004764   2056 603940    0    0  1024     0 1467  486 25  1 74  0  0
 2  0 961588 2004764   2056 603940    0    0  1284 11832 1438  389 25  1 74  1  0
 3  0 961588 2004764   2056 603940    0    0  1028     0 1476  524 25  1 74  0  0
 2  0 961588 2004764   2056 603940    0    0  1280     0 1324  354 25  1 74  0  0
 3  0 961588 2004764   2056 603940    0    0  1280    76 1403  506 25  1 74  0  0
 2  0 961588 2004764   2056 603940    0    0  1028     0 1491  464 25  0 74  0  0
 3  0 961588 2004764   2056 603940    0    0  1348     0 1366  423 25  1 74  0  0
 2  0 961588 2004764   2056 603940    0    0  1024   224 1347  316 25  0 75  0  0
 3  0 961588 2004764   2056 603940    0    0  1280     0 1476  498 25  1 74  0  0
 2  0 961588 2004764   2056 603940    0    0  1024    40 1349  334 25  0 74  0  0
 3  0 961588 2004764   2056 603940    0    0  1280     0 1387  503 25  1 74  0  0
 2  0 961588 2004764   2056 603940    0    0  1024   200 1553  489 25  1 74  0  0
 3  0 961588 2004764   2056 603940    0    0  1280     0 1455  479 25  0 74  0  0
 2  0 961588 2004764   2056 603940    0    0  1024     0 1325  326 25  0 75  0  0
 2  0 961588 2004764   2056 603940    0    0  1280    40 1304  400 25  1 74  0  0
 2  0 961588 2004764   2056 603940    0    0  1024     0 1363  347 25  0 75  0  0
 2  0 961588 2004764   2056 603940    0    0  1280     0 1324  469 25  1 74  0  0
procs -----------memory---------- ---swap-- -----io---- -system-- ------cpu-----
 r  b   swpd   free   buff  cache   si   so    bi    bo   in   cs us sy id wa st
 2  0 961588 2004764   2056 603940    0    0  1024     0 1348  331 25  0 74  0  0
 2  0 961588 2004764   2056 603940    0    0  1280    28 1394  433 25  1 74  0  0
 3  0 961588 2004764   2056 603940    0    0  1180   104 2928 2934 39  7 54  0  0
 4  0 961588 2004764   2056 603940    0    0  1024     0 3845 2279 52  5 43  0  0
 3  0 961588 2004764   2056 603940    0    0  1024  1064 5282 1107 55  3 42  0  0
 2  0 961588 2004764   2056 603940    0    0  1024     0 4949 1934 50  4 46  0  0
 3  0 961588 2004764   2056 603940    0    0  1024     0 1759  410 31  3 67  0  0
 4  0 961588 2004764   2056 603940    0    0  1024   180 3974 3021 52  9 39  0  0
 2  0 961588 2004764   2056 603940    0    0  1280   192 1746 2257 26  1 73  0  0
 2  0 961588 2004764   2056 603940    0    0  1024     0 1531  575 25  1 74  0  0
 2  0 961588 2004764   2056 603940    0    0  1288  3568 1338  349 25  0 74  0  0
 2  0 961588 2004764   2056 603940    0    0  1024    32 1294  452 25  1 74  0  0
 2  0 961588 2004764   2056 603940    0    0  1280   548 1450  404 26  1 74  0  0
 2  0 961588 2004764   2056 603940    0    0  1024     0 1441  488 25  1 74  0  0
 2  0 961588 2004764   2056 603940    0    0  1280     0 1239  305 25  0 75  0  0
 3  0 961588 2004764   2056 603940    0    0  1280     0 1307  455 25  1 74  0  0
 2  0 961588 2004764   2056 603940    0    0  1024     0 1417  392 25  0 75  0  0
 2  0 961588 2004764   2056 603940    0    0  1616     0 1402  484 26  0 74  0  0
 3  0 961588 2004764   2056 603940    0    0  1024    68 1341  359 25  0 75  0  0
 2  0 961588 2004764   2056 603940    0    0  1280     0 1345  428 25  1 74  0  0
 2  0 961588 2004764   2056 603940    0    0  1024   540 1399  413 25  1 75  0  0
procs -----------memory---------- ---swap-- -----io---- -system-- ------cpu-----
 r  b   swpd   free   buff  cache   si   so    bi    bo   in   cs us sy id wa st
 2  0 961588 2004764   2056 603940    0    0  1280     0 1294  395 25  1 74  0  0
 2  0 961588 2004764   2056 603940    0    0  1024     0 1312  300 25  0 75  0  0
 2  0 961588 2004764   2056 603940    0    0  1280   296 1451  524 25  1 74  0  0
 2  0 961588 2004764   2056 603940    0    0  1024     0 1354  352 25  0 75  0  0
 3  0 961588 2004764   2056 603940    0    0  1280   756 1419  478 25  1 74  0  0
 3  0 961588 2004764   2056 603940    0    0  1024     4 1287  315 25  0 75  0  0
 2  0 961588 2004764   2056 603940    0    0  1280     0 1334  389 25  1 74  0  0
 2  0 961588 2004764   2056 603940    0    0  1024  1948 1529  480 25  1 74  0  0
 2  0 961588 2004764   2056 603940    0    0  1280     0 1397  502 25  1 74  0  0
 2  0 961588 2004764   2056 603940    0    0  1280     0 1214  274 25  0 75  0  0
 3  0 961588 2004764   2056 603940    0    0  1024     0 1296  383 25  0 75  0  0
 2  0 961588 2004764   2056 603940    0    0  1280   152 1817  783 29  1 69  0  0
 2  0 961588 2004764   2056 603940    0    0  1024     0 1547  490 29  1 71  0  0
 2  0 961588 2004764   2056 603940    0    0  1280     0 1295  333 25  0 75  0  0
 2  0 961588 2004764   2056 603940    0    0  1024    16 1602  743 26  2 73  0  0
 2  0 961588 2004764   2056 603940    0    0  1280     0 1304  323 25  0 75  0  0
 3  0 961588 2004764   2056 603940    0    0  1024    84 1398  438 25  1 74  0  0
 2  0 961588 2004764   2056 603940    0    0  1280     0 1343  318 25  0 75  0  0
 2  0 961588 2004764   2056 603940    0    0  1024     0 1306  427 25  1 74  0  0
 2  0 961588 2004764   2056 603940    0    0  1288 11828 1435  389 25  1 70  5  0
 2  0 961588 2004764   2056 603940    0    0  1024  4040 1501  571 25  1 74  0  0
procs -----------memory---------- ---swap-- -----io---- -system-- ------cpu-----
 r  b   swpd   free   buff  cache   si   so    bi    bo   in   cs us sy id wa st
 2  0 961588 2004764   2056 603940    0    0  1280   136 1273  294 25  0 75  0  0
 2  0 961588 2004764   2056 603940    0    0  1024     0 1378  433 25  1 74  0  0
 2  0 961588 2004764   2056 603940    0    0  1280     0 1313  341 25  0 75  0  0
 2  0 961588 2004764   2056 603940    0    0  1024     0 1515  530 25  1 74  0  0
 2  0 961588 2004764   2056 603940    0    0  1280     0 1380  356 25  0 75  0  0
 2  0 961588 2004764   2056 603940    0    0  1024    32 1313  462 25  1 74  0  0
 2  0 961588 2004764   2056 603940    0    0  1280  1864 1439  381 25  1 74  0  0
 2  0 961588 2004764   2056 603940    0    0  1024   172 1364  437 25  0 74  0  0
 2  0 961588 2004764   2056 603940    0    0  1288     0 1365  379 25  0 75  0  0
 2  0 961588 2004764   2056 603940    0    0  1280     0 1524  495 25  1 74  0  0
 2  0 961588 2004764   2056 603940    0    0  1024    88 1305  315 25  0 75  0  0
 2  0 961588 2004764   2056 603940    0    0  1280     0 1392  500 25  1 74  0  0
 2  0 961588 2004764   2056 603940    0    0  1024     0 1398  404 25  0 75  0  0
 2  0 961588 2004764   2056 603940    0    0  1280     0 1494  532 25  1 74  0  0
 2  0 961588 2004764   2056 603940    0    0  1024   540 1398  358 25  0 75  0  0
 2  0 961588 2004764   2056 603940    0    0  1280    40 1345  418 25  0 74  0  0
 2  0 961588 2004764   2056 603940    0    0  1024     0 1281  305 25  0 75  0  0
 2  0 961588 2004764   2056 603940    0    0  1280   196 1384  465 25  1 74  0  0
 2  0 961588 2004764   2056 603940    0    0  1024     0 1243  274 25  0 75  0  0
 2  0 961588 2004764   2056 603940    0    0  1280     0 1499  503 25  1 74  0  0
 2  0 961588 2004764   2056 603940    0    0  1024   112 1320  372 25  0 74  0  0
procs -----------memory---------- ---swap-- -----io---- -system-- ------cpu-----
 r  b   swpd   free   buff  cache   si   so    bi    bo   in   cs us sy id wa st
 3  0 961588 2004764   2056 603940    0    0  1280     0 1457  476 25  1 74  0  0
 2  0 961588 2004764   2056 603940    0    0  1024     0 1344  368 25  0 75  0  0
 2  0 961588 2004764   2056 603940    0    0  1280     0 1359  476 25  1 74  0  0
 2  0 961588 2004764   2056 603940    0    0  1024    72 1321  328 25  0 75  0  0
 2  0 961588 2004764   2056 603940    0    0  1280    36 1396  440 25  1 74  0  0
 2  0 961588 2004764   2056 603940    0    0  1280    16 1323  337 25  0 75  0  0
 2  0 961588 2004764   2056 603940    0    0  1024     0 1556  559 25  1 74  0  0
 2  0 961588 2004764   2056 603940    0    0  1280     0 1450  558 25  1 75  0  0
 2  0 961588 2004764   2056 603940    0    0  1024   216 1393  488 25  1 74  0  0
 2  0 961588 2004764   2056 603940    0    0  1280  3672 1324  316 25  0 75  0  0
 2  0 961588 2004764   2056 603940    0    0  1024     0 1376  436 25  1 74  0  0
 2  0 961588 2004764   2056 603940    0    0  1280    48 1312  344 25  0 75  0  0
 2  0 961588 2004764   2056 603940    0    0  1024     0 1403  497 25  1 74  0  0
 2  0 961588 2004764   2056 603940    0    0  1280    96 1241  302 25  0 74  0  0
 2  0 961588 2004764   2056 603940    0    0  1024     0 1434  521 25  1 74  0  0
 2  0 961588 2004764   2056 603940    0    0  1280    20 1230  278 25  0 75  0  0
 2  0 961588 2004764   2056 603940    0    0  1024     0 1374  427 25  1 74  0  0
 2  0 961588 2004764   2056 603940    0    0  1280    56 1270  302 25  0 75  0  0
 2  0 961588 2004764   2056 603940    0    0  1280    48 1416  485 25  1 74  0  0
 2  0 961588 2004764   2056 603940    0    0  1024   752 1475  452 25  1 74  0  0
 2  0 961588 2004764   2056 603940    0    0  1280     0 1388  493 25  0 74  0  0
procs -----------memory---------- ---swap-- -----io---- -system-- ------cpu-----
 r  b   swpd   free   buff  cache   si   so    bi    bo   in   cs us sy id wa st
 2  0 961588 2004764   2056 603940    0    0  1024     0 1325  358 25  0 74  0  0
 2  0 961588 2004764   2056 603940    0    0  1280     0 1450  523 25  1 74  0  0
 2  0 961588 2004764   2056 603940    0    0  1024    40 1358  358 25  0 75  0  0
 2  0 961588 2004764   2056 603940    0    0  1280     0 1312  414 25  1 74  0  0
 2  0 961588 2004764   2056 603940    0    0  1024  1864 1325  362 25  0 71  4  0
 2  0 961588 2004764   2056 603940    0    0  1280     0 1435  522 25  1 74  0  0
 2  0 961588 2004764   2056 603940    0    0  1024     0 1385  365 25  0 75  0  0
 2  0 961588 2004764   2056 603940    0    0  1280    76 1356  444 25  1 74  0  0
 2  0 961588 2004764   2056 603940    0    0  1024     0 1287  319 25  0 75  0  0
 2  0 961588 2004764   2056 603940    0    0  1280   160 1385  423 25  1 74  0  0
 2  0 961588 2004764   2056 603940    0    0  1024     0 1252  297 25  0 74  0  0
 2  0 961588 2004764   2056 603940    0    0  1280     0 1439  539 25  1 74  0  0
 2  0 961588 2004764   2056 603940    0    0  1024    32 1258  293 25  0 74  0  0
 2  0 961588 2004764   2056 603940    0    0  1280     0 1358  420 25  1 74  0  0
 2  0 961588 2004764   2056 603940    0    0  1024     0 1229  272 25  0 75  0  0
 2  0 961588 2004764   2056 603940    0    0  1280     0 1356  463 25  1 74  0  0
 2  0 961588 2004764   2056 603940    0    0  1280     0 1321  331 25  0 75  0  0
 2  0 961588 2004764   2056 603940    0    0  1024    32 1395  517 25  1 74  0  0
 2  0 961588 2004764   2056 603940    0    0  1280     0 1254  300 25  0 75  0  0
 2  0 961588 2004764   2056 603940    0    0  1032  3624 1367  461 25  1 74  0  0
 2  0 961588 2004764   2056 603940    0    0  1280    20 1304  320 25  0 75  0  0
procs -----------memory---------- ---swap-- -----io---- -system-- ------cpu-----
 r  b   swpd   free   buff  cache   si   so    bi    bo   in   cs us sy id wa st
 2  0 961588 2004764   2056 603940    0    0  1024     0 1367  452 25  0 74  0  0
 2  0 961588 2004764   2056 603940    0    0  1280    84 1272  298 25  1 74  0  0
 2  0 961588 2004764   2056 603940    0    0  1024     0 1348  488 25  1 74  0  0
 3  0 961588 2004764   2056 603940    0    0  1280     0 1973 1357 31  4 66  0  0
 3  0 961588 2004764   2056 603940    0    0   772   108 4028 3260 55  7 39  0  0
 3  0 961588 2004764   2056 603940    0    0  1024     0 4442  994 54  3 43  0  0
 3  0 961588 2004764   2056 603940    0    0  1024     0 5143 1828 55  4 41  0  0
 3  0 961588 2004764   2056 603940    0    0  1280   308 2812  724 31  1 68  0  0
 4  0 961588 2004764   2056 603940    0    0  1024   184 3557 2525 48  9 43  0  0
 2  0 961588 2004764   2056 603940    0    0  1024   760 2567 2356 35  3 63  0  0
 2  0 961588 2004764   2056 603940    0    0  1292     0 1555  624 25  1 74  0  0
 2  0 961588 2004764   2056 603940    0    0  1024     0 1315  343 25  0 75  0  0
 2  0 961588 2004764   2056 603940    0    0  1280     0 1331  440 25  1 74  0  0
 2  0 961588 2004764   2056 603940    0    0  1024     0 1250  301 25  0 75  0  0
 2  0 961588 2004764   2056 603940    0    0  1280   516 1443  568 26  1 74  0  0
 4  0 961588 2004764   2056 603940    0    0  1024     0 1348  290 25  0 75  0  0
 2  0 961588 2004764   2056 603940    0    0  1280     8 1380  437 25  1 74  0  0
 2  0 961588 2004764   2056 603940    0    0  1024     0 1313  321 25  0 75  0  0
 2  0 961588 2004764   2056 603940    0    0  1280     0 1379  449 25  1 74  0  0
 2  0 961588 2004764   2056 603940    0    0  1024    80 1451  464 25  0 75  0  0
 2  0 961588 2004764   2056 603940    0    0  1280     0 1449  520 25  1 74  0  0
procs -----------memory---------- ---swap-- -----io---- -system-- ------cpu-----
 r  b   swpd   free   buff  cache   si   so    bi    bo   in   cs us sy id wa st
 2  0 961588 2004764   2056 603940    0    0  1280     0 1319  305 25  0 75  0  0
 2  0 961588 2004764   2056 603940    0    0  1024   236 1375  421 25  1 74  0  0
 2  0 961588 2004764   2056 603940    0    0  1280  4412 1437  410 25  0 74  0  0
 2  0 961588 2004764   2056 603940    0    0  1024    76 1415  486 25  1 74  0  0
 2  0 961588 2004764   2056 603940    0    0  1280     0 1225  255 25  0 75  0  0
 2  0 961588 2004764   2056 603940    0    0  1024     0 1487  679 25  1 74  0  0
 2  0 961588 2004764   2056 603940    0    0  1280     0 1299  293 25  0 74  0  0
 2  0 961588 2004764   2056 603940    0    0  1024  7732 1484  504 25  1 72  3  0
 2  0 961588 2004764   2056 603940    0    0  1280  3736 1414  381 25  0 74  0  0
 2  0 961588 2004764   2056 603940    0    0  1024     0 1381  497 25  1 74  0  0
 2  0 961588 2004764   2056 603940    0    0  1280     0 1280  286 25  0 75  0  0
 2  0 961588 2004764   2056 603940    0    0  1024   516 1638  602 25  1 74  0  0
 2  0 961588 2004764   2056 603940    0    0  1280   116 1361  372 25  0 74  0  0
 2  0 961588 2004764   2056 603940    0    0  1024   172 1901  603 33  1 66  0  0
 2  0 961588 2004764   2056 603940    0    0  1280     0 1258  302 25  0 75  0  0
 2  0 961588 2004764   2056 603940    0    0  1024     4 1338  384 25  1 74  0  0
 2  0 961588 2004764   2056 603940    0    0  1280     0 1247  266 25  0 75  0  0
 2  0 961588 2004764   2056 603940    0    0  1024    60 1427  509 25  1 74  0  0
 2  0 961588 2004764   2056 603940    0    0  1280    60 1360  377 25  0 74  0  0
 2  0 961588 2004764   2056 603940    0    0  1024     0 1581  993 26  2 72  0  0
 2  0 961588 2004764   2056 603940    0    0  1280     0 1440  910 26  1 73  0  0
procs -----------memory---------- ---swap-- -----io---- -system-- ------cpu-----
 r  b   swpd   free   buff  cache   si   so    bi    bo   in   cs us sy id wa st
 2  0 961588 2004764   2056 603940    0    0  1024     0 1547  574 25  1 74  0  0
 2  0 961588 2004764   2056 603940    0    0  1280  1864 1408  358 25  1 74  0  0
 2  0 961588 2004764   2056 603940    0    0  1024     0 1412  503 25  1 74  0  0
 2  0 961588 2004764   2056 603940    0    0  1284   128 1367  345 25  0 74  0  0
 2  0 961588 2004764   2056 603940    0    0  1024     0 1408  459 25  1 74  0  0
 2  0 961588 2004764   2056 603940    0    0  1280     0 1338  326 25  0 75  0  0
 2  0 961588 2004764   2056 603940    0    0  1280     0 1565  543 26  1 74  0  0
 2  0 961588 2004764   2056 603940    0    0  1024     0 1354  345 25  1 75  0  0
 2  0 961588 2004764   2056 603940    0    0  1280   136 1468  578 25  1 74  0  0
 2  0 961588 2004764   2056 603940    0    0  1024     0 1235  282 25  0 75  0  0
 2  0 961588 2004764   2056 603940    0    0  1280     0 1364  449 25  1 74  0  0
 2  0 961588 2004764   2056 603940    0    0  1024     0 1259  280 25  0 75  0  0
 2  0 961588 2004764   2056 603940    0    0  1280     0 1329  439 25  1 74  0  0
 2  0 961588 2004764   2056 603940    0    0  1024    32 1281  309 25  0 75  0  0
 2  0 961588 2004764   2056 603940    0    0  1280     0 1410  475 25  1 74  0  0
 2  0 961588 2004764   2056 603940    0    0  1024     0 1257  284 25  0 75  0  0
 2  0 961588 2004764   2056 603940    0    0  1280   516 1492  557 25  1 74  0  0
 2  0 961588 2004764   2056 603940    0    0  1024     0 1291  310 25  0 75  0  0
 2  0 961588 2004764   2056 603940    0    0  1284  3684 1484  556 25  1 74  0  0
 2  0 961588 2004764   2056 603940    0    0  1024     0 1300  325 25  0 75  0  0
 2  0 961588 2004764   2056 603940    0    0  1280     0 1373  458 25  0 75  0  0
procs -----------memory---------- ---swap-- -----io---- -system-- ------cpu-----
 r  b   swpd   free   buff  cache   si   so    bi    bo   in   cs us sy id wa st
 2  0 961588 2004764   2056 603940    0    0  1280   892 1534  497 25  0 74  0  0
 2  0 961588 2004764   2056 603940    0    0  1024  1880 1523  562 25  1 74  0  0
 2  0 961588 2004764   2056 603940    0    0  1280   192 1339  355 25  0 75  0  0
 2  0 961588 2004764   2056 603940    0    0  1024     0 1382  433 25  1 74  0  0
 2  0 961588 2004764   2056 603940    0    0  1424     0 1270  304 25  0 75  0  0
 2  0 961588 2004764   2056 603940    0    0  1024     0 1508  578 26  1 74  0  0
 2  0 961588 2004764   2056 603940    0    0  1280     0 1407  394 25  1 75  0  0
 2  0 961588 2004764   2056 603940    0    0  1024    68 1360  502 25  1 74  0  0
 2  0 961588 2004764   2056 603940    0    0  1280     0 1333  392 25  0 74  0  0
 2  0 961588 2004764   2056 603940    0    0  1024     0 1384  450 25  1 74  0  0
 2  0 961588 2004764   2056 603940    0    0  1284     4 1326  349 25  0 75  0  0
 2  0 961588 2004764   2056 603940    0    0  1024     4 1376  501 25  1 74  0  0
 2  0 961588 2004764   2056 603940    0    0  1280    40 1343  359 25  0 74  0  0
 2  0 961588 2004764   2056 603940    0    0  1280     0 1449  456 25  1 74  0  0
 2  0 961588 2004764   2056 603940    0    0  1024     0 1216  268 25  0 75  0  0
 2  0 961588 2004764   2056 603940    0    0  1392     0 1459  470 25  1 74  0  0
 2  0 961588 2004764   2056 603940    0    0  1024     0 1472  445 25  0 74  0  0
 2  0 961588 2004764   2056 603940    0    0  1280   216 1365  504 25  1 74  0  0
 2  0 961588 2004764   2056 603940    0    0  1024     0 1351  311 25  0 75  0  0
 2  0 961588 2004764   2056 603940    0    0  1280     0 1347  411 25  1 74  0  0
 2  0 961588 2004764   2056 603940    0    0  1024     4 1369  372 25  1 75  0  0
procs -----------memory---------- ---swap-- -----io---- -system-- ------cpu-----
 r  b   swpd   free   buff  cache   si   so    bi    bo   in   cs us sy id wa st
 2  0 961588 2004764   2056 603940    0    0  1280  1864 1444  510 25  1 74  0  0
 2  0 961588 2004764   2056 603940    0    0  1024    88 1222  281 25  0 75  0  0
 2  0 961588 2004764   2056 603940    0    0  1280  3040 1389  482 25  1 74  0  0
 2  0 961588 2004764   2056 603940    0    0  1024     0 1242  279 25  0 75  0  0
 2  0 961588 2004764   2056 603940    0    0  1280     0 1552  726 25  1 74  0  0
 2  0 961588 2004764   2056 603940    0    0  1024     0 1341  352 25  0 75  0  0
 2  0 961588 2004764   2056 603940    0    0  1280    64 1351  468 25  1 74  0  0
 2  0 961588 2004764   2056 603940    0    0  1024    96 1272  286 25  0 75  0  0
 2  0 961588 2004764   2056 603940    0    0  1280     0 1341  445 25  1 74  0  0
 2  0 961588 2004764   2056 603940    0    0  1280     0 1307  310 25  0 75  0  0
 2  0 961588 2004764   2056 603940    0    0  1024   924 1557  539 25  0 74  0  0
 2  0 961588 2004764   2056 603940    0    0  1280    36 1239  278 25  0 75  0  0
 2  0 961588 2004764   2056 603940    0    0  1024     0 1403  479 25  1 74  0  0
 2  0 961588 2004764   2056 603940    0    0  1280     0 1268  294 25  0 75  0  0
 2  0 961588 2004764   2056 603940    0    0  1024     0 1350  494 25  1 74  0  0
 2  0 961588 2004764   2056 603940    0    0  1280    88 1382  402 25  0 75  0  0
 2  0 961588 2004764   2056 603940    0    0  1024    92 1359  482 25  1 74  0  0
 2  0 961588 2004764   2056 603940    0    0  1280    20 1237  277 25  0 75  0  0
 2  0 961588 2004764   2056 603940    0    0  1024     0 1328  428 25  0 75  0  0
 2  0 961588 2004764   2056 603940    0    0  1280     0 1301  322 25  0 75  0  0
 2  0 961588 2004764   2056 603940    0    0  1024  1864 1562  597 26  1 74  0  0
procs -----------memory---------- ---swap-- -----io---- -system-- ------cpu-----
 r  b   swpd   free   buff  cache   si   so    bi    bo   in   cs us sy id wa st
 2  0 961588 2004764   2056 603940    0    0  1280    92 1241  280 25  0 75  0  0
 2  0 961588 2004764   2056 603940    0    0  1280     0 1382  446 25  1 74  0  0
 2  0 961588 2004764   2056 603940    0    0  1024  2408 1259  290 25  0 74  0  0
 2  0 961588 2004764   2056 603940    0    0  1280   216 1342  434 25  0 74  0  0
 2  0 961588 2004764   2056 603940    0    0  1028     4 1372  368 25  0 75  0  0
 2  0 961588 2004764   2056 603940    0    0  1280     0 1398  546 25  1 74  0  0
 2  0 961588 2004764   2056 603940    0    0  1024    16 1350  353 25  0 75  0  0
 2  0 961588 2004764   2056 603940    0    0  1280     0 1344  420 25  1 74  0  0
 2  0 961588 2004764   2056 603940    0    0  1024     0 1426  378 25  1 74  0  0
 2  0 961588 2004764   2056 603940    0    0  1280    80 1379  450 25  0 75  0  0
 2  0 961588 2004764   2056 603940    0    0  1024     0 1339  316 25  0 74  0  0
 2  0 961588 2004764   2056 603940    0    0  1280     0 1424  490 25  1 74  0  0
 2  0 961588 2004764   2056 603940    0    0  1024     0 1339  340 25  0 75  0  0
 2  0 961588 2004764   2056 603940    0    0  1280     0 1387  466 25  1 74  0  0
 2  0 961588 2004764   2056 603940    0    0  1024    32 1392  378 25  1 74  0  0
 2  0 961588 2004764   2056 603940    0    0  1280     0 1351  458 25  0 74  0  0
 2  0 961588 2004764   2056 603940    0    0  1280     0 1283  305 25  0 75  0  0
 2  0 961588 2004764   2056 603940    0    0  1024     0 1373  486 25  1 74  0  0
 2  0 961588 2004764   2056 603940    0    0  1280     0 1275  291 25  0 75  0  0
 2  0 961588 2004764   2056 603940    0    0  1024  1944 1467  484 25  1 74  0  0
 2  0 961588 2004764   2056 603940    0    0  1280     0 1329  304 25  0 74  0  0
procs -----------memory---------- ---swap-- -----io---- -system-- ------cpu-----
 r  b   swpd   free   buff  cache   si   so    bi    bo   in   cs us sy id wa st
 2  0 961588 2004764   2056 603940    0    0  1024   168 1392  439 25  1 74  0  0
 2  0 961588 2004764   2056 603940    0    0  1280   776 1598  527 25  1 74  0  0
 2  0 961588 2004764   2056 603940    4    0  1028     0 1391  500 25  1 74  0  0
 2  0 961588 2004764   2056 603940    0    0  1280    44 1340  376 25  1 74  0  0
 2  0 961588 2004764   2056 603940    0    0  1024     0 1663  604 25  1 74  0  0
 2  0 961588 2004764   2056 603940    0    0  1280   160 1394  369 25  1 75  0  0
 2  0 961588 2004764   2056 603940    0    0  1024     0 1337  408 25  1 74  0  0
 2  0 961588 2004764   2056 603940    0    0  1280     0 1224  285 25  0 75  0  0
 2  0 961588 2004764   2056 603940    0    0  1024    36 1445  576 25  1 74  0  0
 2  0 961588 2004764   2056 603940    0    0  1280     0 1236  274 25  0 75  0  0
 2  0 961588 2004764   2056 603940    0    0  1280     0 1266  371 25  0 75  0  0
 2  0 961588 2004764   2056 603940    0    0  1024  3384 1382  357 25  0 75  0  0
 2  0 961588 2004764   2056 603940    0    0  1280     0 1431  470 25  1 74  0  0
 2  0 961588 2004764   2056 603940    0    0  1024   504 1943 1506 30  2 68  0  0
 2  0 961588 2004764   2056 603940    0    0  1280    84 1459  561 25  1 74  0  0
 9  0 961588 2004764   2056 603940    0    0  1024     4 1437  524 26  1 74  0  0
 3  0 961588 2004764   2056 603940    0    0  1472   528 5337 6757 65 13 21  1  0
 4  0 961588 2004764   2056 603940    0    0  3564     0 4466 3439 67  6 27  1  0
10  0 961588 2004764   2056 603940   64    0 23860     0 6127 6928 70 10 20  0  0
 4  0 961588 2004764   2056 603940    8    0 30820     0 7018 18971 83 13  4  0  0
 2  0 961588 2004764   2056 603940   12    0  1036     4 5561 8858 67  7 26  0  0
procs -----------memory---------- ---swap-- -----io---- -system-- ------cpu-----
 r  b   swpd   free   buff  cache   si   so    bi    bo   in   cs us sy id wa st
 4  0 961588 2004764   2056 603940    0    0  1024   776 2203  767 35  4 61  0  0
 2  0 961588 2004764   2056 603940    0    0  1024   184 3964 4194 49  8 42  0  0
 2  0 961588 2004764   2056 603940    0    0  1024   480 1525  665 25  1 74  0  0
 2  0 961588 2004764   2056 603940    0    0  1280     0 1433  521 25  1 74  0  0
 2  0 961588 2004764   2056 603940    0    0  1024     0 1317  359 25  0 75  0  0
 2  0 961588 2004764   2056 603940    0    0  1420    76 1680  640 26  1 73  0  0
 2  0 961588 2004764   2056 603940    0    0  1028   524 1697 1416 27  1 71  1  0
 2  0 961588 2004764   2056 603940    0    0  1280     0 1394  460 25  1 74  0  0
 2  0 961588 2004764   2056 603940    0    0  1024     0 1253  292 25  0 75  0  0
 2  0 961588 2004764   2056 603940    0    0  1280     0 1373  415 25  1 74  0  0
 2  0 961588 2004764   2056 603940    0    0  1280     0 1266  267 25  1 75  0  0
 2  0 961588 2004764   2056 603940    0    0  1024    40 1367  506 25  1 74  0  0
 2  0 961588 2004764   2056 603940    0    0  1280   564 1494  486 25  0 74  0  0
 2  0 961588 2004764   2056 603940    0    0  1024   940 1562  492 25  1 74  0  0
 2  0 961588 2004764   2056 603940    0    0  1280     4 1326  344 25  1 74  0  0
 2  0 961588 2004764   2056 603940    0    0  1024     0 1361  431 25  1 74  0  0
 2  0 961588 2004764   2056 603940    0    0  1404  4900 1596  534 25  0 74  1  0
 2  0 961588 2004764   2056 603940    0    0  1024     0 1434  513 25  1 74  0  0
 2  0 961588 2004764   2056 603940    0    0  1280     0 1262  279 25  0 75  0  0
 2  0 961588 2004764   2056 603940    0    0  1024     0 1303  408 25  1 74  0  0
 2  0 961588 2004764   2056 603940    0    0  1288     0 1456  508 25  0 74  0  0
procs -----------memory---------- ---swap-- -----io---- -system-- ------cpu-----
 r  b   swpd   free   buff  cache   si   so    bi    bo   in   cs us sy id wa st
 2  0 961588 2004764   2056 603940    0    0  1024   152 1511  541 26  1 74  0  0
 2  0 961588 2004764   2056 603940    4    0  1908   624 1812 1246 26  1 72  2  0
 2  0 961588 2004764   2056 603940    4    0  1028     0 1469  558 25  1 74  0  0
 2  0 961588 2004764   2056 603940    0    0  1280     0 1355  334 25  0 74  0  0
 2  0 961588 2004764   2056 603940    0    0  1068   216 3053 3835 34  2 64  0  0
 2  0 961588 2004764   2056 603940    0    0  1280    16 1565  371 29  0 71  0  0
 2  0 961588 2004764   2056 603940    0    0  2496   400 1595  717 26  1 73  1  0
 2  0 961588 2004764   2056 603940    0    0  1280     4 1506  691 26  1 74  0  0
 2  0 961588 2004764   2056 603940    0    0  1024     4 1476  726 26  1 74  0  0
