procs -----------memory---------- ---swap-- -----io---- -system-- ------cpu-----
 r  b   swpd   free   buff  cache   si   so    bi    bo   in   cs us sy id wa st
 2  1 623924 1667780   2848 779984    9   24   328   257  742  812 15  4 81  1  0
 2  0 623924 1667780   2848 779984    0    0 18292     0 1840  845 22  3 74  2  0
 2  0 623924 1667780   2848 779984    0    0  2976     0 1282  306 25  1 75  0  0
 2  0 623924 1667780   2848 779984    0    0  2048     0 1293  385 25  1 74  0  0
 2  0 623924 1667780   2848 779984    0    0  2048     0 1294  296 25  1 75  0  0
 2  0 623924 1667780   2848 779984    0    0  2048    88 1332  391 25  1 74  0  0
 2  0 623924 1667780   2848 779984    0    0  2048     0 1269  295 25  0 75  0  0
 2  0 623924 1667780   2848 779984    0    0  2048     0 1291  373 25  1 75  0  0
 2  0 623924 1667780   2848 779984    0    0  2048     0 1274  271 25  0 75  0  0
 2  0 623924 1667780   2848 779984    0    0  2048     0 1377  432 25  1 74  0  0
 2  0 623924 1667780   2848 779984    0    0  2048    36 1286  305 25  0 74  0  0
 2  0 623924 1667780   2848 779984    0    0  2048     0 1394  450 25  1 74  0  0
 2  0 623924 1667780   2848 779984    0    0  2048     0 1256  273 25  0 75  0  0
 2  0 623924 1667780   2848 779984    0    0  2048     0 1370  418 25  1 74  0  0
 2  0 623924 1667780   2848 779984    0    0  2048     0 1285  270 25  0 75  0  0
 2  0 623924 1667780   2848 779984    0    0  2048    32 1344  387 25  1 74  0  0
 2  0 623924 1667780   2848 779984    0    0  2304     0 1299  297 25  1 75  0  0
 2  0 623924 1667780   2848 779984    0    0  2048     0 1297  350 25  0 75  0  0
 2  0 623924 1667780   2848 779984    0    0  2052     0 1300  317 25  1 75  0  0
 2  0 623924 1667780   2848 779984    0    0  2048     0 1307  355 25  1 74  0  0
 2  0 623924 1667780   2848 779984    0    0  2988   192 1285  287 25  1 74  0  0
procs -----------memory---------- ---swap-- -----io---- -system-- ------cpu-----
 r  b   swpd   free   buff  cache   si   so    bi    bo   in   cs us sy id wa st
 2  0 623924 1667780   2848 779984    0    0  2048     0 1403  503 25  1 74  0  0
 2  0 623924 1667780   2848 779984    0    0  2048     0 1247  276 25  1 75  0  0
 2  0 623924 1667780   2848 779984    0    0  2048     0 1350  492 25  1 74  0  0
 2  0 623924 1667780   2848 779984    0    0  2048     0 1276  284 25  0 75  0  0
 2  0 623924 1667780   2848 779984    0    0  2048    68 1361  449 25  0 74  0  0
 2  0 623924 1667780   2848 779984    0    0  2068     0 1295  328 25  0 75  0  0
 2  0 623924 1667780   2848 779984    0    0  2180     0 1295  372 25  1 75  0  0
 2  0 623924 1667780   2848 779984    0    0  2048     0 1363  314 25  0 75  0  0
 2  0 623924 1667780   2848 779984    0    0  2048     0 1297  384 25  1 74  0  0
 2  0 623924 1667780   2848 779984    0    0  2048    40 1213  241 25  0 75  0  0
 2  1 623924 1667780   2848 779984    0    0  1816 36680 1481  928 21  2 62 15  0
 2  0 623924 1667780   2848 779984    0    0  2072 29472 1498  670 25  1 62 12  0
 2  0 623924 1667780   2848 779984    0    0  2048    80 1388  416 25  0 75  0  0
 2  0 623924 1667780   2848 779984    0    0  2048     0 1252  249 25  0 75  0  0
 2  0 623924 1667780   2848 779984    0    0  2048   188 1291  367 25  1 74  0  0
 2  0 623924 1667780   2848 779984    0    0  2048     0 1274  304 25  0 75  0  0
 2  0 623924 1667780   2848 779984    0    0  2048     0 1352  407 25  1 74  0  0
 2  0 623924 1667780   2848 779984    0    0  2048     0 1303  298 25  0 75  0  0
 2  0 623924 1667780   2848 779984    0    0  2052     0 1359  423 25  1 74  0  0
 2  0 623924 1667780   2848 779984    0    0  2084    36 1312  315 25  1 75  0  0
 2  0 623924 1667780   2848 779984    0    0  9180     0 1722  683 25  1 72  2  0
procs -----------memory---------- ---swap-- -----io---- -system-- ------cpu-----
 r  b   swpd   free   buff  cache   si   so    bi    bo   in   cs us sy id wa st
 2  0 623924 1667780   2848 779984    0    0  2048     0 1287  265 25  0 75  0  0
 2  0 623924 1667780   2848 779984    0    0  2048     0 1306  390 25  1 74  0  0
 2  0 623924 1667780   2848 779984    0    0  2048     0 1228  257 25  0 75  0  0
 2  0 623924 1667780   2848 779984    0    0  2048    32 1382  414 25  1 74  0  0
 2  0 623924 1667780   2848 779984    0    0  2048     0 1231  267 25  0 75  0  0
 2  0 623924 1667780   2848 779984    0    0  2048     0 1356  396 25  1 74  0  0
 2  0 623924 1667780   2848 779984    0    0  2048     0 1219  237 25  0 75  0  0
 2  0 623924 1667780   2848 779984    0    0  2048     0 1321  382 25  1 74  0  0
 2  0 623924 1667780   2848 779984    0    0  2048    32 1246  257 25  0 75  0  0
 2  0 623924 1667780   2848 779984    0    0  2048     0 1287  381 25  0 75  0  0
 2  0 623924 1667780   2848 779984    0    0  2048     0 1315  327 25  0 74  0  0
 2  0 623924 1667780   2848 779984    0    0  2304     0 1365  422 25  1 74  0  0
 2  0 623924 1667780   2848 779984    0    0  2052     0 1367  365 25  1 74  0  0
 2  0 623924 1667780   2848 779984    0    0  2048    36 1273  372 25  1 75  0  0
 2  0 623924 1667780   2848 779984    0    0  2048     0 1348  347 25  0 74  0  0
 2  0 623924 1667780   2848 779984    0    0  2048   104 1416  475 25  1 74  0  0
 2  0 623924 1667780   2848 779984    0    0  2048     0 1238  274 25  0 75  0  0
 2  0 623924 1667780   2848 779984    0    0  2048     0 1380  436 25  1 74  0  0
 2  0 623924 1667780   2848 779984    0    0  2048     0 1202  235 25  0 75  0  0
 2  0 623924 1667780   2848 779984    0    0  2048     0 1392  454 25  1 74  0  0
 2  0 623924 1667780   2848 779984    0    0  2048   812 1463  437 25  0 75  0  0
procs -----------memory---------- ---swap-- -----io---- -system-- ------cpu-----
 r  b   swpd   free   buff  cache   si   so    bi    bo   in   cs us sy id wa st
 2  1 623924 1667780   2848 779984    0    0  1808 41560 1363  509 23  2 60 16  0
 2  0 623924 1667780   2848 779984    0    0  2056 24464 1458  483 25  1 62 12  0
 2  0 623924 1667780   2848 779984    0    0  2048     0 1354  378 25  1 75  0  0
 2  0 623924 1667780   2848 779984    0    0  2048   108 1369  343 25  0 75  0  0
 2  0 623924 1667780   2848 779984    0    0  2048   176 1301  366 25  1 74  0  0
 2  0 623924 1667780   2848 779984    0    0  2048     0 1216  240 25  0 75  0  0
 2  0 623924 1667780   2848 779984    0    0  2048    40 1313  369 25  1 75  0  0
 2  0 623924 1667780   2848 779984    0    0  2048     0 1294  293 25  0 75  0  0
 2  0 623924 1667780   2848 779984    0    0  2048     0 1309  382 25  0 74  0  0
 2  0 623924 1667780   2848 779984    0    0  2304   188 1258  266 25  0 75  0  0
 2  0 623924 1667780   2848 779984    0    0  2048     0 1430  436 25  1 74  0  0
 2  0 623924 1667780   2848 779984    0    0  2048     0 1230  243 25  0 75  0  0
 2  0 623924 1667780   2848 779984    0    0  2048     0 1295  348 25  1 75  0  0
 2  0 623924 1667780   2848 779984    0    0  2048     0 1267  319 25  1 75  0  0
 2  0 623924 1667780   2848 779984    0    0  2064    36 1451  461 25  1 74  0  0
 2  0 623924 1667780   2848 779984    0    0  2048     0 1282  294 25  0 75  0  0
 2  0 623924 1667780   2848 779984    0    0  2048     0 1318  354 25  1 75  0  0
 2  0 623924 1667780   2848 779984    0    0  2048     0 1236  264 25  0 75  0  0
 2  0 623924 1667780   2848 779984    0    0  2048     0 1463  503 25  1 75  0  0
 2  0 623924 1667780   2848 779984    0    0  5004    80 1862 1530 30  3 67  1  0
 2  0 623924 1667780   2848 779984    0    0  2048     0 1391  444 25  1 74  0  0
procs -----------memory---------- ---swap-- -----io---- -system-- ------cpu-----
 r  b   swpd   free   buff  cache   si   so    bi    bo   in   cs us sy id wa st
 3  0 623924 1667780   2848 779984    0    0 27052   220 4324 5971 49 10 39  2  0
 3  0 623924 1667780   2848 779984    0    0  2132   408 3624 1182 53  4 43  0  0
 6  0 623924 1667780   2848 779984    0    0  2088     0 4342  888 55  3 43  0  0
 2  0 623924 1667780   2848 779984    0    0  2684   132 4551 2223 42  3 55  0  0
 3  0 623924 1667780   2848 779984    0    0  2132   284 2941 2219 43  6 51  1  0
 2  0 623924 1667780   2848 779984    4    0  3036    96 3101 2436 45  6 49  0  0
 3  0 623924 1667780   2848 779984    0    0  2052     4 1686  462 29  1 71  0  0
 2  0 623924 1667780   2848 779984    0    0  2452     4 1668  640 28  1 71  0  0
 2  0 623924 1667780   2848 779984    0    0  2060   660 1521  447 26  1 74  0  0
 2  0 623924 1667780   2848 779984    0    0  2048     0 1482  642 25  1 74  0  0
 2  0 623924 1667780   2848 779984    0    0  2048    20 1288  307 25  0 74  0  0
 2  1 623924 1667780   2848 779984    0    0  1812 31136 1342  505 21  1 68  9  0
 1  2 623924 1667780   2848 779984    0    0  1028 16472  722  333 11  1 50 39  0
 2  3 623924 1667780   2848 779984    0    0  1284 10448 1107  524 17  1 20 62  0
 2  2 623924 1667780   2848 779984    0    0  1796 10036 1292  584 22  1 25 52  0
 2  0 623924 1667780   2848 779984    0    0  2052  5052 1563  972 25  1 62 12  0
 1  1 623924 1667780   2848 779984    0    0  2048     0 1262  324 24  0 75  1  0
 2  0 623924 1667780   2848 779984   32    0  1824     0 1470  461 24  1 74  1  0
 2  0 623924 1667780   2848 779984    0    0  1828   232 1153  298 22  1 71  6  0
 2  0 623924 1667780   2848 779984    0    0  2048     0 1277  344 25  0 75  0  0
 2  0 623924 1667780   2848 779984    0    0  2052  7704 1274  288 25  1 74  1  0
procs -----------memory---------- ---swap-- -----io---- -system-- ------cpu-----
 r  b   swpd   free   buff  cache   si   so    bi    bo   in   cs us sy id wa st
 2  0 623924 1667780   2848 779984    0    0  2048     0 1378  407 25  1 74  0  0
 2  0 623924 1667780   2848 779984    0    0  2048     0 1250  304 25  0 75  0  0
 2  0 623924 1667780   2848 779984    4    0  2336  2260 1440  598 25  1 70  5  0
 2  0 623924 1667780   2848 779984    0    0  2048     0 1298  295 25  0 75  0  0
 2  0 623924 1667780   2848 779984    0    0  2056     0 1483  597 25  1 74  0  0
 2  0 623924 1667780   2848 779984    0    0  2048     0 1204  231 25  0 75  0  0
 2  0 623924 1667780   2848 779984    0    0  2048     0 1294  383 25  1 75  0  0
 2  0 623924 1667780   2848 779984    0    0  2048   120 1271  314 25  0 75  0  0
 2  0 623924 1667780   2848 779984    0    0  2048     0 1369  434 25  1 74  0  0
 2  0 623924 1667780   2848 779984    0    0  2180   208 1914  806 30  1 69  0  0
 2  0 623924 1667780   2848 779984    0    0  2048     0 1641  494 29  1 70  0  0
 2  0 623924 1667780   2848 779984    0    0  2048     0 1312  332 25  0 75  0  0
 2  0 623924 1667780   2848 779984    0    0  2048     0 1306  372 25  1 74  0  0
 2  0 623924 1667780   2848 779984    0    0  2048     4 1244  261 25  0 75  0  0
 2  0 623924 1667780   2848 779984    0    0  2048    44 1377  397 25  1 74  0  0
 2  0 623924 1667780   2848 779984    0    0  2048     0 1247  327 25  0 75  0  0
 2  0 623924 1667780   2848 779984    0    0  2304     0 1307  388 25  1 74  0  0
 2  0 623924 1667780   2848 779984    0    0  2048     0 1321  288 25  0 75  0  0
 2  0 623924 1667780   2848 779984    0    0  2048     4 1338  372 25  1 75  0  0
 2  0 623924 1667780   2848 779984    0    0  2048    32 1239  287 25  0 75  0  0
 2  0 623924 1667780   2848 779984    0    0  2048     0 1309  374 25  1 74  0  0
procs -----------memory---------- ---swap-- -----io---- -system-- ------cpu-----
 r  b   swpd   free   buff  cache   si   so    bi    bo   in   cs us sy id wa st
 2  0 623924 1667780   2848 779984    0    0  2048     0 1273  293 25  0 75  0  0
 2  0 623924 1667780   2848 779984    0    0  2048     0 1301  351 25  1 75  0  0
 2  0 623924 1667780   2848 779984    0    0  2048    24 1264  276 25  0 75  0  0
 2  1 623924 1667780   2848 779984    0    0  2052 14956 1428  462 25  1 71  3  0
 2  0 623924 1667780   2848 779984    0    0  1812 52768 1595  831 23  2 47 29  0
 2  0 623924 1667780   2848 779984    0    0  2048     0 1360  403 25  1 74  0  0
 2  0 623924 1667780   2848 779984    0    0  2048     0 1267  270 25  0 75  0  0
 2  0 623924 1667780   2848 779984    0    0  2048     0 1289  363 25  1 74  0  0
 2  0 623924 1667780   2848 779984    0    0  2184   260 1296  295 25  0 74  0  0
 2  0 623924 1667780   2848 779984    0    0  2048     0 1389  383 26  1 73  0  0
 2  0 623924 1667780   2848 779984    0    0  2048   396 1288  302 25  0 75  0  0
 2  0 623924 1667780   2848 779984    0    0  2048     0 1349  389 25  1 74  0  0
 2  0 623924 1667780   2848 779984    0    0  2064     0 1277  294 25  0 75  0  0
 3  0 623924 1667780   2848 779984    0    0  2516    48 2753 2827 37  6 57  1  0
 6  0 623924 1667780   2848 779984    0    0  1792     0 3857 2060 52  5 43  0  0
 3  0 623924 1667780   2848 779984    0    0  1792     0 4265 1154 54  4 42  0  0
 2  0 623924 1667780   2848 779984    0    0  2048     0 4372 2080 48  3 50  0  0
 3  0 623924 1667780   2848 779984    0    0  2048     0 2201  623 36  4 61  0  0
 2  0 623924 1667780   2848 779984    0    0  1816   324 3592 4210 46  8 46  0  0
 3  0 623924 1667780   2848 779984    0    0  2048   124 1614  717 26  1 73  0  0
 2  0 623924 1667780   2848 779984    0    0  2048  4956 1446  438 25  0 74  0  0
procs -----------memory---------- ---swap-- -----io---- -system-- ------cpu-----
 r  b   swpd   free   buff  cache   si   so    bi    bo   in   cs us sy id wa st
 2  0 623924 1667780   2848 779984    0    0  2048     0 1351  384 25  1 74  0  0
 2  0 623924 1667780   2848 779984    0    0  2068   476 1376  340 25  0 74  0  0
 2  0 623924 1667780   2848 779984    0    0  2048     4 1326  394 25  1 74  0  0
 2  0 623924 1667780   2848 779984    0    0  2048   524 1290  297 25  0 74  0  0
 2  0 623924 1667780   2848 779984    0    0  2048  7808 1380  450 25  1 74  1  0
 3  0 623924 1667780   2848 779984    0    0  2048     0 1272  274 25  0 74  0  0
 2  0 623924 1667780   2848 779984    0    0  2048     0 1310  358 25  1 74  0  0
 2  0 623924 1667780   2848 779984    0    0  2048     0 1456  593 25  0 75  0  0
 2  0 623924 1667780   2848 779984    0    0  2048     0 1301  350 25  1 75  0  0
 2  0 623924 1667780   2848 779984    0    0  2052 20792 1403  414 25  1 73  2  0
 2  0 623924 1667780   2848 779984    0    0  2048     0 1378  400 25  1 74  0  0
 2  0 623924 1667780   2848 779984    0    0  2048     0 1229  262 25  0 75  0  0
 2  0 623924 1667780   2848 779984    0    0  2048  1812 1342  405 25  1 74  0  0
 2  0 623924 1667780   2848 779984    0    0  2048    28 1259  297 25  0 75  0  0
 2  0 623924 1667780   2848 779984    0    0  2088 42372 1518  557 24  1 71  4  0
 2  0 623924 1667780   2848 779984    0    0  2048     0 1259  265 25  1 75  0  0
 2  0 623924 1667780   2848 779984    0    0  2048   328 1341  353 25  1 74  0  0
 2  0 623924 1667780   2848 779984    0    0  2048     0 1282  288 25  0 75  0  0
 2  0 623924 1667780   2848 779984    0    0  2048     0 1356  414 25  1 74  0  0
 2  0 623924 1667780   2848 779984    0    0  2048   100 1318  340 25  0 75  0  0
 2  0 623924 1667780   2848 779984    0    0  2048     0 1299  360 25  1 75  0  0
procs -----------memory---------- ---swap-- -----io---- -system-- ------cpu-----
 r  b   swpd   free   buff  cache   si   so    bi    bo   in   cs us sy id wa st
 2  0 623924 1667780   2848 779984    0    0  2048     0 1235  260 25  1 75  0  0
 3  0 623924 1667780   2848 779984    0    0  2048   124 1643  768 27  1 72  0  0
 2  0 623924 1667780   2848 779984    0    0  2048     0 1623  385 30  1 69  0  0
 2  0 623924 1667780   2848 779984    0    0  2048   416 1402  443 25  1 74  0  0
 2  0 623924 1667780   2848 779984    0    0  2048     0 1444  456 25  1 74  0  0
 2  0 623924 1667780   2848 779984    0    0  2048     0 1325  414 25  1 74  0  0
 2  0 623924 1667780   2848 779984    0    0  2048    68 1290  302 25  0 75  0  0
 2  0 623924 1667780   2848 779984    0    0  2048     0 1365  414 25  1 74  0  0
 2  0 623924 1667780   2848 779984    0    0  2048    16 1393  381 25  0 75  0  0
 2  0 623924 1667780   2848 779984    0    0  2048     0 1331  381 25  1 75  0  0
 2  0 623924 1667780   2848 779984    0    0  2048     0 1268  266 25  0 75  0  0
 3  0 623924 1667780   2848 779984    0    0  2076    60 1410  434 25  1 74  0  0
 2  0 623924 1667780   2848 779984    0    0  2304     0 1267  286 25  0 75  0  0
 3  0 623924 1667780   2848 779984    0    0  2048    20 1326  364 25  0 74  0  0
 2  0 623924 1667780   2848 779984    0    0  2048     0 1253  266 25  1 75  0  0
 3  0 623924 1667780   2848 779984    0    0  2048   300 1424  508 26  2 73  0  0
 3  0 623924 1667780   2848 779984    0    0  2084    72 1534  356 26  3 71  0  0
 2  0 623924 1667780   2848 779984    0    0  2076     0 1353  378 25  1 74  0  0
 2  0 623924 1667780   2848 779984    0    0  2056     0 1282  324 25  0 75  0  0
 2  0 623924 1667780   2848 779984    0    0  2048   264 1282  339 25  1 74  0  0
 2  0 623924 1667780   2848 779984    0    0  2048     4 1328  325 25  0 75  0  0
procs -----------memory---------- ---swap-- -----io---- -system-- ------cpu-----
 r  b   swpd   free   buff  cache   si   so    bi    bo   in   cs us sy id wa st
 2  0 623924 1667780   2848 779984    0    0  2048   348 1350  390 25  1 74  0  0
 2  0 623924 1667780   2848 779984    0    0  2060     0 1295  315 25  0 75  0  0
 2  0 623924 1667780   2848 779984    0    0  2048     0 1370  405 25  1 74  0  0
 2  1 623924 1667780   2848 779984    0    0  2048 33668 1299  322 25  1 71  3  0
 2  0 623924 1667780   2848 779984    0    0  2064 30716 1464  533 25  1 72  2  0
 2  0 623924 1667780   2848 779984    0    0  2048  1128 1469  410 25  0 75  0  0
 2  0 623924 1667780   2848 779984    0    0  2048   104 1297  377 25  1 74  0  0
 2  0 623924 1667780   2848 779984    0    0  2048     0 1332  357 25  0 75  0  0
 2  0 623924 1667780   2848 779984    0    0  2048     0 1331  377 25  1 74  0  0
 2  0 623924 1667780   2848 779984    0    0  2048     0 1346  328 25  0 74  0  0
 2  0 623924 1667780   2848 779984    0    0  2048    76 1373  408 25  1 74  0  0
 2  0 623924 1667780   2848 779984    0    0  2304     0 1370  385 25  0 74  0  0
 2  0 623924 1667780   2848 779984    0    0  2048     0 1351  436 25  1 74  0  0
 2  0 623924 1667780   2848 779984    0    0  2048     0 1225  264 25  1 75  0  0
 2  0 623924 1667780   2848 779984    0    0  2048     0 1410  429 25  0 74  0  0
 2  0 623924 1667780   2848 779984    0    0  2048    36 1278  295 25  0 75  0  0
 2  0 623924 1667780   2848 779984    0    0  2048    72 1382  420 25  1 74  0  0
 2  0 623924 1667780   2848 779984    0    0  2048   444 1387  374 25  0 75  0  0
 2  0 623924 1667780   2848 779984    0    0  2048     0 1286  363 25  1 75  0  0
 2  0 623924 1667780   2848 779984    0    0  2052   188 1236  285 25  0 74  0  0
 2  0 623924 1667780   2848 779984    0    0  2048     0 1329  381 25  1 74  0  0
procs -----------memory---------- ---swap-- -----io---- -system-- ------cpu-----
 r  b   swpd   free   buff  cache   si   so    bi    bo   in   cs us sy id wa st
 2  0 623924 1667780   2848 779984    0    0  2048     0 1264  283 25  0 75  0  0
 2  0 623924 1667780   2848 779984    0    0  2048    56 1342  371 25  1 74  0  0
 2  0 623924 1667780   2848 779984    0    0  2048    44 1276  292 25  0 74  0  0
 2  0 623924 1667780   2848 779984    0    0  2048    92 1353  388 25  1 74  0  0
 2  0 623924 1667780   2848 779984    0    0  2048     0 1195  218 25  0 75  0  0
 2  0 623924 1667780   2848 779984    0    0  2048     0 1318  381 25  0 74  0  0
 2  0 623924 1667780   2848 779984    0    0  2048     0 1499  632 25  0 75  0  0
 2  0 623924 1667780   2848 779984    0    0  2048    76 1308  367 25  1 74  0  0
 2  0 623924 1667780   2848 779984    0    0  2048   304 1333  302 25  0 75  0  0
 2  0 623924 1667780   2848 779984    0    0  2048     0 1334  381 25  1 74  0  0
 2  0 623924 1667780   2848 779984    0    0  2048     0 1364  339 25  0 75  0  0
 2  0 623924 1667780   2848 779984    0    0  2048   324 1473  467 25  1 74  0  0
 2  0 623924 1667780   2848 779984    0    0  2048     0 1206  232 25  0 75  0  0
 2  0 623924 1667780   2848 779984    0    0  2048    60 1332  394 25  1 74  0  0
 2  0 623924 1667780   2848 779984    0    0  1336 64492 1362  620 17  2 65 16  0
 2  0 623924 1667780   2848 779984    0    0  2048     0 1320  372 25  1 74  0  0
 2  0 623924 1667780   2848 779984    0    0  2048     0 1266  302 25  0 75  0  0
 2  0 623924 1667780   2848 779984    0    0  2048     0 1272  341 25  1 75  0  0
 2  0 623924 1667780   2848 779984    0    0  2048   136 1299  307 25  0 75  0  0
 2  0 623924 1667780   2848 779984    0    0  2072     0 1355  413 25  1 74  0  0
 2  0 623924 1667780   2848 779984    0    0  2304   352 1319  300 25  0 75  0  0
procs -----------memory---------- ---swap-- -----io---- -system-- ------cpu-----
 r  b   swpd   free   buff  cache   si   so    bi    bo   in   cs us sy id wa st
 2  0 623924 1667780   2848 779984    0    0  2048     0 1376  423 25  1 74  0  0
 2  0 623924 1667780   2848 779984    0    0  2048     0 1256  269 25  0 75  0  0
 2  0 623924 1667780   2848 779984    0    0  2068    40 1426  473 25  1 74  0  0
 2  0 623924 1667780   2848 779984    0    0  2048     0 1211  257 25  0 75  0  0
 2  0 623924 1667780   2848 779984    0    0  2048     0 1352  413 25  1 74  0  0
 2  0 623924 1667780   2848 779984    0    0  2048   240 1287  341 25  1 74  0  0
 2  0 623924 1667780   2848 779984    0    0  2048     0 1345  396 25  1 75  0  0
 2  0 623924 1667780   2848 779984    0    0  2048    40 1246  267 25  0 74  0  0
 2  0 623924 1667780   2848 779984    0    0  2048     0 1297  357 25  1 74  0  0
 2  0 623924 1667780   2848 779984    0    0  2048     0 1275  316 25  0 75  0  0
 2  0 623924 1667780   2848 779984    0    0  2048     0 1292  361 25  1 75  0  0
 2  0 623924 1667780   2848 779984    0    0  2048     0 1249  255 25  1 75  0  0
 2  0 623924 1667780   2848 779984    0    0  2048    32 1374  414 25  1 74  0  0
 2  0 623924 1667780   2848 779984    0    0  2048     4 1244  247 25  0 75  0  0
 2  0 623924 1667780   2848 779984    0    0  2048     0 1283  339 25  1 74  0  0
 2  0 623924 1667780   2848 779984    0    0  2048    36 1280  319 25  0 75  0  0
 2  0 623924 1667780   2848 779984    0    0  2080     0 1340  394 25  1 74  0  0
 2  0 623924 1667780   2848 779984    0    0  2048   284 1316  314 25  0 75  0  0
 2  0 623924 1667780   2848 779984    0    0  2048     0 1366  409 25  1 74  0  0
 2  0 623924 1667780   2848 779984    0    0  2048   264 1304  320 25  1 75  0  0
 2  0 623924 1667780   2848 779984    0    0  2048     0 1295  383 25  1 74  0  0
procs -----------memory---------- ---swap-- -----io---- -system-- ------cpu-----
 r  b   swpd   free   buff  cache   si   so    bi    bo   in   cs us sy id wa st
 2  0 623924 1667780   2848 779984    0    0  2048     0 1359  424 25  0 75  0  0
 2  0 623924 1667780   2848 779984    0    0  2048    64 1404  467 25  1 74  0  0
 2  0 623924 1667780   2848 779984    0    0  2048     0 1553  471 25  1 74  0  0
 2  1 623924 1667780   2848 779984    0    0  2064 14072 1473  537 25  1 70  5  0
 2  0 623924 1667780   2848 779984    0    0  1580 51256 1344  626 19  1 60 21  0
 2  0 623924 1667780   2848 779984    0    0  2048     0 1454  472 25  1 74  0  0
 2  0 623924 1667780   2848 779984    0    0  2048   108 1282  351 25  0 74  0  0
 2  0 623924 1667780   2848 779984    0    0  2048   300 1518  577 25  1 74  0  0
 2  0 623924 1667780   2848 779984    0    0  2048     0 1360  384 25  0 75  0  0
 2  0 623924 1667780   2848 779984    0    0  2048   164 1626  608 25  1 74  0  0
 2  0 623924 1667780   2848 779984    0    0  2048     0 1414  408 25  1 75  0  0
 2  0 623924 1667780   2848 779984    0    0  2048    40 1426  501 25  1 74  0  0
 2  0 623924 1667780   2848 779984    0    0  2048     0 1334  348 25  0 75  0  0
 2  0 623924 1667780   2848 779984    0    0  2048     0 1461  501 25  1 74  0  0
 2  0 623924 1667780   2848 779984    0    0  2048     0 1348  413 25  0 74  0  0
 2  0 623924 1667780   2848 779984    0    0  2048     0 1451  494 25  1 74  0  0
 2  0 623924 1667780   2848 779984    0    0  2048    36 1338  363 25  0 75  0  0
 2  0 623924 1667780   2848 779984    0    0  2048     0 1392  452 25  1 74  0  0
 2  0 623924 1667780   2848 779984    0    0  2048     0 1348  388 25  0 74  0  0
 2  0 623924 1667780   2848 779984    0    0  2048     0 1456  511 25  1 74  0  0
 2  0 623924 1667780   2848 779984    0    0  2048     0 1337  368 25  0 75  0  0
procs -----------memory---------- ---swap-- -----io---- -system-- ------cpu-----
 r  b   swpd   free   buff  cache   si   so    bi    bo   in   cs us sy id wa st
 2  0 623924 1667780   2848 779984    0    0  2048    36 1384  466 25  1 74  0  0
 2  0 623924 1667780   2848 779984    0    0  2048     0 1368  356 25  0 75  0  0
 2  0 623924 1667780   2848 779984    0    0  2048     0 1400  463 25  1 74  0  0
 2  0 623924 1667780   2848 779984    0    0  2048     0 1541  489 25  0 74  0  0
 2  0 623924 1667780   2848 779984    0    0  2048     0 1601  734 25  1 74  0  0
 2  0 623924 1667780   2848 779984    0    0  2344    92 1356  376 25  0 75  0  0
 2  0 623924 1667780   2848 779984    0    0  2048     0 1463  476 25  1 74  0  0
 2  0 623924 1667780   2848 779984    0    0  2048     0 1404  412 25  0 75  0  0
 2  0 623924 1667780   2848 779984    0    0  2048     0 1591  566 25  1 74  0  0
 2  0 623924 1667780   2848 779984    0    0  2052   272 1339  379 25  0 75  0  0
 2  0 623924 1667780   2848 779984    0    0  2048     0 1394  452 25  1 74  0  0
 2  0 623924 1667780   2848 779984    0    0  2048    68 1354  387 25  0 75  0  0
 2  0 623924 1667780   2848 779984    0    0  2048     0 1388  467 25  0 74  0  0
 2  0 623924 1667780   2848 779984    0    0  2048     0 1335  387 25  0 75  0  0
 2  1 623924 1667780   2848 779984    0    0  2048 28188 1551  613 25  1 63 11  0
 2  0 623924 1667780   2848 779984    0    0  2052 37336 1666  698 25  1 52 22  0
 2  0 623924 1667780   2848 779984    0    0  2048   108 1512  569 25  1 74  0  0
 2  0 623924 1667780   2848 779984    0    0  2048     0 1287  333 25  0 75  0  0
 2  0 623924 1667780   2848 779984    0    0  2048     0 1385  473 25  1 74  0  0
 2  0 623924 1667780   2848 779984    0    0  2048   796 1589  563 25  1 75  0  0
 2  0 623924 1667780   2848 779984    0    0  2048     0 1389  497 25  1 74  0  0
procs -----------memory---------- ---swap-- -----io---- -system-- ------cpu-----
 r  b   swpd   free   buff  cache   si   so    bi    bo   in   cs us sy id wa st
 2  0 623924 1667780   2848 779984    0    0  2048   200 1398  373 25  0 75  0  0
 2  0 623924 1667780   2848 779984    0    0  2048     0 1488  541 25  1 74  0  0
 2  0 623924 1667780   2848 779984    0    0  2048     0 1366  416 25  0 75  0  0
 2  0 623924 1667780   2848 779984    0    0  2048     0 1378  461 25  1 74  0  0
 2  0 623924 1667780   2848 779984    0    0  2048     0 1298  349 25  0 75  0  0
 2  0 623924 1667780   2848 779984    0    0  2048    36 1469  542 25  0 75  0  0
 2  0 623924 1667780   2848 779984    0    0  2048     0 1372  382 25  0 75  0  0
 2  0 623924 1667780   2848 779984    0    0  2048     0 1499  549 25  1 74  0  0
 2  0 623924 1667780   2848 779984    0    0  2048     0 1275  337 25  0 75  0  0
 2  0 623924 1667780   2848 779984    0    0  2048     4 1443  499 25  1 74  0  0
 2  0 623924 1667780   2848 779984    0    0  2048   432 1462  408 25  0 74  0  0
 2  0 623924 1667780   2848 779984    0    0  2048     0 1372  438 25  1 75  0  0
 2  0 623924 1667780   2848 779984    0    0  2304     0 1310  368 25  0 75  0  0
 2  0 623924 1667780   2848 779984    0    0  2048     0 1411  468 25  1 74  0  0
 2  0 623924 1667780   2848 779984    0    0  2048     0 1360  423 25  0 75  0  0
 2  0 623924 1667780   2848 779984    0    0  2048    72 1408  499 25  1 74  0  0
 2  0 623924 1667780   2848 779984    0    0  2048     0 1328  388 25  1 74  0  0
 2  0 623924 1667780   2848 779984    0    0  2048     0 1408  458 25  1 74  0  0
 2  0 623924 1667780   2848 779984    0    0  2048     0 1339  359 25  1 75  0  0
 2  0 623924 1667780   2848 779984    0    0  2048   192 1483  495 25  1 74  0  0
 2  0 623924 1667780   2848 779984    0    0  2048   328 1336  368 25  0 75  0  0
procs -----------memory---------- ---swap-- -----io---- -system-- ------cpu-----
 r  b   swpd   free   buff  cache   si   so    bi    bo   in   cs us sy id wa st
 2  0 623924 1667780   2848 779984    0    0  2048     0 1382  458 25  1 74  0  0
 2  0 623924 1667780   2848 779984    0    0  2048     0 1458  469 25  0 75  0  0
 2  0 623924 1667780   2848 779984    0    0  2048     0 1376  455 25  1 74  0  0
 2  0 623924 1667780   2848 779984    0    0  2048   176 1350  365 25  0 75  0  0
 3  0 623924 1667780   2848 779984    0    0  2048 20460 1448  527 25  1 69  5  0
 2  1 623924 1667780   2848 779984    0    0  1852 40824 1349  574 21  1 53 25  0
 1  2 623924 1667780   2848 779984    0    0  1024  5572  977  536 12  1 50 37  0
 2  0 623924 1667780   2848 779984    0    0  1836     0 1287  359 24  0 71  5  0
 2  0 623924 1667780   2848 779984    0    0  2048     0 1429  490 25  1 74  0  0
 2  0 623924 1667780   2848 779984    0    0  2048   172 1365  432 24  1 74  1  0
 2  0 623924 1667780   2848 779984    0    0  2048     0 1494  538 25  1 74  0  0
 2  0 623924 1667780   2848 779984    0    0  2048     0 1325  371 25  1 75  0  0
 2  0 623924 1667780   2848 779984    0    0  2048     0 1399  458 25  1 74  0  0
 2  0 623924 1667780   2848 779984    0    0  2048     0 1350  361 25  0 75  0  0
 2  0 623924 1667780   2848 779984    0    0  2048    36 1510  562 25  1 70  4  0
 2  0 623924 1667780   2848 779984    0    0  2048     0 1252  337 25  0 75  0  0
 2  0 623924 1667780   2848 779984    0    0  2048     0 1434  502 25  1 74  0  0
 2  0 623924 1667780   2848 779984    0    0  2048     0 1388  403 25  1 74  0  0
 2  0 623924 1667780   2848 779984    0    0  2048     0 1376  464 25  1 74  0  0
 2  0 623924 1667780   2848 779984    0    0  2048    32 1300  344 25  1 75  0  0
 2  0 623924 1667780   2848 779984    0    0  2048     0 1400  497 25  1 74  0  0
procs -----------memory---------- ---swap-- -----io---- -system-- ------cpu-----
 r  b   swpd   free   buff  cache   si   so    bi    bo   in   cs us sy id wa st
 2  0 623924 1667780   2848 779984    0    0  2048    44 1374  421 25  1 74  0  0
 2  0 623924 1667780   2848 779984    0    0  2312     0 1423  497 25  1 74  0  0
 2  0 623924 1667780   2848 779984    0    0  2048     0 1354  368 25  1 74  0  0
 2  0 623924 1667780   2848 779984    0    0  2048    36 1659  806 25  1 74  0  0
 2  0 623924 1667780   2848 779984    0    0  2048    32 1342  380 25  0 75  0  0
 2  0 623924 1667780   2848 779984    0    0  2048   160 1583  567 25  1 74  0  0
 2  0 623924 1667780   2848 779984    0    0  2048     0 1332  348 25  0 75  0  0
 2  0 623924 1667780   2848 779984    0    0  2048     0 1460  499 25  1 74  0  0
 2  0 623924 1667780   2848 779984    0    0  2048    56 1368  405 25  0 75  0  0
 2  0 623924 1667780   2848 779984    0    0  2052     0 1445  513 25  1 74  0  0
 2  0 623924 1667780   2848 779984    0    0  2056     0 1421  431 25  1 74  0  0
 2  0 623924 1667780   2848 779984    0    0  2048   288 1422  486 25  0 75  0  0
 2  0 623924 1667780   2848 779984    0    0  2048     0 1468  517 25  1 74  0  0
 2  0 623924 1667780   2848 779984    0    0  2048    56 1403  429 25  0 75  0  0
 2  0 623924 1667780   2848 779984    0    0  2048     0 1462  512 25  1 74  0  0
 2  0 623924 1667780   2848 779984    0    0  2048     0 1350  376 25  0 74  0  0
 2  0 623924 1667780   2848 779984    0    0  2064     0 1467  564 25  1 75  0  0
 2  2 623924 1667780   2848 779984    0    0  2048 49772 1740  936 25  1 37 36  0
 2  0 623924 1667780   2848 779984    0    0  2048 17876 1641  802 25  1 64 10  0
 2  0 623924 1667780   2848 779984    0    0  2048     0 1315  357 25  0 75  0  0
 2  0 623924 1667780   2848 779984    0    0  2048     0 1565  610 25  1 74  0  0
procs -----------memory---------- ---swap-- -----io---- -system-- ------cpu-----
 r  b   swpd   free   buff  cache   si   so    bi    bo   in   cs us sy id wa st
 2  0 623924 1667780   2848 779984    0    0  2052     0 1385  401 25  1 74  0  0
 2  0 623924 1667780   2848 779984    0    0  2048     0 1397  457 25  1 74  0  0
 2  0 623924 1667780   2848 779984    0    0  2048    40 1355  368 25  0 74  0  0
 2  0 623924 1667780   2848 779984    0    0  2048     0 1441  511 25  1 74  0  0
 2  0 623924 1667780   2848 779984    0    0  2048     0 1374  391 25  0 74  0  0
 2  0 623924 1667780   2848 779984    0    0  2048     0 1456  504 25  1 74  0  0
 2  0 623924 1667780   2848 779984    0    0  2048     0 1339  363 25  0 75  0  0
 2  0 623924 1667780   2848 779984    0    0  2060    32 1444  496 25  1 74  0  0
 2  0 623924 1667780   2848 779984    0    0  2304     0 1326  329 25  0 75  0  0
 2  0 623924 1667780   2848 779984    0    0  2056    44 1439  535 25  1 74  0  0
 2  0 623924 1667780   2848 779984    0    0  2064     0 1479  452 25  1 74  0  0
 2  0 623924 1667780   2848 779984    0    0  2048     0 1407  496 25  1 74  0  0
 2  0 623924 1667780   2848 779984    0    0  2048    36 1330  361 25  0 74  0  0
 2  0 623924 1667780   2848 779984    0    0  2048     0 1420  479 25  1 74  0  0
 2  0 623924 1667780   2848 779984    0    0  2048     0 1285  344 25  0 75  0  0
 2  0 623924 1667780   2848 779984    0    0  2048    40 1501  556 25  1 74  0  0
 2  0 623924 1667780   2848 779984    0    0  2048     0 1393  387 25  1 75  0  0
 2  0 623924 1667780   2848 779984    0    0  2048    56 1463  505 25  1 74  0  0
 2  0 623924 1667780   2848 779984    0    0  2048     0 1434  405 25  0 74  0  0
 2  0 623924 1667780   2848 779984    0    0  2048     0 1457  546 25  1 74  0  0
 2  0 623924 1667780   2848 779984    0    0  2048   180 1520  406 25  0 75  0  0
procs -----------memory---------- ---swap-- -----io---- -system-- ------cpu-----
 r  b   swpd   free   buff  cache   si   so    bi    bo   in   cs us sy id wa st
 2  0 623924 1667780   2848 779984    0    0  2048     0 1390  437 25  1 75  0  0
 2  0 623924 1667780   2848 779984    0    0  2048    36 1374  378 25  1 74  0  0
 2  0 623924 1667780   2848 779984    0    0  7064     0 1838  832 25  1 72  2  0
 7  0 623924 1667780   2848 779984    0    0  2144     0 1548  743 26  1 72  0  0
 2  0 623924 1667780   2848 779984    0    0  2048   288 1782 1309 28  3 69  0  0
 2  0 623924 1667780   2848 779984    0    0  2048     0 1379  428 25  0 75  0  0
 3  0 623924 1667780   2848 779984    0    0  8060   292 5008 7303 62 13 24  1  0
 3  1 623924 1667780   2848 779984    0    0  1880     0 3801 1287 52  4 43  0  0
 3  0 623924 1667780   2848 779984    0    0  2080     0 5330 1113 56  4 40  0  0
 2  1 623924 1667780   2848 779984    0    0  1796 46000 4111 2406 40  4 36 20  0
 3  0 623924 1667780   2848 779984    0    0  1684 24456 3104 2640 39  8 38 16  0
 2  0 623924 1667780   2848 779984    0    0  2048   104 3283 2303 41  8 51  1  0
 2  0 623924 1667780   2848 779984    0    0  2048     0 1412  452 25  1 74  0  0
 2  0 623924 1667780   2848 779984    0    0  2048    24 1419  426 25  0 75  0  0
 2  0 623924 1667780   2848 779984    0    0  2048  5280 1572  654 25  1 74  0  0
 2  0 623924 1667780   2848 779984    0    0  2048     0 1412  420 25  1 74  0  0
 2  0 623924 1667780   2848 779984    0    0  2048     0 1513  558 25  1 74  0  0
 2  0 623924 1667780   2848 779984    0    0  2048     0 1362  390 25  0 75  0  0
 2  0 623924 1667780   2848 779984    0    0  2048     0 1443  497 25  1 74  0  0
 2  0 623924 1667780   2848 779984    0    0  2052  7860 1427  405 25  1 70  4  0
 2  0 623924 1667780   2848 779984    0    0  2048     0 1406  438 25  1 74  0  0
procs -----------memory---------- ---swap-- -----io---- -system-- ------cpu-----
 r  b   swpd   free   buff  cache   si   so    bi    bo   in   cs us sy id wa st
 2  0 623924 1667780   2848 779984    0    0  2048     0 1340  375 25  0 75  0  0
 2  0 623924 1667780   2848 779984    0    0  2048     0 1746  866 25  1 74  0  0
 2  0 623924 1667780   2848 779984    0    0  2048     0 1465  460 25  1 74  0  0
 2  0 623924 1667780   2848 779984    0    0  2048   160 1403  495 25  1 74  0  0
 2  0 623924 1667780   2848 779984    0    0  2048    36 1310  349 25  0 75  0  0
 2  0 623924 1667780   2848 779984    0    0  2048   304 1517  539 25  1 75  0  0
 2  0 623924 1667780   2848 779984    0    0  2048  1812 1376  379 25  1 74  0  0
 2  0 623924 1667780   2848 779984    0    0  2048     0 1459  531 25  1 74  0  0
 2  0 623924 1667780   2848 779984    0    0  2304   120 1323  360 25  0 75  0  0
 2  0 623924 1667780   2848 779984    0    0  2048     0 1426  493 25  1 74  0  0
 2  0 623924 1667780   2848 779984    0    0  2056     0 1489  559 26  0 74  0  0
 2  0 623924 1667780   2848 779984    0    0  2048     8 1399  456 25  1 74  0  0
 2  0 623924 1667780   2848 779984    0    0  2048     0 1321  353 25  0 75  0  0
 2  0 623924 1667780   2848 779984    0    0  2048    60 1397  509 25  1 74  0  0
 2  0 623924 1667780   2848 779984    0    0  2048     4 1420  406 25  0 75  0  0
 2  0 623924 1667780   2848 779984    0    0  2048   972 2464 1093 31  1 68  1  0
 2  0 623924 1667780   2848 779984    0    0  2048     4 1537  394 29  1 71  0  0
 2  0 623924 1667780   2848 779984    0    0  2048     0 1468  516 25  1 74  0  0
 2  0 623924 1667780   2848 779984    0    0  2048    92 1514  456 25  0 74  0  0
 2  0 623924 1667780   2848 779984    0    0  2048     0 1396  445 25  1 74  0  0
 2  1 623924 1667780   2848 779984    0    0  1800 29144 1338  431 22  1 68  9  0
procs -----------memory---------- ---swap-- -----io---- -system-- ------cpu-----
 r  b   swpd   free   buff  cache   si   so    bi    bo   in   cs us sy id wa st
 2  0 623924 1667780   2848 779984    0    0  1816 36160 1700  961 22  1 59 18  0
 2  0 623924 1667780   2848 779984    0    0  2048     0 1410  388 25  0 74  0  0
 2  0 623924 1667780   2848 779984    0    0  2048   152 1444  498 25  1 74  0  0
 2  0 623924 1667780   2848 779984    0    0  2048   108 1379  403 25  0 74  0  0
 2  0 623924 1667780   2848 779984    0    0  2048     0 1424  481 25  1 74  0  0
 2  0 623924 1667780   2848 779984    0    0  2048     0 1286  332 25  0 75  0  0
 2  0 623924 1667780   2848 779984    0    0  2048     0 1495  525 25  1 74  0  0
 2  0 623924 1667780   2848 779984    0    0  2048    36 1403  396 25  0 75  0  0
 3  0 623924 1667780   2848 779984    0    0  2048     0 1405  471 25  1 74  0  0
 3  0 623924 1667780   2848 779984    0    0  2048  1812 1454  472 25  1 70  4  0
 3  0 623924 1667780   2848 779984    0    0  2048     4 1508  523 25  1 74  0  0
 4  0 623924 1667780   2848 779984    0    0  2048   336 1499  435 25  1 75  0  0
 3  0 623924 1667780   2848 779984    0    0  2048    88 1373  479 25  1 74  0  0
 4  0 623924 1667780   2848 779984    0    0     0     0 1409  418 25  1 74  0  0
 3  0 623924 1667780   2848 779984    0    0  4096    96 1436  479 25  1 74  0  0
 3  0 623924 1667780   2848 779984    0    0  2048     0 1321  361 25  0 75  0  0
 3  0 623924 1667780   2848 779984    0    0  2048     0 1442  515 25  1 74  0  0
 2  0 623924 1667780   2848 779984    0    0  2048     0 1382  382 25  0 75  0  0
 3  0 623924 1667780   2848 779984    0    0  2048    32 1511  526 25  1 74  0  0
 5  0 623924 1667780   2848 779984    0    0  2056    36 3170 3466 40  8 53  0  0
 4  0 623924 1667780   2848 779984    0    0  1792     0 4076 1880 52  5 43  0  0
procs -----------memory---------- ---swap-- -----io---- -system-- ------cpu-----
 r  b   swpd   free   buff  cache   si   so    bi    bo   in   cs us sy id wa st
 4  0 623924 1667780   2848 779984    0    0  1792   156 4270 1009 54  3 43  0  0
 3  0 623924 1667780   2848 779984    0    0  2048     0 4853 2256 45  3 52  0  0
 4  0 623924 1667780   2848 779984    0    0  2272     0 3022  742 39  8 53  0  0
 2  0 623924 1667780   2848 779984    0    0  1816   360 3631 4286 43  9 48  1  0
 2  0 623924 1667780   2848 779984    0    0  2192     0 1554  615 26  1 74  0  0
 2  0 623924 1667780   2848 779984    0    0  2048   268 1478  515 25  1 74  0  0
 4  0 623924 1667780   2848 779984    0    0  2048     0 1290  380 25  0 75  0  0
 2  0 623924 1667780   2848 779984    0    0  2048     0 1408  443 25  1 74  0  0
 3  0 623924 1667780   2848 779984    0    0  2048   744 1468  485 26  1 74  0  0
 2  0 623924 1667780   2848 779984    0    0  2052     0 1489  469 25  1 74  0  0
 3  1 623924 1667780   2848 779984    0    0  2048 45400 1658  695 24  1 57 17  0
 2  0 623924 1667780   2848 779984    0    0  2060 19140 1448  542 25  1 66  8  0
 3  0 623924 1667780   2848 779984    0    0  2048    80 1378  449 25  0 75  0  0
 3  0 623924 1667780   2848 779984    0    0  2048  8860 1519  459 25  1 70  4  0
 3  0 623924 1667780   2848 779984    0    0  2048     4 1329  377 25  1 75  0  0
 2  0 623924 1667780   2848 779984    0    0  2048   144 1482  486 25  1 74  0  0
 3  0 623924 1667780   2848 779984    0    0  2048     0 1316  376 25  0 75  0  0
 2  0 623924 1667780   2848 779984    0    0  2048    60 1542  536 26  1 74  0  0
 3  0 623924 1667780   2848 779984    0    0  2048  1812 1459  502 25  1 74  0  0
 2  0 623924 1667780   2848 779984    0    0  2056  3608 1431  452 25  1 74  0  0
 3  0 623924 1667780   2848 779984    0    0  2048     0 1414  494 25  1 74  0  0
procs -----------memory---------- ---swap-- -----io---- -system-- ------cpu-----
 r  b   swpd   free   buff  cache   si   so    bi    bo   in   cs us sy id wa st
 2  0 623924 1667780   2848 779984    0    0  2048     0 1599  682 25  1 74  0  0
 4  0 623924 1667780   2848 779984    0    0  2048   108 1340  435 25  1 74  0  0
 2  0 623924 1667780   2848 779984    0    0  2304     0 1363  403 25  1 75  0  0
 3  0 623924 1667780   2848 779984    0    0  2048     0 1298  413 25  0 75  0  0
 2  0 623924 1667780   2848 779984    0    0  2056     0 1430  422 25  0 75  0  0
 3  0 623924 1667780   2848 779984    0    0  2048     0 1351  421 25  1 74  0  0
 2  0 623924 1667780   2848 779984    0    0  2048    32 1519  471 25  0 74  0  0
 3  0 623924 1667780   2848 779984    0    0  2048   168 1845  867 29  1 70  0  0
 2  0 623924 1667780   2848 779984    0    0  2048     0 1587  434 29  1 71  0  0
 3  0 623924 1667780   2848 779984    0    0  2048     0 1336  474 25  1 74  0  0
 2  0 623924 1667780   2848 779984    0    0  2048     0 1540  602 26  1 74  0  0
 3  0 623924 1667780   2848 779984    0    0  2048   484 1440  535 25  1 74  0  0
 2  0 623924 1667780   2848 779984    0    0  2048    80 1435  435 25  0 74  0  0
 3  0 623924 1667780   2848 779984    0    0  2048     0 1437  503 25  0 75  0  0
 3  0 623924 1667780   2848 779984    0    0  2056     0 1544  475 25  2 73  0  0
 3  0 623924 1667780   2848 779984    0    0  2048   272 1508  559 25  1 74  0  0
 2  0 623924 1667780   2848 779984    0    0  2048     0 1360  378 25  0 75  0  0
 3  0 623924 1667780   2848 779984    0    0  2048    64 1376  471 25  1 74  0  0
 3  0 623924 1667780   2848 779984    0    0  2048     0 1372  381 25  0 75  0  0
 3  0 623924 1667780   2848 779984    0    0  2048     0 1315  436 25  1 74  0  0
 2  0 623924 1667780   2848 779984    0    0  2048     0 1339  366 25  0 75  0  0
procs -----------memory---------- ---swap-- -----io---- -system-- ------cpu-----
 r  b   swpd   free   buff  cache   si   so    bi    bo   in   cs us sy id wa st
 3  1 623924 1667780   2848 779984    0    0  2072 52368 1601  653 25  2 52 22  0
 3  0 623924 1667780   2848 779984    0    0  2048 13512 1544  661 25  1 67  7  0
 2  0 623924 1667780   2848 779984    0    0  2048   276 1467  497 25  1 74  0  0
 2  0 623924 1667780   2848 779984    0    0  2048     8 1391  431 25  1 75  0  0
 2  0 623924 1667780   2848 779984    0    0  2048     0 1353  447 25  1 74  0  0
 2  0 623924 1667780   2848 779984    0    0  2048     0 1356  355 25  1 75  0  0
 2  0 623924 1667780   2848 779984    0    0  2048    36 1378  491 25  1 74  0  0
 2  0 623924 1667780   2848 779984    0    0  2048    32 1429  421 25  1 75  0  0
 2  0 623924 1667780   2848 779984    0    0  2048     0 1392  481 25  1 74  0  0
 2  0 623924 1667780   2848 779984    0    0  2048   172 1395  379 25  0 75  0  0
 2  0 623924 1667780   2848 779984    0    0  2048     0 1334  432 25  1 74  0  0
 2  0 623924 1667780   2848 779984    0    0  2048    52 1392  383 25  0 75  0  0
 3  0 623924 1667780   2848 779984    0    0  2048     0 1361  411 25  1 74  0  0
 2  0 623924 1667780   2848 779984    0    0  2048     8 1459  445 25  1 75  0  0
 2  0 623924 1667780   2848 779984    0    0  2304     0 1359  451 25  1 74  0  0
 2  0 623924 1667780   2848 779984    0    0  2064     0 1482  447 25  1 74  0  0
 3  0 623924 1667780   2848 779984    0    0  2048    68 1435  533 25  1 74  0  0
 2  0 623924 1667780   2848 779984    0    0  2048     0 1342  385 25  0 75  0  0
 2  0 623924 1667780   2848 779984    0    0  2048   352 1534  626 25  1 74  0  0
 2  0 623924 1667780   2848 779984    0    0  2048    24 1437  435 25  0 74  0  0
 3  0 623924 1667780   2848 779984    0    0  2048     0 1376  459 25  1 74  0  0
