procs -----------memory---------- ---swap-- -----io---- -system-- ------cpu-----
 r  b   swpd   free   buff  cache   si   so    bi    bo   in   cs us sy id wa st
 2  0 623924 1664176   2508 780896    9   23   340   262  736  801 15  4 80  1  0
 2  0 623924 1664176   2508 780896    0    0 18416     0 1912  880 22  3 74  2  0
 2  0 623924 1664176   2508 780896    0    0  2720     0 1384  496 25  1 74  0  0
 2  0 623924 1664176   2508 780896    0    0  2304     0 1367  360 25  1 74  0  0
 2  0 623924 1664176   2508 780896    0    0  2048     0 1424  499 25  1 74  0  0
 2  0 623924 1664176   2508 780896    0    0  2048    88 1395  431 25  0 74  0  0
 2  0 623924 1664176   2508 780896    0    0  2048   224 1458  497 25  1 74  0  0
 2  0 623924 1664176   2508 780896    0    0  2048     0 1360  385 25  0 75  0  0
 2  0 623924 1664176   2508 780896    0    0  2048     0 1439  493 25  1 74  0  0
 2  0 623924 1664176   2508 780896    0    0  2048     0 1392  402 25  0 75  0  0
 2  0 623924 1664176   2508 780896    0    0  9172    40 1792  778 25  1 72  2  0
 2  0 623924 1664176   2508 780896    0    0  2048     0 1333  348 25  0 75  0  0
 2  0 623924 1664176   2508 780896    0    0  2048     4 1613  758 25  1 74  0  0
 2  0 623924 1664176   2508 780896    0    0  2048     0 1371  396 25  0 75  0  0
 2  0 623924 1664176   2508 780896    0    0  2048   160 1457  503 25  1 74  0  0
 2  0 623924 1664176   2508 780896    0    0  2048    40 1394  423 25  0 74  0  0
 2  0 623924 1664176   2508 780896    0    0  2048     0 1479  481 25  1 74  0  0
 2  0 623924 1664176   2508 780896    0    0  2048     0 1409  376 25  0 75  0  0
 2  0 623924 1664176   2508 780896    0    0  2048     0 1414  481 25  1 74  0  0
 2  0 623924 1664176   2508 780896    0    0  2048    20 1402  415 25  0 75  0  0
 2  0 623924 1664176   2508 780896    0    0  2304    36 1422  498 25  1 74  0  0
procs -----------memory---------- ---swap-- -----io---- -system-- ------cpu-----
 r  b   swpd   free   buff  cache   si   so    bi    bo   in   cs us sy id wa st
 2  0 623924 1664176   2508 780896    0    0  2048     0 1482  561 25  0 75  0  0
 2  0 623924 1664176   2508 780896    0    0  2048   292 1489  508 25  1 74  0  0
 2  0 623924 1664176   2508 780896    0    0  2048     0 1270  335 25  0 75  0  0
 2  0 623924 1664176   2508 780896    0    0  2048     0 1429  486 25  1 74  0  0
 2  0 623924 1664176   2508 780896    0    0  2048    60 1361  422 25  1 74  0  0
 2  0 623924 1664176   2508 780896    0    0  2048     0 1376  447 25  1 74  0  0
 2  0 623924 1664176   2508 780896    0    0  2048     0 1292  342 25  0 75  0  0
 2  0 623924 1664176   2508 780896    0    0  2048     0 1376  461 25  1 74  0  0
 2  0 623924 1664176   2508 780896    0    0  2048     0 1410  394 25  1 75  0  0
 2  0 623924 1664176   2508 780896    0    0  2048    60 1423  501 25  1 74  0  0
 1  1 623924 1664176   2508 780896    0    0  1796 18164 1323  422 23  1 73  4  0
 2  0 623924 1664176   2508 780896    0    0  1836 48232 1671  956 23  2 53 23  0
 2  0 623924 1664176   2508 780896    0    0  2048     0 1288  338 25  0 75  0  0
 2  0 623924 1664176   2508 780896    0    0  2304     0 1453  505 25  1 74  0  0
 2  0 623924 1664176   2508 780896    0    0  2048   208 1424  437 25  0 74  0  0
 2  0 623924 1664176   2508 780896    0    0  2048    24 1470  485 25  1 74  0  0
 2  0 623924 1664176   2508 780896    0    0  2048     0 1326  343 25  0 75  0  0
 2  0 623924 1664176   2508 780896    0    0  2048     0 1380  465 25  1 74  0  0
 2  0 623924 1664176   2508 780896    0    0  2048     0 1333  355 25  0 75  0  0
 2  0 623924 1664176   2508 780896    0    0  2048    36 1382  476 25  1 74  0  0
 2  0 623924 1664176   2508 780896    0    0  2048   156 1385  361 25  0 75  0  0
procs -----------memory---------- ---swap-- -----io---- -system-- ------cpu-----
 r  b   swpd   free   buff  cache   si   so    bi    bo   in   cs us sy id wa st
 2  0 623924 1664176   2508 780896    0    0  2048     0 1424  469 25  1 74  0  0
 2  0 623924 1664176   2508 780896    0    0  2048     0 1385  416 25  0 75  0  0
 2  0 623924 1664176   2508 780896    0    0  2048     0 1403  457 25  1 74  0  0
 2  0 623924 1664176   2508 780896    0    0  2048     8 1328  386 25  0 75  0  0
 2  0 623924 1664176   2508 780896    0    0  2048    40 1464  515 25  1 74  0  0
 2  0 623924 1664176   2508 780896    0    0  2048   184 1388  431 25  0 75  0  0
 2  0 623924 1664176   2508 780896    0    0  2048     0 1417  484 25  1 74  0  0
 2  0 623924 1664176   2508 780896    0    0  2580     0 1355  363 25  0 75  0  0
 2  0 623924 1664176   2508 780896    0    0  2048    16 1436  559 25  1 74  0  0
 2  0 623924 1664176   2508 780896    0    0  2048    40 1385  438 25  1 74  0  0
 2  0 623924 1664176   2508 780896    0    0  2048     0 1413  463 25  1 74  0  0
 2  0 623924 1664176   2508 780896    0    0  2048     0 1327  341 25  0 75  0  0
 2  0 623924 1664176   2508 780896    0    0  2048     0 1476  526 25  1 74  0  0
 2  0 623924 1664176   2508 780896    0    0  2304     0 1337  371 25  0 75  0  0
 2  0 623924 1664176   2508 780896    0    0  2048   216 1434  479 25  1 74  0  0
 2  0 623924 1664176   2508 780896    0    0  2048     0 1399  420 25  1 74  0  0
 2  0 623924 1664176   2508 780896    0    0  2048   212 1489  495 25  1 74  0  0
 2  0 623924 1664176   2508 780896    0    0  2048     0 1267  330 25  0 75  0  0
 2  0 623924 1664176   2508 780896    0    0  2048     0 1400  479 25  1 74  0  0
 2  0 623924 1664176   2508 780896    0    0  2048    40 1370  382 25  0 75  0  0
 2  0 623924 1664176   2508 780896    0    0  2048     0 1352  442 25  1 74  0  0
procs -----------memory---------- ---swap-- -----io---- -system-- ------cpu-----
 r  b   swpd   free   buff  cache   si   so    bi    bo   in   cs us sy id wa st
 2  1 623924 1664176   2508 780896    0    0  2052 21744 1460  435 25  1 64 10  0
 2  0 623924 1664176   2508 780896    0    0  1548 43748 1518  778 21  2 62 15  0
 2  0 623924 1664176   2508 780896    0    0  2048     0 1473  461 25  1 74  0  0
 2  0 623924 1664176   2508 780896    0    0  2048   136 1461  489 25  1 74  0  0
 2  0 623924 1664176   2508 780896    0    0  2304     0 1310  338 25  0 75  0  0
 2  0 623924 1664176   2508 780896    0    0  2048     0 1377  449 25  1 74  0  0
 2  0 623924 1664176   2508 780896    0    0  2048     0 1433  468 25  0 74  0  0
 2  0 623924 1664176   2508 780896    0    0  2048     0 1475  526 25  1 74  0  0
 4  0 623924 1664176   2508 780896    0    0  2048    32 1365  385 25  0 75  0  0
 2  0 623924 1664176   2508 780896    0    0  2048     0 1505  502 25  1 74  0  0
 2  0 623924 1664176   2508 780896    0    0  2048    32 1517  658 25  0 75  0  0
 2  0 623924 1664176   2508 780896    0    0  2048     0 1315  444 25  1 74  0  0
 2  0 623924 1664176   2508 780896    0    0  2080     0 1446  463 25  0 75  0  0
 2  0 623924 1664176   2508 780896    0    0  2060    56 1437  521 25  1 74  0  0
 2  0 623924 1664176   2508 780896    0    0  2048     0 1440  478 25  1 74  0  0
 2  0 623924 1664176   2508 780896    0    0  2048     0 1299  366 25  1 75  0  0
 2  0 623924 1664176   2508 780896    0    0  2048     0 1363  454 25  1 75  0  0
 2  0 623924 1664176   2508 780896    0    0  2048     0 1420  454 25  1 74  0  0
 2  0 623924 1664176   2508 780896    0    0  2048    32 1428  536 25  1 74  0  0
 2  0 623924 1664176   2508 780896    0    0  2048     0 1377  386 25  0 75  0  0
 2  0 623924 1664176   2508 780896    0    0  2048     0 1359  450 25  1 74  0  0
procs -----------memory---------- ---swap-- -----io---- -system-- ------cpu-----
 r  b   swpd   free   buff  cache   si   so    bi    bo   in   cs us sy id wa st
 2  0 623924 1664176   2508 780896    0    0  2076     0 1393  420 25  0 75  0  0
 2  0 623924 1664176   2508 780896    0    0  2048     0 1431  520 25  1 74  0  0
 2  0 623924 1664176   2508 780896    0    0  2304    36 1311  352 25  0 75  0  0
 2  0 623924 1664176   2508 780896    0    0  2048     0 1471  512 25  1 74  0  0
 2  0 623924 1664176   2508 780896    0    0  2048     0 1368  390 25  0 75  0  0
 2  0 623924 1664176   2508 780896    0    0  2048     0 1388  491 25  1 75  0  0
 2  0 623924 1664176   2508 780896    0    0  2048    32 1311  360 25  0 75  0  0
 2  0 623924 1664176   2508 780896    0    0  2048    32 1414  485 25  1 74  0  0
 2  0 623924 1664176   2508 780896    0    0  2048     0 1282  337 25  0 75  0  0
 2  0 623924 1664176   2508 780896    0    0  2048     0 1382  451 25  1 74  0  0
 2  0 623924 1664176   2508 780896    0    0  2048   716 1485  416 25  0 75  0  0
 2  1 623924 1664176   2508 780896    0    0  1580 44804 1481  697 21  2 64 14  0
 2  0 623924 1664176   2508 780896    0    0  2060 20672 1406  523 24  1 66 10  0
 2  0 623924 1664176   2508 780896    0    0  2048     0 1388  491 25  1 74  0  0
 2  0 623924 1664176   2508 780896    0    0  2048     0 1309  354 25  0 75  0  0
 2  0 623924 1664176   2508 780896    0    0  2048     0 1398  474 25  1 74  0  0
 2  0 623924 1664176   2508 780896    0    0  2048     0 1364  381 25  0 75  0  0
 2  0 623924 1664176   2508 780896    0    0  2060    32 1467  536 25  1 74  0  0
 2  0 623924 1664176   2508 780896    0    0  2048     0 1375  396 25  1 74  0  0
 2  0 623924 1664176   2508 780896    0    0  2304     0 1362  450 25  1 74  0  0
 2  0 623924 1664176   2508 780896    0    0  2048    28 1374  349 25  0 75  0  0
procs -----------memory---------- ---swap-- -----io---- -system-- ------cpu-----
 r  b   swpd   free   buff  cache   si   so    bi    bo   in   cs us sy id wa st
 2  0 623924 1664176   2508 780896    0    0  2048     0 1418  502 25  1 74  0  0
 2  0 623924 1664176   2508 780896    0    0  2048   352 1412  399 25  0 74  0  0
 2  0 623924 1664176   2508 780896    0    0  2048     0 1450  478 25  1 74  0  0
 2  0 623924 1664176   2508 780896    0    0  2048     0 1422  382 25  1 74  0  0
 3  0 623924 1664176   2508 780896    0    0  2048     0 1482  505 25  1 74  0  0
 2  0 623924 1664176   2508 780896    0    0  2048     0 1404  442 25  0 75  0  0
 2  0 623924 1664176   2508 780896    0    0  2048    32 1418  556 25  1 75  0  0
 2  0 623924 1664176   2508 780896    0    0  2048     0 1345  390 25  1 75  0  0
 2  0 623924 1664176   2508 780896    0    0  2048     0 1443  489 25  1 74  0  0
 2  0 623924 1664176   2508 780896    0    0  2048     0 1400  424 25  1 74  0  0
 2  0 623924 1664176   2508 780896    0    0  2048     0 1398  491 25  1 74  0  0
 2  0 623924 1664176   2508 780896    0    0  2048    20 1297  357 25  0 75  0  0
 2  0 623924 1664176   2508 780896    0    0  2048     0 1424  513 25  0 74  0  0
 2  0 623924 1664176   2508 780896    0    0  2048     0 1318  379 25  1 75  0  0
 2  0 623924 1664176   2508 780896    0    0  2304     0 1430  506 25  1 74  0  0
 2  0 623924 1664176   2508 780896    0    0  2048     0 1438  476 25  0 75  0  0
 2  0 623924 1664176   2508 780896    0    0  2048    36 1445  509 25  1 74  0  0
 2  0 623924 1664176   2508 780896    0    0  2048    92 1326  356 25  0 75  0  0
 2  0 623924 1664176   2508 780896    0    0  2048     0 1364  437 25  1 74  0  0
 2  0 623924 1664176   2508 780896    0    0  2048     0 1324  354 25  0 75  0  0
 2  0 623924 1664176   2508 780896    0    0  2048     0 1438  532 25  1 74  0  0
procs -----------memory---------- ---swap-- -----io---- -system-- ------cpu-----
 r  b   swpd   free   buff  cache   si   so    bi    bo   in   cs us sy id wa st
 2  0 623924 1664176   2508 780896    0    0  2048    36 1329  369 25  0 75  0  0
 1  2 623924 1664176   2508 780896    0    0  1280 33900 1200  646 15  2 50 34  0
 2  1 623924 1664176   2508 780896    0    0   768 11992  887  384 13  0 50 37  0
 2  1 623924 1664176   2508 780896    0    0  2048 10524 1532  587 24  1 51 23  0
 2  0 623924 1664176   2508 780896    0    0  2056 12692 1543  606 24  1 58 18  0
 2  0 623924 1664176   2508 780896    0    0  2048   172 1536  601 25  1 70  4  0
 2  0 623924 1664176   2508 780896    0    0  2048     0 1367  371 25  0 75  0  0
 2  0 623924 1664176   2508 780896    0    0  2048     0 1354  463 25  1 74  0  0
 2  0 623924 1664176   2508 780896    0    0  2048     0 1523  469 25  0 75  0  0
 2  0 623924 1664176   2508 780896    0    0  2048     0 1627  810 25  1 74  0  0
 2  0 623924 1664176   2508 780896    0    0  2048    32 1399  375 25  1 75  0  0
 2  0 623924 1664176   2508 780896    0    0  2048   804 1675  591 25  1 74  0  0
 2  0 623924 1664176   2508 780896    0    0  2048     0 1377  391 25  0 75  0  0
 2  0 623924 1664176   2508 780896    0    0  2048     0 1529  547 25  1 74  0  0
 2  0 623924 1664176   2508 780896    0    0  2048     0 1491  446 25  0 75  0  0
 2  0 623924 1664176   2508 780896    0    0  2048    60 1581  590 25  1 74  0  0
 2  0 623924 1664176   2508 780896    0    0  2048     0 1373  414 25  0 75  0  0
 2  0 623924 1664176   2508 780896    0    0  2048     0 1463  520 25  1 74  0  0
 2  0 623924 1664176   2508 780896    0    0  2048     0 1353  376 25  0 75  0  0
 2  0 623924 1664176   2508 780896    0    0  2048     0 1480  581 25  1 74  0  0
 2  0 623924 1664176   2508 780896    0    0  2304    40 1296  357 25  0 75  0  0
procs -----------memory---------- ---swap-- -----io---- -system-- ------cpu-----
 r  b   swpd   free   buff  cache   si   so    bi    bo   in   cs us sy id wa st
 2  0 623924 1664176   2508 780896    0    0  2048     0 1462  510 25  1 74  0  0
 2  0 623924 1664176   2508 780896    0    0  2048     0 1360  363 25  0 75  0  0
 2  0 623924 1664176   2508 780896    0    0  2048     0 1421  502 25  1 74  0  0
 2  0 623924 1664176   2508 780896    0    0  2056     0 1339  365 25  1 75  0  0
 2  0 623924 1664176   2508 780896    0    0  2048    32 1395  479 25  1 74  0  0
 2  0 623924 1664176   2508 780896    0    0  2048     0 1342  351 25  1 75  0  0
 2  0 623924 1664176   2508 780896    0    0  2048     0 1463  487 25  1 74  0  0
 2  0 623924 1664176   2508 780896    0    0  2052    32 1451  407 25  0 75  0  0
 2  0 623924 1664176   2508 780896    0    0  2048     0 1646  610 25  1 74  0  0
 2  0 623924 1664176   2508 780896    0    0  2048    36 1336  374 25  0 75  0  0
 2  0 623924 1664176   2508 780896    0    0  2048     0 1405  463 25  1 74  0  0
 2  0 623924 1664176   2508 780896    0    0  2048     0 1297  355 25  0 75  0  0
 2  0 623924 1664176   2508 780896    0    0  2048     0 1408  527 25  1 74  0  0
 2  0 623924 1664176   2508 780896    0    0  2048     0 1321  374 25  0 75  0  0
 1  4 623924 1664176   2508 780896    0    0  2052 34472 1445  637 22  1 59 17  0
 2  0 623924 1664176   2508 780896    0    0  2056 30612 1577  661 20  1 62 17  0
 2  0 623924 1664176   2508 780896    0    0  2048   952 1706  685 25  1 74  0  0
 2  0 623924 1664176   2508 780896    0    0  2048     0 1344  390 25  1 75  0  0
 2  0 623924 1664176   2508 780896    0    0  2048     0 1423  520 25  1 74  0  0
 2  0 623924 1664176   2508 780896    0    0  2048   100 1277  332 25  0 75  0  0
 2  0 623924 1664176   2508 780896    0    0  2048     0 1425  498 25  1 74  0  0
procs -----------memory---------- ---swap-- -----io---- -system-- ------cpu-----
 r  b   swpd   free   buff  cache   si   so    bi    bo   in   cs us sy id wa st
 2  1 623924 1664176   2508 780896    0    0  4604     0 1478  505 25  0 74  1  0
 2  0 623924 1664176   2508 780896    0    0  5284     0 1653  668 25  1 72  1  0
 2  0 623924 1664176   2508 780896    0    0  5040     0 2045 1775 30  2 68  0  0
 2  0 623924 1664176   2508 780896    0    0  2048    84 1515  558 25  1 74  0  0
 5  1 623924 1664176   2508 780896    0    0 13568   104 2741 2888 36  5 59  1  0
 3  0 623924 1664176   2508 780896    0    0 15396   124 4434 4568 54  8 38  1  0
 8  0 623924 1664176   2508 780896    0    0  1792     0 4002  917 53  3 44  0  0
 2  0 623924 1664176   2508 780896    0    0  2848     0 6383 2626 56  4 39  0  0
 3  0 623924 1664176   2508 780896    0    0  2048     0 1722  481 29  2 69  0  0
 3  0 623924 1664176   2508 780896    0    0  2192   152 4008 2721 50  9 41  0  0
 2  0 623924 1664176   2508 780896    0    0  1792    84 1680 2017 27  1 72  0  0
 2  0 623924 1664176   2508 780896    0    0  2304     0 1399  467 25  1 74  0  0
 2  0 623924 1664176   2508 780896    0    0  2048  1168 1597  562 25  1 74  0  0
 2  0 623924 1664176   2508 780896    0    0  2048     0 1407  485 25  1 75  0  0
 2  0 623924 1664176   2508 780896    0    0  2048     0 1416  400 25  0 75  0  0
 2  0 623924 1664176   2508 780896    0    0  2048     0 1483  544 25  1 74  0  0
 2  0 623924 1664176   2508 780896    0    0  2048     0 1324  352 25  0 75  0  0
 2  0 623924 1664176   2508 780896    0    0  2048    68 1434  553 25  1 74  0  0
 2  0 623924 1664176   2508 780896    0    0  2048   544 1386  367 25  0 75  0  0
 2  0 623924 1664176   2508 780896    0    0  2052 20992 1540  546 25  1 73  1  0
 2  0 623924 1664176   2508 780896    0    0  2048     0 1326  337 25  0 75  0  0
procs -----------memory---------- ---swap-- -----io---- -system-- ------cpu-----
 r  b   swpd   free   buff  cache   si   so    bi    bo   in   cs us sy id wa st
 2  0 623924 1664176   2508 780896    0    0  2048     0 1459  544 25  1 74  0  0
 2  0 623924 1664176   2508 780896    0    0  2056   188 1529  498 25  0 74  0  0
 2  0 623924 1664176   2508 780896    0    0  2052  4184 1512  531 25  1 74  0  0
 2  0 623924 1664176   2508 780896    0    0  2072 41952 1426  481 25  1 71  4  0
 2  0 623924 1664176   2508 780896    0    0  2048     0 1422  484 25  1 74  0  0
 2  0 623924 1664176   2508 780896    0    0  2048     0 1349  374 25  1 75  0  0
 2  0 623924 1664176   2508 780896    0    0  2204  2060 1467  586 25  1 74  1  0
 2  0 623924 1664176   2508 780896    0    0  2180  8196 1659  900 25  1 73  1  0
 3  0 623924 1664176   2508 780896    0    0  2048     0 1365  438 25  0 75  0  0
 2  0 623924 1664176   2508 780896    0    0  2056     0 1504  568 25  1 74  0  0
 2  0 623924 1664176   2508 780896    0    0  2304     0 1287  343 25  0 75  0  0
 2  0 623924 1664176   2508 780896    0    0  2048   100 1453  562 25  1 74  0  0
 3  0 623924 1664176   2508 780896    0    0  2048     0 1331  410 25  0 75  0  0
 2  0 623924 1664176   2508 780896    0    0  2048     0 1583  610 26  1 73  0  0
 2  0 623924 1664176   2508 780896    0    0  2180   212 2094  798 33  1 66  0  0
 2  0 623924 1664176   2508 780896    0    0  2048     8 1508  563 25  1 74  0  0
 2  0 623924 1664176   2508 780896    0    0  2048     0 1426  452 25  0 75  0  0
 2  0 623924 1664176   2508 780896    0    0  2048     0 1449  485 25  1 74  0  0
 2  0 623924 1664176   2508 780896    0    0  2048     0 1325  356 25  0 75  0  0
 2  0 623924 1664176   2508 780896    0    0  2048    44 1485  498 25  1 74  0  0
 2  0 623924 1664176   2508 780896    0    0  2048     0 1470  420 25  1 74  0  0
procs -----------memory---------- ---swap-- -----io---- -system-- ------cpu-----
 r  b   swpd   free   buff  cache   si   so    bi    bo   in   cs us sy id wa st
 2  0 623924 1664176   2508 780896    0    0  2048     0 1391  461 25  0 75  0  0
 2  0 623924 1664176   2508 780896    0    0  2048     0 1325  346 25  1 75  0  0
 2  0 623924 1664176   2508 780896    0    0  2048     0 1403  462 25  1 74  0  0
 2  0 623924 1664176   2508 780896    0    0  2048   720 1484  486 25  0 74  0  0
 2  0 623924 1664176   2508 780896    0    0  2048     0 1502  513 25  1 74  0  0
 2  0 623924 1664176   2508 780896    0    0  2124     0 1410  470 25  0 75  0  0
 2  0 623924 1664176   2508 780896    0    0  2048     0 1373  435 25  1 74  0  0
 2  0 623924 1664176   2508 780896    0    0  2048     0 1344  365 25  0 75  0  0
 4  0 623924 1664176   2508 780896    0    0  2052 19704 1670  570 25  1 72  1  0
 2  0 623924 1664176   2508 780896    0    0  2048  3284 1409  412 25  0 74  0  0
 2  0 623924 1664176   2508 780896    0    0  2056     0 1422  487 25  0 75  0  0
 2  0 623924 1664176   2508 780896    0    0  2048     0 1414  400 25  0 75  0  0
 2  0 623924 1664176   2508 780896    0    0  2440   308 1521  533 25  1 74  0  0
 2  0 623924 1664176   2508 780896    0    0  2048     0 1388  379 27  1 73  0  0
 2  0 623924 1664176   2508 780896    0    0  2048 44792 1626  700 25  2 59 15  0
 2  0 623924 1664176   2508 780896    0    0  2048   248 1477  478 25  1 75  0  0
 2  0 623924 1664176   2508 780896    0    0  2048    32 1418  450 25  1 74  0  0
 2  0 623924 1664176   2508 780896    0    0  2232   244 1484  572 25  0 74  0  0
 3  0 623924 1664176   2508 780896    0    0  1808     0 4319 4348 51 10 39  0  0
 3  0 623924 1664176   2508 780896    0    0  1792     0 3799  910 54  3 44  0  0
 3  0 623924 1664176   2508 780896    0    0  1792     0 5067 1692 54  3 42  0  0
procs -----------memory---------- ---swap-- -----io---- -system-- ------cpu-----
 r  b   swpd   free   buff  cache   si   so    bi    bo   in   cs us sy id wa st
 3  0 623924 1664176   2508 780896    0    0  2048     0 3013 1379 32  1 67  0  0
 3  0 623924 1664176   2508 780896    0    0  1792  4840 3639 2630 46  9 41  4  0
 2  0 623924 1664176   2508 780896    0    0  2072   132 2543 2494 35  3 61  0  0
 2  0 623924 1664176   2508 780896    0    0  2048    84 1530  582 25  1 74  0  0
 2  0 623924 1664176   2508 780896    0    0  2048     0 1340  427 25  1 75  0  0
 2  0 623924 1664176   2508 780896    4    0  2052     0 1378  464 25  1 75  0  0
 2  0 623924 1664176   2508 780896    0    0  2048     0 1383  415 25  1 75  0  0
 2  0 623924 1664176   2508 780896    0    0  2048   532 1462  525 26  1 74  0  0
 2  0 623924 1664176   2508 780896    0    0  2048     0 1353  389 25  0 75  0  0
 2  0 623924 1664176   2508 780896    0    0  2048     4 1527  580 25  1 74  0  0
 2  0 623924 1664176   2508 780896    0    0  2048     0 1342  375 25  0 75  0  0
 2  0 623924 1664176   2508 780896    0    0  2048   424 1705  600 25  1 74  0  0
 2  0 623924 1664176   2508 780896    0    0  2048     0 1319  376 25  0 75  0  0
 2  0 623924 1664176   2508 780896    0    0  2304     0 1376  467 25  1 74  0  0
 2  0 623924 1664176   2508 780896    0    0  2048     0 1371  415 25  0 75  0  0
 2  0 623924 1664176   2508 780896    0    0  2048     0 1363  446 25  1 74  0  0
 2  0 623924 1664176   2508 780896    0    0  2048    36 1421  452 25  0 74  0  0
 2  0 623924 1664176   2508 780896    0    0  2048  1812 1531  515 25  1 74  0  0
 2  0 623924 1664176   2508 780896    0    0  2048     0 1343  383 25  1 75  0  0
 2  0 623924 1664176   2508 780896    0    0  1552 21088 1505  620 20  1 68 10  0
 2  0 623924 1664176   2508 780896    0    0  2048   192 1395  410 25  0 75  0  0
procs -----------memory---------- ---swap-- -----io---- -system-- ------cpu-----
 r  b   swpd   free   buff  cache   si   so    bi    bo   in   cs us sy id wa st
 2  0 623924 1664176   2508 780896    0    0  2048   148 1422  475 25  1 74  0  0
 2  0 623924 1664176   2508 780896    0    0  2048  8592 1375  394 25  0 75  0  0
 2  0 623924 1664176   2508 780896    0    0  2048     0 1381  459 25  1 74  0  0
 2  1 623924 1664176   2508 780896    0    0  2060  4152 1388  444 25  1 69  5  0
 2  0 623924 1664176   2508 780896    0    0  2056 39632 1562  658 25  1 60 14  0
 2  0 623924 1664176   2508 780896    0    0  2048   344 1607  761 25  0 74  0  0
 2  0 623924 1664176   2508 780896    0    0  2056  3712 1991  961 29  2 69  0  0
 2  0 623924 1664176   2508 780896    0    0  2048    32 1619  445 28  1 71  0  0
 2  0 623924 1664176   2508 780896    0    0  2048     0 1481  478 25  0 75  0  0
 2  0 623924 1664176   2508 780896    0    0  2048     0 1529  596 26  1 74  0  0
 2  0 623924 1664176   2508 780896    0    0  2048     0 1416  477 25  1 74  0  0
 2  0 623924 1664176   2508 780896    0    0  2048   100 1342  406 25  0 74  0  0
 3  0 623924 1664176   2508 780896    0    0  2304     0 1435  504 25  1 74  0  0
 3  0 623924 1664176   2508 780896    0    0  2048     0 1395  437 25  0 75  0  0
 2  0 623924 1664176   2508 780896    0    0  2048     0 1471  523 25  1 74  0  0
 2  0 623924 1664176   2508 780896    0    0  2048     0 1345  375 25  0 75  0  0
 2  0 623924 1664176   2508 780896    0    0  2048    40 1372  460 25  1 74  0  0
 2  0 623924 1664176   2508 780896    0    0  2048     0 1357  369 25  0 75  0  0
 2  0 623924 1664176   2508 780896    0    0  2048     0 1443  504 25  1 74  0  0
 2  0 623924 1664176   2508 780896    0    0  2048     0 1295  341 25  0 75  0  0
 2  0 623924 1664176   2508 780896    0    0  2048     0 1375  443 25  1 74  0  0
procs -----------memory---------- ---swap-- -----io---- -system-- ------cpu-----
 r  b   swpd   free   buff  cache   si   so    bi    bo   in   cs us sy id wa st
 2  0 623924 1664176   2508 780896    0    0  2048    32 1309  360 25  1 75  0  0
 2  0 623924 1664176   2508 780896    0    0  2048     8 1422  493 25  1 74  0  0
 2  0 623924 1664176   2508 780896    0    0  2048     0 1459  456 25  0 75  0  0
 2  0 623924 1664176   2508 780896    0    0  2048     0 1442  481 25  1 74  0  0
 2  0 623924 1664176   2508 780896    0    0  2048     0 1331  381 25  0 75  0  0
 2  0 623924 1664176   2508 780896    0    0  2048    36 1378  434 25  1 74  0  0
 2  0 623924 1664176   2508 780896    0    0  2048     0 1312  366 25  0 74  0  0
 2  0 623924 1664176   2508 780896    0    0  2056     0 1470  532 25  1 74  0  0
 2  0 623924 1664176   2508 780896    0    0  2048     0 1494  439 25  0 74  0  0
 2  0 623924 1664176   2508 780896    0    0  2304   520 1467  469 25  1 74  0  0
 2  0 623924 1664176   2508 780896    0    0  2048    68 1449  422 25  0 74  0  0
 2  0 623924 1664176   2508 780896    0    0  2048   464 1451  487 25  1 75  0  0
 2  0 623924 1664176   2508 780896    0    0  2048     0 1341  402 25  1 74  0  0
 2  0 623924 1664176   2508 780896    0    0  2048     0 1472  506 25  1 74  0  0
 2  1 623924 1664176   2508 780896    0    0  2048 31280 1443  449 25  1 63 11  0
 2  0 623924 1664176   2508 780896    0    0  1792 34764 1438  661 22  1 55 22  0
 2  0 623924 1664176   2508 780896    0    0  2048     0 1354  355 25  1 75  0  0
 2  0 623924 1664176   2508 780896    0    0  2048   696 1658  621 25  1 74  0  0
 2  0 623924 1664176   2508 780896    0    0  2048     0 1384  426 25  0 75  0  0
 2  0 623924 1664176   2508 780896    0    0  2048     0 1435  459 25  1 74  0  0
 2  0 623924 1664176   2508 780896    0    0  2048    88 1376  387 25  1 74  0  0
procs -----------memory---------- ---swap-- -----io---- -system-- ------cpu-----
 r  b   swpd   free   buff  cache   si   so    bi    bo   in   cs us sy id wa st
 2  0 623924 1664176   2508 780896    0    0  2048     0 1512  549 25  1 74  0  0
 2  0 623924 1664176   2508 780896    0    0  2048     0 1427  454 25  0 74  0  0
 2  0 623924 1664176   2508 780896    0    0  2048     0 1509  521 25  1 74  0  0
 2  0 623924 1664176   2508 780896    0    0  2048   180 1374  404 25  0 74  0  0
 2  0 623924 1664176   2508 780896    0    0  2048     0 1441  495 25  1 74  0  0
 2  0 623924 1664176   2508 780896    0    0  2048     0 1386  414 25  0 75  0  0
 2  0 623924 1664176   2508 780896    0    0  2048     4 1399  483 25  1 74  0  0
 2  0 623924 1664176   2508 780896    0    0  2048     0 1323  370 25  0 75  0  0
 2  0 623924 1664176   2508 780896    0    0  2048    64 1409  476 25  1 74  0  0
 2  0 623924 1664176   2508 780896    0    0  2048     0 1290  345 25  0 75  0  0
 2  0 623924 1664176   2508 780896    0    0  2304     0 1344  443 25  1 74  0  0
 2  0 623924 1664176   2508 780896    0    0  2048     0 1345  389 25  0 75  0  0
 2  0 623924 1664176   2508 780896    0    0  2048     0 1432  479 25  1 74  0  0
 2  0 623924 1664176   2508 780896    0    0  2048    32 1427  439 25  1 75  0  0
 2  0 623924 1664176   2508 780896    0    0  2048     0 1430  476 25  1 74  0  0
 2  0 623924 1664176   2508 780896    0    0  2048     0 1373  402 25  0 75  0  0
 2  0 623924 1664176   2508 780896    0    0  2048     4 1535  548 25  1 74  0  0
 2  0 623924 1664176   2508 780896    0    0  2048     0 1377  375 25  0 75  0  0
 2  0 623924 1664176   2508 780896    0    0  2048    32 1456  480 25  1 74  0  0
 2  0 623924 1664176   2508 780896    0    0  2048     0 1319  364 25  0 75  0  0
 2  0 623924 1664176   2508 780896    0    0  2048   404 1419  467 25  1 74  0  0
procs -----------memory---------- ---swap-- -----io---- -system-- ------cpu-----
 r  b   swpd   free   buff  cache   si   so    bi    bo   in   cs us sy id wa st
 2  0 623924 1664176   2508 780896    0    0  2048     0 1461  472 25  1 75  0  0
 2  0 623924 1664176   2508 780896    0    0  2048     0 1380  469 25  1 74  0  0
 2  0 623924 1664176   2508 780896    0    0  2048    52 1333  380 25  0 75  0  0
 2  0 623924 1664176   2508 780896    0    0  2048     0 1468  492 25  1 75  0  0
 2  1 623924 1664176   2508 780896    0    0  2048 20576 1541  703 25  1 69  5  0
 2  0 623924 1664176   2508 780896    0    0  1848 45332 1478  656 22  1 53 25  0
 2  0 623924 1664176   2508 780896    0    0  2048     0 1427  443 25  0 75  0  0
 2  0 623924 1664176   2508 780896    0    0  2048   100 1408  467 25  1 74  0  0
 2  0 623924 1664176   2508 780896    0    0  2048     0 1315  346 25  0 75  0  0
 2  0 623924 1664176   2508 780896    0    0  2048   468 1523  508 25  1 74  0  0
 2  0 623924 1664176   2508 780896    0    0  2048     0 1389  440 25  0 74  0  0
 2  0 623924 1664176   2508 780896    0    0  2052     0 1405  460 25  1 74  0  0
 2  0 623924 1664176   2508 780896    0    0  2048    44 1329  390 25  1 75  0  0
 2  0 623924 1664176   2508 780896    0    0  2048     0 1490  531 25  1 74  0  0
 2  0 623924 1664176   2508 780896    0    0  2316     0 1341  382 25  0 75  0  0
 2  0 623924 1664176   2508 780896    0    0  2052    32 1425  487 25  1 74  0  0
 2  0 623924 1664176   2508 780896    0    0  2048     0 1317  352 25  1 75  0  0
 2  0 623924 1664176   2508 780896    0    0  2048    60 1483  523 25  1 74  0  0
 2  0 623924 1664176   2508 780896    0    0  2048     0 1362  387 25  1 75  0  0
 2  0 623924 1664176   2508 780896    0    0  2048     0 1394  463 25  1 74  0  0
 2  0 623924 1664176   2508 780896    0    0  2048     0 1427  439 25  0 75  0  0
procs -----------memory---------- ---swap-- -----io---- -system-- ------cpu-----
 r  b   swpd   free   buff  cache   si   so    bi    bo   in   cs us sy id wa st
 2  0 623924 1664176   2508 780896    0    0  2048     0 1403  465 25  1 74  0  0
 2  0 623924 1664176   2508 780896    0    0  2048    32 1373  401 25  1 75  0  0
 2  0 623924 1664176   2508 780896    0    0  2048     0 1352  440 25  1 74  0  0
 2  0 623924 1664176   2508 780896    0    0  2048     0 1346  389 25  0 75  0  0
 2  0 623924 1664176   2508 780896    0    0  2084     0 1387  466 25  1 74  0  0
 2  0 623924 1664176   2508 780896    0    0  2048     0 1394  426 25  0 75  0  0
 2  0 623924 1664176   2508 780896    0    0  2060    32 1475  515 25  1 74  0  0
 2  0 623924 1664176   2508 780896    0    0  2052     0 1446  413 25  1 75  0  0
 2  0 623924 1664176   2508 780896    0    0  2048     0 1424  470 25  1 75  0  0
 2  0 623924 1664176   2508 780896    0    0  2048     0 1321  402 25  1 75  0  0
 2  0 623924 1664176   2508 780896    0    0  2304   272 1523  504 25  1 74  0  0
 2  0 623924 1664176   2508 780896    0    0  2048    60 1382  427 25  0 75  0  0
 2  0 623924 1664176   2508 780896    0    0  2048     0 1414  475 25  1 74  0  0
 2  0 623924 1664176   2508 780896    0    0  2048     0 1332  356 25  0 75  0  0
 2  0 623924 1664176   2508 780896    0    0  2048     0 1454  540 25  1 74  0  0
 2  1 623924 1664176   2508 780896    0    0  1828 27152 1442  670 21  2 66 11  0
 2  0 623924 1664176   2508 780896    0    0  1816 38408 1509  709 23  2 53 23  0
 2  0 623924 1664176   2508 780896    0    0  2048     0 1440  424 25  0 75  0  0
 2  0 623924 1664176   2508 780896    0    0  2048    76 1464  519 25  1 74  0  0
 2  0 623924 1664176   2508 780896    0    0  2048     0 1395  412 25  1 74  0  0
 2  0 623924 1664176   2508 780896    0    0  2048   608 1543  549 25  1 74  0  0
procs -----------memory---------- ---swap-- -----io---- -system-- ------cpu-----
 r  b   swpd   free   buff  cache   si   so    bi    bo   in   cs us sy id wa st
 2  0 623924 1664176   2508 780896    0    0  2048    52 1458  464 25  0 75  0  0
 2  0 623924 1664176   2508 780896    0    0  2048     0 1399  457 25  1 74  0  0
 2  0 623924 1664176   2508 780896    0    0  2048     4 1429  433 25  0 75  0  0
 2  0 623924 1664176   2508 780896    0    0  2048     0 1526  548 26  1 74  0  0
 2  0 623924 1664176   2508 780896    0    0  2048    32 1367  380 25  0 75  0  0
 2  0 623924 1664176   2508 780896    0    0  2048    56 1410  483 25  1 74  0  0
 2  0 623924 1664176   2508 780896    0    0  2048     0 1276  343 25  0 75  0  0
 2  0 623924 1664176   2508 780896    0    0  2048     0 1418  464 25  1 74  0  0
 2  0 623924 1664176   2508 780896    0    0  2048     0 1425  435 25  1 75  0  0
 2  0 623924 1664176   2508 780896    0    0  2304     0 1416  466 25  1 74  0  0
 2  0 623924 1664176   2508 780896    0    0  2048    36 1332  400 25  0 75  0  0
 2  0 623924 1664176   2508 780896    0    0  2048     0 1478  481 25  1 74  0  0
 2  0 623924 1664176   2508 780896    0    0  2048     0 1326  398 25  0 75  0  0
 2  0 623924 1664176   2508 780896    0    0  2048     0 1602  585 25  1 74  0  0
 2  0 623924 1664176   2508 780896    0    0  2048     0 1355  386 25  0 75  0  0
 2  0 623924 1664176   2508 780896    0    0  2048    32 1422  469 25  1 74  0  0
 2  0 623924 1664176   2508 780896    0    0  2048     0 1390  402 25  0 75  0  0
 2  0 623924 1664176   2508 780896    0    0  2048     0 1486  506 25  1 74  0  0
 2  0 623924 1664176   2508 780896    0    0  2048     0 1370  428 25  1 75  0  0
 2  0 623924 1664176   2508 780896    0    0  2048     0 1340  432 25  1 74  0  0
 2  0 623924 1664176   2508 780896    0    0  2048    36 1355  413 25  0 75  0  0
procs -----------memory---------- ---swap-- -----io---- -system-- ------cpu-----
 r  b   swpd   free   buff  cache   si   so    bi    bo   in   cs us sy id wa st
 2  0 623924 1664176   2508 780896    0    0  2048   272 1364  435 25  1 74  0  0
 2  0 623924 1664176   2508 780896    0    0  2048     0 1373  409 25  0 75  0  0
 2  0 623924 1664176   2508 780896    0    0  2048     0 1562  769 25  1 74  0  0
 2  0 623924 1664176   2508 780896    0    0  2048     0 1446  468 25  0 74  0  0
 2  0 623924 1664176   2508 780896    0    0  2304    60 1462  498 25  1 74  0  0
 2  1 623924 1664176   2508 780896    0    0  2056 21180 1438  451 25  1 69  6  0
 1  2 623924 1664176   2508 780896    0    0  1556 28092 1254  631 19  1 50 31  0
 1  3 623924 1664176   2508 780896    0    0  1024  7132  938  463 13  1 45 42  0
 2  0 623924 1664176   2508 780896    0    0  1280 11980 1130  497 18  1 37 45  0
 2  0 623924 1664176   2508 780896    0    0  2048   848 1580  809 25  1 74  1  0
 2  0 623924 1664176   2508 780896    0    0  2048     0 1475  503 25  1 74  0  0
 2  0 623924 1664176   2508 780896    0    0  2048     0 1349  401 25  0 75  0  0
 2  0 623924 1664176   2508 780896    0    0  2048     0 1469  508 25  1 74  0  0
 2  0 623924 1664176   2508 780896    0    0  2048     0 1326  370 25  0 75  0  0
 2  0 623924 1664176   2508 780896    0    0  2048    52 1460  550 25  1 70  4  0
 2  0 623924 1664176   2508 780896    0    0  2048    36 1353  381 25  1 75  0  0
 2  0 623924 1664176   2508 780896    0    0  2048     0 1339  426 25  0 74  0  0
 2  0 623924 1664176   2508 780896    0    0  2048     0 1304  395 25  0 75  0  0
 2  0 623924 1664176   2508 780896    0    0  2048     0 1465  496 25  1 74  0  0
 2  0 623924 1664176   2508 780896    0    0  2048    60 1397  411 25  0 75  0  0
 2  0 623924 1664176   2508 780896    0    0  2048     0 1341  423 25  1 74  0  0
procs -----------memory---------- ---swap-- -----io---- -system-- ------cpu-----
 r  b   swpd   free   buff  cache   si   so    bi    bo   in   cs us sy id wa st
 2  0 623924 1664176   2508 780896    0    0  2048    20 1359  366 25  0 74  0  0
 2  0 623924 1664176   2508 780896    0    0  2048     0 1480  517 25  1 74  0  0
 2  0 623924 1664176   2508 780896    0    0  2048     0 1398  389 25  0 75  0  0
 2  0 623924 1664176   2508 780896    0    0  2304    20 1402  455 25  1 74  0  0
 2  0 623924 1664176   2508 780896    0    0  2048     0 1332  370 25  0 75  0  0
 3  0 623924 1664176   2508 780896    0    0  2048    12 1392  449 25  1 74  0  0
 2  0 623924 1664176   2508 780896    0    0  2048     0 1371  399 25  0 75  0  0
 2  0 623924 1664176   2508 780896    0    0  2048     0 1361  414 25  1 74  0  0
 2  0 623924 1664176   2508 780896    0    0  2048    36 1343  382 25  1 75  0  0
 2  0 623924 1664176   2508 780896    0    0  2048     0 1451  496 25  1 74  0  0
 3  0 623924 1664176   2508 780896    0    0  2048     0 1324  357 25  0 75  0  0
 2  0 623924 1664176   2508 780896    0    0  2048    16 1512  568 25  1 74  0  0
 2  0 623924 1664176   2508 780896    0    0  2048     0 1344  406 25  0 75  0  0
 2  0 623924 1664176   2508 780896    0    0  2048   332 1357  440 25  1 74  0  0
 2  0 623924 1664176   2508 780896    0    0  2048     0 1328  370 25  0 75  0  0
 2  0 623924 1664176   2508 780896    0    0  2048     0 1417  486 25  1 74  0  0
 2  0 623924 1664176   2508 780896    0    0  2048     0 1382  421 25  0 75  0  0
 2  0 623924 1664176   2508 780896    0    0  2304     0 1521  507 25  1 74  0  0
 2  0 623924 1664176   2508 780896    0    0  2048   100 1440  433 25  0 75  0  0
 2  0 623924 1664176   2508 780896    0    0  1036 49384 1359  665 15  1 60 23  0
 2  0 623924 1664176   2508 780896    0    0  2060 16664 1644  648 25  1 73  1  0
procs -----------memory---------- ---swap-- -----io---- -system-- ------cpu-----
 r  b   swpd   free   buff  cache   si   so    bi    bo   in   cs us sy id wa st
 2  0 623924 1664176   2508 780896    0    0  2048     0 1489  517 26  1 74  0  0
 2  0 623924 1664176   2508 780896    0    0  2084     0 1405  383 25  0 75  0  0
 2  0 623924 1664176   2508 780896    0    0  2048   148 1554  570 25  1 74  0  0
 2  0 623924 1664176   2508 780896    0    0  2304     0 1338  376 25  0 75  0  0
 2  0 623924 1664176   2508 780896    0    0  2048     0 1383  444 25  1 74  0  0
 2  0 623924 1664176   2508 780896    0    0  2048     0 1337  409 25  0 75  0  0
 2  0 623924 1664176   2508 780896    0    0  2048     0 1376  433 25  1 74  0  0
 2  0 623924 1664176   2508 780896    0    0  2048    28 1356  396 25  1 75  0  0
 2  0 623924 1664176   2508 780896    0    0  2048    60 1412  448 25  1 74  0  0
 3  0 623924 1664176   2508 780896    0    0  2048     0 1348  400 25  1 75  0  0
 2  0 623924 1664176   2508 780896    0    0  2048     0 1483  513 25  1 74  0  0
 2  0 623924 1664176   2508 780896    0    0  2048     0 1374  394 25  0 75  0  0
 2  0 623924 1664176   2508 780896    0    0  2048     0 1440  469 25  1 74  0  0
 2  0 623924 1664176   2508 780896    0    0  2048    32 1413  406 25  0 75  0  0
 2  0 623924 1664176   2508 780896    0    0  2048     0 1355  442 25  1 74  0  0
 2  0 623924 1664176   2508 780896    0    0  2048     0 1367  383 25  1 75  0  0
 2  0 623924 1664176   2508 780896    0    0  2048     0 1406  471 25  1 74  0  0
 2  0 623924 1664176   2508 780896    0    0  2304     0 1401  407 25  1 75  0  0
 2  0 623924 1664176   2508 780896    0    0  2048    32 1404  443 25  1 74  0  0
 2  0 623924 1664176   2508 780896    0    0  2048     0 1353  385 25  0 75  0  0
 2  0 623924 1664176   2508 780896    0    0  2048     0 1447  481 25  1 74  0  0
procs -----------memory---------- ---swap-- -----io---- -system-- ------cpu-----
 r  b   swpd   free   buff  cache   si   so    bi    bo   in   cs us sy id wa st
 2  0 623924 1664176   2508 780896    0    0  2048     0 1352  397 25  0 75  0  0
 2  0 623924 1664176   2508 780896    0    0  2048     0 1638  792 25  1 74  0  0
 2  0 623924 1664176   2508 780896    0    0  2048    32 1299  359 25  0 75  0  0
 2  0 623924 1664176   2508 780896    0    0  2048   268 1453  503 25  1 74  0  0
 2  0 623924 1664176   2508 780896    0    0  2048     0 1446  454 25  0 74  0  0
 2  0 623924 1664176   2508 780896    0    0  2048     0 1366  430 25  1 74  0  0
 2  0 623924 1664176   2508 780896    0    0  2048     0 1268  355 25  0 75  0  0
 2  0 623924 1664176   2508 780896    0    0  2048    56 1438  501 25  1 74  0  0
 2  1 623924 1664176   2508 780896    0    0  2076 53932 1639  574 25  1 69  5  0
 2  0 623924 1664176   2508 780896    0    0  1812 10772 1505  581 21  1 73  5  0
 2  0 623924 1664176   2508 780896    0    0  2048     0 1398  414 25  0 75  0  0
 2  0 623924 1664176   2508 780896    0    0  2048     0 1411  449 25  1 74  0  0
 2  0 623924 1664176   2508 780896    0    0  2048   176 1329  348 25  0 75  0  0
 2  0 623924 1664176   2508 780896    0    0  2048     0 1367  459 25  1 74  0  0
 2  0 623924 1664176   2508 780896    0    0  2048   256 1477  424 25  0 75  0  0
 2  0 623924 1664176   2508 780896    0    0  2048     0 1457  484 25  1 74  0  0
 2  0 623924 1664176   2508 780896    0    0  2048     0 1325  372 25  0 75  0  0
 2  0 623924 1664176   2508 780896    0    0  2048    36 1527  540 25  1 74  0  0
 2  0 623924 1664176   2508 780896    0    0  2048    36 1397  400 25  1 74  0  0
 2  0 623924 1664176   2508 780896    0    0  2304     0 1439  484 25  1 74  0  0
 2  0 623924 1664176   2508 780896    0    0  2048     0 1341  369 25  1 75  0  0
procs -----------memory---------- ---swap-- -----io---- -system-- ------cpu-----
 r  b   swpd   free   buff  cache   si   so    bi    bo   in   cs us sy id wa st
 2  0 623924 1664176   2508 780896    0    0  2048     0 1405  468 25  1 74  0  0
 2  0 623924 1664176   2508 780896    0    0  2048    56 1305  365 25  0 75  0  0
 2  0 623924 1664176   2508 780896    0    0  2048     0 1394  464 25  1 74  0  0
 2  0 623924 1664176   2508 780896    0    0  2048     0 1391  427 25  0 75  0  0
 2  0 623924 1664176   2508 780896    0    0  2048     0 1403  454 25  1 74  0  0
 2  0 623924 1664176   2508 780896    0    0  2048     0 1319  391 25  1 75  0  0
 2  0 623924 1664176   2508 780896    0    0  2196    32 1497  542 25  1 74  0  0
 2  0 623924 1664176   2508 780896    0    0  2048     0 1365  362 25  0 75  0  0
 2  0 623924 1664176   2508 780896    0    0  2048     0 2000 1686 30  3 67  0  0
 2  0 623924 1664176   2508 780896    0    0  2916     0 1501  566 25  1 74  0  0
 4  1 623924 1664176   2508 780896    0    0  3784   144 3111 4028 42  7 51  0  0
 3  0 623924 1664176   2508 780896    0    0  3844   132 4664 3198 56  8 36  1  0
 4  0 623924 1664176   2508 780896    0    0  2172     0 4975 1356 56  5 39  0  0
 2  0 623924 1664176   2508 780896    0    0  1792   264 5290 2261 52  4 44  0  0
 3  0 623924 1664176   2508 780896    0    0  2220   804 2244  784 31  4 66  0  0
 3  0 623924 1664176   2508 780896    0    0  2564  4960 4297 2659 56  9 32  4  0
 2  0 623924 1664176   2508 780896    0    0  1908   284 3604 4373 49  8 43  0  0
 2  0 623924 1664176   2508 780896    0    0  2048     0 1412  419 25  0 75  0  0
 2  0 623924 1664176   2508 780896    0    0  2048   540 1540  583 26  1 74  0  0
 2  1 623924 1664176   2508 780896    0    0  2064 56656 1585  696 24  2 50 24  0
 2  0 623924 1664176   2508 780896    0    0  2064  7312 1577  611 25  1 73  2  0
procs -----------memory---------- ---swap-- -----io---- -system-- ------cpu-----
 r  b   swpd   free   buff  cache   si   so    bi    bo   in   cs us sy id wa st
 2  0 623924 1664176   2508 780896    0    0  2048  4240 1426  417 25  0 74  1  0
 2  0 623924 1664176   2508 780896    0    0  2060     0 1476  498 25  1 74  0  0
 2  0 623924 1664176   2508 780896    0    0  2048   180 1382  406 25  0 74  0  0
 2  0 623924 1664176   2508 780896    0    0  2048     0 1377  434 25  1 74  0  0
 2  0 623924 1664176   2508 780896    0    0  2048     0 1355  386 25  0 75  0  0
 2  0 623924 1664176   2508 780896    0    0  2048  7956 1555  587 25  1 73  1  0
 2  0 623924 1664176   2508 780896    0    0  2048     0 1458  478 25  1 75  0  0
 2  0 623924 1664176   2508 780896    0    0  2048   144 1586  576 25  1 74  0  0
 2  0 623924 1664176   2508 780896    0    0  2048    28 1402  401 25  0 75  0  0
 2  0 623924 1664176   2508 780896    0    0  2048   392 1536  473 25  1 74  0  0
 2  0 623924 1664176   2508 780896    0    0  2048     0 1435  421 25  0 75  0  0
 2  0 623924 1664176   2508 780896    0    0  2052  1812 1544  498 25  1 74  0  0
 2  0 623924 1664176   2508 780896    0    0  2048   124 1347  421 25  0 75  0  0
 2  0 623924 1664176   2508 780896    0    0  2048     0 1425  451 25  1 74  0  0
 2  0 623924 1664176   2508 780896    0    0  2056     0 1455  554 26  1 74  0  0
 2  0 623924 1664176   2508 780896    0    0  2048     0 1397  457 25  0 75  0  0
 2  0 623924 1664176   2508 780896    0    0  2304     8 1349  366 25  0 75  0  0
 2  0 623924 1664176   2508 780896    0    0  2048    96 1463  513 25  1 74  0  0
 2  0 623924 1664176   2508 780896    0    0  2048     0 1389  407 25  0 75  0  0
 3  0 623924 1664176   2508 780896    0    0  2048   236 1766  839 26  1 73  1  0
