procs -----------memory---------- ---swap-- -----io---- -system-- ------cpu-----
 r  b   swpd   free   buff  cache   si   so    bi    bo   in   cs us sy id wa st
 1  1  90112 2527280   1868 451968    0    1   391   122  192  117  9  1 90  0  0
 2  0  90112 2527280   1868 451968    0    0 17500     0 1835  790 22  2 74  2  0
 2  0  90112 2527280   1868 451968    0    0  1592     0 1572  564 25  1 74  0  0
 2  0  90112 2527280   1868 451968    0    0  1288     0 1377  376 25  1 74  0  0
 2  0  90112 2527280   1868 451968    0    0  1024     0 1382  399 25  1 74  0  0
 2  0  90112 2527280   1868 451968    0    0  1280   384 1372  403 25  0 75  0  0
 2  0  90112 2527280   1868 451968    0    0  1280   832 1336  389 25  1 74  0  0
 2  0  90112 2527280   1868 451968    0    0  1024     0 1366  355 25  1 75  0  0
 2  0  90112 2527280   1868 451968    0    0  1280     0 1316  386 25  1 74  0  0
 2  0  90112 2527280   1868 451968    0    0  1024     0 1299  334 25  0 75  0  0
 2  0  90112 2527280   1868 451968    0    0  1280    52 1340  412 25  1 74  0  0
 2  0  90112 2527280   1868 451968    0    0  1156   200 1322  341 25  0 75  0  0
 2  0  90112 2527280   1868 451968    0    0  1280     0 1413  542 25  0 74  0  0
 2  0  90112 2527280   1868 451968    0    0  1028     0 1298  341 25  0 75  0  0
 2  0  90112 2527280   1868 451968    0    0  1280     0 1268  382 25  1 74  0  0
 2  0  90112 2527280   1868 451968    0    0  1024    40 1309  347 25  0 74  0  0
 2  0  90112 2527280   1868 451968    0    0  1284  1388 1330  426 25  1 74  0  0
 2  0  90112 2527280   1868 451968    0    0  3740     0 1457  461 25  0 74  1  0
 2  0  90112 2527280   1868 451968    0    0  1280     0 1318  411 25  1 75  0  0
 2  0  90112 2527280   1868 451968    0    0  1024     0 1291  324 25  0 75  0  0
 2  0  90112 2527280   1868 451968    0    0  1280    48 1289  394 25  1 74  0  0
procs -----------memory---------- ---swap-- -----io---- -system-- ------cpu-----
 r  b   swpd   free   buff  cache   si   so    bi    bo   in   cs us sy id wa st
 2  0  90112 2527280   1868 451968    0    0  1280     0 1266  312 25  0 75  0  0
 2  0  90112 2527280   1868 451968    0    0  1024     0 1302  381 25  0 74  0  0
 2  0  90112 2527280   1868 451968    0    0  1280     0 1230  277 25  0 75  0  0
 2  0  90112 2527280   1868 451968    0    0  1024     0 1338  410 25  1 74  0  0
 2  0  90112 2527280   1868 451968    0    0  1280    32 1227  302 25  0 75  0  0
 2  0  90112 2527280   1868 451968    0    0  1024     0 1333  420 25  1 74  0  0
 2  0  90112 2527280   1868 451968    0    0  1280     0 1308  335 25  0 75  0  0
 2  0  90112 2527280   1868 451968    0    0  1024     0 1353  402 25  1 74  0  0
 2  0  90112 2527280   1868 451968    0    0  1280     0 1239  300 25  0 75  0  0
 2  0  90112 2527280   1868 451968    0    0  1024    32 1376  430 25  1 74  0  0
 2  0  90112 2527280   1868 451968    0    0  1280   108 1264  290 25  0 75  0  0
 2  0  90112 2527280   1868 451968    0    0  1024     0 1324  403 25  1 74  0  0
 2  0  90112 2527280   1868 451968    0    0  1280     0 1226  285 25  0 75  0  0
 2  0  90112 2527280   1868 451968    0    0  1280     0 1334  414 25  1 74  0  0
 2  0  90112 2527280   1868 451968    0    0  1024     0 1239  275 25  0 75  0  0
 2  0  90112 2527280   1868 451968    0    0  1280    56 1291  382 25  1 74  0  0
 2  0  90112 2527280   1868 451968    0    0  1024     0 1312  335 25  0 75  0  0
 2  0  90112 2527280   1868 451968    0    0  1280     8 1335  395 25  1 74  0  0
 2  0  90112 2527280   1868 451968    0    0  1024     0 1235  290 25  0 75  0  0
 2  0  90112 2527280   1868 451968    0    0  1280     0 1343  404 25  1 74  0  0
 2  0  90112 2527280   1868 451968    0    0  1024    32 1373  353 25  0 75  0  0
procs -----------memory---------- ---swap-- -----io---- -system-- ------cpu-----
 r  b   swpd   free   buff  cache   si   so    bi    bo   in   cs us sy id wa st
 2  0  90112 2527280   1868 451968    0    0  1280     8 1351  456 25  1 74  0  0
 2  0  90112 2527280   1868 451968    0    0  1024     0 1314  310 25  0 75  0  0
 2  0  90112 2527280   1868 451968    0    0  1280    16 1351  379 25  1 74  0  0
 2  0  90112 2527280   1868 451968    0    0  1024     0 1245  307 25  0 74  0  0
 2  0  90112 2527280   1868 451968    0    0  1280    56 1327  427 25  0 75  0  0
 2  0  90112 2527280   1868 451968    0    0  1288  3684 1285  312 25  0 74  0  0
 2  0  90112 2527280   1868 451968    0    0  1024     0 1314  387 25  1 75  0  0
 2  0  90112 2527280   1868 451968    0    0  1280     0 1268  296 25  0 75  0  0
 2  0  90112 2527280   1868 451968    0    0  1024     0 1429  438 25  1 74  0  0
 2  0  90112 2527280   1868 451968    0    0  1280   640 1365  355 25  0 75  0  0
 2  0  90112 2527280   1868 451968    0    0  1024     0 1395  450 25  1 74  0  0
 2  0  90112 2527280   1868 451968    0    0  1280     0 1335  334 25  0 74  0  0
 2  0  90112 2527280   1868 451968    0    0  1024     0 1462  649 25  1 74  0  0
 2  0  90112 2527280   1868 451968    0    0  1280     0 1217  278 25  0 75  0  0
 2  0  90112 2527280   1868 451968    0    0  1560    32 1338  423 25  1 74  0  0
 2  0  90112 2527280   1868 451968    0    0  1280    20 1414  474 25  0 74  0  0
 2  0  90112 2527280   1868 451968    0    0  1024     0 1342  397 25  1 74  0  0
 2  0  90112 2527280   1868 451968    0    0  1280     0 1305  319 25  0 75  0  0
 2  0  90112 2527280   1868 451968    0    0  1280     0 1389  431 25  1 74  0  0
 2  0  90112 2527280   1868 451968    0    0  1024    60 1330  331 25  0 75  0  0
 2  0  90112 2527280   1868 451968    0    0  1280   364 1423  434 25  1 74  0  0
procs -----------memory---------- ---swap-- -----io---- -system-- ------cpu-----
 r  b   swpd   free   buff  cache   si   so    bi    bo   in   cs us sy id wa st
 2  0  90112 2527280   1868 451968    0    0  1024     0 1266  297 25  0 75  0  0
 2  0  90112 2527280   1868 451968    0    0  1280     8 1351  402 25  1 74  0  0
 2  0  90112 2527280   1868 451968    0    0  1024     0 1287  316 25  0 75  0  0
 2  0  90112 2527280   1868 451968    0    0  1280    96 1389  440 25  0 74  0  0
 2  0  90112 2527280   1868 451968    0    0  1024     0 1352  351 25  0 75  0  0
 2  0  90112 2527280   1868 451968    0    0  1284  2404 1334  388 25  1 74  0  0
 2  0  90112 2527280   1868 451968    0    0  1024   252 1353  349 25  0 75  0  0
 2  0  90112 2527280   1868 451968    0    0  1280     0 1392  444 25  1 74  0  0
 3  0  90112 2527280   1868 451968    0    0  1024    92 1315  322 25  0 75  0  0
 3  0  90112 2527280   1868 451968    0    0  1280     0 1321  400 25  0 74  0  0
 2  0  90112 2527280   1868 451968    0    0  1024     0 1238  289 25  0 75  0  0
 2  0  90112 2527280   1868 451968    0    0  1280     0 1367  430 25  1 74  0  0
 2  0  90112 2527280   1868 451968    0    0  1024    16 1282  291 25  0 75  0  0
 2  0  90112 2527280   1868 451968    0    0  1280     0 1327  384 25  1 74  0  0
 2  0  90112 2527280   1868 451968    0    0  1416    56 1352  376 25  1 74  0  0
 2  0  90112 2527280   1868 451968    0    0  1024     0 1439  447 25  1 74  0  0
 2  0  90112 2527280   1868 451968    0    0  1280     0 1258  304 25  0 75  0  0
 2  0  90112 2527280   1868 451968    0    0  1024     0 1308  390 25  1 75  0  0
 2  0  90112 2527280   1868 451968    0    0  1280     0 1251  296 25  0 75  0  0
 2  0  90112 2527280   1868 451968    0    0  1024    36 1403  452 25  1 74  0  0
 2  0  90112 2527280   1868 451968    0    0  1280     0 1291  312 25  0 75  0  0
procs -----------memory---------- ---swap-- -----io---- -system-- ------cpu-----
 r  b   swpd   free   buff  cache   si   so    bi    bo   in   cs us sy id wa st
 2  0  90112 2527280   1868 451968    0    0  1024    16 1481  537 25  1 74  0  0
 2  0  90112 2527280   1868 451968    0    0  1280     0 1256  310 25  0 75  0  0
 2  0  90112 2527280   1868 451968    0    0  1024     0 1332  413 25  1 74  0  0
 2  0  90112 2527280   1868 451968    0    0  1280    56 1388  386 25  0 75  0  0
 2  0  90112 2527280   1868 451968    0    0  1024     0 1344  404 25  1 74  0  0
 2  0  90112 2527280   1868 451968    0    0  1280    16 1301  334 25  0 75  0  0
 2  0  90112 2527280   1868 451968    0    0  1024     4 1431  477 25  1 74  0  0
 2  0  90112 2527280   1868 451968    0    0  1280     0 1256  288 25  0 75  0  0
 2  0  90112 2527280   1868 451968    0    0  1024    56 1357  417 25  1 74  0  0
 2  0  90112 2527280   1868 451968    0    0  1280     0 1306  300 25  0 75  0  0
 2  0  90112 2527280   1868 451968    0    0  1024     0 1365  447 25  0 75  0  0
 2  0  90112 2527280   1868 451968    0    0  1280    16 1295  323 25  0 75  0  0
 2  0  90112 2527280   1868 451968    0    0  1024     0 1400  430 25  1 74  0  0
 2  0  90112 2527280   1868 451968    0    0  1280    92 1343  354 25  0 75  0  0
 2  0  90112 2527280   1868 451968    0    0  1280     0 1387  413 25  1 74  0  0
 2  0  90112 2527280   1868 451968    0    0  1028  3560 1338  339 25  0 74  0  0
 2  0  90112 2527280   1868 451968    0    0  1280   760 1493  469 25  1 74  0  0
 2  0  90112 2527280   1868 451968    0    0  1024     0 1270  303 25  0 75  0  0
 2  0  90112 2527280   1868 451968    0    0  1280   108 1374  463 25  1 74  0  0
 2  0  90112 2527280   1868 451968    0    0  1024     0 1347  355 25  0 75  0  0
 2  0  90112 2527280   1868 451968    0    0  1280     0 1358  408 25  1 74  0  0
procs -----------memory---------- ---swap-- -----io---- -system-- ------cpu-----
 r  b   swpd   free   buff  cache   si   so    bi    bo   in   cs us sy id wa st
 2  0  90112 2527280   1868 451968    0    0  1024     0 1285  315 25  0 75  0  0
 2  0  90112 2527280   1868 451968    0    0  1280     0 1354  388 25  1 74  0  0
 2  0  90112 2527280   1868 451968    0    0  1024    32 1312  319 25  0 74  0  0
 2  0  90112 2527280   1868 451968    0    0  1280    16 1366  432 25  0 75  0  0
 2  0  90112 2527280   1868 451968    0    0  1024     0 1313  335 25  0 75  0  0
 2  0  90112 2527280   1868 451968    0    0  1280     0 1387  435 25  1 74  0  0
 2  0  90112 2527280   1868 451968    0    0  1024     0 1268  293 25  0 75  0  0
 2  0  90112 2527280   1868 451968    0    0  1280   368 1415  442 25  1 74  0  0
 2  0  90112 2527280   1868 451968    0    0  1024    40 1306  335 25  1 75  0  0
 2  0  90112 2527280   1868 451968    0    0  1280     0 1349  405 25  0 74  0  0
 2  0  90112 2527280   1868 451968    0    0  1024     0 1329  322 25  1 75  0  0
 2  0  90112 2527280   1868 451968    0    0  1280     0 1452  631 25  1 74  0  0
 3  0  90112 2527280   1868 451968    0    0  1280     0 1283  321 25  0 75  0  0
 2  0  90112 2527280   1868 451968    0    0  1024    32 1491  529 25  1 74  0  0
 2  0  90112 2527280   1868 451968    0    0  1280    24 1356  364 25  0 75  0  0
 2  0  90112 2527280   1868 451968    0    0  1024     0 1324  431 25  1 74  0  0
 2  0  90112 2527280   1868 451968    0    0  1280     0 1255  302 25  0 75  0  0
 2  0  90112 2527280   1868 451968    0    0  1024   292 1413  460 25  1 74  0  0
 2  0  90112 2527280   1868 451968    0    0  1280    60 1325  351 25  1 74  0  0
 2  0  90112 2527280   1868 451968    0    0  1024     0 1364  422 25  1 74  0  0
 2  0  90112 2527280   1868 451968    0    0  1280     0 1241  292 25  0 75  0  0
procs -----------memory---------- ---swap-- -----io---- -system-- ------cpu-----
 r  b   swpd   free   buff  cache   si   so    bi    bo   in   cs us sy id wa st
 2  0  90112 2527280   1868 451968    0    0  1024     0 1341  404 25  1 74  0  0
 2  0  90112 2527280   1868 451968    0    0  1280     0 1294  317 25  0 75  0  0
 2  0  90112 2527280   1868 451968    0    0  1024   104 1386  434 25  0 74  0  0
 2  0  90112 2527280   1868 451968    0    0  1280  3604 1284  325 25  1 75  0  0
 2  0  90112 2527280   1868 451968    0    0  1024     0 1468  478 25  1 74  0  0
 2  0  90112 2527280   1868 451968    0    0  1280     0 1263  283 25  0 75  0  0
 2  0  90112 2527280   1868 451968    0    0  1024     0 1403  449 25  1 74  0  0
 2  0  90112 2527280   1868 451968    0    0  1280    64 1258  300 25  0 74  0  0
 2  0  90112 2527280   1868 451968    0    0  1024     4 1373  429 25  1 74  0  0
 2  0  90112 2527280   1868 451968    0    0  1280     0 1260  283 25  0 75  0  0
 2  0  90112 2527280   1868 451968    0    0  1024     0 1290  397 25  1 75  0  0
 2  0  90112 2527280   1868 451968    0    0  1280     0 1317  339 25  0 75  0  0
 2  0  90112 2527280   1868 451968    0    0  1024    32 1370  445 25  1 74  0  0
 2  0  90112 2527280   1868 451968    0    0  1280     0 1297  318 25  0 75  0  0
 2  0  90112 2527280   1868 451968    0    0  1280    16 1369  458 25  1 74  0  0
 2  0  90112 2527280   1868 451968    0    0  1024     0 1402  411 25  0 74  0  0
 2  0  90112 2527280   1868 451968    0    0  1280     0 1390  441 25  0 75  0  0
 2  0  90112 2527280   1868 451968    0    0  1024     0 1258  298 25  0 75  0  0
 2  0  90112 2527280   1868 451968    0    0  1280    60 1299  396 25  1 74  0  0
 2  0  90112 2527280   1868 451968    0    0  1024     0 1231  288 25  0 75  0  0
 2  0  90112 2527280   1868 451968    0    0  1280    16 1416  445 25  1 74  0  0
procs -----------memory---------- ---swap-- -----io---- -system-- ------cpu-----
 r  b   swpd   free   buff  cache   si   so    bi    bo   in   cs us sy id wa st
 2  0  90112 2527280   1868 451968    0    0  1024     0 1289  317 25  0 75  0  0
 2  0  90112 2527280   1868 451968    0    0  1280     0 1381  408 25  1 74  0  0
 2  0  90112 2527280   1868 451968    0    0  1024    56 1265  321 25  0 75  0  0
 2  0  90112 2527280   1868 451968    0    0  1280  2408 1374  420 25  1 74  0  0
 2  0  90112 2527280   1868 451968    0    0  1024     0 1324  330 25  0 75  0  0
 2  0  90112 2527280   1868 451968    0    0  1280     0 1346  390 25  1 74  0  0
 2  0  90112 2527280   1868 451968    0    0  1024   680 1415  374 25  0 75  0  0
 2  0  90112 2527280   1868 451968    0    0  1280    64 1388  452 25  1 74  0  0
 2  0  90112 2527280   1868 451968    0    0  1280     0 1298  337 25  1 75  0  0
 2  0  90112 2527280   1868 451968    0    0  1024     0 1358  444 25  1 74  0  0
 2  0  90112 2527280   1868 451968    0    0  1280     0 1263  333 25  0 75  0  0
 2  0  90112 2527280   1868 451968    0    0  1024     0 1376  413 25  1 74  0  0
 2  0  90112 2527280   1868 451968    0    0  1280    80 1260  310 25  0 75  0  0
 2  0  90112 2527280   1868 451968    0    0  1024    80 1384  432 25  0 75  0  0
 2  0  90112 2527280   1868 451968    0    0  1280     0 1258  282 25  1 75  0  0
 2  0  90112 2527280   1868 451968    0    0  1024     0 1370  459 25  1 74  0  0
 2  0  90112 2527280   1868 451968    0    0  1280     0 1279  307 25  0 75  0  0
 2  0  90112 2527280   1868 451968    0    0  1024    32 1346  419 25  1 74  0  0
 2  0  90112 2527280   1868 451968    0    0  1280     0 1343  348 25  0 75  0  0
 2  0  90112 2527280   1868 451968    0    0  1024    16 1339  417 25  0 74  0  0
 2  0  90112 2527280   1868 451968    0    0  1280     0 1254  299 25  0 75  0  0
procs -----------memory---------- ---swap-- -----io---- -system-- ------cpu-----
 r  b   swpd   free   buff  cache   si   so    bi    bo   in   cs us sy id wa st
 2  0  90112 2527280   1868 451968    0    0  1024     0 1319  404 25  1 74  0  0
 2  0  90112 2527280   1868 451968    0    0  1280    56 1252  308 25  0 75  0  0
 2  0  90112 2527280   1868 451968    0    0  1280     0 1326  408 25  1 74  0  0
 2  0  90112 2527280   1868 451968    0    0  1024     0 1300  295 25  0 75  0  0
 2  0  90112 2527280   1868 451968    0    0  1280     4 1378  428 25  1 74  0  0
 2  0  90112 2527280   1868 451968    0    0  1024     8 1367  387 25  0 74  0  0
 2  0  90112 2527280   1868 451968    0    0  1280    32 1344  413 25  1 74  0  0
 2  0  90112 2527280   1868 451968    0    0  1024     0 1242  277 25  0 75  0  0
 2  0  90112 2527280   1868 451968    0    0  1280     0 1320  386 25  1 75  0  0
 2  0  90112 2527280   1868 451968    0    0  1024     0 1495  608 25  0 74  0  0
 2  0  90112 2527280   1868 451968    0    0  1280     0 1421  494 25  1 74  0  0
 2  0  90112 2527280   1868 451968    0    0  1024    32 1274  317 25  0 75  0  0
 2  0  90112 2527280   1868 451968    0    0  1280     0 1418  467 25  1 74  0  0
 2  0  90112 2527280   1868 451968    0    0  1032  3620 1287  300 25  0 74  0  0
 2  0  90112 2527280   1868 451968    0    0  1280     0 1331  402 25  1 75  0  0
 2  0  90112 2527280   1868 451968    0    0  1024    16 1326  356 26  0 74  0  0
 2  0  90112 2527280   1868 451968    0    0  1280    80 1345  406 25  1 75  0  0
 2  0  90112 2527280   1868 451968    0    0  1024   692 1464  460 26  0 74  0  0
 2  0  90112 2527280   1868 451968    0    0  1280     0 1351  387 25  1 74  0  0
 2  0  90112 2527280   1868 451968    0    0  1024     0 1240  291 25  0 75  0  0
 2  0  90112 2527280   1868 451968    0    0  1280     0 1438  438 25  1 74  0  0
procs -----------memory---------- ---swap-- -----io---- -system-- ------cpu-----
 r  b   swpd   free   buff  cache   si   so    bi    bo   in   cs us sy id wa st
 3  0  90112 2527280   1868 451968    0    0  1280    68 1235  299 25  0 75  0  0
 2  0  90112 2527280   1868 451968    0    0  1024     8 1353  418 25  0 74  0  0
 2  0  90112 2527280   1868 451968    0    0  1280     0 1365  365 25  0 75  0  0
 2  0  90112 2527280   1868 451968    0    0  1024     0 1407  483 25  1 74  0  0
 2  0  90112 2527280   1868 451968    0    0  1280     0 1264  275 25  0 75  0  0
 2  0  90112 2527280   1868 451968    0    0  1024     0 1361  429 25  1 74  0  0
 2  0  90112 2527280   1868 451968    0    0  1280   100 1344  351 25  0 75  0  0
 2  0  90112 2527280   1868 451968    0    0  1024    16 1353  420 25  1 74  0  0
 2  0  90112 2527280   1868 451968    0    0  1280     0 1336  341 25  0 75  0  0
 2  0  90112 2527280   1868 451968    0    0  1024     0 1376  416 25  1 74  0  0
 2  0  90112 2527280   1868 451968    0    0  1280     0 1240  300 25  0 75  0  0
 2  0  90112 2527280   1868 451968    0    0  1024    56 1309  394 25  1 74  0  0
 2  0  90112 2527280   1868 451968    0    0  1280     0 1242  265 25  0 75  0  0
 2  0  90112 2527280   1868 451968    0    0  1024     0 1294  367 25  1 74  0  0
 2  0  90112 2527280   1868 451968    0    0  1280     0 1277  320 25  0 75  0  0
 2  0  90112 2527280   1868 451968    0    0  1280    16 1381  423 25  1 74  0  0
 2  0  90112 2527280   1868 451968    0    0  1024    56 1292  320 25  0 75  0  0
 2  0  90112 2527280   1868 451968    0    0  1280    44 1354  408 25  1 74  0  0
 2  0  90112 2527280   1868 451968    0    0  1024     0 1225  285 25  0 75  0  0
 2  0  90112 2527280   1868 451968    0    0  1280     0 1287  383 25  1 74  0  0
 2  0  90112 2527280   1868 451968    0    0  1024     0 1474  396 25  0 75  0  0
procs -----------memory---------- ---swap-- -----io---- -system-- ------cpu-----
 r  b   swpd   free   buff  cache   si   so    bi    bo   in   cs us sy id wa st
 2  0  90112 2527280   1868 451968    0    0  1280    32 1331  404 25  0 74  0  0
 2  0  90112 2527280   1868 451968    0    0  1024     0 1256  292 25  0 75  0  0
 2  0  90112 2527280   1868 451968    0    0  1284  3624 1367  428 25  1 74  0  0
 2  0  90112 2527280   1868 451968    0    0  1024     0 1291  320 25  0 75  0  0
 2  0  90112 2527280   1868 451968    0    0  1280     0 1342  405 25  1 74  0  0
 2  0  90112 2527280   1868 451968    0    0  1024    76 1317  328 25  0 75  0  0
 2  0  90112 2527280   1868 451968    0    0  1280   724 1525  475 25  1 74  0  0
 2  0  90112 2527280   1868 451968    0    0  1024     0 1250  297 25  0 75  0  0
 2  0  90112 2527280   1868 451968    0    0  1280     0 1327  402 25  1 74  0  0
 2  0  90112 2527280   1868 451968    0    0  1024     0 1279  306 25  0 75  0  0
 2  0  90112 2527280   1868 451968    0    0  1280    40 1406  420 25  1 74  0  0
 2  0  90112 2527280   1868 451968    0    0  1024     0 1334  348 25  0 75  0  0
 2  0  90112 2527280   1868 451968    0    0  1416   108 1419  484 25  1 74  0  0
 2  0  90112 2527280   1868 451968    0    0  1280     0 1300  304 25  0 75  0  0
 2  0  90112 2527280   1868 451968    0    0  1024     0 1383  462 25  1 75  0  0
 2  0  90112 2527280   1868 451968    0    0  1280     0 1376  332 25  0 75  0  0
 2  0  90112 2527280   1868 451968    0    0  1208     0 1434  497 25  1 74  0  0
 2  0  90112 2527280   1868 451968    0    0  1280   388 1379  378 25  0 75  0  0
 2  0  90112 2527280   1868 451968    0    0  1024     0 1303  367 25  1 74  0  0
 2  0  90112 2527280   1868 451968    0    0  1280     0 1381  397 25  1 74  0  0
 2  0  90112 2527280   1868 451968    0    0  1024     0 1454  478 25  1 74  0  0
procs -----------memory---------- ---swap-- -----io---- -system-- ------cpu-----
 r  b   swpd   free   buff  cache   si   so    bi    bo   in   cs us sy id wa st
 2  0  90112 2527280   1868 451968    0    0  1280     0 1351  404 26  0 74  0  0
 2  0  90112 2527280   1868 451968    0    0  1024    32 1340  418 25  0 75  0  0
 2  0  90112 2527280   1868 451968    0    0  1280     0 1242  291 25  0 75  0  0
 2  0  90112 2527280   1868 451968    0    0  1024     0 1341  412 25  0 74  0  0
 2  0  90112 2527280   1868 451968    0    0  1280    32 1367  361 25  0 75  0  0
 2  0  90112 2527280   1868 451968    0    0  1024     0 1411  449 25  1 74  0  0
 2  0  90112 2527280   1868 451968    0    0  1280   256 1403  409 25  1 74  0  0
 2  0  90112 2527280   1868 451968    0    0  1024     0 1585  739 25  1 74  0  0
 2  0  90112 2527280   1868 451968    0    0  1280     0 1280  300 25  0 75  0  0
 2  0  90112 2527280   1868 451968    0    0  1024     0 1314  423 25  1 74  0  0
 2  0  90112 2527280   1868 451968    0    0  1280     0 1319  332 25  0 75  0  0
 2  0  90112 2527280   1868 451968    0    0  1280    32 1349  425 25  0 74  0  0
 2  0  90112 2527280   1868 451968    0    0  1028  3680 1344  329 25  0 74  0  0
 2  0  90112 2527280   1868 451968    0    0  1280     0 1349  426 25  1 74  0  0
 2  0  90112 2527280   1868 451968    0    0  1024     0 1310  322 25  0 75  0  0
 2  0  90112 2527280   1868 451968    0    0  1280     0 1357  422 25  1 75  0  0
 2  0  90112 2527280   1868 451968    0    0  1024    72 1410  383 25  0 74  0  0
 2  0  90112 2527280   1868 451968    0    0  1280     0 1534  555 25  1 74  0  0
 2  0  90112 2527280   1868 451968    0    0  1024     0 1311  309 25  0 75  0  0
 2  0  90112 2527280   1868 451968    0    0  1280     0 1395  463 25  1 74  0  0
 2  0  90112 2527280   1868 451968    0    0  1024    92 1302  309 25  0 75  0  0
procs -----------memory---------- ---swap-- -----io---- -system-- ------cpu-----
 r  b   swpd   free   buff  cache   si   so    bi    bo   in   cs us sy id wa st
 2  0  90112 2527280   1868 451968    0    0  1280    32 1384  467 25  1 74  0  0
 2  0  90112 2527280   1868 451968    0    0  1024     0 1358  373 25  0 75  0  0
 2  0  90112 2527280   1868 451968    0    0  1280     0 1376  439 25  1 74  0  0
 2  0  90112 2527280   1868 451968    0    0  1024     0 1253  292 25  0 75  0  0
 2  0  90112 2527280   1868 451968    0    0  1280     0 1339  421 25  1 74  0  0
 2  0  90112 2527280   1868 451968    0    0  1280    32 1375  398 25  0 74  0  0
 2  0  90112 2527280   1868 451968    0    0  1024     0 1526  517 25  1 74  0  0
 2  0  90112 2527280   1868 451968    0    0  1280     0 1290  327 25  0 75  0  0
 2  0  90112 2527280   1868 451968    0    0  1024     0 1397  436 25  1 74  0  0
 2  0  90112 2527280   1868 451968    0    0  1280     0 1270  291 25  0 75  0  0
 2  0  90112 2527280   1868 451968    0    0  1024     0 1355  435 25  1 74  0  0
 2  0  90112 2527280   1868 451968    0    0  1280    32 1267  281 25  0 74  0  0
 2  0  90112 2527280   1868 451968    0    0  1024     0 1313  403 25  0 74  0  0
 3  0  90112 2527280   1868 451968    0    0  1280     0 1268  281 25  0 75  0  0
 2  0  90112 2527280   1868 451968    0    0  1024    60 1419  433 25  1 74  0  0
 2  0  90112 2527280   1868 451968    0    0  1280     0 1298  324 25  0 75  0  0
 2  0  90112 2527280   1868 451968    0    0  1024  1096 1616  514 25  1 74  0  0
 2  0  90112 2527280   1868 451968    0    0  1280     0 1241  303 25  0 75  0  0
 2  0  90112 2527280   1868 451968    0    0  1024     0 1370  413 25  1 74  0  0
 2  0  90112 2527280   1868 451968    0    0  1280     0 1279  296 25  0 75  0  0
 2  0  90112 2527280   1868 451968    0    0  1024     0 1352  438 25  1 74  0  0
procs -----------memory---------- ---swap-- -----io---- -system-- ------cpu-----
 r  b   swpd   free   buff  cache   si   so    bi    bo   in   cs us sy id wa st
 2  0  90112 2527280   1868 451968    0    0  1280    32 1285  318 25  0 75  0  0
 2  0  90112 2527280   1868 451968    0    0  1280  3624 1438  478 25  1 74  0  0
 2  0  90112 2527280   1868 451968    0    0  1024     0 1276  309 25  0 75  0  0
 2  0  90112 2527280   1868 451968    0    0  1280     0 1321  383 25  1 74  0  0
 2  0  90112 2527280   1868 451968    0    0  1024     0 1257  297 25  0 75  0  0
 2  0  90112 2527280   1868 451968    0    0  1280    68 1311  424 25  1 74  0  0
 2  0  90112 2527280   1868 451968    0    0  1024     0 1279  299 25  0 75  0  0
 2  0  90112 2527280   1868 451968    0    0  1280     0 1336  396 25  1 74  0  0
 2  0  90112 2527280   1868 451968    0    0  1024     0 1231  276 25  0 75  0  0
 2  0  90112 2527280   1868 451968    0    0  1280     0 1423  524 25  0 74  0  0
 2  0  90112 2527280   1868 451968    0    0  1024    92 1323  323 25  0 75  0  0
 2  0  90112 2527280   1868 451968    0    0  1280     0 1304  397 25  1 74  0  0
 2  0  90112 2527280   1868 451968    0    0  1024     0 1312  335 25  0 75  0  0
 2  0  90112 2527280   1868 451968    0    0  1280     0 1407  456 25  1 74  0  0
 2  0  90112 2527280   1868 451968    0    0  1024     0 1347  350 25  0 75  0  0
 2  0  90112 2527280   1868 451968    0    0  1280    36 1346  444 25  1 74  0  0
 2  0  90112 2527280   1868 451968    0    0  1280     0 1319  326 25  0 75  0  0
 2  0  90112 2527280   1868 451968    0    0  1024     0 1365  464 25  1 74  0  0
 2  0  90112 2527280   1868 451968    0    0  1280     0 1433  379 25  1 74  0  0
 3  0  90112 2527280   1868 451968    0    0  1024     0 1365  461 25  1 74  0  0
 2  0  90112 2527280   1868 451968    0    0  1280    32 1318  328 25  0 75  0  0
procs -----------memory---------- ---swap-- -----io---- -system-- ------cpu-----
 r  b   swpd   free   buff  cache   si   so    bi    bo   in   cs us sy id wa st
 2  0  90112 2527280   1868 451968    0    0  1024     0 1333  413 25  1 74  0  0
 2  0  90112 2527280   1868 451968    0    0  1280     0 1305  313 25  0 75  0  0
 2  0  90112 2527280   1868 451968    0    0  1024     0 1434  464 25  1 74  0  0
 2  0  90112 2527280   1868 451968    0    0  1280    52 1272  300 25  0 75  0  0
 2  0  90112 2527280   1868 451968    0    0  1024     0 1461  510 25  1 74  0  0
 2  0  90112 2527280   1868 451968    0    0  1280   984 1465  512 25  1 74  0  0
 2  0  90112 2527280   1868 451968    0    0  1024     0 1657  772 25  1 74  0  0
 3  0  90112 2527280   1868 451968    0    0  1280     0 1278  293 25  0 75  0  0
 2  0  90112 2527280   1868 451968    0    0  1024     0 1379  468 25  1 74  0  0
 2  0  90112 2527280   1868 451968    0    0  1280     0 1251  303 25  0 75  0  0
 2  0  90112 2527280   1868 451968    0    0  1024    36 1345  416 25  1 74  0  0
 2  0  90112 2527280   1868 451968    0    0  1280  3692 1308  344 25  1 74  0  0
 2  0  90112 2527280   1868 451968    0    0  1024     0 1357  411 25  1 74  0  0
 2  0  90112 2527280   1868 451968    0    0  1280     0 1276  320 25  0 75  0  0
 2  0  90112 2527280   1868 451968    0    0  1024     0 1375  431 25  1 74  0  0
 2  0  90112 2527280   1868 451968    0    0  1280    56 1326  382 25  0 75  0  0
 2  0  90112 2527280   1868 451968    0    0  1024     0 1372  445 25  1 74  0  0
 2  0  90112 2527280   1868 451968    0    0  1280     0 1312  344 25  1 74  0  0
 2  0  90112 2527280   1868 451968    0    0  1024     0 1326  443 25  1 74  0  0
 2  0  90112 2527280   1868 451968    0    0  1280     0 1239  294 25  0 75  0  0
 2  0  90112 2527280   1868 451968    0    0  1280    88 1436  512 25  1 74  0  0
procs -----------memory---------- ---swap-- -----io---- -system-- ------cpu-----
 r  b   swpd   free   buff  cache   si   so    bi    bo   in   cs us sy id wa st
 2  0  90112 2527280   1868 451968    0    0  1024     0 1252  283 25  0 75  0  0
 2  0  90112 2527280   1868 451968    0    0  1280     0 1283  378 25  1 75  0  0
 2  0  90112 2527280   1868 451968    0    0  1024     4 1398  381 25  1 74  0  0
 2  0  90112 2527280   1868 451968    0    0  1280     0 1303  405 25  1 74  0  0
 2  0  90112 2527280   1868 451968    0    0  1024    32 1337  340 25  0 75  0  0
 2  0  90112 2527280   1868 451968    0    0  1280     0 1361  432 25  1 74  0  0
 2  0  90112 2527280   1868 451968    0    0  1024     0 1292  296 25  0 75  0  0
 2  0  90112 2527280   1868 451968    0    0  1280     0 1304  386 25  1 74  0  0
 2  0  90112 2527280   1868 451968    0    0  1024     0 1263  295 25  0 75  0  0
 3  0  90112 2527280   1868 451968    0    0  1280    32 1383  439 25  1 74  0  0
 2  0  90112 2527280   1868 451968    0    0  1024     0 1217  300 25  0 75  0  0
 2  0  90112 2527280   1868 451968    0    0  1280     0 1319  394 25  0 74  0  0
 3  0  90112 2527280   1868 451968    0    0  1024     0 1338  352 25  0 75  0  0
 2  0  90112 2527280   1868 451968    0    0  1280    56 1341  410 25  1 74  0  0
 2  0  90112 2527280   1868 451968    0    0  1024    56 1359  365 25  0 74  0  0
 2  0  90112 2527280   1868 451968    0    0  1280     0 1369  439 25  1 74  0  0
 2  0  90112 2527280   1868 451968    0    0  1024   960 1459  427 25  0 75  0  0
 2  0  90112 2527280   1868 451968    0    0  1280     0 1352  416 25  1 74  0  0
 2  0  90112 2527280   1868 451968    0    0  1280     0 1266  298 25  0 75  0  0
 2  0  90112 2527280   1868 451968    0    0  1024    36 1333  427 25  1 74  0  0
 2  0  90112 2527280   1868 451968    0    0  1280     0 1218  279 25  0 75  0  0
procs -----------memory---------- ---swap-- -----io---- -system-- ------cpu-----
 r  b   swpd   free   buff  cache   si   so    bi    bo   in   cs us sy id wa st
 2  0  90112 2527280   1868 451968    0    0  1024  3304 1373  438 25  1 74  0  0
 2  0  90112 2527280   1868 451968    0    0  1280     0 1243  298 25  0 75  0  0
 2  0  90112 2527280   1868 451968    0    0  1024     0 1350  410 25  1 74  0  0
 2  0  90112 2527280   1868 451968    0    0  1280    60 1367  372 25  0 74  0  0
 2  0  90112 2527280   1868 451968    0    0  1024     0 1430  479 25  1 74  0  0
 2  0  90112 2527280   1868 451968    0    0  1280   620 1377  368 25  0 74  0  0
 2  0  90112 2527280   1868 451968    0    0  1024     0 1384  456 25  0 75  0  0
 2  0  90112 2527280   1868 451968    0    0  1280     0 1244  279 25  0 75  0  0
 2  0  90112 2527280   1868 451968    0    0  1024     0 1285  383 25  1 74  0  0
 2  0  90112 2527280   1868 451968    0    0  1280   132 1268  296 25  0 75  0  0
 2  0  90112 2527280   1868 451968    0    0  1024     0 1434  455 25  1 74  0  0
 2  0  90112 2527280   1868 451968    0    0  1280     0 1230  289 25  0 75  0  0
 2  0  90112 2527280   1868 451968    0    0  1280     0 1342  405 25  1 75  0  0
 2  0  90112 2527280   1868 451968    0    0  1024     0 1304  322 25  0 75  0  0
 2  0  90112 2527280   1868 451968    0    0  1280    32 1330  415 25  1 74  0  0
 2  0  90112 2527280   1868 451968    0    0  1024     0 1382  380 25  0 75  0  0
 2  0  90112 2527280   1868 451968    0    0  1280     0 1291  379 25  0 74  0  0
 2  0  90112 2527280   1868 451968    0    0  1024     0 1260  304 25  0 75  0  0
 2  0  90112 2527280   1868 451968    0    0  1280     0 1331  407 25  1 74  0  0
 2  0  90112 2527280   1868 451968    0    0  1024    32 1340  350 25  0 75  0  0
 3  0  90112 2527280   1868 451968    0    0  1280     0 1284  381 25  1 74  0  0
procs -----------memory---------- ---swap-- -----io---- -system-- ------cpu-----
 r  b   swpd   free   buff  cache   si   so    bi    bo   in   cs us sy id wa st
 2  0  90112 2527280   1868 451968    0    0  1024     0 1321  364 25  0 75  0  0
 3  0  90112 2527280   1868 451968    0    0  1280     0 1374  445 25  1 74  0  0
 2  0  90112 2527280   1868 451968    0    0  1024     0 1375  372 25  0 75  0  0
 2  0  90112 2527280   1868 451968    0    0  1280    96 1353  425 26  0 74  0  0
 2  0  90112 2527280   1868 451968    0    0  1024     0 1490  578 25  0 75  0  0
 2  0  90112 2527280   1868 451968    0    0  1280     0 1345  412 25  1 74  0  0
 2  0  90112 2527280   1868 451968    0    0  1024     0 1268  321 25  0 75  0  0
 2  0  90112 2527280   1868 451968    0    0  1280     0 1378  443 26  1 74  0  0
 2  0  90112 2527280   1868 451968    0    0  1280    36 1313  336 25  0 75  0  0
 2  0  90112 2527280   1868 451968    0    0  1024     0 1425  449 25  1 74  0  0
 2  0  90112 2527280   1868 451968    0    0  1280  3368 1287  302 25  0 74  0  0
 3  0  90112 2527280   1868 451968    0    0  1024     0 1365  408 25  1 74  0  0
 2  0  90112 2527280   1868 451968    0    0  1280     0 1283  317 25  0 75  0  0
 2  0  90112 2527280   1868 451968    0    0  1024    56 1304  386 25  1 74  0  0
 2  0  90112 2527280   1868 451968    0    0  1280     0 1316  311 25  0 75  0  0
 2  0  90112 2527280   1868 451968    0    0  1024   904 1538  574 25  1 74  0  0
 2  0  90112 2527280   1868 451968    0    0  1280     0 1275  303 25  0 75  0  0
 2  0  90112 2527280   1868 451968    0    0  1024     0 1337  396 25  1 74  0  0
 2  0  90112 2527280   1868 451968    0    0  1280    48 1271  298 25  0 75  0  0
 2  0  90112 2527280   1868 451968    0    0  1024     0 1306  368 25  1 74  0  0
 2  0  90112 2527280   1868 451968    0    0  1280     0 1350  371 25  0 75  0  0
procs -----------memory---------- ---swap-- -----io---- -system-- ------cpu-----
 r  b   swpd   free   buff  cache   si   so    bi    bo   in   cs us sy id wa st
 2  0  90112 2527280   1868 451968    0    0  1024     0 1355  410 25  1 74  0  0
 2  0  90112 2527280   1868 451968    0    0  1280     0 1242  315 25  0 75  0  0
 2  0  90112 2527280   1868 451968    0    0  1280    32 1395  433 25  1 74  0  0
 2  0  90112 2527280   1868 451968    0    0  1024    72 1247  289 25  0 75  0  0
 2  0  90112 2527280   1868 451968    0    0  1280     0 1326  386 25  1 74  0  0
 2  0  90112 2527280   1868 451968    0    0  1024     0 1267  313 25  0 75  0  0
 2  0  90112 2527280   1868 451968    0    0  1280   184 1366  398 25  1 74  0  0
 2  0  90112 2527280   1868 451968    0    0  1024     0 1269  282 25  0 75  0  0
 2  0  90112 2527280   1868 451968    0    0  1280    36 1351  414 25  1 74  0  0
 2  0  90112 2527280   1868 451968    0    0  1024     0 1313  327 25  0 75  0  0
 2  0  90112 2527280   1868 451968    0    0  1280     0 1362  416 25  1 74  0  0
 2  0  90112 2527280   1868 451968    0    0  1024   192 1337  359 25  0 75  0  0
 2  0  90112 2527280   1868 451968    0    0  1280     0 1377  425 25  1 74  0  0
 2  0  90112 2527280   1868 451968    0    0  1024    68 1273  301 25  0 75  0  0
 2  0  90112 2527280   1868 451968    0    0  1280     4 1377  447 25  1 74  0  0
 2  0  90112 2527280   1868 451968    0    0  1280     0 1281  286 25  0 75  0  0
 2  0  90112 2527280   1868 451968    0    0  1024     0 1290  390 25  0 74  0  0
 2  0  90112 2527280   1868 451968    0    0  1280   168 1329  300 25  0 75  0  0
 2  0  90112 2527280   1868 451968    0    0  1024    60 1331  419 25  1 74  0  0
 2  0  90112 2527280   1868 451968    0    0  1280     0 1313  316 25  0 75  0  0
 2  0  90112 2527280   1868 451968    0    0  1028  3308 1334  405 25  1 74  0  0
procs -----------memory---------- ---swap-- -----io---- -system-- ------cpu-----
 r  b   swpd   free   buff  cache   si   so    bi    bo   in   cs us sy id wa st
 2  0  90112 2527280   1868 451968    0    0  1280     0 1298  327 25  0 75  0  0
 2  0  90112 2527280   1868 451968    0    0  1024     0 1310  383 25  1 74  0  0
 2  0  90112 2527280   1868 451968    0    0  1280   244 1365  363 25  0 75  0  0
 2  0  90112 2527280   1868 451968    0    0  1024     0 1326  410 25  1 74  0  0
 2  0  90112 2527280   1868 451968    0    0  1280   256 1323  331 25  0 74  0  0
 2  0  90112 2527280   1868 451968    0    0  1024     0 1294  379 25  1 74  0  0
 2  0  90112 2527280   1868 451968    0    0  1280     0 1285  307 25  0 75  0  0
 2  0  90112 2527280   1868 451968    0    0  1024    44 1319  410 25  1 74  0  0
 2  0  90112 2527280   1868 451968    0    0  1280   220 1475  436 25  0 75  0  0
 2  0  90112 2527280   1868 451968    0    0  1024     0 1357  415 25  1 74  0  0
 2  0  90112 2527280   1868 451968    0    0  1280     0 1298  328 25  0 75  0  0
 2  0  90112 2527280   1868 451968    0    0  1280     0 1311  385 25  0 74  0  0
 2  0  90112 2527280   1868 451968    0    0  1024    36 1366  341 25  0 74  0  0
 2  0  90112 2527280   1868 451968    0    0  1280     0 1298  375 25  1 74  0  0
 2  0  90112 2527280   1868 451968    0    0  1024   312 1349  356 26  0 74  0  0
 2  0  90112 2527280   1868 451968    0    0  1280     0 1405  423 25  1 74  0  0
 2  0  90112 2527280   1868 451968    0    0  1024    32 1261  311 25  0 75  0  0
 2  0  90112 2527280   1868 451968    0    0  6688    60 1766  764 25  1 72  2  0
 2  0  90112 2527280   1868 451968    0    0  1024     0 1305  333 25  0 75  0  0
 2  0  90112 2527280   1868 451968    0    0  1284  2348 1426  489 25  1 74  0  0
 2  0  90112 2527280   1868 451968    0    0  1024     0 1257  311 25  0 75  0  0
procs -----------memory---------- ---swap-- -----io---- -system-- ------cpu-----
 r  b   swpd   free   buff  cache   si   so    bi    bo   in   cs us sy id wa st
 2  0  90112 2527280   1868 451968    0    0  1280    84 1334  421 25  0 74  0  0
 2  0  90112 2527280   1868 451968    0    0  1024     0 1345  355 25  0 74  0  0
 2  0  90112 2527280   1868 451968    0    0  1280   356 1381  443 25  1 74  0  0
 2  0  90112 2527280   1868 451968    0    0  1024    40 1515  612 26  0 74  0  0
 2  0  90112 2527280   1868 451968    0    0  1280     0 1424  444 25  0 75  0  0
 2  0  90112 2527280   1868 451968    0    0  1024     0 1269  286 25  0 75  0  0
 2  0  90112 2527280   1868 451968    0    0  1280   168 1376  423 25  1 74  0  0
 2  0  90112 2527280   1868 451968    0    0  1024     0 1355  339 25  0 75  0  0
 2  0  90112 2527280   1868 451968    0    0  1280     0 1383  427 25  1 74  0  0
 2  0  90112 2527280   1868 451968    0    0  1024   192 1331  326 25  0 75  0  0
 2  0  90112 2527280   1868 451968    0    0  1280     0 1468  476 25  1 74  0  0
 2  0  90112 2527280   1868 451968    0    0  1024    36 1546  429 25  0 74  0  0
 2  0  90112 2527280   1868 451968    0    0  1280     0 1395  456 25  1 74  0  0
 2  0  90112 2527280   1868 451968    0    0  1024     0 1300  314 25  0 75  0  0
 2  0  90112 2527280   1868 451968    0    0  1280     0 1375  410 25  1 74  0  0
 2  0  90112 2527280   1868 451968    0    0  1024   356 1430  358 25  0 75  0  0
 2  0  90112 2527280   1868 451968    0    0  1280    64 1343  402 25  1 74  0  0
 2  0  90112 2527280   1868 451968    0    0  1024     0 1264  290 25  0 75  0  0
 2  0  90112 2527280   1868 451968    0    0  1280     0 1438  490 25  1 74  0  0
 2  0  90112 2527280   1868 451968    0    0  1280     0 1276  322 25  0 75  0  0
 2  0  90112 2527280   1868 451968    0    0  1024     0 1358  444 25  1 74  0  0
procs -----------memory---------- ---swap-- -----io---- -system-- ------cpu-----
 r  b   swpd   free   buff  cache   si   so    bi    bo   in   cs us sy id wa st
 2  0  90112 2527280   1868 451968    0    0  1280   232 1331  332 25  0 75  0  0
 2  0  90112 2527280   1868 451968    0    0  1024     0 1324  398 25  0 74  0  0
 2  0  90112 2527280   1868 451968    0    0  1280     0 1269  296 25  0 75  0  0
 2  0  90112 2527280   1868 451968    0    0  1024     0 1407  447 25  1 74  0  0
 2  0  90112 2527280   1868 451968    0    0  1280     0 1239  282 25  0 75  0  0
 2  0  90112 2527280   1868 451968    0    0  1024   144 1358  423 25  1 74  0  0
 2  0  90112 2527280   1868 451968    0    0  1280    32 1267  291 25  0 75  0  0
 2  0  90112 2527280   1868 451968    0    0  1024     0 1321  394 25  0 74  0  0
 2  0  90112 2527280   1868 451968    0    0  1280  3632 1288  317 25  0 75  0  0
 3  0  90112 2527280   1868 451968    0    0  1024     0 1423  436 25  0 74  0  0
 2  0  90112 2527280   1868 451968    0    0  1280    60 1327  344 25  1 74  0  0
 2  0  90112 2527280   1868 451968    0    0  1024     0 1381  438 25  1 74  0  0
 2  0  90112 2527280   1868 451968    0    0  1280     0 1263  294 25  0 75  0  0
 2  0  90112 2527280   1868 451968    0    0  1280    40 1397  449 25  1 74  0  0
 2  0  90112 2527280   1868 451968    0    0  1024     0 1428  377 25  0 75  0  0
 2  0  90112 2527280   1868 451968    0    0  1280   128 1416  454 25  0 74  0  0
 2  0  90112 2527280   1868 451968    0    0  1024     4 1257  309 25  0 75  0  0
 2  0  90112 2527280   1868 451968    0    0  1280     0 1426  466 25  1 74  0  0
 2  0  90112 2527280   1868 451968    0    0  1024     0 1306  323 25  0 75  0  0
 2  0  90112 2527280   1868 451968    0    0  1280     0 1367  403 25  0 75  0  0
 2  0  90112 2527280   1868 451968    0    0  1024    32 1267  289 25  0 75  0  0
procs -----------memory---------- ---swap-- -----io---- -system-- ------cpu-----
 r  b   swpd   free   buff  cache   si   so    bi    bo   in   cs us sy id wa st
 2  0  90112 2527280   1868 451968    0    0  1280     0 1341  422 25  1 74  0  0
 2  0  90112 2527280   1868 451968    0    0  1024     0 1222  273 25  0 75  0  0
 2  0  90112 2527280   1868 451968    0    0  1280     0 1328  407 25  1 74  0  0
 2  0  90112 2527280   1868 451968    0    0  1024     0 1256  301 25  0 75  0  0
 2  0  90112 2527280   1868 451968    0    0  1280     0 1393  432 25  1 74  0  0
 2  0  90112 2527280   1868 451968    0    0  1024    44 1410  384 25  0 74  0  0
 2  0  90112 2527280   1868 451968    0    0  1280     0 1378  420 25  1 74  0  0
 2  0  90112 2527280   1868 451968    0    0  1024     0 1292  324 25  0 75  0  0
 2  0  90112 2527280   1868 451968    0    0  1280     0 1343  431 25  1 74  0  0
 2  0  90112 2527280   1868 451968    0    0  1280     0 1242  277 25  0 75  0  0
 2  0  90112 2527280   1868 451968    0    0  1024    32 1379  418 25  1 74  0  0
 2  0  90112 2527280   1868 451968    0    0  1280     0 1307  308 25  0 75  0  0
 2  0  90112 2527280   1868 451968    0    0  1024     0 1347  426 25  0 74  0  0
 2  0  90112 2527280   1868 451968    0    0  1280     0 1291  297 25  0 75  0  0
 2  0  90112 2527280   1868 451968    0    0  1024     0 1296  386 25  1 74  0  0
 2  0  90112 2527280   1868 451968    0    0  1280    32 1279  342 25  0 75  0  0
 2  0  90112 2527280   1868 451968    0    0  1024     0 1535  555 25  1 74  0  0
 2  0  90112 2527280   1868 451968    0    0  1280     0 1286  311 25  0 75  0  0
 2  0  90112 2527280   1868 451968    0    0  1024  3680 1350  418 25  1 74  1  0
 2  0  90112 2527280   1868 451968    0    0  1280   736 1389  352 25  1 75  0  0
 2  0  90112 2527280   1868 451968    0    0  1024    68 1349  399 25  0 74  0  0
procs -----------memory---------- ---swap-- -----io---- -system-- ------cpu-----
 r  b   swpd   free   buff  cache   si   so    bi    bo   in   cs us sy id wa st
 2  0  90112 2527280   1868 451968    0    0  1280    56 1286  302 25  0 75  0  0
 2  0  90112 2527280   1868 451968    0    0  1024     0 1467  638 25  1 74  0  0
 2  0  90112 2527280   1868 451968    0    0  1280    40 1310  324 25  0 75  0  0
 2  0  90112 2527280   1868 451968    0    0  1024     0 1407  455 26  1 74  0  0
 2  0  90112 2527280   1868 451968    0    0  1280    48 1277  292 25  0 75  0  0
 2  0  90112 2527280   1868 451968    0    0  1024     0 1434  466 25  1 74  0  0
 2  0  90112 2527280   1868 451968    0    0  1280     0 1275  309 25  0 75  0  0
 2  0  90112 2527280   1868 451968    0    0  1280     0 1328  389 25  1 74  0  0
 2  0  90112 2527280   1868 451968    0    0  1024     0 1298  306 25  0 75  0  0
 2  0  90112 2527280   1868 451968    0    0  1280    36 1383  437 25  1 74  0  0
 2  0  90112 2527280   1868 451968    0    0  1024    44 1285  287 25  0 75  0  0
 2  0  90112 2527280   1868 451968    0    0  1280     0 1341  405 25  1 75  0  0
 2  0  90112 2527280   1868 451968    0    0  1024     0 1298  285 25  0 75  0  0
 2  0  90112 2527280   1868 451968    0    0  1280     0 1376  435 25  1 74  0  0
 2  0  90112 2527280   1868 451968    0    0  1024    32 1301  320 25  0 75  0  0
 2  0  90112 2527280   1868 451968    0    0  1280     0 1564  526 25  1 74  0  0
 2  0  90112 2527280   1868 451968    0    0  1024     0 1402  370 25  0 75  0  0
 2  0  90112 2527280   1868 451968    0    0  1280     0 1362  399 25  1 74  0  0
 2  0  90112 2527280   1868 451968    0    0  1024     0 1242  306 25  0 75  0  0
 2  0  90112 2527280   1868 451968    0    0  1280    60 1325  392 25  1 74  0  0
 2  0  90112 2527280   1868 451968    0    0  1024     0 1296  305 25  0 75  0  0
procs -----------memory---------- ---swap-- -----io---- -system-- ------cpu-----
 r  b   swpd   free   buff  cache   si   so    bi    bo   in   cs us sy id wa st
 2  0  90112 2527280   1868 451968    0    0  1280     0 1324  405 25  1 74  0  0
 2  0  90112 2527280   1868 451968    0    0  1024     0 1256  287 25  0 75  0  0
 2  0  90112 2527280   1868 451968    0    0  1288  3048 1334  387 25  1 74  0  0
 2  0  90112 2527280   1868 451968    0    0  1280    76 1263  295 25  0 75  0  0
 2  0  90112 2527280   1868 451968    0    0  1024     0 1352  411 25  1 74  0  0
 2  0  90112 2527280   1868 451968    0    0  1280   416 1493  448 25  0 75  0  0
 2  0  90112 2527280   1868 451968    0    0  1024     0 1370  417 25  1 74  0  0
 2  0  90112 2527280   1868 451968    0    0  1280     0 1263  295 25  0 75  0  0
 2  0  90112 2527280   1868 451968    0    0  1024     0 1364  421 25  1 74  0  0
 2  0  90112 2527280   1868 451968    0    0  1280    96 1310  331 25  0 75  0  0
 2  0  90112 2527280   1868 451968    0    0  1024     0 1344  409 25  1 74  0  0
 2  0  90112 2527280   1868 451968    0    0  1280     0 1263  292 25  0 75  0  0
 2  0  90112 2527280   1868 451968    0    0  1024     0 1299  378 25  0 74  0  0
 2  0  90112 2527280   1868 451968    0    0  1280     0 1235  287 25  0 75  0  0
 2  0  90112 2527280   1868 451968    0    0  1024    32 1389  433 25  0 74  0  0
 2  0  90112 2527280   1868 451968    0    0  1280    32 1298  313 25  0 75  0  0
 2  0  90112 2527280   1868 451968    0    0  1028     0 1295  364 25  1 74  0  0
 2  0  90112 2527280   1868 451968    0    0  1280     8 1350  355 25  1 74  0  0
 2  0  90112 2527280   1868 451968    0    0  1280   128 1348  458 25  0 75  0  0
 2  0  90112 2527280   1868 451968    0    0  1024    60 1364  343 27  1 73  0  0
 2  0  90112 2527280   1868 451968    0    0  1280    16 1342  398 25  1 74  0  0
procs -----------memory---------- ---swap-- -----io---- -system-- ------cpu-----
 r  b   swpd   free   buff  cache   si   so    bi    bo   in   cs us sy id wa st
 2  0  90112 2527280   1868 451968    0    0  1024     0 1248  283 25  0 75  0  0
 2  0  90112 2527280   1868 451968    0    0  1280     0 1431  468 25  0 74  0  0
 2  0  90112 2527280   1868 451968    0    0  1024  2528 1327  361 25  1 74  0  0
 2  0  90112 2527280   1868 451968    0    0  1280     0 1382  458 25  1 74  0  0
 2  0  90112 2527280   1868 451968    0    0  1024     0 1404  419 25  1 74  0  0
 2  0  90112 2527280   1868 451968    0    0  1280     0 1447  526 25  0 74  0  0
 2  0  90112 2527280   1868 451968    0    0  1024     0 1340  417 26  0 74  0  0
 2  0  90112 2527280   1868 451968    0    0  1280    92 1383  438 25  1 74  0  0
 3  0  90112 2527280   1868 451968    0    0  1492     0 1476  406 27  0 72  0  0
 2  0  90112 2527280   1868 451968    0    0  2104     4 1651  580 27  1 72  0  0
 2  0  90112 2527280   1868 451968    0    0  1024     0 1356  351 25  0 74  0  0
 3  0  90112 2527280   1868 451968    0    0  1296     8 1891  693 31  1 68  0  0
 2  0  90112 2527280   1868 451968    0    0  1036   140 1613  516 28  1 71  0  0
 2  0  90112 2527280   1868 451968    0    0  1280   120 1439  487 25  0 74  0  0
 2  0  90112 2527280   1868 451968    0    0  1024    44 1355  360 25  0 75  0  0
 2  0  90112 2527280   1868 451968    0    0  1280   860 1557  535 25  1 74  0  0
 2  0  90112 2527280   1868 451968    0    0  1024     0 1307  305 25  0 75  0  0
 2  0  90112 2527280   1868 451968    0    0  1280    96 1352  402 25  1 74  0  0
 2  0  90112 2527280   1868 451968    0    0  1024  1816 1332  333 25  0 75  0  0
 2  0  90112 2527280   1868 451968    0    0  1280     0 1341  386 25  1 74  0  0
 2  0  90112 2527280   1868 451968    0    0  1024    16 1447  599 25  0 75  0  0
procs -----------memory---------- ---swap-- -----io---- -system-- ------cpu-----
 r  b   swpd   free   buff  cache   si   so    bi    bo   in   cs us sy id wa st
 2  0  90112 2527280   1868 451968    0    0  1280     0 1384  439 25  0 74  0  0
 2  0  90112 2527280   1868 451968    0    0  1024    72 1290  328 25  0 75  0  0
 2  0  90112 2527280   1868 451968    0    0  1280    96 1326  406 25  1 75  0  0
 2  0  90112 2527280   1868 451968    0    0  1024     0 1290  314 25  0 75  0  0
 2  0  90112 2527280   1868 451968    0    0  1280     0 1321  379 25  0 74  0  0
 2  0  90112 2527280   1868 451968    0    0  1280     0 1262  283 25  0 75  0  0
 2  0  90112 2527280   1868 451968    0    0  1024    40 1366  453 25  1 74  0  0
 2  0  90112 2527280   1868 451968    0    0  1280     0 1278  302 25  0 75  0  0
 3  0  90112 2527280   1868 451968    0    0  1024     0 1400  448 25  1 74  0  0
 2  0  90112 2527280   1868 451968    0    0  1280     0 1329  308 25  0 75  0  0
 2  0  90112 2527280   1868 451968    0    0  1024     0 1343  412 25  1 74  0  0
 2  0  90112 2527280   1868 451968    0    0  1280     0 1273  300 25  0 75  0  0
 2  0  90112 2527280   1868 451968    0    0  1024    56 1538  534 25  1 74  0  0
 2  0  90112 2527280   1868 451968    0    0  1280    16 1349  364 25  0 75  0  0
 2  0  90112 2527280   1868 451968    0    0  1024     0 1339  420 25  1 74  0  0
 2  0  90112 2527280   1868 451968    0    0  1280     0 1282  291 25  0 75  0  0
 2  0  90112 2527280   1868 451968    0    0  1024     0 1340  394 25  0 75  0  0
 2  0  90112 2527280   1868 451968    0    0  1280    60 1335  343 25  0 75  0  0
 2  0  90112 2527280   1868 451968    0    0  1024     0 1327  425 25  1 74  0  0
 2  0  90112 2527280   1868 451968    0    0  1280    12 1331  324 25  0 75  0  0
 2  0  90112 2527280   1868 451968    0    0  1024     0 1394  433 25  1 74  0  0
procs -----------memory---------- ---swap-- -----io---- -system-- ------cpu-----
 r  b   swpd   free   buff  cache   si   so    bi    bo   in   cs us sy id wa st
 2  0  90112 2527280   1868 451968    0    0  1280     0 1442  420 25  1 75  0  0
 2  0  90112 2527280   1868 451968    0    0  1024    44 1430  486 25  1 74  0  0
 2  0  90112 2527280   1868 451968    0    0  1280    48 1333  332 25  0 75  0  0
 2  0  90112 2527280   1868 451968    0    0  1280     0 1288  389 25  1 74  0  0
 2  0  90112 2527280   1868 451968    0    0  1024   788 1445  366 25  0 75  0  0
 2  0  90112 2527280   1868 451968    0    0  1280     0 1378  428 25  1 74  0  0
 2  0  90112 2527280   1868 451968    0    0  1024    60 1214  305 25  0 75  0  0
 2  0  90112 2527280   1868 451968    0    0  1284  3624 1346  416 25  1 74  0  0
 2  0  90112 2527280   1868 451968    0    0  1024     0 1234  302 25  0 75  0  0
 2  0  90112 2527280   1868 451968    0    0  1280     0 1324  410 25  1 74  0  0
 2  0  90112 2527280   1868 451968    0    0  1024    16 1265  320 25  0 75  0  0
 2  0  90112 2527280   1868 451968    0    0  1280    92 1325  418 25  1 74  0  0
 2  0  90112 2527280   1868 451968    0    0  1024    84 1296  326 25  0 75  0  0
 2  0  90112 2527280   1868 451968    0    0  1280     0 1345  421 25  1 74  0  0
 2  0  90112 2527280   1868 451968    0    0  1024     0 1261  306 25  0 75  0  0
 2  0  90112 2527280   1868 451968    0    0  1280    16 1415  459 25  1 74  0  0
 2  0  90112 2527280   1868 451968    0    0  1280    56 1257  295 25  0 74  0  0
 2  0  90112 2527280   1868 451968    0    0  1024     0 1334  397 25  1 74  0  0
 2  0  90112 2527280   1868 451968    0    0  1280     0 1254  296 25  0 75  0  0
 2  0  90112 2527280   1868 451968    0    0  1024     0 1387  462 25  1 74  0  0
 2  0  90112 2527280   1868 451968    0    0  1280     0 1369  401 25  1 74  0  0
procs -----------memory---------- ---swap-- -----io---- -system-- ------cpu-----
 r  b   swpd   free   buff  cache   si   so    bi    bo   in   cs us sy id wa st
 2  0  90112 2527280   1868 451968    0    0  1024    80 1439  492 25  0 74  0  0
 2  0  90112 2527280   1868 451968    0    0  1280     0 1294  319 25  1 75  0  0
 2  0  90112 2527280   1868 451968    0    0  1024     0 1342  429 25  1 75  0  0
 2  0  90112 2527280   1868 451968    0    0  1280    24 1223  284 25  0 75  0  0
 2  0  90112 2527280   1868 451968    0    0  1024     0 1406  467 25  1 74  0  0
 2  0  90112 2527280   1868 451968    0    0  1280     4 1313  329 25  0 75  0  0
 2  0  90112 2527280   1868 451968    0    0  1024    56 1408  477 25  1 74  0  0
 2  0  90112 2527280   1868 451968    0    0  1280     0 1276  309 25  0 75  0  0
 2  0  90112 2527280   1868 451968    0    0  1024     0 1319  425 25  1 74  0  0
 2  0  90112 2527280   1868 451968    0    0  1280     0 1280  383 25  0 75  0  0
 2  0  90112 2527280   1868 451968    0    0  1024    24 1518  557 25  1 74  0  0
 2  0  90112 2527280   1868 451968    0    0  1280    60 1325  339 25  0 75  0  0
 2  0  90112 2527280   1868 451968    0    0  1024     0 1449  482 25  1 74  0  0
 2  0  90112 2527280   1868 451968    0    0  1280     0 1226  290 25  0 75  0  0
 2  0  90112 2527280   1868 451968    0    0  1280  1020 1461  543 25  1 74  0  0
 2  0  90112 2527280   1868 451968    0    0  1024     0 1237  302 25  0 75  0  0
 2  0  90112 2527280   1868 451968    0    0  1280    64 1310  405 25  0 75  0  0
 2  0  90112 2527280   1868 451968    0    0  1028  3680 1329  334 25  1 73  1  0
 2  0  90112 2527280   1868 451968    0    0  1280     0 1388  433 25  1 74  0  0
 2  0  90112 2527280   1868 451968    0    0  1024     0 1360  551 25  0 75  0  0
 2  0  90112 2527280   1868 451968    0    0  1280     0 1317  413 25  1 74  0  0
procs -----------memory---------- ---swap-- -----io---- -system-- ------cpu-----
 r  b   swpd   free   buff  cache   si   so    bi    bo   in   cs us sy id wa st
 2  0  90112 2527280   1868 451968    0    0  1024   128 1274  326 25  0 75  0  0
 2  0  90112 2527280   1868 451968    0    0  1280     0 1349  398 25  1 75  0  0
 2  0  90112 2527280   1868 451968    0    0  1024     0 1266  298 25  0 75  0  0
 2  0  90112 2527280   1868 451968    0    0  1280     0 1335  450 25  1 74  0  0
 2  0  90112 2527280   1868 451968    0    0  1024     0 1304  331 25  0 75  0  0
 2  0  90112 2527280   1868 451968    0    0  1280    32 1443  493 25  1 74  0  0
 2  0  90112 2527280   1868 451968    0    0  1024     0 1255  297 25  0 75  0  0
 2  0  90112 2527280   1868 451968    0    0  1280     0 1293  390 25  0 75  0  0
 2  0  90112 2527280   1868 451968    0    0  1280     0 1308  338 25  0 75  0  0
 2  0  90112 2527280   1868 451968    0    0  1024     0 1423  467 25  1 74  0  0
 2  0  90112 2527280   1868 451968    0    0  1280    32 1303  343 25  0 75  0  0
 2  0  90112 2527280   1868 451968    0    0  1024    12 1295  376 25  1 74  0  0
 2  0  90112 2527280   1868 451968    0    0  1280     0 1243  285 25  0 75  0  0
 2  0  90112 2527280   1868 451968    0    0  1024     0 1401  446 25  1 74  0  0
 2  0  90112 2527280   1868 451968    0    0  1280     0 1318  308 25  0 75  0  0
 2  0  90112 2527280   1868 451968    0    0  1024    32 1334  436 25  0 74  0  0
 2  0  90112 2527280   1868 451968    0    0  1280     0 1297  310 25  0 75  0  0
 4  0  90112 2527280   1868 451968    0    0  1024     0 1384  430 25  1 74  0  0
 2  0  90112 2527280   1868 451968    0    0  1280     0 1306  348 25  0 75  0  0
 2  0  90112 2527280   1868 451968    0    0  1024     0 1419  461 25  1 74  0  0
 2  0  90112 2527280   1868 451968    0    0  1280    96 1307  341 25  0 75  0  0
procs -----------memory---------- ---swap-- -----io---- -system-- ------cpu-----
 r  b   swpd   free   buff  cache   si   so    bi    bo   in   cs us sy id wa st
 2  0  90112 2527280   1868 451968    0    0  1024     0 1405  441 25  1 74  0  0
 2  0  90112 2527280   1868 451968    0    0  1280     0 1409  392 25  0 75  0  0
 2  0  90112 2527280   1868 451968    0    0  1024     0 1332  415 25  1 74  0  0
 2  0  90112 2527280   1868 451968    0    0  1280     0 1223  287 25  0 75  0  0
 2  0  90112 2527280   1868 451968    0    0  1280    56 1352  420 25  0 74  0  0
 2  0  90112 2527280   1868 451968    0    0  1024     0 1292  309 25  0 75  0  0
 2  0  90112 2527280   1868 451968    0    0  1280  3620 1396  445 25  1 74  0  0
 3  0  90112 2527280   1868 451968    0    0  1024   812 1368  336 25  0 75  0  0
 2  0  90112 2527280   1868 451968    0    0  1280     0 1348  444 25  1 74  0  0
 2  0  90112 2527280   1868 451968    0    0  1024     0 1278  340 25  0 75  0  0
 2  0  90112 2527280   1868 451968    0    0  1280   124 1348  417 25  1 74  0  0
 2  0  90112 2527280   1868 451968    0    0  1024     0 1255  278 25  0 75  0  0
 2  0  90112 2527280   1868 451968    0    0  1280     0 1349  446 25  1 74  0  0
 2  0  90112 2527280   1868 451968    0    0  1024     0 1238  267 25  0 75  0  0
 2  0  90112 2527280   1868 451968    0    0  1280     0 1375  433 25  1 74  0  0
 2  0  90112 2527280   1868 451968    0    0  1024    32 1280  292 25  0 75  0  0
 2  0  90112 2527280   1868 451968    0    0  1280     0 1314  392 25  1 75  0  0
 2  0  90112 2527280   1868 451968    0    0  1280     0 1276  288 25  0 75  0  0
 2  0  90112 2527280   1868 451968    0    0  1024     0 1338  405 25  1 74  0  0
 2  0  90112 2527280   1868 451968    0    0  1280     0 1299  310 25  0 75  0  0
 2  0  90112 2527280   1868 451968    0    0  1024    32 1382  439 25  1 74  0  0
procs -----------memory---------- ---swap-- -----io---- -system-- ------cpu-----
 r  b   swpd   free   buff  cache   si   so    bi    bo   in   cs us sy id wa st
 2  0  90112 2527280   1868 451968    0    0  1280     0 1245  277 25  0 75  0  0
 2  0  90112 2527280   1868 451968    0    0  1024     0 1303  402 25  1 74  0  0
 2  0  90112 2527280   1868 451968    0    0  1280     0 1279  322 25  0 75  0  0
 2  0  90112 2527280   1868 451968    0    0  1024     0 1332  407 25  1 74  0  0
 2  0  90112 2527280   1868 451968    0    0  1280    32 1223  266 25  0 75  0  0
 2  0  90112 2527280   1868 451968    0    0  1024    20 1295  382 25  1 74  0  0
 2  0  90112 2527280   1868 451968    0    0  1280     0 1258  287 25  0 75  0  0
 2  0  90112 2527280   1868 451968    0    0  1024     0 1464  509 25  1 74  0  0
 2  0  90112 2527280   1868 451968    0    0  1280     0 1291  329 25  0 75  0  0
 2  0  90112 2527280   1868 451968    0    0  1024    32 1428  446 25  1 74  0  0
 3  0  90112 2527280   1868 451968    0    0  1280    40 1266  294 25  0 75  0  0
 2  0  90112 2527280   1868 451968    0    0  1024     0 1421  459 25  1 74  0  0
 2  0  90112 2527280   1868 451968    0    0  1280     0 1290  335 25  0 75  0  0
 2  0  90112 2527280   1868 451968    0    0  1280     0 1334  399 25  1 74  0  0
 2  0  90112 2527280   1868 451968    0    0  1024    56 1261  312 25  0 74  0  0
 2  0  90112 2527280   1868 451968    0    0  1280    28 1488  475 25  1 74  0  0
 2  0  90112 2527280   1868 451968    0    0  1024  3688 1258  293 25  0 74  0  0
 2  0  90112 2527280   1868 451968    0    0  1280     0 1526  699 25  1 74  0  0
 2  0  90112 2527280   1868 451968    0    0  1024   652 1473  443 25  0 75  0  0
 2  0  90112 2527280   1868 451968    0    0  1280    72 1396  434 25  1 74  0  0
 2  0  90112 2527280   1868 451968    0    0  1024     0 1213  261 25  0 75  0  0
procs -----------memory---------- ---swap-- -----io---- -system-- ------cpu-----
 r  b   swpd   free   buff  cache   si   so    bi    bo   in   cs us sy id wa st
 2  0  90112 2527280   1868 451968    0    0  1280     0 1337  401 25  1 74  0  0
 2  0  90112 2527280   1868 451968    0    0  1024     0 1357  344 25  1 74  0  0
 2  0  90112 2527280   1868 451968    0    0  1280     0 1458  468 25  1 74  0  0
 2  0  90112 2527280   1868 451968    0    0  1024    80 1312  303 25  0 75  0  0
 2  0  90112 2527280   1868 451968    0    0  1280     0 1343  393 25  0 74  0  0
 2  0  90112 2527280   1868 451968    0    0  1024     0 1298  307 25  0 75  0  0
 2  0  90112 2527280   1868 451968    0    0  1280     0 1438  452 25  1 74  0  0
 2  0  90112 2527280   1868 451968    0    0  1024     0 1219  281 25  0 75  0  0
 2  0  90112 2527280   1868 451968    0    0  1280    32 1373  420 25  1 74  0  0
 2  0  90112 2527280   1868 451968    0    0  1280     0 1200  254 25  0 75  0  0
 3  0  90112 2527280   1868 451968    0    0  1024     0 1322  422 25  0 74  0  0
 2  0  90112 2527280   1868 451968    0    0  1280     0 1287  307 25  0 75  0  0
 2  0  90112 2527280   1868 451968    0    0  1024     0 1365  426 25  1 74  0  0
 2  0  90112 2527280   1868 451968    0    0  1280    32 1354  360 25  0 75  0  0
 2  0  90112 2527280   1868 451968    0    0  1024     4 1335  391 25  1 74  0  0
 2  0  90112 2527280   1868 451968    0    0  1280     0 1287  289 25  0 75  0  0
 2  0  90112 2527280   1868 451968    0    0  1024     0 1311  384 25  1 74  0  0
 2  0  90112 2527280   1868 451968    0    0  1280     0 1297  313 25  0 75  0  0
 2  0  90112 2527280   1868 451968    0    0  1024     0 1411  442 25  0 74  0  0
 2  0  90112 2527280   1868 451968    0    0  1280    32 1239  284 25  0 75  0  0
 2  0  90112 2527280   1868 451968    0    0  1024     0 1300  392 25  1 74  0  0
procs -----------memory---------- ---swap-- -----io---- -system-- ------cpu-----
 r  b   swpd   free   buff  cache   si   so    bi    bo   in   cs us sy id wa st
 2  0  90112 2527280   1868 451968    0    0  1280    44 1297  306 25  0 75  0  0
 2  0  90112 2527280   1868 451968    0    0  1024     0 1322  400 25  1 74  0  0
 2  0  90112 2527280   1868 451968    0    0  1280     0 1207  256 25  0 75  0  0
 2  0  90112 2527280   1868 451968    0    0  1280   104 1332  396 25  1 74  0  0
 2  0  90112 2527280   1868 451968    0    0  1024     0 1395  354 25  0 75  0  0
 2  0  90112 2527280   1868 451968    0    0  1280  3560 1412  429 25  1 74  0  0
 2  0  90112 2527280   1868 451968    0    0  1024     0 1314  314 25  0 75  0  0
 2  0  90112 2527280   1868 451968    0    0  1280   680 1510  533 25  1 74  0  0
 2  0  90112 2527280   1868 451968    0    0  1024    72 1264  302 25  0 75  0  0
 2  0  90112 2527280   1868 451968    0    0  1280     0 1335  428 25  1 74  0  0
 2  0  90112 2527280   1868 451968    0    0  1024     0 1228  270 25  0 75  0  0
 2  0  90112 2527280   1868 451968    0    0  1280     0 1348  441 25  1 74  0  0
 2  0  90112 2527280   1868 451968    0    0  1024     0 1263  311 25  0 75  0  0
 2  0  90112 2527280   1868 451968    0    0  1280    32 1386  464 25  1 74  0  0
 2  0  90112 2527280   1868 451968    0    0  1024     0 1204  267 25  0 75  0  0
 2  0  90112 2527280   1868 451968    0    0  1280     0 1365  443 25  0 75  0  0
 2  0  90112 2527280   1868 451968    0    0  1024     0 1329  351 25  0 74  0  0
 2  0  90112 2527280   1868 451968    0    0  1280     0 1395  462 25  0 75  0  0
 2  0  90112 2527280   1868 451968    0    0  1280    32 1213  279 25  0 75  0  0
 2  0  90112 2527280   1868 451968    0    0  1024     0 1278  402 25  1 75  0  0
 2  0  90112 2527280   1868 451968    0    0  1280     0 1196  283 25  0 75  0  0
procs -----------memory---------- ---swap-- -----io---- -system-- ------cpu-----
 r  b   swpd   free   buff  cache   si   so    bi    bo   in   cs us sy id wa st
 2  0  90112 2527280   1868 451968    0    0  1024     0 1314  416 25  1 74  0  0
 2  0  90112 2527280   1868 451968    0    0  1280     0 1314  302 25  0 75  0  0
 2  0  90112 2527280   1868 451968    0    0  1028   392 1483  525 25  1 74  0  0
 2  0  90112 2527280   1868 451968    0    0  1280     0 1262  311 25  0 75  0  0
 2  0  90112 2527280   1868 451968    0    0  1024     0 1436  503 25  1 74  0  0
 2  0  90112 2527280   1868 451968    0    0  1280     0 1210  275 25  0 75  0  0
 2  0  90112 2527280   1868 451968    0    0  1024     0 1313  415 25  0 74  0  0
 2  0  90112 2527280   1868 451968    0    0  1280    48 1337  356 25  0 75  0  0
 2  0  90112 2527280   1868 451968    0    0  1024     0 1336  418 25  1 74  0  0
 2  0  90112 2527280   1868 451968    0    0  1280     0 1344  347 26  0 74  0  0
 2  0  90112 2527280   1868 451968    0    0  1024    36 1476  513 25  1 74  0  0
 2  0  90112 2527280   1868 451968    0    0  1280     0 1315  325 25  0 75  0  0
 2  0  90112 2527280   1868 451968    0    0  1280    56 1338  427 25  1 74  0  0
 2  0  90112 2527280   1868 451968    0    0  1024     0 1242  281 25  0 75  0  0
 2  0  90112 2527280   1868 451968    0    0  1280     0 1312  401 25  1 74  0  0
 2  0  90112 2527280   1868 451968    0    0  1024  3620 1302  322 25  0 74  0  0
 2  0  90112 2527280   1868 451968    0    0  1280     0 1581  718 25  1 74  0  0
 2  0  90112 2527280   1868 451968    0    0  1024    56 1238  278 25  0 75  0  0
 2  0  90112 2527280   1868 451968    0    0  1280   100 1335  431 25  0 75  0  0
 2  0  90112 2527280   1868 451968    0    0  1024     0 1254  284 25  0 75  0  0
 2  0  90112 2527280   1868 451968    0    0  1280     0 1397  469 25  1 74  0  0
procs -----------memory---------- ---swap-- -----io---- -system-- ------cpu-----
 r  b   swpd   free   buff  cache   si   so    bi    bo   in   cs us sy id wa st
 2  0  90112 2527280   1868 451968    0    0  1024   544 1394  339 25  0 74  0  0
 2  0  90112 2527280   1868 451968    0    0  1280    36 1386  437 25  1 75  0  0
 2  0  90112 2527280   1868 451968    0    0  1024     0 1286  319 25  0 75  0  0
 2  0  90112 2527280   1868 451968    0    0  1280     0 1468  493 25  1 74  0  0
 2  0  90112 2527280   1868 451968    0    0  1024     0 1275  328 25  0 75  0  0
 2  0  90112 2527280   1868 451968    0    0  1280     0 1374  440 25  0 75  0  0
 2  0  90112 2527280   1868 451968    0    0  1024    36 1300  332 25  0 75  0  0
 2  0  90112 2527280   1868 451968    0    0  1280     0 1375  395 25  1 74  0  0
 2  0  90112 2527280   1868 451968    0    0  1280     0 1260  274 25  0 75  0  0
 2  0  90112 2527280   1868 451968    0    0  1024     0 1301  403 25  1 74  0  0
 2  0  90112 2527280   1868 451968    0    0  1280     0 1269  305 25  0 75  0  0
 2  0  90112 2527280   1868 451968    0    0  1024    28 1435  481 25  0 75  0  0
 2  0  90112 2527280   1868 451968    0    0  1280     8 1259  283 25  0 75  0  0
 2  0  90112 2527280   1868 451968    0    0  1024     0 1301  396 25  1 74  0  0
 2  0  90112 2527280   1868 451968    0    0  1280     0 1268  287 25  0 75  0  0
 2  0  90112 2527280   1868 451968    0    0  1028  2468 1386  433 25  1 74  0  0
 2  0  90112 2527280   1868 451968    0    0  1280    72 1355  338 25  0 74  0  0
 2  0  90112 2527280   1868 451968    0    0  1024     0 1334  388 25  1 74  0  0
 2  0  90112 2527280   1868 451968    0    0  1280     0 1256  298 25  0 75  0  0
 2  0  90112 2527280   1868 451968    0    0  1024     0 1354  429 25  1 74  0  0
 2  0  90112 2527280   1868 451968    0    0  1280    32 1261  290 25  0 75  0  0
procs -----------memory---------- ---swap-- -----io---- -system-- ------cpu-----
 r  b   swpd   free   buff  cache   si   so    bi    bo   in   cs us sy id wa st
 3  0  90112 2527280   1868 451968    0    0  1024    52 1356  413 25  1 74  0  0
 2  0  90112 2527280   1868 451968    0    0  1280     4 1289  318 25  0 75  0  0
 2  0  90112 2527280   1868 451968    0    0  1024     0 1407  447 25  1 74  0  0
 2  0  90112 2527280   1868 451968    0    0  1280     0 1271  284 25  0 75  0  0
 2  0  90112 2527280   1868 451968    0    0  1024     0 1316  386 25  1 74  0  0
 2  0  90112 2527280   1868 451968    0    0  1280     0 1234  278 25  0 75  0  0
 2  0  90112 2527280   1868 451968    0    0  1280    32 1391  464 25  1 74  0  0
 2  0  90112 2527280   1868 451968    0    0  1024     0 1233  267 25  0 75  0  0
 2  0  90112 2527280   1868 451968    0    0  1280     0 1334  427 25  1 74  0  0
 2  0  90112 2527280   1868 451968    0    0  1024     0 1279  309 25  0 75  0  0
 2  0  90112 2527280   1868 451968    0    0  1280   432 1409  491 25  1 74  0  0
 2  0  90112 2527280   1868 451968    0    0  1032   136 1320  311 25  0 75  0  0
 2  0  90112 2527280   1868 451968    0    0  1280     0 1382  413 25  1 74  0  0
 2  0  90112 2527280   1868 451968    0    0  1024     0 1373  358 25  0 75  0  0
 2  0  90112 2527280   1868 451968    0    0  1280     0 1388  439 25  1 74  0  0
 2  0  90112 2527280   1868 451968    0    0  1024     0 1332  318 25  0 75  0  0
 2  0  90112 2527280   1868 451968    0    0  1280    36 1448  485 25  1 74  0  0
 2  0  90112 2527280   1868 451968    0    0  1024     0 1262  278 25  0 75  0  0
 2  0  90112 2527280   1868 451968    0    0  1280     0 1372  436 25  1 74  0  0
 2  0  90112 2527280   1868 451968    0    0  1024     0 1278  300 25  0 75  0  0
 2  0  90112 2527280   1868 451968    0    0  1280     0 1352  408 25  1 74  0  0
procs -----------memory---------- ---swap-- -----io---- -system-- ------cpu-----
 r  b   swpd   free   buff  cache   si   so    bi    bo   in   cs us sy id wa st
 2  0  90112 2527280   1868 451968    0    0  1024    24 1273  300 25  0 75  0  0
 2  0  90112 2527280   1868 451968    0    0  1280     0 1401  465 25  1 74  0  0
 2  0  90112 2527280   1868 451968    0    0  1024     0 1237  281 25  0 75  0  0
 2  0  90112 2527280   1868 451968    0    0  1280     0 1400  455 25  0 75  0  0
 2  0  90112 2527280   1868 451968    0    0  1288  3624 1300  333 25  1 74  0  0
 2  0  90112 2527280   1868 451968    0    0  1024    68 1351  452 25  0 74  0  0
 2  0  90112 2527280   1868 451968    0    0  1280     0 1266  299 25  0 75  0  0
 2  0  90112 2527280   1868 451968    0    0  1024     0 1330  413 25  1 74  0  0
 2  0  90112 2527280   1868 451968    0    0  1280     0 1231  269 25  0 75  0  0
 2  0  90112 2527280   1868 451968    0    0  1024     0 1499  560 26  1 74  0  0
 2  0  90112 2527280   1868 451968    0    0  1280    80 1277  328 25  0 75  0  0
 2  0  90112 2527280   1868 451968    0    0  1024     0 1303  427 25  1 75  0  0
 2  0  90112 2527280   1868 451968    0    0  1280     0 1352  388 25  0 74  0  0
 2  0  90112 2527280   1868 451968    0    0  1024     0 1345  450 25  1 74  0  0
 2  0  90112 2527280   1868 451968    0    0  1280     0 1384  544 25  0 75  0  0
 2  0  90112 2527280   1868 451968    0    0  1024    32 1359  444 25  1 74  0  0
 2  0  90112 2527280   1868 451968    0    0  1280     0 1455  414 25  0 74  0  0
 2  0  90112 2527280   1868 451968    0    0  1024     0 1448  490 25  1 74  0  0
 2  0  90112 2527280   1868 451968    0    0  1280     0 1241  272 25  0 75  0  0
 2  0  90112 2527280   1868 451968    0    0  1024     0 1401  487 25  1 74  0  0
 2  0  90112 2527280   1868 451968    0    0  1280    32 1335  353 25  0 74  0  0
procs -----------memory---------- ---swap-- -----io---- -system-- ------cpu-----
 r  b   swpd   free   buff  cache   si   so    bi    bo   in   cs us sy id wa st
 2  0  90112 2527280   1868 451968    0    0  1024     8 1413  468 25  1 74  0  0
 2  0  90112 2527280   1868 451968    0    0  1280     0 1241  306 25  0 75  0  0
 2  0  90112 2527280   1868 451968    0    0  1280   844 1446  526 25  0 74  0  0
 2  0  90112 2527280   1868 451968    0    0  1024     0 1215  285 25  0 75  0  0
 2  0  90112 2527280   1868 451968    0    0  1280    36 1372  433 25  1 74  0  0
 2  0  90112 2527280   1868 451968    0    0  1024    80 1332  322 25  0 75  0  0
 2  0  90112 2527280   1868 451968    0    0  1280     0 1335  414 25  1 74  0  0
 2  0  90112 2527280   1868 451968    0    0  1024     0 1226  277 25  0 75  0  0
 2  0  90112 2527280   1868 451968    0    0  1280     0 1410  481 25  1 74  0  0
 2  0  90112 2527280   1868 451968    0    0  1024     0 1234  278 25  0 75  0  0
 2  0  90112 2527280   1868 451968    0    0  1280    32 1393  472 25  1 75  0  0
 2  0  90112 2527280   1868 451968    0    0  1024     0 1241  294 25  0 75  0  0
 2  0  90112 2527280   1868 451968    0    0  1280     0 1392  456 25  1 74  0  0
 2  0  90112 2527280   1868 451968    0    0  1024     0 1220  252 25  0 75  0  0
 2  0  90112 2527280   1868 451968    0    0  1284  3616 1362  420 25  1 74  0  0
 2  0  90112 2527280   1868 451968    0    0  1024    56 1238  282 25  0 75  0  0
 2  0  90112 2527280   1868 451968    0    0  1280     0 1425  459 25  1 74  0  0
 2  0  90112 2527280   1868 451968    0    0  1024     0 1248  279 25  0 75  0  0
 2  0  90112 2527280   1868 451968    0    0  1280     0 1331  413 25  1 74  0  0
 2  0  90112 2527280   1868 451968    0    0  1280     0 1232  291 25  0 75  0  0
 2  0  90112 2527280   1868 451968    0    0  1024   108 1376  446 25  0 74  0  0
procs -----------memory---------- ---swap-- -----io---- -system-- ------cpu-----
 r  b   swpd   free   buff  cache   si   so    bi    bo   in   cs us sy id wa st
 2  0  90112 2527280   1868 451968    0    0  1280     0 1365  358 25  0 75  0  0
 2  0  90112 2527280   1868 451968    0    0  1024     0 1353  414 25  1 74  0  0
 2  0  90112 2527280   1868 451968    0    0  1280     0 1325  336 25  0 75  0  0
 2  0  90112 2527280   1868 451968    0    0  1024   104 1461  549 25  1 74  0  0
 2  0  90112 2527280   1868 451968    0    0  1280     0 1394  376 25  0 75  0  0
 2  0  90112 2527280   1868 451968    0    0  1024     0 1470  490 25  0 75  0  0
 2  0  90112 2527280   1868 451968    0    0  1280     0 1272  329 25  0 75  0  0
 2  0  90112 2527280   1868 451968    0    0  1024     0 1481  480 25  1 74  0  0
 2  0  90112 2527280   1868 451968    0    0  1280    32 1230  288 25  0 75  0  0
 3  0  90112 2527280   1868 451968    0    0  1024     0 1329  429 25  1 74  0  0
 3  0  90112 2527280   1868 451968    0    0  1280     0 1343  381 25  0 75  0  0
 2  0  90112 2527280   1868 451968    0    0  1024    32 1406  455 25  1 74  0  0
 2  0  90112 2527280   1868 451968    0    0  1280     0 1449  462 26  0 74  0  0
 2  0  90112 2527280   1868 451968    0    0  1024    56 1326  406 25  0 74  0  0
 2  0  90112 2527280   1868 451968    0    0  1280   864 1384  377 25  0 75  0  0
 2  0  90112 2527280   1868 451968    0    0  1280     0 1396  455 25  1 74  0  0
 2  0  90112 2527280   1868 451968    0    0  1024     0 1363  343 25  0 75  0  0
 2  0  90112 2527280   1868 451968    0    0  1280    16 1394  461 25  1 74  0  0
 2  0  90112 2527280   1868 451968    0    0  1024    60 1339  354 25  0 75  0  0
 2  0  90112 2527280   1868 451968    0    0  1280    96 1427  470 25  1 74  0  0
 2  0  90112 2527280   1868 451968    0    0  1024     0 1320  332 25  0 75  0  0
procs -----------memory---------- ---swap-- -----io---- -system-- ------cpu-----
 r  b   swpd   free   buff  cache   si   so    bi    bo   in   cs us sy id wa st
 2  0  90112 2527280   1868 451968    0    0  1280     0 1363  421 25  1 74  0  0
 2  0  90112 2527280   1868 451968    0    0  1024     0 1249  296 25  0 75  0  0
 2  0  90112 2527280   1868 451968    0    0  1280    48 1371  459 25  1 74  0  0
 2  0  90112 2527280   1868 451968    0    0  1024  3688 1314  333 25  0 74  0  0
 2  0  90112 2527280   1868 451968    0    0  1280   312 1402  467 25  1 74  0  0
 2  0  90112 2527280   1868 451968    0    0  1024     0 1350  335 25  0 75  0  0
 2  0  90112 2527280   1868 451968    0    0  1280     4 1503  510 25  1 74  0  0
 2  0  90112 2527280   1868 451968    0    0  1028   100 1252  308 25  0 75  0  0
 2  0  90112 2527280   1868 451968    0    0  1280    24 1362  462 25  1 74  0  0
 2  0  90112 2527280   1868 451968    0    0  1280     0 1307  326 25  0 75  0  0
 2  0  90112 2527280   1868 451968    0    0  1024     0 1366  428 25  1 74  0  0
 2  0  90112 2527280   1868 451968    0    0  1280     0 1331  337 25  0 75  0  0
 2  0  90112 2527280   1868 451968    0    0  1024    56 1323  442 25  1 74  0  0
 2  0  90112 2527280   1868 451968    0    0  1280     0 1460  575 25  0 75  0  0
 2  0  90112 2527280   1868 451968    0    0  1024     0 1323  423 25  1 74  0  0
 2  0  90112 2527280   1868 451968    0    0  1280   468 1324  361 25  0 75  0  0
 2  0  90112 2527280   1868 451968    0    0  1024     0 1351  419 25  1 74  0  0
 2  0  90112 2527280   1868 451968    0    0  1280     0 1340  354 25  0 75  0  0
 2  0  90112 2527280   1868 451968    0    0  1024    36 1462  501 25  1 74  0  0
 2  0  90112 2527280   1868 451968    0    0  1280     0 1232  290 25  0 75  0  0
 2  0  90112 2527280   1868 451968    0    0  1024     0 1338  430 25  1 74  0  0
procs -----------memory---------- ---swap-- -----io---- -system-- ------cpu-----
 r  b   swpd   free   buff  cache   si   so    bi    bo   in   cs us sy id wa st
 2  0  90112 2527280   1868 451968    0    0  1280   244 1302  333 25  0 75  0  0
 2  0  90112 2527280   1868 451968    0    0  1024     0 1295  397 25  1 74  0  0
 2  0  90112 2527280   1868 451968    0    0  1280    60 1321  336 25  0 75  0  0
 2  0  90112 2527280   1868 451968    0    0  1024     0 1320  401 25  0 75  0  0
 2  0  90112 2527280   1868 451968    0    0  1280     0 1277  297 25  0 75  0  0
 2  0  90112 2527280   1868 451968    0    0  1280     0 1305  392 25  0 74  0  0
 3  0  90112 2527280   1868 451968    0    0  1024     0 1320  338 25  1 75  0  0
 2  0  90112 2527280   1868 451968    0    0  1280   244 1356  439 25  1 74  0  0
 2  0  90112 2527280   1868 451968    0    0  1024     0 1364  360 25  0 75  0  0
 2  0  90112 2527280   1868 451968    0    0  1280     0 1431  494 25  1 74  0  0
 2  0  90112 2527280   1868 451968    0    0  1024     0 1267  296 25  0 75  0  0
 2  0  90112 2527280   1868 451968    0    0  1280     0 1279  386 25  1 74  0  0
 2  0  90112 2527280   1868 451968    0    0  1024   100 1264  296 25  0 75  0  0
 2  0  90112 2527280   1868 451968    0    0  1284  3624 1341  431 25  1 74  1  0
 2  0  90112 2527280   1868 451968    0    0  1024    16 1338  334 25  0 75  0  0
 2  0  90112 2527280   1868 451968    0    0  1280     0 1399  462 25  1 74  0  0
 2  0  90112 2527280   1868 451968    0    0  1024     0 1231  292 25  0 75  0  0
 2  0  90112 2527280   1868 451968    0    0  1280    88 1369  459 25  1 74  0  0
 2  0  90112 2527280   1868 451968    0    0  1024     0 1269  300 25  0 75  0  0
 2  0  90112 2527280   1868 451968    0    0  1280    16 1463  480 25  1 74  0  0
 2  0  90112 2527280   1868 451968    0    0  1280     0 1309  302 25  0 75  0  0
procs -----------memory---------- ---swap-- -----io---- -system-- ------cpu-----
 r  b   swpd   free   buff  cache   si   so    bi    bo   in   cs us sy id wa st
 2  0  90112 2527280   1868 451968    0    0  1024     0 1385  457 25  1 74  0  0
