procs -----------memory---------- ---swap-- -----io---- -system-- ------cpu-----
 r  b   swpd   free   buff  cache   si   so    bi    bo   in   cs us sy id wa st
 2  0  90112 2547264   1988 448276    0    1   393   125  187  117  9  1 90  0  0
 2  0  90112 2547264   1988 448276    0    0 17788     0 1807  731 22  3 74  2  0
 2  0  90112 2547264   1988 448276    0    0  1280     0 1363  390 25  1 74  0  0
 2  0  90112 2547264   1988 448276    0    0  1816     0 1226  281 25  1 74  0  0
 2  0  90112 2547264   1988 448276    0    0  1024     0 1284  344 25  1 74  0  0
 2  0  90112 2547264   1988 448276    0    0  1280    72 1250  219 25  1 75  0  0
 2  0  90112 2547264   1988 448276    0    0  1028   848 1319  378 25  1 74  0  0
 2  0  90112 2547264   1988 448276    0    0  1280     0 1235  236 25  0 75  0  0
 2  0  90112 2547264   1988 448276    0    0  1024     0 1262  316 25  1 74  0  0
 2  0  90112 2547264   1988 448276    0    0  1280     0 1200  196 25  0 75  0  0
 2  0  90112 2547264   1988 448276    0    0  1288    72 1260  343 25  1 74  0  0
 2  0  90112 2547264   1988 448276    0    0  1024     0 1189  222 25  0 75  0  0
 2  0  90112 2547264   1988 448276    0    0  1280    16 1301  336 25  1 74  0  0
 2  0  90112 2547264   1988 448276    0    0  1024     0 1192  179 25  0 75  0  0
 2  0  90112 2547264   1988 448276    0    0  1280     0 1245  307 25  1 74  0  0
 2  0  90112 2547264   1988 448276    0    0  1024    60 1154  162 25  0 75  0  0
 2  0  90112 2547264   1988 448276    0    0  1280     0 1255  329 25  1 74  0  0
 2  0  90112 2547264   1988 448276    0    0  1024     0 1186  193 25  0 75  0  0
 2  0  90112 2547264   1988 448276    0    0  1280    12 1428  607 25  1 74  0  0
 2  0  90112 2547264   1988 448276    0    0  1024     0 1159  195 25  0 75  0  0
 2  0  90112 2547264   1988 448276    0    0  1280    48 1405  421 25  1 74  0  0
procs -----------memory---------- ---swap-- -----io---- -system-- ------cpu-----
 r  b   swpd   free   buff  cache   si   so    bi    bo   in   cs us sy id wa st
 2  0  90112 2547264   1988 448276    0    0  1024  1808 1236  215 25  0 75  0  0
 2  0  90112 2547264   1988 448276    0    0  1280     0 1393  406 25  1 74  0  0
 2  0  90112 2547264   1988 448276    0    0  3996     0 1395  335 25  0 74  1  0
 2  0  90112 2547264   1988 448276    0    0  1024     0 1302  336 25  1 74  0  0
 2  0  90112 2547264   1988 448276    0    0  1280    88 1161  173 25  0 75  0  0
 2  0  90112 2547264   1988 448276    0    0  1024     0 1269  348 25  1 74  0  0
 2  0  90112 2547264   1988 448276    0    0  1280     0 1281  249 25  1 75  0  0
 2  0  90112 2547264   1988 448276    0    0  1024     0 1232  313 25  0 75  0  0
 2  0  90112 2547264   1988 448276    0    0  1280     0 1212  212 25  0 75  0  0
 2  0  90112 2547264   1988 448276    0    0  1024     0 1256  299 25  1 75  0  0
 2  0  90112 2547264   1988 448276    0    0  1280   916 1415  321 25  0 74  0  0
 2  0  90112 2547264   1988 448276    0    0  1024     0 1293  332 25  0 75  0  0
 2  0  90112 2547264   1988 448276    0    0  1280     0 1253  212 25  0 75  0  0
 2  0  90112 2547264   1988 448276    0    0  1280     0 1254  324 25  1 74  0  0
 2  0  90112 2547264   1988 448276    0    0  1024     0 1176  177 25  0 75  0  0
 2  0  90112 2547264   1988 448276    0    0  1280    64 1393  418 25  1 74  0  0
 2  0  90112 2547264   1988 448276    0    0  1024    20 1208  203 25  0 75  0  0
 2  0  90112 2547264   1988 448276    0    0  1280     0 1264  305 25  0 75  0  0
 2  0  90112 2547264   1988 448276    0    0  1024     0 1145  157 25  0 75  0  0
 2  0  90112 2547264   1988 448276    0    0  1280     0 1291  342 25  1 74  0  0
 2  0  90112 2547264   1988 448276    0    0  1024    60 1198  200 25  0 75  0  0
procs -----------memory---------- ---swap-- -----io---- -system-- ------cpu-----
 r  b   swpd   free   buff  cache   si   so    bi    bo   in   cs us sy id wa st
 2  0  90112 2547264   1988 448276    0    0  1280     0 1257  305 25  0 75  0  0
 2  0  90112 2547264   1988 448276    0    0  1024     0 1170  163 25  0 75  0  0
 2  0  90112 2547264   1988 448276    0    0  1280     0 1299  366 25  1 74  0  0
 2  0  90112 2547264   1988 448276    0    0  1280    12 1183  192 25  1 75  0  0
 2  0  90112 2547264   1988 448276    0    0  1024    48 1291  333 25  0 74  0  0
 2  0  90112 2547264   1988 448276    0    0  1280    48 1178  165 25  0 75  0  0
 2  0  90112 2547264   1988 448276    0    0  1024     0 1232  303 25  1 75  0  0
 2  0  90112 2547264   1988 448276    0    0  1280     0 1229  304 25  0 74  0  0
 2  0  90112 2547264   1988 448276    0    0  1024     0 1290  349 25  1 74  0  0
 2  0  90112 2547264   1988 448276    0    0  1280    60 1253  239 25  0 75  0  0
 2  0  90112 2547264   1988 448276    0    0  1028  3624 1272  318 25  1 74  0  0
 2  0  90112 2547264   1988 448276    0    0  1280     0 1185  175 25  0 75  0  0
 2  0  90112 2547264   1988 448276    0    0  1024     0 1261  350 25  1 74  0  0
 2  0  90112 2547264   1988 448276    0    0  1280     0 1198  182 25  0 75  0  0
 2  0  90112 2547264   1988 448276    0    0  1280    64 1377  393 25  1 74  0  0
 2  0  90112 2547264   1988 448276    0    0  1024     0 1191  191 25  0 75  0  0
 2  0  90112 2547264   1988 448276    0    0  1280     0 1229  313 25  1 74  0  0
 2  0  90112 2547264   1988 448276    0    0  1024     0 1187  196 25  0 75  0  0
 2  0  90112 2547264   1988 448276    0    0  1280    12 1288  360 25  1 74  0  0
 2  0  90112 2547264   1988 448276    0    0  1024    48 1227  229 25  0 75  0  0
 2  0  90112 2547264   1988 448276    0    0  1280     0 1255  301 25  1 75  0  0
procs -----------memory---------- ---swap-- -----io---- -system-- ------cpu-----
 r  b   swpd   free   buff  cache   si   so    bi    bo   in   cs us sy id wa st
 2  0  90112 2547264   1988 448276    0    0  1024   560 1347  334 25  0 75  0  0
 2  0  90112 2547264   1988 448276    0    0  1280     0 1235  322 25  1 74  0  0
 2  0  90112 2547264   1988 448276    0    0  1024     0 1230  230 25  0 75  0  0
 2  0  90112 2547264   1988 448276    0    0  1280    40 1323  376 25  1 74  0  0
 2  0  90112 2547264   1988 448276    0    0  1024    12 1256  243 25  0 75  0  0
 2  0  90112 2547264   1988 448276    0    0  1280     0 1265  334 25  1 74  0  0
 2  0  90112 2547264   1988 448276    0    0  1028     0 1215  187 25  0 75  0  0
 2  0  90112 2547264   1988 448276    0    0  1280     0 1387  394 25  1 74  0  0
 2  0  90112 2547264   1988 448276    0    0  1280    52 1152  184 25  0 75  0  0
 2  0  90112 2547264   1988 448276    0    0  1024    16 1262  340 25  1 74  0  0
 2  0  90112 2547264   1988 448276    0    0  1280     0 1224  207 25  0 75  0  0
 2  0  90112 2547264   1988 448276    0    0  1024     0 1310  362 25  1 74  0  0
 2  0  90112 2547264   1988 448276    0    0  1280     0 1212  194 25  0 75  0  0
 2  0  90112 2547264   1988 448276    0    0  1024     0 1278  339 25  0 74  0  0
 2  0  90112 2547264   1988 448276    0    0  1280    60 1210  214 25  0 75  0  0
 2  0  90112 2547264   1988 448276    0    0  1024    12 1256  316 25  1 74  0  0
 2  0  90112 2547264   1988 448276    0    0  1280     0 1222  232 25  0 75  0  0
 2  0  90112 2547264   1988 448276    0    0  1024     0 1543  679 25  1 74  0  0
 2  0  90112 2547264   1988 448276    0    0  1280     0 1197  185 25  0 75  0  0
 2  0  90112 2547264   1988 448276    0    0  1024   116 1317  334 25  1 74  0  0
 2  0  90112 2547264   1988 448276    0    0  1288  3684 1253  230 25  0 74  0  0
procs -----------memory---------- ---swap-- -----io---- -system-- ------cpu-----
 r  b   swpd   free   buff  cache   si   so    bi    bo   in   cs us sy id wa st
 2  0  90112 2547264   1988 448276    0    0  1024     0 1276  345 25  0 74  0  0
 2  0  90112 2547264   1988 448276    0    0  1280     0 1177  190 25  0 75  0  0
 2  0  90112 2547264   1988 448276    0    0  1280     0 1317  379 25  1 74  0  0
 2  0  90112 2547264   1988 448276    0    0  1024    68 1191  211 25  0 75  0  0
 2  0  90112 2547264   1988 448276    0    0  1280     0 1285  344 25  1 75  0  0
 2  0  90112 2547264   1988 448276    0    0  1024     0 1165  168 25  0 75  0  0
 2  0  90112 2547264   1988 448276    0    0  1280     0 1273  331 25  0 75  0  0
 2  0  90112 2547264   1988 448276    0    0  1024     0 1249  237 25  0 75  0  0
 2  0  90112 2547264   1988 448276    0    0  1280    36 1266  332 25  1 74  0  0
 2  0  90112 2547264   1988 448276    0    0  1024     0 1371  334 25  1 75  0  0
 2  0  90112 2547264   1988 448276    0    0  1280     0 1261  341 25  0 75  0  0
 2  0  90112 2547264   1988 448276    0    0  1024     0 1124  151 25  0 75  0  0
 2  0  90112 2547264   1988 448276    0    0  1280   808 1500  467 25  1 74  0  0
 2  0  90112 2547264   1988 448276    0    0  1024    40 1206  216 25  0 75  0  0
 2  0  90112 2547264   1988 448276    0    0  1280     0 1297  337 25  1 74  0  0
 2  0  90112 2547264   1988 448276    0    0  1280     0 1213  225 25  0 75  0  0
 2  0  90112 2547264   1988 448276    0    0  1024     4 1269  315 25  0 75  0  0
 2  0  90112 2547264   1988 448276    0    0  1280     0 1164  179 25  0 75  0  0
 2  0  90112 2547264   1988 448276    0    0  1024    36 1264  324 25  1 75  0  0
 2  0  90112 2547264   1988 448276    0    0  1280     0 1155  187 25  0 75  0  0
 2  0  90112 2547264   1988 448276    0    0  1024     0 1234  317 25  0 75  0  0
procs -----------memory---------- ---swap-- -----io---- -system-- ------cpu-----
 r  b   swpd   free   buff  cache   si   so    bi    bo   in   cs us sy id wa st
 2  0  90112 2547264   1988 448276    0    0  1280     0 1227  230 25  0 75  0  0
 2  0  90112 2547264   1988 448276    0    0  1024   304 1340  386 25  0 74  0  0
 2  0  90112 2547264   1988 448276    0    0  1280    36 1238  241 25  0 75  0  0
 2  0  90112 2547264   1988 448276    0    0  1024     0 1260  329 25  1 74  0  0
 2  0  90112 2547264   1988 448276    0    0  1280     0 1199  232 25  0 75  0  0
 2  0  90112 2547264   1988 448276    0    0  1024    44 1256  325 25  1 75  0  0
 2  0  90112 2547264   1988 448276    0    0  1280     0 1142  162 25  0 75  0  0
 2  0  90112 2547264   1988 448276    0    0  1280    60 1295  370 25  0 74  0  0
 2  0  90112 2547264   1988 448276    0    0  1024     0 1176  191 25  0 75  0  0
 2  0  90112 2547264   1988 448276    0    0  1280  3624 1282  338 25  0 75  0  0
 2  0  90112 2547264   1988 448276    0    0  1024     0 1141  161 25  0 75  0  0
 2  0  90112 2547264   1988 448276    0    0  1280     0 1284  357 25  1 74  0  0
 2  0  90112 2547264   1988 448276    0    0  1024    68 1294  279 25  0 75  0  0
 2  0  90112 2547264   1988 448276    0    0  1280    72 1288  352 25  1 74  0  0
 2  0  90112 2547264   1988 448276    0    0  1024     0 1354  294 25  1 75  0  0
 2  0  90112 2547264   1988 448276    0    0  1280     0 1292  398 25  1 74  0  0
 2  0  90112 2547264   1988 448276    0    0  1024     0 1172  178 25  0 75  0  0
 2  0  90112 2547264   1988 448276    0    0  1280    36 1501  510 25  1 74  0  0
 2  0  90112 2547264   1988 448276    0    0  1024     0 1225  265 25  0 75  0  0
 2  0  90112 2547264   1988 448276    0    0  1280     0 1328  384 25  1 74  0  0
 2  0  90112 2547264   1988 448276    0    0  1280     0 1275  222 25  0 75  0  0
procs -----------memory---------- ---swap-- -----io---- -system-- ------cpu-----
 r  b   swpd   free   buff  cache   si   so    bi    bo   in   cs us sy id wa st
 2  0  90112 2547264   1988 448276    0    0  1024     0 1244  317 25  1 74  0  0
 2  0  90112 2547264   1988 448276    0    0  1280   664 1330  313 25  0 75  0  0
 2  0  90112 2547264   1988 448276    0    0  1024     0 1353  381 25  1 74  0  0
 2  0  90112 2547264   1988 448276    0    0  1280     0 1301  259 25  0 75  0  0
 2  0  90112 2547264   1988 448276    0    0  1024     0 1246  319 25  1 74  0  0
 2  0  90112 2547264   1988 448276    0    0  1280     0 1152  179 25  0 75  0  0
 2  0  90112 2547264   1988 448276    0    0  1024    36 1360  401 25  1 74  0  0
 2  0  90112 2547264   1988 448276    0    0  1280     0 1146  175 25  0 75  0  0
 2  0  90112 2547264   1988 448276    0    0  1024     0 1286  354 25  1 74  0  0
 2  0  90112 2547264   1988 448276    0    0  1280     0 1201  197 25  0 75  0  0
 2  0  90112 2547264   1988 448276    0    0  1024     0 1217  312 25  0 75  0  0
 2  0  90112 2547264   1988 448276    0    0  1280    36 1231  232 25  0 75  0  0
 2  0  90112 2547264   1988 448276    0    0  1280     0 1335  372 25  0 75  0  0
 2  0  90112 2547264   1988 448276    0    0  1024     0 1201  219 25  0 75  0  0
 2  0  90112 2547264   1988 448276    0    0  1280     0 1303  353 25  1 75  0  0
 2  0  90112 2547264   1988 448276    0    0  1024     0 1473  543 25  0 74  0  0
 2  0  90112 2547264   1988 448276    0    0  1280    36 1238  328 25  1 74  0  0
 2  0  90112 2547264   1988 448276    0    0  1024    60 1247  223 25  0 75  0  0
 2  0  90112 2547264   1988 448276    0    0  1280     0 1274  338 25  1 74  0  0
 2  0  90112 2547264   1988 448276    0    0  1024  3560 1212  194 25  0 75  0  0
 2  0  90112 2547264   1988 448276    0    0  1280     0 1280  340 25  0 74  0  0
procs -----------memory---------- ---swap-- -----io---- -system-- ------cpu-----
 r  b   swpd   free   buff  cache   si   so    bi    bo   in   cs us sy id wa st
 2  0  90112 2547264   1988 448276    0    0  1024    92 1203  200 25  0 75  0  0
 2  0  90112 2547264   1988 448276    0    0  1280     0 1370  412 25  1 74  0  0
 2  0  90112 2547264   1988 448276    0    0  1024     0 1190  193 25  0 75  0  0
 2  0  90112 2547264   1988 448276    0    0  1280     0 1242  328 25  1 75  0  0
 2  0  90112 2547264   1988 448276    0    0  1280     0 1181  178 25  0 75  0  0
 2  0  90112 2547264   1988 448276    0    0  1024     0 1229  295 25  1 74  0  0
 2  0  90112 2547264   1988 448276    0    0  1280    36 1183  206 25  0 75  0  0
 2  0  90112 2547264   1988 448276    0    0  1024    64 1318  349 25  1 74  0  0
 2  0  90112 2547264   1988 448276    0    0  1280     0 1188  180 25  0 75  0  0
 2  0  90112 2547264   1988 448276    0    0  1024     0 1352  348 25  1 74  0  0
 2  0  90112 2547264   1988 448276    0    0  1280     0 1192  175 25  0 75  0  0
 2  0  90112 2547264   1988 448276    0    0  1024    40 1255  315 25  0 75  0  0
 2  0  90112 2547264   1988 448276    0    0  1280   824 1375  247 25  0 74  0  0
 2  0  90112 2547264   1988 448276    0    0  1024     0 1341  371 25  0 75  0  0
 2  0  90112 2547264   1988 448276    0    0  1280     0 1203  209 25  0 75  0  0
 2  0  90112 2547264   1988 448276    0    0  1024     0 1234  297 25  1 74  0  0
 2  0  90112 2547264   1988 448276    0    0  1280    40 1215  214 25  0 75  0  0
 2  0  90112 2547264   1988 448276    0    0  1280     0 1225  308 25  1 75  0  0
 2  0  90112 2547264   1988 448276    0    0  1024     0 1166  176 25  0 75  0  0
 2  0  90112 2547264   1988 448276    0    0  1280     0 1305  347 25  0 75  0  0
 2  0  90112 2547264   1988 448276    0    0  1024     0 1283  260 25  1 74  0  0
procs -----------memory---------- ---swap-- -----io---- -system-- ------cpu-----
 r  b   swpd   free   buff  cache   si   so    bi    bo   in   cs us sy id wa st
 2  0  90112 2547264   1988 448276    0    0  1280    36 1319  362 25  0 74  0  0
 2  0  90112 2547264   1988 448276    0    0  1024    20 1174  200 25  0 75  0  0
 2  0  90112 2547264   1988 448276    0    0  1280     0 1270  331 25  1 75  0  0
 2  0  90112 2547264   1988 448276    0    0  1024     0 1179  173 25  0 75  0  0
 2  0  90112 2547264   1988 448276    0    0  1280     0 1415  432 25  1 74  0  0
 2  0  90112 2547264   1988 448276    0    0  1024    36 1161  170 25  0 75  0  0
 3  0  90112 2547264   1988 448276    0    0  1280     4 1292  348 25  1 75  0  0
 2  0  90112 2547264   1988 448276    0    0  1280    40 1145  158 25  0 75  0  0
 2  0  90112 2547264   1988 448276    0    0  1036  3684 1265  335 25  0 74  0  0
 2  0  90112 2547264   1988 448276    0    0  1280     0 1237  227 25  0 75  0  0
 2  0  90112 2547264   1988 448276    0    0  1024    80 1267  306 25  1 74  0  0
 2  0  90112 2547264   1988 448276    0    0  1280     0 1179  178 25  0 75  0  0
 2  0  90112 2547264   1988 448276    0    0  1024     0 1277  317 25  1 74  0  0
 2  0  90112 2547264   1988 448276    0    0  1280     0 1168  176 25  0 75  0  0
 2  0  90112 2547264   1988 448276    0    0  1024    12 1312  353 25  1 74  0  0
 2  0  90112 2547264   1988 448276    0    0  1280    48 1238  255 25  0 75  0  0
 2  0  90112 2547264   1988 448276    0    0  1024     0 1232  318 25  0 75  0  0
 2  0  90112 2547264   1988 448276    0    0  1280     0 1244  251 25  0 75  0  0
 2  0  90112 2547264   1988 448276    0    0  1024     0 1245  313 25  1 74  0  0
 2  0  90112 2547264   1988 448276    0    0  1280     0 1205  213 25  0 75  0  0
 2  0  90112 2547264   1988 448276    0    0  1280     0 1267  329 25  0 74  0  0
procs -----------memory---------- ---swap-- -----io---- -system-- ------cpu-----
 r  b   swpd   free   buff  cache   si   so    bi    bo   in   cs us sy id wa st
 2  0  90112 2547264   1988 448276    0    0  1024    40 1190  191 25  0 75  0  0
 2  0  90112 2547264   1988 448276    0    0  1280   792 1417  454 25  1 74  0  0
 2  0  90112 2547264   1988 448276    0    0  1024     0 1290  288 26  0 74  0  0
 2  0  90112 2547264   1988 448276    0    0  1280     0 1227  288 25  1 75  0  0
 2  0  90112 2547264   1988 448276    0    0  1024     0 1213  208 25  0 75  0  0
 2  0  90112 2547264   1988 448276    0    0  1280    64 1293  359 25  0 74  0  0
 2  0  90112 2547264   1988 448276    0    0  1024     0 1147  158 25  0 75  0  0
 2  0  90112 2547264   1988 448276    0    0  1280    12 1272  326 25  1 74  0  0
 2  0  90112 2547264   1988 448276    0    0  1024     0 1178  191 25  0 75  0  0
 2  0  90112 2547264   1988 448276    0    0  1280     0 1237  295 25  1 74  0  0
 2  0  90112 2547264   1988 448276    0    0  1024    48 1271  263 25  0 75  0  0
 2  0  90112 2547264   1988 448276    0    0  1280     0 1307  359 25  1 74  0  0
 2  0  90112 2547264   1988 448276    0    0  1280     0 1231  218 25  0 75  0  0
 2  0  90112 2547264   1988 448276    0    0  1024     0 1288  327 25  0 74  0  0
 2  0  90112 2547264   1988 448276    0    0  1280     0 1458  530 25  1 74  0  0
 2  0  90112 2547264   1988 448276    0    0  1024   120 1411  416 25  1 74  0  0
 2  0  90112 2547264   1988 448276    0    0  1280     0 1168  177 25  0 75  0  0
 2  0  90112 2547264   1988 448276    0    0  1024     0 1247  334 25  1 74  0  0
 2  0  90112 2547264   1988 448276    0    0  1296  3680 1254  249 25  0 74  0  0
 2  0  90112 2547264   1988 448276    0    0  1024     0 1226  285 25  1 75  0  0
 2  0  90112 2547264   1988 448276    0    0  1280   108 1194  206 25  0 75  0  0
procs -----------memory---------- ---swap-- -----io---- -system-- ------cpu-----
 r  b   swpd   free   buff  cache   si   so    bi    bo   in   cs us sy id wa st
 2  0  90112 2547264   1988 448276    0    0  1024     0 1313  359 25  1 74  0  0
 2  0  90112 2547264   1988 448276    0    0  1280    16 1284  269 25  0 75  0  0
 2  0  90112 2547264   1988 448276    0    0  1024     0 1293  348 25  1 74  0  0
 2  0  90112 2547264   1988 448276    0    0  1280     0 1223  211 25  0 75  0  0
 2  0  90112 2547264   1988 448276    0    0  1280   108 1259  323 25  1 74  0  0
 2  0  90112 2547264   1988 448276    0    0  1024     0 1146  160 25  0 75  0  0
 2  0  90112 2547264   1988 448276    0    0  1280    16 1287  355 25  0 75  0  0
 2  0  90112 2547264   1988 448276    0    0  1024     0 1187  199 25  0 75  0  0
 2  0  90112 2547264   1988 448276    0    0  1280     0 1264  317 25  1 75  0  0
 2  0  90112 2547264   1988 448276    0    0  1024    64 1244  232 25  0 74  0  0
 2  0  90112 2547264   1988 448276    0    0  1280     0 1378  394 25  1 74  0  0
 2  0  90112 2547264   1988 448276    0    0  1024     0 1230  225 25  0 75  0  0
 2  0  90112 2547264   1988 448276    0    0  1280   904 1457  466 25  1 74  0  0
 2  0  90112 2547264   1988 448276    0    0  1024     0 1182  187 25  0 75  0  0
 2  0  90112 2547264   1988 448276    0    0  1280    64 1352  400 25  1 74  0  0
 2  0  90112 2547264   1988 448276    0    0  1024     0 1252  208 25  0 75  0  0
 2  0  90112 2547264   1988 448276    0    0  1280     0 1322  357 25  1 74  0  0
 2  0  90112 2547264   1988 448276    0    0  1280     0 1171  180 25  0 75  0  0
 2  0  90112 2547264   1988 448276    0    0  1024    20 1247  301 25  1 74  0  0
 2  0  90112 2547264   1988 448276    0    0  1420   128 1266  298 25  0 75  0  0
 2  0  90112 2547264   1988 448276    0    0  1024     0 1233  304 25  1 74  0  0
procs -----------memory---------- ---swap-- -----io---- -system-- ------cpu-----
 r  b   swpd   free   buff  cache   si   so    bi    bo   in   cs us sy id wa st
 2  0  90112 2547264   1988 448276    0    0  1280     0 1149  166 25  0 75  0  0
 2  0  90112 2547264   1988 448276    0    0  1024     0 1282  330 25  1 74  0  0
 2  0  90112 2547264   1988 448276    0    0  1280     0 1240  206 25  0 74  0  0
 2  0  90112 2547264   1988 448276    0    0  1340    36 1298  399 25  1 74  0  0
 2  0  90112 2547264   1988 448276    0    0  1280     0 1235  231 25  0 75  0  0
 2  0  90112 2547264   1988 448276    0    0  1024     0 1242  307 25  1 75  0  0
 2  0  90112 2547264   1988 448276    0    0  1280    12 1376  319 25  0 75  0  0
 2  0  90112 2547264   1988 448276    0    0  1284  3632 1395  388 25  1 74  0  0
 2  0  90112 2547264   1988 448276    0    0  1024    84 1223  285 26  0 74  0  0
 2  0  90112 2547264   1988 448276    0    0  1280     0 1263  372 25  0 75  0  0
 2  0  90112 2547264   1988 448276    0    0  1024     0 1213  221 25  0 75  0  0
 2  0  90112 2547264   1988 448276    0    0  1280     0 1328  382 25  1 74  0  0
 2  0  90112 2547264   1988 448276    0    0  1024     0 1241  273 25  0 75  0  0
 2  0  90112 2547264   1988 448276    0    0  1280    36 1288  349 25  1 74  0  0
 2  0  90112 2547264   1988 448276    0    0  1024    92 1264  241 25  0 75  0  0
 2  0  90112 2547264   1988 448276    0    0  1280     0 1258  342 25  0 75  0  0
 2  0  90112 2547264   1988 448276    0    0  1024     0 1170  190 25  0 75  0  0
 2  0  90112 2547264   1988 448276    0    0  1280     0 1254  340 25  1 74  0  0
 2  0  90112 2547264   1988 448276    0    0  1024    36 1292  264 25  0 75  0  0
 2  0  90112 2547264   1988 448276    0    0  1280     0 1243  321 25  1 74  0  0
 2  0  90112 2547264   1988 448276    0    0  1280     0 1206  222 25  0 75  0  0
procs -----------memory---------- ---swap-- -----io---- -system-- ------cpu-----
 r  b   swpd   free   buff  cache   si   so    bi    bo   in   cs us sy id wa st
 2  0  90112 2547264   1988 448276    0    0  1024     0 1264  322 25  1 74  0  0
 2  0  90112 2547264   1988 448276    0    0  1280   816 1384  333 25  0 75  0  0
 2  0  90112 2547264   1988 448276    0    0  1024    40 1429  422 25  1 74  0  0
 2  0  90112 2547264   1988 448276    0    0  1280     0 1172  179 25  0 75  0  0
 2  0  90112 2547264   1988 448276    0    0  1024     0 1241  305 25  1 74  0  0
 2  0  90112 2547264   1988 448276    0    0  1280     0 1258  249 25  0 75  0  0
 2  0  90112 2547264   1988 448276    0    0  1024     0 1270  311 25  1 74  0  0
 2  0  90112 2547264   1988 448276    0    0  1288  2460 1338  404 25  0 74  0  0
 2  0  90112 2547264   1988 448276    0    0  1024     0 1307  398 25  1 74  0  0
 2  0  90112 2547264   1988 448276    0    0  1280     0 1253  282 25  0 75  0  0
 2  0  90112 2547264   1988 448276    0    0  1280     0 1340  405 25  0 74  0  0
 2  0  90112 2547264   1988 448276    0    0  1024     0 1224  267 25  0 75  0  0
 2  0  90112 2547264   1988 448276    0    0  1280    40 1630  748 25  1 74  0  0
 2  0  90112 2547264   1988 448276    0    0  1024     0 1288  291 25  0 75  0  0
 2  0  90112 2547264   1988 448276    0    0  1280     0 1352  433 25  1 74  0  0
 2  0  90112 2547264   1988 448276    0    0  1024     0 1281  294 25  0 75  0  0
 2  0  90112 2547264   1988 448276    0    0  1280     0 1430  481 25  1 74  0  0
 2  0  90112 2547264   1988 448276    0    0  1024    48 1315  323 25  0 75  0  0
 2  0  90112 2547264   1988 448276    0    0  1280    60 1331  407 25  1 74  0  0
 2  0  90112 2547264   1988 448276    0    0  1024     0 1240  276 25  0 75  0  0
 2  0  90112 2547264   1988 448276    0    0  1280     0 1342  419 25  1 74  0  0
procs -----------memory---------- ---swap-- -----io---- -system-- ------cpu-----
 r  b   swpd   free   buff  cache   si   so    bi    bo   in   cs us sy id wa st
 2  0  90112 2547264   1988 448276    0    0  1024     0 1236  268 25  0 75  0  0
 2  0  90112 2547264   1988 448276    0    0  1280    16 1453  477 25  0 74  0  0
 2  0  90112 2547264   1988 448276    0    0  1024    60 1292  316 25  0 75  0  0
 2  0  90112 2547264   1988 448276    0    0  1280     0 1310  402 25  1 74  0  0
 2  0  90112 2547264   1988 448276    0    0  1280     0 1284  295 25  0 75  0  0
 2  0  90112 2547264   1988 448276    0    0  1024     0 1314  396 25  0 75  0  0
 2  0  90112 2547264   1988 448276    0    0  1280     0 1245  261 25  0 75  0  0
 2  0  90112 2547264   1988 448276    0    0  1024   148 1400  456 25  1 74  0  0
 2  0  90112 2547264   1988 448276    0    0  1280     0 1305  316 25  0 75  0  0
 2  0  90112 2547264   1988 448276    0    0  1024     0 1354  395 25  1 74  0  0
 2  0  90112 2547264   1988 448276    0    0  1280     0 1231  260 25  0 75  0  0
 2  0  90112 2547264   1988 448276    0    0  1024     0 1406  451 25  0 75  0  0
 2  0  90112 2547264   1988 448276    0    0  1280   668 1447  424 25  0 74  0  0
 2  0  90112 2547264   1988 448276    0    0  1024     8 1316  412 25  1 74  0  0
 2  0  90112 2547264   1988 448276    0    0  1280     0 1361  344 25  0 75  0  0
 2  0  90112 2547264   1988 448276    0    0  1024     0 1346  446 25  1 74  0  0
 2  0  90112 2547264   1988 448276    0    0  1280     0 1264  332 25  0 75  0  0
 2  0  90112 2547264   1988 448276    0    0  1028  3696 1447  510 25  1 74  1  0
 2  0  90112 2547264   1988 448276    0    0  1280    60 1279  282 25  0 75  0  0
 2  0  90112 2547264   1988 448276    0    0  1280    20 1333  395 25  1 74  0  0
 2  0  90112 2547264   1988 448276    0    0  1024     0 1267  269 25  0 75  0  0
procs -----------memory---------- ---swap-- -----io---- -system-- ------cpu-----
 r  b   swpd   free   buff  cache   si   so    bi    bo   in   cs us sy id wa st
 2  0  90112 2547264   1988 448276    0    0  1280     4 1364  439 25  1 74  0  0
 2  0  90112 2547264   1988 448276    0    0  1024    60 1291  285 25  0 75  0  0
 2  0  90112 2547264   1988 448276    0    0  1280     0 1306  414 25  1 75  0  0
 2  0  90112 2547264   1988 448276    0    0  1024     0 1269  298 25  0 74  0  0
 2  0  90112 2547264   1988 448276    0    0  1280     0 1287  392 25  0 75  0  0
 2  0  90112 2547264   1988 448276    0    0  1024     8 1241  273 25  0 75  0  0
 2  0  90112 2547264   1988 448276    0    0  1280    36 1450  509 26  1 74  0  0
 3  0  90112 2547264   1988 448276    0    0  1024    32 1333  320 25  0 75  0  0
 2  0  90112 2547264   1988 448276    0    0  1280     0 1326  397 25  1 74  0  0
 2  0  90112 2547264   1988 448276    0    0  1024     0 1325  344 25  0 75  0  0
 2  0  90112 2547264   1988 448276    0    0  1280     0 1354  428 25  1 74  0  0
 2  0  90112 2547264   1988 448276    0    0  1024    16 1283  310 25  0 75  0  0
 2  0  90112 2547264   1988 448276    0    0  1280    60 1355  427 25  0 75  0  0
 2  0  90112 2547264   1988 448276    0    0  1280     0 1259  289 25  0 75  0  0
 2  0  90112 2547264   1988 448276    0    0  1024     0 1387  445 25  1 74  0  0
 2  0  90112 2547264   1988 448276    0    0  1280     0 1262  282 25  0 75  0  0
 2  0  90112 2547264   1988 448276    0    0  1024     0 1374  464 25  1 74  0  0
 2  0  90112 2547264   1988 448276    0    0  1280    36 1281  318 25  0 75  0  0
 2  0  90112 2547264   1988 448276    0    0  1024    16 1315  408 25  1 74  0  0
 2  0  90112 2547264   1988 448276    0    0  1280     0 1267  282 25  0 75  0  0
 2  0  90112 2547264   1988 448276    0    0  1024     0 1318  406 25  1 74  0  0
procs -----------memory---------- ---swap-- -----io---- -system-- ------cpu-----
 r  b   swpd   free   buff  cache   si   so    bi    bo   in   cs us sy id wa st
 2  0  90112 2547264   1988 448276    0    0  1280     4 1245  257 25  0 75  0  0
 2  0  90112 2547264   1988 448276    0    0  1024   684 1525  524 25  0 74  0  0
 2  0  90112 2547264   1988 448276    0    0  1280     0 1251  282 25  0 75  0  0
 2  0  90112 2547264   1988 448276    0    0  1024    12 1316  408 25  1 74  0  0
 2  0  90112 2547264   1988 448276    0    0  1280     0 1288  335 25  0 75  0  0
 2  0  90112 2547264   1988 448276    0    0  1024     0 1317  405 25  0 75  0  0
 2  0  90112 2547264   1988 448276    0    0  1284  3756 1275  315 25  0 74  0  0
 2  0  90112 2547264   1988 448276    0    0  1280     0 1340  408 25  1 74  0  0
 2  0  90112 2547264   1988 448276    0    0  1024     0 1207  260 25  0 75  0  0
 2  0  90112 2547264   1988 448276    0    0  1280    12 1482  520 25  1 74  0  0
 2  0  90112 2547264   1988 448276    0    0  1024     0 1279  375 25  0 75  0  0
 2  0  90112 2547264   1988 448276    0    0  1280    48 1452  565 25  1 74  0  0
 2  0  90112 2547264   1988 448276    0    0  1024     0 1270  302 25  0 75  0  0
 2  0  90112 2547264   1988 448276    0    0  1280     0 1380  427 25  1 74  0  0
 2  0  90112 2547264   1988 448276    0    0  1024     0 1285  286 25  0 75  0  0
 2  0  90112 2547264   1988 448276    0    0  1280     0 1372  408 25  0 74  0  0
 2  0  90112 2547264   1988 448276    0    0  1024    36 1335  337 25  0 74  0  0
 2  0  90112 2547264   1988 448276    0    0  1280     0 1352  396 25  0 75  0  0
 2  0  90112 2547264   1988 448276    0    0  1024    12 1300  289 25  0 75  0  0
 2  0  90112 2547264   1988 448276    0    0  1280     0 1365  443 25  1 74  0  0
 2  0  90112 2547264   1988 448276    0    0  1024     0 1238  263 25  0 75  0  0
procs -----------memory---------- ---swap-- -----io---- -system-- ------cpu-----
 r  b   swpd   free   buff  cache   si   so    bi    bo   in   cs us sy id wa st
 2  0  90112 2547264   1988 448276    0    0  1280   372 1447  502 25  1 74  0  0
 2  0  90112 2547264   1988 448276    0    0  1024     0 1347  345 25  1 74  0  0
 2  0  90112 2547264   1988 448276    0    0  1280     0 1352  412 25  1 74  0  0
 2  0  90112 2547264   1988 448276    0    0  1280    12 1244  286 25  0 75  0  0
 2  0  90112 2547264   1988 448276    0    0  1024     0 1325  400 25  0 75  0  0
 2  0  90112 2547264   1988 448276    0    0  1280    48 1316  357 25  0 75  0  0
 2  0  90112 2547264   1988 448276    0    0  1024  2460 1363  406 25  1 74  0  0
 2  0  90112 2547264   1988 448276    0    0  1280     0 1313  309 25  0 75  0  0
 2  0  90112 2547264   1988 448276    0    0  1024     0 1354  423 25  1 74  0  0
 2  0  90112 2547264   1988 448276    0    0  1280     0 1328  308 25  0 75  0  0
 2  0  90112 2547264   1988 448276    0    0  1024    92 1326  424 25  1 74  0  0
 2  0  90112 2547264   1988 448276    0    0  1280    64 1277  270 25  0 75  0  0
 2  0  90112 2547264   1988 448276    0    0  1024     0 1381  453 25  1 74  0  0
 2  0  90112 2547264   1988 448276    0    0  1280     0 1485  417 25  0 74  0  0
 2  0  90112 2547264   1988 448276    0    0  1024     0 1537  503 25  1 74  0  0
 2  0  90112 2547264   1988 448276    0    0  1280     0 1296  301 25  0 75  0  0
 2  0  90112 2547264   1988 448276    0    0  1024    36 1303  415 25  0 74  0  0
 2  0  90112 2547264   1988 448276    0    0  1280    24 1262  297 25  0 75  0  0
 2  0  90112 2547264   1988 448276    0    0  1280     0 1363  431 25  1 74  0  0
 2  0  90112 2547264   1988 448276    0    0  1024     0 1308  303 25  0 75  0  0
 2  0  90112 2547264   1988 448276    0    0  1280     0 1311  406 25  0 74  0  0
procs -----------memory---------- ---swap-- -----io---- -system-- ------cpu-----
 r  b   swpd   free   buff  cache   si   so    bi    bo   in   cs us sy id wa st
 2  0  90112 2547264   1988 448276    0    0  1024    60 1328  345 25  0 75  0  0
 2  0  90112 2547264   1988 448276    0    0  1280     0 1357  423 25  1 74  0  0
 2  0  90112 2547264   1988 448276    0    0  1024     0 1296  306 25  0 75  0  0
 2  0  90112 2547264   1988 448276    0    0  1280     0 1351  432 25  1 74  0  0
 2  0  90112 2547264   1988 448276    0    0  1040     0 1279  287 25  0 75  0  0
 3  0  90112 2547264   1988 448276    0    0  1280    40 1371  445 25  0 74  0  0
 2  0  90112 2547264   1988 448276    0    0  1024     0 1318  327 25  0 75  0  0
 2  0  90112 2547264   1988 448276    0    0  1280     0 1328  420 25  1 74  0  0
 2  0  90112 2547264   1988 448276    0    0  1024     0 1237  261 25  0 75  0  0
 2  0  90112 2547264   1988 448276    0    0  1280     0 1375  446 25  0 75  0  0
 2  0  90112 2547264   1988 448276    0    0  1024   712 1416  345 25  0 75  0  0
 2  0  90112 2547264   1988 448276    0    0  1280     0 1307  405 25  1 74  0  0
 2  0  90112 2547264   1988 448276    0    0  1280     0 1224  270 25  0 75  0  0
 2  0  90112 2547264   1988 448276    0    0  1024     0 1406  487 25  1 74  0  0
 2  0  90112 2547264   1988 448276    0    0  1280     0 1221  262 25  0 75  0  0
 2  0  90112 2547264   1988 448276    0    0  1024    40 1342  446 25  1 74  0  0
 2  0  90112 2547264   1988 448276    0    0  1280  3624 1280  309 25  0 74  0  0
 2  0  90112 2547264   1988 448276    0    0  1024     0 1453  496 25  1 74  0  0
 2  0  90112 2547264   1988 448276    0    0  1280     0 1305  310 25  0 75  0  0
 2  0  90112 2547264   1988 448276    0    0  1024     0 1321  430 25  1 74  0  0
 2  0  90112 2547264   1988 448276    0    0  1280    64 1300  347 25  0 75  0  0
procs -----------memory---------- ---swap-- -----io---- -system-- ------cpu-----
 r  b   swpd   free   buff  cache   si   so    bi    bo   in   cs us sy id wa st
 2  0  90112 2547264   1988 448276    0    0  1024     0 1343  415 25  1 75  0  0
 2  0  90112 2547264   1988 448276    0    0  1280     0 1216  277 25  0 75  0  0
 2  0  90112 2547264   1988 448276    0    0  1024     0 1330  427 25  1 74  0  0
 2  0  90112 2547264   1988 448276    0    0  1280     0 1295  321 25  0 75  0  0
 2  0  90112 2547264   1988 448276    0    0  1024    92 1370  422 25  1 74  0  0
 2  0  90112 2547264   1988 448276    0    0  1280     0 1280  289 25  0 75  0  0
 2  0  90112 2547264   1988 448276    0    0  1024     0 1444  485 25  1 74  0  0
 2  0  90112 2547264   1988 448276    0    0  1280    28 1244  274 25  0 75  0  0
 2  0  90112 2547264   1988 448276    0    0  1024     0 1338  431 25  1 74  0  0
 2  0  90112 2547264   1988 448276    0    0  1280    60 1370  537 25  0 75  0  0
 2  0  90112 2547264   1988 448276    0    0  1280     0 1410  469 25  1 74  0  0
 2  0  90112 2547264   1988 448276    0    0  1024     0 1233  272 25  0 75  0  0
 3  0  90112 2547264   1988 448276    0    0  1280     0 1413  474 25  1 74  0  0
 2  0  90112 2547264   1988 448276    0    0  1024     0 1259  269 25  0 75  0  0
 2  0  90112 2547264   1988 448276    0    0  1280     4 1339  416 25  1 74  0  0
 2  0  90112 2547264   1988 448276    0    0  1024    36 1253  279 25  0 75  0  0
 2  0  90112 2547264   1988 448276    0    0  1280     0 1337  426 25  1 74  0  0
 2  0  90112 2547264   1988 448276    0    0  1024     0 1291  292 25  0 75  0  0
 2  0  90112 2547264   1988 448276    0    0  1280     0 1486  543 25  1 74  0  0
 2  0  90112 2547264   1988 448276    0    0  1024     0 1279  316 25  0 75  0  0
 2  0  90112 2547264   1988 448276    0    0  1280    36 1404  476 25  1 74  0  0
procs -----------memory---------- ---swap-- -----io---- -system-- ------cpu-----
 r  b   swpd   free   buff  cache   si   so    bi    bo   in   cs us sy id wa st
 2  0  90112 2547264   1988 448276    0    0  1024     0 1358  348 25  0 74  0  0
 2  0  90112 2547264   1988 448276    0    0  1280     0 1428  481 25  1 74  0  0
 2  0  90112 2547264   1988 448276    0    0  1024   696 1412  347 25  0 75  0  0
 2  0  90112 2547264   1988 448276    0    0  1280     0 1366  424 25  0 74  0  0
 2  0  90112 2547264   1988 448276    0    0  1280    40 1292  325 25  0 74  0  0
 2  0  90112 2547264   1988 448276    0    0  1024  3684 1380  431 25  1 74  0  0
 2  0  90112 2547264   1988 448276    0    0  1280     0 1261  266 25  0 75  0  0
 2  0  90112 2547264   1988 448276    0    0  1024     0 1351  422 25  0 75  0  0
 2  0  90112 2547264   1988 448276    0    0  1280   208 1361  346 25  0 75  0  0
 2  0  90112 2547264   1988 448276    0    0  1024     0 1368  420 25  1 74  0  0
 2  0  90112 2547264   1988 448276    0    0  1280     0 1274  287 25  0 75  0  0
 2  0  90112 2547264   1988 448276    0    0  1024     0 1312  413 25  0 75  0  0
 2  0  90112 2547264   1988 448276    0    0  1280     0 1246  274 25  0 75  0  0
 2  0  90112 2547264   1988 448276    0    0  1024    20 1372  414 25  1 74  0  0
 2  0  90112 2547264   1988 448276    0    0  1280    96 1416  380 25  1 74  0  0
 2  0  90112 2547264   1988 448276    0    0  1024     0 1384  449 25  1 74  0  0
 2  0  90112 2547264   1988 448276    0    0  1280     0 1288  267 25  0 75  0  0
 2  0  90112 2547264   1988 448276    0    0  1024     0 1510  519 25  1 74  0  0
 2  0  90112 2547264   1988 448276    0    0  1280     0 1236  289 25  0 75  0  0
 2  0  90112 2547264   1988 448276    0    0  1024    36 1378  435 25  1 74  0  0
 2  0  90112 2547264   1988 448276    0    0  1280    40 1309  283 25  0 75  0  0
procs -----------memory---------- ---swap-- -----io---- -system-- ------cpu-----
 r  b   swpd   free   buff  cache   si   so    bi    bo   in   cs us sy id wa st
 2  0  90112 2547264   1988 448276    0    0  1024     0 1444  489 25  1 74  0  0
 2  0  90112 2547264   1988 448276    0    0  1280     0 1560  451 25  0 75  0  0
 2  0  90112 2547264   1988 448276    0    0  1280     0 1363  422 25  1 74  0  0
 2  0  90112 2547264   1988 448276    0    0  6432    80 1800  738 25  1 72  2  0
 2  0  90112 2547264   1988 448276    0    0  1280     0 1390  450 25  1 74  0  0
 2  0  90112 2547264   1988 448276    0    0  1024     0 1379  318 25  0 75  0  0
 2  0  90112 2547264   1988 448276    0    0  1280     0 1430  468 25  1 74  0  0
 2  0  90112 2547264   1988 448276    0    0  1024     0 1299  294 25  0 75  0  0
 2  0  90112 2547264   1988 448276    0    0  1280    36 1365  461 25  0 74  0  0
 2  0  90112 2547264   1988 448276    0    0  1024     0 1279  287 25  0 75  0  0
 2  0  90112 2547264   1988 448276    0    0  1280     0 1380  459 25  1 74  0  0
 2  0  90112 2547264   1988 448276    0    0  1024     0 1248  284 25  0 75  0  0
 2  0  90112 2547264   1988 448276    0    0  1280   820 1492  569 25  1 74  0  0
 2  0  90112 2547264   1988 448276    0    0  1024    40 1307  309 25  0 74  0  0
 2  0  90112 2547264   1988 448276    0    0  1280     0 1378  419 25  1 75  0  0
 2  0  90112 2547264   1988 448276    0    0  1028  3568 1303  281 25  0 75  0  0
 2  0  90112 2547264   1988 448276    0    0  1280     0 1450  469 25  1 74  0  0
 2  0  90112 2547264   1988 448276    0    0  1024     0 1257  276 25  0 75  0  0
 2  0  90112 2547264   1988 448276    0    0  1280    72 1381  424 25  1 74  0  0
 2  0  90112 2547264   1988 448276    0    0  1024     0 1363  356 25  0 75  0  0
 2  0  90112 2547264   1988 448276    0    0  1280     0 1520  500 25  1 74  0  0
procs -----------memory---------- ---swap-- -----io---- -system-- ------cpu-----
 r  b   swpd   free   buff  cache   si   so    bi    bo   in   cs us sy id wa st
 2  0  90112 2547264   1988 448276    0    0  1024     0 1412  358 25  0 75  0  0
 2  0  90112 2547264   1988 448276    0    0  1280     0 1312  428 25  1 74  0  0
 2  0  90112 2547264   1988 448276    0    0  1280    36 1253  282 25  0 75  0  0
 2  0  90112 2547264   1988 448276    0    0  1024     0 1463  529 25  1 74  0  0
 2  0  90112 2547264   1988 448276    0    0  1280     0 1246  277 25  0 75  0  0
 2  0  90112 2547264   1988 448276    0    0  1024     0 1362  445 25  1 74  0  0
 2  0  90112 2547264   1988 448276    0    0  1280     0 1292  311 25  0 75  0  0
 2  0  90112 2547264   1988 448276    0    0  1024    40 1581  785 25  1 74  0  0
 2  0  90112 2547264   1988 448276    0    0  1280   148 1527  421 25  0 75  0  0
 2  0  90112 2547264   1988 448276    0    0  1024     0 1360  421 25  0 74  0  0
 2  0  90112 2547264   1988 448276    0    0  1280     0 1282  307 25  0 75  0  0
 2  0  90112 2547264   1988 448276    0    0  1024     0 1414  478 25  1 74  0  0
 2  0  90112 2547264   1988 448276    0    0  1280     0 1295  315 25  0 75  0  0
 2  0  90112 2547264   1988 448276    0    0  1024    72 1362  465 25  1 74  0  0
 2  0  90112 2547264   1988 448276    0    0  1280     0 1254  288 25  0 75  0  0
 2  0  90112 2547264   1988 448276    0    0  1024     0 1358  477 25  1 74  0  0
 2  0  90112 2547264   1988 448276    0    0  1280     0 1379  368 25  0 75  0  0
 2  0  90112 2547264   1988 448276    0    0  1024     0 1387  452 25  1 74  0  0
 2  0  90112 2547264   1988 448276    0    0  1280    60 1323  368 25  1 74  0  0
 2  0  90112 2547264   1988 448276    0    0  1280     0 1336  419 25  1 75  0  0
 2  0  90112 2547264   1988 448276    0    0  1024     0 1253  295 25  0 75  0  0
procs -----------memory---------- ---swap-- -----io---- -system-- ------cpu-----
 r  b   swpd   free   buff  cache   si   so    bi    bo   in   cs us sy id wa st
 2  0  90112 2547264   1988 448276    0    0  1280     0 1303  404 25  1 74  0  0
 2  0  90112 2547264   1988 448276    0    0  1024     0 1264  291 25  0 75  0  0
 2  0  90112 2547264   1988 448276    0    0  1280    36 1368  464 25  1 74  0  0
 2  0  90112 2547264   1988 448276    0    0  1024     0 1309  309 25  0 75  0  0
 2  0  90112 2547264   1988 448276    0    0  1288  4524 1482  610 25  1 72  2  0
 2  0  90112 2547264   1988 448276    0    0  1024     0 1199  270 25  0 75  0  0
 2  0  90112 2547264   1988 448276    0    0  1280     0 1382  457 25  1 74  0  0
 2  0  90112 2547264   1988 448276    0    0  1024    80 1310  341 25  0 75  0  0
 2  0  90112 2547264   1988 448276    0    0  1280     0 1332  410 25  1 74  0  0
 2  0  90112 2547264   1988 448276    0    0  1024     0 1250  291 25  0 75  0  0
 2  0  90112 2547264   1988 448276    0    0  1280     0 1315  406 25  1 74  0  0
 2  0  90112 2547264   1988 448276    0    0  1024     0 1198  268 25  0 75  0  0
 2  0  90112 2547264   1988 448276    0    0  1280    36 1345  433 25  1 74  0  0
 2  0  90112 2547264   1988 448276    0    0  1024     0 1293  326 25  0 75  0  0
 2  0  90112 2547264   1988 448276    0    0  1280     0 1393  470 25  1 74  0  0
 2  0  90112 2547264   1988 448276    0    0  1024     0 1315  328 25  0 75  0  0
 2  0  90112 2547264   1988 448276    0    0  1280     0 1395  459 25  1 74  0  0
 2  0  90112 2547264   1988 448276    0    0  1024    36 1312  312 25  0 75  0  0
 2  0  90112 2547264   1988 448276    0    0  1280     8 1309  436 25  0 74  0  0
 2  0  90112 2547264   1988 448276    0    0  1280     0 1241  283 25  0 75  0  0
 2  0  90112 2547264   1988 448276    0    0  1024     0 1433  485 25  1 74  0  0
procs -----------memory---------- ---swap-- -----io---- -system-- ------cpu-----
 r  b   swpd   free   buff  cache   si   so    bi    bo   in   cs us sy id wa st
 2  0  90112 2547264   1988 448276    0    0  1280     0 1235  281 25  0 75  0  0
 2  0  90112 2547264   1988 448276    0    0  1024    36 1519  586 25  1 74  0  0
 2  0  90112 2547264   1988 448276    0    0  1280    48 1265  290 25  0 75  0  0
 2  0  90112 2547264   1988 448276    0    0  1024     0 1408  445 25  0 74  0  0
 2  0  90112 2547264   1988 448276    0    0  1280  2456 1283  279 25  0 75  0  0
 2  0  90112 2547264   1988 448276    0    0  1024     0 1364  414 25  1 74  0  0
 2  0  90112 2547264   1988 448276    0    0  1280    84 1380  347 25  0 74  0  0
 2  0  90112 2547264   1988 448276    0    0  1024    84 1408  453 25  1 74  0  0
 3  0  90112 2547264   1988 448276    0    0  1280     0 1258  317 25  0 75  0  0
 2  0  90112 2547264   1988 448276    0    0  1024     0 1410  465 26  1 74  0  0
 2  0  90112 2547264   1988 448276    0    0  1280     0 1256  265 25  0 74  0  0
 2  0  90112 2547264   1988 448276    0    0  1024    36 1343  437 25  0 74  0  0
 2  0  90112 2547264   1988 448276    0    0  1280     0 1214  257 25  0 75  0  0
 2  0  90112 2547264   1988 448276    0    0  1024     0 1295  394 25  1 74  0  0
 2  0  90112 2547264   1988 448276    0    0  1280     0 1273  291 25  0 75  0  0
 2  1  90112 2547264   1988 448276    0    0  1024   248 1425  466 25  1 74  0  0
 2  0  90112 2547264   1988 448276    0    0  1280   372 1395  361 25  0 75  0  0
 2  0  90112 2547264   1988 448276    0    0  1024     0 1340  405 25  1 75  0  0
 2  0  90112 2547264   1988 448276    0    0  1280     0 1276  295 25  0 75  0  0
 2  0  90112 2547264   1988 448276    0    0  1024     0 1376  428 25  1 74  0  0
 2  0  90112 2547264   1988 448276    0    0  1280     0 1306  308 25  0 75  0  0
procs -----------memory---------- ---swap-- -----io---- -system-- ------cpu-----
 r  b   swpd   free   buff  cache   si   so    bi    bo   in   cs us sy id wa st
 3  0  90112 2547264   1988 448276    0    0  1280    32 1446  463 25  1 74  0  0
 2  0  90112 2547264   1988 448276    0    0  1024     4 1243  270 25  0 75  0  0
 2  0  90112 2547264   1988 448276    0    0  1280     0 1332  417 25  1 74  0  0
 2  0  90112 2547264   1988 448276    0    0  1024     0 1218  262 25  0 75  0  0
 2  0  90112 2547264   1988 448276    0    0  1280     0 1364  431 25  1 74  0  0
 2  0  90112 2547264   1988 448276    0    0  1024     0 1221  265 25  0 75  0  0
 2  0  90112 2547264   1988 448276    0    0  1280    36 1465  669 25  0 74  0  0
 2  0  90112 2547264   1988 448276    0    0  1024     0 1317  341 25  0 74  0  0
 2  0  90112 2547264   1988 448276    0    0  1280     0 1341  422 25  1 74  0  0
 2  0  90112 2547264   1988 448276    0    0  1024     0 1249  271 25  0 75  0  0
 2  0  90112 2547264   1988 448276    0    0  1280     0 1352  417 25  1 74  0  0
 2  0  90112 2547264   1988 448276    0    0  1024    36 1253  297 25  0 75  0  0
 2  0  90112 2547264   1988 448276    0    0  1280    24 1443  463 25  1 74  0  0
 2  0  90112 2547264   1988 448276    0    0  1024     0 1254  300 25  0 75  0  0
 2  0  90112 2547264   1988 448276    0    0  1284  3624 1379  453 25  1 74  0  0
 2  0  90112 2547264   1988 448276    0    0  1028     0 1204  259 25  0 75  0  0
 2  0  90112 2547264   1988 448276    0    0  1280   104 1399  463 25  1 74  0  0
 2  0  90112 2547264   1988 448276    0    0  1024     0 1238  276 25  0 75  0  0
 2  0  90112 2547264   1988 448276    0    0  1280     0 1381  435 25  1 74  0  0
 2  0  90112 2547264   1988 448276    0    0  1280     0 1278  285 25  0 75  0  0
 2  0  90112 2547264   1988 448276    0    0  1024     0 1379  479 25  1 74  0  0
procs -----------memory---------- ---swap-- -----io---- -system-- ------cpu-----
 r  b   swpd   free   buff  cache   si   so    bi    bo   in   cs us sy id wa st
 2  0  90112 2547264   1988 448276    0    0  1280   112 1239  287 25  0 75  0  0
 2  0  90112 2547264   1988 448276    0    0  1024     0 1304  414 25  1 74  0  0
 2  0  90112 2547264   1988 448276    0    0  1280     0 1205  270 25  0 75  0  0
 2  0  90112 2547264   1988 448276    0    0  1024     0 1500  539 25  1 74  0  0
 2  0  90112 2547264   1988 448276    0    0  1280   120 1389  434 25  0 74  0  0
 2  0  90112 2547264   1988 448276    0    0  1024   588 1601  562 27  1 73  0  0
 2  0  90112 2547264   1988 448276    0    0  1280     0 1208  255 25  0 75  0  0
 2  0  90112 2547264   1988 448276    0    0  1024     0 1335  410 25  1 75  0  0
 2  0  90112 2547264   1988 448276    0    0  1280     0 1260  284 25  0 75  0  0
 2  0  90112 2547264   1988 448276    0    0  1024    40 1405  465 25  1 74  0  0
 2  0  90112 2547264   1988 448276    0    0  1280     0 1200  245 25  0 75  0  0
 2  0  90112 2547264   1988 448276    0    0  1024     0 1339  420 25  1 74  0  0
 3  0  90112 2547264   1988 448276    0    0  1280     0 1434  431 25  0 75  0  0
 2  0  90112 2547264   1988 448276    0    0  1024     0 1473  542 26  1 74  0  0
 3  0  90112 2547264   1988 448276    0    0  1280    36 1280  288 25  0 75  0  0
 2  0  90112 2547264   1988 448276    0    0  1024     0 1383  451 26  1 74  0  0
 2  0  90112 2547264   1988 448276    0    0  2440     4 1597  482 29  1 71  0  0
 2  0  90112 2547264   1988 448276    0    0  1024     0 1365  423 25  0 75  0  0
 2  0  90112 2547264   1988 448276    0    0  1288    12 2033  636 32  1 67  0  0
 2  0  90112 2547264   1988 448276    0    0  1156   148 2012  714 32  1 68  0  0
 2  0  90112 2547264   1988 448276    0    0 19752     0 2309  964 29  1 68  2  0
procs -----------memory---------- ---swap-- -----io---- -system-- ------cpu-----
 r  b   swpd   free   buff  cache   si   so    bi    bo   in   cs us sy id wa st
 2  0  90112 2547264   1988 448276    0    0  1024    24 1550  639 26  1 73  0  0
 3  0  90112 2547264   1988 448276    0    0  1284     0 1494  459 26  1 74  0  0
 2  0  90112 2547264   1988 448276    0    0  1024    44 1600  641 27  1 73  0  0
 2  0  90112 2547264   1988 448276    0    0  1284  3816 1601  558 26  0 73  1  0
 2  0  90112 2547264   1988 448276    0    0  1024     0 1545  482 28  1 71  0  0
 2  0  90112 2547264   1988 448276    0    0  1280     0 1265  262 25  0 75  0  0
 2  0  90112 2547264   1988 448276    0    0  1024    24 1319  407 25  1 74  0  0
 2  0  90112 2547264   1988 448276    0    0  1280     0 1225  281 25  0 75  0  0
 2  0  90112 2547264   1988 448276    0    0  1024    80 1616  585 25  1 74  0  0
 2  0  90112 2547264   1988 448276    0    0  1280     0 1256  272 25  0 75  0  0
 2  0  90112 2547264   1988 448276    0    0  1024   196 1422  461 25  1 74  0  0
 2  0  90112 2547264   1988 448276    0    0  1280     0 1402  360 25  1 74  0  0
 2  0  90112 2547264   1988 448276    0    0  1280     0 1373  429 25  1 74  0  0
 2  0  90112 2547264   1988 448276    0    0  1024     0 1246  316 25  0 75  0  0
 2  0  90112 2547264   1988 448276    0    0  1280    36 1394  426 25  1 74  0  0
 2  0  90112 2547264   1988 448276    0    0 22472     0 2969 1901 29  3 63  6  0
 2  0  90112 2547264   1988 448276    0    0  1024     0 1369  429 25  1 74  0  0
 2  0  90112 2547264   1988 448276    0    0  1280     0 1234  260 25  0 75  0  0
 2  0  90112 2547264   1988 448276    0    0  1024  1180 1709  685 25  1 74  0  0
 2  0  90112 2547264   1988 448276    0    0  1280    44 1297  312 25  0 75  0  0
 2  0  90112 2547264   1988 448276    0    0  1024     0 1398  425 25  1 74  0  0
procs -----------memory---------- ---swap-- -----io---- -system-- ------cpu-----
 r  b   swpd   free   buff  cache   si   so    bi    bo   in   cs us sy id wa st
 2  0  90112 2547264   1988 448276    0    0  1280     0 1287  285 25  0 75  0  0
 2  0  90112 2547264   1988 448276    0    0  1280     0 1351  420 25  0 75  0  0
 2  0  90112 2547264   1988 448276    0    0  1024     0 1281  290 25  0 75  0  0
 2  0  90112 2547264   1988 448276    0    0  1280    36 1319  399 25  1 74  0  0
 2  0  90112 2547264   1988 448276    0    0  1024     0 1404  537 25  0 75  0  0
 2  0  90112 2547264   1988 448276    0    0  1280     0 1345  421 25  1 74  0  0
 2  0  90112 2547264   1988 448276    0    0  1024     0 1360  345 25  0 74  0  0
 2  0  90112 2547264   1988 448276    0    0  1280     0 1297  409 25  1 75  0  0
 2  0  90112 2547264   1988 448276    0    0  1024    36 1228  274 25  0 75  0  0
 2  0  90112 2547264   1988 448276    0    0  1280     0 1322  402 25  1 74  0  0
 2  0  90112 2547264   1988 448276    0    0  1024     0 1228  272 25  0 75  0  0
 2  0  90112 2547264   1988 448276    0    0  1280     0 1336  419 25  1 74  0  0
 2  0  90112 2547264   1988 448276    0    0  1024    48 1345  315 25  0 75  0  0
 2  0  90112 2547264   1988 448276    0    0  1280  3696 1377  432 25  1 74  0  0
 2  0  90112 2547264   1988 448276    0    0  1024     0 1336  345 25  0 75  0  0
 2  0  90112 2547264   1988 448276    0    0  1280     0 1342  393 25  1 74  0  0
 2  0  90112 2547264   1988 448276    0    0  1280     0 1335  310 25  0 75  0  0
 2  0  90112 2547264   1988 448276    0    0  1024     0 1360  441 25  1 74  0  0
 2  0  90112 2547264   1988 448276    0    0  1280    36 1324  322 25  0 75  0  0
 2  0  90112 2547264   1988 448276    0    0  1024     0 1380  465 25  1 74  0  0
 2  0  90112 2547264   1988 448276    0    0  1280     0 1325  341 25  1 75  0  0
procs -----------memory---------- ---swap-- -----io---- -system-- ------cpu-----
 r  b   swpd   free   buff  cache   si   so    bi    bo   in   cs us sy id wa st
 2  0  90112 2547264   1988 448276    0    0  1024     0 1295  390 25  0 75  0  0
 2  0  90112 2547264   1988 448276    0    0  1280     0 1250  305 25  0 75  0  0
 2  0  90112 2547264   1988 448276    0    0  1024    84 1331  411 25  1 74  0  0
 2  0  90112 2547264   1988 448276    0    0  1280     0 1234  258 25  0 75  0  0
 2  0  90112 2547264   1988 448276    0    0  1024     4 1327  388 25  0 75  0  0
 2  0  90112 2547264   1988 448276    0    0  1280     0 1298  308 25  0 75  0  0
 2  0  90112 2547264   1988 448276    0    0  1024     0 1444  471 25  1 74  0  0
 2  0  90112 2547264   1988 448276    0    0  1280   548 1409  335 25  0 75  0  0
 2  0  90112 2547264   1988 448276    0    0  1024     0 1391  475 25  1 74  0  0
 2  0  90112 2547264   1988 448276    0    0  1280     0 1254  292 25  0 75  0  0
 2  0  90112 2547264   1988 448276    0    0  1024     0 1552  497 25  1 74  0  0
 2  0  90112 2547264   1988 448276    0    0  1280     4 1289  295 25  0 75  0  0
 2  0  90112 2547264   1988 448276    0    0  1280    36 1352  431 25  1 74  0  0
 2  0  90112 2547264   1988 448276    0    0  1024     0 1388  361 25  0 75  0  0
 2  0  90112 2547264   1988 448276    0    0  1280     0 1350  417 25  1 74  0  0
 2  0  90112 2547264   1988 448276    0    0  1024     0 1238  268 25  0 75  0  0
 2  0  90112 2547264   1988 448276    0    0  1280     0 1373  473 25  1 74  0  0
 2  0  90112 2547264   1988 448276    0    0  1024    36 1232  283 25  0 75  0  0
 2  0  90112 2547264   1988 448276    0    0  1280     0 1431  473 25  1 74  0  0
 2  0  90112 2547264   1988 448276    0    0  1024     0 1259  281 25  0 75  0  0
 2  0  90112 2547264   1988 448276    0    0  1280     0 1322  401 25  1 74  0  0
procs -----------memory---------- ---swap-- -----io---- -system-- ------cpu-----
 r  b   swpd   free   buff  cache   si   so    bi    bo   in   cs us sy id wa st
 2  0  90112 2547264   1988 448276    0    0  1024     0 1290  292 25  0 75  0  0
 2  0  90112 2547264   1988 448276    0    0  1280     0 1316  408 25  1 74  0  0
 2  0  90112 2547264   1988 448276    0    0  1024  3716 1297  328 25  0 74  1  0
 2  0  90112 2547264   1988 448276    0    0  1280    36 1387  424 25  1 74  0  0
 2  0  90112 2547264   1988 448276    0    0  1024     0 1311  322 25  0 75  0  0
 2  0  90112 2547264   1988 448276    0    0  1280     0 1337  418 25  1 74  0  0
 2  0  90112 2547264   1988 448276    0    0  1280     0 1262  278 25  0 75  0  0
 2  0  90112 2547264   1988 448276    0    0  1024    84 1434  499 25  1 74  0  0
 2  0  90112 2547264   1988 448276    0    0  1280     0 1333  317 25  0 75  0  0
 2  0  90112 2547264   1988 448276    0    0  1024     0 1361  422 25  0 75  0  0
 2  0  90112 2547264   1988 448276    0    0  1280     0 1245  305 25  0 75  0  0
 2  0  90112 2547264   1988 448276    0    0  1024     0 1322  406 25  1 74  0  0
 2  0  90112 2547264   1988 448276    0    0  1280   120 1320  332 25  1 74  0  0
 2  0  90112 2547264   1988 448276    0    0  1024     0 1319  398 25  1 74  0  0
 2  0  90112 2547264   1988 448276    0    0  1280     0 1234  265 25  0 75  0  0
 2  0  90112 2547264   1988 448276    0    0  1024     0 1407  463 25  1 74  0  0
 2  0  90112 2547264   1988 448276    0    0  1280     0 1219  263 25  0 75  0  0
 2  0  90112 2547264   1988 448276    0    0  1024   692 1529  554 25  1 74  0  0
 2  0  90112 2547264   1988 448276    0    0  1280     0 1310  306 25  0 75  0  0
 2  0  90112 2547264   1988 448276    0    0  1024     0 1500  477 25  1 74  0  0
 2  0  90112 2547264   1988 448276    0    0  1280     0 1248  287 25  0 75  0  0
procs -----------memory---------- ---swap-- -----io---- -system-- ------cpu-----
 r  b   swpd   free   buff  cache   si   so    bi    bo   in   cs us sy id wa st
 2  0  90112 2547264   1988 448276    0    0  1280     0 1384  434 25  0 75  0  0
 2  0  90112 2547264   1988 448276    0    0  1024    36 1239  281 25  0 75  0  0
 2  0  90112 2547264   1988 448276    0    0  1280    20 1438  491 25  1 74  0  0
 2  0  90112 2547264   1988 448276    0    0  1024     0 1425  545 25  0 75  0  0
 2  0  90112 2547264   1988 448276    0    0  1280     0 1385  445 25  1 74  0  0
 2  0  90112 2547264   1988 448276    0    0  1024     0 1210  240 25  0 75  0  0
 2  0  90112 2547264   1988 448276    0    0  1280    36 1356  445 25  0 74  0  0
 2  0  90112 2547264   1988 448276    0    0  1024   340 1372  364 25  0 75  0  0
 2  0  90112 2547264   1988 448276    0    0  1280     0 1342  392 25  0 75  0  0
 2  0  90112 2547264   1988 448276    0    0  1024     0 1230  259 25  0 75  0  0
 2  0  90112 2547264   1988 448276    0    0  1280     0 1381  420 25  1 74  0  0
 2  0  90112 2547264   1988 448276    0    0  1024    40 1279  302 25  0 75  0  0
 2  0  90112 2547264   1988 448276    0    0  1280  3672 1387  456 25  1 74  0  0
 2  0  90112 2547264   1988 448276    0    0  1280     0 1280  278 25  0 75  0  0
 2  0  90112 2547264   1988 448276    0    0  1024     0 1330  420 25  1 74  0  0
 3  0  90112 2547264   1988 448276    0    0  1280     0 1253  271 25  0 75  0  0
 2  0  90112 2547264   1988 448276    0    0  1024    92 1350  430 25  1 74  0  0
 2  0  90112 2547264   1988 448276    0    0  1280     0 1275  276 25  0 75  0  0
 2  0  90112 2547264   1988 448276    0    0  1024     0 1452  481 25  1 74  0  0
 2  0  90112 2547264   1988 448276    0    0  1280     0 1250  294 25  0 75  0  0
 2  0  90112 2547264   1988 448276    0    0  1024     0 1302  391 25  1 74  0  0
procs -----------memory---------- ---swap-- -----io---- -system-- ------cpu-----
 r  b   swpd   free   buff  cache   si   so    bi    bo   in   cs us sy id wa st
 2  0  90112 2547264   1988 448276    0    0  1280    36 1288  327 25  0 75  0  0
 2  0  90112 2547264   1988 448276    0    0  1024    76 1443  474 25  1 74  0  0
 2  0  90112 2547264   1988 448276    0    0  1280     0 1317  305 25  0 75  0  0
 2  0  90112 2547264   1988 448276    0    0  1024     0 1421  473 25  1 74  0  0
 2  0  90112 2547264   1988 448276    0    0  1280     0 1239  253 25  0 75  0  0
 2  0  90112 2547264   1988 448276    0    0  1280    36 1344  439 25  1 74  0  0
 2  0  90112 2547264   1988 448276    0    0  1024     0 1361  354 25  0 75  0  0
 2  0  90112 2547264   1988 448276    0    0  1280     0 1351  433 25  1 74  0  0
 2  0  90112 2547264   1988 448276    0    0  1024     0 1320  307 25  1 75  0  0
 2  0  90112 2547264   1988 448276    0    0  1280     0 1394  438 26  0 74  0  0
 2  0  90112 2547264   1988 448276    0    0  1024     0 1217  267 25  0 75  0  0
 2  0  90112 2547264   1988 448276    0    0  1280    36 1318  415 25  1 74  0  0
 2  0  90112 2547264   1988 448276    0    0  1024     0 1225  257 25  0 75  0  0
 2  0  90112 2547264   1988 448276    0    0  1280     0 1508  531 25  1 74  0  0
 2  0  90112 2547264   1988 448276    0    0  1024     0 1298  308 25  0 75  0  0
 2  0  90112 2547264   1988 448276    0    0  1280     0 1316  398 25  1 74  0  0
 2  0  90112 2547264   1988 448276    0    0  1024   636 1390  333 25  0 75  0  0
 2  0  90112 2547264   1988 448276    0    0  1280     0 1337  401 25  1 74  0  0
 2  0  90112 2547264   1988 448276    0    0  1024     0 1267  284 25  0 75  0  0
 2  0  90112 2547264   1988 448276    0    0  1280     0 1352  408 25  1 74  0  0
 2  0  90112 2547264   1988 448276    0    0  1024     0 1357  355 25  0 75  0  0
procs -----------memory---------- ---swap-- -----io---- -system-- ------cpu-----
 r  b   swpd   free   buff  cache   si   so    bi    bo   in   cs us sy id wa st
 2  0  90112 2547264   1988 448276    0    0  1280    44 1416  476 25  1 74  0  0
 2  0  90112 2547264   1988 448276    0    0  1280  3620 1250  273 25  0 75  0  0
 2  0  90112 2547264   1988 448276    0    0  1024    48 1372  452 25  1 74  0  0
 2  0  90112 2547264   1988 448276    0    0  1280     0 1242  273 25  0 75  0  0
 2  0  90112 2547264   1988 448276    0    0  1024   288 1459  473 25  0 74  0  0
 2  0  90112 2547264   1988 448276    0    0  1280    92 1321  335 25  1 74  0  0
 2  0  90112 2547264   1988 448276    0    0  1024     0 1370  429 25  0 74  0  0
 2  0  90112 2547264   1988 448276    0    0  1280     0 1287  319 25  0 75  0  0
 2  0  90112 2547264   1988 448276    0    0  1024     0 1325  406 25  1 74  0  0
 2  0  90112 2547264   1988 448276    0    0  1280     0 1234  279 25  0 75  0  0
 2  0  90112 2547264   1988 448276    0    0  1024   236 1431  482 25  1 74  0  0
 2  0  90112 2547264   1988 448276    0    0  1280     0 1414  390 25  0 74  0  0
 2  0  90112 2547264   1988 448276    0    0  1024     0 1504  540 25  1 74  0  0
 2  0  90112 2547264   1988 448276    0    0  1280     0 1247  264 25  0 75  0  0
 2  0  90112 2547264   1988 448276    0    0  1024     0 1442  481 25  1 74  0  0
 2  0  90112 2547264   1988 448276    0    0  1280   440 1372  323 25  0 75  0  0
 2  0  90112 2547264   1988 448276    0    0  1280     0 1299  397 25  1 74  0  0
 2  0  90112 2547264   1988 448276    0    0  1024     0 1263  283 25  0 75  0  0
 2  0  90112 2547264   1988 448276    0    0  1280     0 1319  392 25  0 74  0  0
 2  0  90112 2547264   1988 448276    0    0  1024     0 1295  300 25  0 75  0  0
 2  0  90112 2547264   1988 448276    0    0  1280    36 1309  400 25  1 74  0  0
procs -----------memory---------- ---swap-- -----io---- -system-- ------cpu-----
 r  b   swpd   free   buff  cache   si   so    bi    bo   in   cs us sy id wa st
 2  0  90112 2547264   1988 448276    0    0  1024   144 1330  334 25  0 75  0  0
 2  0  90112 2547264   1988 448276    0    0  1280     0 1491  672 25  1 74  0  0
 2  0  90112 2547264   1988 448276    0    0  1024     0 1232  270 25  0 75  0  0
 2  0  90112 2547264   1988 448276    0    0  1280     0 1348  421 25  1 74  0  0
 2  0  90112 2547264   1988 448276    0    0  1024    40 1272  298 25  0 75  0  0
 2  0  90112 2547264   1988 448276    0    0  1280     0 1319  397 25  0 74  0  0
 2  0  90112 2547264   1988 448276    0    0  1024     0 1235  266 25  0 75  0  0
 2  0  90112 2547264   1988 448276    0    0  1280   108 1345  408 25  1 74  0  0
 2  0  90112 2547264   1988 448276    0    0  1024     0 1273  293 25  0 75  0  0
 2  0  90112 2547264   1988 448276    0    0  1280     0 1333  412 25  1 74  0  0
 2  0  90112 2547264   1988 448276    0    0  1280    40 1264  307 25  0 75  0  0
 2  0  90112 2547264   1988 448276    0    0  1028  3724 1410  474 25  1 74  0  0
 2  0  90112 2547264   1988 448276    0    0  1280     0 1263  290 25  0 75  0  0
 3  0  90112 2547264   1988 448276    0    0  1024   196 1377  450 25  1 74  0  0
 2  0  90112 2547264   1988 448276    0    0  1280     0 1230  290 25  0 75  0  0
 2  0  90112 2547264   1988 448276    0    0  1024    96 1350  435 25  1 74  0  0
 2  0  90112 2547264   1988 448276    0    0  1280     0 1268  314 25  0 75  0  0
 2  0  90112 2547264   1988 448276    0    0  1024     0 1327  395 25  1 74  0  0
 2  0  90112 2547264   1988 448276    0    0  1280     0 1242  275 25  0 75  0  0
 2  0  90112 2547264   1988 448276    0    0  1024     0 1329  387 25  1 75  0  0
 2  0  90112 2547264   1988 448276    0    0  1280   180 1320  319 25  0 74  0  0
procs -----------memory---------- ---swap-- -----io---- -system-- ------cpu-----
 r  b   swpd   free   buff  cache   si   so    bi    bo   in   cs us sy id wa st
 2  0  90112 2547264   1988 448276    0    0  1024     0 1338  426 25  1 74  0  0
 2  0  90112 2547264   1988 448276    0    0  1280    36 1265  291 25  0 75  0  0
 2  0  90112 2547264   1988 448276    0    0  1024     0 1403  459 25  1 74  0  0
 2  0  90112 2547264   1988 448276    0    0  1280     0 1256  285 25  0 75  0  0
 2  0  90112 2547264   1988 448276    0    0  1280     0 1347  412 25  1 74  0  0
 2  0  90112 2547264   1988 448276    0    0  1024     0 1270  266 25  0 75  0  0
 2  0  90112 2547264   1988 448276    0    0  1280    36 1528  528 25  1 74  0  0
 2  0  90112 2547264   1988 448276    0    0  1024     0 1263  277 25  0 75  0  0
 2  0  90112 2547264   1988 448276    0    0  1280     0 1422  459 25  1 74  0  0
 2  0  90112 2547264   1988 448276    0    0  1024    60 1266  302 25  0 75  0  0
 2  0  90112 2547264   1988 448276    0    0  1280     0 1426  500 25  0 74  0  0
 2  0  90112 2547264   1988 448276    0    0  1024    36 1307  322 25  0 75  0  0
 2  0  90112 2547264   1988 448276    0    0  1280     0 1342  437 25  1 74  0  0
 2  0  90112 2547264   1988 448276    0    0  1024     0 1292  299 25  0 75  0  0
 2  0  90112 2547264   1988 448276    0    0  1280     0 1322  422 25  0 74  0  0
 2  0  90112 2547264   1988 448276    0    0  1024     0 1244  280 25  1 75  0  0
 2  0  90112 2547264   1988 448276    0    0  1280    40 1435  478 26  0 74  0  0
 2  0  90112 2547264   1988 448276    0    0  1024     0 1366  327 25  0 75  0  0
 2  0  90112 2547264   1988 448276    0    0  1280     4 1438  470 25  1 74  0  0
 2  0  90112 2547264   1988 448276    0    0  1024     0 1207  256 25  0 75  0  0
 2  0  90112 2547264   1988 448276    0    0  1280     0 1448  495 25  1 74  0  0
procs -----------memory---------- ---swap-- -----io---- -system-- ------cpu-----
 r  b   swpd   free   buff  cache   si   so    bi    bo   in   cs us sy id wa st
 2  0  90112 2547264   1988 448276    0    0  1280  3660 1231  284 25  0 75  0  0
 2  0  90112 2547264   1988 448276    0    0  1024     0 1410  476 25  0 75  0  0
 2  0  90112 2547264   1988 448276    0    0  1280     0 1380  346 25  1 75  0  0
 2  0  90112 2547264   1988 448276    0    0  1024     0 1315  405 25  1 75  0  0
 2  0  90112 2547264   1988 448276    0    0  1280   604 1352  369 25  0 74  0  0
 2  0  90112 2547264   1988 448276    0    0  1024    64 1401  466 25  1 74  0  0
 2  0  90112 2547264   1988 448276    0    0  1280    16 1245  281 25  0 75  0  0
 2  0  90112 2547264   1988 448276    0    0  1024     0 1445  512 25  1 74  0  0
 2  0  90112 2547264   1988 448276    0    0  1280     0 1330  326 25  0 75  0  0
 2  0  90112 2547264   1988 448276    0    0  1024     0 1419  486 25  1 74  0  0
 2  0  90112 2547264   1988 448276    0    0  1280    60 1263  301 25  0 75  0  0
 2  0  90112 2547264   1988 448276    0    0  1024     0 1385  470 25  1 74  0  0
 2  0  90112 2547264   1988 448276    0    0  1280    24 1261  298 25  0 75  0  0
 2  0  90112 2547264   1988 448276    0    0  1024     0 1352  433 25  1 74  0  0
 2  0  90112 2547264   1988 448276    0    0  1280     0 1383  369 25  0 75  0  0
 2  0  90112 2547264   1988 448276    0    0  1024    60 1319  432 25  0 75  0  0
 2  0  90112 2547264   1988 448276    0    0  1280     0 1418  382 25  1 74  0  0
 2  0  90112 2547264   1988 448276    0    0  1024     0 1419  485 25  0 74  0  0
 2  0  90112 2547264   1988 448276    0    0  1280     0 1243  288 25  0 75  0  0
 2  0  90112 2547264   1988 448276    0    0  1024    24 1351  454 25  1 74  0  0
 2  0  90112 2547264   1988 448276    0    0  1280   148 1514  629 25  0 74  0  0
procs -----------memory---------- ---swap-- -----io---- -system-- ------cpu-----
 r  b   swpd   free   buff  cache   si   so    bi    bo   in   cs us sy id wa st
 2  0  90112 2547264   1988 448276    0    0  1028  2460 1348  447 25  0 75  0  0
 2  0  90112 2547264   1988 448276    0    0  1280     0 1220  272 25  0 75  0  0
 2  0  90112 2547264   1988 448276    0    0  1280     0 1316  412 25  1 74  0  0
 2  0  90112 2547264   1988 448276    0    0  1024     0 1312  322 25  0 75  0  0
 2  0  90112 2547264   1988 448276    0    0  1280   104 1320  420 25  0 74  0  0
 2  0  90112 2547264   1988 448276    0    0  1024     0 1269  287 25  0 75  0  0
 2  0  90112 2547264   1988 448276    0    0  1280     0 1425  474 25  1 74  0  0
 2  0  90112 2547264   1988 448276    0    0  1024     0 1209  266 25  0 75  0  0
 2  0  90112 2547264   1988 448276    0    0  1280     0 1353  438 25  1 74  0  0
 2  0  90112 2547264   1988 448276    0    0  1024    36 1278  310 25  0 75  0  0
 2  0  90112 2547264   1988 448276    0    0  1280     0 1399  438 25  1 74  0  0
 2  0  90112 2547264   1988 448276    0    0  1024    12 1293  323 25  0 75  0  0
 2  0  90112 2547264   1988 448276    0    0  1280     0 1400  456 25  1 74  0  0
 2  0  90112 2547264   1988 448276    0    0  1024   948 1396  374 25  0 75  0  0
 2  0  90112 2547264   1988 448276    0    0  1280     0 1331  435 25  1 74  0  0
 2  0  90112 2547264   1988 448276    0    0  1024    52 1222  296 25  0 75  0  0
 2  0  90112 2547264   1988 448276    0    0  1280  1880 1424  507 25  1 74  0  0
 2  0  90112 2547264   1988 448276    0    0  1024    12 1234  271 25  0 75  0  0
 2  0  90112 2547264   1988 448276    0    0  1280     0 1330  428 25  0 74  0  0
 2  0  90112 2547264   1988 448276    0    0  1024     0 1279  299 25  0 75  0  0
 2  0  90112 2547264   1988 448276    0    0  1280    72 1370  464 25  1 74  0  0
procs -----------memory---------- ---swap-- -----io---- -system-- ------cpu-----
 r  b   swpd   free   buff  cache   si   so    bi    bo   in   cs us sy id wa st
 2  0  90112 2547264   1988 448276    0    0  1024     0 1262  303 25  0 75  0  0
 2  0  90112 2547264   1988 448276    0    0  1280     0 1302  405 25  1 74  0  0
 2  0  90112 2547264   1988 448276    0    0  1280     0 1315  290 25  0 75  0  0
 2  0  90112 2547264   1988 448276    0    0  1024    16 1436  496 25  1 74  0  0
 2  0  90112 2547264   1988 448276    0    0  1280    60 1314  334 25  0 75  0  0
 2  0  90112 2547264   1988 448276    0    0  1024     0 1410  458 25  1 74  0  0
 2  0  90112 2547264   1988 448276    0    0  1280     0 1183  250 25  0 75  0  0
 2  0  90112 2547264   1988 448276    0    0  1024     0 1418  547 25  1 74  0  0
 2  0  90112 2547264   1988 448276    0    0  1280     0 1239  282 25  0 75  0  0
 2  0  90112 2547264   1988 448276    0    0  1024    52 1444  488 25  1 74  0  0
 2  0  90112 2547264   1988 448276    0    0  1280     0 1250  290 25  0 75  0  0
 2  0  90112 2547264   1988 448276    0    0  1024     0 1381  467 25  1 74  0  0
 2  0  90112 2547264   1988 448276    0    0  1280     0 1245  286 25  0 75  0  0
 2  0  90112 2547264   1988 448276    0    0  1024     0 1322  428 25  1 74  0  0
 2  0  90112 2547264   1988 448276    0    0  1280   152 1233  287 25  0 75  0  0
 2  0  90112 2547264   1988 448276    0    0  1024     0 1386  492 26  1 74  0  0
 2  0  90112 2547264   1988 448276    0    0  1280     4 1255  289 25  0 75  0  0
 2  0  90112 2547264   1988 448276    0    0  1024     0 1451  493 25  0 75  0  0
 2  0  90112 2547264   1988 448276    0    0  1280     0 1224  263 25  0 75  0  0
 2  0  90112 2547264   1988 448276    0    0  1024    36 1383  466 25  1 74  0  0
 2  0  90112 2547264   1988 448276    0    0  1280     0 1350  320 25  0 75  0  0
procs -----------memory---------- ---swap-- -----io---- -system-- ------cpu-----
 r  b   swpd   free   buff  cache   si   so    bi    bo   in   cs us sy id wa st
 2  0  90112 2547264   1988 448276    0    0  1024     0 1441  482 25  1 74  0  0
 2  0  90112 2547264   1988 448276    0    0  1280     0 1271  317 25  0 75  0  0
 2  0  90112 2547264   1988 448276    0    0  1280   620 1464  472 25  1 74  0  0
 2  0  90112 2547264   1988 448276    0    0  1024    40 1295  315 25  0 75  0  0
 2  0  90112 2547264   1988 448276    0    0  1280    24 1349  409 25  1 74  0  0
 2  0  90112 2547264   1988 448276    0    0  1024  3624 1263  280 25  0 75  0  0
 2  0  90112 2547264   1988 448276    0    0  1280     0 1457  514 25  1 74  0  0
 2  0  90112 2547264   1988 448276    0    0  1024     0 1302  322 25  0 75  0  0
 2  0  90112 2547264   1988 448276    0    0  1280    76 1370  458 25  1 74  0  0
 2  0  90112 2547264   1988 448276    0    0  1024     0 1206  262 25  0 75  0  0
 2  0  90112 2547264   1988 448276    0    0  1280     0 1282  406 25  1 74  0  0
 2  0  90112 2547264   1988 448276    0    0  1024     0 1210  260 25  0 75  0  0
 2  0  90112 2547264   1988 448276    0    0  1280     0 1320  401 25  1 74  0  0
 2  0  90112 2547264   1988 448276    0    0  1024    20 1235  283 25  0 75  0  0
 2  0  90112 2547264   1988 448276    0    0  1280     0 1374  459 25  1 74  0  0
 2  0  90112 2547264   1988 448276    0    0  1024     0 1265  307 25  0 75  0  0
 2  0  90112 2547264   1988 448276    0    0  1280     0 1341  438 25  1 75  0  0
 2  0  90112 2547264   1988 448276    0    0  1024     0 1241  283 25  0 75  0  0
 2  0  90112 2547264   1988 448276    0    0  1280    36 1383  460 25  1 74  0  0
 2  0  90112 2547264   1988 448276    0    0  1280    32 1411  578 25  0 75  0  0
 2  0  90112 2547264   1988 448276    0    0  1024     0 1332  393 25  0 74  0  0
procs -----------memory---------- ---swap-- -----io---- -system-- ------cpu-----
 r  b   swpd   free   buff  cache   si   so    bi    bo   in   cs us sy id wa st
 2  0  90112 2547264   1988 448276    0    0  1280  1876 1256  285 25  0 75  0  0
 2  0  90112 2547264   1988 448276    0    0  1024     0 1362  436 25  1 74  0  0
 2  0  90112 2547264   1988 448276    0    0  1280     0 1325  342 25  0 75  0  0
 2  0  90112 2547264   1988 448276    0    0  1024    84 1309  419 25  1 75  0  0
 2  0  90112 2547264   1988 448276    0    0  1280     0 1226  252 25  0 75  0  0
 2  0  90112 2547264   1988 448276    0    0  1024     0 1367  436 25  0 75  0  0
 2  0  90112 2547264   1988 448276    0    0  1280     0 1221  260 25  0 75  0  0
 2  0  90112 2547264   1988 448276    0    0  1024     0 1336  409 25  1 75  0  0
 2  0  90112 2547264   1988 448276    0    0  1280    36 1315  323 25  0 74  0  0
 2  0  90112 2547264   1988 448276    0    0  1024     0 1373  420 25  1 75  0  0
 2  0  90112 2547264   1988 448276    0    0  1280   112 1361  381 25  0 74  0  0
 2  0  90112 2547264   1988 448276    0    0  1024     0 1359  426 25  0 75  0  0
 2  0  90112 2547264   1988 448276    0    0  1280     0 1276  293 25  0 75  0  0
 2  0  90112 2547264   1988 448276    0    0  1024   504 1471  504 25  1 74  0  0
 2  0  90112 2547264   1988 448276    0    0  1280     0 1318  303 25  0 75  0  0
 2  0  90112 2547264   1988 448276    0    0  1280    40 1573  554 25  1 74  0  0
 2  0  90112 2547264   1988 448276    0    0  1024     0 1233  251 25  0 75  0  0
 2  0  90112 2547264   1988 448276    0    0  1280     0 1448  491 25  1 74  0  0
 2  0  90112 2547264   1988 448276    0    0  1024    96 1447  386 25  0 74  0  0
 2  0  90112 2547264   1988 448276    0    0  1280     0 1414  510 26  0 74  0  0
 2  0  90112 2547264   1988 448276    0    0  1024    36 1236  271 25  0 75  0  0
procs -----------memory---------- ---swap-- -----io---- -system-- ------cpu-----
 r  b   swpd   free   buff  cache   si   so    bi    bo   in   cs us sy id wa st
 2  0  90112 2547264   1988 448276    0    0  1280     0 1386  435 25  1 74  0  0
 2  0  90112 2547264   1988 448276    0    0  1024     0 1268  261 25  0 75  0  0
 2  0  90112 2547264   1988 448276    0    0  1280     0 1458  482 25  1 74  0  0
 2  0  90112 2547264   1988 448276    0    0  1024     0 1408  362 25  0 75  0  0
 2  0  90112 2547264   1988 448276    0    0  1280    36 1407  511 25  1 74  0  0
 2  0  90112 2547264   1988 448276    0    0  1024     0 1242  270 25  0 75  0  0
 2  0  90112 2547264   1988 448276    0    0  1280     0 1391  416 25  1 75  0  0
 2  0  90112 2547264   1988 448276    0    0  1028     0 1234  280 25  0 75  0  0
 2  0  90112 2547264   1988 448276    0    0  1280     0 1430  491 25  1 74  0  0
 2  0  90112 2547264   1988 448276    0    0  1280    36 1233  273 25  0 75  0  0
 2  0  90112 2547264   1988 448276    0    0  1024  3664 1375  469 25  1 74  0  0
 2  0  90112 2547264   1988 448276    0    0  1280     0 1230  261 25  0 75  0  0
 2  0  90112 2547264   1988 448276    0    0  1024     0 1380  462 25  1 74  0  0
 2  0  90112 2547264   1988 448276    0    0  1280     0 1188  251 25  0 75  0  0
 2  0  90112 2547264   1988 448276    0    0  1024    96 1379  500 25  1 74  0  0
 2  0  90112 2547264   1988 448276    0    0  1280     0 1205  255 25  0 75  0  0
 2  0  90112 2547264   1988 448276    0    0  1024     0 1358  425 25  1 75  0  0
 2  0  90112 2547264   1988 448276    0    0  1280     0 1225  294 25  0 75  0  0
 2  0  90112 2547264   1988 448276    0    0  1024     0 1290  394 25  1 74  0  0
 2  0  90112 2547264   1988 448276    0    0  1280     0 1240  319 25  0 75  0  0
 2  0  90112 2547264   1988 448276    0    0  1024    36 1351  442 25  0 74  0  0
procs -----------memory---------- ---swap-- -----io---- -system-- ------cpu-----
 r  b   swpd   free   buff  cache   si   so    bi    bo   in   cs us sy id wa st
 2  0  90112 2547264   1988 448276    0    0  1280     0 1231  288 25  0 75  0  0
 2  0  90112 2547264   1988 448276    0    0  1024     0 1327  426 25  1 74  0  0
 2  0  90112 2547264   1988 448276    0    0  1280     0 1223  272 25  0 75  0  0
 2  0  90112 2547264   1988 448276    0    0  1024   476 1507  527 25  1 74  0  0
 2  0  90112 2547264   1988 448276    0    0  1280    44 1263  303 25  0 75  0  0
 2  0  90112 2547264   1988 448276    0    0  1024     0 1465  479 25  0 74  0  0
 2  0  90112 2547264   1988 448276    0    0  1280     0 1379  357 25  1 74  0  0
 2  0  90112 2547264   1988 448276    0    0  1280     4 1371  478 25  1 74  0  0
 2  0  90112 2547264   1988 448276    0    0  1024     0 1299  316 25  0 75  0  0
 2  0  90112 2547264   1988 448276    0    0  1280   112 1479  486 25  1 74  0  0
 2  0  90112 2547264   1988 448276    0    0  1024     0 1286  302 25  0 75  0  0
 2  0  90112 2547264   1988 448276    0    0  1280     0 1293  413 25  0 74  0  0
 2  0  90112 2547264   1988 448276    0    0  1581     0 1411  502 25  1 74  0  0
 2  0  90112 2547264   1988 448276    0    0  1280     0 1405  464 25  0 74  0  0
 2  0  90112 2547264   1988 448276    0    0  1024    36 1331  359 25  0 75  0  0
 2  0  90112 2547264   1988 448276    0    0  1280     0 1354  436 25  1 75  0  0
 2  0  90112 2547264   1988 448276    0    0  1024     0 1252  300 25  0 75  0  0
 2  0  90112 2547264   1988 448276    0    0  1280     0 1611  766 25  1 74  0  0
 2  0  90112 2547264   1988 448276    0    0  1024     0 1263  290 25  0 75  0  0
 2  0  90112 2547264   1988 448276    0    0  1280    56 1443  489 25  1 74  0  0
 2  0  90112 2547264   1988 448276    0    0  1024  3624 1325  322 25  0 75  0  0
procs -----------memory---------- ---swap-- -----io---- -system-- ------cpu-----
 r  b   swpd   free   buff  cache   si   so    bi    bo   in   cs us sy id wa st
 2  0  90112 2547264   1988 448276    0    0  1280     0 1320  403 25  1 75  0  0
