procs -----------memory---------- ---swap-- -----io---- -system-- ------cpu-----
 r  b   swpd   free   buff  cache   si   so    bi    bo   in   cs us sy id wa st
 2  1  90112 2538460   1852 449872    0    1   392   123  189  117  9  1 90  0  0
 2  0  90112 2538460   1852 449872    0    0 17496     0 1934  977 22  2 74  2  0
 2  0  90112 2538460   1852 449872    0    0  1592     0 1310  349 25  1 74  0  0
 2  0  90112 2538460   1852 449872    0    0  1280     0 1495  521 25  1 74  0  0
 2  0  90112 2538460   1852 449872    0    0  1024     0 1318  390 25  1 75  0  0
 2  0  90112 2538460   1852 449872    0    0  1280    76 1362  420 25  1 74  0  0
 2  0  90112 2538460   1852 449872    0    0  1284   892 1294  368 25  0 75  0  0
 2  0  90112 2538460   1852 449872    0    0  1032     0 1323  403 25  1 74  0  0
 2  0  90112 2538460   1852 449872    0    0  1280     0 1270  295 25  0 75  0  0
 2  0  90112 2538460   1852 449872    0    0  1024     0 1373  428 25  1 74  0  0
 2  0  90112 2538460   1852 449872    0    0  1280    48 1341  357 25  0 74  0  0
 2  0  90112 2538460   1852 449872    0    0  1024     0 1322  432 25  1 74  0  0
 2  0  90112 2538460   1852 449872    0    0  1280     0 1227  295 25  0 75  0  0
 2  0  90112 2538460   1852 449872    0    0  1024     0 1313  369 25  1 75  0  0
 2  0  90112 2538460   1852 449872    0    0  1280     0 1251  303 25  0 75  0  0
 2  0  90112 2538460   1852 449872    0    0  1024    32 1437  453 25  0 75  0  0
 2  0  90112 2538460   1852 449872    0    0  1280    32 1367  479 25  1 74  0  0
 2  0  90112 2538460   1852 449872    0    0  1024     0 1347  403 25  0 74  0  0
 2  0  90112 2538460   1852 449872    0    0  1280     0 1284  309 25  1 75  0  0
 2  0  90112 2538460   1852 449872    0    0  1024     0 1333  408 25  0 75  0  0
 2  0  90112 2538460   1852 449872    0    0  1280    32 1354  351 25  0 74  0  0
procs -----------memory---------- ---swap-- -----io---- -system-- ------cpu-----
 r  b   swpd   free   buff  cache   si   so    bi    bo   in   cs us sy id wa st
 2  0  90112 2538460   1852 449872    0    0  3740     0 1565  588 25  1 73  1  0
 2  0  90112 2538460   1852 449872    0    0  1280     0 1244  288 25  0 75  0  0
 2  0  90112 2538460   1852 449872    0    0  1024     0 1392  414 25  1 74  0  0
 2  0  90112 2538460   1852 449872    0    0  1280     0 1277  336 25  0 75  0  0
 2  0  90112 2538460   1852 449872    0    0  1024    32 1394  452 25  1 74  0  0
 2  0  90112 2538460   1852 449872    0    0  1280    20 1264  298 25  0 75  0  0
 2  0  90112 2538460   1852 449872    0    0  1024     0 1302  380 25  1 75  0  0
 2  0  90112 2538460   1852 449872    0    0  1280     0 1352  347 25  0 74  0  0
 2  0  90112 2538460   1852 449872    0    0  1024     0 1324  390 25  1 74  0  0
 2  0  90112 2538460   1852 449872    0    0  1280    32 1316  318 25  0 75  0  0
 2  0  90112 2538460   1852 449872    0    0  1024   804 1530  498 25  1 74  0  0
 2  0  90112 2538460   1852 449872    0    0  1280     0 1293  324 25  0 75  0  0
 2  0  90112 2538460   1852 449872    0    0  1024     0 1370  422 25  1 74  0  0
 2  0  90112 2538460   1852 449872    0    0  1280     0 1284  311 25  1 75  0  0
 2  0  90112 2538460   1852 449872    0    0  1024     0 1308  375 25  1 74  0  0
 2  0  90112 2538460   1852 449872    0    0  1280    60 1272  315 25  0 75  0  0
 2  0  90112 2538460   1852 449872    0    0  1032  3620 1463  658 25  1 74  0  0
 2  0  90112 2538460   1852 449872    0    0  1280     0 1295  316 25  0 75  0  0
 2  0  90112 2538460   1852 449872    0    0  1280     0 1451  468 25  1 74  0  0
 2  0  90112 2538460   1852 449872    0    0  1024     0 1259  281 25  0 75  0  0
 2  0  90112 2538460   1852 449872    0    0  1280    92 1393  440 25  1 74  0  0
procs -----------memory---------- ---swap-- -----io---- -system-- ------cpu-----
 r  b   swpd   free   buff  cache   si   so    bi    bo   in   cs us sy id wa st
 2  0  90112 2538460   1852 449872    0    0  1024     0 1281  303 25  0 75  0  0
 2  0  90112 2538460   1852 449872    0    0  1280     0 1308  360 25  0 74  0  0
 2  0  90112 2538460   1852 449872    0    0  1024     0 1279  311 25  0 75  0  0
 2  0  90112 2538460   1852 449872    0    0  1280     0 1377  431 25  1 74  0  0
 2  0  90112 2538460   1852 449872    0    0  1024    32 1308  373 25  0 75  0  0
 2  0  90112 2538460   1852 449872    0    0  1280     0 1376  421 25  1 74  0  0
 2  0  90112 2538460   1852 449872    0    0  1024     0 1257  274 25  0 75  0  0
 2  0  90112 2538460   1852 449872    0    0  1280     0 1317  399 25  1 75  0  0
 2  0  90112 2538460   1852 449872    0    0  1024     0 1361  339 25  0 74  0  0
 2  0  90112 2538460   1852 449872    0    0  1280    64 1535  521 25  1 74  0  0
 2  0  90112 2538460   1852 449872    0    0  1024     0 1253  289 25  0 75  0  0
 2  0  90112 2538460   1852 449872    0    0  1280     0 1313  382 25  1 74  0  0
 2  0  90112 2538460   1852 449872    0    0  1024     0 1276  326 25  0 75  0  0
 2  0  90112 2538460   1852 449872    0    0  1280     0 1315  373 25  1 74  0  0
 2  0  90112 2538460   1852 449872    0    0  1024    40 1349  343 25  0 75  0  0
 2  0  90112 2538460   1852 449872    0    0  1280     0 1363  410 25  1 74  0  0
 2  0  90112 2538460   1852 449872    0    0  1024  2404 1262  307 25  0 74  0  0
 2  0  90112 2538460   1852 449872    0    0  1280     0 1374  436 25  1 74  0  0
 2  0  90112 2538460   1852 449872    0    0  1560     0 1397  436 25  0 74  0  0
 2  0  90112 2538460   1852 449872    0    0  1280    68 1358  481 25  1 74  0  0
 2  0  90112 2538460   1852 449872    0    0  1024   508 1384  410 25  0 75  0  0
procs -----------memory---------- ---swap-- -----io---- -system-- ------cpu-----
 r  b   swpd   free   buff  cache   si   so    bi    bo   in   cs us sy id wa st
 2  0  90112 2538460   1852 449872    0    0  1280    32 1301  398 25  1 74  0  0
 2  0  90112 2538460   1852 449872    0    0  1024     0 1299  313 25  0 75  0  0
 2  0  90112 2538460   1852 449872    0    0  1280     0 1441  448 25  1 74  0  0
 2  0  90112 2538460   1852 449872    0    0  1024    60 1413  389 25  1 74  0  0
 2  0  90112 2538460   1852 449872    0    0  1280    56 1524  520 26  1 74  0  0
 2  0  90112 2538460   1852 449872    0    0  1024     0 1256  283 25  0 75  0  0
 2  0  90112 2538460   1852 449872    0    0  1280     0 1432  448 25  0 74  0  0
 2  0  90112 2538460   1852 449872    0    0  1280     0 1311  327 25  0 75  0  0
 2  0  90112 2538460   1852 449872    0    0  1024    32 1418  479 25  1 74  0  0
 2  0  90112 2538460   1852 449872    0    0  1280     0 1295  283 25  0 75  0  0
 2  0  90112 2538460   1852 449872    0    0  1028  1812 1325  394 25  1 74  0  0
 2  0  90112 2538460   1852 449872    0    0  1280     0 1294  319 25  0 75  0  0
 2  0  90112 2538460   1852 449872    0    0  1024     0 1355  386 25  1 74  0  0
 2  0  90112 2538460   1852 449872    0    0  1280     0 1321  357 25  0 75  0  0
 2  0  90112 2538460   1852 449872    0    0  1024   124 1433  452 25  1 74  0  0
 2  0  90112 2538460   1852 449872    0    0  1280     0 1350  333 25  0 75  0  0
 2  0  90112 2538460   1852 449872    0    0  1024     0 1343  420 25  1 74  0  0
 2  0  90112 2538460   1852 449872    0    0  1280     0 1201  277 25  0 75  0  0
 2  0  90112 2538460   1852 449872    0    0  1024     0 1471  516 25  1 74  0  0
 2  0  90112 2538460   1852 449872    0    0  1280    32 1421  413 25  0 75  0  0
 2  0  90112 2538460   1852 449872    0    0  1024     0 1329  405 25  1 75  0  0
procs -----------memory---------- ---swap-- -----io---- -system-- ------cpu-----
 r  b   swpd   free   buff  cache   si   so    bi    bo   in   cs us sy id wa st
 2  0  90112 2538460   1852 449872    0    0  1280     0 1244  294 25  0 75  0  0
 2  0  90112 2538460   1852 449872    0    0  1024     0 1356  422 25  1 74  0  0
 2  0  90112 2538460   1852 449872    0    0  1280     0 1279  311 25  0 75  0  0
 2  0  90112 2538460   1852 449872    0    0  1024    48 1398  447 25  1 74  0  0
 2  0  90112 2538460   1852 449872    0    0  1284  1808 1270  303 25  0 74  0  0
 2  0  90112 2538460   1852 449872    0    0  1024     0 1331  387 25  1 74  0  0
 2  0  90112 2538460   1852 449872    0    0  1280     0 1333  329 25  0 75  0  0
 2  0  90112 2538460   1852 449872    0    0  1024     0 1403  438 25  1 74  0  0
 2  0  90112 2538460   1852 449872    0    0  1280    72 1316  327 25  0 75  0  0
 2  0  90112 2538460   1852 449872    0    0  1024   840 1552  513 25  1 74  0  0
 2  0  90112 2538460   1852 449872    0    0  1280     0 1273  331 25  0 75  0  0
 2  0  90112 2538460   1852 449872    0    0  1024     0 1378  432 25  1 74  0  0
 2  0  90112 2538460   1852 449872    0    0  1280    52 1296  338 25  1 75  0  0
 2  0  90112 2538460   1852 449872    0    0  1024    60 1314  402 25  1 74  0  0
 2  0  90112 2538460   1852 449872    0    0  1280    64 1508  621 25  0 75  0  0
 2  0  90112 2538460   1852 449872    0    0  1024     0 1323  404 25  1 74  0  0
 2  0  90112 2538460   1852 449872    0    0  1280     0 1274  302 25  0 75  0  0
 2  0  90112 2538460   1852 449872    0    0  1280     0 1416  439 25  1 74  0  0
 2  0  90112 2538460   1852 449872    0    0  1024    72 1289  308 25  1 74  0  0
 2  0  90112 2538460   1852 449872    0    0  1280     0 1322  371 25  0 75  0  0
 2  0  90112 2538460   1852 449872    0    0  1024     0 1255  289 25  0 75  0  0
procs -----------memory---------- ---swap-- -----io---- -system-- ------cpu-----
 r  b   swpd   free   buff  cache   si   so    bi    bo   in   cs us sy id wa st
 2  0  90112 2538460   1852 449872    0    0  1280     0 1332  418 25  1 74  0  0
 2  0  90112 2538460   1852 449872    0    0  1024     0 1372  406 25  0 75  0  0
 2  0  90112 2538460   1852 449872    0    0  1280    32 1400  465 25  1 74  0  0
 2  0  90112 2538460   1852 449872    0    0  1024     0 1266  314 25  0 75  0  0
 2  0  90112 2538460   1852 449872    0    0  1280   468 1406  452 25  1 74  0  0
 2  0  90112 2538460   1852 449872    0    0  1024    16 1251  291 25  0 75  0  0
 2  0  90112 2538460   1852 449872    0    0  1280     0 1356  431 25  1 74  0  0
 2  0  90112 2538460   1852 449872    0    0  1024   216 1421  395 25  0 74  0  0
 2  0  90112 2538460   1852 449872    0    0  1280     0 1292  371 25  1 74  0  0
 2  0  90112 2538460   1852 449872    0    0  1024     0 1267  333 25  0 75  0  0
 2  0  90112 2538460   1852 449872    0    0  1280    36 1382  461 25  1 74  0  0
 2  0  90112 2538460   1852 449872    0    0  1024    20 1353  365 25  0 75  0  0
 2  0  90112 2538460   1852 449872    0    0  1280     0 1324  406 25  1 74  0  0
 2  0  90112 2538460   1852 449872    0    0  1024     0 1299  330 26  0 74  0  0
 2  0  90112 2538460   1852 449872    0    0  1280  3560 1397  457 25  1 74  0  0
 2  0  90112 2538460   1852 449872    0    0  6696    80 1675  679 26  1 72  2  0
 2  0  90112 2538460   1852 449872    0    0  1280     0 1415  496 25  1 74  0  0
 2  0  90112 2538460   1852 449872    0    0  1024    20 1405  348 25  0 75  0  0
 2  0  90112 2538460   1852 449872    0    0  1280     0 1318  384 25  1 74  0  0
 2  0  90112 2538460   1852 449872    0    0  1024     0 1259  309 25  0 75  0  0
 2  0  90112 2538460   1852 449872    0    0  1280    76 1342  381 25  0 74  0  0
procs -----------memory---------- ---swap-- -----io---- -system-- ------cpu-----
 r  b   swpd   free   buff  cache   si   so    bi    bo   in   cs us sy id wa st
 2  0  90112 2538460   1852 449872    0    0  1280     8 1269  289 25  0 75  0  0
 2  0  90112 2538460   1852 449872    0    0  1024     0 1382  413 25  1 74  0  0
 2  0  90112 2538460   1852 449872    0    0  1280    12 1273  299 25  0 75  0  0
 2  0  90112 2538460   1852 449872    0    0  1024     0 1346  399 25  1 74  0  0
 2  0  90112 2538460   1852 449872    0    0  1280    44 1320  325 25  0 74  0  0
 2  0  90112 2538460   1852 449872    0    0  1024     0 1403  458 25  1 74  0  0
 2  0  90112 2538460   1852 449872    0    0  1280     0 1289  295 25  0 75  0  0
 2  0  90112 2538460   1852 449872    0    0  1024    68 1413  435 25  1 74  0  0
 2  0  90112 2538460   1852 449872    0    0  1280     0 1372  369 25  0 74  0  0
 2  0  90112 2538460   1852 449872    0    0  1024    72 1340  406 25  1 74  0  0
 2  0  90112 2538460   1852 449872    0    0  1280     0 1290  346 25  0 75  0  0
 2  0  90112 2538460   1852 449872    0    0  1024     0 1344  410 25  1 74  0  0
 2  0  90112 2538460   1852 449872    0    0  1280     0 1254  287 25  0 75  0  0
 2  0  90112 2538460   1852 449872    0    0  1024     0 1324  402 25  1 74  0  0
 2  0  90112 2538460   1852 449872    0    0  1280    32 1324  343 25  0 75  0  0
 2  0  90112 2538460   1852 449872    0    0  1024    16 1454  452 25  1 74  0  0
 2  0  90112 2538460   1852 449872    0    0  1280   884 1461  451 25  0 75  0  0
 2  0  90112 2538460   1852 449872    0    0  1280     0 1317  381 25  1 74  0  0
 2  0  90112 2538460   1852 449872    0    0  1024     0 1260  298 25  0 75  0  0
 2  0  90112 2538460   1852 449872    0    0  1284    64 1380  461 25  1 74  0  0
 2  0  90112 2538460   1852 449872    0    0  1024     0 1297  323 25  0 75  0  0
procs -----------memory---------- ---swap-- -----io---- -system-- ------cpu-----
 r  b   swpd   free   buff  cache   si   so    bi    bo   in   cs us sy id wa st
 2  0  90112 2538460   1852 449872    0    0  1280     0 1331  375 25  1 74  0  0
 2  0  90112 2538460   1852 449872    0    0  1024    16 1387  368 25  0 75  0  0
 2  0  90112 2538460   1852 449872    0    0  1280     0 1446  483 25  1 74  0  0
 2  0  90112 2538460   1852 449872    0    0  1024  3624 1295  329 25  0 75  0  0
 2  0  90112 2538460   1852 449872    0    0  1280    84 1336  411 25  0 74  0  0
 2  0  90112 2538460   1852 449872    0    0  1024     0 1357  378 25  0 75  0  0
 2  0  90112 2538460   1852 449872    0    0  1280    20 1348  406 25  1 74  0  0
 2  0  90112 2538460   1852 449872    0    0  1024     0 1437  427 25  0 75  0  0
 2  0  90112 2538460   1852 449872    0    0  1280     0 1286  375 25  1 74  0  0
 2  0  90112 2538460   1852 449872    0    0  1024    56 1306  335 25  0 75  0  0
 2  0  90112 2538460   1852 449872    0    0  1280     0 1295  362 25  0 75  0  0
 2  0  90112 2538460   1852 449872    0    0  1024     0 1412  381 25  0 74  0  0
 2  0  90112 2538460   1852 449872    0    0  1280    20 1321  384 25  0 75  0  0
 2  0  90112 2538460   1852 449872    0    0  1280     0 1393  552 25  0 75  0  0
 2  0  90112 2538460   1852 449872    0    0  1024    60 1298  404 25  1 74  0  0
 2  0  90112 2538460   1852 449872    0    0  1280     0 1257  292 25  0 75  0  0
 2  0  90112 2538460   1852 449872    0    0  1024     4 1411  420 25  1 74  0  0
 2  0  90112 2538460   1852 449872    0    0  1280     0 1248  304 25  0 75  0  0
 2  0  90112 2538460   1852 449872    0    0  1024     0 1404  433 25  1 74  0  0
 2  0  90112 2538460   1852 449872    0    0  1280    32 1336  383 25  1 74  0  0
 2  0  90112 2538460   1852 449872    0    0  1024    76 1373  426 25  0 74  0  0
procs -----------memory---------- ---swap-- -----io---- -system-- ------cpu-----
 r  b   swpd   free   buff  cache   si   so    bi    bo   in   cs us sy id wa st
 2  0  90112 2538460   1852 449872    0    0  1280    16 1337  344 25  0 75  0  0
 2  0  90112 2538460   1852 449872    0    0  1024     0 1301  378 25  1 74  0  0
 2  0  90112 2538460   1852 449872    0    0  1280     0 1340  369 25  0 74  0  0
 2  0  90112 2538460   1852 449872    0    0  1024    56 1326  412 25  1 74  0  0
 2  0  90112 2538460   1852 449872    0    0  1280     0 1239  283 25  0 75  0  0
 2  0  90112 2538460   1852 449872    0    0  1024    16 1346  391 25  0 74  0  0
 2  0  90112 2538460   1852 449872    0    0  1280   968 1530  407 25  0 75  0  0
 2  0  90112 2538460   1852 449872    0    0  1024     0 1307  373 25  1 74  0  0
 2  0  90112 2538460   1852 449872    0    0  1280    60 1240  296 25  0 75  0  0
 2  0  90112 2538460   1852 449872    0    0  1280     0 1285  379 25  1 74  0  0
 2  0  90112 2538460   1852 449872    0    0  1024     0 1262  317 25  0 75  0  0
 2  0  90112 2538460   1852 449872    0    0  1280     0 1332  396 25  1 74  0  0
 2  0  90112 2538460   1852 449872    0    0  1024     0 1332  414 26  0 74  0  0
 2  0  90112 2538460   1852 449872    0    0  1280  3668 1448  505 25  1 74  0  0
 2  0  90112 2538460   1852 449872    0    0  1024     0 1281  296 25  0 75  0  0
 2  0  90112 2538460   1852 449872    0    0  1280     0 1339  373 25  1 74  0  0
 2  0  90112 2538460   1852 449872    0    0  1024     0 1287  302 25  0 75  0  0
 2  0  90112 2538460   1852 449872    0    0  1280     0 1288  356 25  0 75  0  0
 2  0  90112 2538460   1852 449872    0    0  1024    32 1371  382 25  0 75  0  0
 2  0  90112 2538460   1852 449872    0    0  1280     0 1373  430 25  1 74  0  0
 2  0  90112 2538460   1852 449872    0    0  1024     0 1280  324 25  0 75  0  0
procs -----------memory---------- ---swap-- -----io---- -system-- ------cpu-----
 r  b   swpd   free   buff  cache   si   so    bi    bo   in   cs us sy id wa st
 2  0  90112 2538460   1852 449872    0    0  1280     0 1401  446 26  1 74  0  0
 2  0  90112 2538460   1852 449872    0    0  1024     0 1277  304 25  0 75  0  0
 2  0  90112 2538460   1852 449872    0    0  1280    32 1439  474 25  1 74  0  0
 2  0  90112 2538460   1852 449872    0    0  1024     0 1234  284 25  0 75  0  0
 2  0  90112 2538460   1852 449872    0    0  1280     0 1283  361 25  1 74  0  0
 2  0  90112 2538460   1852 449872    0    0  1024     0 1260  315 25  0 75  0  0
 2  0  90112 2538460   1852 449872    0    0  1280     0 1345  408 25  1 74  0  0
 2  0  90112 2538460   1852 449872    0    0  1280    36 1340  365 25  0 74  0  0
 2  0  90112 2538460   1852 449872    0    0  1024     0 1290  379 25  0 75  0  0
 2  0  90112 2538460   1852 449872    0    0  1280     0 1199  287 25  0 75  0  0
 2  0  90112 2538460   1852 449872    0    0  1024     0 1301  367 25  0 74  0  0
 2  0  90112 2538460   1852 449872    0    0  1280     8 1289  323 25  0 75  0  0
 2  0  90112 2538460   1852 449872    0    0  1024    32 1557  553 25  1 74  0  0
 2  0  90112 2538460   1852 449872    0    0  1280    48 1353  377 25  0 74  0  0
 2  0  90112 2538460   1852 449872    0    0  1024     0 1333  408 25  1 74  0  0
 2  0  90112 2538460   1852 449872    0    0  1280     0 1283  322 25  0 75  0  0
 2  0  90112 2538460   1852 449872    0    0  1024   712 1464  521 25  1 74  0  0
 2  0  90112 2538460   1852 449872    0    0  1280     0 1284  316 25  0 75  0  0
 2  0  90112 2538460   1852 449872    0    0  1024    60 1270  380 25  1 74  0  0
 2  0  90112 2538460   1852 449872    0    0  1280     0 1274  301 25  0 75  0  0
 2  0  90112 2538460   1852 449872    0    0  1024     0 1270  375 25  0 74  0  0
procs -----------memory---------- ---swap-- -----io---- -system-- ------cpu-----
 r  b   swpd   free   buff  cache   si   so    bi    bo   in   cs us sy id wa st
 2  0  90112 2538460   1852 449872    0    0  1280     0 1302  308 25  0 75  0  0
 2  0  90112 2538460   1852 449872    0    0  1024     0 1325  409 25  1 74  0  0
 2  0  90112 2538460   1852 449872    0    0  1280  3688 1287  321 25  0 74  0  0
 2  0  90112 2538460   1852 449872    0    0  1280     0 1290  380 25  1 75  0  0
 2  0  90112 2538460   1852 449872    0    0  1024     0 1318  328 25  0 75  0  0
 2  0  90112 2538460   1852 449872    0    0  1280     0 1392  419 25  1 74  0  0
 2  0  90112 2538460   1852 449872    0    0  1024   208 1326  319 25  0 75  0  0
 2  0  90112 2538460   1852 449872    0    0  1280    36 1429  472 25  1 74  0  0
 2  0  90112 2538460   1852 449872    0    0  1024     0 1346  364 25  0 75  0  0
 2  0  90112 2538460   1852 449872    0    0  1280     0 1291  378 25  0 74  0  0
 2  0  90112 2538460   1852 449872    0    0  1024     0 1397  360 25  0 75  0  0
 2  0  90112 2538460   1852 449872    0    0  1280     0 1515  696 25  1 74  0  0
 2  0  90112 2538460   1852 449872    0    0  1024    36 1271  308 25  0 75  0  0
 2  0  90112 2538460   1852 449872    0    0  1280     0 1309  363 25  0 75  0  0
 2  0  90112 2538460   1852 449872    0    0  1024     0 1253  315 25  0 75  0  0
 2  0  90112 2538460   1852 449872    0    0  1280     4 1360  387 25  1 74  0  0
 2  0  90112 2538460   1852 449872    0    0  1164   508 1400  407 25  0 75  0  0
 2  0  90112 2538460   1852 449872    0    0  1280     0 1394  402 27  1 73  0  0
 2  0  90112 2538460   1852 449872    0    0  1024     0 1224  291 25  0 75  0  0
 2  0  90112 2538460   1852 449872    0    0  1280     0 1337  418 25  1 75  0  0
 2  0  90112 2538460   1852 449872    0    0  1024     0 1403  382 25  0 75  0  0
procs -----------memory---------- ---swap-- -----io---- -system-- ------cpu-----
 r  b   swpd   free   buff  cache   si   so    bi    bo   in   cs us sy id wa st
 2  0  90112 2538460   1852 449872    0    0  1464    36 1430  512 25  1 74  0  0
 2  0  90112 2538460   1852 449872    0    0  1024     0 1324  339 25  0 74  0  0
 2  0  90112 2538460   1852 449872    0    0  1280     0 1343  408 25  1 74  0  0
 2  0  90112 2538460   1852 449872    0    0  1280     0 1455  445 25  0 75  0  0
 2  0  90112 2538460   1852 449872    0    0  1024     0 1416  420 25  1 74  0  0
 2  0  90112 2538460   1852 449872    0    0  1280    32 1379  473 26  0 74  0  0
 2  0  90112 2538460   1852 449872    0    0  1024    92 1385  439 25  1 74  0  0
 2  0  90112 2538460   1852 449872    0    0  1280     0 1265  307 25  0 75  0  0
 2  0  90112 2538460   1852 449872    0    0  1024    48 1304  411 25  1 75  0  0
 2  0  90112 2538460   1852 449872    0    0  1280     0 1371  394 25  1 74  0  0
 2  0  90112 2538460   1852 449872    0    0  1024    56 1407  505 25  1 74  0  0
 2  0  90112 2538460   1852 449872    0    0  1280     0 1270  326 25  0 75  0  0
 2  0  90112 2538460   1852 449872    0    0  1024  3624 1340  420 25  1 75  0  0
 2  0  90112 2538460   1852 449872    0    0  1280     0 1295  315 25  0 75  0  0
 2  0  90112 2538460   1852 449872    0    0  1024     0 1372  434 25  1 74  0  0
 2  0  90112 2538460   1852 449872    0    0  1280    56 1364  411 25  1 74  0  0
 2  0  90112 2538460   1852 449872    0    0  1024     0 1306  398 25  0 74  0  0
 2  0  90112 2538460   1852 449872    0    0  1280     0 1227  285 25  0 75  0  0
 2  0  90112 2538460   1852 449872    0    0  1024     0 1296  387 25  1 75  0  0
 2  0  90112 2538460   1852 449872    0    0  1280     0 1253  308 25  0 75  0  0
 2  0  90112 2538460   1852 449872    0    0  1024    32 1347  422 25  0 74  0  0
procs -----------memory---------- ---swap-- -----io---- -system-- ------cpu-----
 r  b   swpd   free   buff  cache   si   so    bi    bo   in   cs us sy id wa st
 2  0  90112 2538460   1852 449872    0    0  1280     0 1292  310 25  1 75  0  0
 2  0  90112 2538460   1852 449872    0    0  1024     0 1339  395 25  1 74  0  0
 2  0  90112 2538460   1852 449872    0    0  1280     0 1271  326 25  0 75  0  0
 2  0  90112 2538460   1852 449872    0    0  1024     0 1399  418 25  1 74  0  0
 2  0  90112 2538460   1852 449872    0    0  1280     0 1308  347 25  0 75  0  0
 2  0  90112 2538460   1852 449872    0    0  1280    32 1316  405 25  1 74  0  0
 2  0  90112 2538460   1852 449872    0    0  1024     0 1248  295 25  0 75  0  0
 2  0  90112 2538460   1852 449872    0    0  1280     0 1331  405 25  1 74  0  0
 2  0  90112 2538460   1852 449872    0    0  1024     0 1312  327 25  0 75  0  0
 2  0  90112 2538460   1852 449872    0    0  1280   784 1560  536 25  1 74  0  0
 2  0  90112 2538460   1852 449872    0    0  1024    36 1258  307 25  0 74  0  0
 2  0  90112 2538460   1852 449872    0    0  1280     0 1410  458 25  1 74  0  0
 2  0  90112 2538460   1852 449872    0    0  1024     0 1281  325 25  0 75  0  0
 2  0  90112 2538460   1852 449872    0    0  1280     0 1317  383 25  0 75  0  0
 2  0  90112 2538460   1852 449872    0    0  1024     0 1301  318 25  0 75  0  0
 2  0  90112 2538460   1852 449872    0    0  1280    32 1381  433 25  1 74  0  0
 2  0  90112 2538460   1852 449872    0    0  1024     0 1257  293 25  0 75  0  0
 2  0  90112 2538460   1852 449872    0    0  1280     0 1368  471 25  1 74  0  0
 2  0  90112 2538460   1852 449872    0    0  1024     0 1237  284 25  0 75  0  0
 2  0  90112 2538460   1852 449872    0    0  1280    40 1375  440 25  1 74  0  0
 2  0  90112 2538460   1852 449872    0    0  1024   128 1355  389 25  0 75  0  0
procs -----------memory---------- ---swap-- -----io---- -system-- ------cpu-----
 r  b   swpd   free   buff  cache   si   so    bi    bo   in   cs us sy id wa st
 2  0  90112 2538460   1852 449872    0    0  1280     0 1333  394 25  1 74  0  0
 2  0  90112 2538460   1852 449872    0    0  1032  3624 1302  356 25  0 74  0  0
 2  0  90112 2538460   1852 449872    0    0  1280     0 1329  427 25  0 74  0  0
 2  0  90112 2538460   1852 449872    0    0  1024     0 1241  280 25  0 75  0  0
 2  0  90112 2538460   1852 449872    0    0  1280    76 1344  427 25  1 74  0  0
 2  0  90112 2538460   1852 449872    0    0  1280     0 1255  281 25  0 75  0  0
 2  0  90112 2538460   1852 449872    0    0  1024     0 1314  399 25  1 75  0  0
 2  0  90112 2538460   1852 449872    0    0  1280     0 1255  281 25  0 75  0  0
 2  0  90112 2538460   1852 449872    0    0  1024     0 1300  398 25  0 75  0  0
 2  0  90112 2538460   1852 449872    0    0  1280    32 1421  441 25  0 74  0  0
 2  0  90112 2538460   1852 449872    0    0  1024     0 1501  641 25  1 74  0  0
 2  0  90112 2538460   1852 449872    0    0  1280     0 1374  374 25  0 75  0  0
 2  0  90112 2538460   1852 449872    0    0  1024     0 1332  414 25  1 74  0  0
 2  0  90112 2538460   1852 449872    0    0  1280     0 1300  358 25  0 75  0  0
 2  0  90112 2538460   1852 449872    0    0  1024    32 1392  455 25  1 74  0  0
 2  0  90112 2538460   1852 449872    0    0  1280     0 1279  316 25  0 75  0  0
 2  0  90112 2538460   1852 449872    0    0  1024     0 1352  436 25  1 75  0  0
 2  0  90112 2538460   1852 449872    0    0  1280     0 1294  318 25  0 75  0  0
 2  0  90112 2538460   1852 449872    0    0  1024     0 1384  431 25  1 74  0  0
 2  0  90112 2538460   1852 449872    0    0  1280    36 1250  290 25  0 75  0  0
 2  0  90112 2538460   1852 449872    0    0  1024   768 1490  460 25  1 74  0  0
procs -----------memory---------- ---swap-- -----io---- -system-- ------cpu-----
 r  b   swpd   free   buff  cache   si   so    bi    bo   in   cs us sy id wa st
 2  0  90112 2538460   1852 449872    0    0  1280  2460 1424  379 25  0 74  0  0
 2  0  90112 2538460   1852 449872    0    0  1024     0 1318  372 25  1 74  0  0
 2  0  90112 2538460   1852 449872    0    0  1280     0 1290  309 25  0 75  0  0
 2  0  90112 2538460   1852 449872    0    0  1280    60 1378  440 25  1 74  0  0
 2  0  90112 2538460   1852 449872    0    0  1024     0 1361  362 25  0 75  0  0
 2  0  90112 2538460   1852 449872    0    0  1280     0 1420  478 25  1 74  0  0
 2  0  90112 2538460   1852 449872    0    0  1024     0 1357  371 25  0 74  0  0
 2  0  90112 2538460   1852 449872    0    0  1280     0 1417  506 25  1 74  0  0
 2  0  90112 2538460   1852 449872    0    0  1024    48 1316  336 25  0 75  0  0
 2  0  90112 2538460   1852 449872    0    0  1280    56 1366  424 25  1 74  0  0
 2  0  90112 2538460   1852 449872    0    0  1024     4 1401  367 25  0 75  0  0
 2  0  90112 2538460   1852 449872    0    0  1280     0 1328  401 25  1 74  0  0
 2  0  90112 2538460   1852 449872    0    0  1024     0 1278  319 25  0 75  0  0
 2  0  90112 2538460   1852 449872    0    0  1280     0 1325  418 26  0 74  0  0
 2  0  90112 2538460   1852 449872    0    0  1024   120 1257  299 25  0 75  0  0
 2  0  90112 2538460   1852 449872    0    0  1280     0 1376  433 25  1 74  0  0
 2  0  90112 2538460   1852 449872    0    0  1024     0 1266  305 25  0 75  0  0
 2  0  90112 2538460   1852 449872    0    0  1280     0 1421  455 25  0 74  0  0
 2  0  90112 2538460   1852 449872    0    0  1024     0 1266  306 25  0 75  0  0
 2  0  90112 2538460   1852 449872    0    0  1280    32 1306  379 25  1 74  0  0
 2  0  90112 2538460   1852 449872    0    0  1024     0 1288  324 25  0 75  0  0
procs -----------memory---------- ---swap-- -----io---- -system-- ------cpu-----
 r  b   swpd   free   buff  cache   si   so    bi    bo   in   cs us sy id wa st
 2  0  90112 2538460   1852 449872    0    0  1280     0 1319  380 25  0 75  0  0
 2  0  90112 2538460   1852 449872    0    0  1024     0 1237  306 25  0 75  0  0
 2  0  90112 2538460   1852 449872    0    0  1280     0 1317  379 25  1 74  0  0
 2  0  90112 2538460   1852 449872    0    0  1024    16 1360  355 25  0 75  0  0
 2  0  90112 2538460   1852 449872    0    0  1280     0 1305  384 25  0 75  0  0
 2  0  90112 2538460   1852 449872    0    0  1280     0 1261  290 25  0 75  0  0
 2  0  90112 2538460   1852 449872    0    0  1024     0 1462  484 25  1 74  0  0
 2  0  90112 2538460   1852 449872    0    0  1280     0 1550  479 26  0 74  0  0
 2  0  90112 2538460   1852 449872    0    0  1024    32 1419  481 25  1 74  0  0
 2  0  90112 2538460   1852 449872    0    0  1280     0 1397  408 25  0 75  0  0
 2  0  90112 2538460   1852 449872    0    0  1036  3316 1295  410 24  1 74  1  0
 2  0  90112 2538460   1852 449872    0    0  1280     0 1292  309 25  0 75  0  0
 2  0  90112 2538460   1852 449872    0    0  1024     0 1291  376 25  0 74  0  0
 2  0  90112 2538460   1852 449872    0    0  1280  1060 1426  388 25  0 74  0  0
 2  0  90112 2538460   1852 449872    0    0  1024     0 1428  501 25  1 74  0  0
 2  0  90112 2538460   1852 449872    0    0  1280   288 1259  313 25  0 75  0  0
 2  0  90112 2538460   1852 449872    0    0  1024     0 1345  394 25  0 74  0  0
 2  0  90112 2538460   1852 449872    0    0  1280     0 1286  311 25  0 75  0  0
 2  0  90112 2538460   1852 449872    0    0  1024    44 1310  388 25  0 75  0  0
 2  0  90112 2538460   1852 449872    0    0  1280    48 1293  341 25  1 75  0  0
 2  0  90112 2538460   1852 449872    0    0  1024     0 1323  388 25  0 75  0  0
procs -----------memory---------- ---swap-- -----io---- -system-- ------cpu-----
 r  b   swpd   free   buff  cache   si   so    bi    bo   in   cs us sy id wa st
 2  0  90112 2538460   1852 449872    0    0  1280     0 1241  285 25  0 75  0  0
 2  0  90112 2538460   1852 449872    0    0  1024     0 1425  442 25  1 74  0  0
 2  0  90112 2538460   1852 449872    0    0  1280     0 1263  291 25  0 75  0  0
 2  0  90112 2538460   1852 449872    0    0  1024    48 1346  422 25  1 74  0  0
 2  0  90112 2538460   1852 449872    0    0  1280     0 1347  343 25  0 75  0  0
 2  0  90112 2538460   1852 449872    0    0  1024     0 1381  471 25  1 74  0  0
 2  0  90112 2538460   1852 449872    0    0  1280     0 1284  306 25  0 75  0  0
 2  0  90112 2538460   1852 449872    0    0  1024     0 1335  384 25  0 75  0  0
 2  0  90112 2538460   1852 449872    0    0  1280   100 1524  624 25  0 74  0  0
 2  0  90112 2538460   1852 449872    0    0  1280     0 1376  395 25  0 75  0  0
 2  0  90112 2538460   1852 449872    0    0  1024     0 1299  328 25  0 75  0  0
 2  0  90112 2538460   1852 449872    0    0  1280     0 1338  390 25  1 74  0  0
 2  0  90112 2538460   1852 449872    0    0  1024     0 1234  273 25  0 75  0  0
 2  0  90112 2538460   1852 449872    0    0  1280    32 1393  404 25  1 74  0  0
 2  0  90112 2538460   1852 449872    0    0  1024     0 1344  335 25  0 75  0  0
 2  0  90112 2538460   1852 449872    0    0  1280     0 1377  441 25  1 74  0  0
 2  0  90112 2538460   1852 449872    0    0  1024     0 1328  346 25  0 75  0  0
 2  0  90112 2538460   1852 449872    0    0  1280     0 1345  418 25  1 74  0  0
 2  0  90112 2538460   1852 449872    0    0  1024    32 1322  345 25  0 75  0  0
 2  0  90112 2538460   1852 449872    0    0  1280     0 1319  386 25  0 75  0  0
 2  0  90112 2538460   1852 449872    0    0  1028  3364 1398  414 25  0 75  0  0
procs -----------memory---------- ---swap-- -----io---- -system-- ------cpu-----
 r  b   swpd   free   buff  cache   si   so    bi    bo   in   cs us sy id wa st
 2  0  90112 2538460   1852 449872    0    0  1280     0 1353  399 25  1 74  0  0
 2  0  90112 2538460   1852 449872    0    0  1024     0 1275  311 26  0 74  0  0
 2  0  90112 2538460   1852 449872    0    0  1280   672 1485  535 25  1 74  0  0
 2  0  90112 2538460   1852 449872    0    0  1156     0 1372  365 25  0 74  0  0
 2  0  90112 2538460   1852 449872    0    0  1280   256 1395  499 25  1 74  0  0
 2  0  90112 2538460   1852 449872    0    0  1024     0 1257  310 25  0 75  0  0
 2  0  90112 2538460   1852 449872    0    0  1280     0 1346  411 25  1 75  0  0
 2  0  90112 2538460   1852 449872    0    0  1280    68 1280  323 25  0 75  0  0
 2  0  90112 2538460   1852 449872    0    0  1024     0 1304  399 25  1 74  0  0
 2  0  90112 2538460   1852 449872    0    0  1280     0 1301  318 25  0 75  0  0
 2  0  90112 2538460   1852 449872    0    0  1024     0 1309  400 25  1 74  0  0
 2  0  90112 2538460   1852 449872    0    0  1280     0 1269  294 25  0 75  0  0
 2  0  90112 2538460   1852 449872    0    0  1024    36 1308  404 25  0 74  0  0
 2  0  90112 2538460   1852 449872    0    0  1280    32 1319  337 25  0 75  0  0
 2  0  90112 2538460   1852 449872    0    0  1024     0 1384  425 25  0 74  0  0
 2  0  90112 2538460   1852 449872    0    0  1280     0 1261  287 25  0 75  0  0
 2  0  90112 2538460   1852 449872    0    0  1024     0 1377  444 25  0 75  0  0
 2  0  90112 2538460   1852 449872    0    0  1280    56 1339  385 25  0 74  0  0
 2  0  90112 2538460   1852 449872    0    0  1024     0 1323  420 25  0 75  0  0
 2  0  90112 2538460   1852 449872    0    0  1280     0 1311  362 25  0 74  0  0
 2  0  90112 2538460   1852 449872    0    0  1024     0 1286  376 25  1 75  0  0
procs -----------memory---------- ---swap-- -----io---- -system-- ------cpu-----
 r  b   swpd   free   buff  cache   si   so    bi    bo   in   cs us sy id wa st
 2  0  90112 2538460   1852 449872    0    0  1280     0 1264  299 25  0 75  0  0
 2  0  90112 2538460   1852 449872    0    0 14400    88 2412 1579 27  3 67  3  0
 2  0  90112 2538460   1852 449872    0    0  1280   104 1341  349 25  0 75  0  0
 2  0  90112 2538460   1852 449872    0    0  1024     0 1432  477 25  1 74  0  0
 2  0  90112 2538460   1852 449872    0    0  1280     0 1279  319 25  0 75  0  0
 2  0  90112 2538460   1852 449872    0    0  1024     0 1279  369 25  1 74  0  0
 2  0  90112 2538460   1852 449872    0    0  1280     0 1309  337 25  0 75  0  0
 2  0  90112 2538460   1852 449872    0    0  1024    32 1331  413 25  1 74  0  0
 2  0  90112 2538460   1852 449872    0    0  1280     0 1295  336 25  0 75  0  0
 2  0  90112 2538460   1852 449872    0    0  1040  3368 1337  403 25  1 74  0  0
 2  0  90112 2538460   1852 449872    0    0  1280     0 1320  335 25  0 75  0  0
 2  0  90112 2538460   1852 449872    0    0  1280     0 1382  453 25  1 74  0  0
 2  0  90112 2538460   1852 449872    0    0  1024    76 1264  317 25  1 75  0  0
 2  0  90112 2538460   1852 449872    0    0  1280   808 1548  518 25  0 74  0  0
 2  0  90112 2538460   1852 449872    0    0  1024   256 1261  288 25  0 75  0  0
 2  0  90112 2538460   1852 449872    0    0  1280     0 1312  390 25  1 74  0  0
 2  0  90112 2538460   1852 449872    0    0  1024     0 1308  341 25  0 75  0  0
 2  0  90112 2538460   1852 449872    0    0  1280    48 1376  442 25  1 74  0  0
 2  0  90112 2538460   1852 449872    0    0  1024     4 1269  307 25  0 75  0  0
 2  0  90112 2538460   1852 449872    0    0  1280     0 1316  383 25  1 74  0  0
 2  0  90112 2538460   1852 449872    0    0  1024     0 1243  294 25  0 75  0  0
procs -----------memory---------- ---swap-- -----io---- -system-- ------cpu-----
 r  b   swpd   free   buff  cache   si   so    bi    bo   in   cs us sy id wa st
 2  0  90112 2538460   1852 449872    0    0  1280     0 1309  387 25  0 74  0  0
 2  0  90112 2538460   1852 449872    0    0  1024    32 1336  348 25  0 75  0  0
 2  0  90112 2538460   1852 449872    0    0  1280     0 1352  383 25  1 74  0  0
 2  0  90112 2538460   1852 449872    0    0  1024     0 1309  330 25  0 75  0  0
 2  0  90112 2538460   1852 449872    0    0  1280     0 1420  438 25  1 74  0  0
 2  0  90112 2538460   1852 449872    0    0  1024     0 1293  330 25  0 75  0  0
 2  0  90112 2538460   1852 449872    0    0  1280    32 1309  382 25  1 74  0  0
 2  0  90112 2538460   1852 449872    0    0  1280    48 1473  626 25  0 75  0  0
 2  0  90112 2538460   1852 449872    0    0  1024   372 1494  476 25  1 74  0  0
 2  0  90112 2538460   1852 449872    0    0  1280     0 1310  300 25  0 75  0  0
 2  0  90112 2538460   1852 449872    0    0  1024     0 1333  398 25  1 74  0  0
 2  0  90112 2538460   1852 449872    0    0  1280    60 1350  341 25  0 74  0  0
 2  0  90112 2538460   1852 449872    0    0  1024     0 1371  415 25  1 74  0  0
 2  0  90112 2538460   1852 449872    0    0  1280   212 1322  332 25  0 75  0  0
 2  0  90112 2538460   1852 449872    0    0  1024     0 1295  368 25  1 75  0  0
 2  0  90112 2538460   1852 449872    0    0  1280     0 1360  355 25  0 75  0  0
 2  0  90112 2538460   1852 449872    0    0  1024   336 1480  481 25  1 74  0  0
 2  0  90112 2538460   1852 449872    0    0  1280    32 1393  387 25  0 74  0  0
 2  0  90112 2538460   1852 449872    0    0  1036  3296 1400  450 25  1 74  0  0
 2  0  90112 2538460   1852 449872    0    0  1280     0 1303  315 25  1 75  0  0
 2  0  90112 2538460   1852 449872    0    0  1024     0 1381  419 25  1 74  0  0
procs -----------memory---------- ---swap-- -----io---- -system-- ------cpu-----
 r  b   swpd   free   buff  cache   si   so    bi    bo   in   cs us sy id wa st
 2  0  90112 2538460   1852 449872    0    0  1280     0 1329  372 25  0 75  0  0
 2  0  90112 2538460   1852 449872    0    0  1024    44 1387  490 25  1 74  0  0
 2  0  90112 2538460   1852 449872    0    0  1280   264 1294  304 25  0 75  0  0
 2  0  90112 2538460   1852 449872    0    0  1024     0 1341  361 25  1 74  0  0
 2  0  90112 2538460   1852 449872    0    0  1280     0 1297  320 25  0 75  0  0
 2  0  90112 2538460   1852 449872    0    0  1024   368 1532  504 25  1 74  0  0
 2  0  90112 2538460   1852 449872    0    0  1280    60 1295  294 25  0 74  0  0
 2  0  90112 2538460   1852 449872    0    0  1024     0 1420  450 25  1 74  0  0
 2  0  90112 2538460   1852 449872    0    0  1280     0 1286  308 25  0 75  0  0
 2  0  90112 2538460   1852 449872    0    0  1024     0 1431  455 25  1 74  0  0
 2  0  90112 2538460   1852 449872    0    0  1280   280 1386  340 25  1 74  0  0
 2  0  90112 2538460   1852 449872    0    0  1024    40 1347  402 25  1 74  0  0
 2  0  90112 2538460   1852 449872    0    0  1280     0 1377  359 25  0 75  0  0
 2  0  90112 2538460   1852 449872    0    0  1024     0 1296  375 25  1 74  0  0
 2  0  90112 2538460   1852 449872    0    0  1280     0 1258  318 25  0 75  0  0
 2  0  90112 2538460   1852 449872    0    0  1280     0 1436  453 25  1 74  0  0
 2  0  90112 2538460   1852 449872    0    0  1024   268 1326  352 25  0 75  0  0
 2  0  90112 2538460   1852 449872    0    0  1280    56 1314  407 25  1 74  0  0
 2  0  90112 2538460   1852 449872    0    0  1040  2352 1327  359 25  0 75  0  0
 2  0  90112 2538460   1852 449872    0    0  1280     0 1359  419 25  1 74  0  0
 2  0  90112 2538460   1852 449872    0    0  1024     0 1243  285 25  0 75  0  0
procs -----------memory---------- ---swap-- -----io---- -system-- ------cpu-----
 r  b   swpd   free   buff  cache   si   so    bi    bo   in   cs us sy id wa st
 2  0  90112 2538460   1852 449872    0    0  1280    88 1427  472 25  1 74  0  0
 2  0  90112 2538460   1852 449872    0    0  1024   168 1280  326 25  0 75  0  0
 2  0  90112 2538460   1852 449872    0    0  1280     0 1337  410 25  1 74  0  0
 2  0  90112 2538460   1852 449872    0    0  1024     0 1266  320 25  0 75  0  0
 2  0  90112 2538460   1852 449872    0    0  1280     0 1398  435 25  1 74  0  0
 2  0  90112 2538460   1852 449872    0    0  1024    36 1265  312 25  0 75  0  0
 2  0  90112 2538460   1852 449872    0    0  1280    96 1347  381 25  0 75  0  0
 2  0  90112 2538460   1852 449872    0    0  1024     0 1247  285 25  0 75  0  0
 2  0  90112 2538460   1852 449872    0    0  1280   124 1409  415 25  1 74  0  0
 2  0  90112 2538460   1852 449872    0    0  1024     0 1363  358 25  0 74  0  0
 2  0  90112 2538460   1852 449872    0    0  1280    32 1304  392 25  0 74  0  0
 2  0  90112 2538460   1852 449872    0    0  1280     0 1342  338 25  0 75  0  0
 2  0  90112 2538460   1852 449872    0    0  1024     0 1333  377 25  1 74  0  0
 2  0  90112 2538460   1852 449872    0    0  1280     0 1270  325 25  0 75  0  0
 2  0  90112 2538460   1852 449872    0    0  1024   184 1380  424 25  1 74  0  0
 2  0  90112 2538460   1852 449872    0    0  1280     0 1349  347 25  0 74  0  0
 2  0  90112 2538460   1852 449872    0    0  1024    64 1344  395 25  0 74  0  0
 2  0  90112 2538460   1852 449872    0    0  1280     4 1251  293 25  0 75  0  0
 2  0  90112 2538460   1852 449872    0    0  1024     0 1352  421 25  1 75  0  0
 2  0  90112 2538460   1852 449872    0    0  1280     0 1286  311 25  0 75  0  0
 2  0  90112 2538460   1852 449872    0    0  1024   192 1354  403 25  1 74  0  0
procs -----------memory---------- ---swap-- -----io---- -system-- ------cpu-----
 r  b   swpd   free   buff  cache   si   so    bi    bo   in   cs us sy id wa st
 2  0  90112 2538460   1852 449872    0    0  1280    36 1270  318 25  0 75  0  0
 2  0  90112 2538460   1852 449872    0    0  1024     0 1357  404 25  1 74  0  0
 2  0  90112 2538460   1852 449872    0    0  1280     0 1292  343 25  0 75  0  0
 2  0  90112 2538460   1852 449872    0    0  1024     0 1414  443 25  1 74  0  0
 2  0  90112 2538460   1852 449872    0    0  1280     0 1334  359 25  0 75  0  0
 2  0  90112 2538460   1852 449872    0    0  1024    84 1464  650 25  0 74  0  0
 2  0  90112 2538460   1852 449872    0    0  1280     8 1253  281 25  0 75  0  0
 2  0  90112 2538460   1852 449872    0    0  1040  3688 1359  430 25  1 74  0  0
 2  0  90112 2538460   1852 449872    0    0  1280     0 1322  329 25  0 75  0  0
 2  0  90112 2538460   1852 449872    0    0  1280     0 1300  373 25  1 75  0  0
 2  0  90112 2538460   1852 449872    0    0  1024   100 1264  316 25  0 74  0  0
 2  0  90112 2538460   1852 449872    0    0  1280     0 1365  411 25  1 74  0  0
 2  0  90112 2538460   1852 449872    0    0  1024     0 1303  356 25  0 75  0  0
 2  0  90112 2538460   1852 449872    0    0  1280     0 1527  484 25  1 74  0  0
 2  0  90112 2538460   1852 449872    0    0  1024     0 1252  288 25  0 75  0  0
 2  0  90112 2538460   1852 449872    0    0  1280    32 1333  395 25  0 74  0  0
 2  0  90112 2538460   1852 449872    0    0  1024    88 1414  422 25  0 74  0  0
 2  0  90112 2538460   1852 449872    0    0  1280     0 1381  416 25  0 74  0  0
 2  0  90112 2538460   1852 449872    0    0  1024     0 1233  279 25  0 75  0  0
 2  0  90112 2538460   1852 449872    0    0  1280     0 1499  524 25  1 74  0  0
 2  0  90112 2538460   1852 449872    0    0  1024    32 1267  326 25  0 75  0  0
procs -----------memory---------- ---swap-- -----io---- -system-- ------cpu-----
 r  b   swpd   free   buff  cache   si   so    bi    bo   in   cs us sy id wa st
 2  0  90112 2538460   1852 449872    0    0  1280     0 1411  467 25  1 74  0  0
 2  0  90112 2538460   1852 449872    0    0  1024     0 1237  312 25  0 75  0  0
 2  0  90112 2538460   1852 449872    0    0  1280     0 1299  391 25  1 75  0  0
 2  0  90112 2538460   1852 449872    0    0  1024     0 1312  344 25  0 75  0  0
 2  0  90112 2538460   1852 449872    0    0  1280    32 1386  436 25  1 74  0  0
 2  0  90112 2538460   1852 449872    0    0  1024     0 1285  310 25  0 75  0  0
 2  0  90112 2538460   1852 449872    0    0  1280     0 1322  456 26  1 74  0  0
 2  0  90112 2538460   1852 449872    0    0  1024     0 1285  325 25  0 75  0  0
 2  0  90112 2538460   1852 449872    0    0  1280     0 1327  412 25  1 74  0  0
 2  0  90112 2538460   1852 449872    0    0  1280    36 1322  325 25  0 75  0  0
 2  0  90112 2538460   1852 449872    0    0  1024   836 1491  538 25  1 74  0  0
 2  0  90112 2538460   1852 449872    0    0  1280     0 1385  384 25  0 75  0  0
 2  0  90112 2538460   1852 449872    0    0  1024     0 1375  418 25  1 74  0  0
 2  0  90112 2538460   1852 449872    0    0  1280     0 1214  300 25  0 75  0  0
 2  0  90112 2538460   1852 449872    0    0  1024     0 1299  382 25  1 74  0  0
 2  0  90112 2538460   1852 449872    0    0  1280    36 1328  337 25  0 74  0  0
 2  0  90112 2538460   1852 449872    0    0  1024     0 1320  392 25  1 74  0  0
 2  0  90112 2538460   1852 449872    0    0  1280  3620 1241  285 25  0 75  0  0
 2  0  90112 2538460   1852 449872    0    0  1024     0 1490  503 25  1 74  0  0
 2  0  90112 2538460   1852 449872    0    0  1280     0 1295  306 25  0 75  0  0
 2  0  90112 2538460   1852 449872    0    0  1024   116 1322  389 25  1 74  0  0
procs -----------memory---------- ---swap-- -----io---- -system-- ------cpu-----
 r  b   swpd   free   buff  cache   si   so    bi    bo   in   cs us sy id wa st
 2  0  90112 2538460   1852 449872    0    0  1280     0 1368  387 25  0 75  0  0
 2  0  90112 2538460   1852 449872    0    0  1024     0 1279  356 25  1 74  0  0
 2  0  90112 2538460   1852 449872    0    0  1280     0 1356  342 25  0 75  0  0
 2  0  90112 2538460   1852 449872    0    0  1024     0 1308  358 25  1 74  0  0
 2  0  90112 2538460   1852 449872    0    0  1280    48 1385  384 25  0 75  0  0
 2  0  90112 2538460   1852 449872    0    0  1024     0 1299  373 25  1 74  0  0
 2  0  90112 2538460   1852 449872    0    0  1280     0 1272  294 25  0 75  0  0
 2  0  90112 2538460   1852 449872    0    0  1280     0 1328  390 25  1 74  0  0
 2  0  90112 2538460   1852 449872    0    0  1024     0 1310  328 25  0 75  0  0
 2  0  90112 2538460   1852 449872    0    0  1280    84 1384  401 25  1 74  0  0
 2  0  90112 2538460   1852 449872    0    0  1024     0 1413  423 25  0 74  0  0
 2  0  90112 2538460   1852 449872    0    0  1280     0 1350  407 25  1 74  0  0
 2  0  90112 2538460   1852 449872    0    0  1024     0 1251  283 25  0 75  0  0
 2  0  90112 2538460   1852 449872    0    0  1280     0 1301  362 25  1 74  0  0
 2  0  90112 2538460   1852 449872    0    0  1024    32 1383  368 25  0 75  0  0
 2  0  90112 2538460   1852 449872    0    0  1280    24 1345  397 25  1 74  0  0
 2  0  90112 2538460   1852 449872    0    0  1024     0 1332  344 25  0 75  0  0
 2  0  90112 2538460   1852 449872    0    0  1284     0 1377  411 25  1 74  0  0
 2  0  90112 2538460   1852 449872    0    0  1024     0 1248  282 25  0 75  0  0
 2  0  90112 2538460   1852 449872    0    0  1280    32 1313  376 25  1 74  0  0
 2  0  90112 2538460   1852 449872    0    0  1024     0 1326  346 25  0 75  0  0
procs -----------memory---------- ---swap-- -----io---- -system-- ------cpu-----
 r  b   swpd   free   buff  cache   si   so    bi    bo   in   cs us sy id wa st
 2  0  90112 2538460   1852 449872    0    0  1280   704 1453  480 25  1 74  0  0
 2  0  90112 2538460   1852 449872    0    0  1024    96 1287  393 25  0 74  0  0
 2  0  90112 2538460   1852 449872    0    0  1280     0 1315  372 25  1 74  0  0
 2  0  90112 2538460   1852 449872    0    0  1024    56 1399  549 25  0 75  0  0
 2  0  90112 2538460   1852 449872    0    0  1280     0 1335  388 25  0 74  0  0
 2  0  90112 2538460   1852 449872    0    0  1280     0 1328  334 25  0 75  0  0
 2  0  90112 2538460   1852 449872    0    0  1024  3692 1371  426 25  1 74  0  0
 2  0  90112 2538460   1852 449872    0    0  1280     0 1291  325 25  0 75  0  0
 2  0  90112 2538460   1852 449872    0    0  1024     0 1365  411 25  1 74  0  0
 2  0  90112 2538460   1852 449872    0    0  1280     0 1454  409 25  0 74  0  0
 2  0  90112 2538460   1852 449872    0    0  1024    32 1416  440 25  1 74  0  0
 2  0  90112 2538460   1852 449872    0    0  1280    56 1372  417 26  0 74  0  0
 2  0  90112 2538460   1852 449872    0    0  1024     0 1455  475 25  1 74  0  0
 2  0  90112 2538460   1852 449872    0    0  1280     0 1317  312 25  0 75  0  0
 2  0  90112 2538460   1852 449872    0    0  1024     0 1375  392 25  1 74  0  0
 2  0  90112 2538460   1852 449872    0    0  1280     0 1314  346 25  1 75  0  0
 2  0  90112 2538460   1852 449872    0    0  1024    32 1470  540 26  1 74  0  0
 2  0  90112 2538460   1852 449872    0    0  1280     0 1310  318 25  0 75  0  0
 2  0  90112 2538460   1852 449872    0    0  1024     0 1329  388 25  1 74  0  0
 2  0  90112 2538460   1852 449872    0    0  1280     0 1272  327 25  0 75  0  0
 2  0  90112 2538460   1852 449872    0    0  1024     0 1372  403 25  1 74  0  0
procs -----------memory---------- ---swap-- -----io---- -system-- ------cpu-----
 r  b   swpd   free   buff  cache   si   so    bi    bo   in   cs us sy id wa st
 2  0  90112 2538460   1852 449872    0    0  1280    32 1321  320 25  0 75  0  0
 2  0  90112 2538460   1852 449872    0    0  1024     0 1330  386 26  1 74  0  0
 2  0  90112 2538460   1852 449872    0    0  1280     0 1271  268 25  0 75  0  0
 2  0  90112 2538460   1852 449872    0    0  1024     0 1527  575 25  1 74  0  0
 2  0  90112 2538460   1852 449872    0    0  1280     0 1286  292 25  1 75  0  0
 2  0  90112 2538460   1852 449872    0    0  1024    32 1328  392 25  1 74  0  0
 2  0  90112 2538460   1852 449872    0    0  1280  2460 1285  281 25  0 75  0  0
 2  0  90112 2538460   1852 449872    0    0  1024     0 1407  422 25  1 74  0  0
 2  0  90112 2538460   1852 449872    0    0  1280     0 1295  321 25  0 75  0  0
 2  0  90112 2538460   1852 449872    0    0  1280     0 1284  365 25  1 74  0  0
 2  0  90112 2538460   1852 449872    0    0  1024    60 1333  366 25  0 75  0  0
 2  0  90112 2538460   1852 449872    0    0  1280     0 1304  373 25  1 74  0  0
 2  0  90112 2538460   1852 449872    0    0  1024     0 1285  298 25  0 75  0  0
 2  0  90112 2538460   1852 449872    0    0  1280     0 1304  365 25  1 74  0  0
 2  0  90112 2538460   1852 449872    0    0  1024     0 1310  316 25  0 75  0  0
 2  0  90112 2538460   1852 449872    0    0  1280   728 1606  596 25  1 74  0  0
 2  0  90112 2538460   1852 449872    0    0  1024    80 1310  315 25  0 75  0  0
 2  0  90112 2538460   1852 449872    0    0  1280     0 1332  400 25  1 74  0  0
 2  0  90112 2538460   1852 449872    0    0  1024     0 1291  332 25  0 75  0  0
 2  0  90112 2538460   1852 449872    0    0  1280     0 1312  373 25  1 74  0  0
 2  0  90112 2538460   1852 449872    0    0  1024   100 1369  371 25  0 74  0  0
procs -----------memory---------- ---swap-- -----io---- -system-- ------cpu-----
 r  b   swpd   free   buff  cache   si   so    bi    bo   in   cs us sy id wa st
 2  0  90112 2538460   1852 449872    0    0  1280     0 1365  399 25  1 74  0  0
 2  0  90112 2538460   1852 449872    0    0  1024  1820 1386  368 25  0 75  0  0
 2  0  90112 2538460   1852 449872    0    0  1280     0 1308  373 25  1 74  0  0
 2  0  90112 2538460   1852 449872    0    0  1024     0 1461  419 25  0 74  0  0
 2  0  90112 2538460   1852 449872    0    0  1280   456 1464  465 25  1 74  0  0
 2  0  90112 2538460   1852 449872    0    0  1024    52 1288  310 25  0 75  0  0
 2  0  90112 2538460   1852 449872    0    0  1280     0 1374  415 25  1 74  0  0
 2  0  90112 2538460   1852 449872    0    0  1024     0 1237  315 25  0 75  0  0
 2  0  90112 2538460   1852 449872    0    0  1280     0 1337  395 25  1 74  0  0
 2  0  90112 2538460   1852 449872    0    0  1280     0 1353  355 25  0 75  0  0
 2  0  90112 2538460   1852 449872    0    0  1024   304 1438  466 25  0 74  0  0
 2  0  90112 2538460   1852 449872    0    0  1280     0 1293  295 25  0 75  0  0
 2  0  90112 2538460   1852 449872    0    0  1024     0 1334  388 25  1 75  0  0
 2  0  90112 2538460   1852 449872    0    0  1280     0 1251  265 25  0 75  0  0
 2  0  90112 2538460   1852 449872    0    0  1024     0 1338  400 25  1 74  0  0
 2  0  90112 2538460   1852 449872    0    0  1280    24 1288  307 25  0 75  0  0
 2  0  90112 2538460   1852 449872    0    0  1024     0 1314  362 25  1 74  0  0
 2  0  90112 2538460   1852 449872    0    0  1280     0 1321  350 25  0 75  0  0
 2  0  90112 2538460   1852 449872    0    0  1024     0 1331  383 25  0 75  0  0
 2  0  90112 2538460   1852 449872    0    0  1280     0 1288  317 25  0 75  0  0
 2  0  90112 2538460   1852 449872    0    0  1024    32 1360  405 25  1 74  0  0
procs -----------memory---------- ---swap-- -----io---- -system-- ------cpu-----
 r  b   swpd   free   buff  cache   si   so    bi    bo   in   cs us sy id wa st
 2  0  90112 2538460   1852 449872    0    0  1280   180 1384  371 25  0 74  0  0
 2  0  90112 2538460   1852 449872    0    0  1024  2460 1302  375 25  1 74  0  0
 2  0  90112 2538460   1852 449872    0    0  1280     0 1397  553 25  0 75  0  0
 2  0  90112 2538460   1852 449872    0    0  1024     0 1333  403 25  1 75  0  0
 2  0  90112 2538460   1852 449872    0    0  1280    52 1229  281 25  1 75  0  0
 2  0  90112 2538460   1852 449872    0    0  1024     0 1294  385 25  1 74  0  0
 2  0  90112 2538460   1852 449872    0    0  1280     4 1339  361 25  0 75  0  0
 2  0  90112 2538460   1852 449872    0    0  1280     0 1328  381 25  1 74  0  0
 2  0  90112 2538460   1852 449872    0    0  1024     0 1236  305 25  0 75  0  0
 2  0  90112 2538460   1852 449872    0    0  1280   128 1306  389 25  1 74  0  0
 2  0  90112 2538460   1852 449872    0    0  1024     0 1276  300 26  0 75  0  0
 2  0  90112 2538460   1852 449872    0    0  1280     0 1340  386 25  1 74  0  0
 2  0  90112 2538460   1852 449872    0    0  1024     0 1275  299 25  0 75  0  0
 2  0  90112 2538460   1852 449872    0    0  1280     0 1402  475 25  1 74  0  0
 2  0  90112 2538460   1852 449872    0    0  1024    32 1394  397 25  0 74  0  0
 2  0  90112 2538460   1852 449872    0    0  1280     0 1343  406 25  1 74  0  0
 2  0  90112 2538460   1852 449872    0    0  1024     0 1244  324 25  0 75  0  0
 2  0  90112 2538460   1852 449872    0    0  1280     0 1340  395 25  1 74  0  0
 2  0  90112 2538460   1852 449872    0    0  1024     0 1351  374 25  0 75  0  0
 2  0  90112 2538460   1852 449872    0    0  1280    32 1343  410 25  1 74  0  0
 2  0  90112 2538460   1852 449872    0    0  1024     0 1259  276 25  0 75  0  0
procs -----------memory---------- ---swap-- -----io---- -system-- ------cpu-----
 r  b   swpd   free   buff  cache   si   so    bi    bo   in   cs us sy id wa st
 2  0  90112 2538460   1852 449872    0    0  1280     0 1294  389 25  1 74  0  0
 2  0  90112 2538460   1852 449872    0    0  1280  2460 1273  304 25  0 75  0  0
 2  0  90112 2538460   1852 449872    0    0  1024     0 1351  411 25  1 74  0  0
 2  0  90112 2538460   1852 449872    0    0  1280     0 1282  290 25  0 75  0  0
 2  0  90112 2538460   1852 449872    0    0  1024    60 1305  382 25  1 74  0  0
 2  0  90112 2538460   1852 449872    0    0  1280     0 1424  407 25  0 74  0  0
 2  0  90112 2538460   1852 449872    0    0  1024     0 1300  376 25  1 74  0  0
 2  0  90112 2538460   1852 449872    0    0  1280     0 1351  377 25  0 75  0  0
 2  0  90112 2538460   1852 449872    0    0  1024     0 1379  413 25  1 74  0  0
 2  0  90112 2538460   1852 449872    0    0  1280   756 1471  466 25  0 74  0  0
 2  0  90112 2538460   1852 449872    0    0  1024     0 1343  413 25  1 74  0  0
 2  0  90112 2538460   1852 449872    0    0  1280     0 1307  330 25  0 75  0  0
 3  0  90112 2538460   1852 449872    0    0  1024     0 1272  390 25  1 74  0  0
 2  0  90112 2538460   1852 449872    0    0  1280     0 1354  350 25  0 75  0  0
 2  0  90112 2538460   1852 449872    0    0  1024    36 1501  524 25  1 74  0  0
 2  0  90112 2538460   1852 449872    0    0  1280     0 1268  336 25  0 75  0  0
 2  0  90112 2538460   1852 449872    0    0  1024     0 1363  417 25  1 74  0  0
 2  0  90112 2538460   1852 449872    0    0  1280     0 1279  307 25  0 75  0  0
 2  0  90112 2538460   1852 449872    0    0  1280     0 1353  391 25  1 74  0  0
 2  0  90112 2538460   1852 449872    0    0  1024   104 1325  332 25  0 75  0  0
 2  0  90112 2538460   1852 449872    0    0  1280   440 1535  486 25  1 74  0  0
procs -----------memory---------- ---swap-- -----io---- -system-- ------cpu-----
 r  b   swpd   free   buff  cache   si   so    bi    bo   in   cs us sy id wa st
 2  0  90112 2538460   1852 449872    0    0  1024    56 1384  356 25  0 75  0  0
 2  0  90112 2538460   1852 449872    0    0  1280     0 1294  389 25  0 75  0  0
 2  0  90112 2538460   1852 449872    0    0  1024     0 1242  277 25  0 75  0  0
 2  0  90112 2538460   1852 449872    0    0  1280    60 1324  378 25  1 74  0  0
 2  0  90112 2538460   1852 449872    0    0  1024     0 1258  326 25  0 75  0  0
 2  0  90112 2538460   1852 449872    0    0  1280     0 1304  360 25  1 75  0  0
 2  0  90112 2538460   1852 449872    0    0  1024     0 1374  379 25  1 74  0  0
 2  0  90112 2538460   1852 449872    0    0  1280     0 1299  361 25  1 75  0  0
 2  0  90112 2538460   1852 449872    0    0  1024    32 1239  303 25  0 75  0  0
 2  0  90112 2538460   1852 449872    0    0  1280     0 1292  369 25  0 75  0  0
 2  0  90112 2538460   1852 449872    0    0  1280   448 1751  567 25  1 74  0  0
 2  0  90112 2538460   1852 449872    0    0  1024  3680 1315  398 25  1 74  0  0
 2  0  90112 2538460   1852 449872    0    0  1280     0 1271  296 25  0 75  0  0
 2  0  90112 2538460   1852 449872    0    0  1024    64 1396  446 25  1 74  0  0
 2  0  90112 2538460   1852 449872    0    0  1280     0 1310  329 25  0 75  0  0
 2  0  90112 2538460   1852 449872    0    0  1024     0 1417  441 25  1 74  0  0
 2  0  90112 2538460   1852 449872    0    0  1280     0 1304  349 25  0 75  0  0
 2  0  90112 2538460   1852 449872    0    0  1024     0 1334  388 25  1 74  0  0
 2  0  90112 2538460   1852 449872    0    0  1280    32 1329  356 25  0 75  0  0
 2  0  90112 2538460   1852 449872    0    0  1024     0 1454  491 25  1 74  0  0
 2  0  90112 2538460   1852 449872    0    0  1280     0 1299  318 25  0 75  0  0
procs -----------memory---------- ---swap-- -----io---- -system-- ------cpu-----
 r  b   swpd   free   buff  cache   si   so    bi    bo   in   cs us sy id wa st
 2  0  90112 2538460   1852 449872    0    0  1024     0 1526  720 25  1 74  0  0
 2  0  90112 2538460   1852 449872    0    0  1280     0 1228  294 25  0 75  0  0
 2  0  90112 2538460   1852 449872    0    0  1024    32 1330  407 25  1 74  0  0
 2  0  90112 2538460   1852 449872    0    0  1280     0 1336  352 25  0 75  0  0
 2  0  90112 2538460   1852 449872    0    0  1280     0 1367  405 25  1 74  0  0
 2  0  90112 2538460   1852 449872    0    0  1024     0 1281  301 25  0 75  0  0
 2  0  90112 2538460   1852 449872    0    0  1280     0 1325  393 25  1 75  0  0
 2  0  90112 2538460   1852 449872    0    0  1024    32 1263  331 25  0 75  0  0
 2  0  90112 2538460   1852 449872    0    0  1280     0 1376  420 25  1 74  0  0
 2  0  90112 2538460   1852 449872    0    0  1024    56 1315  346 25  0 75  0  0
 2  0  90112 2538460   1852 449872    0    0  1280     0 1337  433 25  1 74  0  0
 2  0  90112 2538460   1852 449872    0    0  1024     0 1288  353 25  0 75  0  0
 2  0  90112 2538460   1852 449872    0    0  1280     0 1297  360 25  1 74  0  0
 2  0  90112 2538460   1852 449872    0    0  1024   116 1336  341 25  1 75  0  0
 2  0  90112 2538460   1852 449872    0    0  1280     0 1433  458 25  1 74  0  0
 2  0  90112 2538460   1852 449872    0    0  1024     0 1248  297 25  0 75  0  0
 2  0  90112 2538460   1852 449872    0    0  1280     0 1312  392 25  1 74  0  0
 2  0  90112 2538460   1852 449872    0    0  1024     0 1318  316 25  0 75  0  0
 2  0  90112 2538460   1852 449872    0    0  1280    32 1308  400 25  1 74  0  0
 2  0  90112 2538460   1852 449872    0    0  1024     0 1260  311 25  0 75  0  0
 2  0  90112 2538460   1852 449872    0    0  1280   836 1508  474 25  1 74  0  0
procs -----------memory---------- ---swap-- -----io---- -system-- ------cpu-----
 r  b   swpd   free   buff  cache   si   so    bi    bo   in   cs us sy id wa st
 2  0  90112 2538460   1852 449872    0    0  1280  3620 1323  333 25  0 75  0  0
 2  0  90112 2538460   1852 449872    0    0  1024     0 1318  380 25  1 74  0  0
 2  0  90112 2538460   1852 449872    0    0  1280    52 1286  349 25  0 75  0  0
 2  0  90112 2538460   1852 449872    0    0  1024     0 1297  390 25  1 74  0  0
 2  0  90112 2538460   1852 449872    0    0  1280     0 1345  370 25  0 75  0  0
 2  0  90112 2538460   1852 449872    0    0  1024     0 1314  383 25  1 74  0  0
 2  0  90112 2538460   1852 449872    0    0  1280     0 1247  290 25  1 75  0  0
 2  0  90112 2538460   1852 449872    0    0  1024    32 1325  381 25  0 74  0  0
 2  0  90112 2538460   1852 449872    0    0  1280     0 1290  326 25  0 75  0  0
 2  0  90112 2538460   1852 449872    0    0  1024   268 1419  443 25  1 74  0  0
 2  0  90112 2538460   1852 449872    0    0  1280     0 1391  387 25  0 75  0  0
 2  0  90112 2538460   1852 449872    0    0  1024     0 1386  409 25  1 74  0  0
 2  0  90112 2538460   1852 449872    0    0  1280    36 1305  330 25  0 74  0  0
 2  0  90112 2538460   1852 449872    0    0  1024     0 1303  388 25  1 75  0  0
 2  0  90112 2538460   1852 449872    0    0  1280     0 1326  337 25  0 75  0  0
 2  0  90112 2538460   1852 449872    0    0  1280     0 1297  378 25  1 74  0  0
 2  0  90112 2538460   1852 449872    0    0  1024     0 1353  324 25  0 75  0  0
 2  0  90112 2538460   1852 449872    0    0  1280    32 1385  410 25  1 74  0  0
 2  0  90112 2538460   1852 449872    0    0  1024     0 1262  298 25  0 75  0  0
 2  0  90112 2538460   1852 449872    0    0  1280     0 1417  442 25  1 74  0  0
 2  0  90112 2538460   1852 449872    0    0  1024    40 1315  342 25  0 75  0  0
procs -----------memory---------- ---swap-- -----io---- -system-- ------cpu-----
 r  b   swpd   free   buff  cache   si   so    bi    bo   in   cs us sy id wa st
 2  0  90112 2538460   1852 449872    0    0  1280     0 1310  362 25  0 74  0  0
 2  0  90112 2538460   1852 449872    0    0  1024    56 1278  334 25  0 75  0  0
 2  0  90112 2538460   1852 449872    0    0  1280     0 1367  424 25  0 75  0  0
 2  0  90112 2538460   1852 449872    0    0  1024     0 1269  296 25  0 75  0  0
 2  0  90112 2538460   1852 449872    0    0  1280     0 1352  414 25  1 74  0  0
 2  0  90112 2538460   1852 449872    0    0  1024     0 1246  287 25  0 75  0  0
 2  0  90112 2538460   1852 449872    0    0  1280    36 1327  389 25  0 74  0  0
 2  0  90112 2538460   1852 449872    0    0  1024    52 1341  337 25  0 75  0  0
 2  0  90112 2538460   1852 449872    0    0  1280     0 1366  414 25  1 74  0  0
 2  0  90112 2538460   1852 449872    0    0  1024     0 1262  310 25  0 75  0  0
 2  0  90112 2538460   1852 449872    0    0  1292  3624 1318  401 25  1 74  0  0
 3  0  90112 2538460   1852 449872    0    0  1280    72 1288  334 25  0 75  0  0
 2  0  90112 2538460   1852 449872    0    0  1024     0 1294  362 25  1 74  0  0
 2  0  90112 2538460   1852 449872    0    0  1280     0 1347  375 25  0 75  0  0
 2  0  90112 2538460   1852 449872    0    0  1024     0 1413  449 25  1 74  0  0
 2  0  90112 2538460   1852 449872    0    0  1280     0 1235  288 25  0 75  0  0
 2  0  90112 2538460   1852 449872    0    0  1024    32 1310  404 25  1 74  0  0
 2  0  90112 2538460   1852 449872    0    0  1280     0 1318  319 25  0 75  0  0
 2  0  90112 2538460   1852 449872    0    0  1024     0 1417  453 25  1 74  0  0
 2  0  90112 2538460   1852 449872    0    0  1280     0 1393  376 25  0 75  0  0
 2  0  90112 2538460   1852 449872    0    0  1024     0 1494  667 25  1 74  0  0
procs -----------memory---------- ---swap-- -----io---- -system-- ------cpu-----
 r  b   swpd   free   buff  cache   si   so    bi    bo   in   cs us sy id wa st
 3  0  90112 2538460   1852 449872    0    0  1280   824 1531  436 25  0 74  0  0
 2  0  90112 2538460   1852 449872    0    0  1024     4 1307  375 25  1 74  0  0
 2  0  90112 2538460   1852 449872    0    0  1280   168 1404  394 25  1 74  0  0
 2  0  90112 2538460   1852 449872    0    0  1024    32 1317  398 25  0 75  0  0
 2  0  90112 2538460   1852 449872    0    0  1280     0 1290  296 25  0 74  0  0
 2  0  90112 2538460   1852 449872    0    0  1024     0 1298  387 25  1 74  0  0
 2  0  90112 2538460   1852 449872    0    0  1280     0 1326  363 25  1 74  0  0
 2  0  90112 2538460   1852 449872    0    0  1280     0 1323  390 25  1 74  0  0
 2  0  90112 2538460   1852 449872    0    0  1024    80 1343  378 25  0 75  0  0
 2  0  90112 2538460   1852 449872    0    0  1280     0 1379  412 25  1 74  0  0
 2  0  90112 2538460   1852 449872    0    0  1024     0 1248  307 25  0 75  0  0
 2  0  90112 2538460   1852 449872    0    0  1280     0 1302  369 25  1 74  0  0
 2  0  90112 2538460   1852 449872    0    0  1024     0 1257  282 25  0 75  0  0
 2  0  90112 2538460   1852 449872    0    0  1280    56 1330  421 25  1 74  0  0
 2  0  90112 2538460   1852 449872    0    0  1024     0 1275  318 25  0 75  0  0
 2  0  90112 2538460   1852 449872    0    0  1280     8 1311  388 25  1 74  0  0
 2  0  90112 2538460   1852 449872    0    0  1024   288 1384  376 25  0 75  0  0
 2  0  90112 2538460   1852 449872    0    0  1280     0 1321  384 25  1 74  0  0
 2  0  90112 2538460   1852 449872    0    0  1024    36 1240  294 25  0 75  0  0
 2  0  90112 2538460   1852 449872    0    0  1280     0 1288  362 25  1 74  0  0
 2  0  90112 2538460   1852 449872    0    0  1024  3624 1318  342 25  0 74  0  0
procs -----------memory---------- ---swap-- -----io---- -system-- ------cpu-----
 r  b   swpd   free   buff  cache   si   so    bi    bo   in   cs us sy id wa st
 2  0  90112 2538460   1852 449872    0    0  1280    52 1339  401 25  1 74  0  0
 2  0  90112 2538460   1852 449872    0    0  1024     0 1294  359 25  0 75  0  0
 2  0  90112 2538460   1852 449872    0    0  1280    60 1335  417 25  1 74  0  0
 2  0  90112 2538460   1852 449872    0    0  1280     0 1261  304 25  0 75  0  0
 2  0  90112 2538460   1852 449872    0    0  1024     0 1296  395 25  0 75  0  0
 2  0  90112 2538460   1852 449872    0    0  1280     0 1266  295 25  0 75  0  0
 2  0  90112 2538460   1852 449872    0    0  1024     0 1368  406 25  1 74  0  0
 2  0  90112 2538460   1852 449872    0    0  1280    80 1603  469 25  1 74  0  0
 2  0  90112 2538460   1852 449872    0    0  1024     0 1343  393 25  0 75  0  0
 2  0  90112 2538460   1852 449872    0    0  1280     0 1295  317 25  0 75  0  0
 3  0  90112 2538460   1852 449872    0    0  1024     0 1383  464 25  1 74  0  0
 2  0  90112 2538460   1852 449872    0    0  1280     0 1422  391 25  0 74  0  0
 2  0  90112 2538460   1852 449872    0    0  1024    36 1363  447 25  1 74  0  0
 2  0  90112 2538460   1852 449872    0    0  1280     0 1333  347 25  0 75  0  0
 2  0  90112 2538460   1852 449872    0    0  1024     0 1373  415 25  1 74  0  0
 2  0  90112 2538460   1852 449872    0    0  1280     0 1367  350 25  0 74  0  0
 2  0  90112 2538460   1852 449872    0    0  1024     0 1430  435 25  1 74  0  0
 2  0  90112 2538460   1852 449872    0    0  1280    32 1259  295 25  0 75  0  0
 2  0  90112 2538460   1852 449872    0    0  1024    52 1303  378 25  0 74  0  0
 2  0  90112 2538460   1852 449872    0    0  1280     0 1336  369 25  0 75  0  0
 2  0  90112 2538460   1852 449872    0    0  1280     0 1318  396 25  1 74  0  0
procs -----------memory---------- ---swap-- -----io---- -system-- ------cpu-----
 r  b   swpd   free   buff  cache   si   so    bi    bo   in   cs us sy id wa st
 2  0  90112 2538460   1852 449872    0    0  1024     0 1237  285 25  0 75  0  0
 2  0  90112 2538460   1852 449872    0    0  1280     0 1311  365 25  1 75  0  0
 2  0  90112 2538460   1852 449872    0    0  1024    56 1401  373 25  0 74  0  0
 2  0  90112 2538460   1852 449872    0    0  1280     0 1305  387 25  1 74  0  0
 2  0  90112 2538460   1852 449872    0    0  1024     0 1249  298 25  0 75  0  0
 2  0  90112 2538460   1852 449872    0    0  1280   912 1514  514 25  1 74  0  0
 2  0  90112 2538460   1852 449872    0    0  1024     0 1319  326 25  0 75  0  0
 2  0  90112 2538460   1852 449872    0    0  1280    36 1456  473 25  1 74  0  0
 2  0  90112 2538460   1852 449872    0    0  1024     0 1231  290 25  0 75  0  0
 2  0  90112 2538460   1852 449872    0    0  1284  3620 1336  398 25  1 74  0  0
 2  0  90112 2538460   1852 449872    0    0  1024     0 1256  301 25  0 75  0  0
 2  0  90112 2538460   1852 449872    0    0  1280     0 1276  358 25  1 75  0  0
 2  0  90112 2538460   1852 449872    0    0  1024    60 1280  332 25  0 74  0  0
 2  0  90112 2538460   1852 449872    0    0  1280     0 1295  374 25  1 74  0  0
 2  0  90112 2538460   1852 449872    0    0  1280     0 1464  452 25  1 74  0  0
 2  0  90112 2538460   1852 449872    0    0  1024     0 1383  439 25  1 74  0  0
 2  0  90112 2538460   1852 449872    0    0  1280   476 1391  350 25  0 75  0  0
 2  0  90112 2538460   1852 449872    0    0  1024    36 1338  399 25  0 74  0  0
 2  0  90112 2538460   1852 449872    0    0  1280     0 1417  586 25  0 75  0  0
 2  0  90112 2538460   1852 449872    0    0  1024     0 1298  371 25  1 75  0  0
 2  0  90112 2538460   1852 449872    0    0  1280     8 1264  307 25  0 75  0  0
procs -----------memory---------- ---swap-- -----io---- -system-- ------cpu-----
 r  b   swpd   free   buff  cache   si   so    bi    bo   in   cs us sy id wa st
 2  0  90112 2538460   1852 449872    0    0  1024     0 1437  438 25  0 75  0  0
 2  0  90112 2538460   1852 449872    0    0  1280    92 1328  350 25  0 74  0  0
 2  0  90112 2538460   1852 449872    0    0  1024     0 1416  427 25  1 74  0  0
 2  0  90112 2538460   1852 449872    0    0  1280     0 1296  335 25  0 74  0  0
 2  0  90112 2538460   1852 449872    0    0  1024     0 1336  420 25  1 74  0  0
 2  0  90112 2538460   1852 449872    0    0  1280     0 1375  420 25  0 75  0  0
 2  0  90112 2538460   1852 449872    0    0  1024   420 1401  406 25  1 74  0  0
 2  0  90112 2538460   1852 449872    0    0  1280     0 1244  300 25  0 75  0  0
 2  0  90112 2538460   1852 449872    0    0  1024    48 1280  365 25  0 74  0  0
 2  0  90112 2538460   1852 449872    0    0  1280     0 1288  303 25  0 75  0  0
 2  0  90112 2538460   1852 449872    0    0  1024     0 1312  394 25  1 74  0  0
 2  0  90112 2538460   1852 449872    0    0  1280    48 1306  327 25  0 75  0  0
 2  0  90112 2538460   1852 449872    0    0  1280     0 1299  365 25  1 74  0  0
 2  0  90112 2538460   1852 449872    0    0  1024     0 1330  374 26  0 74  0  0
 2  0  90112 2538460   1852 449872    0    0  1024     0 1390  437 25  1 74  0  0
 2  0  90112 2538460   1852 449872    0    0  1280     0 1283  330 25  0 75  0  0
 2  0  90112 2538460   1852 449872    0    0  1280    32 1313  379 25  1 74  0  0
 2  0  90112 2538460   1852 449872    0    0  1024     0 1288  339 25  0 75  0  0
 2  0  90112 2538460   1852 449872    0    0  1280   164 1400  447 25  0 74  0  0
 2  0  90112 2538460   1852 449872    0    0  1024  3688 1304  340 25  0 75  0  0
 2  0  90112 2538460   1852 449872    0    0  1280     0 1316  383 25  1 74  0  0
procs -----------memory---------- ---swap-- -----io---- -system-- ------cpu-----
 r  b   swpd   free   buff  cache   si   so    bi    bo   in   cs us sy id wa st
 2  0  90112 2538460   1852 449872    0    0  1024    72 1364  369 25  0 74  0  0
 2  0  90112 2538460   1852 449872    0    0  1280     0 1307  386 25  1 75  0  0
 2  0  90112 2538460   1852 449872    0    0  1024     0 1248  298 25  0 75  0  0
 2  0  90112 2538460   1852 449872    0    0  1280     0 1366  437 26  1 74  0  0
 2  0  90112 2538460   1852 449872    0    0  1024     0 1337  344 25  0 75  0  0
 2  0  90112 2538460   1852 449872    0    0  1280   240 1464  470 25  1 74  0  0
 2  0  90112 2538460   1852 449872    0    0  1024     0 1277  314 25  0 75  0  0
 2  0  90112 2538460   1852 449872    0    0  1280     0 1312  386 25  1 75  0  0
 2  0  90112 2538460   1852 449872    0    0  1024     0 1436  367 25  0 74  0  0
 2  0  90112 2538460   1852 449872    0    0  1280     4 1464  469 25  0 75  0  0
 2  0  90112 2538460   1852 449872    0    0  1024   276 1291  340 25  0 75  0  0
 2  0  90112 2538460   1852 449872    0    0  1280   120 1334  410 25  1 74  0  0
 2  0  90112 2538460   1852 449872    0    0  1024     0 1236  282 25  0 75  0  0
 2  0  90112 2538460   1852 449872    0    0  1280     0 1330  383 25  0 75  0  0
 2  0  90112 2538460   1852 449872    0    0  1024     0 1410  425 25  1 74  0  0
 2  0  90112 2538460   1852 449872    0    0  1280     0 1314  398 25  1 75  0  0
 2  0  90112 2538460   1852 449872    0    0  1280    32 1302  338 25  0 75  0  0
 2  0  90112 2538460   1852 449872    0    0  1024     0 1327  402 25  1 74  0  0
 2  0  90112 2538460   1852 449872    0    0  1284     0 1336  334 25  0 75  0  0
 2  0  90112 2538460   1852 449872    0    0  1024   356 1482  490 25  1 74  0  0
 5  0  90112 2538460   1852 449872    0    0  1280     0 1389  350 25  0 75  0  0
procs -----------memory---------- ---swap-- -----io---- -system-- ------cpu-----
 r  b   swpd   free   buff  cache   si   so    bi    bo   in   cs us sy id wa st
 2  0  90112 2538460   1852 449872    0    0  1024    56 1376  408 25  1 74  0  0
 2  0  90112 2538460   1852 449872    0    0  1280     0 1337  319 25  0 75  0  0
 2  0  90112 2538460   1852 449872    0    0  1024    48 1350  399 25  1 74  0  0
 2  0  90112 2538460   1852 449872    0    0  1280     0 1260  299 25  0 75  0  0
 2  0  90112 2538460   1852 449872    0    0  1024   176 1412  462 25  1 74  0  0
 2  0  90112 2538460   1852 449872    0    0  1280    64 1261  317 25  0 75  0  0
 2  0  90112 2538460   1852 449872    0    0  1024     0 1332  394 25  1 74  0  0
 2  0  90112 2538460   1852 449872    0    0  1280    88 1299  354 25  0 75  0  0
 2  0  90112 2538460   1852 449872    0    0  1028  3640 1565  540 27  1 72  0  0
 2  0  90112 2538460   1852 449872    0    0  1280   184 1308  326 25  0 75  0  0
 2  0  90112 2538460   1852 449872    0    0  1024     0 1333  404 25  1 74  0  0
 2  0  90112 2538460   1852 449872    0    0  1280     0 1306  325 25  0 75  0  0
 2  0  90112 2538460   1852 449872    0    0  1024    76 1424  463 25  1 74  0  0
 2  0  90112 2538460   1852 449872    0    0  1280     0 1248  293 25  0 75  0  0
 4  0  90112 2538460   1852 449872    0    0  1024     0 1335  408 25  0 74  0  0
 2  0  90112 2538460   1852 449872    0    0  1280     0 1381  391 25  0 74  0  0
 2  0  90112 2538460   1852 449872    0    0  1024   132 1452  491 26  1 74  0  0
 2  0  90112 2538460   1852 449872    0    0  1280    24 1462  586 25  0 75  0  0
 2  0  90112 2538460   1852 449872    0    0  1280     0 1388  447 25  1 74  0  0
 2  0  90112 2538460   1852 449872    0    0  1024     0 1330  356 25  0 74  0  0
 2  0  90112 2538460   1852 449872    0    0  1280     0 1354  439 25  1 74  0  0
procs -----------memory---------- ---swap-- -----io---- -system-- ------cpu-----
 r  b   swpd   free   buff  cache   si   so    bi    bo   in   cs us sy id wa st
 2  0  90112 2538460   1852 449872    0    0  1060     0 1437  443 25  1 74  0  0
 2  0  90112 2538460   1852 449872    0    0  1280    52 1373  441 25  0 74  0  0
 2  0  90112 2538460   1852 449872    0    0  1024   444 1551  532 25  0 74  0  0
 2  0  90112 2538460   1852 449872    0    0  1280     0 1364  422 25  1 74  0  0
 2  0  90112 2538460   1852 449872    0    0  1024     0 1284  305 25  0 75  0  0
 2  0  90112 2538460   1852 449872    0    0  1280   112 1331  383 25  1 74  0  0
 2  0  90112 2538460   1852 449872    0    0  1024    36 1394  393 25  0 75  0  0
 2  0  90112 2538460   1852 449872    0    0  1280     0 1288  399 25  0 74  0  0
 2  0  90112 2538460   1852 449872    0    0  1028     0 1355  361 25  1 74  0  0
 2  0  90112 2538460   1852 449872    0    0  1280     0 1323  414 25  0 75  0  0
 2  0  90112 2538460   1852 449872    0    0  1024     0 1344  358 25  0 75  0  0
 2  0  90112 2538460   1852 449872    0    0  1280   476 1517  489 25  1 74  0  0
 2  0  90112 2538460   1852 449872    0    0  1024     0 1316  327 25  0 75  0  0
 2  0  90112 2538460   1852 449872    0    0  1280    48 1347  411 25  1 75  0  0
 2  0  90112 2538460   1852 449872    0    0  1024     0 1261  308 25  0 75  0  0
 2  0  90112 2538460   1852 449872    0    0  1280     0 1362  400 25  0 74  0  0
 3  0  90112 2538460   1852 449872    0    0  1024    76 1293  348 25  0 75  0  0
 2  0  90112 2538460   1852 449872    0    0  1280   112 1407  447 25  1 74  0  0
 2  0  90112 2538460   1852 449872    0    0  1280     0 1346  332 25  0 75  0  0
 2  0  90112 2538460   1852 449872    0    0  1024  3620 1419  442 25  1 73  1  0
 2  0  90112 2538460   1852 449872    0    0  1280     0 1351  325 25  0 75  0  0
procs -----------memory---------- ---swap-- -----io---- -system-- ------cpu-----
 r  b   swpd   free   buff  cache   si   so    bi    bo   in   cs us sy id wa st
 3  0  90112 2538460   1852 449872    0    0  1024    60 1370  448 25  1 74  0  0
 2  0  90112 2538460   1852 449872    0    0  1280   292 1474  425 25  1 74  0  0
 2  0  90112 2538460   1852 449872    0    0  1024     0 1312  382 25  1 74  0  0
 2  0  90112 2538460   1852 449872    0    0  1280     0 1286  301 25  0 75  0  0
 2  0  90112 2538460   1852 449872    0    0  1024     0 1325  397 25  1 75  0  0
 2  0  90112 2538460   1852 449872    0    0  1280     0 1270  306 25  0 75  0  0
 2  0  90112 2538460   1852 449872    0    0  1024    36 1393  445 25  1 74  0  0
 2  0  90112 2538460   1852 449872    0    0  1280     0 1279  310 25  0 75  0  0
 2  0  90112 2538460   1852 449872    0    0  1024     0 1308  403 25  1 75  0  0
 2  0  90112 2538460   1852 449872    0    0  1280   256 1441  427 25  0 75  0  0
 2  0  90112 2538460   1852 449872    0    0  1024     0 1370  436 25  1 74  0  0
 2  0  90112 2538460   1852 449872    0    0  1280    36 1278  324 25  0 75  0  0
 2  0  90112 2538460   1852 449872    0    0  1024     8 1334  446 25  1 74  0  0
 2  0  90112 2538460   1852 449872    0    0  1280     4 1301  333 25  0 75  0  0
 2  0  90112 2538460   1852 449872    0    0  1024   264 1444  458 25  1 74  0  0
 2  0  90112 2538460   1852 449872    0    0  1280     0 1315  324 25  0 75  0  0
 2  0  90112 2538460   1852 449872    0    0  1024    36 1346  393 25  1 74  0  0
 2  0  90112 2538460   1852 449872    0    0  1280     0 1275  319 25  0 75  0  0
 2  0  90112 2538460   1852 449872    0    0  1280     0 1401  460 25  1 74  0  0
 2  0  90112 2538460   1852 449872    0    0  1024     0 1209  257 25  0 75  0  0
 2  0  90112 2538460   1852 449872    0    0  1280     0 1385  463 25  1 74  0  0
procs -----------memory---------- ---swap-- -----io---- -system-- ------cpu-----
 r  b   swpd   free   buff  cache   si   so    bi    bo   in   cs us sy id wa st
 2  0  90112 2538460   1852 449872    0    0  1024    32 1269  322 25  0 74  0  0
 2  0  90112 2538460   1852 449872    0    0  1280   280 1402  490 25  1 74  0  0
