procs -----------memory---------- ---swap-- -----io---- -system-- ------cpu-----
 r  b   swpd   free   buff  cache   si   so    bi    bo   in   cs us sy id wa st
 1  1  90624 2540324   1864 470208    1    3   821   223  317  153 19  1 80  0  0
 2  0  90624 2540324   1864 470208    0    0 17068     0 2029  882 22  3 74  2  0
 2  0  90624 2540324   1864 470208    0    0  1280     0 1315  332 25  1 75  0  0
 2  0  90624 2540324   1864 470208    0    0  1584     0 1509  514 25  1 74  0  0
 2  0  90624 2540324   1864 470208    0    0  1024     0 1334  365 25  1 75  0  0
 2  0  90624 2540324   1864 470208    0    0  1280    72 1312  410 25  1 74  0  0
 2  0  90624 2540324   1864 470208    0    0  1280     0 1305  347 25  1 75  0  0
 2  0  90624 2540324   1864 470208    0    0  1024     0 1326  391 25  1 75  0  0
 2  0  90624 2540324   1864 470208    0    0  1280     0 1263  268 25  0 75  0  0
 2  0  90624 2540324   1864 470208    0    0  1024     0 1328  406 25  1 74  0  0
 2  0  90624 2540324   1864 470208    0    0  1280    32 1286  307 25  0 75  0  0
 2  0  90624 2540324   1864 470208    0    0  1024    56 1359  400 25  1 74  0  0
 2  0  90624 2540324   1864 470208    0    0  1280     0 1280  287 25  0 75  0  0
 2  0  90624 2540324   1864 470208    0    0  1024     0 1372  435 25  1 74  0  0
 2  0  90624 2540324   1864 470208    0    0  1280     0 1247  281 25  0 75  0  0
 2  0  90624 2540324   1864 470208    0    0  1024    32 1343  416 25  1 74  0  0
 2  0  90624 2540324   1864 470208    0    0  1280     0 1356  327 25  0 75  0  0
 2  0  90624 2540324   1864 470208    0    0  1024     0 1333  402 25  1 74  0  0
 2  0  90624 2540324   1864 470208    0    0  1280     0 1381  364 25  0 75  0  0
 2  0  90624 2540324   1864 470208    0    0  1024     0 1395  454 25  1 74  0  0
 2  0  90624 2540324   1864 470208    0    0  1280    32 1318  321 25  0 75  0  0
procs -----------memory---------- ---swap-- -----io---- -system-- ------cpu-----
 r  b   swpd   free   buff  cache   si   so    bi    bo   in   cs us sy id wa st
 2  0  90624 2540324   1864 470208    0    0  1024     8 1423  561 25  1 74  0  0
 2  0  90624 2540324   1864 470208    0    0  1280     0 1361  360 25  0 75  0  0
 2  0  90624 2540324   1864 470208    0    0  1024     0 1345  385 25  1 74  0  0
 2  0  90624 2540324   1864 470208    0    0  1280     0 1296  307 25  0 75  0  0
 2  0  90624 2540324   1864 470208    0    0  1024   848 1522  491 25  1 74  0  0
 2  0  90624 2540324   1864 470208    0    0  1280    32 1444  588 25  0 75  0  0
 2  0  90624 2540324   1864 470208    0    0  1280     0 1319  392 25  1 75  0  0
 2  0  90624 2540324   1864 470208    0    0  1024     0 1246  280 25  0 75  0  0
 2  0  90624 2540324   1864 470208    0    0  1280     0 1390  453 25  1 74  0  0
 2  0  90624 2540324   1864 470208    0    0  1024     4 1222  266 25  0 75  0  0
 2  0  90624 2540324   1864 470208    0    0  1280    32 1350  406 25  0 75  0  0
 2  0  90624 2540324   1864 470208    0    0  1032  4124 1361  404 25  0 74  1  0
 2  0  90624 2540324   1864 470208    0    0  1280     0 1345  399 25  0 74  0  0
 2  0  90624 2540324   1864 470208    0    0  1024     0 1257  305 25  0 75  0  0
 2  0  90624 2540324   1864 470208    0    0  1280     0 1353  408 25  0 75  0  0
 2  0  90624 2540324   1864 470208    0    0  1024    68 1224  277 25  0 75  0  0
 2  0  90624 2540324   1864 470208    0    0  1280     0 1409  447 25  1 74  0  0
 2  0  90624 2540324   1864 470208    0    0  1024     0 1295  292 25  0 75  0  0
 2  0  90624 2540324   1864 470208    0    0  1280     0 1386  429 25  0 75  0  0
 2  0  90624 2540324   1864 470208    0    0  1024     0 1261  264 25  0 75  0  0
 2  0  90624 2540324   1864 470208    0    0  1824    32 1389  469 25  1 74  0  0
procs -----------memory---------- ---swap-- -----io---- -system-- ------cpu-----
 r  b   swpd   free   buff  cache   si   so    bi    bo   in   cs us sy id wa st
 2  0  90624 2540324   1864 470208    0    0  4000    56 1469  460 25  1 74  1  0
 2  0  90624 2540324   1864 470208    0    0  1024     0 1304  389 25  0 75  0  0
 2  0  90624 2540324   1864 470208    0    0  1280     0 1378  410 25  0 75  0  0
 2  0  90624 2540324   1864 470208    0    0  1024     0 1311  386 25  1 75  0  0
 2  0  90624 2540324   1864 470208    0    0  1280    32 1249  274 25  0 75  0  0
 2  0  90624 2540324   1864 470208    0    0  1024     0 1345  418 25  1 74  0  0
 2  0  90624 2540324   1864 470208    0    0  1280     0 1271  283 25  0 75  0  0
 2  0  90624 2540324   1864 470208    0    0  1024     0 1440  506 25  1 74  0  0
 2  0  90624 2540324   1864 470208    0    0  1280     0 1472  398 25  1 74  0  0
 2  0  90624 2540324   1864 470208    0    0  1024    32 1453  533 25  1 74  0  0
 2  0  90624 2540324   1864 470208    0    0  1280     0 1263  296 25  0 75  0  0
 2  0  90624 2540324   1864 470208    0    0  1024     0 1274  386 25  1 74  0  0
 2  0  90624 2540324   1864 470208    0    0  1280     0 1240  283 25  0 75  0  0
 2  0  90624 2540324   1864 470208    0    0  1024     0 1462  479 25  1 74  0  0
 2  0  90624 2540324   1864 470208    0    0  1280     0 1310  296 25  0 75  0  0
 2  0  90624 2540324   1864 470208    0    0  1024    32 1317  383 25  1 74  0  0
 2  0  90624 2540324   1864 470208    0    0  1280  3036 1321  318 25  0 75  0  0
 2  0  90624 2540324   1864 470208    0    0  1280     0 1380  427 25  1 74  0  0
 2  0  90624 2540324   1864 470208    0    0  1024     0 1283  359 25  0 75  0  0
 2  0  90624 2540324   1864 470208    0    0  1280     0 1337  390 25  1 74  0  0
 2  0  90624 2540324   1864 470208    0    0  1024    48 1269  300 25  0 75  0  0
procs -----------memory---------- ---swap-- -----io---- -system-- ------cpu-----
 r  b   swpd   free   buff  cache   si   so    bi    bo   in   cs us sy id wa st
 2  0  90624 2540324   1864 470208    0    0  1280   756 1561  540 25  1 74  0  0
 2  0  90624 2540324   1864 470208    0    0  1024     0 1419  385 25  1 74  0  0
 2  0  90624 2540324   1864 470208    0    0  1280     0 1360  421 25  0 74  0  0
 2  0  90624 2540324   1864 470208    0    0  1024     0 1266  307 25  0 75  0  0
 2  0  90624 2540324   1864 470208    0    0  1280    52 1338  424 25  1 74  0  0
 2  0  90624 2540324   1864 470208    0    0  1024     0 1310  307 25  0 75  0  0
 2  0  90624 2540324   1864 470208    0    0  1280     0 1379  412 25  1 74  0  0
 2  0  90624 2540324   1864 470208    0    0  1024     0 1282  292 25  0 75  0  0
 2  0  90624 2540324   1864 470208    0    0  1280     0 1383  436 25  1 74  0  0
 2  0  90624 2540324   1864 470208    0    0  1280    32 1260  302 25  0 75  0  0
 3  0  90624 2540324   1864 470208    0    0  1024  1904 1416  456 25  1 74  0  0
 2  0  90624 2540324   1864 470208    0    0  1280     0 1311  316 25  0 75  0  0
 2  0  90624 2540324   1864 470208    0    0  1024     0 1358  413 25  1 75  0  0
 2  0  90624 2540324   1864 470208    0    0  1280     0 1300  297 25  0 75  0  0
 2  0  90624 2540324   1864 470208    0    0  1024    68 1339  401 25  0 74  0  0
 2  0  90624 2540324   1864 470208    0    0  1280     0 1228  272 25  0 75  0  0
 2  0  90624 2540324   1864 470208    0    0  1024    12 1484  518 25  1 74  0  0
 2  0  90624 2540324   1864 470208    0    0  1280     0 1228  264 25  0 75  0  0
 2  0  90624 2540324   1864 470208    0    0  1024     0 1370  449 25  1 74  0  0
 2  0  90624 2540324   1864 470208    0    0  1280    44 1329  318 25  0 75  0  0
 2  0  90624 2540324   1864 470208    0    0  1024     0 1354  410 25  0 75  0  0
procs -----------memory---------- ---swap-- -----io---- -system-- ------cpu-----
 r  b   swpd   free   buff  cache   si   so    bi    bo   in   cs us sy id wa st
 2  0  90624 2540324   1864 470208    0    0  1280     0 1340  325 25  0 75  0  0
 2  0  90624 2540324   1864 470208    0    0  1024     0 1307  393 25  1 74  0  0
 2  0  90624 2540324   1864 470208    0    0  1280     0 1429  362 25  0 75  0  0
 2  0  90624 2540324   1864 470208    0    0  1280    32 1391  439 25  1 74  0  0
 2  0  90624 2540324   1864 470208    0    0  1024     0 1440  542 25  0 75  0  0
 2  0  90624 2540324   1864 470208    0    0  1280     0 1380  438 25  1 74  0  0
 2  0  90624 2540324   1864 470208    0    0  1024     0 1234  276 25  0 75  0  0
 2  0  90624 2540324   1864 470208    0    0  1280     0 1376  429 25  0 74  0  0
 2  0  90624 2540324   1864 470208    0    0  1024     0 1221  269 25  0 75  0  0
 2  0  90624 2540324   1864 470208    0    0  1280   840 1487  587 25  1 74  0  0
 2  0  90624 2540324   1864 470208    0    0  1024  2388 1350  324 25  0 75  0  0
 2  0  90624 2540324   1864 470208    0    0  1280     0 1418  452 25  1 74  0  0
 2  0  90624 2540324   1864 470208    0    0  1024     0 1212  264 25  0 75  0  0
 2  0  90624 2540324   1864 470208    0    0  1280     0 1316  399 25  0 75  0  0
 2  0  90624 2540324   1864 470208    0    0  1024    60 1259  286 25  0 75  0  0
 2  0  90624 2540324   1864 470208    0    0  1280     0 1296  418 25  1 74  0  0
 2  0  90624 2540324   1864 470208    0    0  1024     0 1280  299 25  0 75  0  0
 2  0  90624 2540324   1864 470208    0    0  6928     0 1812  807 26  1 72  2  0
 2  0  90624 2540324   1864 470208    0    0  1280     0 1338  328 25  1 75  0  0
 2  0  90624 2540324   1864 470208    0    0 10432   108 2495 1612 27  3 68  3  0
 2  0  90624 2540324   1864 470208    0    0  1024     0 1286  352 25  0 75  0  0
procs -----------memory---------- ---swap-- -----io---- -system-- ------cpu-----
 r  b   swpd   free   buff  cache   si   so    bi    bo   in   cs us sy id wa st
 2  0  90624 2540324   1864 470208    0    0  1280   660 1443  487 25  1 74  0  0
 2  0  90624 2540324   1864 470208    0    0  1280     8 1271  298 25  0 75  0  0
 2  0  90624 2540324   1864 470208    0    0  1024     0 1316  398 25  1 74  0  0
 2  0  90624 2540324   1864 470208    0    0  1280   140 1316  333 25  0 75  0  0
 2  0  90624 2540324   1864 470208    0    0  1024     0 1359  452 25  1 74  0  0
 2  0  90624 2540324   1864 470208    0    0  1280     0 1217  268 25  0 75  0  0
 2  0  90624 2540324   1864 470208    0    0  1024    48 1379  447 25  1 74  0  0
 2  0  90624 2540324   1864 470208    0    0  1280     0 1250  281 25  0 75  0  0
 2  0  90624 2540324   1864 470208    0    0  1024    48 1342  417 25  0 74  0  0
 2  0  90624 2540324   1864 470208    0    0  1280    72 1333  344 25  1 75  0  0
 2  0  90624 2540324   1864 470208    0    0  1024  2460 1333  443 25  0 75  0  0
 2  0  90624 2540324   1864 470208    0    0  1280     0 1290  312 25  0 75  0  0
 2  0  90624 2540324   1864 470208    0    0  1024     0 1337  428 25  1 75  0  0
 2  0  90624 2540324   1864 470208    0    0  1280    48 1223  283 25  0 75  0  0
 2  0  90624 2540324   1864 470208    0    0  1024     0 1341  457 25  1 74  0  0
 2  0  90624 2540324   1864 470208    0    0  1280     0 1239  260 25  0 75  0  0
 2  0  90624 2540324   1864 470208    0    0  1280     0 1332  399 25  1 75  0  0
 2  0  90624 2540324   1864 470208    0    0  1024     0 1367  362 25  0 74  0  0
 2  0  90624 2540324   1864 470208    0    0  1280    32 1385  422 25  0 75  0  0
 2  0  90624 2540324   1864 470208    0    0  1024    36 1339  356 25  0 75  0  0
 2  0  90624 2540324   1864 470208    0    0  1280     0 1322  392 25  1 75  0  0
procs -----------memory---------- ---swap-- -----io---- -system-- ------cpu-----
 r  b   swpd   free   buff  cache   si   so    bi    bo   in   cs us sy id wa st
 2  0  90624 2540324   1864 470208    0    0  1024   528 1332  371 25  0 75  0  0
 2  0  90624 2540324   1864 470208    0    0  1280     0 1421  456 25  1 74  0  0
 2  0  90624 2540324   1864 470208    0    0  1024    36 1274  284 25  0 75  0  0
 2  0  90624 2540324   1864 470208    0    0  1280     0 1393  445 25  1 74  0  0
 2  0  90624 2540324   1864 470208    0    0  1024     0 1341  315 25  0 75  0  0
 2  0  90624 2540324   1864 470208    0    0  1280     0 1326  393 25  0 75  0  0
 2  0  90624 2540324   1864 470208    0    0  1024     4 1248  276 25  0 75  0  0
 2  0  90624 2540324   1864 470208    0    0  1280     0 1273  378 25  0 75  0  0
 2  0  90624 2540324   1864 470208    0    0  1280    56 1288  314 25  0 75  0  0
 2  0  90624 2540324   1864 470208    0    0  1024     0 1383  421 25  1 74  0  0
 2  0  90624 2540324   1864 470208    0    0  1280     0 1235  267 25  0 75  0  0
 2  0  90624 2540324   1864 470208    0    0  1024     0 1290  380 25  1 74  0  0
 2  0  90624 2540324   1864 470208    0    0  1280     0 1271  268 25  0 75  0  0
 2  0  90624 2540324   1864 470208    0    0  1024    20 1406  462 25  1 74  0  0
 2  0  90624 2540324   1864 470208    0    0  1280     0 1299  318 25  0 75  0  0
 2  0  90624 2540324   1864 470208    0    0  1024     0 1294  433 25  1 75  0  0
 2  0  90624 2540324   1864 470208    0    0  1280    36 1382  370 25  1 75  0  0
 2  0  90624 2540324   1864 470208    0    0  1024     0 1334  409 25  0 75  0  0
 2  0  90624 2540324   1864 470208    0    0  1280    48 1346  349 25  0 74  0  0
 2  0  90624 2540324   1864 470208    0    0  1024     0 1370  441 25  1 74  0  0
 2  0  90624 2540324   1864 470208    0    0  1280  3624 1252  291 25  0 75  0  0
procs -----------memory---------- ---swap-- -----io---- -system-- ------cpu-----
 r  b   swpd   free   buff  cache   si   so    bi    bo   in   cs us sy id wa st
 2  0  90624 2540324   1864 470208    0    0  1024     0 1348  408 25  1 75  0  0
 2  0  90624 2540324   1864 470208    0    0  1280     0 1353  336 25  0 75  0  0
 2  0  90624 2540324   1864 470208    0    0  1024    60 1498  687 25  1 74  0  0
 2  0  90624 2540324   1864 470208    0    0  1280     0 1295  289 25  0 75  0  0
 2  0  90624 2540324   1864 470208    0    0  1024     0 1329  410 25  1 74  0  0
 2  0  90624 2540324   1864 470208    0    0  1280     0 1222  264 25  0 75  0  0
 2  0  90624 2540324   1864 470208    0    0  1280     0 1300  385 25  1 74  0  0
 2  0  90624 2540324   1864 470208    0    0  1024    32 1213  288 25  0 75  0  0
 2  0  90624 2540324   1864 470208    0    0  1280     0 1339  432 25  0 75  0  0
 2  0  90624 2540324   1864 470208    0    0  1024     0 1335  327 25  0 74  0  0
 2  0  90624 2540324   1864 470208    0    0  1280   668 1490  458 25  1 74  0  0
 2  0  90624 2540324   1864 470208    0    0  1024     0 1327  316 25  0 75  0  0
 2  0  90624 2540324   1864 470208    0    0  1280    36 1322  434 25  1 74  0  0
 2  0  90624 2540324   1864 470208    0    0  1024     0 1221  276 25  0 75  0  0
 2  0  90624 2540324   1864 470208    0    0  1280     0 1381  449 25  0 74  0  0
 2  0  90624 2540324   1864 470208    0    0  1024     0 1317  344 25  1 74  0  0
 2  0  90624 2540324   1864 470208    0    0  1280     0 1364  424 25  1 74  0  0
 2  0  90624 2540324   1864 470208    0    0  1024    32 1321  359 25  0 75  0  0
 2  0  90624 2540324   1864 470208    0    0  1280     0 1294  387 25  1 74  0  0
 2  0  90624 2540324   1864 470208    0    0  1280     0 1277  302 25  0 75  0  0
 2  0  90624 2540324   1864 470208    0    0  1024     0 1346  439 25  1 74  0  0
procs -----------memory---------- ---swap-- -----io---- -system-- ------cpu-----
 r  b   swpd   free   buff  cache   si   so    bi    bo   in   cs us sy id wa st
 2  0  90624 2540324   1864 470208    0    0  1280     0 1225  265 25  0 75  0  0
 2  0  90624 2540324   1864 470208    0    0  1024    32 1416  473 25  1 74  0  0
 2  0  90624 2540324   1864 470208    0    0  1280    56 1254  290 25  0 75  0  0
 2  0  90624 2540324   1864 470208    0    0  1024     0 1311  425 25  1 74  0  0
 2  0  90624 2540324   1864 470208    0    0  1280     0 1270  280 25  0 75  0  0
 2  0  90624 2540324   1864 470208    0    0  1024     0 1329  410 25  1 74  0  0
 2  0  90624 2540324   1864 470208    0    0  1280    84 1245  302 25  0 75  0  0
 2  0  90624 2540324   1864 470208    0    0  1024     0 1377  435 25  1 74  0  0
 2  0  90624 2540324   1864 470208    0    0  1280     0 1229  268 25  0 75  0  0
 2  0  90624 2540324   1864 470208    0    0  1024  3620 1359  423 25  1 74  0  0
 2  0  90624 2540324   1864 470208    0    0  1280     0 1224  261 25  0 75  0  0
 2  0  90624 2540324   1864 470208    0    0  1280     0 1438  478 25  1 74  0  0
 2  0  90624 2540324   1864 470208    0    0  1024    72 1359  410 25  0 74  0  0
 2  0  90624 2540324   1864 470208    0    0  1280     0 1346  429 25  0 75  0  0
 2  0  90624 2540324   1864 470208    0    0  1024     8 1313  308 25  0 75  0  0
 2  0  90624 2540324   1864 470208    0    0  1280     0 1447  449 25  0 74  0  0
 2  0  90624 2540324   1864 470208    0    0  1024     0 1381  360 25  0 75  0  0
 2  0  90624 2540324   1864 470208    0    0  1280    32 1353  432 25  1 74  0  0
 2  0  90624 2540324   1864 470208    0    0  1028     0 1273  334 25  0 75  0  0
 2  0  90624 2540324   1864 470208    0    0  1280     0 1361  446 25  1 74  0  0
 2  0  90624 2540324   1864 470208    0    0  1024     0 1249  290 25  0 75  0  0
procs -----------memory---------- ---swap-- -----io---- -system-- ------cpu-----
 r  b   swpd   free   buff  cache   si   so    bi    bo   in   cs us sy id wa st
 2  0  90624 2540324   1864 470208    0    0  1280   756 1541  519 25  1 74  0  0
 2  0  90624 2540324   1864 470208    0    0  1024    40 1243  271 25  0 75  0  0
 2  0  90624 2540324   1864 470208    0    0  1280     4 1494  495 25  1 74  0  0
 2  0  90624 2540324   1864 470208    0    0  1024     0 1259  280 25  0 75  0  0
 2  0  90624 2540324   1864 470208    0    0  1280     0 1359  430 25  1 74  0  0
 2  0  90624 2540324   1864 470208    0    0  1024     0 1277  301 25  0 75  0  0
 2  0  90624 2540324   1864 470208    0    0  1280    32 1388  434 25  1 74  0  0
 2  0  90624 2540324   1864 470208    0    0  1280     0 1379  338 25  0 75  0  0
 2  0  90624 2540324   1864 470208    0    0  1024     0 1292  387 25  1 75  0  0
 2  0  90624 2540324   1864 470208    0    0  1280     0 1220  266 25  0 75  0  0
 2  0  90624 2540324   1864 470208    0    0  1024     0 1352  438 25  1 75  0  0
 2  0  90624 2540324   1864 470208    0    0  1280    32 1319  319 25  0 75  0  0
 2  0  90624 2540324   1864 470208    0    0  1024     0 1330  438 25  0 74  0  0
 2  0  90624 2540324   1864 470208    0    0  1280     0 1340  346 25  0 75  0  0
 2  0  90624 2540324   1864 470208    0    0  1024     0 1305  388 25  1 74  0  0
 2  0  90624 2540324   1864 470208    0    0  1280     0 1287  312 25  0 75  0  0
 2  0  90624 2540324   1864 470208    0    0  1024    80 1364  416 25  1 74  0  0
 2  0  90624 2540324   1864 470208    0    0  1280    40 1296  318 25  0 75  0  0
 2  0  90624 2540324   1864 470208    0    0  1024     0 1344  411 25  1 74  0  0
 2  0  90624 2540324   1864 470208    0    0  1280  3624 1272  288 25  1 74  0  0
 2  0  90624 2540324   1864 470208    0    0  1024     0 1307  399 25  0 75  0  0
procs -----------memory---------- ---swap-- -----io---- -system-- ------cpu-----
 r  b   swpd   free   buff  cache   si   so    bi    bo   in   cs us sy id wa st
 2  0  90624 2540324   1864 470208    0    0  1280    88 1226  295 25  0 75  0  0
 2  0  90624 2540324   1864 470208    0    0  1280     0 1457  642 25  1 74  0  0
 2  0  90624 2540324   1864 470208    0    0  1024    12 1325  345 25  0 75  0  0
 2  0  90624 2540324   1864 470208    0    0  1280     0 1340  421 25  1 74  0  0
 2  0  90624 2540324   1864 470208    0    0  1024     0 1305  318 25  0 75  0  0
 2  0  90624 2540324   1864 470208    0    0  1280    44 1341  429 25  1 75  0  0
 2  0  90624 2540324   1864 470208    0    0  1024     0 1303  310 25  0 75  0  0
 2  0  90624 2540324   1864 470208    0    0  1280    16 1371  437 25  1 74  0  0
 2  0  90624 2540324   1864 470208    0    0  1024     0 1256  282 25  0 75  0  0
 2  0  90624 2540324   1864 470208    0    0  1280   720 1469  495 25  1 74  0  0
 2  0  90624 2540324   1864 470208    0    0  1024     0 1260  269 25  0 75  0  0
 2  0  90624 2540324   1864 470208    0    0  1280    56 1368  434 25  1 74  0  0
 2  0  90624 2540324   1864 470208    0    0  1024    12 1330  326 25  1 75  0  0
 2  0  90624 2540324   1864 470208    0    0  1280     0 1380  434 25  0 75  0  0
 2  0  90624 2540324   1864 470208    0    0  1024     4 1318  353 25  0 74  0  0
 2  0  90624 2540324   1864 470208    0    0  1280     0 1352  420 25  1 74  0  0
 2  0  90624 2540324   1864 470208    0    0  1280    44 1245  267 25  0 75  0  0
 2  0  90624 2540324   1864 470208    0    0  1024     0 1405  445 25  1 74  0  0
 2  0  90624 2540324   1864 470208    0    0  1280     0 1301  292 25  0 75  0  0
 2  0  90624 2540324   1864 470208    0    0  1024     0 1378  432 25  1 74  0  0
 2  0  90624 2540324   1864 470208    0    0  1280    12 1315  309 25  1 75  0  0
procs -----------memory---------- ---swap-- -----io---- -system-- ------cpu-----
 r  b   swpd   free   buff  cache   si   so    bi    bo   in   cs us sy id wa st
 2  0  90624 2540324   1864 470208    0    0  1024    48 1351  442 25  1 74  0  0
 2  0  90624 2540324   1864 470208    0    0  1280     0 1333  355 26  0 74  0  0
 2  0  90624 2540324   1864 470208    0    0  1024     0 1332  386 25  1 74  0  0
 2  0  90624 2540324   1864 470208    0    0  1280     4 1287  319 25  0 75  0  0
 2  0  90624 2540324   1864 470208    0    0  1024     0 1406  436 25  1 74  0  0
 2  0  90624 2540324   1864 470208    0    0  1280    92 1304  294 25  0 74  0  0
 2  0  90624 2540324   1864 470208    0    0  1024    16 1431  468 25  1 74  0  0
 2  0  90624 2540324   1864 470208    0    0  1280  3304 1271  288 25  1 75  0  0
 2  0  90624 2540324   1864 470208    0    0  1024     4 1389  470 26  0 74  0  0
 2  0  90624 2540324   1864 470208    0    0  1280     0 1258  290 25  0 75  0  0
 2  0  90624 2540324   1864 470208    0    0  1024    76 1307  376 25  1 74  0  0
 2  0  90624 2540324   1864 470208    0    0  1280     0 1235  300 25  0 75  0  0
 2  0  90624 2540324   1864 470208    0    0  1280   304 1356  432 25  1 74  0  0
 2  0  90624 2540324   1864 470208    0    0  1024    16 1301  317 25  0 75  0  0
 2  0  90624 2540324   1864 470208    0    0  1280     0 1334  395 25  1 74  0  0
 2  0  90624 2540324   1864 470208    0    0  1024    60 1250  311 25  0 75  0  0
 2  0  90624 2540324   1864 470208    0    0  1280     0 1315  416 25  1 74  0  0
 2  0  90624 2540324   1864 470208    0    0  1024     0 1278  308 25  0 75  0  0
 2  0  90624 2540324   1864 470208    0    0  1280     0 1345  420 25  1 74  0  0
 2  0  90624 2540324   1864 470208    0    0  1024     0 1245  280 25  0 75  0  0
 2  0  90624 2540324   1864 470208    0    0  1280   632 1482  516 25  1 74  0  0
procs -----------memory---------- ---swap-- -----io---- -system-- ------cpu-----
 r  b   swpd   free   buff  cache   si   so    bi    bo   in   cs us sy id wa st
 2  0  90624 2540324   1864 470208    0    0  1024    48 1274  319 25  0 75  0  0
 2  0  90624 2540324   1864 470208    0    0  1280     0 1331  408 25  1 74  0  0
 2  0  90624 2540324   1864 470208    0    0  1024     0 1279  312 25  0 75  0  0
 2  0  90624 2540324   1864 470208    0    0  1280     0 1377  445 25  1 74  0  0
 2  0  90624 2540324   1864 470208    0    0  1280     0 1244  285 25  0 75  0  0
 2  0  90624 2540324   1864 470208    0    0  1024    44 1393  426 25  1 74  0  0
 2  0  90624 2540324   1864 470208    0    0  1280     0 1248  270 25  0 75  0  0
 2  0  90624 2540324   1864 470208    0    0  1028  2344 1320  439 25  0 74  0  0
 2  0  90624 2540324   1864 470208    0    0  1280     0 1327  325 25  0 75  0  0
 2  0  90624 2540324   1864 470208    0    0  1024     0 1341  435 25  1 74  0  0
 2  0  90624 2540324   1864 470208    0    0  1280    76 1244  283 25  0 75  0  0
 2  0  90624 2540324   1864 470208    0    0  1024     0 1341  427 25  1 74  0  0
 2  0  90624 2540324   1864 470208    0    0  1280     0 1307  336 25  0 75  0  0
 2  0  90624 2540324   1864 470208    0    0  1024    12 1318  399 25  1 74  0  0
 2  0  90624 2540324   1864 470208    0    0  1280     0 1285  290 25  0 75  0  0
 2  0  90624 2540324   1864 470208    0    0  1148   240 1375  475 25  1 74  0  0
 2  0  90624 2540324   1864 470208    0    0  1280     0 1310  309 25  0 75  0  0
 2  0  90624 2540324   1864 470208    0    0  1280     0 1378  473 25  1 74  0  0
 2  0  90624 2540324   1864 470208    0    0  1024     0 1296  323 25  0 75  0  0
 2  0  90624 2540324   1864 470208    0    0  1280    16 1362  415 25  1 74  0  0
 2  0  90624 2540324   1864 470208    0    0  1208    48 1463  630 25  0 74  0  0
procs -----------memory---------- ---swap-- -----io---- -system-- ------cpu-----
 r  b   swpd   free   buff  cache   si   so    bi    bo   in   cs us sy id wa st
 2  0  90624 2540324   1864 470208    0    0  1280     0 1454  492 25  1 74  0  0
 2  0  90624 2540324   1864 470208    0    0  1024     0 1293  362 25  0 74  0  0
 2  0  90624 2540324   1864 470208    0    0  1280     0 1434  509 25  1 74  0  0
 3  0  90624 2540324   1864 470208    0    0  1024     0 1411  455 26  0 74  0  0
 2  0  90624 2540324   1864 470208    0    0  1280    68 1438  457 25  1 74  0  0
 2  0  90624 2540324   1864 470208    0    0  1024     0 1297  315 25  0 74  0  0
 2  0  90624 2540324   1864 470208    0    0  1280     0 1378  434 25  1 74  0  0
 2  0  90624 2540324   1864 470208    0    0  1024     0 1273  293 25  1 75  0  0
 2  0  90624 2540324   1864 470208    0    0  1280     0 1394  443 25  0 74  0  0
 2  0  90624 2540324   1864 470208    0    0  1024    32 1388  350 25  1 74  0  0
 2  0  90624 2540324   1864 470208    0    0  1280   856 1533  536 25  1 74  0  0
 2  0  90624 2540324   1864 470208    0    0  1024  3040 1314  365 25  0 74  0  0
 2  0  90624 2540324   1864 470208    0    0  1280     0 1323  390 25  1 74  0  0
 2  0  90624 2540324   1864 470208    0    0  1024     0 1301  292 25  0 75  0  0
 2  0  90624 2540324   1864 470208    0    0  1280    80 1353  434 25  1 74  0  0
 2  0  90624 2540324   1864 470208    0    0  1024     0 1255  284 25  0 75  0  0
 2  0  90624 2540324   1864 470208    0    0  1280     0 1458  498 25  1 74  0  0
 2  0  90624 2540324   1864 470208    0    0  1280     0 1263  277 25  0 75  0  0
 2  0  90624 2540324   1864 470208    0    0  1024     0 1358  439 25  1 74  0  0
 2  0  90624 2540324   1864 470208    0    0  1280     0 1297  287 25  0 75  0  0
 2  0  90624 2540324   1864 470208    0    0  1024    32 1359  404 25  1 74  0  0
procs -----------memory---------- ---swap-- -----io---- -system-- ------cpu-----
 r  b   swpd   free   buff  cache   si   so    bi    bo   in   cs us sy id wa st
 2  0  90624 2540324   1864 470208    0    0  1280     0 1234  300 25  0 74  0  0
 2  0  90624 2540324   1864 470208    0    0  1024     0 1354  435 25  0 75  0  0
 2  0  90624 2540324   1864 470208    0    0  1280     0 1269  283 25  0 75  0  0
 2  0  90624 2540324   1864 470208    0    0  1024     0 1331  400 25  1 74  0  0
 2  0  90624 2540324   1864 470208    0    0  1280    36 1301  330 25  0 75  0  0
 2  0  90624 2540324   1864 470208    0    0  1024     0 1371  438 25  1 74  0  0
 2  0  90624 2540324   1864 470208    0    0  1280     4 1290  332 25  0 75  0  0
 2  0  90624 2540324   1864 470208    0    0  1024     0 1405  422 25  0 74  0  0
 2  0  90624 2540324   1864 470208    0    0  1280     0 1214  268 25  0 75  0  0
 2  0  90624 2540324   1864 470208    0    0  1280    92 1349  402 25  1 74  0  0
 2  0  90624 2540324   1864 470208    0    0  1024     0 1279  310 25  0 75  0  0
 2  0  90624 2540324   1864 470208    0    0  1280     0 1299  385 25  0 75  0  0
 2  0  90624 2540324   1864 470208    0    0  1024     0 1302  319 25  1 75  0  0
 2  0  90624 2540324   1864 470208    0    0  1280    36 1386  426 25  1 74  0  0
 2  0  90624 2540324   1864 470208    0    0  1024    48 1261  314 25  0 74  0  0
 2  0  90624 2540324   1864 470208    0    0  1280     0 1423  454 25  1 74  0  0
 2  0  90624 2540324   1864 470208    0    0  1024     0 1302  309 25  0 75  0  0
 2  0  90624 2540324   1864 470208    0    0  1280     0 1344  392 25  0 75  0  0
 2  0  90624 2540324   1864 470208    0    0  1024     0 1324  341 25  1 75  0  0
 2  0  90624 2540324   1864 470208    0    0  1280    32 1299  410 25  1 74  0  0
 2  0  90624 2540324   1864 470208    0    0  1024     0 1254  315 25  0 75  0  0
procs -----------memory---------- ---swap-- -----io---- -system-- ------cpu-----
 r  b   swpd   free   buff  cache   si   so    bi    bo   in   cs us sy id wa st
 2  0  90624 2540324   1864 470208    0    0  1280  4228 1536  554 25  1 74  0  0
 2  0  90624 2540324   1864 470208    0    0  1024     0 1223  259 25  0 75  0  0
 2  0  90624 2540324   1864 470208    0    0  1280     0 1325  396 25  1 74  0  0
 2  0  90624 2540324   1864 470208    0    0  1280    76 1223  278 25  0 75  0  0
 2  0  90624 2540324   1864 470208    0    0  1024     0 1403  478 25  1 74  0  0
 2  0  90624 2540324   1864 470208    0    0  1280     0 1203  265 25  0 75  0  0
 2  0  90624 2540324   1864 470208    0    0  1028     0 1322  412 25  0 74  0  0
 2  0  90624 2540324   1864 470208    0    0  1280     0 1253  280 25  0 75  0  0
 2  0  90624 2540324   1864 470208    0    0  1024    32 1371  459 25  1 74  0  0
 2  0  90624 2540324   1864 470208    0    0  1280     0 1264  297 25  0 75  0  0
 2  0  90624 2540324   1864 470208    0    0  1024     0 1338  421 25  1 74  0  0
 2  0  90624 2540324   1864 470208    0    0  1280   316 1297  317 25  0 74  0  0
 2  0  90624 2540324   1864 470208    0    0  1024    32 1418  476 25  1 74  0  0
 2  0  90624 2540324   1864 470208    0    0  1280     0 1221  256 25  0 75  0  0
 2  0  90624 2540324   1864 470208    0    0  1024     0 1339  427 25  1 74  0  0
 2  0  90624 2540324   1864 470208    0    0  1280     0 1306  321 25  0 75  0  0
 2  0  90624 2540324   1864 470208    0    0  1280     0 1284  382 25  0 74  0  0
 2  0  90624 2540324   1864 470208    0    0  1024    32 1263  334 25  0 74  0  0
 2  0  90624 2540324   1864 470208    0    0  1280     0 1323  380 25  1 74  0  0
 2  0  90624 2540324   1864 470208    0    0  1024    56 1400  559 25  0 75  0  0
 2  0  90624 2540324   1864 470208    0    0  1280     0 1390  430 25  1 74  0  0
procs -----------memory---------- ---swap-- -----io---- -system-- ------cpu-----
 r  b   swpd   free   buff  cache   si   so    bi    bo   in   cs us sy id wa st
 2  0  90624 2540324   1864 470208    0    0  1024     0 1225  258 25  0 75  0  0
 2  0  90624 2540324   1864 470208    0    0  1280    32 1358  440 25  1 74  0  0
 2  0  90624 2540324   1864 470208    0    0  1024     0 1309  306 25  0 75  0  0
 2  0  90624 2540324   1864 470208    0    0  1280    36 1425  502 25  0 74  0  0
 2  0  90624 2540324   1864 470208    0    0  1024     0 1283  290 25  0 75  0  0
 2  0  90624 2540324   1864 470208    0    0  1280     0 1378  428 25  1 74  0  0
 2  0  90624 2540324   1864 470208    0    0  1024    48 1366  346 25  0 74  0  0
 2  0  90624 2540324   1864 470208    0    0  1280     0 1295  377 25  1 74  0  0
 2  0  90624 2540324   1864 470208    0    0  1024     0 1327  371 25  0 75  0  0
 2  0  90624 2540324   1864 470208    0    0  1280   492 1442  446 25  1 74  0  0
 2  0  90624 2540324   1864 470208    0    0  1280  3624 1249  279 25  0 75  0  0
 2  0  90624 2540324   1864 470208    0    0  1024    80 1362  423 25  1 74  0  0
 2  0  90624 2540324   1864 470208    0    0  1280     0 1242  279 25  0 75  0  0
 2  0  90624 2540324   1864 470208    0    0  1024     0 1306  385 25  1 74  0  0
 2  0  90624 2540324   1864 470208    0    0  1280     0 1216  259 25  0 75  0  0
 2  0  90624 2540324   1864 470208    0    0  1024     0 1372  439 25  1 74  0  0
 2  0  90624 2540324   1864 470208    0    0  1280    32 1306  315 25  0 75  0  0
 2  0  90624 2540324   1864 470208    0    0  1024     0 1334  376 25  0 75  0  0
 2  0  90624 2540324   1864 470208    0    0  1280     0 1260  275 25  0 75  0  0
 2  0  90624 2540324   1864 470208    0    0  1024     0 1332  390 25  1 74  0  0
 2  0  90624 2540324   1864 470208    0    0  1280     0 1300  312 25  0 75  0  0
procs -----------memory---------- ---swap-- -----io---- -system-- ------cpu-----
 r  b   swpd   free   buff  cache   si   so    bi    bo   in   cs us sy id wa st
 2  0  90624 2540324   1864 470208    0    0  1024    36 1333  421 25  1 74  0  0
 2  0  90624 2540324   1864 470208    0    0  1280     0 1297  298 25  0 75  0  0
 2  0  90624 2540324   1864 470208    0    0  1280     0 1404  462 25  1 74  0  0
 2  0  90624 2540324   1864 470208    0    0  1024     0 1253  260 25  0 75  0  0
 2  0  90624 2540324   1864 470208    0    0  1280     0 1294  363 25  1 74  0  0
 2  0  90624 2540324   1864 470208    0    0  1024    36 1349  348 25  0 75  0  0
 2  0  90624 2540324   1864 470208    0    0  1280     0 1295  390 25  1 74  0  0
 2  0  90624 2540324   1864 470208    0    0  1024     0 1273  280 25  0 75  0  0
 2  0  90624 2540324   1864 470208    0    0  1280     0 1317  376 25  1 75  0  0
 2  0  90624 2540324   1864 470208    0    0  1024     0 1389  356 25  0 75  0  0
 2  0  90624 2540324   1864 470208    0    0  1280     0 1315  385 25  1 74  0  0
 2  0  90624 2540324   1864 470208    0    0  1024   100 1296  319 25  0 75  0  0
 2  0  90624 2540324   1864 470208    0    0  1280    36 1367  433 25  1 74  0  0
 2  0  90624 2540324   1864 470208    0    0  1024     0 1246  284 25  0 75  0  0
 2  0  90624 2540324   1864 470208    0    0  1280     0 1312  380 25  1 74  0  0
 2  0  90624 2540324   1864 470208    0    0  1280     0 1260  289 25  0 75  0  0
 2  0  90624 2540324   1864 470208    0    0  1024    48 1410  443 25  1 74  0  0
 2  0  90624 2540324   1864 470208    0    0  1280     0 1252  291 25  0 75  0  0
 2  0  90624 2540324   1864 470208    0    0  1024     0 1351  416 25  1 74  0  0
 2  0  90624 2540324   1864 470208    0    0  1280     0 1466  371 25  1 74  0  0
 2  0  90624 2540324   1864 470208    0    0  1024  3624 1290  379 25  1 74  0  0
procs -----------memory---------- ---swap-- -----io---- -system-- ------cpu-----
 r  b   swpd   free   buff  cache   si   so    bi    bo   in   cs us sy id wa st
 2  0  90624 2540324   1864 470208    0    0  1280   840 1394  346 25  0 75  0  0
 2  0  90624 2540324   1864 470208    0    0  1024     0 1316  404 25  1 74  0  0
 2  0  90624 2540324   1864 470208    0    0  1280     0 1254  287 25  0 75  0  0
 2  0  90624 2540324   1864 470208    0    0  1024     0 1316  381 25  1 74  0  0
 2  0  90624 2540324   1864 470208    0    0  1280     0 1240  275 25  0 75  0  0
 2  0  90624 2540324   1864 470208    0    0  1024    32 1348  420 25  0 74  0  0
 2  0  90624 2540324   1864 470208    0    0  1280     0 1325  324 25  0 74  0  0
 2  0  90624 2540324   1864 470208    0    0  1280     0 1405  466 25  1 74  0  0
 2  0  90624 2540324   1864 470208    0    0  1024     0 1216  262 25  0 75  0  0
 2  0  90624 2540324   1864 470208    0    0  1280     0 1289  385 25  1 74  0  0
 2  0  90624 2540324   1864 470208    0    0  1024    32 1273  291 25  0 75  0  0
 2  0  90624 2540324   1864 470208    0    0  1280     0 1284  398 25  1 74  0  0
 2  0  90624 2540324   1864 470208    0    0  1024   324 1377  335 25  0 75  0  0
 2  0  90624 2540324   1864 470208    0    0  1280     0 1320  372 25  1 74  0  0
 2  0  90624 2540324   1864 470208    0    0  1024     0 1264  274 25  0 75  0  0
 2  0  90624 2540324   1864 470208    0    0  1280    36 1272  380 25  0 75  0  0
 2  0  90624 2540324   1864 470208    0    0  1280     0 1329  327 25  1 75  0  0
 2  0  90624 2540324   1864 470208    0    0  1024     0 1502  699 25  1 74  0  0
 2  0  90624 2540324   1864 470208    0    0  1280     0 1373  357 25  0 75  0  0
 2  0  90624 2540324   1864 470208    0    0  1024     0 1325  391 25  1 74  0  0
 2  0  90624 2540324   1864 470208    0    0  1280    32 1261  296 25  0 74  0  0
procs -----------memory---------- ---swap-- -----io---- -system-- ------cpu-----
 r  b   swpd   free   buff  cache   si   so    bi    bo   in   cs us sy id wa st
 2  0  90624 2540324   1864 470208    0    0  1024     0 1355  413 25  1 75  0  0
 2  0  90624 2540324   1864 470208    0    0  1280   360 1345  360 25  0 75  0  0
 2  0  90624 2540324   1864 470208    0    0  1024     0 1417  432 26  1 74  0  0
 2  0  90624 2540324   1864 470208    0    0  1280     0 1493  437 25  0 74  0  0
 2  0  90624 2540324   1864 470208    0    0  1024    36 1348  413 25  1 74  0  0
 2  0  90624 2540324   1864 470208    0    0  1280    48 1373  382 25  1 75  0  0
 2  0  90624 2540324   1864 470208    0    0  1024     0 1330  401 25  0 74  0  0
 2  0  90624 2540324   1864 470208    0    0  1280     0 1252  276 25  0 75  0  0
 2  0  90624 2540324   1864 470208    0    0  1024  3608 1358  396 25  1 74  0  0
 2  0  90624 2540324   1864 470208    0    0  1280    80 1415  374 25  0 75  0  0
 2  0  90624 2540324   1864 470208    0    0  1280     0 1318  391 25  1 74  0  0
 2  0  90624 2540324   1864 470208    0    0  1024     0 1218  267 25  0 75  0  0
 2  0  90624 2540324   1864 470208    0    0  1280     0 1380  439 25  1 74  0  0
 2  0  90624 2540324   1864 470208    0    0  1024     8 1305  287 25  0 75  0  0
 2  0  90624 2540324   1864 470208    0    0  1280     0 1314  367 25  1 74  0  0
 2  0  90624 2540324   1864 470208    0    0  1024   124 1279  301 25  0 74  0  0
 2  0  90624 2540324   1864 470208    0    0  1280     0 1287  383 25  1 74  0  0
 2  0  90624 2540324   1864 470208    0    0  1024     0 1246  284 25  0 75  0  0
 2  0  90624 2540324   1864 470208    0    0  1280     0 1378  408 25  1 74  0  0
 2  0  90624 2540324   1864 470208    0    0  1024     0 1428  373 25  0 74  0  0
 2  0  90624 2540324   1864 470208    0    0  1280    32 1448  502 25  1 74  0  0
procs -----------memory---------- ---swap-- -----io---- -system-- ------cpu-----
 r  b   swpd   free   buff  cache   si   so    bi    bo   in   cs us sy id wa st
 2  0  90624 2540324   1864 470208    0    0  1024     0 1230  282 25  0 75  0  0
 2  0  90624 2540324   1864 470208    0    0  1280     0 1346  432 25  1 74  0  0
 2  0  90624 2540324   1864 470208    0    0  1280     0 1357  326 25  0 75  0  0
 2  0  90624 2540324   1864 470208    0    0  1024     0 1315  390 25  0 75  0  0
 2  0  90624 2540324   1864 470208    0    0  1280    32 1296  324 25  1 75  0  0
 2  0  90624 2540324   1864 470208    0    0  1024     0 1303  399 25  0 74  0  0
 2  0  90624 2540324   1864 470208    0    0  1280     0 1214  253 25  0 75  0  0
 2  0  90624 2540324   1864 470208    0    0  1024     0 1318  387 25  1 75  0  0
 2  0  90624 2540324   1864 470208    0    0  1280  2404 1324  307 25  0 75  0  0
 2  0  90624 2540324   1864 470208    0    0  1024    64 1392  442 25  1 74  0  0
 2  0  90624 2540324   1864 470208    0    0  1280     0 1227  264 25  0 75  0  0
 2  0  90624 2540324   1864 470208    0    0  1024   948 1564  510 25  1 74  0  0
 2  0  90624 2540324   1864 470208    0    0  1280     0 1306  295 25  0 75  0  0
 2  0  90624 2540324   1864 470208    0    0  1024     0 1290  371 25  1 75  0  0
 2  0  90624 2540324   1864 470208    0    0  1280    40 1299  330 25  0 74  0  0
 2  0  90624 2540324   1864 470208    0    0  1280    44 1359  407 25  1 74  0  0
 2  0  90624 2540324   1864 470208    0    0  1024     0 1330  315 25  0 75  0  0
 2  0  90624 2540324   1864 470208    0    0  1280     4 1354  413 25  1 74  0  0
 2  0  90624 2540324   1864 470208    0    0  1024     0 1281  286 25  0 74  0  0
 2  0  90624 2540324   1864 470208    0    0  1280    48 1386  442 25  1 74  0  0
 2  0  90624 2540324   1864 470208    0    0  1024     0 1275  292 25  0 75  0  0
procs -----------memory---------- ---swap-- -----io---- -system-- ------cpu-----
 r  b   swpd   free   buff  cache   si   so    bi    bo   in   cs us sy id wa st
 2  0  90624 2540324   1864 470208    0    0  1280     0 1375  448 25  1 74  0  0
 2  0  90624 2540324   1864 470208    0    0  1024   304 1403  376 25  0 75  0  0
 2  0  90624 2540324   1864 470208    0    0  1280     0 1293  383 25  1 74  0  0
 2  0  90624 2540324   1864 470208    0    0  1024    36 1269  294 25  0 75  0  0
 2  0  90624 2540324   1864 470208    0    0  1280     0 1500  491 25  1 74  0  0
 2  0  90624 2540324   1864 470208    0    0  1024     0 1239  268 25  0 75  0  0
 2  0  90624 2540324   1864 470208    0    0  1280     0 1313  393 25  1 74  0  0
 2  0  90624 2540324   1864 470208    0    0  1280  2392 1315  311 25  0 75  0  0
 2  0  90624 2540324   1864 470208    0    0  1024    64 1345  413 25  0 74  0  0
 2  0  90624 2540324   1864 470208    0    0  1280    56 1305  293 25  1 75  0  0
 2  0  90624 2540324   1864 470208    0    0  1024     0 1339  413 25  1 74  0  0
 2  0  90624 2540324   1864 470208    0    0  1280     0 1242  274 25  0 75  0  0
 2  0  90624 2540324   1864 470208    0    0  1024     0 1344  413 25  1 74  0  0
 2  0  90624 2540324   1864 470208    0    0  1280     0 1362  349 25  0 75  0  0
 2  0  90624 2540324   1864 470208    0    0  1024    32 1419  465 25  0 74  0  0
 2  0  90624 2540324   1864 470208    0    0  1280     0 1375  520 25  0 75  0  0
 2  0  90624 2540324   1864 470208    0    0  1024     0 1356  419 25  0 74  0  0
 2  0  90624 2540324   1864 470208    0    0  1280     0 1260  275 25  1 75  0  0
 2  0  90624 2540324   1864 470208    0    0  1024     0 1400  449 25  1 74  0  0
 2  0  90624 2540324   1864 470208    0    0  1280    32 1304  294 25  0 75  0  0
 2  0  90624 2540324   1864 470208    0    0  1420     0 1517  536 25  1 74  0  0
procs -----------memory---------- ---swap-- -----io---- -system-- ------cpu-----
 r  b   swpd   free   buff  cache   si   so    bi    bo   in   cs us sy id wa st
 2  0  90624 2540324   1864 470208    0    0  1024     0 1436  366 25  0 74  0  0
 2  0  90624 2540324   1864 470208    0    0  1280     0 1349  413 25  0 74  0  0
 2  0  90624 2540324   1864 470208    0    0  1024     0 1312  332 25  1 75  0  0
 2  0  90624 2540324   1864 470208    0    0  1280    52 1335  412 25  0 74  0  0
 2  0  90624 2540324   1864 470208    0    0  1024     0 1213  251 25  0 75  0  0
 2  0  90624 2540324   1864 470208    0    0  1280     8 1355  425 25  1 74  0  0
 2  0  90624 2540324   1864 470208    0    0  1024    48 1261  292 25  0 75  0  0
 2  0  90624 2540324   1864 470208    0    0  1280     0 1366  410 25  1 74  0  0
 2  0  90624 2540324   1864 470208    0    0  1024    48 1276  304 25  0 75  0  0
 2  0  90624 2540324   1864 470208    0    0  1280     0 1514  510 25  1 74  0  0
 2  0  90624 2540324   1864 470208    0    0  1024  1172 1594  448 25  0 74  0  0
 2  0  90624 2540324   1864 470208    0    0  1280     0 1321  368 25  1 74  0  0
 2  0  90624 2540324   1864 470208    0    0  1280     0 1292  308 25  1 75  0  0
 2  0  90624 2540324   1864 470208    0    0  1024    36 1387  443 25  1 74  0  0
 2  0  90624 2540324   1864 470208    0    0  1280     0 1243  266 25  0 75  0  0
 2  0  90624 2540324   1864 470208    0    0  1024     0 1314  370 25  0 75  0  0
 2  0  90624 2540324   1864 470208    0    0  1280     0 1247  269 25  0 75  0  0
 2  0  90624 2540324   1864 470208    0    0  1024  3624 1396  458 25  1 74  0  0
 2  0  90624 2540324   1864 470208    0    0  1280    80 1281  300 25  0 74  0  0
 2  0  90624 2540324   1864 470208    0    0  1024     0 1352  404 25  0 75  0  0
 2  0  90624 2540324   1864 470208    0    0  1280     0 1217  261 25  0 75  0  0
procs -----------memory---------- ---swap-- -----io---- -system-- ------cpu-----
 r  b   swpd   free   buff  cache   si   so    bi    bo   in   cs us sy id wa st
 2  0  90624 2540324   1864 470208    0    0  1280     0 1512  496 25  1 74  0  0
 2  0  90624 2540324   1864 470208    0    0  1024     0 1391  370 25  0 75  0  0
 2  0  90624 2540324   1864 470208    0    0  1280    32 1293  401 25  1 74  0  0
 2  0  90624 2540324   1864 470208    0    0  1024   100 1309  312 25  0 75  0  0
 2  0  90624 2540324   1864 470208    0    0  1280     0 1304  376 25  1 74  0  0
 2  0  90624 2540324   1864 470208    0    0  1024     0 1295  323 25  0 75  0  0
 2  0  90624 2540324   1864 470208    0    0  1280     0 1330  409 25  1 74  0  0
 2  0  90624 2540324   1864 470208    0    0  1024   468 1326  365 25  0 75  0  0
 2  0  90624 2540324   1864 470208    0    0  1280     0 1355  420 25  1 74  0  0
 2  0  90624 2540324   1864 470208    0    0  1024     0 1198  252 25  0 75  0  0
 2  0  90624 2540324   1864 470208    0    0  1280     4 1326  394 25  0 75  0  0
 2  0  90624 2540324   1864 470208    0    0  1024     0 1250  277 25  0 75  0  0
 2  0  90624 2540324   1864 470208    0    0  1280    36 1402  450 25  1 74  0  0
 2  0  90624 2540324   1864 470208    0    0  1024     4 1344  337 25  0 75  0  0
 2  0  90624 2540324   1864 470208    0    0  1280     0 1286  378 25  1 74  0  0
 2  0  90624 2540324   1864 470208    0    0  1280    40 1204  263 25  0 75  0  0
 2  0  90624 2540324   1864 470208    0    0  1024     0 1330  430 25  1 74  0  0
 2  0  90624 2540324   1864 470208    0    0  1280     0 1298  308 25  0 75  0  0
 3  0  90624 2540324   1864 470208    0    0  1024    48 1375  457 25  1 74  0  0
 3  0  90624 2540324   1864 470208    0    0  1280     0 1232  266 25  0 75  0  0
 3  0  90624 2540324   1864 470208    0    0  1024     0 1324  405 25  0 74  0  0
procs -----------memory---------- ---swap-- -----io---- -system-- ------cpu-----
 r  b   swpd   free   buff  cache   si   so    bi    bo   in   cs us sy id wa st
 3  0  90624 2540324   1864 470208    0    0  1280     0 1242  305 25  0 75  0  0
 3  0  90624 2540324   1864 470208    0    0  1024     0 1302  378 25  1 74  0  0
 2  0  90624 2540324   1864 470208    0    0  1280    32 1260  302 25  0 75  0  0
 4  0  90624 2540324   1864 470208    0    0  1024     0 1379  439 26  1 74  0  0
 3  0  90624 2540324   1864 470208    0    0  1280     0 1263  300 25  0 75  0  0
 3  0  90624 2540324   1864 470208    0    0  1024     0 1299  398 25  0 74  0  0
 3  0  90624 2540324   1864 470208    0    0  1284  3560 1229  284 25  0 74  0  0
 3  0  90624 2540324   1864 470208    0    0  1280    84 1335  427 25  0 74  0  0
 4  0  90624 2540324   1864 470208    0    0  1024     0 1357  355 25  1 74  0  0
 3  0  90624 2540324   1864 470208    0    0  1280     0 1281  364 25  0 74  0  0
 2  0  90624 2540324   1864 470208    0    0  1024     0 1286  339 25  0 75  0  0
 3  0  90624 2540324   1864 470208    0    0  1280     0 1377  408 25  1 74  0  0
 3  0  90624 2540324   1864 470208    0    0  1024    32 1301  323 25  0 75  0  0
 2  0  90624 2540324   1864 470208    0    0  1280     0 1329  386 25  1 74  0  0
 3  0  90624 2540324   1864 470208    0    0  1024     0 1439  595 25  0 75  0  0
 2  0  90624 2540324   1864 470208    0    0  1280     0 1311  399 25  1 74  0  0
 4  0  90624 2540324   1864 470208    0    0  1024     0 1282  328 25  0 75  0  0
 2  0  90624 2540324   1864 470208    0    0  1280   104 1336  399 25  0 74  0  0
 4  0  90624 2540324   1864 470208    0    0  1024     0 1356  357 25  0 75  0  0
 2  0  90624 2540324   1864 470208    0    0  1280   624 1610  550 25  1 74  0  0
 4  0  90624 2540324   1864 470208    0    0  1024     0 1351  421 25  0 75  0  0
procs -----------memory---------- ---swap-- -----io---- -system-- ------cpu-----
 r  b   swpd   free   buff  cache   si   so    bi    bo   in   cs us sy id wa st
 2  0  90624 2540324   1864 470208    0    0  1280     0 1320  400 25  0 74  0  0
 3  0  90624 2540324   1864 470208    0    0  1024    36 1323  375 25  1 74  0  0
 3  0  90624 2540324   1864 470208    0    0  1280     0 1339  379 25  1 74  0  0
 3  0  90624 2540324   1864 470208    0    0  1280     0 1310  361 25  0 75  0  0
 2  0  90624 2540324   1864 470208    0    0  1024     0 1399  414 25  1 74  0  0
 3  0  90624 2540324   1864 470208    0    0  1280    40 1247  329 25  0 75  0  0
 2  0  90624 2540324   1864 470208    0    0  1024    48 1313  396 25  0 74  0  0
 3  0  90624 2540324   1864 470208    0    0  1280     0 1304  386 26  0 74  0  0
 2  0  90624 2540324   1864 470208    0    0  1024     0 1293  338 25  1 75  0  0
 3  0  90624 2540324   1864 470208    0    0  1280     0 1395  439 25  0 75  0  0
 2  0  90624 2540324   1864 470208    0    0  1024     0 1323  362 25  1 74  0  0
 3  0  90624 2540324   1864 470208    0    0  1280     0 1270  347 25  1 75  0  0
 2  0  90624 2540324   1864 470208    0    0  1024    36 1314  346 25  0 75  0  0
 3  0  90624 2540324   1864 470208    0    0  1280     0 1270  364 25  1 74  0  0
 2  0  90624 2540324   1864 470208    0    0  1024     0 1379  358 25  0 75  0  0
 3  0  90624 2540324   1864 470208    0    0  1280  3372 1338  390 25  1 74  0  0
 2  0  90624 2540324   1864 470208    0    0  1024     0 1290  296 25  0 75  0  0
 2  0  90624 2540324   1864 470208    0    0  1280    52 1305  337 25  0 75  0  0
 2  0  90624 2540324   1864 470208    0    0  1024     0 1429  439 25  1 74  0  0
 2  0  90624 2540324   1864 470208    0    0  1532     0 1518  650 25  1 74  0  0
 3  0  90624 2540324   1864 470208    0    0  1280   300 1355  450 25  1 75  0  0
procs -----------memory---------- ---swap-- -----io---- -system-- ------cpu-----
 r  b   swpd   free   buff  cache   si   so    bi    bo   in   cs us sy id wa st
 2  0  90624 2540324   1864 470208    0    0  1024     0 1329  308 25  0 75  0  0
 3  0  90624 2540324   1864 470208    0    0  1280    44 1287  367 25  0 75  0  0
 2  0  90624 2540324   1864 470208    0    0  1068     0 1359  327 25  1 74  0  0
 3  0  90624 2540324   1864 470208    0    0  1280     0 1468  509 25  1 74  0  0
 2  0  90624 2540324   1864 470208    0    0  1024     0 1338  330 25  0 75  0  0
 3  0  90624 2540324   1864 470208    0    0  1280     0 1324  419 25  1 74  0  0
 2  0  90624 2540324   1864 470208    0    0  1024    88 1324  317 25  0 75  0  0
 3  0  90624 2540324   1864 470208    0    0  1280     0 1286  389 25  1 74  0  0
 2  0  90624 2540324   1864 470208    0    0  1024     0 1294  294 25  0 75  0  0
 3  0  90624 2540324   1864 470208    0    0  1280   944 1599  615 25  1 74  0  0
 2  0  90624 2540324   1864 470208    0    0  1024     0 1307  296 25  1 74  0  0
 3  0  90624 2540324   1864 470208    0    0  1280    36 1324  410 25  1 74  0  0
 2  0  90624 2540324   1864 470208    0    0  1024     0 1258  271 25  0 75  0  0
 2  0  90624 2540324   1864 470208    0    0  1280     0 1422  486 25  1 74  0  0
 2  0  90624 2540324   1864 470208    0    0  1280     0 1266  261 25  0 75  0  0
 2  0  90624 2540324   1864 470208    0    0  1024     0 1330  420 25  0 74  0  0
 2  0  90624 2540324   1864 470208    0    0  1280    92 1355  356 25  0 74  0  0
 3  0  90624 2540324   1864 470208    0    0  1024     0 1332  399 25  1 75  0  0
 2  0  90624 2540324   1864 470208    0    0  1280     0 1339  318 25  0 75  0  0
 2  0  90624 2540324   1864 470208    0    0  1024     0 1372  448 25  1 74  0  0
 2  0  90624 2540324   1864 470208    0    0  1280     0 1303  306 25  0 75  0  0
procs -----------memory---------- ---swap-- -----io---- -system-- ------cpu-----
 r  b   swpd   free   buff  cache   si   so    bi    bo   in   cs us sy id wa st
 2  0  90624 2540324   1864 470208    0    0  1024   108 1461  488 25  1 74  0  0
 2  0  90624 2540324   1864 470208    0    0  1280     0 1394  324 27  1 73  0  0
 3  0  90624 2540324   1864 470208    0    0  1024     0 1312  428 25  0 74  0  0
 2  0  90624 2540324   1864 470208    0    0  1280     0 1263  269 25  0 75  0  0
 2  0  90624 2540324   1864 470208    0    0  1024  3360 1507  580 25  1 74  0  0
 2  0  90624 2540324   1864 470208    0    0  1280    44 1328  335 25  0 74  0  0
 2  0  90624 2540324   1864 470208    0    0  1024     0 1310  409 25  1 75  0  0
 2  0  90624 2540324   1864 470208    0    0  1280     0 1346  344 25  0 74  0  0
 2  0  90624 2540324   1864 470208    0    0  1024     0 1469  493 25  1 74  0  0
 2  0  90624 2540324   1864 470208    0    0  1280     8 1373  409 26  0 74  0  0
 2  0  90624 2540324   1864 470208    0    0  1024    44 1462  500 25  1 74  0  0
 3  0  90624 2540324   1864 470208    0    0  1280     0 1305  319 25  0 75  0  0
 2  0  90624 2540324   1864 470208    0    0  1024     0 1511  710 25  1 74  0  0
 2  0  90624 2540324   1864 470208    0    0  1280     0 1351  338 25  0 75  0  0
 2  0  90624 2540324   1864 470208    0    0  1280   288 1337  432 25  1 74  0  0
 2  0  90624 2540324   1864 470208    0    0  1024    44 1347  342 25  0 75  0  0
 2  0  90624 2540324   1864 470208    0    0  1280    84 1470  491 25  1 74  0  0
 2  0  90624 2540324   1864 470208    0    0  1024     0 1346  361 25  0 75  0  0
 2  0  90624 2540324   1864 470208    0    0  1280     0 1356  431 25  1 74  0  0
 2  0  90624 2540324   1864 470208    0    0  1024   812 1479  382 25  0 75  0  0
 2  0  90624 2540324   1864 470208    0    0  1280    36 1288  404 25  1 74  0  0
procs -----------memory---------- ---swap-- -----io---- -system-- ------cpu-----
 r  b   swpd   free   buff  cache   si   so    bi    bo   in   cs us sy id wa st
 2  0  90624 2540324   1864 470208    0    0  1024     0 1267  281 25  0 75  0  0
 2  0  90624 2540324   1864 470208    0    0  1280     0 1317  428 25  1 75  0  0
 3  0  90624 2540324   1864 470208    0    0  1024     0 1249  266 25  0 75  0  0
 3  0  90624 2540324   1864 470208    0    0  1280     0 1343  437 25  0 74  0  0
 2  0  90624 2540324   1864 470208    0    0  1024    32 1369  334 25  0 74  0  0
 2  0  90624 2540324   1864 470208    0    0  1280     0 1331  395 25  1 75  0  0
 2  0  90624 2540324   1864 470208    0    0  1024     0 1463  399 25  0 74  0  0
 3  0  90624 2540324   1864 470208    0    0  1280    44 1469  481 25  1 74  0  0
 2  0  90624 2540324   1864 470208    0    0  1028     0 1327  318 25  0 75  0  0
 2  0  90624 2540324   1864 470208    0    0  1280   420 1395  529 25  1 74  1  0
 2  0  90624 2540324   1864 470208    0    0  1280     0 1293  301 25  0 75  0  0
 2  0  90624 2540324   1864 470208    0    0  1024     0 1310  444 25  0 74  0  0
 2  0  90624 2540324   1864 470208    0    0  1280     0 1225  275 25  0 75  0  0
 2  0  90624 2540324   1864 470208    0    0  1024     0 1331  409 25  0 74  0  0
 2  0  90624 2540324   1864 470208    0    0  1280  3356 1377  332 25  1 75  0  0
 2  0  90624 2540324   1864 470208    0    0  1024     0 1345  415 25  1 74  0  0
 2  0  90624 2540324   1864 470208    0    0  1280     0 1303  306 25  0 75  0  0
 2  0  90624 2540324   1864 470208    0    0  1024     0 1287  394 25  1 75  0  0
 2  0  90624 2540324   1864 470208    0    0  1280     0 1255  271 25  0 75  0  0
 2  0  90624 2540324   1864 470208    0    0  1024    52 1351  413 25  1 74  0  0
 2  0  90624 2540324   1864 470208    0    0  1280     0 1353  352 25  0 75  0  0
procs -----------memory---------- ---swap-- -----io---- -system-- ------cpu-----
 r  b   swpd   free   buff  cache   si   so    bi    bo   in   cs us sy id wa st
 2  0  90624 2540324   1864 470208    0    0  1024     0 1292  393 25  1 74  0  0
 2  0  90624 2540324   1864 470208    0    0  1280     0 1295  300 25  0 75  0  0
 2  0  90624 2540324   1864 470208    0    0  1024     0 1378  423 25  1 74  0  0
 2  0  90624 2540324   1864 470208    0    0  1280   300 1317  314 25  0 75  0  0
 2  0  90624 2540324   1864 470208    0    0  1280     0 1306  380 25  0 75  0  0
 2  0  90624 2540324   1864 470208    0    0  1024     0 1365  348 25  0 75  0  0
 2  0  90624 2540324   1864 470208    0    0  1280     0 1321  397 25  1 74  0  0
 2  0  90624 2540324   1864 470208    0    0  1024     0 1238  277 25  0 75  0  0
 2  0  90624 2540324   1864 470208    0    0  1280   756 1580  567 25  0 74  0  0
 2  0  90624 2540324   1864 470208    0    0  1024   120 1480  413 25  1 74  0  0
 2  0  90624 2540324   1864 470208    0    0  1280     0 1417  466 25  1 74  0  0
 2  0  90624 2540324   1864 470208    0    0  1024     0 1221  263 25  0 75  0  0
 2  0  90624 2540324   1864 470208    0    0  1280     0 1429  462 25  1 74  0  0
 2  0  90624 2540324   1864 470208    0    0  1024  2364 1314  323 25  0 74  0  0
 2  0  90624 2540324   1864 470208    0    0  1280     0 1372  431 25  1 74  0  0
 2  0  90624 2540324   1864 470208    0    0  1024     0 1314  337 26  0 75  0  0
 2  0  90624 2540324   1864 470208    0    0  1280     0 1312  395 25  1 74  0  0
 2  0  90624 2540324   1864 470208    0    0  1024    44 1285  302 25  0 75  0  0
 2  0  90624 2540324   1864 470208    0    0  1280   508 1449  477 25  1 74  0  0
 2  0  90624 2540324   1864 470208    0    0  1024     0 1339  301 25  0 75  0  0
 2  0  90624 2540324   1864 470208    0    0  1280    32 1349  431 25  0 74  0  0
procs -----------memory---------- ---swap-- -----io---- -system-- ------cpu-----
 r  b   swpd   free   buff  cache   si   so    bi    bo   in   cs us sy id wa st
 2  0  90624 2540324   1864 470208    0    0  1024     0 1281  291 25  0 75  0  0
 2  0  90624 2540324   1864 470208    0    0  1280     0 1576  597 26  1 74  0  0
 2  0  90624 2540324   1864 470208    0    0  1280     0 1277  297 25  0 75  0  0
 2  0  90624 2540324   1864 470208    0    0  1024     0 1313  418 25  1 74  0  0
 2  0  90624 2540324   1864 470208    0    0  1280     0 1309  319 25  0 75  0  0
 2  0  90624 2540324   1864 470208    0    0  1024    32 1317  425 25  0 74  0  0
 2  0  90624 2540324   1864 470208    0    0  1280     0 1237  257 25  0 75  0  0
 2  0  90624 2540324   1864 470208    0    0  1024     0 1278  384 25  1 74  0  0
 2  0  90624 2540324   1864 470208    0    0  1280  1880 1266  291 25  0 75  0  0
 2  0  90624 2540324   1864 470208    0    0  1024     0 1368  455 25  1 74  0  0
 2  0  90624 2540324   1864 470208    0    0  1280    56 1278  302 25  0 75  0  0
 2  0  90624 2540324   1864 470208    0    0  1024     0 1486  673 25  1 74  0  0
 2  0  90624 2540324   1864 470208    0    0  1280     0 1350  334 25  0 74  0  0
 2  0  90624 2540324   1864 470208    0    0  1024     0 1303  404 25  1 74  0  0
 2  0  90624 2540324   1864 470208    0    0  1280     0 1314  365 25  0 75  0  0
 2  0  90624 2540324   1864 470208    0    0  1280    32 1294  412 25  0 74  0  0
 2  0  90624 2540324   1864 470208    0    0  1024     0 1294  301 25  0 75  0  0
 2  0  90624 2540324   1864 470208    0    0  1280     0 1397  415 25  1 74  0  0
 2  0  90624 2540324   1864 470208    0    0  1024   540 1337  326 25  0 75  0  0
 2  0  90624 2540324   1864 470208    0    0  1280     0 1355  426 25  0 75  0  0
 2  0  90624 2540324   1864 470208    0    0  1024    36 1252  282 25  0 75  0  0
procs -----------memory---------- ---swap-- -----io---- -system-- ------cpu-----
 r  b   swpd   free   buff  cache   si   so    bi    bo   in   cs us sy id wa st
 2  0  90624 2540324   1864 470208    0    0  1280     0 1326  417 25  1 74  0  0
 2  0  90624 2540324   1864 470208    0    0  1024     0 1305  313 25  0 75  0  0
 2  0  90624 2540324   1864 470208    0    0  1280    60 1315  404 25  1 74  0  0
 2  0  90624 2540324   1864 470208    0    0  1024  1880 1372  355 25  0 75  0  0
 2  0  90624 2540324   1864 470208    0    0  1280    68 1330  415 25  1 74  0  0
 2  0  90624 2540324   1864 470208    0    0  1024     0 1273  265 25  0 75  0  0
 2  0  90624 2540324   1864 470208    0    0  1284     0 1297  368 25  1 75  0  0
 2  0  90624 2540324   1864 470208    0    0  1024     0 1220  275 25  0 75  0  0
 2  0  90624 2540324   1864 470208    0    0  1280     0 1455  516 25  1 74  0  0
 2  0  90624 2540324   1864 470208    0    0  1024    88 1301  315 25  0 75  0  0
 2  0  90624 2540324   1864 470208    0    0  1280     0 1390  442 25  1 74  0  0
 2  0  90624 2540324   1864 470208    0    0  1024     0 1358  331 25  0 75  0  0
 2  0  90624 2540324   1864 470208    0    0  1280     0 1353  417 25  1 74  0  0
 2  0  90624 2540324   1864 470208    0    0  1280     0 1299  288 25  0 75  0  0
 2  0  90624 2540324   1864 470208    0    0  1024    32 1353  442 25  1 74  0  0
 2  0  90624 2540324   1864 470208    0    0  1280     0 1371  317 25  0 74  0  0
 2  0  90624 2540324   1864 470208    0    0  1024     0 1424  446 25  1 74  0  0
 2  0  90624 2540324   1864 470208    0    0  1280     0 1214  269 25  0 75  0  0
 2  0  90624 2540324   1864 470208    0    0  1024     0 1382  456 25  1 74  0  0
 2  0  90624 2540324   1864 470208    0    0  1280  1872 1255  281 25  0 75  0  0
 2  0  90624 2540324   1864 470208    0    0  1024     0 1316  401 25  1 74  0  0
procs -----------memory---------- ---swap-- -----io---- -system-- ------cpu-----
 r  b   swpd   free   buff  cache   si   so    bi    bo   in   cs us sy id wa st
 2  0  90624 2540324   1864 470208    0    0  1280     0 1353  329 25  0 74  0  0
 2  0  90624 2540324   1864 470208    0    0  1024     0 1314  381 25  1 74  0  0
 2  0  90624 2540324   1864 470208    0    0  1280     0 1516  402 25  0 75  0  0
 2  0  90624 2540324   1864 470208    0    0  1024     0 1364  405 25  1 74  0  0
 3  0  90624 2540324   1864 470208    0    0  1280    32 1306  326 25  0 75  0  0
 2  0  90624 2540324   1864 470208    0    0  1024     0 1290  354 25  1 74  0  0
 2  0  90624 2540324   1864 470208    0    0  1280     0 1246  266 25  1 75  0  0
 2  0  90624 2540324   1864 470208    0    0  1280     0 1373  431 25  0 75  0  0
 2  0  90624 2540324   1864 470208    0    0  1024     0 1298  307 25  0 74  0  0
 2  0  90624 2540324   1864 470208    0    0  1280   928 1580  566 25  0 74  0  0
 2  0  90624 2540324   1864 470208    0    0  1024     0 1265  291 25  1 75  0  0
 2  0  90624 2540324   1864 470208    0    0  1280     0 1345  406 25  0 75  0  0
 2  0  90624 2540324   1864 470208    0    0  1024     0 1224  277 25  0 75  0  0
 2  0  90624 2540324   1864 470208    0    0  1280     0 1288  383 25  1 74  0  0
 2  0  90624 2540324   1864 470208    0    0  1024   112 1277  297 25  0 75  0  0
 2  0  90624 2540324   1864 470208    0    0  1280     0 1382  402 25  1 74  0  0
 2  0  90624 2540324   1864 470208    0    0  1024     0 1284  277 25  0 75  0  0
 2  0  90624 2540324   1864 470208    0    0  1280     0 1381  458 25  1 74  0  0
 2  0  90624 2540324   1864 470208    0    0  1024     0 1407  347 25  0 75  0  0
 2  0  90624 2540324   1864 470208    0    0  1280   100 1328  405 25  1 74  0  0
 2  0  90624 2540324   1864 470208    0    0  1024     0 1270  295 25  0 75  0  0
procs -----------memory---------- ---swap-- -----io---- -system-- ------cpu-----
 r  b   swpd   free   buff  cache   si   so    bi    bo   in   cs us sy id wa st
 2  0  90624 2540324   1864 470208    0    0  1280     0 1338  402 25  1 74  0  0
 2  0  90624 2540324   1864 470208    0    0  1024     0 1260  289 25  0 75  0  0
 2  0  90624 2540324   1864 470208    0    0  1280     0 1344  421 25  1 74  0  0
 2  0  90624 2540324   1864 470208    0    0  1280    40 1303  320 25  0 75  0  0
 2  0  90624 2540324   1864 470208    0    0  1024     0 1443  453 25  1 74  0  0
 2  0  90624 2540324   1864 470208    0    0  1280     0 1225  265 25  0 75  0  0
 2  0  90624 2540324   1864 470208    0    0  1024     0 1303  413 25  1 74  0  0
 2  0  90624 2540324   1864 470208    0    0  1280     0 1287  289 25  0 75  0  0
 2  0  90624 2540324   1864 470208    0    0  1024  3696 1402  469 25  1 74  0  0
 2  0  90624 2540324   1864 470208    0    0  1280     0 1577  625 25  1 74  0  0
 2  0  90624 2540324   1864 470208    0    0  1024     0 1305  387 25  1 74  0  0
 2  0  90624 2540324   1864 470208    0    0  1280     0 1347  337 25  0 75  0  0
 2  0  90624 2540324   1864 470208    0    0  1024     0 1398  453 25  1 74  0  0
 2  0  90624 2540324   1864 470208    0    0  1280    32 1267  275 25  0 74  0  0
 2  0  90624 2540324   1864 470208    0    0  1024     0 1350  409 25  1 74  0  0
 2  0  90624 2540324   1864 470208    0    0  1280     0 1331  306 25  0 75  0  0
 2  0  90624 2540324   1864 470208    0    0  1024     0 1389  435 25  1 74  0  0
 2  0  90624 2540324   1864 470208    0    0  1280     0 1256  269 25  0 75  0  0
 2  0  90624 2540324   1864 470208    0    0  1024   824 1511  502 25  1 74  0  0
 2  0  90624 2540324   1864 470208    0    0  1280     0 1265  269 25  0 75  0  0
 2  0  90624 2540324   1864 470208    0    0  1280     0 1353  391 25  1 74  0  0
procs -----------memory---------- ---swap-- -----io---- -system-- ------cpu-----
 r  b   swpd   free   buff  cache   si   so    bi    bo   in   cs us sy id wa st
 2  0  90624 2540324   1864 470208    0    0  1024     0 1269  277 25  0 75  0  0
 2  0  90624 2540324   1864 470208    0    0  1280     0 1347  399 25  1 74  0  0
 2  0  90624 2540324   1864 470208    0    0  1024    32 1404  386 25  0 74  0  0
 2  0  90624 2540324   1864 470208    0    0  1280     0 1312  367 25  1 74  0  0
 2  0  90624 2540324   1864 470208    0    0  1024     0 1300  303 25  0 74  0  0
 2  0  90624 2540324   1864 470208    0    0  1280     0 1350  427 25  1 74  0  0
 2  0  90624 2540324   1864 470208    0    0  1024     0 1275  307 25  0 75  0  0
 2  0  90624 2540324   1864 470208    0    0  1280    32 1359  435 25  1 74  0  0
 2  0  90624 2540324   1864 470208    0    0  1024  2496 1253  287 25  0 75  0  0
 2  0  90624 2540324   1864 470208    0    0  1280   352 1414  448 25  1 74  0  0
 2  0  90624 2540324   1864 470208    0    0  1024     0 1294  316 25  0 75  0  0
 2  0  90624 2540324   1864 470208    0    0  1280     0 1308  378 25  0 74  0  0
 2  0  90624 2540324   1864 470208    0    0  1280     0 1227  279 25  0 75  0  0
 2  0  90624 2540324   1864 470208    0    0  1024    76 1404  447 25  1 74  0  0
 2  0  90624 2540324   1864 470208    0    0  1280     0 1300  293 25  1 75  0  0
 2  0  90624 2540324   1864 470208    0    0  1024   248 1435  466 25  1 74  0  0
 2  0  90624 2540324   1864 470208    0    0  1280     0 1222  255 25  0 75  0  0
 2  0  90624 2540324   1864 470208    0    0  1024     0 1301  396 25  1 74  0  0
 2  0  90624 2540324   1864 470208    0    0  1280    36 1232  256 25  0 75  0  0
 2  0  90624 2540324   1864 470208    0    0  1024     0 1337  390 25  0 74  0  0
 2  0  90624 2540324   1864 470208    0    0  1280     0 1206  274 25  0 75  0  0
procs -----------memory---------- ---swap-- -----io---- -system-- ------cpu-----
 r  b   swpd   free   buff  cache   si   so    bi    bo   in   cs us sy id wa st
 2  0  90624 2540324   1864 470208    0    0  1024     0 1303  409 25  1 74  0  0
 2  0  90624 2540324   1864 470208    0    0  1280     0 1306  318 25  0 75  0  0
 2  0  90624 2540324   1864 470208    0    0  1024    32 1324  410 25  0 74  0  0
 2  0  90624 2540324   1864 470208    0    0  1280     0 1252  292 25  0 75  0  0
 2  0  90624 2540324   1864 470208    0    0  1024   196 1372  454 25  1 74  0  0
 2  0  90624 2540324   1864 470208    0    0  1280     0 1221  251 25  0 75  0  0
 2  0  90624 2540324   1864 470208    0    0  1280     0 1319  441 25  1 74  0  0
 2  0  90624 2540324   1864 470208    0    0  1024  2496 1299  328 25  0 75  0  0
 2  0  90624 2540324   1864 470208    0    0  1280     0 1552  516 25  1 74  0  0
 2  0  90624 2540324   1864 470208    0    0  1024     0 1313  345 25  0 74  0  0
 2  0  90624 2540324   1864 470208    0    0  1280     0 1314  410 25  1 74  0  0
 2  0  90624 2540324   1864 470208    0    0  1024     0 1237  290 25  0 75  0  0
 2  0  90624 2540324   1864 470208    0    0  1280   472 1428  504 25  1 74  0  0
 2  0  90624 2540324   1864 470208    0    0  1024     0 1253  270 25  0 75  0  0
 2  0  90624 2540324   1864 470208    0    0  1280     0 1332  398 25  1 74  0  0
 2  0  90624 2540324   1864 470208    0    0  1024     0 1324  308 25  0 75  0  0
 2  0  90624 2540324   1864 470208    0    0  1280     0 1329  391 25  1 74  0  0
 2  0  90624 2540324   1864 470208    0    0  1024    32 1261  283 25  0 75  0  0
 2  0  90624 2540324   1864 470208    0    0  1280     0 1406  419 25  1 74  0  0
 2  0  90624 2540324   1864 470208    0    0  1024    40 1322  349 25  0 75  0  0
 2  0  90624 2540324   1864 470208    0    0  1280     0 1342  398 25  1 74  0  0
procs -----------memory---------- ---swap-- -----io---- -system-- ------cpu-----
 r  b   swpd   free   buff  cache   si   so    bi    bo   in   cs us sy id wa st
 2  0  90624 2540324   1864 470208    0    0  1280     0 1270  292 25  0 75  0  0
 2  0  90624 2540324   1864 470208    0    0  1024   120 1332  388 25  0 74  0  0
 2  0  90624 2540324   1864 470208    0    0  1280     0 1382  362 25  0 75  0  0
 2  0  90624 2540324   1864 470208    0    0  1024     0 1492  556 25  1 74  0  0
 2  0  90624 2540324   1864 470208    0    0  1280     0 1271  280 25  0 75  0  0
 2  0  90624 2540324   1864 470208    0    0  1024     0 1380  409 25  1 74  0  0
 2  0  90624 2540324   1864 470208    0    0  1280     0 1383  374 25  0 74  0  0
 2  0  90624 2540324   1864 470208    0    0  1024    32 1538  697 25  1 74  0  0
 2  0  90624 2540324   1864 470208    0    0  1280     0 1237  277 25  0 75  0  0
 2  0  90624 2540324   1864 470208    0    0  1024     0 1379  428 25  1 74  0  0
 2  0  90624 2540324   1864 470208    0    0  1280     0 1227  266 25  0 75  0  0
 2  0  90624 2540324   1864 470208    0    0  1024     0 1453  447 25  0 74  0  0
 2  0  90624 2540324   1864 470208    0    0  1280    32 1313  291 25  0 75  0  0
 2  0  90624 2540324   1864 470208    0    0  1280     0 1357  438 25  1 74  0  0
 2  0  90624 2540324   1864 470208    0    0  1024     0 1330  308 25  0 75  0  0
 2  0  90624 2540324   1864 470208    0    0  1280     0 1397  462 25  1 74  0  0
 2  0  90624 2540324   1864 470208    0    0  1024     0 1245  260 25  0 75  0  0
 2  0  90624 2540324   1864 470208    0    0  1280  3396 1361  440 25  1 74  0  0
 2  0  90624 2540324   1864 470208    0    0  1024     0 1239  276 25  0 75  0  0
 2  0  90624 2540324   1864 470208    0    0  1280     0 1301  395 25  1 74  0  0
 2  0  90624 2540324   1864 470208    0    0  1024     0 1252  282 25  1 75  0  0
procs -----------memory---------- ---swap-- -----io---- -system-- ------cpu-----
 r  b   swpd   free   buff  cache   si   so    bi    bo   in   cs us sy id wa st
 2  0  90624 2540324   1864 470208    0    0  1280     0 1420  460 25  0 74  0  0
 2  0  90624 2540324   1864 470208    0    0  1024  1188 1481  438 25  1 74  0  0
 2  0  90624 2540324   1864 470208    0    0  1280     0 1392  426 25  1 74  0  0
 2  0  90624 2540324   1864 470208    0    0  1024     0 1254  280 25  0 75  0  0
 2  0  90624 2540324   1864 470208    0    0  1280     0 1292  370 25  1 74  0  0
 2  0  90624 2540324   1864 470208    0    0  1024     0 1296  299 25  0 75  0  0
 2  0  90624 2540324   1864 470208    0    0  1280    40 1467  495 25  1 74  0  0
 2  0  90624 2540324   1864 470208    0    0  1280     0 1390  365 25  1 75  0  0
 2  0  90624 2540324   1864 470208    0    0  1024     0 1314  400 25  1 74  0  0
 2  0  90624 2540324   1864 470208    0    0  1280     0 1309  329 25  0 75  0  0
 2  0  90624 2540324   1864 470208    0    0  1024     0 1297  375 25  1 74  0  0
 2  0  90624 2540324   1864 470208    0    0  1280   104 1356  349 25  0 75  0  0
 2  0  90624 2540324   1864 470208    0    0  1024     0 1360  412 25  1 74  0  0
 3  0  90624 2540324   1864 470208    0    0  1280     0 1264  260 25  0 75  0  0
 2  0  90624 2540324   1864 470208    0    0  1024     4 1334  400 25  1 74  0  0
 2  0  90624 2540324   1864 470208    0    0  1280     0 1327  336 25  0 75  0  0
 2  0  90624 2540324   1864 470208    0    0  1024    88 1513  521 25  1 74  0  0
 2  0  90624 2540324   1864 470208    0    0  1280     0 1257  294 25  0 75  0  0
 2  0  90624 2540324   1864 470208    0    0  1024     0 1337  417 25  1 74  0  0
 2  0  90624 2540324   1864 470208    0    0  1280     0 1277  315 25  0 75  0  0
 2  0  90624 2540324   1864 470208    0    0  1280     0 1305  393 25  0 74  0  0
procs -----------memory---------- ---swap-- -----io---- -system-- ------cpu-----
 r  b   swpd   free   buff  cache   si   so    bi    bo   in   cs us sy id wa st
 2  0  90624 2540324   1864 470208    0    0  1024    32 1354  347 25  0 74  0  0
 2  0  90624 2540324   1864 470208    0    0  1280     0 1343  441 25  1 74  0  0
 2  0  90624 2540324   1864 470208    0    0  1024     0 1241  280 25  0 75  0  0
 2  0  90624 2540324   1864 470208    0    0  1280     0 1343  398 25  0 74  0  0
 2  0  90624 2540324   1864 470208    0    0  1024     0 1225  258 25  0 75  0  0
 3  0  90624 2540324   1864 470208    0    0  1280    32 1351  424 25  1 74  0  0
 2  0  90624 2540324   1864 470208    0    0  1024  3312 1368  342 25  1 75  0  0
 2  0  90624 2540324   1864 470208    0    0  1280     0 1306  382 25  1 74  0  0
 2  0  90624 2540324   1864 470208    0    0  1024     0 1253  279 25  0 75  0  0
 2  0  90624 2540324   1864 470208    0    0  1280     0 1340  390 25  1 75  0  0
 2  0  90624 2540324   1864 470208    0    0  1024    56 1303  313 25  0 75  0  0
 2  0  90624 2540324   1864 470208    0    0  1280   256 1323  420 25  1 74  0  0
 2  0  90624 2540324   1864 470208    0    0  1280     0 1299  309 25  0 75  0  0
 2  0  90624 2540324   1864 470208    0    0  1024     0 1317  385 25  1 74  0  0
 2  0  90624 2540324   1864 470208    0    0  1280   828 1429  403 25  0 75  0  0
 2  0  90624 2540324   1864 470208    0    0  1024     0 1310  370 25  1 74  0  0
 2  0  90624 2540324   1864 470208    0    0  1280    48 1298  331 25  0 74  0  0
 2  0  90624 2540324   1864 470208    0    0  1024     0 1378  442 25  0 75  0  0
 2  0  90624 2540324   1864 470208    0    0  1280     0 1296  311 25  0 75  0  0
 2  0  90624 2540324   1864 470208    0    0  1024     0 1263  359 25  1 74  0  0
 2  0  90624 2540324   1864 470208    0    0  1280    32 1254  277 25  0 75  0  0
procs -----------memory---------- ---swap-- -----io---- -system-- ------cpu-----
 r  b   swpd   free   buff  cache   si   so    bi    bo   in   cs us sy id wa st
 2  0  90624 2540324   1864 470208    0    0  1024    48 1501  540 25  1 74  0  0
 2  0  90624 2540324   1864 470208    0    0  1280     0 1276  292 25  0 75  0  0
 2  0  90624 2540324   1864 470208    0    0  1024     0 1327  399 25  1 74  0  0
 2  0  90624 2540324   1864 470208    0    0  1280     0 1462  369 25  1 74  0  0
 2  0  90624 2540324   1864 470208    0    0  1280     0 1308  383 25  1 75  0  0
 2  0  90624 2540324   1864 470208    0    0  1024   112 1324  342 25  0 74  0  0
 2  0  90624 2540324   1864 470208    0    0  1280     0 1423  640 25  0 75  0  0
 2  0  90624 2540324   1864 470208    0    0  1024     0 1252  267 25  0 75  0  0
 2  0  90624 2540324   1864 470208    0    0  1280     4 1394  415 25  1 74  0  0
 2  0  90624 2540324   1864 470208    0    0  1024     0 1252  265 25  0 75  0  0
 2  0  90624 2540324   1864 470208    0    0  1280    32 1368  436 25  0 74  0  0
 2  0  90624 2540324   1864 470208    0    0  1024     0 1224  280 25  0 75  0  0
 2  0  90624 2540324   1864 470208    0    0  1280     0 1348  444 25  1 74  0  0
 2  0  90624 2540324   1864 470208    0    0  1024     0 1239  307 26  0 74  0  0
 2  0  90624 2540324   1864 470208    0    0  1280     0 1324  381 25  1 74  0  0
 2  0  90624 2540324   1864 470208    0    0  1024    32 1246  303 25  0 75  0  0
 2  0  90624 2540324   1864 470208    0    0  1280  3368 1452  473 25  1 74  0  0
 2  0  90624 2540324   1864 470208    0    0  1280     0 1209  258 25  0 75  0  0
 2  0  90624 2540324   1864 470208    0    0  1024     0 1330  404 25  1 74  0  0
 2  0  90624 2540324   1864 470208    0    0  1280     0 1253  272 25  0 75  0  0
 2  0  90624 2540324   1864 470208    0    0  1024    64 1350  462 25  0 74  0  0
procs -----------memory---------- ---swap-- -----io---- -system-- ------cpu-----
 r  b   swpd   free   buff  cache   si   so    bi    bo   in   cs us sy id wa st
 2  0  90624 2540324   1864 470208    0    0  1280   256 1261  262 25  0 75  0  0
 2  0  90624 2540324   1864 470208    0    0  1024     0 1315  386 25  1 74  0  0
 2  0  90624 2540324   1864 470208    0    0  1280     0 1249  269 25  0 75  0  0
 2  0  90624 2540324   1864 470208    0    0  1024     0 1351  398 25  1 74  0  0
 2  0  90624 2540324   1864 470208    0    0  1280   568 1403  354 25  0 75  0  0
 2  0  90624 2540324   1864 470208    0    0  1024     0 1334  426 25  0 74  0  0
 2  0  90624 2540324   1864 470208    0    0  1280     0 1350  345 25  0 74  0  0
 2  0  90624 2540324   1864 470208    0    0  1024     0 1335  402 25  0 75  0  0
 2  0  90624 2540324   1864 470208    0    0  1280     0 1454  400 25  1 74  0  0
 2  0  90624 2540324   1864 470208    0    0  1024    80 1412  480 25  0 75  0  0
 2  0  90624 2540324   1864 470208    0    0  1280     0 1243  287 25  0 75  0  0
 2  0  90624 2540324   1864 470208    0    0  1280     0 1292  382 25  1 74  0  0
 2  0  90624 2540324   1864 470208    0    0  1024     0 1219  263 25  0 75  0  0
 2  0  90624 2540324   1864 470208    0    0  1280     0 1344  410 25  1 74  0  0
 2  0  90624 2540324   1864 470208    0    0  1024     4 1261  284 25  0 75  0  0
 2  0  90624 2540324   1864 470208    0    0  1280    48 1345  408 25  0 74  0  0
 2  0  90624 2540324   1864 470208    0    0  1024     0 1398  336 25  0 75  0  0
 2  0  90624 2540324   1864 470208    0    0  1280     0 1394  401 25  1 74  0  0
 2  0  90624 2540324   1864 470208    0    0  1024     0 1310  305 25  0 75  0  0
 2  0  90624 2540324   1864 470208    0    0  1280     0 1321  405 25  1 74  0  0
 2  0  90624 2540324   1864 470208    0    0  1024   124 1285  294 25  0 75  0  0
procs -----------memory---------- ---swap-- -----io---- -system-- ------cpu-----
 r  b   swpd   free   buff  cache   si   so    bi    bo   in   cs us sy id wa st
 2  0  90624 2540324   1864 470208    0    0  1280     0 1317  423 25  1 74  0  0
 2  0  90624 2540324   1864 470208    0    0  1024     0 1273  296 25  0 75  0  0
 2  0  90624 2540324   1864 470208    0    0  1280     0 1333  387 25  1 74  0  0
 2  0  90624 2540324   1864 470208    0    0  1280     0 1298  315 25  0 75  0  0
 2  0  90624 2540324   1864 470208    0    0  1024  3392 1352  402 25  1 74  0  0
 2  0  90624 2540324   1864 470208    0    0  1280     0 1286  305 25  0 75  0  0
 2  0  90624 2540324   1864 470208    0    0  1024   104 1387  459 25  1 74  0  0
 2  0  90624 2540324   1864 470208    0    0  1280     0 1255  266 25  0 75  0  0
 2  0  90624 2540324   1864 470208    0    0  1024     0 1321  420 25  0 75  0  0
 2  0  90624 2540324   1864 470208    0    0  1280   264 1306  316 25  0 75  0  0
 2  0  90624 2540324   1864 470208    0    0  1024     0 1363  406 25  1 74  0  0
 2  0  90624 2540324   1864 470208    0    0  1280    56 1250  265 25  0 75  0  0
 2  0  90624 2540324   1864 470208    0    0  1024     0 1320  394 25  1 75  0  0
 2  0  90624 2540324   1864 470208    0    0  1280     0 1390  360 25  0 75  0  0
 2  0  90624 2540324   1864 470208    0    0  1024   608 1592  531 25  1 74  0  0
 2  0  90624 2540324   1864 470208    0    0  1280     0 1426  466 26  0 74  0  0
 2  0  90624 2540324   1864 470208    0    0  1024    36 1325  423 25  1 74  0  0
 2  0  90624 2540324   1864 470208    0    0  1280     0 1312  302 25  1 75  0  0
 2  0  90624 2540324   1864 470208    0    0  1024     0 1456  495 25  1 74  0  0
 2  0  90624 2540324   1864 470208    0    0  1280     0 1401  395 25  0 75  0  0
 2  0  90624 2540324   1864 470208    0    0  1280     0 1474  497 25  1 74  0  0
