procs -----------memory---------- ---swap-- -----io---- -system-- ------cpu-----
 r  b   swpd   free   buff  cache   si   so    bi    bo   in   cs us sy id wa st
 1  1  90624 2538628   1944 466728    1    3   881   245  316  160 18  1 80  0  0
 2  0  90624 2538628   1944 466728    0    0 17344     0 1876  793 22  2 74  2  0
 2  0  90624 2538628   1944 466728    0    0  1592     0 1434  507 25  1 74  0  0
 2  0  90624 2538628   1944 466728    0    0  1280     0 1283  316 25  1 75  0  0
 2  0  90624 2538628   1944 466728    0    0  1296   436 1428  541 25  1 74  1  0
 2  0  90624 2538628   1944 466728    0    0  1280     0 1270  281 25  1 75  0  0
 2  0  90624 2538628   1944 466728    0    0  1280   832 1469  458 25  1 74  0  0
 2  0  90624 2538628   1944 466728    0    0  1024     0 1277  275 25  0 75  0  0
 2  0  90624 2538628   1944 466728    0    0  1280     0 1312  378 25  1 74  0  0
 2  0  90624 2538628   1944 466728    0    0  1024    48 1334  346 25  0 74  0  0
 2  0  90624 2538628   1944 466728    0    0  1280     0 1292  374 25  1 74  0  0
 2  0  90624 2538628   1944 466728    0    0  1024   272 1413  371 25  0 75  0  0
 2  0  90624 2538628   1944 466728    0    0  1280     0 1390  433 25  1 74  0  0
 2  0  90624 2538628   1944 466728    0    0  1024     0 1228  276 25  0 75  0  0
 2  0  90624 2538628   1944 466728    0    0  1280    36 1359  416 25  1 74  0  0
 2  0  90624 2538628   1944 466728    0    0  1024     0 1344  323 25  0 75  0  0
 2  0  90624 2538628   1944 466728    0    0  1280     0 1367  424 25  1 74  0  0
 2  0  90624 2538628   1944 466728    0    0  1024     0 1279  303 25  0 75  0  0
 2  0  90624 2538628   1944 466728    0    0  1280     0 1344  388 25  1 74  0  0
 2  0  90624 2538628   1944 466728    0    0  1024    32 1283  279 25  0 75  0  0
 2  0  90624 2538628   1944 466728    0    0  1280     0 1303  384 25  1 74  0  0
procs -----------memory---------- ---swap-- -----io---- -system-- ------cpu-----
 r  b   swpd   free   buff  cache   si   so    bi    bo   in   cs us sy id wa st
 2  0  90624 2538628   1944 466728    0    0  1024     0 1253  298 25  0 75  0  0
 2  0  90624 2538628   1944 466728    0    0  1280     0 1335  396 25  1 74  0  0
 2  0  90624 2538628   1944 466728    0    0  1024     0 1314  334 25  0 75  0  0
 2  0  90624 2538628   1944 466728    0    0  1280    32 1314  416 25  1 74  0  0
 2  0  90624 2538628   1944 466728    0    0  1280     0 1264  297 25  0 75  0  0
 2  0  90624 2538628   1944 466728    0    0  1024     0 1398  443 25  1 74  0  0
 2  0  90624 2538628   1944 466728    0    0  1280     0 1229  275 25  0 75  0  0
 2  0  90624 2538628   1944 466728    0    0  1024   436 1443  471 25  1 74  0  0
 2  0  90624 2538628   1944 466728    0    0  1280    32 1286  321 25  0 75  0  0
 2  0  90624 2538628   1944 466728    0    0  1024     0 1323  386 25  1 74  0  0
 2  0  90624 2538628   1944 466728    0    0  1280   140 1344  338 25  0 75  0  0
 2  0  90624 2538628   1944 466728    0    0  1024     0 1377  417 25  1 74  0  0
 2  0  90624 2538628   1944 466728    0    0  1280     0 1270  296 25  0 75  0  0
 2  0  90624 2538628   1944 466728    0    0  1024    48 1325  394 25  1 74  0  0
 2  0  90624 2538628   1944 466728    0    0  1280     0 1235  274 25  0 75  0  0
 2  0  90624 2538628   1944 466728    0    0  1024     0 1317  385 25  1 74  0  0
 2  0  90624 2538628   1944 466728    0    0  1284  3620 1243  294 25  0 74  0  0
 2  0  90624 2538628   1944 466728    0    0  1024     0 1472  453 25  1 74  0  0
 2  0  90624 2538628   1944 466728    0    0  1280    56 1355  344 25  0 75  0  0
 2  0  90624 2538628   1944 466728    0    0  1024     0 1317  363 25  1 74  0  0
 2  0  90624 2538628   1944 466728    0    0  1280     0 1424  417 25  0 75  0  0
procs -----------memory---------- ---swap-- -----io---- -system-- ------cpu-----
 r  b   swpd   free   buff  cache   si   so    bi    bo   in   cs us sy id wa st
 2  0  90624 2538628   1944 466728    0    0  1280   472 1534  471 25  1 74  0  0
 2  0  90624 2538628   1944 466728    0    0  1024     0 1271  283 25  0 75  0  0
 2  0  90624 2538628   1944 466728    0    0  1280    36 1341  372 25  0 74  0  0
 2  0  90624 2538628   1944 466728    0    0  1024     0 1332  352 25  0 75  0  0
 2  0  90624 2538628   1944 466728    0    0  1280     0 1347  395 25  1 74  0  0
 2  1  90624 2538628   1944 466728    0    0  2064     0 1323  339 25  1 74  0  0
 2  0  90624 2538628   1944 466728    0    0  3504     0 1476  502 25  1 74  1  0
 2  0  90624 2538628   1944 466728    0    0  1024    32 1295  383 25  0 74  0  0
 2  0  90624 2538628   1944 466728    0    0  1280     0 1335  386 25  1 74  0  0
 2  0  90624 2538628   1944 466728    0    0  1024     0 1251  282 25  0 75  0  0
 2  0  90624 2538628   1944 466728    0    0  1280     0 1450  636 25  1 74  0  0
 2  0  90624 2538628   1944 466728    0    0  1024     0 1246  291 25  0 75  0  0
 2  0  90624 2538628   1944 466728    0    0  1280    32 1406  424 25  1 74  0  0
 2  0  90624 2538628   1944 466728    0    0  1024     0 1264  289 25  1 75  0  0
 2  0  90624 2538628   1944 466728    0    0  1280     0 1443  460 25  1 74  0  0
 2  0  90624 2538628   1944 466728    0    0  1024   480 1550  435 25  0 75  0  0
 2  0  90624 2538628   1944 466728    0    0  1280     0 1495  558 25  1 74  0  0
 2  0  90624 2538628   1944 466728    0    0  1280    36 1283  297 25  0 74  0  0
 2  0  90624 2538628   1944 466728    0    0  1024     0 1327  436 25  1 74  0  0
 2  0  90624 2538628   1944 466728    0    0  1280     0 1326  351 25  0 75  0  0
 2  0  90624 2538628   1944 466728    0    0  1024     0 1446  485 25  1 74  0  0
procs -----------memory---------- ---swap-- -----io---- -system-- ------cpu-----
 r  b   swpd   free   buff  cache   si   so    bi    bo   in   cs us sy id wa st
 2  0  90624 2538628   1944 466728    0    0  1280    56 1328  313 25  0 75  0  0
 2  0  90624 2538628   1944 466728    0    0  1024     0 1274  355 25  0 74  0  0
 2  0  90624 2538628   1944 466728    0    0  1280    92 1288  317 25  0 75  0  0
 2  0  90624 2538628   1944 466728    0    0  1024     0 1370  422 25  1 74  0  0
 2  0  90624 2538628   1944 466728    0    0  1280     0 1261  293 25  0 75  0  0
 2  0  90624 2538628   1944 466728    0    0  1024  4076 1474  449 25  1 74  0  0
 2  0  90624 2538628   1944 466728    0    0  1280     0 1304  322 25  0 75  0  0
 2  0  90624 2538628   1944 466728    0    0  1024    72 1364  427 25  1 74  0  0
 2  0  90624 2538628   1944 466728    0    0  1280     0 1351  344 25  0 75  0  0
 2  0  90624 2538628   1944 466728    0    0  1280     0 1279  359 25  1 74  0  0
 2  0  90624 2538628   1944 466728    0    0  1024     0 1256  294 25  0 75  0  0
 2  0  90624 2538628   1944 466728    0    0  1280   268 1397  452 25  1 74  0  0
 2  0  90624 2538628   1944 466728    0    0  1024    36 1277  301 25  0 74  0  0
 2  0  90624 2538628   1944 466728    0    0  1280     0 1453  428 25  0 75  0  0
 2  0  90624 2538628   1944 466728    0    0  1024     0 1275  320 25  0 75  0  0
 2  0  90624 2538628   1944 466728    0    0  1280     0 1296  369 25  1 74  0  0
 2  0  90624 2538628   1944 466728    0    0  1024     0 1238  268 25  0 75  0  0
 2  0  90624 2538628   1944 466728    0    0  1280    32 1316  405 25  1 74  0  0
 3  0  90624 2538628   1944 466728    0    0  1024     0 1288  316 25  0 75  0  0
 2  0  90624 2538628   1944 466728    0    0  1280     0 1329  414 25  1 74  0  0
 2  0  90624 2538628   1944 466728    0    0  1024     0 1316  315 25  0 75  0  0
procs -----------memory---------- ---swap-- -----io---- -system-- ------cpu-----
 r  b   swpd   free   buff  cache   si   so    bi    bo   in   cs us sy id wa st
 2  0  90624 2538628   1944 466728    0    0  1280     0 1387  415 25  1 74  0  0
 2  0  90624 2538628   1944 466728    0    0  1024    32 1260  296 25  0 75  0  0
 2  0  90624 2538628   1944 466728    0    0  1280     0 1329  407 25  1 74  0  0
 2  0  90624 2538628   1944 466728    0    0  1280     0 1326  281 25  0 75  0  0
 2  0  90624 2538628   1944 466728    0    0  1024  2392 1335  409 25  1 74  0  0
 2  0  90624 2538628   1944 466728    0    0  1280     0 1304  327 25  0 75  0  0
 2  0  90624 2538628   1944 466728    0    0  1024    60 1401  449 25  1 74  0  0
 2  0  90624 2538628   1944 466728    0    0  1280     0 1322  323 25  0 75  0  0
 2  0  90624 2538628   1944 466728    0    0  1024     0 1322  395 25  1 74  0  0
 2  0  90624 2538628   1944 466728    0    0  1280     0 1227  269 25  0 75  0  0
 2  0  90624 2538628   1944 466728    0    0  1024     0 1412  453 25  1 74  0  0
 2  0  90624 2538628   1944 466728    0    0  1280    32 1269  295 25  0 75  0  0
 2  0  90624 2538628   1944 466728    0    0  1024    40 1328  413 25  1 74  0  0
 2  0  90624 2538628   1944 466728    0    0  1280     0 1239  277 25  0 75  0  0
 2  0  90624 2538628   1944 466728    0    0  1024     0 1416  462 25  1 75  0  0
 2  0  90624 2538628   1944 466728    0    0  1280     0 1316  343 25  0 75  0  0
 2  0  90624 2538628   1944 466728    0    0  1024    80 1344  421 25  1 74  0  0
 2  0  90624 2538628   1944 466728    0    0  1280     0 1236  310 25  0 75  0  0
 2  0  90624 2538628   1944 466728    0    0  1024     0 1330  419 25  1 74  0  0
 2  0  90624 2538628   1944 466728    0    0  1280     0 1243  278 25  0 75  0  0
 3  0  90624 2538628   1944 466728    0    0  1280     0 1379  450 25  1 74  0  0
procs -----------memory---------- ---swap-- -----io---- -system-- ------cpu-----
 r  b   swpd   free   buff  cache   si   so    bi    bo   in   cs us sy id wa st
 2  0  90624 2538628   1944 466728    0    0  1024   828 1428  417 25  0 75  0  0
 2  0  90624 2538628   1944 466728    0    0  1280     0 1437  467 25  1 74  0  0
 2  0  90624 2538628   1944 466728    0    0  1024     0 1288  314 25  0 75  0  0
 2  0  90624 2538628   1944 466728    0    0  6672     0 1769  783 25  1 72  2  0
 2  0  90624 2538628   1944 466728    0    0 10432     0 2350 1509 27  3 68  3  0
 2  0  90624 2538628   1944 466728    0    0  1280    92 1361  411 25  0 74  0  0
 2  0  90624 2538628   1944 466728    0    0  1024     0 1301  323 25  0 75  0  0
 2  0  90624 2538628   1944 466728    0    0  1280     0 1344  401 25  1 74  0  0
 2  0  90624 2538628   1944 466728    0    0  1024     0 1389  542 25  0 75  0  0
 2  0  90624 2538628   1944 466728    0    0  1280     0 1341  409 25  1 74  0  0
 2  0  90624 2538628   1944 466728    0    0  1024     0 1233  267 25  0 75  0  0
 2  0  90624 2538628   1944 466728    0    0  1280    32 1381  446 25  1 74  0  0
 2  0  90624 2538628   1944 466728    0    0  1024     0 1262  302 25  0 75  0  0
 2  0  90624 2538628   1944 466728    0    0  1280     0 1378  452 25  1 74  0  0
 2  0  90624 2538628   1944 466728    0    0  1028  3680 1267  302 25  0 74  0  0
 2  0  90624 2538628   1944 466728    0    0  1280     0 1428  467 25  0 74  0  0
 2  0  90624 2538628   1944 466728    0    0  1024    52 1249  315 25  0 75  0  0
 2  0  90624 2538628   1944 466728    0    0  1280     0 1346  428 25  1 74  0  0
 2  0  90624 2538628   1944 466728    0    0  1024     0 1299  316 25  0 75  0  0
 2  0  90624 2538628   1944 466728    0    0  1280     0 1336  403 25  1 74  0  0
 2  0  90624 2538628   1944 466728    0    0  1280     0 1218  277 25  0 75  0  0
procs -----------memory---------- ---swap-- -----io---- -system-- ------cpu-----
 r  b   swpd   free   buff  cache   si   so    bi    bo   in   cs us sy id wa st
 2  0  90624 2538628   1944 466728    0    0  1024    32 1383  464 25  0 75  0  0
 2  0  90624 2538628   1944 466728    0    0  1280     0 1244  284 25  0 75  0  0
 2  0  90624 2538628   1944 466728    0    0  1024     0 1444  494 25  1 74  0  0
 2  0  90624 2538628   1944 466728    0    0  1280    56 1277  311 25  0 75  0  0
 2  0  90624 2538628   1944 466728    0    0  1024     0 1335  396 25  0 75  0  0
 2  0  90624 2538628   1944 466728    0    0  1280   120 1373  349 25  0 75  0  0
 2  0  90624 2538628   1944 466728    0    0  1024     0 1309  402 25  1 74  0  0
 2  0  90624 2538628   1944 466728    0    0  1280     0 1255  305 25  0 75  0  0
 2  0  90624 2538628   1944 466728    0    0  1024     0 1336  384 25  1 74  0  0
 2  0  90624 2538628   1944 466728    0    0  1280     0 1256  310 25  0 75  0  0
 2  0  90624 2538628   1944 466728    0    0  1024    32 1290  399 25  1 74  0  0
 2  0  90624 2538628   1944 466728    0    0  1280  1032 1492  474 25  0 75  0  0
 2  0  90624 2538628   1944 466728    0    0  1024     0 1333  403 25  1 74  0  0
 2  0  90624 2538628   1944 466728    0    0  1280    12 1284  326 25  0 75  0  0
 2  0  90624 2538628   1944 466728    0    0  1028  2408 1345  421 25  1 74  0  0
 2  0  90624 2538628   1944 466728    0    0  1280    68 1225  304 25  0 75  0  0
 2  0  90624 2538628   1944 466728    0    0  1280     0 1362  447 25  1 74  0  0
 2  0  90624 2538628   1944 466728    0    0  1024     0 1216  277 25  0 75  0  0
 2  0  90624 2538628   1944 466728    0    0  1280     0 1301  408 25  1 74  0  0
 2  0  90624 2538628   1944 466728    0    0  1024     0 1303  351 25  0 75  0  0
 2  0  90624 2538628   1944 466728    0    0  1280    32 1333  414 25  1 75  0  0
procs -----------memory---------- ---swap-- -----io---- -system-- ------cpu-----
 r  b   swpd   free   buff  cache   si   so    bi    bo   in   cs us sy id wa st
 2  0  90624 2538628   1944 466728    0    0  1024     0 1283  334 25  1 74  0  0
 2  0  90624 2538628   1944 466728    0    0  1280     0 1331  440 25  0 74  0  0
 2  0  90624 2538628   1944 466728    0    0  1024     0 1267  326 25  1 75  0  0
 2  0  90624 2538628   1944 466728    0    0  1280     0 1379  427 25  0 74  0  0
 2  0  90624 2538628   1944 466728    0    0  1024    32 1235  295 25  0 75  0  0
 2  0  90624 2538628   1944 466728    0    0  1280     0 1382  452 25  0 74  0  0
 2  0  90624 2538628   1944 466728    0    0  1024     0 1215  274 25  0 75  0  0
 2  0  90624 2538628   1944 466728    0    0  1280     0 1330  394 25  1 74  0  0
 2  0  90624 2538628   1944 466728    0    0  1024     0 1235  270 25  0 75  0  0
 2  0  90624 2538628   1944 466728    0    0  1280    32 1325  408 25  1 74  0  0
 2  0  90624 2538628   1944 466728    0    0  1280     0 1284  332 25  0 75  0  0
 2  0  90624 2538628   1944 466728    0    0  1024     0 1295  383 25  0 74  0  0
 2  0  90624 2538628   1944 466728    0    0  1280    32 1300  303 25  0 75  0  0
 2  0  90624 2538628   1944 466728    0    0  1024     0 1360  429 25  1 74  0  0
 2  0  90624 2538628   1944 466728    0    0  1280     0 1242  283 25  0 75  0  0
 2  0  90624 2538628   1944 466728    0    0  1024   108 1362  425 25  0 74  0  0
 2  0  90624 2538628   1944 466728    0    0  1280     0 1283  291 25  0 75  0  0
 2  0  90624 2538628   1944 466728    0    0  1024     0 1376  430 25  1 74  0  0
 2  0  90624 2538628   1944 466728    0    0  1280  2972 1243  281 25  0 75  0  0
 2  0  90624 2538628   1944 466728    0    0  1024     0 1486  547 25  1 74  0  0
 2  0  90624 2538628   1944 466728    0    0  1280   852 1447  449 25  0 75  0  0
procs -----------memory---------- ---swap-- -----io---- -system-- ------cpu-----
 r  b   swpd   free   buff  cache   si   so    bi    bo   in   cs us sy id wa st
 2  0  90624 2538628   1944 466728    0    0  1024     0 1435  473 25  1 74  0  0
 2  0  90624 2538628   1944 466728    0    0  1280     0 1293  341 25  0 75  0  0
 2  0  90624 2538628   1944 466728    0    0  1024     0 1547  557 25  1 74  0  0
 2  0  90624 2538628   1944 466728    0    0  1280     0 1256  314 25  0 75  0  0
 2  0  90624 2538628   1944 466728    0    0  1024    36 1443  507 25  1 74  0  0
 2  0  90624 2538628   1944 466728    0    0  1280     0 1246  297 25  0 75  0  0
 2  0  90624 2538628   1944 466728    0    0  1280     0 1317  385 25  1 74  0  0
 2  0  90624 2538628   1944 466728    0    0  1024     0 1420  566 25  0 75  0  0
 2  0  90624 2538628   1944 466728    0    0  1280     0 1319  397 25  0 75  0  0
 2  0  90624 2538628   1944 466728    0    0  1024    32 1252  308 25  0 75  0  0
 2  0  90624 2538628   1944 466728    0    0  1280     0 1341  414 25  1 74  0  0
 2  0  90624 2538628   1944 466728    0    0  1024     0 1304  307 25  0 75  0  0
 2  0  90624 2538628   1944 466728    0    0  1280     0 1381  459 25  1 74  0  0
 2  0  90624 2538628   1944 466728    0    0  1024     0 1267  315 25  0 75  0  0
 2  0  90624 2538628   1944 466728    0    0  1280    36 1322  402 25  1 74  0  0
 2  0  90624 2538628   1944 466728    0    0  1024     0 1247  301 25  0 75  0  0
 2  0  90624 2538628   1944 466728    0    0  1280     0 1304  371 25  0 75  0  0
 2  0  90624 2538628   1944 466728    0    0  1024     0 1228  278 25  0 75  0  0
 2  0  90624 2538628   1944 466728    0    0  1280     0 1332  423 25  1 75  0  0
 2  0  90624 2538628   1944 466728    0    0  1024    36 1261  303 25  0 75  0  0
 2  0  90624 2538628   1944 466728    0    0  1280     0 1370  436 25  1 74  0  0
procs -----------memory---------- ---swap-- -----io---- -system-- ------cpu-----
 r  b   swpd   free   buff  cache   si   so    bi    bo   in   cs us sy id wa st
 2  0  90624 2538628   1944 466728    0    0  1024     0 1239  308 25  0 75  0  0
 2  0  90624 2538628   1944 466728    0    0  1280     0 1326  404 25  1 74  0  0
 2  0  90624 2538628   1944 466728    0    0  1280     0 1234  285 25  0 75  0  0
 2  0  90624 2538628   1944 466728    4    0  1040    32 1352  445 25  1 74  0  0
 2  0  90624 2538628   1944 466728    0    0  1284     0 1347  365 25  0 75  0  0
 2  0  90624 2538628   1944 466728    0    0  1024    48 1338  427 25  1 74  0  0
 2  0  90624 2538628   1944 466728    0    0  1280     0 1272  288 25  0 75  0  0
 2  0  90624 2538628   1944 466728    0    0  1024  3624 1403  469 25  1 74  0  0
 2  0  90624 2538628   1944 466728    0    0  1280    76 1248  294 25  0 75  0  0
 2  0  90624 2538628   1944 466728    0    0  1024    64 1392  438 25  1 74  0  0
 2  0  90624 2538628   1944 466728    0    0  1280   816 1446  382 25  0 74  0  0
 2  0  90624 2538628   1944 466728    0    0  1024     0 1369  421 25  0 74  0  0
 2  0  90624 2538628   1944 466728    0    0  1280     0 1293  302 25  0 75  0  0
 2  0  90624 2538628   1944 466728    0    0  1024    36 1348  403 25  0 74  0  0
 2  0  90624 2538628   1944 466728    0    0  1280     0 1340  326 25  0 75  0  0
 2  0  90624 2538628   1944 466728    0    0  1024     0 1296  377 25  1 74  0  0
 2  0  90624 2538628   1944 466728    0    0  1280     0 1288  329 25  0 75  0  0
 2  0  90624 2538628   1944 466728    0    0  1280     0 1341  408 25  1 74  0  0
 2  0  90624 2538628   1944 466728    0    0  1024     0 1228  279 25  0 75  0  0
 2  0  90624 2538628   1944 466728    0    0  1280    32 1321  392 25  1 74  0  0
 2  0  90624 2538628   1944 466728    0    0  1024     0 1312  326 25  0 75  0  0
procs -----------memory---------- ---swap-- -----io---- -system-- ------cpu-----
 r  b   swpd   free   buff  cache   si   so    bi    bo   in   cs us sy id wa st
 2  0  90624 2538628   1944 466728    0    0  1280     0 1299  370 25  1 74  0  0
 2  0  90624 2538628   1944 466728    0    0  1024     4 1231  297 25  0 75  0  0
 2  0  90624 2538628   1944 466728    0    0  1280     0 1473  478 25  1 74  0  0
 2  0  90624 2538628   1944 466728    0    0  1024    32 1232  300 25  0 75  0  0
 2  0  90624 2538628   1944 466728    0    0  1280     0 1313  383 25  0 75  0  0
 2  0  90624 2538628   1944 466728    0    0  1024     0 1279  294 25  0 75  0  0
 2  0  90624 2538628   1944 466728    0    0  1280     0 1355  410 25  1 74  0  0
 2  0  90624 2538628   1944 466728    0    0  1024     8 1283  287 25  0 75  0  0
 2  0  90624 2538628   1944 466728    0    0  1280    32 1348  423 25  1 74  0  0
 2  0  90624 2538628   1944 466728    0    0  1024     0 1264  284 25  0 75  0  0
 2  0  90624 2538628   1944 466728    0    0  1280     0 1304  404 25  1 74  0  0
 2  0  90624 2538628   1944 466728    0    0  1024     0 1229  292 25  0 75  0  0
 2  0  90624 2538628   1944 466728    0    0  1280     0 1428  481 25  1 74  0  0
 2  0  90624 2538628   1944 466728    0    0  1280    32 1254  296 25  0 75  0  0
 2  0  90624 2538628   1944 466728    0    0  1024     0 1394  436 25  1 74  0  0
 2  0  90624 2538628   1944 466728    0    0  1280    32 1343  330 25  0 75  0  0
 2  0  90624 2538628   1944 466728    0    0  1024     0 1364  444 25  1 74  0  0
 2  0  90624 2538628   1944 466728    0    0  1280  3620 1288  289 25  0 75  0  0
 2  0  90624 2538628   1944 466728    0    0  1024    56 1407  457 25  1 74  0  0
 2  0  90624 2538628   1944 466728    0    0  1280   560 1444  385 25  0 75  0  0
 2  0  90624 2538628   1944 466728    0    0  1024     0 1366  455 25  1 74  0  0
procs -----------memory---------- ---swap-- -----io---- -system-- ------cpu-----
 r  b   swpd   free   buff  cache   si   so    bi    bo   in   cs us sy id wa st
 2  0  90624 2538628   1944 466728    0    0  1280     0 1232  283 25  0 75  0  0
 2  0  90624 2538628   1944 466728    0    0  1024     0 1316  400 25  1 75  0  0
 2  0  90624 2538628   1944 466728    0    0  1280    36 1287  315 25  0 75  0  0
 2  0  90624 2538628   1944 466728    0    0  1024    48 1375  426 25  1 74  0  0
 2  0  90624 2538628   1944 466728    0    0  1280     0 1278  321 25  0 75  0  0
 2  0  90624 2538628   1944 466728    0    0  1024     0 1475  673 25  1 74  0  0
 2  0  90624 2538628   1944 466728    0    0  1280     0 1292  339 26  0 74  0  0
 2  0  90624 2538628   1944 466728    0    0  1024    32 1391  453 25  0 74  0  0
 2  0  90624 2538628   1944 466728    0    0  1280     0 1345  350 25  0 75  0  0
 2  0  90624 2538628   1944 466728    0    0  1280     0 1340  399 25  0 74  0  0
 2  0  90624 2538628   1944 466728    0    0  1024     0 1333  352 25  0 75  0  0
 2  0  90624 2538628   1944 466728    0    0  1280     0 1409  443 25  1 74  0  0
 2  0  90624 2538628   1944 466728    0    0  1024    36 1272  315 25  0 74  0  0
 2  0  90624 2538628   1944 466728    0    0  1280     0 1336  414 25  1 74  0  0
 2  0  90624 2538628   1944 466728    0    0  1024     0 1253  304 25  0 75  0  0
 2  0  90624 2538628   1944 466728    0    0  1280     0 1373  424 25  1 75  0  0
 2  0  90624 2538628   1944 466728    0    0  1024     0 1387  390 25  0 74  0  0
 2  0  90624 2538628   1944 466728    0    0  1280  2460 1332  385 25  0 75  0  0
 2  0  90624 2538628   1944 466728    0    0  1024     0 1314  340 25  0 75  0  0
 2  0  90624 2538628   1944 466728    0    0  1280     0 1328  400 25  1 74  0  0
 2  0  90624 2538628   1944 466728    0    0  1024     0 1322  350 25  0 75  0  0
procs -----------memory---------- ---swap-- -----io---- -system-- ------cpu-----
 r  b   swpd   free   buff  cache   si   so    bi    bo   in   cs us sy id wa st
 2  0  90624 2538628   1944 466728    0    0  1280     0 1287  375 25  1 75  0  0
 2  0  90624 2538628   1944 466728    0    0  1024    32 1315  350 25  0 75  0  0
 2  0  90624 2538628   1944 466728    0    0  1280     0 1329  415 25  1 74  0  0
 2  0  90624 2538628   1944 466728    0    0  1280     0 1289  294 25  0 75  0  0
 2  0  90624 2538628   1944 466728    0    0  1024     0 1294  400 25  0 75  0  0
 2  0  90624 2538628   1944 466728    0    0  1280    40 1238  291 25  0 75  0  0
 2  0  90624 2538628   1944 466728    0    0  1024     0 1367  436 25  1 74  0  0
 2  0  90624 2538628   1944 466728    0    0  1280    48 1206  282 25  0 75  0  0
 2  0  90624 2538628   1944 466728    0    0  1024     0 1337  393 25  1 75  0  0
 2  0  90624 2538628   1944 466728    0    0  1280     0 1319  341 25  0 75  0  0
 2  0  90624 2538628   1944 466728    0    0  1024     0 1339  415 25  1 74  0  0
 2  0  90624 2538628   1944 466728    0    0  1280     0 1253  302 25  0 75  0  0
 2  0  90624 2538628   1944 466728    0    0  1024    32 1276  387 25  0 75  0  0
 2  0  90624 2538628   1944 466728    0    0  1280   756 1426  380 25  1 75  0  0
 2  0  90624 2538628   1944 466728    0    0  1024     0 1402  470 25  0 75  0  0
 2  0  90624 2538628   1944 466728    0    0  1280     0 1233  278 25  0 75  0  0
 2  0  90624 2538628   1944 466728    0    0  1024     0 1339  437 25  1 74  0  0
 2  0  90624 2538628   1944 466728    0    0  1280    76 1240  293 25  0 75  0  0
 2  0  90624 2538628   1944 466728    0    0  1024     0 1534  540 25  1 74  0  0
 2  0  90624 2538628   1944 466728    0    0  1280     0 1269  303 25  0 75  0  0
 2  0  90624 2538628   1944 466728    0    0  1280     4 1375  428 25  1 74  0  0
procs -----------memory---------- ---swap-- -----io---- -system-- ------cpu-----
 r  b   swpd   free   buff  cache   si   so    bi    bo   in   cs us sy id wa st
 2  0  90624 2538628   1944 466728    0    0  1024     0 1233  305 25  0 75  0  0
 2  0  90624 2538628   1944 466728    0    0  1284   108 1367  430 25  1 74  0  0
 2  0  90624 2538628   1944 466728    0    0  1024     0 1244  283 25  0 75  0  0
 2  0  90624 2538628   1944 466728    0    0  1280     0 1368  426 25  1 74  0  0
 2  0  90624 2538628   1944 466728    0    0  1024     0 1242  291 25  0 75  0  0
 2  0  90624 2538628   1944 466728    0    0  1280     0 1322  375 25  1 74  0  0
 2  0  90624 2538628   1944 466728    0    0  1208  3696 1327  370 25  0 74  0  0
 2  0  90624 2538628   1944 466728    0    0  1280     0 1286  378 25  0 75  0  0
 2  0  90624 2538628   1944 466728    0    0  1024     0 1271  318 25  0 75  0  0
 2  0  90624 2538628   1944 466728    0    0  1280     0 1533  527 25  1 74  0  0
 2  0  90624 2538628   1944 466728    0    0  1024     0 1339  416 26  0 74  0  0
 2  0  90624 2538628   1944 466728    0    0  1280    32 1330  430 25  1 74  0  0
 2  0  90624 2538628   1944 466728    0    0  1024     0 1257  319 25  0 75  0  0
 2  0  90624 2538628   1944 466728    0    0  1280     0 1308  401 25  1 74  0  0
 2  0  90624 2538628   1944 466728    0    0  1024     0 1342  354 25  0 75  0  0
 2  0  90624 2538628   1944 466728    0    0  1280     0 1520  522 25  1 74  0  0
 2  0  90624 2538628   1944 466728    0    0  1024    88 1245  298 25  0 75  0  0
 2  0  90624 2538628   1944 466728    0    0  1280     0 1439  503 25  1 74  0  0
 2  0  90624 2538628   1944 466728    0    0  1280     0 1236  282 25  0 75  0  0
 2  0  90624 2538628   1944 466728    0    0  1024     0 1288  383 25  1 74  0  0
 2  0  90624 2538628   1944 466728    0    0  1280     0 1242  289 25  0 75  0  0
procs -----------memory---------- ---swap-- -----io---- -system-- ------cpu-----
 r  b   swpd   free   buff  cache   si   so    bi    bo   in   cs us sy id wa st
 2  0  90624 2538628   1944 466728    0    0  1024    32 1324  422 25  1 74  0  0
 2  0  90624 2538628   1944 466728    0    0  1280   768 1393  357 25  0 75  0  0
 2  0  90624 2538628   1944 466728    0    0  1024     0 1337  415 25  0 75  0  0
 2  0  90624 2538628   1944 466728    0    0  1280     0 1411  545 25  0 75  0  0
 2  0  90624 2538628   1944 466728    0    0  1024     0 1351  457 25  1 74  0  0
 2  0  90624 2538628   1944 466728    0    0  1280    36 1277  292 25  0 75  0  0
 2  0  90624 2538628   1944 466728    0    0  1024   100 1347  413 25  1 74  0  0
 2  0  90624 2538628   1944 466728    0    0  1280     0 1259  307 25  0 75  0  0
 2  0  90624 2538628   1944 466728    0    0  1024     0 1416  476 25  1 74  0  0
 2  0  90624 2538628   1944 466728    0    0  1280     0 1227  262 25  0 75  0  0
 2  0  90624 2538628   1944 466728    0    0  1024    36 1311  398 25  0 75  0  0
 2  0  90624 2538628   1944 466728    0    0  1280     0 1306  332 25  0 75  0  0
 2  0  90624 2538628   1944 466728    0    0  1280     0 1349  432 25  1 74  0  0
 2  0  90624 2538628   1944 466728    0    0  1024     0 1491  393 25  0 74  0  0
 2  0  90624 2538628   1944 466728    0    0  1280     0 1372  430 25  1 74  0  0
 2  0  90624 2538628   1944 466728    0    0  1024  3608 1283  320 25  0 75  0  0
 2  0  90624 2538628   1944 466728    0    0  1280    64 1401  450 25  1 74  0  0
 2  0  90624 2538628   1944 466728    0    0  1024     0 1365  338 25  0 75  0  0
 2  0  90624 2538628   1944 466728    0    0  1280     0 1293  381 25  1 74  0  0
 2  0  90624 2538628   1944 466728    0    0  1024     0 1236  287 25  0 75  0  0
 2  0  90624 2538628   1944 466728    0    0  1280     4 1345  406 25  1 74  0  0
procs -----------memory---------- ---swap-- -----io---- -system-- ------cpu-----
 r  b   swpd   free   buff  cache   si   so    bi    bo   in   cs us sy id wa st
 2  0  90624 2538628   1944 466728    0    0  1024    32 1302  317 25  0 75  0  0
 2  0  90624 2538628   1944 466728    0    0  1280     0 1374  446 25  1 74  0  0
 2  0  90624 2538628   1944 466728    0    0  1024     0 1251  290 25  0 75  0  0
 2  0  90624 2538628   1944 466728    0    0  1280     0 1332  424 25  1 74  0  0
 2  0  90624 2538628   1944 466728    0    0  1024     0 1229  281 25  0 75  0  0
 2  0  90624 2538628   1944 466728    0    0  1280    32 1292  374 25  0 75  0  0
 2  0  90624 2538628   1944 466728    0    0  1284    36 1291  345 25  0 75  0  0
 2  0  90624 2538628   1944 466728    0    0  1024     0 1369  440 25  1 74  0  0
 2  0  90624 2538628   1944 466728    0    0  1280     0 1274  291 25  0 75  0  0
 2  0  90624 2538628   1944 466728    0    0  1024     0 1309  397 25  0 74  0  0
 2  0  90624 2538628   1944 466728    0    0  1280    48 1295  331 25  0 74  0  0
 2  0  90624 2538628   1944 466728    0    0  1024     0 1366  435 25  1 74  0  0
 2  0  90624 2538628   1944 466728    0    0  1280     0 1403  388 25  0 75  0  0
 2  0  90624 2538628   1944 466728    0    0  1024     0 1340  428 25  1 74  0  0
 2  0  90624 2538628   1944 466728    0    0  1280   928 1459  394 25  0 75  0  0
 2  0  90624 2538628   1944 466728    0    0  1024    32 1409  461 25  1 74  0  0
 2  0  90624 2538628   1944 466728    0    0  1280     0 1235  264 25  0 75  0  0
 2  0  90624 2538628   1944 466728    0    0  1024     0 1389  445 25  0 74  0  0
 2  0  90624 2538628   1944 466728    0    0  1280     4 1288  343 25  0 75  0  0
 2  0  90624 2538628   1944 466728    0    0  1024     0 1388  443 25  1 74  0  0
 2  0  90624 2538628   1944 466728    0    0  1280    88 1425  416 25  0 74  0  0
procs -----------memory---------- ---swap-- -----io---- -system-- ------cpu-----
 r  b   swpd   free   buff  cache   si   so    bi    bo   in   cs us sy id wa st
 2  0  90624 2538628   1944 466728    0    0  1024     0 1365  438 25  1 74  0  0
 2  0  90624 2538628   1944 466728    0    0  1280     0 1298  307 25  0 75  0  0
 2  0  90624 2538628   1944 466728    0    0  1024     0 1360  432 25  1 74  0  0
 2  0  90624 2538628   1944 466728    0    0  1280     0 1230  289 25  0 75  0  0
 2  0  90624 2538628   1944 466728    0    0  1280  3592 1394  435 25  1 74  0  0
 2  0  90624 2538628   1944 466728    0    0  1024     0 1351  345 25  0 75  0  0
 2  0  90624 2538628   1944 466728    0    0  1280     0 1361  420 25  1 74  0  0
 2  0  90624 2538628   1944 466728    0    0  1024     0 1286  298 25  0 75  0  0
 2  0  90624 2538628   1944 466728    0    0  1280     0 1399  419 25  1 74  0  0
 2  0  90624 2538628   1944 466728    0    0  1024    84 1324  340 25  0 74  0  0
 2  0  90624 2538628   1944 466728    0    0  1280     0 1344  405 25  1 75  0  0
 2  0  90624 2538628   1944 466728    0    0  1024     0 1307  321 25  0 75  0  0
 2  0  90624 2538628   1944 466728    0    0  1280     0 1517  507 26  1 74  0  0
 2  0  90624 2538628   1944 466728    0    0  1024     0 1284  306 25  0 75  0  0
 2  0  90624 2538628   1944 466728    0    0  1280    36 1419  499 25  1 74  0  0
 2  0  90624 2538628   1944 466728    0    0  1024     0 1268  303 25  0 75  0  0
 2  0  90624 2538628   1944 466728    0    0  1280     0 1327  417 25  1 74  0  0
 2  0  90624 2538628   1944 466728    0    0  1024    60 1240  284 25  0 75  0  0
 2  0  90624 2538628   1944 466728    0    0  1280     0 1322  401 25  0 74  0  0
 2  0  90624 2538628   1944 466728    0    0  1284    52 1320  352 25  0 75  0  0
 2  0  90624 2538628   1944 466728    0    0  1024     0 1563  556 25  1 74  0  0
procs -----------memory---------- ---swap-- -----io---- -system-- ------cpu-----
 r  b   swpd   free   buff  cache   si   so    bi    bo   in   cs us sy id wa st
 2  0  90624 2538628   1944 466728    0    0  1280     0 1354  340 25  0 75  0  0
 2  0  90624 2538628   1944 466728    0    0  1024     0 1362  457 25  1 74  0  0
 2  0  90624 2538628   1944 466728    0    0  1280     0 1423  567 25  0 75  0  0
 2  0  90624 2538628   1944 466728    0    0  1024  1144 1552  596 25  1 74  0  0
 2  0  90624 2538628   1944 466728    0    0  1280     0 1246  286 25  0 75  0  0
 2  0  90624 2538628   1944 466728    0    0  1024     0 1355  412 25  1 75  0  0
 2  0  90624 2538628   1944 466728    0    0  1280     0 1342  341 25  0 74  0  0
 2  0  90624 2538628   1944 466728    0    0  1024     8 1400  460 25  1 74  0  0
 2  0  90624 2538628   1944 466728    0    0  1280    36 1292  335 25  0 75  0  0
 2  0  90624 2538628   1944 466728    0    0  1024     0 1389  421 25  1 74  0  0
 2  0  90624 2538628   1944 466728    0    0  1280     0 1223  266 25  0 75  0  0
 2  0  90624 2538628   1944 466728    0    0  1024    20 1404  428 25  1 74  0  0
 2  0  90624 2538628   1944 466728    0    0  1280     0 1317  309 25  0 75  0  0
 2  0  90624 2538628   1944 466728    0    0  1024    48 1351  437 25  1 74  0  0
 2  0  90624 2538628   1944 466728    0    0  1280  3692 1318  303 25  0 75  0  0
 2  0  90624 2538628   1944 466728    0    0  1024     0 1362  403 25  1 74  0  0
 2  0  90624 2538628   1944 466728    0    0  1280     0 1333  323 25  0 75  0  0
 2  0  90624 2538628   1944 466728    0    0  1024     0 1353  381 25  1 74  0  0
 2  0  90624 2538628   1944 466728    0    0  1280    12 1387  352 25  0 75  0  0
 2  0  90624 2538628   1944 466728    0    0  1280    80 1373  432 25  1 74  0  0
 2  0  90624 2538628   1944 466728    0    0  1024     0 1275  305 25  0 75  0  0
procs -----------memory---------- ---swap-- -----io---- -system-- ------cpu-----
 r  b   swpd   free   buff  cache   si   so    bi    bo   in   cs us sy id wa st
 2  0  90624 2538628   1944 466728    0    0  1280     0 1328  383 25  1 75  0  0
 2  0  90624 2538628   1944 466728    0    0  1024     0 1276  295 25  0 75  0  0
 2  0  90624 2538628   1944 466728    0    0  1280    12 1309  392 25  0 75  0  0
 2  0  90624 2538628   1944 466728    0    0  1024    56 1341  360 25  0 75  0  0
 2  0  90624 2538628   1944 466728    0    0  1280     0 1314  375 25  1 74  0  0
 2  0  90624 2538628   1944 466728    0    0  1024     0 1249  280 25  0 75  0  0
 2  0  90624 2538628   1944 466728    0    0  1280     0 1290  366 25  0 74  0  0
 2  0  90624 2538628   1944 466728    0    0  1024     0 1226  280 25  0 75  0  0
 2  0  90624 2538628   1944 466728    0    0  1280    44 1401  440 25  0 75  0  0
 2  0  90624 2538628   1944 466728    0    0  1024     0 1301  313 25  0 75  0  0
 2  0  90624 2538628   1944 466728    0    0  1280     0 1320  416 25  1 74  0  0
 2  0  90624 2538628   1944 466728    0    0  1024     0 1248  298 25  0 75  0  0
 2  0  90624 2538628   1944 466728    0    0  1280     0 1343  400 25  1 74  0  0
 2  0  90624 2538628   1944 466728    0    0  1280    44 1333  336 25  0 74  0  0
 2  0  90624 2538628   1944 466728    0    0  1024     0 1446  447 25  1 74  0  0
 2  0  90624 2538628   1944 466728    0    0  1280     8 1240  272 25  0 75  0  0
 2  0  90624 2538628   1944 466728    0    0  1024   596 1478  488 25  1 74  0  0
 2  0  90624 2538628   1944 466728    0    0  1280     4 1309  300 25  1 75  0  0
 2  0  90624 2538628   1944 466728    0    0  1024    36 1346  434 25  0 75  0  0
 2  0  90624 2538628   1944 466728    0    0  1280     0 1302  324 25  0 75  0  0
 2  0  90624 2538628   1944 466728    0    0  1024     0 1439  463 25  1 74  0  0
procs -----------memory---------- ---swap-- -----io---- -system-- ------cpu-----
 r  b   swpd   free   buff  cache   si   so    bi    bo   in   cs us sy id wa st
 2  0  90624 2538628   1944 466728    0    0  1280     0 1234  268 25  0 75  0  0
 2  0  90624 2538628   1944 466728    0    0  1024    16 1413  453 25  1 74  0  0
 2  0  90624 2538628   1944 466728    0    0  1280  3628 1309  347 25  1 74  1  0
 2  0  90624 2538628   1944 466728    0    0  1024     0 1355  417 25  0 75  0  0
 2  0  90624 2538628   1944 466728    0    0  1280     0 1336  328 25  0 75  0  0
 2  0  90624 2538628   1944 466728    0    0  1024     0 1312  389 25  1 74  0  0
 2  0  90624 2538628   1944 466728    0    0  1280    16 1310  312 25  0 75  0  0
 2  0  90624 2538628   1944 466728    0    0  1024    52 1360  423 25  1 74  0  0
 2  0  90624 2538628   1944 466728    0    0  1280    88 1289  272 25  0 75  0  0
 2  0  90624 2538628   1944 466728    0    0  1280     0 1575  558 25  1 74  0  0
 2  0  90624 2538628   1944 466728    0    0  1024     0 1265  309 25  0 75  0  0
 2  0  90624 2538628   1944 466728    0    0  1280     0 1419  491 25  1 74  0  0
 2  0  90624 2538628   1944 466728    0    0  1024    32 1298  315 25  0 75  0  0
 2  0  90624 2538628   1944 466728    0    0  1280     0 1391  427 25  1 74  0  0
 2  0  90624 2538628   1944 466728    0    0  1024    16 1244  282 25  0 75  0  0
 2  0  90624 2538628   1944 466728    0    0  1280     0 1348  385 25  0 74  0  0
 2  0  90624 2538628   1944 466728    0    0  1024     0 1270  289 25  0 75  0  0
 2  0  90624 2538628   1944 466728    0    0  1280    48 1421  468 25  1 74  0  0
 2  0  90624 2538628   1944 466728    0    0  1024     0 1235  274 25  0 75  0  0
 2  0  90624 2538628   1944 466728    0    0  1280     0 1354  416 25  1 74  0  0
 2  0  90624 2538628   1944 466728    0    0  1024     0 1362  347 25  0 75  0  0
procs -----------memory---------- ---swap-- -----io---- -system-- ------cpu-----
 r  b   swpd   free   buff  cache   si   so    bi    bo   in   cs us sy id wa st
 2  0  90624 2538628   1944 466728    0    0  1280     0 1500  664 25  1 74  0  0
 2  0  90624 2538628   1944 466728    0    0  1280    64 1325  350 25  0 75  0  0
 2  0  90624 2538628   1944 466728    0    0  1024     0 1361  412 25  0 74  0  0
 2  0  90624 2538628   1944 466728    0    0  1280     0 1273  283 25  0 75  0  0
 2  0  90624 2538628   1944 466728    0    0  1024     0 1361  449 25  1 74  0  0
 2  0  90624 2538628   1944 466728    0    0  1280   756 1369  347 25  1 75  0  0
 2  0  90624 2538628   1944 466728    0    0  1024    44 1360  444 25  1 74  0  0
 2  0  90624 2538628   1944 466728    0    0  1280     0 1255  292 25  0 75  0  0
 2  0  90624 2538628   1944 466728    0    0  1024     0 1310  406 25  1 74  0  0
 2  0  90624 2538628   1944 466728    0    0  1280     0 1278  299 25  0 75  0  0
 2  0  90624 2538628   1944 466728    0    0  1024     0 1354  405 25  1 74  0  0
 2  0  90624 2538628   1944 466728    0    0  1280    32 1295  326 25  0 75  0  0
 2  0  90624 2538628   1944 466728    0    0  1024  3640 1341  417 25  1 74  0  0
 2  0  90624 2538628   1944 466728    0    0  1280     0 1231  264 25  0 75  0  0
 2  0  90624 2538628   1944 466728    0    0  1024     0 1315  397 25  1 74  0  0
 2  0  90624 2538628   1944 466728    0    0  1280     0 1224  261 25  0 75  0  0
 2  0  90624 2538628   1944 466728    0    0  1280     0 1368  438 25  1 74  0  0
 2  0  90624 2538628   1944 466728    0    0  1024    76 1391  383 25  1 74  0  0
 2  0  90624 2538628   1944 466728    0    0  1280     0 1422  436 25  0 74  0  0
 2  0  90624 2538628   1944 466728    0    0  1024     0 1255  281 25  0 75  0  0
 2  0  90624 2538628   1944 466728    0    0  1280     0 1326  386 25  1 74  0  0
procs -----------memory---------- ---swap-- -----io---- -system-- ------cpu-----
 r  b   swpd   free   buff  cache   si   so    bi    bo   in   cs us sy id wa st
 2  0  90624 2538628   1944 466728    0    0  1024    16 1263  291 25  0 75  0  0
 2  0  90624 2538628   1944 466728    0    0  1280   108 1469  475 25  1 74  0  0
 2  0  90624 2538628   1944 466728    0    0  1024     0 1309  320 25  0 75  0  0
 2  0  90624 2538628   1944 466728    0    0  1280     0 1371  419 25  1 74  0  0
 2  0  90624 2538628   1944 466728    0    0  1024     0 1252  310 25  0 75  0  0
 2  0  90624 2538628   1944 466728    0    0  1280     0 1451  475 25  1 74  0  0
 2  0  90624 2538628   1944 466728    0    0  1024    60 1363  350 25  0 75  0  0
 2  0  90624 2538628   1944 466728    0    0  1280     0 1339  410 25  1 74  0  0
 2  0  90624 2538628   1944 466728    0    0  1024     0 1288  313 25  0 75  0  0
 2  0  90624 2538628   1944 466728    0    0  1280     0 1372  391 25  1 75  0  0
 2  0  90624 2538628   1944 466728    0    0  1280     0 1268  298 25  0 75  0  0
 2  0  90624 2538628   1944 466728    0    0  1024    48 1375  424 25  1 74  0  0
 2  0  90624 2538628   1944 466728    0    0  1280    12 1283  316 25  0 75  0  0
 2  0  90624 2538628   1944 466728    0    0  1024     0 1319  385 25  1 75  0  0
 2  0  90624 2538628   1944 466728    0    0  1280     0 1347  332 25  0 74  0  0
 2  0  90624 2538628   1944 466728    0    0  1024     0 1332  400 25  0 75  0  0
 2  0  90624 2538628   1944 466728    0    0  1280    44 1302  323 25  0 74  0  0
 2  0  90624 2538628   1944 466728    0    0  1024   704 1493  507 25  1 75  0  0
 2  0  90624 2538628   1944 466728    0    0  1280     0 1254  278 25  0 75  0  0
 2  0  90624 2538628   1944 466728    0    0  1024     0 1291  388 25  1 74  0  0
 2  0  90624 2538628   1944 466728    0    0  1280     0 1285  300 25  0 75  0  0
procs -----------memory---------- ---swap-- -----io---- -system-- ------cpu-----
 r  b   swpd   free   buff  cache   si   so    bi    bo   in   cs us sy id wa st
 2  0  90624 2538628   1944 466728    0    0  1024    36 1333  421 25  1 74  0  0
 3  0  90624 2538628   1944 466728    0    0  1280  3616 1352  327 25  0 74  0  0
 2  0  90624 2538628   1944 466728    0    0  1024     0 1338  414 25  1 74  0  0
 2  0  90624 2538628   1944 466728    0    0  1280     0 1262  280 25  0 75  0  0
 2  0  90624 2538628   1944 466728    0    0  1280     0 1357  427 25  1 75  0  0
 2  0  90624 2538628   1944 466728    0    0  1024    72 1270  311 25  0 75  0  0
 2  0  90624 2538628   1944 466728    0    0  1420     0 1592  572 26  1 74  0  0
 2  0  90624 2538628   1944 466728    0    0  1024     4 1354  336 25  0 75  0  0
 2  0  90624 2538628   1944 466728    0    0  1280     0 1383  469 25  1 74  0  0
 2  0  90624 2538628   1944 466728    0    0  1024     0 1287  326 25  0 75  0  0
 2  0  90624 2538628   1944 466728    0    0  1280    52 1362  443 25  1 74  0  0
 3  0  90624 2538628   1944 466728    0    0  1024     8 1266  302 25  0 75  0  0
 2  0  90624 2538628   1944 466728    0    0  1280     0 1333  413 25  1 74  0  0
 2  0  90624 2538628   1944 466728    0    0  1024     0 1282  311 25  0 75  0  0
 2  0  90624 2538628   1944 466728    0    0  1280     0 1318  406 25  1 74  0  0
 2  0  90624 2538628   1944 466728    0    0  1024    44 1301  324 25  0 75  0  0
 2  0  90624 2538628   1944 466728    0    0  1280   100 1398  425 25  1 74  0  0
 2  0  90624 2538628   1944 466728    0    0  1280     0 1299  303 25  0 75  0  0
 2  0  90624 2538628   1944 466728    0    0  1024     0 1328  409 25  1 74  0  0
 2  0  90624 2538628   1944 466728    0    0  1280     0 1292  323 25  0 75  0  0
 2  0  90624 2538628   1944 466728    0    0  1024     0 1592  730 25  1 74  0  0
procs -----------memory---------- ---swap-- -----io---- -system-- ------cpu-----
 r  b   swpd   free   buff  cache   si   so    bi    bo   in   cs us sy id wa st
 2  0  90624 2538628   1944 466728    0    0  1280    32 1292  319 25  0 75  0  0
 2  0  90624 2538628   1944 466728    0    0  1024     0 1366  424 25  1 74  0  0
 2  0  90624 2538628   1944 466728    0    0  1280    36 1271  287 25  0 75  0  0
 2  0  90624 2538628   1944 466728    0    0  1024     0 1458  484 25  1 74  0  0
 2  0  90624 2538628   1944 466728    0    0  1280     0 1264  292 25  0 75  0  0
 2  0  90624 2538628   1944 466728    0    0  1024    48 1388  447 25  1 74  0  0
 2  0  90624 2538628   1944 466728    0    0  1280     0 1269  329 25  0 75  0  0
 2  0  90624 2538628   1944 466728    0    0  1024     0 1326  399 25  0 75  0  0
 2  0  90624 2538628   1944 466728    0    0  1280   836 1469  478 25  0 74  0  0
 2  0  90624 2538628   1944 466728    0    0  1024     0 1358  392 25  0 74  0  0
 2  0  90624 2538628   1944 466728    0    0  1280    36 1280  319 25  0 75  0  0
 2  0  90624 2538628   1944 466728    0    0  1024  3552 1440  437 25  1 74  0  0
 2  0  90624 2538628   1944 466728    0    0  1280     0 1274  271 25  0 75  0  0
 2  0  90624 2538628   1944 466728    0    0  1024     0 1327  421 25  1 74  0  0
 2  0  90624 2538628   1944 466728    0    0  1280     0 1400  391 25  0 74  0  0
 2  0  90624 2538628   1944 466728    0    0  1280    68 1444  453 25  1 74  0  0
 2  0  90624 2538628   1944 466728    0    0  1024     0 1258  281 25  0 75  0  0
 2  0  90624 2538628   1944 466728    0    0  1280     8 1332  396 25  1 74  0  0
 2  0  90624 2538628   1944 466728    0    0  1024     4 1350  359 25  0 75  0  0
 2  0  90624 2538628   1944 466728    0    0  1280   376 1445  484 25  1 74  0  0
 2  0  90624 2538628   1944 466728    0    0  1024    40 1389  370 25  0 74  0  0
procs -----------memory---------- ---swap-- -----io---- -system-- ------cpu-----
 r  b   swpd   free   buff  cache   si   so    bi    bo   in   cs us sy id wa st
 2  0  90624 2538628   1944 466728    0    0  1280     8 1360  416 25  1 74  0  0
 2  0  90624 2538628   1944 466728    0    0  1024     0 1318  328 25  0 75  0  0
 2  0  90624 2538628   1944 466728    0    0  1280     0 1426  466 25  1 74  0  0
 2  0  90624 2538628   1944 466728    0    0  1024     0 1266  279 25  0 75  0  0
 2  0  90624 2538628   1944 466728    0    0  1280    44 1347  453 25  0 74  0  0
 2  0  90624 2538628   1944 466728    0    0  1024     0 1209  273 25  0 75  0  0
 2  0  90624 2538628   1944 466728    0    0  1280     0 1410  452 25  1 74  0  0
 2  0  90624 2538628   1944 466728    0    0  1024     0 1271  303 25  0 75  0  0
 2  0  90624 2538628   1944 466728    0    0  1280     0 1335  396 25  1 74  0  0
 2  0  90624 2538628   1944 466728    0    0  1024   104 1345  363 25  0 75  0  0
 2  0  90624 2538628   1944 466728    0    0  1280     0 1298  389 25  1 74  0  0
 2  0  90624 2538628   1944 466728    0    0  1024     0 1275  306 25  0 75  0  0
 2  0  90624 2538628   1944 466728    0    0  1280    48 1428  477 25  1 74  0  0
 2  0  90624 2538628   1944 466728    0    0  1280     0 1223  274 25  0 75  0  0
 2  0  90624 2538628   1944 466728    0    0  1024    48 1374  433 25  1 74  0  0
 2  0  90624 2538628   1944 466728    0    0  1280     0 1257  278 25  0 75  0  0
 2  0  90624 2538628   1944 466728    0    0  1024     0 1315  401 25  1 74  0  0
 2  0  90624 2538628   1944 466728    0    0  1280     0 1338  362 25  0 75  0  0
 2  0  90624 2538628   1944 466728    0    0  1024     0 1338  419 25  1 74  0  0
 2  0  90624 2538628   1944 466728    0    0  1280    32 1290  327 25  0 75  0  0
 2  0  90624 2538628   1944 466728    0    0  1024  3608 1379  428 25  1 74  0  0
procs -----------memory---------- ---swap-- -----io---- -system-- ------cpu-----
 r  b   swpd   free   buff  cache   si   so    bi    bo   in   cs us sy id wa st
 2  0  90624 2538628   1944 466728    0    0  1280     0 1266  301 25  0 75  0  0
 2  0  90624 2538628   1944 466728    0    0  1024     0 1433  472 25  1 74  0  0
 2  0  90624 2538628   1944 466728    0    0  1280     0 1321  322 25  0 75  0  0
 2  0  90624 2538628   1944 466728    0    0  1024     0 1433  444 25  1 74  0  0
 2  0  90624 2538628   1944 466728    0    0  1280    64 1278  322 25  0 75  0  0
 2  0  90624 2538628   1944 466728    0    0  1024     0 1387  468 25  1 74  0  0
 2  0  90624 2538628   1944 466728    0    0  1280     4 1391  376 25  0 74  0  0
 2  0  90624 2538628   1944 466728    0    0  1280     0 1298  389 25  1 75  0  0
 2  0  90624 2538628   1944 466728    0    0  1024   892 1457  476 25  0 74  0  0
 2  0  90624 2538628   1944 466728    0    0  1280    36 1387  441 25  1 74  0  0
 2  0  90624 2538628   1944 466728    0    0  1024     0 1248  294 25  0 75  0  0
 2  0  90624 2538628   1944 466728    0    0  1280     4 1336  423 25  1 74  0  0
 2  0  90624 2538628   1944 466728    0    0  1024     0 1218  264 25  0 75  0  0
 2  0  90624 2538628   1944 466728    0    0  1280     0 1387  480 26  1 74  0  0
 2  0  90624 2538628   1944 466728    0    0  1024    32 1317  331 25  0 74  0  0
 2  0  90624 2538628   1944 466728    0    0  1280     4 1397  439 25  1 74  0  0
 2  0  90624 2538628   1944 466728    0    0  1024     0 1245  306 25  0 75  0  0
 2  0  90624 2538628   1944 466728    0    0  1280     0 1372  414 25  1 74  0  0
 2  0  90624 2538628   1944 466728    0    0  1024     0 1432  544 25  0 75  0  0
 2  0  90624 2538628   1944 466728    0    0  1280    36 1338  392 25  1 74  0  0
 2  0  90624 2538628   1944 466728    0    0  1024     0 1227  272 25  0 75  0  0
procs -----------memory---------- ---swap-- -----io---- -system-- ------cpu-----
 r  b   swpd   free   buff  cache   si   so    bi    bo   in   cs us sy id wa st
 2  0  90624 2538628   1944 466728    0    0  1280     0 1436  476 25  1 74  0  0
 2  0  90624 2538628   1944 466728    0    0  1024     0 1297  295 25  0 75  0  0
 2  0  90624 2538628   1944 466728    0    0  1280     0 1341  405 25  1 74  0  0
 2  0  90624 2538628   1944 466728    0    0  1280    80 1298  313 25  0 75  0  0
 2  0  90624 2538628   1944 466728    0    0  1024     0 1314  394 25  0 75  0  0
 2  0  90624 2538628   1944 466728    0    0  1280    40 1347  360 25  0 75  0  0
 2  0  90624 2538628   1944 466728    0    0  1024     0 1325  394 25  1 74  0  0
 2  0  90624 2538628   1944 466728    0    0  1280     0 1225  283 25  0 75  0  0
 2  0  90624 2538628   1944 466728    0    0  1024    48 1343  410 25  1 74  0  0
 2  0  90624 2538628   1944 466728    0    0  1280  3616 1253  283 25  0 75  0  0
 2  0  90624 2538628   1944 466728    0    0  1024     0 1426  476 25  0 74  0  0
 2  0  90624 2538628   1944 466728    0    0  1280     0 1261  281 25  0 75  0  0
 2  0  90624 2538628   1944 466728    0    0  1024     0 1391  425 25  1 74  0  0
 2  0  90624 2538628   1944 466728    0    0  1280    72 1271  304 25  0 75  0  0
 2  0  90624 2538628   1944 466728    0    0  1024     0 1320  395 25  1 74  0  0
 2  0  90624 2538628   1944 466728    0    0  1280     0 1394  364 25  1 74  0  0
 2  0  90624 2538628   1944 466728    0    0  1024     0 1338  410 25  0 74  0  0
 2  0  90624 2538628   1944 466728    0    0  1280     0 1238  274 25  0 75  0  0
 2  0  90624 2538628   1944 466728    0    0  1280   584 1449  497 25  1 74  0  0
 2  0  90624 2538628   1944 466728    0    0  1024     0 1464  430 25  0 74  0  0
 2  0  90624 2538628   1944 466728    0    0  1280     0 1367  432 25  1 75  0  0
procs -----------memory---------- ---swap-- -----io---- -system-- ------cpu-----
 r  b   swpd   free   buff  cache   si   so    bi    bo   in   cs us sy id wa st
 3  0  90624 2538628   1944 466728    0    0  1024     0 1328  345 25  0 74  0  0
 2  0  90624 2538628   1944 466728    0    0  1280     0 1398  473 25  1 74  0  0
 2  0  90624 2538628   1944 466728    0    0  1024    32 1334  360 25  1 74  0  0
 2  0  90624 2538628   1944 466728    0    0  1280     0 1373  423 25  1 74  0  0
 2  0  90624 2538628   1944 466728    0    0  1024     0 1239  276 25  0 75  0  0
 2  0  90624 2538628   1944 466728    0    0  1280     0 1319  412 25  0 75  0  0
 2  0  90624 2538628   1944 466728    0    0  1024     0 1262  294 25  0 75  0  0
 2  0  90624 2538628   1944 466728    0    0  1280   116 1427  477 25  1 74  0  0
 2  0  90624 2538628   1944 466728    0    0  1024     8 1303  305 26  1 73  0  0
 2  0  90624 2538628   1944 466728    0    0  1280     0 1346  423 25  1 74  0  0
 2  0  90624 2538628   1944 466728    0    0  1024     0 1206  269 25  0 75  0  0
 2  0  90624 2538628   1944 466728    0    0  1280     0 1449  467 25  1 74  0  0
 2  0  90624 2538628   1944 466728    0    0  1024    44 1272  313 25  0 75  0  0
 2  0  90624 2538628   1944 466728    0    0  1280    96 1436  478 25  1 74  0  0
 2  0  90624 2538628   1944 466728    0    0  1024     0 1302  360 25  1 75  0  0
 2  0  90624 2538628   1944 466728    0    0  1280     0 1503  509 25  0 74  0  0
 2  0  90624 2538628   1944 466728    0    0  1284    48 1348  409 26  0 74  0  0
 2  0  90624 2538628   1944 466728    0    0  1024    48 1336  412 25  1 74  0  0
 2  0  90624 2538628   1944 466728    0    0  1280     0 1297  319 25  0 75  0  0
 2  0  90624 2538628   1944 466728    0    0  1024  3560 1445  479 25  1 74  0  0
 2  0  90624 2538628   1944 466728    0    0  1280     0 1370  364 25  1 74  0  0
procs -----------memory---------- ---swap-- -----io---- -system-- ------cpu-----
 r  b   swpd   free   buff  cache   si   so    bi    bo   in   cs us sy id wa st
 2  0  90624 2538628   1944 466728    0    0  1060     0 1547  561 26  1 74  0  0
 2  0  90624 2538628   1944 466728    0    0  1280    84 1256  297 25  0 75  0  0
 2  0  90624 2538628   1944 466728    0    0  1024     0 1394  462 25  1 74  0  0
 2  0  90624 2538628   1944 466728    0    0  1280     0 1387  383 25  1 74  0  0
 2  0  90624 2538628   1944 466728    0    0  1024     0 1362  428 25  1 74  0  0
 2  0  90624 2538628   1944 466728    0    0  1280     0 1322  345 25  0 75  0  0
 2  0  90624 2538628   1944 466728    0    0  1024    32 1397  460 25  1 74  0  0
 2  0  90624 2538628   1944 466728    0    0  1280  1136 1481  405 25  0 74  0  0
 2  0  90624 2538628   1944 466728    0    0  1024     0 1339  418 25  0 74  0  0
 2  0  90624 2538628   1944 466728    0    0  1280     0 1237  279 25  0 75  0  0
 2  0  90624 2538628   1944 466728    0    0  1280     0 1350  438 25  0 74  0  0
 3  0  90624 2538628   1944 466728    0    0  1024    36 1246  273 25  0 75  0  0
 2  0  90624 2538628   1944 466728    0    0  1280     0 1402  443 25  1 74  0  0
 2  0  90624 2538628   1944 466728    0    0  1024     0 1237  274 25  0 75  0  0
 2  0  90624 2538628   1944 466728    0    0  1280     0 1358  417 25  1 75  0  0
 2  0  90624 2538628   1944 466728    0    0  1024     0 1270  279 25  0 75  0  0
 2  0  90624 2538628   1944 466728    0    0  1280   392 1518  593 25  1 74  1  0
 2  0  90624 2538628   1944 466728    0    0  1024     0 1405  550 25  0 75  0  0
 2  0  90624 2538628   1944 466728    0    0  1280     8 1518  524 25  1 74  0  0
 2  0  90624 2538628   1944 466728    0    0  1024     0 1225  275 25  0 75  0  0
 2  0  90624 2538628   1944 466728    0    0  1280     0 1331  384 25  1 74  0  0
procs -----------memory---------- ---swap-- -----io---- -system-- ------cpu-----
 r  b   swpd   free   buff  cache   si   so    bi    bo   in   cs us sy id wa st
 2  0  90624 2538628   1944 466728    0    0  1024    44 1273  312 25  0 75  0  0
 2  0  90624 2538628   1944 466728    0    0  1280     0 1315  395 25  1 74  0  0
 2  0  90624 2538628   1944 466728    0    0  1024     0 1275  292 25  0 75  0  0
 2  0  90624 2538628   1944 466728    0    0  1280     0 1318  400 25  1 74  0  0
 2  0  90624 2538628   1944 466728    0    0  1024     0 1333  304 25  0 75  0  0
 2  0  90624 2538628   1944 466728    0    0  1280    84 1422  476 25  1 74  0  0
 2  0  90624 2538628   1944 466728    0    0  1280   132 1263  280 25  0 75  0  0
 2  0  90624 2538628   1944 466728    0    0  1024  3612 1353  411 25  1 74  0  0
 2  0  90624 2538628   1944 466728    0    0  1280     0 1287  309 25  0 75  0  0
 2  0  90624 2538628   1944 466728    0    0  1024     0 1360  414 25  1 74  0  0
 2  0  90624 2538628   1944 466728    0    0  1280    80 1255  282 25  0 74  0  0
 2  0  90624 2538628   1944 466728    0    0  1024     0 1384  417 25  0 75  0  0
 2  0  90624 2538628   1944 466728    0    0  1280     0 1276  296 25  0 75  0  0
 2  0  90624 2538628   1944 466728    0    0  1024     0 1335  392 25  1 74  0  0
 2  0  90624 2538628   1944 466728    0    0  1280     0 1248  291 25  0 75  0  0
 2  0  90624 2538628   1944 466728    0    0  1024    32 1319  414 25  0 75  0  0
 2  0  90624 2538628   1944 466728    0    0  1280     0 1237  284 25  0 75  0  0
 2  0  90624 2538628   1944 466728    0    0  1024     0 1407  448 25  1 74  0  0
 2  0  90624 2538628   1944 466728    0    0  1280     0 1261  285 25  0 75  0  0
 2  0  90624 2538628   1944 466728    0    0  1024     0 1385  446 25  1 74  0  0
 2  0  90624 2538628   1944 466728    0    0  1280   572 1417  376 25  0 75  0  0
procs -----------memory---------- ---swap-- -----io---- -system-- ------cpu-----
 r  b   swpd   free   buff  cache   si   so    bi    bo   in   cs us sy id wa st
 3  0  90624 2538628   1944 466728    0    0  1280    24 1394  450 25  1 74  0  0
 2  0  90624 2538628   1944 466728    0    0  1024    32 1291  324 25  0 74  0  0
 2  0  90624 2538628   1944 466728    0    0  1280     0 1330  384 25  1 75  0  0
 2  0  90624 2538628   1944 466728    0    0  1024     0 1276  292 25  0 75  0  0
 2  0  90624 2538628   1944 466728    0    0  1280     0 1400  445 25  1 74  0  0
 2  0  90624 2538628   1944 466728    0    0  1024     0 1315  316 25  0 75  0  0
 2  0  90624 2538628   1944 466728    0    0  1280    32 1333  422 25  1 74  0  0
 2  0  90624 2538628   1944 466728    0    0  1024     4 1276  286 25  0 75  0  0
 2  0  90624 2538628   1944 466728    0    0  1280     0 1372  415 25  1 74  0  0
 2  0  90624 2538628   1944 466728    0    0  1024     0 1294  307 25  0 75  0  0
 2  0  90624 2538628   1944 466728    0    0  1280     0 1393  435 25  0 75  0  0
 2  0  90624 2538628   1944 466728    0    0  1024    32 1324  343 25  0 75  0  0
 2  0  90624 2538628   1944 466728    0    0  1280     0 1363  424 25  1 74  0  0
 2  0  90624 2538628   1944 466728    0    0  1024     0 1231  280 25  0 75  0  0
 2  0  90624 2538628   1944 466728    0    0  1280     0 1316  384 25  0 74  0  0
 2  0  90624 2538628   1944 466728    0    0  1280     0 1338  317 25  0 75  0  0
 2  0  90624 2538628   1944 466728    0    0  1024    32 1369  431 25  0 75  0  0
 2  0  90624 2538628   1944 466728    0    0  1280  3544 1262  278 25  0 74  0  0
 2  0  90624 2538628   1944 466728    0    0  1024     0 1445  459 25  1 74  0  0
 2  0  90624 2538628   1944 466728    0    0  1280     0 1273  275 25  0 75  0  0
 2  0  90624 2538628   1944 466728    0    0  1024   556 1597  606 25  1 74  0  0
procs -----------memory---------- ---swap-- -----io---- -system-- ------cpu-----
 r  b   swpd   free   buff  cache   si   so    bi    bo   in   cs us sy id wa st
 2  0  90624 2538628   1944 466728    0    0  1280    80 1447  421 25  0 74  0  0
 2  0  90624 2538628   1944 466728    0    0  1024     0 1350  427 25  0 75  0  0
 2  0  90624 2538628   1944 466728    0    0  1280     0 1263  284 25  0 75  0  0
 2  0  90624 2538628   1944 466728    0    0  1024     0 1311  394 25  1 74  0  0
 2  0  90624 2538628   1944 466728    0    0  1280     0 1241  282 25  0 75  0  0
 2  0  90624 2538628   1944 466728    0    0  1024    32 1381  442 25  1 74  0  0
 2  0  90624 2538628   1944 466728    0    0  1284     0 1276  285 25  0 75  0  0
 2  0  90624 2538628   1944 466728    0    0  1024     0 1346  428 25  1 75  0  0
 2  0  90624 2538628   1944 466728    0    0  1280     0 1350  350 25  0 74  0  0
 2  0  90624 2538628   1944 466728    0    0  1024     0 1479  496 25  1 74  0  0
 2  0  90624 2538628   1944 466728    0    0  1280   504 1368  385 25  0 74  0  0
 2  0  90624 2538628   1944 466728    0    0  1280     0 1394  450 25  1 74  0  0
 2  0  90624 2538628   1944 466728    0    0  1024     0 1383  371 25  0 75  0  0
 2  0  90624 2538628   1944 466728    0    0  1280     0 1339  397 25  1 74  0  0
 2  0  90624 2538628   1944 466728    0    0  1024     0 1291  318 25  0 75  0  0
 2  0  90624 2538628   1944 466728    0    0  1280    36 1577  723 25  1 74  0  0
 2  0  90624 2538628   1944 466728    0    0  1024   392 1382  342 25  0 75  0  0
 2  0  90624 2538628   1944 466728    0    0  1280     8 1412  437 25  1 74  0  0
 2  0  90624 2538628   1944 466728    0    0  1024     0 1224  277 25  0 75  0  0
 2  0  90624 2538628   1944 466728    0    0  1280     0 1379  426 25  1 74  0  0
 2  0  90624 2538628   1944 466728    0    0  1024    48 1367  353 25  0 75  0  0
procs -----------memory---------- ---swap-- -----io---- -system-- ------cpu-----
 r  b   swpd   free   buff  cache   si   so    bi    bo   in   cs us sy id wa st
 2  0  90624 2538628   1944 466728    0    0  1280     0 1427  457 25  0 74  0  0
 2  0  90624 2538628   1944 466728    0    0  1024     0 1238  286 25  0 75  0  0
 2  0  90624 2538628   1944 466728    0    0  1280     0 1451  483 25  1 74  0  0
 2  0  90624 2538628   1944 466728    0    0  1024     0 1277  301 25  0 74  0  0
 2  0  90624 2538628   1944 466728    0    0  1280     0 1380  420 25  0 75  0  0
 2  0  90624 2538628   1944 466728    0    0  1280    36 1302  320 25  0 74  0  0
 2  0  90624 2538628   1944 466728    0    0  1024  3616 1453  492 25  1 74  0  0
 2  0  90624 2538628   1944 466728    0    0  1280     0 1247  282 25  0 75  0  0
 2  0  90624 2538628   1944 466728    0    0  1024     0 1369  411 25  1 74  0  0
 2  0  90624 2538628   1944 466728    0    0  1280    56 1258  271 25  0 75  0  0
 2  0  90624 2538628   1944 466728    0    0  1024   172 1425  477 25  0 74  0  0
 2  0  90624 2538628   1944 466728    0    0  1280     0 1259  277 25  0 75  0  0
 2  0  90624 2538628   1944 466728    0    0  1024     0 1311  387 25  1 74  0  0
 2  0  90624 2538628   1944 466728    0    0  1280     0 1329  338 25  0 75  0  0
 2  0  90624 2538628   1944 466728    0    0  1024     0 1339  411 25  1 74  0  0
 2  0  90624 2538628   1944 466728    0    0  1280    32 1219  281 25  0 75  0  0
 2  0  90624 2538628   1944 466728    0    0  1024     0 1453  510 25  1 74  0  0
 2  0  90624 2538628   1944 466728    0    0  1280     0 1324  338 25  0 75  0  0
 2  0  90624 2538628   1944 466728    0    0  1024     0 1321  393 25  1 74  0  0
 2  0  90624 2538628   1944 466728    0    0  1280     0 1268  309 25  0 75  0  0
 2  0  90624 2538628   1944 466728    0    0  1024    32 1370  424 25  1 74  0  0
procs -----------memory---------- ---swap-- -----io---- -system-- ------cpu-----
 r  b   swpd   free   buff  cache   si   so    bi    bo   in   cs us sy id wa st
 2  0  90624 2538628   1944 466728    0    0  1280     0 1277  295 25  0 75  0  0
 2  0  90624 2538628   1944 466728    0    0  1280     8 1346  400 25  1 74  0  0
 2  0  90624 2538628   1944 466728    0    0  1024     0 1299  317 25  0 75  0  0
 2  0  90624 2538628   1944 466728    0    0  1280     0 1351  425 25  1 74  0  0
 2  0  90624 2538628   1944 466728    0    0  1024    32 1267  293 25  0 75  0  0
 2  0  90624 2538628   1944 466728    0    0  1280     0 1380  437 25  1 74  0  0
 2  0  90624 2538628   1944 466728    0    0  1024   792 1352  410 25  0 75  0  0
 2  0  90624 2538628   1944 466728    0    0  1280     0 1367  402 25  1 74  0  0
 2  0  90624 2538628   1944 466728    0    0  1024     0 1305  301 25  0 75  0  0
 2  0  90624 2538628   1944 466728    0    0  1280    36 1450  497 25  1 74  0  0
 2  0  90624 2538628   1944 466728    0    0  1024     8 1281  292 25  0 75  0  0
 2  0  90624 2538628   1944 466728    0    0  1280     0 1348  405 25  0 75  0  0
 2  0  90624 2538628   1944 466728    0    0  1024     0 1202  260 25  0 75  0  0
 2  0  90624 2538628   1944 466728    0    0  1280     0 1351  412 25  1 74  0  0
 2  0  90624 2538628   1944 466728    0    0  1024    44 1232  277 25  0 75  0  0
 2  0  90624 2538628   1944 466728    0    0  1280     0 1478  472 26  1 74  0  0
 2  0  90624 2538628   1944 466728    0    0  1024  3620 1345  345 25  0 74  0  0
 2  0  90624 2538628   1944 466728    0    0  1280     0 1456  503 25  1 74  0  0
 2  0  90624 2538628   1944 466728    0    0  1024     0 1234  275 25  1 75  0  0
 2  0  90624 2538628   1944 466728    0    0  1280    64 1338  408 25  0 75  0  0
 2  0  90624 2538628   1944 466728    0    0  1280    36 1267  307 25  0 75  0  0
procs -----------memory---------- ---swap-- -----io---- -system-- ------cpu-----
 r  b   swpd   free   buff  cache   si   so    bi    bo   in   cs us sy id wa st
 2  0  90624 2538628   1944 466728    0    0  1024     0 1309  393 25  1 74  0  0
 2  0  90624 2538628   1944 466728    0    0  1280     0 1228  261 25  0 75  0  0
 2  0  90624 2538628   1944 466728    0    0  1024     0 1349  421 25  1 74  0  0
 2  0  90624 2538628   1944 466728    0    0  1280     0 1255  272 25  0 75  0  0
 2  0  90624 2538628   1944 466728    0    0  1024   112 1470  537 25  1 74  0  0
 2  0  90624 2538628   1944 466728    0    0  1280     0 1266  305 25  0 74  0  0
 2  0  90624 2538628   1944 466728    0    0  1024     0 1321  391 25  1 75  0  0
 2  0  90624 2538628   1944 466728    0    0  1280     0 1257  289 25  0 75  0  0
 2  0  90624 2538628   1944 466728    0    0  1024     0 1325  402 25  1 74  0  0
 2  0  90624 2538628   1944 466728    0    0  1280    32 1255  282 25  0 75  0  0
 2  0  90624 2538628   1944 466728    0    0  1024     0 1316  396 25  0 74  0  0
 2  0  90624 2538628   1944 466728    0    0  1280     0 1282  273 25  0 75  0  0
 2  0  90624 2538628   1944 466728    0    0  1024     0 1365  453 25  1 74  0  0
 2  0  90624 2538628   1944 466728    0    0  1280     0 1446  566 25  0 75  0  0
 2  0  90624 2538628   1944 466728    0    0  1280    32 1447  469 25  0 74  0  0
 2  0  90624 2538628   1944 466728    0    0  1024     0 1280  293 25  0 75  0  0
 2  0  90624 2538628   1944 466728    0    0  1280     0 1450  472 25  1 74  0  0
 2  0  90624 2538628   1944 466728    0    0  1024     0 1247  283 25  0 75  0  0
 2  0  90624 2538628   1944 466728    0    0  1280     0 1321  401 25  1 75  0  0
 2  0  90624 2538628   1944 466728    0    0  1024   660 1393  411 25  0 75  0  0
 2  0  90624 2538628   1944 466728    0    0  1280     8 1350  421 25  1 74  0  0
procs -----------memory---------- ---swap-- -----io---- -system-- ------cpu-----
 r  b   swpd   free   buff  cache   si   so    bi    bo   in   cs us sy id wa st
 2  0  90624 2538628   1944 466728    0    0  1024     0 1323  315 25  0 75  0  0
 2  0  90624 2538628   1944 466728    0    0  1280     0 1331  411 25  1 75  0  0
 2  0  90624 2538628   1944 466728    0    0  1024     0 1322  324 25  0 75  0  0
 2  0  90624 2538628   1944 466728    0    0  1280    44 1343  406 25  0 74  0  0
 2  0  90624 2538628   1944 466728    0    0  1024  3552 1264  282 25  0 75  0  0
 2  0  90624 2538628   1944 466728    0    0  1280     0 1353  431 25  1 74  0  0
 2  0  90624 2538628   1944 466728    0    0  1024     0 1289  314 25  0 75  0  0
 2  0  90624 2538628   1944 466728    0    0  1280     0 1374  448 25  1 74  0  0
 2  0  90624 2538628   1944 466728    0    0  1024   112 1258  295 25  0 75  0  0
 2  0  90624 2538628   1944 466728    0    0  1280     0 1310  399 25  1 74  0  0
 2  0  90624 2538628   1944 466728    0    0  1280   268 1288  318 25  0 75  0  0
 2  0  90624 2538628   1944 466728    0    0  1024     0 1350  415 25  1 74  0  0
 2  0  90624 2538628   1944 466728    0    0  1280     0 1246  250 25  0 75  0  0
 2  0  90624 2538628   1944 466728    0    0  1024    24 1422  480 25  1 74  0  0
 2  0  90624 2538628   1944 466728    0    0  1280     0 1307  320 25  1 75  0  0
 2  0  90624 2538628   1944 466728    0    0  1024     0 1361  424 25  1 74  0  0
 2  0  90624 2538628   1944 466728    0    0  1280     0 1292  306 25  0 75  0  0
 2  0  90624 2538628   1944 466728    0    0  1024     0 1292  386 25  0 75  0  0
 2  0  90624 2538628   1944 466728    0    0  1280    32 1247  283 25  0 75  0  0
 2  0  90624 2538628   1944 466728    0    0  1024   272 1361  414 25  1 74  0  0
 2  0  90624 2538628   1944 466728    0    0  1280     0 1234  267 25  0 75  0  0
procs -----------memory---------- ---swap-- -----io---- -system-- ------cpu-----
 r  b   swpd   free   buff  cache   si   so    bi    bo   in   cs us sy id wa st
 2  0  90624 2538628   1944 466728    0    0  1024     0 1345  429 25  1 74  0  0
 2  0  90624 2538628   1944 466728    0    0  1280     0 1261  279 25  0 75  0  0
 2  0  90624 2538628   1944 466728    0    0  1024     0 1330  394 25  0 74  0  0
 2  0  90624 2538628   1944 466728    0    0  1280    24 1280  303 25  0 75  0  0
 2  0  90624 2538628   1944 466728    0    0  1024     0 1335  398 25  1 74  0  0
 2  0  90624 2538628   1944 466728    0    0  1280     0 1276  294 25  0 75  0  0
 2  0  90624 2538628   1944 466728    0    0  1280     0 1327  408 25  0 74  0  0
 2  0  90624 2538628   1944 466728    0    0  1024     0 1237  265 25  0 75  0  0
 2  0  90624 2538628   1944 466728    0    0  1280    28 1359  432 25  1 74  0  0
 2  0  90624 2538628   1944 466728    0    0  1024     4 1341  352 25  0 75  0  0
 2  0  90624 2538628   1944 466728    0    0  1280     0 1339  421 25  0 74  0  0
 2  0  90624 2538628   1944 466728    0    0  1024     0 1248  275 25  0 75  0  0
 2  0  90624 2538628   1944 466728    0    0  1280     0 1556  560 25  1 74  0  0
 2  0  90624 2538628   1944 466728    0    0  1024   312 1284  344 25  0 75  0  0
 2  0  90624 2538628   1944 466728    0    0  1280  3616 1495  532 25  1 74  0  0
 2  0  90624 2538628   1944 466728    0    0  1024     0 1237  297 25  0 75  0  0
 2  0  90624 2538628   1944 466728    0    0  1280     0 1312  401 25  1 74  0  0
 2  0  90624 2538628   1944 466728    0    0  1024     0 1270  286 25  0 75  0  0
 2  0  90624 2538628   1944 466728    0    0  1280    68 1413  452 25  1 74  0  0
 2  0  90624 2538628   1944 466728    0    0  1024   248 1275  297 25  0 75  0  0
 2  0  90624 2538628   1944 466728    0    0  1280     0 1385  439 25  1 74  0  0
procs -----------memory---------- ---swap-- -----io---- -system-- ------cpu-----
 r  b   swpd   free   buff  cache   si   so    bi    bo   in   cs us sy id wa st
 2  0  90624 2538628   1944 466728    0    0  1024     0 1262  274 25  0 75  0  0
 2  0  90624 2538628   1944 466728    0    0  1280     0 1389  438 25  1 74  0  0
 2  0  90624 2538628   1944 466728    0    0  1280    24 1268  274 25  0 75  0  0
 2  0  90624 2538628   1944 466728    0    0  1024    28 1368  418 25  1 74  0  0
 2  0  90624 2538628   1944 466728    0    0  1280     0 1260  298 25  0 75  0  0
 2  0  90624 2538628   1944 466728    0    0  1024     0 1349  400 25  1 74  0  0
 2  0  90624 2538628   1944 466728    0    0  1280     0 1212  270 25  0 75  0  0
 2  0  90624 2538628   1944 466728    0    0  1024    48 1385  449 25  1 74  0  0
 2  0  90624 2538628   1944 466728    0    0  1280     0 1274  301 25  0 75  0  0
 2  0  90624 2538628   1944 466728    0    0  1024   160 1428  448 25  1 74  0  0
 2  0  90624 2538628   1944 466728    0    0  1280     0 1273  315 25  0 75  0  0
 2  0  90624 2538628   1944 466728    0    0  1024     0 1351  440 25  0 74  0  0
 2  0  90624 2538628   1944 466728    0    0  1280   108 1400  550 25  0 75  0  0
 2  0  90624 2538628   1944 466728    0    0  1024     0 1316  398 25  1 74  0  0
 2  0  90624 2538628   1944 466728    0    0  1280     0 1323  343 25  0 75  0  0
 2  0  90624 2538628   1944 466728    0    0  1024   240 1399  462 25  1 74  0  0
 2  0  90624 2538628   1944 466728    0    0  1280     0 1342  383 25  0 75  0  0
 2  0  90624 2538628   1944 466728    0    0  1280    40 1361  450 25  1 74  0  0
 2  0  90624 2538628   1944 466728    0    0  1024     0 1241  277 25  0 75  0  0
 2  0  90624 2538628   1944 466728    0    0  1280     8 1336  414 25  1 74  0  0
 2  0  90624 2538628   1944 466728    0    0  1024     0 1271  309 25  0 75  0  0
procs -----------memory---------- ---swap-- -----io---- -system-- ------cpu-----
 r  b   swpd   free   buff  cache   si   so    bi    bo   in   cs us sy id wa st
 2  0  90624 2538628   1944 466728    0    0  1280   300 1498  523 25  1 74  0  0
 2  0  90624 2538628   1944 466728    0    0  1024     0 1241  270 25  0 75  0  0
 2  0  90624 2538628   1944 466728    0    0  1280    52 1326  401 25  1 74  0  0
 2  0  90624 2538628   1944 466728    0    0  1024  3616 1377  379 25  0 75  0  0
 2  0  90624 2538628   1944 466728    0    0  1280     0 1357  408 25  1 74  0  0
 2  0  90624 2538628   1944 466728    0    0  1024     0 1297  314 25  0 75  0  0
 2  0  90624 2538628   1944 466728    0    0  1280     0 1350  392 25  1 74  0  0
 2  0  90624 2538628   1944 466728    0    0  1024    60 1310  338 25  0 75  0  0
 2  0  90624 2538628   1944 466728    0    0  1280   284 1427  473 25  1 74  0  0
 2  0  90624 2538628   1944 466728    0    0  1024     0 1312  328 25  0 75  0  0
 2  0  90624 2538628   1944 466728    0    0  1280     0 1420  497 25  1 74  0  0
 2  0  90624 2538628   1944 466728    0    0  1280     0 1267  279 25  0 75  0  0
 2  0  90624 2538628   1944 466728    0    0  1024    36 1476  504 25  1 74  0  0
 2  0  90624 2538628   1944 466728    0    0  1280    48 1246  284 25  0 75  0  0
 2  0  90624 2538628   1944 466728    0    0  1024   356 1378  422 25  1 74  0  0
 2  0  90624 2538628   1944 466728    0    0  1280     0 1323  330 25  0 75  0  0
 2  0  90624 2538628   1944 466728    0    0  1024     0 1352  428 25  1 74  0  0
 2  0  90624 2538628   1944 466728    0    0  1280    52 1220  280 25  0 75  0  0
 2  0  90624 2538628   1944 466728    0    0  1024     0 1308  414 25  1 74  0  0
 2  0  90624 2538628   1944 466728    0    0  1280     0 1217  270 25  0 75  0  0
 2  0  90624 2538628   1944 466728    0    0  1024   192 1408  442 25  1 74  0  0
procs -----------memory---------- ---swap-- -----io---- -system-- ------cpu-----
 r  b   swpd   free   buff  cache   si   so    bi    bo   in   cs us sy id wa st
 2  0  90624 2538628   1944 466728    0    0  1280     0 1222  256 25  0 75  0  0
 2  0  90624 2538628   1944 466728    0    0  1024    36 1410  458 25  1 74  0  0
 2  0  90624 2538628   1944 466728    0    0  1280     0 1301  360 25  1 75  0  0
 2  0  90624 2538628   1944 466728    0    0  1024     0 1321  395 25  0 75  0  0
 2  0  90624 2538628   1944 466728    0    0  1280     0 1258  284 25  0 75  0  0
 2  0  90624 2538628   1944 466728    0    0  1280     4 1313  387 25  1 74  0  0
 2  0  90624 2538628   1944 466728    0    0  1024   272 1370  341 25  0 74  0  0
 2  0  90624 2538628   1944 466728    0    0  1280     0 1449  470 25  1 74  0  0
 2  0  90624 2538628   1944 466728    0    0  1024     0 1227  275 25  0 75  0  0
 2  0  90624 2538628   1944 466728    0    0  1280     0 1466  459 25  1 74  0  0
 2  0  90624 2538628   1944 466728    0    0  1024     4 1301  312 25  0 75  0  0
 2  0  90624 2538628   1944 466728    0    0  1280    64 1440  488 25  1 74  0  0
 2  0  90624 2538628   1944 466728    0    0  1024  3696 1314  324 25  0 74  0  0
 2  0  90624 2538628   1944 466728    0    0  1280     0 1331  418 25  0 75  0  0
 2  0  90624 2538628   1944 466728    0    0  1024     0 1257  297 25  0 75  0  0
 2  0  90624 2538628   1944 466728    0    0  1280     0 1380  409 25  1 74  0  0
 2  0  90624 2538628   1944 466728    0    0  1024    84 1301  301 25  0 75  0  0
 2  0  90624 2538628   1944 466728    0    0  1280     0 1305  401 25  1 74  0  0
 2  0  90624 2538628   1944 466728    0    0  1024   220 1297  340 25  0 75  0  0
 2  0  90624 2538628   1944 466728    0    0  1280     0 1391  519 26  1 74  0  0
 2  0  90624 2538628   1944 466728    0    0  1024     0 1236  280 25  0 75  0  0
procs -----------memory---------- ---swap-- -----io---- -system-- ------cpu-----
 r  b   swpd   free   buff  cache   si   so    bi    bo   in   cs us sy id wa st
 2  0  90624 2538628   1944 466728    0    0  1280    36 1323  411 25  1 74  0  0
 2  0  90624 2538628   1944 466728    0    0  1024     0 1285  334 25  0 75  0  0
 2  0  90624 2538628   1944 466728    0    0  1280     0 1309  401 25  0 74  0  0
 2  0  90624 2538628   1944 466728    0    0  1024     0 1242  282 25  0 75  0  0
 2  0  90624 2538628   1944 466728    0    0  1280    28 1382  450 25  1 74  0  0
 2  0  90624 2538628   1944 466728    0    0  1280     0 1269  282 25  0 75  0  0
 2  0  90624 2538628   1944 466728    0    0  1024   268 1444  484 25  1 74  0  0
 2  0  90624 2538628   1944 466728    0    0  1280     0 1255  266 25  0 75  0  0
 2  0  90624 2538628   1944 466728    0    0  1024     0 1464  491 25  1 74  0  0
 2  0  90624 2538628   1944 466728    0    0  1280     0 1224  262 25  0 75  0  0
 2  0  90624 2538628   1944 466728    0    0  1024     0 1593  729 25  0 74  0  0
 2  0  90624 2538628   1944 466728    0    0  1280    36 1316  352 25  1 74  0  0
 2  0  90624 2538628   1944 466728    0    0  1024     0 1389  433 25  0 74  0  0
 2  0  90624 2538628   1944 466728    0    0  1280     0 1278  305 25  0 75  0  0
 2  0  90624 2538628   1944 466728    0    0  1024     0 1456  456 25  0 74  0  0
 2  0  90624 2538628   1944 466728    0    0  1280     0 1305  321 25  0 75  0  0
 2  0  90624 2538628   1944 466728    0    0  1024    32 1514  519 25  1 74  0  0
 2  0  90624 2538628   1944 466728    0    0  1280     0 1261  278 25  0 75  0  0
 2  0  90624 2538628   1944 466728    0    0  1024     0 1347  391 25  1 74  0  0
 2  0  90624 2538628   1944 466728    0    0  1280     4 1264  291 25  0 75  0  0
 2  0  90624 2538628   1944 466728    0    0  1024     0 1330  386 25  1 75  0  0
procs -----------memory---------- ---swap-- -----io---- -system-- ------cpu-----
 r  b   swpd   free   buff  cache   si   so    bi    bo   in   cs us sy id wa st
 2  0  90624 2538628   1944 466728    0    0  1280    32 1252  303 25  0 75  0  0
 2  0  90624 2538628   1944 466728    0    0  1280  3620 1368  403 25  1 74  0  0
 2  0  90624 2538628   1944 466728    0    0  1024     0 1262  298 25  0 75  0  0
 2  0  90624 2538628   1944 466728    0    0  1280     0 1377  413 25  1 74  0  0
 2  0  90624 2538628   1944 466728    0    0  1024     0 1262  287 25  0 75  0  0
 2  0  90624 2538628   1944 466728    0    0  1280   100 1416  451 25  1 74  0  0
 2  0  90624 2538628   1944 466728    0    0  1024     0 1298  310 25  0 75  0  0
 2  0  90624 2538628   1944 466728    0    0  1280     0 1312  399 25  1 74  0  0
 2  0  90624 2538628   1944 466728    0    0  1024     0 1229  292 25  0 75  0  0
 2  0  90624 2538628   1944 466728    0    0  1280     0 1365  417 25  1 74  0  0
 2  0  90624 2538628   1944 466728    0    0  1024    32 1289  296 25  0 75  0  0
 2  0  90624 2538628   1944 466728    0    0  1280     0 1400  438 25  1 74  0  0
 2  0  90624 2538628   1944 466728    0    0  1024     0 1227  262 25  0 75  0  0
 2  0  90624 2538628   1944 466728    0    0  1280   104 1514  523 25  1 74  0  0
 2  0  90624 2538628   1944 466728    0    0  1024     0 1276  276 25  0 75  0  0
 2  0  90624 2538628   1944 466728    0    0  1280    40 1385  426 25  1 74  0  0
 2  0  90624 2538628   1944 466728    0    0  1024   756 1360  397 25  0 75  0  0
 2  0  90624 2538628   1944 466728    0    0  1280     0 1481  491 25  1 74  0  0
 2  0  90624 2538628   1944 466728    0    0  1024    52 1386  371 25  0 74  0  0
 2  0  90624 2538628   1944 466728    0    0  1280     0 1390  452 25  1 74  0  0
 2  0  90624 2538628   1944 466728    0    0  1280     0 1290  339 25  0 75  0  0
procs -----------memory---------- ---swap-- -----io---- -system-- ------cpu-----
 r  b   swpd   free   buff  cache   si   so    bi    bo   in   cs us sy id wa st
 2  0  90624 2538628   1944 466728    0    0  1028     0 1536  517 25  1 74  0  0
