procs -----------memory---------- ---swap-- -----io---- -system-- ------cpu-----
 r  b   swpd   free   buff  cache   si   so    bi    bo   in   cs us sy id wa st
 2  0  90624 2519552   1840 468364    1    3   849   233  317  157 19  1 80  0  0
 2  0  90624 2519552   1840 468364    0    0 17068     0 1937  872 21  3 74  2  0
 2  0  90624 2519552   1840 468364    0    0  1280     0 1252  290 25  1 75  0  0
 2  0  90624 2519552   1840 468364    0    0  1592     0 1382  484 25  1 74  0  0
 2  0  90624 2519552   1840 468364    0    0  1024     0 1238  279 25  1 75  0  0
 2  0  90624 2519552   1840 468364    0    0  1280    76 1327  408 25  1 75  0  0
 2  0  90624 2519552   1840 468364    0    0  1280     0 1283  320 25  1 75  0  0
 2  0  90624 2519552   1840 468364    0    0  1024     0 1346  415 25  1 74  0  0
 2  0  90624 2519552   1840 468364    0    0  1280     0 1231  285 25  0 75  0  0
 2  0  90624 2519552   1840 468364    0    0  1024     0 1461  646 25  1 74  0  0
 2  0  90624 2519552   1840 468364    0    0  1280    32 1332  335 25  0 74  0  0
 2  0  90624 2519552   1840 468364    0    0  1024     0 1466  484 25  1 74  0  0
 2  0  90624 2519552   1840 468364    0    0  1280     0 1242  266 25  0 75  0  0
 2  0  90624 2519552   1840 468364    0    0  1024     0 1377  429 25  1 74  0  0
 2  0  90624 2519552   1840 468364    0    0  1280     0 1339  306 25  0 75  0  0
 2  0  90624 2519552   1840 468364    0    0  1024    32 1552  521 25  1 74  0  0
 2  0  90624 2519552   1840 468364    0    0  1280     0 1224  249 25  0 75  0  0
 2  0  90624 2519552   1840 468364    0    0  1024     0 1333  396 25  1 74  0  0
 2  0  90624 2519552   1840 468364    0    0  1280     0 1252  275 25  1 75  0  0
 2  0  90624 2519552   1840 468364    0    0  1024     0 1336  415 25  0 74  0  0
 2  0  90624 2519552   1840 468364    0    0  1280    32 1230  257 25  0 74  0  0
procs -----------memory---------- ---swap-- -----io---- -system-- ------cpu-----
 r  b   swpd   free   buff  cache   si   so    bi    bo   in   cs us sy id wa st
 2  0  90624 2519552   1840 468364    0    0  1024     0 1410  421 25  1 74  0  0
 2  0  90624 2519552   1840 468364    0    0  1280     0 1266  276 25  0 75  0  0
 2  0  90624 2519552   1840 468364    0    0  1024     0 1421  450 25  1 74  0  0
 2  0  90624 2519552   1840 468364    0    0  1280     0 1264  263 25  0 74  0  0
 2  0  90624 2519552   1840 468364    0    0  1024    32 1428  550 25  0 75  0  0
 2  0  90624 2519552   1840 468364    0    0  1280     0 1262  294 25  0 75  0  0
 2  0  90624 2519552   1840 468364    0    0  1024     0 1315  398 25  1 74  0  0
 2  0  90624 2519552   1840 468364    0    0  1280   740 1539  418 25  0 74  0  0
 2  0  90624 2519552   1840 468364    0    0  1280     0 1279  381 25  1 74  0  0
 2  0  90624 2519552   1840 468364    0    0  1024     0 1226  268 25  0 75  0  0
 2  0  90624 2519552   1840 468364    0    0  1284  4072 1449  506 25  1 74  0  0
 2  0  90624 2519552   1840 468364    0    0  1024     0 1287  277 25  0 75  0  0
 2  0  90624 2519552   1840 468364    0    0  1280    68 1353  430 25  1 74  0  0
 2  0  90624 2519552   1840 468364    0    0  1024     0 1335  340 25  0 75  0  0
 2  0  90624 2519552   1840 468364    0    0  1280     0 1332  368 25  0 74  0  0
 2  0  90624 2519552   1840 468364    0    0  1024     0 1392  360 25  0 75  0  0
 2  0  90624 2519552   1840 468364    0    0  1280     0 1321  400 25  1 74  0  0
 2  0  90624 2519552   1840 468364    0    0  1024    32 1339  369 25  0 74  0  0
 2  0  90624 2519552   1840 468364    0    0  1280     0 1424  475 25  1 74  0  0
 2  0  90624 2519552   1840 468364    0    0  1024     0 1321  318 25  0 75  0  0
 2  0  90624 2519552   1840 468364    0    0  1280     0 1335  422 25  1 74  0  0
procs -----------memory---------- ---swap-- -----io---- -system-- ------cpu-----
 r  b   swpd   free   buff  cache   si   so    bi    bo   in   cs us sy id wa st
 2  0  90624 2519552   1840 468364    0    0  1024     0 1325  307 25  0 74  0  0
 2  0  90624 2519552   1840 468364    0    0  1280    32 1360  447 25  1 74  0  0
 2  0  90624 2519552   1840 468364    0    0  1024     0 1280  286 25  1 75  0  0
 2  0  90624 2519552   1840 468364    0    0  4544     0 1531  564 25  1 73  1  0
 2  0  90624 2519552   1840 468364    0    0  1024     0 1327  309 25  0 75  0  0
 2  0  90624 2519552   1840 468364    0    0  1280     0 1545  561 25  1 74  0  0
 2  0  90624 2519552   1840 468364    0    0  1280    32 1265  288 25  0 75  0  0
 2  0  90624 2519552   1840 468364    0    0  1024     0 1373  437 25  1 74  0  0
 2  0  90624 2519552   1840 468364    0    0  1280     0 1248  254 25  0 75  0  0
 2  0  90624 2519552   1840 468364    0    0  1024     0 1321  380 25  1 74  0  0
 2  0  90624 2519552   1840 468364    0    0  1280     0 1289  282 25  0 75  0  0
 2  0  90624 2519552   1840 468364    0    0  1024    32 1345  424 25  1 74  0  0
 2  0  90624 2519552   1840 468364    0    0  1280     0 1248  282 25  0 75  0  0
 2  0  90624 2519552   1840 468364    0    0  1024     0 1320  449 25  1 74  0  0
 2  0  90624 2519552   1840 468364    0    0  1280     0 1325  299 25  0 75  0  0
 2  0  90624 2519552   1840 468364    0    0  1024     0 1385  412 25  1 74  0  0
 2  0  90624 2519552   1840 468364    0    0  1280    32 1307  308 25  0 75  0  0
 2  0  90624 2519552   1840 468364    0    0  1028     0 1419  443 25  1 74  0  0
 2  0  90624 2519552   1840 468364    0    0  1280     0 1290  292 25  0 75  0  0
 2  0  90624 2519552   1840 468364    0    0  1024     0 1400  464 25  1 74  0  0
 2  0  90624 2519552   1840 468364    0    0  1280     0 1273  294 25  0 75  0  0
procs -----------memory---------- ---swap-- -----io---- -system-- ------cpu-----
 r  b   swpd   free   buff  cache   si   so    bi    bo   in   cs us sy id wa st
 2  0  90624 2519552   1840 468364    0    0  1024  3748 1418  474 25  1 74  0  0
 2  0  90624 2519552   1840 468364    0    0  1280  1020 1565  430 25  0 74  0  0
 2  0  90624 2519552   1840 468364    0    0  1024     0 1383  435 25  1 74  0  0
 2  0  90624 2519552   1840 468364    0    0  1280     0 1271  279 25  0 75  0  0
 2  0  90624 2519552   1840 468364    0    0  1024     0 1334  388 25  1 74  0  0
 2  0  90624 2519552   1840 468364    0    0  1280     0 1279  324 25  0 75  0  0
 2  0  90624 2519552   1840 468364    0    0  1280    52 1359  412 25  1 74  0  0
 2  0  90624 2519552   1840 468364    0    0  1024     0 1416  561 25  0 75  0  0
 2  0  90624 2519552   1840 468364    0    0  1280     0 1307  383 25  0 75  0  0
 2  0  90624 2519552   1840 468364    0    0  1024     0 1280  317 25  0 74  0  0
 2  0  90624 2519552   1840 468364    0    0  1280     0 1332  406 25  1 74  0  0
 2  0  90624 2519552   1840 468364    0    0  1024   404 1365  373 25  0 74  0  0
 2  0  90624 2519552   1840 468364    0    0  1280     0 1312  388 25  0 75  0  0
 2  0  90624 2519552   1840 468364    0    0  1024     0 1261  281 25  0 75  0  0
 2  0  90624 2519552   1840 468364    0    0  1280     0 1324  394 25  1 74  0  0
 2  0  90624 2519552   1840 468364    0    0  1024     0 1265  291 25  0 75  0  0
 2  0  90624 2519552   1840 468364    0    0  1280    36 1362  419 25  1 74  0  0
 2  0  90624 2519552   1840 468364    0    0  1024     0 1289  291 25  1 75  0  0
 2  0  90624 2519552   1840 468364    0    0  1280     0 1303  378 25  1 74  0  0
 2  0  90624 2519552   1840 468364    0    0  1024     0 1257  266 25  0 75  0  0
 2  0  90624 2519552   1840 468364    0    0  1284  2460 1438  440 25  1 74  0  0
procs -----------memory---------- ---swap-- -----io---- -system-- ------cpu-----
 r  b   swpd   free   buff  cache   si   so    bi    bo   in   cs us sy id wa st
 2  0  90624 2519552   1840 468364    0    0  1024    48 1314  313 25  0 74  0  0
 2  0  90624 2519552   1840 468364    0    0  1280     0 1318  435 25  1 74  0  0
 2  0  90624 2519552   1840 468364    0    0  1024     0 1211  260 25  0 75  0  0
 2  0  90624 2519552   1840 468364    0    0  1280     0 1311  405 26  0 74  0  0
 2  0  90624 2519552   1840 468364    0    0  1280     0 1309  313 25  0 75  0  0
 2  0  90624 2519552   1840 468364    0    0  1024    32 1406  472 25  1 74  0  0
 2  0  90624 2519552   1840 468364    0    0  1280     4 1239  280 25  0 75  0  0
 2  0  90624 2519552   1840 468364    0    0  1024     0 1298  383 25  1 74  0  0
 2  0  90624 2519552   1840 468364    0    0  1280     0 1345  332 25  0 75  0  0
 2  0  90624 2519552   1840 468364    0    0  1024     0 1413  449 25  1 74  0  0
 2  0  90624 2519552   1840 468364    0    0  1280    88 1330  353 25  0 75  0  0
 2  0  90624 2519552   1840 468364    0    0  1024     0 1393  407 25  0 74  0  0
 2  0  90624 2519552   1840 468364    0    0  1280     0 1264  284 25  0 75  0  0
 2  0  90624 2519552   1840 468364    0    0  1024     0 1286  377 25  1 74  0  0
 2  0  90624 2519552   1840 468364    0    0  1280     0 1224  284 25  0 75  0  0
 2  0  90624 2519552   1840 468364    0    0  1024    68 1420  430 25  1 74  0  0
 3  0  90624 2519552   1840 468364    0    0  1280     0 1373  359 25  0 74  0  0
 2  0  90624 2519552   1840 468364    0    0  1024     0 1287  374 25  1 74  0  0
 2  0  90624 2519552   1840 468364    0    0  1280     0 1349  351 25  0 75  0  0
 2  0  90624 2519552   1840 468364    0    0  1024     0 1319  385 25  0 74  0  0
 2  0  90624 2519552   1840 468364    0    0  1280    32 1294  311 25  1 75  0  0
procs -----------memory---------- ---swap-- -----io---- -system-- ------cpu-----
 r  b   swpd   free   buff  cache   si   so    bi    bo   in   cs us sy id wa st
 2  0  90624 2519552   1840 468364    0    0  1280   744 1561  532 25  1 74  0  0
 2  0  90624 2519552   1840 468364    0    0  1024     0 1346  325 25  0 75  0  0
 2  0  90624 2519552   1840 468364    0    0  1280     0 1391  473 25  1 74  0  0
 2  0  90624 2519552   1840 468364    0    0  1024     0 1261  298 25  0 74  0  0
 2  0  90624 2519552   1840 468364    0    0  1280     0 1347  414 25  1 74  0  0
 2  0  90624 2519552   1840 468364    0    0  1024    36 1368  362 25  0 75  0  0
 2  0  90624 2519552   1840 468364    0    0  1280     0 1373  433 25  1 74  0  0
 2  0  90624 2519552   1840 468364    0    0  1024     0 1380  348 25  0 74  0  0
 2  0  90624 2519552   1840 468364    0    0  1280     0 1314  398 25  1 74  0  0
 2  0  90624 2519552   1840 468364    0    0  1028  3304 1259  287 25  0 75  0  0
 2  0  90624 2519552   1840 468364    0    0  1280    48 1424  471 25  1 74  0  0
 2  0  90624 2519552   1840 468364    0    0  1024     0 1247  274 25  0 75  0  0
 2  0  90624 2519552   1840 468364    0    0  1280     0 1322  408 25  1 74  0  0
 2  0  90624 2519552   1840 468364    0    0  1024     0 1210  268 25  0 75  0  0
 2  0  90624 2519552   1840 468364    0    0  1280   288 1361  416 25  1 74  0  0
 2  0  90624 2519552   1840 468364    0    0  1024    40 1251  292 25  0 75  0  0
 2  0  90624 2519552   1840 468364    0    0  1280     0 1306  393 25  1 74  0  0
 2  0  90624 2519552   1840 468364    0    0  1024     0 1231  262 25  0 75  0  0
 2  0  90624 2519552   1840 468364    0    0  1280     0 1354  428 25  1 74  0  0
 2  0  90624 2519552   1840 468364    0    0  1280     0 1362  341 25  1 74  0  0
 4  0  90624 2519552   1840 468364    0    0  1024    76 1358  426 25  0 74  0  0
procs -----------memory---------- ---swap-- -----io---- -system-- ------cpu-----
 r  b   swpd   free   buff  cache   si   so    bi    bo   in   cs us sy id wa st
 2  0  90624 2519552   1840 468364    0    0  1280     0 1224  275 25  0 75  0  0
 2  0  90624 2519552   1840 468364    0    0  1024     0 1368  430 25  1 74  0  0
 2  0  90624 2519552   1840 468364    0    0  1280     0 1243  288 25  0 75  0  0
 2  0  90624 2519552   1840 468364    0    0  1024     0 1348  430 25  1 74  0  0
 2  0  90624 2519552   1840 468364    0    0  1280    68 1278  282 25  0 75  0  0
 2  0  90624 2519552   1840 468364    0    0  1024     0 1342  390 25  1 74  0  0
 2  0  90624 2519552   1840 468364    0    0  1280     0 1486  559 25  0 75  0  0
 2  0  90624 2519552   1840 468364    0    0  1024     0 1484  497 25  1 74  0  0
 2  0  90624 2519552   1840 468364    0    0  1280     0 1270  284 25  0 75  0  0
 2  0  90624 2519552   1840 468364    0    0  1024  2420 1337  412 25  1 74  0  0
 2  0  90624 2519552   1840 468364    0    0  1280   764 1481  447 25  0 75  0  0
 2  0  90624 2519552   1840 468364    0    0  1024     0 1376  415 25  1 74  0  0
 2  0  90624 2519552   1840 468364    0    0  1280     0 1314  322 25  0 75  0  0
 2  0  90624 2519552   1840 468364    0    0  1024     0 1322  417 25  1 74  0  0
 2  0  90624 2519552   1840 468364    0    0  1280     0 1283  279 25  0 75  0  0
 2  0  90624 2519552   1840 468364    0    0  1024    36 1344  404 25  1 74  0  0
 2  0  90624 2519552   1840 468364    0    0  1280     0 1243  283 25  0 75  0  0
 2  0  90624 2519552   1840 468364    0    0  1024     0 1447  444 25  1 74  0  0
 2  0  90624 2519552   1840 468364    0    0  1280     0 1251  271 25  0 75  0  0
 2  0  90624 2519552   1840 468364    0    0  1024     0 1357  423 25  1 74  0  0
 2  0  90624 2519552   1840 468364    0    0  1280    32 1305  323 25  0 74  0  0
procs -----------memory---------- ---swap-- -----io---- -system-- ------cpu-----
 r  b   swpd   free   buff  cache   si   so    bi    bo   in   cs us sy id wa st
 2  0  90624 2519552   1840 468364    0    0  1024     0 1368  405 25  1 74  0  0
 2  0  90624 2519552   1840 468364    0    0  1280     0 1215  268 25  0 75  0  0
 2  0  90624 2519552   1840 468364    0    0  1280     0 1389  409 25  1 74  0  0
 2  0  90624 2519552   1840 468364    0    0  1024     0 1245  282 25  0 75  0  0
 2  0  90624 2519552   1840 468364    0    0  1280    32 1412  459 25  1 74  0  0
 2  0  90624 2519552   1840 468364    0    0  1024     0 1433  386 25  0 74  0  0
 2  0  90624 2519552   1840 468364    0    0  1280     0 1334  402 25  1 74  0  0
 2  0  90624 2519552   1840 468364    0    0  1024     0 1262  277 25  0 75  0  0
 2  0  90624 2519552   1840 468364    0    0  1280     0 1386  423 25  1 74  0  0
 2  0  90624 2519552   1840 468364    0    0  1024    32 1242  277 25  0 75  0  0
 2  0  90624 2519552   1840 468364    0    0  1280     0 1316  372 25  1 74  0  0
 2  0  90624 2519552   1840 468364    0    0  1024    40 1244  279 25  0 75  0  0
 2  0  90624 2519552   1840 468364    0    0  1280     0 1322  404 25  1 74  0  0
 2  0  90624 2519552   1840 468364    0    0  1024     0 1267  298 25  0 75  0  0
 2  0  90624 2519552   1840 468364    0    0  1280    72 1358  424 25  1 74  0  0
 2  0  90624 2519552   1840 468364    0    0  1024     0 1203  266 25  0 75  0  0
 2  0  90624 2519552   1840 468364    0    0  1280     0 1358  414 25  1 74  0  0
 2  0  90624 2519552   1840 468364    0    0  1024     4 1265  290 25  0 74  0  0
 2  0  90624 2519552   1840 468364    0    0  6824  3608 1885  881 25  2 71  2  0
 2  0  90624 2519552   1840 468364    0    0  1024   108 1239  288 25  0 75  0  0
 2  0  90624 2519552   1840 468364    0    0  1280   784 1566  533 25  1 74  0  0
procs -----------memory---------- ---swap-- -----io---- -system-- ------cpu-----
 r  b   swpd   free   buff  cache   si   so    bi    bo   in   cs us sy id wa st
 2  0  90624 2519552   1840 468364    0    0  1024     0 1263  305 25  0 75  0  0
 2  0  90624 2519552   1840 468364    0    0  1280     0 1326  384 25  1 74  0  0
 2  0  90624 2519552   1840 468364    0    0  1280     0 1269  303 25  0 75  0  0
 2  0  90624 2519552   1840 468364    0    0  1024    52 1413  447 25  1 74  0  0
 2  0  90624 2519552   1840 468364    0    0  1280     0 1218  273 25  0 75  0  0
 2  0  90624 2519552   1840 468364    0    0  1024    12 1388  440 25  1 74  0  0
 2  0  90624 2519552   1840 468364    0    0  1280     0 1270  278 25  0 75  0  0
 2  0  90624 2519552   1840 468364    0    0  1024     0 1336  419 25  1 74  0  0
 2  0  90624 2519552   1840 468364    0    0  1280    44 1229  283 25  0 75  0  0
 2  0  90624 2519552   1840 468364    0    0  1024     0 1347  411 25  1 74  0  0
 2  0  90624 2519552   1840 468364    0    0  1280   272 1307  315 25  0 75  0  0
 2  0  90624 2519552   1840 468364    0    0  1024     0 1376  435 25  1 74  0  0
 2  0  90624 2519552   1840 468364    0    0  1280     0 1214  273 25  0 75  0  0
 2  0  90624 2519552   1840 468364    0    0  1024     0 1415  491 25  1 74  0  0
 2  0  90624 2519552   1840 468364    0    0  1280    52 1328  377 25  0 75  0  0
 2  0  90624 2519552   1840 468364    0    0  1024     0 1376  432 25  1 74  0  0
 2  0  90624 2519552   1840 468364    0    0  1280     0 1260  278 25  0 75  0  0
 2  0  90624 2519552   1840 468364    0    0  1280     0 1340  400 25  0 74  0  0
 2  0  90624 2519552   1840 468364    0    0  1024   328 1359  325 25  0 75  0  0
 2  0  90624 2519552   1840 468364    0    0  1280    68 1383  419 25  1 74  0  0
 2  0  90624 2519552   1840 468364    0    0  1024     0 1261  279 25  0 75  0  0
procs -----------memory---------- ---swap-- -----io---- -system-- ------cpu-----
 r  b   swpd   free   buff  cache   si   so    bi    bo   in   cs us sy id wa st
 2  0  90624 2519552   1840 468364    0    0  1280     0 1333  380 25  1 75  0  0
 2  0  90624 2519552   1840 468364    0    0  1024     0 1367  348 25  0 74  0  0
 2  0  90624 2519552   1840 468364    0    0  1280     0 1307  402 25  1 74  0  0
 3  0  90624 2519552   1840 468364    0    0  1024    48 1229  277 25  0 75  0  0
 2  0  90624 2519552   1840 468364    0    0  1280     0 1516  676 25  1 74  0  0
 2  0  90624 2519552   1840 468364    0    0  1024     0 1229  277 25  0 75  0  0
 2  0  90624 2519552   1840 468364    0    0  1280    16 1543  530 25  1 74  0  0
 2  0  90624 2519552   1840 468364    0    0  1024  3560 1239  267 25  0 75  0  0
 2  0  90624 2519552   1840 468364    0    0  1280    80 1314  385 25  1 74  0  0
 2  0  90624 2519552   1840 468364    0    0  1024     0 1217  267 25  0 75  0  0
 2  0  90624 2519552   1840 468364    0    0  1280     0 1338  411 25  1 74  0  0
 2  0  90624 2519552   1840 468364    0    0  1280     0 1238  272 25  0 75  0  0
 2  0  90624 2519552   1840 468364    0    0  1024     0 1327  397 25  1 74  0  0
 2  0  90624 2519552   1840 468364    0    0  1280    88 1345  342 25  0 75  0  0
 2  0  90624 2519552   1840 468364    0    0  1024     0 1410  450 25  1 74  0  0
 2  0  90624 2519552   1840 468364    0    0  1280     0 1214  264 25  0 75  0  0
 2  0  90624 2519552   1840 468364    0    0  1024     0 1363  449 25  1 74  0  0
 2  0  90624 2519552   1840 468364    0    0  1280    20 1261  284 25  0 75  0  0
 2  0  90624 2519552   1840 468364    0    0  1024    52 1387  440 25  1 74  0  0
 2  0  90624 2519552   1840 468364    0    0  1280     0 1223  283 25  0 75  0  0
 2  0  90624 2519552   1840 468364    0    0  1024     0 1335  402 25  1 74  0  0
procs -----------memory---------- ---swap-- -----io---- -system-- ------cpu-----
 r  b   swpd   free   buff  cache   si   so    bi    bo   in   cs us sy id wa st
 2  0  90624 2519552   1840 468364    0    0  1280     0 1339  355 25  0 75  0  0
 2  0  90624 2519552   1840 468364    0    0  1024     0 1294  398 25  1 74  0  0
 2  0  90624 2519552   1840 468364    0    0  1280    32 1251  303 25  1 75  0  0
 2  0  90624 2519552   1840 468364    0    0  1280     0 1293  378 25  1 74  0  0
 2  0  90624 2519552   1840 468364    0    0  1024     0 1209  269 25  0 75  0  0
 2  0  90624 2519552   1840 468364    0    0  1280    20 1381  428 25  0 75  0  0
 2  0  90624 2519552   1840 468364    0    0  1024     0 1287  283 25  1 75  0  0
 2  0  90624 2519552   1840 468364    0    0  1280   708 1565  578 25  1 74  0  0
 2  0  90624 2519552   1840 468364    0    0  1024     0 1412  392 25  1 74  0  0
 2  0  90624 2519552   1840 468364    0    0  1280     0 1402  450 25  0 74  0  0
 2  0  90624 2519552   1840 468364    0    0  1024     0 1246  250 25  0 75  0  0
 2  0  90624 2519552   1840 468364    0    0  1280     0 1347  418 25  1 74  0  0
 2  0  90624 2519552   1840 468364    0    0  1024    32 1337  337 25  0 75  0  0
 2  0  90624 2519552   1840 468364    0    0  1280     0 1354  431 25  1 74  0  0
 2  0  90624 2519552   1840 468364    0    0  1024     0 1268  277 25  0 75  0  0
 2  0  90624 2519552   1840 468364    0    0  1280     0 1461  494 26  1 74  0  0
 2  0  90624 2519552   1840 468364    0    0  1024     0 1343  322 25  0 75  0  0
 2  0  90624 2519552   1840 468364    0    0  1284  3616 1527  577 25  1 74  0  0
 2  0  90624 2519552   1840 468364    0    0  1024    76 1264  290 25  0 75  0  0
 2  0  90624 2519552   1840 468364    0    0  1280     0 1314  403 25  0 74  0  0
 2  0  90624 2519552   1840 468364    0    0  1024     0 1230  259 25  0 75  0  0
procs -----------memory---------- ---swap-- -----io---- -system-- ------cpu-----
 r  b   swpd   free   buff  cache   si   so    bi    bo   in   cs us sy id wa st
 2  0  90624 2519552   1840 468364    0    0  1280     0 1343  415 25  0 75  0  0
 2  0  90624 2519552   1840 468364    0    0  1280     0 1249  284 25  0 75  0  0
 2  0  90624 2519552   1840 468364    0    0  1024   116 1359  424 25  1 74  0  0
 2  0  90624 2519552   1840 468364    0    0  1280     0 1254  274 25  0 75  0  0
 2  0  90624 2519552   1840 468364    0    0  1024     0 1386  490 26  1 74  0  0
 2  0  90624 2519552   1840 468364    0    0  1280     0 1291  292 25  1 75  0  0
 2  0  90624 2519552   1840 468364    0    0  1024     8 1363  441 25  0 74  0  0
 2  0  90624 2519552   1840 468364    0    0  1280    40 1367  366 25  0 75  0  0
 2  0  90624 2519552   1840 468364    0    0  1024     0 1304  391 25  1 75  0  0
 2  0  90624 2519552   1840 468364    0    0  1280     0 1444  400 25  1 74  0  0
 2  0  90624 2519552   1840 468364    0    0  1024     0 1416  459 25  0 75  0  0
 2  0  90624 2519552   1840 468364    0    0  1280     0 1365  349 25  0 75  0  0
 2  0  90624 2519552   1840 468364    0    0  1024    36 1332  430 25  1 75  0  0
 2  0  90624 2519552   1840 468364    0    0  1280     0 1352  342 25  0 75  0  0
 2  0  90624 2519552   1840 468364    0    0  1024     0 1381  424 25  1 74  0  0
 2  0  90624 2519552   1840 468364    0    0  1280    60 1257  278 25  0 75  0  0
 2  0  90624 2519552   1840 468364    0    0  1024     4 1318  405 25  0 75  0  0
 2  0  90624 2519552   1840 468364    0    0  1280  1212 1520  436 25  0 75  0  0
 2  0  90624 2519552   1840 468364    0    0  1024     0 1421  433 25  1 74  0  0
 2  0  90624 2519552   1840 468364    0    0  1280     0 1226  268 25  0 75  0  0
 2  0  90624 2519552   1840 468364    0    0  1280     0 1366  436 25  1 74  0  0
procs -----------memory---------- ---swap-- -----io---- -system-- ------cpu-----
 r  b   swpd   free   buff  cache   si   so    bi    bo   in   cs us sy id wa st
 2  0  90624 2519552   1840 468364    0    0  1024     0 1231  270 25  0 75  0  0
 2  0  90624 2519552   1840 468364    0    0  1280    32 1365  422 25  1 74  0  0
 2  0  90624 2519552   1840 468364    0    0  1024     0 1485  585 25  0 75  0  0
 2  0  90624 2519552   1840 468364    0    0  1280     0 1419  444 25  1 74  0  0
 2  0  90624 2519552   1840 468364    0    0  1024     0 1278  287 25  0 75  0  0
 2  0  90624 2519552   1840 468364    0    0  1280     0 1314  399 25  1 74  0  0
 2  0  90624 2519552   1840 468364    0    0  1028  3700 1381  371 25  0 74  0  0
 2  0  90624 2519552   1840 468364    0    0  1280     0 1444  485 25  1 74  0  0
 2  0  90624 2519552   1840 468364    0    0  1024     0 1254  282 25  0 75  0  0
 2  0  90624 2519552   1840 468364    0    0  1280     0 1336  390 25  1 74  0  0
 2  0  90624 2519552   1840 468364    0    0  1024     0 1318  312 25  0 75  0  0
 2  0  90624 2519552   1840 468364    0    0  1280     0 1342  421 25  1 75  0  0
 2  0  90624 2519552   1840 468364    0    0  1024    32 1337  312 25  0 75  0  0
 2  0  90624 2519552   1840 468364    0    0  1280     0 1360  446 25  1 74  0  0
 2  0  90624 2519552   1840 468364    0    0  1024     0 1219  253 25  0 75  0  0
 2  0  90624 2519552   1840 468364    0    0  1280     0 1416  477 25  1 74  0  0
 2  0  90624 2519552   1840 468364    0    0  1280     4 1260  303 25  0 75  0  0
 2  0  90624 2519552   1840 468364    0    0  1024   108 1360  455 25  1 75  0  0
 2  0  90624 2519552   1840 468364    0    0  1280     0 1254  270 25  0 75  0  0
 2  0  90624 2519552   1840 468364    0    0  1164   104 1354  424 25  1 74  0  0
 2  0  90624 2519552   1840 468364    0    0  1280     0 1398  339 27  1 73  0  0
procs -----------memory---------- ---swap-- -----io---- -system-- ------cpu-----
 r  b   swpd   free   buff  cache   si   so    bi    bo   in   cs us sy id wa st
 2  0  90624 2519552   1840 468364    0    0  1024     8 1337  406 25  1 74  0  0
 2  0  90624 2519552   1840 468364    0    0  1280     0 1285  307 25  0 75  0  0
 2  0  90624 2519552   1840 468364    0    0  1024     0 1466  465 25  1 74  0  0
 2  0  90624 2519552   1840 468364    0    0  1464    68 1326  341 25  0 74  0  0
 2  0  90624 2519552   1840 468364    0    0  1024     0 1320  392 25  0 75  0  0
 2  0  90624 2519552   1840 468364    0    0  1284  2400 1351  368 25  1 74  0  0
 2  0  90624 2519552   1840 468364    0    0  1024   776 1585  530 25  1 74  0  0
 2  0  90624 2519552   1840 468364    0    0  1280     0 1422  452 26  0 74  0  0
 2  0  90624 2519552   1840 468364    0    0  1024    96 1316  396 25  1 74  0  0
 2  0  90624 2519552   1840 468364    0    0  1616    72 1546  441 27  1 72  0  0
 4  0  90624 2519552   1840 468364    0    0  1860     4 1892  679 30  1 69  0  0
 2  0  90624 2519552   1840 468364    0    0  1296     8 1892  640 30  1 69  0  0
 2  0  90624 2519552   1840 468364    0    0  1024     0 1558  540 26  1 73  0  0
 2  0  90624 2519552   1840 468364    0    0  1280   132 1273  286 25  0 75  0  0
 2  0  90624 2519552   1840 468364    0    0  1024     0 1428  487 25  1 74  0  0
 2  0  90624 2519552   1840 468364    0    0  1280    24 1289  303 25  0 75  0  0
 2  0  90624 2519552   1840 468364    0    0  1024     0 1329  410 25  1 74  0  0
 2  0  90624 2519552   1840 468364    0    0  1280     0 1323  301 25  0 75  0  0
 2  0  90624 2519552   1840 468364    0    0  1024    52 1370  417 25  1 74  0  0
 2  0  90624 2519552   1840 468364    0    0  1280   108 1335  310 25  0 75  0  0
 2  0  90624 2519552   1840 468364    0    0  1280     0 1314  410 25  1 74  0  0
procs -----------memory---------- ---swap-- -----io---- -system-- ------cpu-----
 r  b   swpd   free   buff  cache   si   so    bi    bo   in   cs us sy id wa st
 2  0  90624 2519552   1840 468364    0    0  1024     0 1340  314 25  0 75  0  0
 2  0  90624 2519552   1840 468364    0    0  1280     0 1384  436 25  1 74  0  0
 2  0  90624 2519552   1840 468364    0    0  1024    32 1347  344 25  0 75  0  0
 2  0  90624 2519552   1840 468364    0    0  1280     0 1363  419 25  1 74  0  0
 2  0  90624 2519552   1840 468364    0    0  1024     0 1243  280 25  0 75  0  0
 2  0  90624 2519552   1840 468364    0    0  1280     0 1401  453 25  1 74  0  0
 2  0  90624 2519552   1840 468364    0    0  1024     0 1233  266 25  0 75  0  0
 2  0  90624 2519552   1840 468364    0    0  1284   396 1448  538 25  1 74  1  0
 3  0  90624 2519552   1840 468364    0    0  1024     0 1385  370 25  0 74  0  0
 2  0  90624 2519552   1840 468364    0    0  1280     0 1459  481 25  1 74  0  0
 2  0  90624 2519552   1840 468364    0    0  1024     0 1220  275 25  0 75  0  0
 2  0  90624 2519552   1840 468364    0    0  1280     0 1340  406 25  1 74  0  0
 2  0  90624 2519552   1840 468364    0    0  1024    32 1368  335 25  0 75  0  0
 2  0  90624 2519552   1840 468364    0    0  1280     0 1352  403 25  0 74  0  0
 2  0  90624 2519552   1840 468364    0    0  1280     0 1269  285 25  0 75  0  0
 2  0  90624 2519552   1840 468364    0    0  1024  3556 1362  410 25  1 74  0  0
 2  0  90624 2519552   1840 468364    0    0  1280   804 1386  362 25  0 75  0  0
 2  0  90624 2519552   1840 468364    0    0  1024    88 1337  397 25  1 74  0  0
 2  0  90624 2519552   1840 468364    0    0  1280     0 1240  270 25  0 75  0  0
 2  0  90624 2519552   1840 468364    0    0  1024     0 1319  413 25  1 74  0  0
 2  0  90624 2519552   1840 468364    0    0  1280     0 1328  334 25  0 75  0  0
procs -----------memory---------- ---swap-- -----io---- -system-- ------cpu-----
 r  b   swpd   free   buff  cache   si   so    bi    bo   in   cs us sy id wa st
 2  0  90624 2519552   1840 468364    0    0  1024     0 1304  381 25  1 75  0  0
 2  0  90624 2519552   1840 468364    0    0  1280    32 1477  573 25  0 75  0  0
 2  0  90624 2519552   1840 468364    0    0  1024     0 1287  375 25  1 74  0  0
 2  0  90624 2519552   1840 468364    0    0  1280     0 1269  296 25  0 75  0  0
 2  0  90624 2519552   1840 468364    0    0  1024     0 1351  424 25  1 75  0  0
 2  0  90624 2519552   1840 468364    0    0  1280     0 1318  289 25  0 75  0  0
 2  0  90624 2519552   1840 468364    0    0  1024    32 1390  447 25  1 74  0  0
 2  0  90624 2519552   1840 468364    0    0  1284     0 1284  292 25  0 75  0  0
 2  0  90624 2519552   1840 468364    0    0  1024     0 1350  423 25  1 74  0  0
 2  0  90624 2519552   1840 468364    0    0  1280     0 1370  317 25  0 75  0  0
 3  0  90624 2519552   1840 468364    0    0  1280     0 1326  436 25  1 74  0  0
 3  0  90624 2519552   1840 468364    0    0  1024    32 1331  348 25  0 74  0  0
 3  0  90624 2519552   1840 468364    0    0  1280   120 1427  456 25  1 74  0  0
 3  0  90624 2519552   1840 468364    0    0  1024   436 1395  344 25  0 74  0  0
 3  0  90624 2519552   1840 468364    0    0  1280    32 1425  473 25  0 74  0  0
 3  0  90624 2519552   1840 468364    0    0  1024  2464 1244  276 25  0 75  0  0
 3  0  90624 2519552   1840 468364    0    0  1280     0 1362  428 25  1 74  0  0
 2  0  90624 2519552   1840 468364    0    0  1024     0 1297  305 25  0 75  0  0
 3  0  90624 2519552   1840 468364    0    0  1280     0 1327  405 25  1 74  0  0
 3  0  90624 2519552   1840 468364    0    0  1024    68 1265  322 25  0 75  0  0
 4  0  90624 2519552   1840 468364    0    0  1280     0 1409  449 25  1 74  0  0
procs -----------memory---------- ---swap-- -----io---- -system-- ------cpu-----
 r  b   swpd   free   buff  cache   si   so    bi    bo   in   cs us sy id wa st
 2  0  90624 2519552   1840 468364    0    0  1024     0 1291  303 25  0 75  0  0
 3  0  90624 2519552   1840 468364    0    0  1280     0 1359  417 25  1 74  0  0
 2  0  90624 2519552   1840 468364    0    0  1024    40 1244  288 25  0 75  0  0
 3  0  90624 2519552   1840 468364    0    0  1280    32 1432  463 25  1 74  0  0
 3  0  90624 2519552   1840 468364    0    0  1024     0 1288  327 25  1 75  0  0
 2  0  90624 2519552   1840 468364    0    0  1280     0 1285  340 25  0 75  0  0
 2  0  90624 2519552   1840 468364    0    0  1024     0 1245  290 25  0 75  0  0
 2  0  90624 2519552   1840 468364    0    0  1280     0 1427  465 25  1 74  0  0
 3  0  90624 2519552   1840 468364    0    0  1280    32 1322  372 25  0 75  0  0
 2  0  90624 2519552   1840 468364    0    0  1024   492 1523  508 25  1 74  0  0
 3  0  90624 2519552   1840 468364    0    0  1280     0 1259  330 25  1 75  0  0
 2  0  90624 2519552   1840 468364    0    0  1024     0 1426  443 25  0 74  0  0
 4  0  90624 2519552   1840 468364    0    0  1280     0 1275  338 25  0 75  0  0
 2  0  90624 2519552   1840 468364    0    0  1024    52 1449  432 25  1 74  0  0
 3  0  90624 2519552   1840 468364    0    0  1280    40 1258  333 25  0 75  0  0
 2  0  90624 2519552   1840 468364    0    0  1024  2456 1336  352 25  0 74  0  0
 4  0  90624 2519552   1840 468364    0    0  1280   200 1298  343 25  0 75  0  0
 2  0  90624 2519552   1840 468364    0    0  1024     0 1353  350 25  0 74  0  0
 3  0  90624 2519552   1840 468364    0    0  1280    48 1251  348 25  0 75  0  0
 2  0  90624 2519552   1840 468364    0    0  1024     0 1369  406 25  1 74  0  0
 3  0  90624 2519552   1840 468364    0    0  1280     0 1302  370 25  0 75  0  0
procs -----------memory---------- ---swap-- -----io---- -system-- ------cpu-----
 r  b   swpd   free   buff  cache   si   so    bi    bo   in   cs us sy id wa st
 2  0  90624 2519552   1840 468364    0    0  1024     0 1313  346 25  1 74  0  0
 3  0  90624 2519552   1840 468364    0    0  1280     0 1293  380 25  0 75  0  0
 2  0  90624 2519552   1840 468364    0    0  1024    32 1384  401 25  1 74  0  0
 4  0  90624 2519552   1840 468364    0    0  1280     0 1256  356 25  0 75  0  0
 2  0  90624 2519552   1840 468364    0    0  1280     0 1373  374 25  0 74  0  0
 3  0  90624 2519552   1840 468364    0    0  1024     0 1215  340 25  1 75  0  0
 2  0  90624 2519552   1840 468364    0    0  1280     0 1317  361 25  0 75  0  0
 4  0  90624 2519552   1840 468364    0    0  1024    32 1252  371 25  0 75  0  0
 2  0  90624 2519552   1840 468364    0    0  1280     0 1306  315 25  0 75  0  0
 3  0  90624 2519552   1840 468364    0    0  1024     0 1263  350 25  1 74  0  0
 2  0  90624 2519552   1840 468364    0    0  1280     0 1312  318 25  0 75  0  0
 3  0  90624 2519552   1840 468364    0    0  1024     0 1281  372 25  1 75  0  0
 2  0  90624 2519552   1840 468364    0    0  1280    32 1295  327 25  0 75  0  0
 3  0  90624 2519552   1840 468364    0    0  1024     0 1338  397 25  1 74  0  0
 2  0  90624 2519552   1840 468364    0    0  1280     0 1298  316 25  0 75  0  0
 3  0  90624 2519552   1840 468364    0    0  1024     0 1264  374 25  1 74  0  0
 2  0  90624 2519552   1840 468364    0    0  1280     0 1306  324 25  0 75  0  0
 3  0  90624 2519552   1840 468364    0    0  1024     0 1456  464 25  0 74  0  0
 2  0  90624 2519552   1840 468364    0    0  1280    32 1335  330 25  1 74  0  0
 3  0  90624 2519552   1840 468364    0    0  1024     0 1335  415 25  1 74  0  0
 2  0  90624 2519552   1840 468364    0    0  1280    32 1454  579 25  0 75  0  0
procs -----------memory---------- ---swap-- -----io---- -system-- ------cpu-----
 r  b   swpd   free   buff  cache   si   so    bi    bo   in   cs us sy id wa st
 3  0  90624 2519552   1840 468364    0    0  1024     0 1329  395 25  1 75  0  0
 2  0  90624 2519552   1840 468364    0    0  1280     0 1343  339 25  0 74  0  0
 3  0  90624 2519552   1840 468364    0    0  1024    48 1320  418 25  1 74  0  0
 2  0  90624 2519552   1840 468364    0    0  1280     0 1287  278 25  0 75  0  0
 2  0  90624 2519552   1840 468364    0    0  1280  3688 1469  473 25  1 74  0  0
 2  0  90624 2519552   1840 468364    0    0  1024     0 1318  311 25  0 75  0  0
 2  0  90624 2519552   1840 468364    0    0  1280     0 1291  376 25  0 75  0  0
 2  0  90624 2519552   1840 468364    0    0  1024   828 1460  420 25  0 74  0  0
 2  0  90624 2519552   1840 468364    0    0  1280     0 1343  373 25  1 74  0  0
 2  0  90624 2519552   1840 468364    0    0  1024     0 1340  336 25  0 75  0  0
 2  0  90624 2519552   1840 468364    0    0  1280     0 1329  398 25  1 74  0  0
 2  0  90624 2519552   1840 468364    0    0  1024     0 1285  299 25  0 75  0  0
 2  0  90624 2519552   1840 468364    0    0  1280    36 1338  423 25  1 74  0  0
 2  0  90624 2519552   1840 468364    0    0  1024     0 1341  350 25  0 75  0  0
 4  0  90624 2519552   1840 468364    0    0  1280     0 1354  380 25  0 74  0  0
 2  0  90624 2519552   1840 468364    0    0  1024     0 1328  334 25  0 75  0  0
 3  0  90624 2519552   1840 468364    0    0  1280     0 1270  381 25  1 74  0  0
 2  0  90624 2519552   1840 468364    0    0  1024    32 1344  355 25  1 75  0  0
 2  0  90624 2519552   1840 468364    0    0  1280     0 1424  450 25  0 74  0  0
 2  0  90624 2519552   1840 468364    0    0  1024     0 1330  322 25  0 75  0  0
 2  0  90624 2519552   1840 468364    0    0  1280     0 1287  382 25  1 74  0  0
procs -----------memory---------- ---swap-- -----io---- -system-- ------cpu-----
 r  b   swpd   free   buff  cache   si   so    bi    bo   in   cs us sy id wa st
 3  0  90624 2519552   1840 468364    0    0  1280     0 1403  403 25  0 75  0  0
 2  0  90624 2519552   1840 468364    0    0  1024    32 1286  382 25  1 74  0  0
 2  0  90624 2519552   1840 468364    0    0  1280     0 1266  301 25  0 75  0  0
 2  0  90624 2519552   1840 468364    0    0  1024     0 1363  431 25  1 74  0  0
 2  0  90624 2519552   1840 468364    0    0  1280  2460 1408  394 25  0 74  0  0
 2  0  90624 2519552   1840 468364    0    0  1024     0 1334  405 25  1 74  0  0
 2  0  90624 2519552   1840 468364    0    0  1280    56 1500  491 26  0 74  0  0
 2  0  90624 2519552   1840 468364    0    0  1024     0 1462  471 25  1 74  0  0
 2  0  90624 2519552   1840 468364    0    0  1280     0 1362  371 25  0 75  0  0
 2  0  90624 2519552   1840 468364    0    0  1024     0 1355  434 25  1 74  0  0
 2  0  90624 2519552   1840 468364    0    0  1280    56 1316  315 25  1 75  0  0
 2  0  90624 2519552   1840 468364    0    0  1024    48 1287  383 25  0 75  0  0
 2  0  90624 2519552   1840 468364    0    0  1280     0 1254  295 25  0 75  0  0
 2  0  90624 2519552   1840 468364    0    0  1024     0 1307  384 25  1 74  0  0
 2  0  90624 2519552   1840 468364    0    0  1280     0 1386  378 25  0 75  0  0
 2  0  90624 2519552   1840 468364    0    0  1024     0 1324  397 25  1 74  0  0
 2  0  90624 2519552   1840 468364    0    0  1280     0 1276  332 25  0 75  0  0
 2  0  90624 2519552   1840 468364    0    0  1280    32 1342  429 25  0 75  0  0
 2  0  90624 2519552   1840 468364    0    0  1024     0 1252  291 25  0 75  0  0
 3  0  90624 2519552   1840 468364    0    0  1280  1032 1531  486 25  1 74  0  0
 2  0  90624 2519552   1840 468364    0    0  1024     0 1285  307 25  0 75  0  0
procs -----------memory---------- ---swap-- -----io---- -system-- ------cpu-----
 r  b   swpd   free   buff  cache   si   so    bi    bo   in   cs us sy id wa st
 2  0  90624 2519552   1840 468364    0    0  1280     0 1391  423 25  1 74  0  0
 2  0  90624 2519552   1840 468364    0    0  1024    88 1311  345 25  0 74  0  0
 2  0  90624 2519552   1840 468364    0    0  1280     0 1384  441 25  1 74  0  0
 2  0  90624 2519552   1840 468364    0    0  1024     0 1256  305 25  0 75  0  0
 2  0  90624 2519552   1840 468364    0    0  1280     0 1319  367 25  1 74  0  0
 2  0  90624 2519552   1840 468364    0    0  1024     0 1266  305 25  0 75  0  0
 2  0  90624 2519552   1840 468364    0    0  1280    32 1313  379 25  1 74  0  0
 2  0  90624 2519552   1840 468364    0    0  1024     0 1255  298 25  0 75  0  0
 2  0  90624 2519552   1840 468364    0    0  1280     0 1291  358 25  0 75  0  0
 2  0  90624 2519552   1840 468364    0    0  1024     0 1266  320 25  0 75  0  0
 2  0  90624 2519552   1840 468364    0    0  1280     0 1384  421 25  1 74  0  0
 2  0  90624 2519552   1840 468364    0    0  1024    32 1285  309 25  0 75  0  0
 2  0  90624 2519552   1840 468364    0    0  1280     0 1275  353 25  1 74  0  0
 2  0  90624 2519552   1840 468364    0    0  1024     0 1316  338 25  0 75  0  0
 2  0  90624 2519552   1840 468364    0    0  1280  3624 1368  424 25  1 74  0  0
 2  0  90624 2519552   1840 468364    0    0  1024     0 1293  327 25  0 75  0  0
 2  0  90624 2519552   1840 468364    0    0  1280    64 1344  405 25  1 74  0  0
 2  0  90624 2519552   1840 468364    0    0  1280     0 1243  291 25  0 75  0  0
 2  0  90624 2519552   1840 468364    0    0  1024     0 1286  382 25  1 74  0  0
 2  0  90624 2519552   1840 468364    0    0  1280    36 1414  553 25  0 75  0  0
 3  0  90624 2519552   1840 468364    0    0  1024     0 1364  445 25  1 74  0  0
procs -----------memory---------- ---swap-- -----io---- -system-- ------cpu-----
 r  b   swpd   free   buff  cache   si   so    bi    bo   in   cs us sy id wa st
 2  0  90624 2519552   1840 468364    0    0  1280    48 1285  327 25  0 74  0  0
 2  0  90624 2519552   1840 468364    0    0  1024     0 1386  428 25  1 74  0  0
 2  0  90624 2519552   1840 468364    0    0  1280     0 1273  317 25  0 75  0  0
 2  0  90624 2519552   1840 468364    0    0  1024     0 1289  361 25  0 75  0  0
 2  0  90624 2519552   1840 468364    0    0  1280     0 1286  322 25  0 75  0  0
 2  0  90624 2519552   1840 468364    0    0  1024    32 1281  380 25  1 74  0  0
 2  0  90624 2519552   1840 468364    0    0  1280     0 1275  315 25  0 74  0  0
 2  0  90624 2519552   1840 468364    0    0  1024     0 1336  400 25  1 75  0  0
 2  0  90624 2519552   1840 468364    0    0  1280     0 1237  289 25  0 75  0  0
 2  0  90624 2519552   1840 468364    0    0  1280   756 1534  499 25  1 74  0  0
 2  0  90624 2519552   1840 468364    0    0  1024    36 1301  308 25  0 75  0  0
 2  0  90624 2519552   1840 468364    0    0  1280     0 1402  438 25  1 74  0  0
 2  0  90624 2519552   1840 468364    0    0  1024     0 1279  312 25  0 75  0  0
 2  0  90624 2519552   1840 468364    0    0  1280     0 1319  388 25  1 74  0  0
 2  0  90624 2519552   1840 468364    0    0  1024     0 1258  304 25  0 75  0  0
 2  0  90624 2519552   1840 468364    0    0  1280     0 1305  363 25  0 74  0  0
 2  0  90624 2519552   1840 468364    0    0  1024    96 1270  311 25  0 75  0  0
 2  0  90624 2519552   1840 468364    0    0  1280     0 1330  432 25  1 74  0  0
 2  0  90624 2519552   1840 468364    0    0  1024     0 1323  356 25  0 75  0  0
 2  0  90624 2519552   1840 468364    0    0  1280     0 1283  381 25  1 74  0  0
 2  0  90624 2519552   1840 468364    0    0  1024     0 1243  277 25  0 75  0  0
procs -----------memory---------- ---swap-- -----io---- -system-- ------cpu-----
 r  b   swpd   free   buff  cache   si   so    bi    bo   in   cs us sy id wa st
 2  0  90624 2519552   1840 468364    0    0  1280   396 1392  442 25  1 74  0  0
 2  0  90624 2519552   1840 468364    0    0  1024     0 1261  306 25  0 75  0  0
 2  0  90624 2519552   1840 468364    0    0  1280     0 1264  350 25  0 75  0  0
 2  0  90624 2519552   1840 468364    0    0  1280  3688 1440  389 25  1 74  0  0
 2  0  90624 2519552   1840 468364    0    0  1024     0 1314  366 25  1 74  0  0
 2  0  90624 2519552   1840 468364    0    0  1280    80 1409  442 25  1 74  0  0
 5  0  90624 2519552   1840 468364    0    0  1024     0 1275  391 25  1 75  0  0
 2  0  90624 2519552   1840 468364    0    0  1280     0 1295  314 25  0 75  0  0
 2  0  90624 2519552   1840 468364    0    0  1024    36 1279  382 25  1 74  0  0
 2  0  90624 2519552   1840 468364    0    0  1280     0 1300  327 25  0 75  0  0
 2  0  90624 2519552   1840 468364    0    0  1024    48 1342  407 25  1 74  0  0
 2  0  90624 2519552   1840 468364    0    0  1280     0 1239  306 25  0 75  0  0
 2  0  90624 2519552   1840 468364    0    0  1024     0 1334  393 25  1 74  0  0
 2  0  90624 2519552   1840 468364    0    0  1280     0 1345  364 25  0 75  0  0
 2  0  90624 2519552   1840 468364    0    0  1024     0 1349  375 25  0 75  0  0
 2  0  90624 2519552   1840 468364    0    0  1280    32 1302  330 25  0 75  0  0
 2  0  90624 2519552   1840 468364    0    0  1280     0 1310  388 25  1 74  0  0
 2  0  90624 2519552   1840 468364    0    0  1024     0 1283  289 25  0 75  0  0
 2  0  90624 2519552   1840 468364    0    0  1280     0 1308  401 25  1 74  0  0
 2  0  90624 2519552   1840 468364    0    0  1024     0 1333  335 25  0 75  0  0
 2  0  90624 2519552   1840 468364    0    0  1280    32 1374  425 25  1 74  0  0
procs -----------memory---------- ---swap-- -----io---- -system-- ------cpu-----
 r  b   swpd   free   buff  cache   si   so    bi    bo   in   cs us sy id wa st
 2  0  90624 2519552   1840 468364    0    0  1024     0 1250  298 25  0 75  0  0
 2  0  90624 2519552   1840 468364    0    0  1280     0 1325  397 25  1 74  0  0
 2  0  90624 2519552   1840 468364    0    0  1024     0 1335  325 25  0 75  0  0
 2  0  90624 2519552   1840 468364    0    0  1280     0 1340  395 25  1 74  0  0
 2  0  90624 2519552   1840 468364    0    0  1024    32 1287  324 25  0 75  0  0
 2  0  90624 2519552   1840 468364    0    0  1280     0 1480  495 25  1 74  0  0
 2  0  90624 2519552   1840 468364    0    0  1024     0 1296  309 25  0 75  0  0
 2  0  90624 2519552   1840 468364    0    0  1280     0 1416  482 25  1 74  0  0
 2  0  90624 2519552   1840 468364    0    0  1024     0 1236  271 25  0 75  0  0
 2  0  90624 2519552   1840 468364    0    0  1280   124 1347  403 25  0 75  0  0
 2  0  90624 2519552   1840 468364    0    0  1024     0 1280  306 25  0 75  0  0
 2  0  90624 2519552   1840 468364    0    0  1280     0 1273  372 25  0 74  0  0
 2  0  90624 2519552   1840 468364    0    0  1024     4 1300  308 25  0 75  0  0
 2  0  90624 2519552   1840 468364    0    0  1280  3556 1380  401 25  1 74  0  0
 2  0  90624 2519552   1840 468364    0    0  1280     0 1260  276 25  0 75  0  0
 2  0  90624 2519552   1840 468364    0    0  1024   608 1471  507 25  1 74  0  0
 2  0  90624 2519552   1840 468364    0    0  1280     0 1304  314 25  0 75  0  0
 2  0  90624 2519552   1840 468364    0    0  1024     0 1469  638 25  1 74  0  0
 2  0  90624 2519552   1840 468364    0    0  1280     0 1258  287 25  0 75  0  0
 3  0  90624 2519552   1840 468364    0    0  1024     0 1356  419 25  1 74  0  0
 2  0  90624 2519552   1840 468364    0    0  1280    60 1332  331 25  0 75  0  0
procs -----------memory---------- ---swap-- -----io---- -system-- ------cpu-----
 r  b   swpd   free   buff  cache   si   so    bi    bo   in   cs us sy id wa st
 2  0  90624 2519552   1840 468364    0    0  1024     0 1352  383 25  1 74  0  0
 2  0  90624 2519552   1840 468364    0    0  1280     0 1259  301 25  0 75  0  0
 2  0  90624 2519552   1840 468364    0    0  1024     0 1259  374 25  1 75  0  0
 2  0  90624 2519552   1840 468364    0    0  1280     0 1274  311 25  0 75  0  0
 2  0  90624 2519552   1840 468364    0    0  1024    52 1368  440 25  0 74  0  0
 2  0  90624 2519552   1840 468364    0    0  1280     0 1390  400 25  0 74  0  0
 2  0  90624 2519552   1840 468364    0    0  1024     0 1292  398 25  1 74  0  0
 2  0  90624 2519552   1840 468364    0    0  1280     0 1259  289 25  0 75  0  0
 2  0  90624 2519552   1840 468364    0    0  1280     0 1337  410 25  1 74  0  0
 2  0  90624 2519552   1840 468364    0    0  1024    36 1329  349 25  0 75  0  0
 2  0  90624 2519552   1840 468364    0    0  1280     0 1384  420 25  1 74  0  0
 2  0  90624 2519552   1840 468364    0    0  1024     0 1229  282 25  0 75  0  0
 2  0  90624 2519552   1840 468364    0    0  1280     0 1364  420 25  1 74  0  0
 2  0  90624 2519552   1840 468364    0    0  1024     0 1282  325 25  0 75  0  0
 2  0  90624 2519552   1840 468364    0    0  1280    32 1316  407 25  1 74  0  0
 2  0  90624 2519552   1840 468364    0    0  1024     0 1358  363 25  0 75  0  0
 2  0  90624 2519552   1840 468364    0    0  1280     0 1374  391 25  1 74  0  0
 2  0  90624 2519552   1840 468364    0    0  1024     0 1293  315 25  0 75  0  0
 2  0  90624 2519552   1840 468364    0    0  1284  3048 1360  436 25  1 74  0  0
 2  0  90624 2519552   1840 468364    0    0  1024    76 1303  350 25  0 75  0  0
 2  0  90624 2519552   1840 468364    0    0  1280     0 1335  416 25  1 74  0  0
procs -----------memory---------- ---swap-- -----io---- -system-- ------cpu-----
 r  b   swpd   free   buff  cache   si   so    bi    bo   in   cs us sy id wa st
 2  0  90624 2519552   1840 468364    0    0  1024     0 1383  375 25  1 74  0  0
 2  0  90624 2519552   1840 468364    0    0  1280     0 1297  388 25  0 74  0  0
 2  0  90624 2519552   1840 468364    0    0  1024     0 1388  410 25  0 75  0  0
 2  0  90624 2519552   1840 468364    0    0  1280   100 1406  446 25  1 74  0  0
 2  0  90624 2519552   1840 468364    0    0  1280     0 1209  281 25  0 75  0  0
 2  0  90624 2519552   1840 468364    0    0  1024     0 1365  426 25  1 74  0  0
 2  0  90624 2519552   1840 468364    0    0  1280     0 1301  324 25  0 75  0  0
 2  0  90624 2519552   1840 468364    0    0  1024     0 1318  396 25  1 74  0  0
 2  0  90624 2519552   1840 468364    0    0  1280   836 1365  371 25  0 74  0  0
 2  0  90624 2519552   1840 468364    0    0  1024     0 1406  473 25  0 75  0  0
 2  0  90624 2519552   1840 468364    0    0  1280     0 1381  428 26  1 74  0  0
 2  0  90624 2519552   1840 468364    0    0  1024    48 1310  393 25  0 74  0  0
 2  0  90624 2519552   1840 468364    0    0  1280     0 1237  286 25  0 75  0  0
 2  0  90624 2519552   1840 468364    0    0  1024    52 1345  416 25  0 74  0  0
 2  0  90624 2519552   1840 468364    0    0  1280     0 1257  314 25  0 75  0  0
 2  0  90624 2519552   1840 468364    0    0  1024     0 1341  409 25  1 74  0  0
 2  0  90624 2519552   1840 468364    0    0  1280     0 1276  300 25  0 75  0  0
 2  0  90624 2519552   1840 468364    0    0  1024     0 1333  402 25  1 74  0  0
 2  0  90624 2519552   1840 468364    0    0  1280  2456 1408  362 25  0 75  0  0
 2  0  90624 2519552   1840 468364    0    0  1024    76 1394  447 25  1 74  0  0
 2  0  90624 2519552   1840 468364    0    0  1280     0 1246  283 25  0 75  0  0
procs -----------memory---------- ---swap-- -----io---- -system-- ------cpu-----
 r  b   swpd   free   buff  cache   si   so    bi    bo   in   cs us sy id wa st
 2  0  90624 2519552   1840 468364    0    0  1280     0 1343  399 25  1 74  0  0
 2  0  90624 2519552   1840 468364    0    0  1024     0 1281  298 25  0 75  0  0
 2  0  90624 2519552   1840 468364    0    0  1280     0 1323  402 25  1 75  0  0
 2  0  90624 2519552   1840 468364    0    0  1024    48 1217  290 25  0 75  0  0
 2  0  90624 2519552   1840 468364    0    0  1280    12 1443  460 25  1 74  0  0
 2  0  90624 2519552   1840 468364    0    0  1024     0 1217  276 25  0 75  0  0
 3  0  90624 2519552   1840 468364    0    0  1280     0 1348  413 25  0 74  0  0
 2  0  90624 2519552   1840 468364    0    0  1024     0 1302  316 25  0 75  0  0
 2  0  90624 2519552   1840 468364    0    0  1280    44 1315  392 25  1 74  0  0
 2  0  90624 2519552   1840 468364    0    0  1024     0 1252  312 25  0 75  0  0
 2  0  90624 2519552   1840 468364    0    0  1280    16 1438  471 25  1 74  0  0
 2  0  90624 2519552   1840 468364    0    0  1024     0 1212  265 25  0 75  0  0
 2  0  90624 2519552   1840 468364    0    0  1280     0 1299  408 25  0 75  0  0
 2  0  90624 2519552   1840 468364    0    0  1024    80 1335  349 25  0 75  0  0
 2  0  90624 2519552   1840 468364    0    0  1280     0 1325  399 25  1 74  0  0
 2  0  90624 2519552   1840 468364    0    0  1280     0 1261  310 25  0 75  0  0
 2  0  90624 2519552   1840 468364    0    0  1024     0 1496  646 25  1 74  0  0
 2  0  90624 2519552   1840 468364    0    0  1280     0 1302  332 25  0 75  0  0
 2  0  90624 2519552   1840 468364    0    0  1024  2532 1416  434 25  1 74  0  0
 2  0  90624 2519552   1840 468364    0    0  1280   840 1483  470 25  1 74  0  0
 2  0  90624 2519552   1840 468364    0    0  1024     0 1342  405 25  0 74  0  0
procs -----------memory---------- ---swap-- -----io---- -system-- ------cpu-----
 r  b   swpd   free   buff  cache   si   so    bi    bo   in   cs us sy id wa st
 2  0  90624 2519552   1840 468364    0    0  1280     0 1338  352 25  0 75  0  0
 2  0  90624 2519552   1840 468364    0    0  1024     0 1364  448 25  1 74  0  0
 2  0  90624 2519552   1840 468364    0    0  1280    52 1232  295 25  0 75  0  0
 2  0  90624 2519552   1840 468364    0    0  1024     0 1329  401 25  0 74  0  0
 2  0  90624 2519552   1840 468364    0    0  1280   128 1317  358 25  0 75  0  0
 2  0  90624 2519552   1840 468364    0    0  1024     0 1292  370 25  1 75  0  0
 2  0  90624 2519552   1840 468364    0    0  1280     0 1304  317 25  0 75  0  0
 2  0  90624 2519552   1840 468364    0    0  1024     0 1362  397 25  1 74  0  0
 2  0  90624 2519552   1840 468364    0    0  1280     0 1409  378 25  0 74  0  0
 2  0  90624 2519552   1840 468364    0    0  1024    32 1353  417 25  1 74  0  0
 2  0  90624 2519552   1840 468364    0    0  1280    16 1349  357 25  0 75  0  0
 2  0  90624 2519552   1840 468364    0    0  1024     0 1370  485 25  1 74  0  0
 2  0  90624 2519552   1840 468364    0    0  1280     0 1401  378 25  0 75  0  0
 3  0  90624 2519552   1840 468364    0    0  1280     0 1419  502 26  1 74  0  0
 2  0  90624 2519552   1840 468364    0    0  1024    48 1309  306 25  0 75  0  0
 2  0  90624 2519552   1840 468364    0    0  1280     0 1283  396 25  0 75  0  0
 2  0  90624 2519552   1840 468364    0    0  1024    12 1294  299 25  0 75  0  0
 2  0  90624 2519552   1840 468364    0    0  1280     0 1438  444 25  1 74  0  0
 2  0  90624 2519552   1840 468364    0    0  1024  2460 1474  434 25  1 74  0  0
 2  0  90624 2519552   1840 468364    0    0  1280    64 1311  410 25  0 74  0  0
 2  0  90624 2519552   1840 468364    0    0  1024     0 1327  353 25  0 75  0  0
procs -----------memory---------- ---swap-- -----io---- -system-- ------cpu-----
 r  b   swpd   free   buff  cache   si   so    bi    bo   in   cs us sy id wa st
 2  0  90624 2519552   1840 468364    0    0  1280     0 1349  423 25  1 74  0  0
 2  0  90624 2519552   1840 468364    0    0  1024     0 1212  273 25  0 75  0  0
 2  0  90624 2519552   1840 468364    0    0  1280    88 1393  454 25  1 74  0  0
 2  0  90624 2519552   1840 468364    0    0  1024    44 1298  318 25  0 75  0  0
 2  0  90624 2519552   1840 468364    0    0  1280     0 1368  428 25  1 74  0  0
 2  0  90624 2519552   1840 468364    0    0  1024     0 1309  335 25  0 75  0  0
 2  0  90624 2519552   1840 468364    0    0  1280     0 1395  429 25  1 74  0  0
 2  0  90624 2519552   1840 468364    0    0  1280     0 1346  362 25  1 75  0  0
 2  0  90624 2519552   1840 468364    0    0  1024   860 1499  488 25  1 74  0  0
 2  0  90624 2519552   1840 468364    0    0  1280     0 1290  276 25  0 75  0  0
 2  0  90624 2519552   1840 468364    0    0  1024     0 1362  405 25  1 74  0  0
 2  0  90624 2519552   1840 468364    0    0  1280     0 1277  329 25  0 75  0  0
 2  0  90624 2519552   1840 468364    0    0  1024     0 1301  397 25  1 74  0  0
 2  0  90624 2519552   1840 468364    0    0  1280     0 1257  296 25  0 75  0  0
 2  0  90624 2519552   1840 468364    0    0  1024    36 1333  415 25  1 74  0  0
 2  0  90624 2519552   1840 468364    0    0  1280    12 1392  383 25  1 75  0  0
 2  0  90624 2519552   1840 468364    0    0  1024     0 1308  370 25  0 75  0  0
 2  0  90624 2519552   1840 468364    0    0  1280     4 1302  300 25  0 75  0  0
 2  0  90624 2519552   1840 468364    0    0  1024     0 1431  437 25  0 75  0  0
 3  0  90624 2519552   1840 468364    0    0  1280    44 1279  307 25  0 75  0  0
 2  0  90624 2519552   1840 468364    0    0  1024     0 1339  404 25  1 74  0  0
procs -----------memory---------- ---swap-- -----io---- -system-- ------cpu-----
 r  b   swpd   free   buff  cache   si   so    bi    bo   in   cs us sy id wa st
 2  0  90624 2519552   1840 468364    0    0  1280     0 1311  322 25  0 75  0  0
 2  0  90624 2519552   1840 468364    0    0  1024     0 1311  403 25  0 74  0  0
 2  0  90624 2519552   1840 468364    0    0  1280    16 1267  294 25  0 75  0  0
 2  0  90624 2519552   1840 468364    0    0  1280    48 1339  409 25  1 74  0  0
 2  0  90624 2519552   1840 468364    0    0  1024     0 1385  345 25  0 75  0  0
 2  0  90624 2519552   1840 468364    0    0  1280     0 1347  387 25  0 74  0  0
 2  0  90624 2519552   1840 468364    0    0  1024     0 1318  322 25  0 75  0  0
 2  0  90624 2519552   1840 468364    0    0  1280  3620 1423  446 25  1 74  0  0
 2  0  90624 2519552   1840 468364    0    0  1024    72 1309  349 25  0 75  0  0
 2  0  90624 2519552   1840 468364    0    0  1280     0 1332  418 25  1 74  0  0
 2  0  90624 2519552   1840 468364    0    0  1024     0 1251  288 25  0 75  0  0
 2  0  90624 2519552   1840 468364    0    0  1280    16 1319  406 25  1 74  0  0
 2  0  90624 2519552   1840 468364    0    0  1024     0 1322  304 25  0 75  0  0
 2  0  90624 2519552   1840 468364    0    0  1280    92 1389  433 25  1 74  0  0
 2  0  90624 2519552   1840 468364    0    0  1024     0 1434  588 25  0 75  0  0
 2  0  90624 2519552   1840 468364    0    0  1280     0 1358  391 25  1 74  0  0
 2  0  90624 2519552   1840 468364    0    0  1024     0 1246  307 25  0 75  0  0
 2  0  90624 2519552   1840 468364    0    0  1280     0 1300  378 25  1 75  0  0
 2  0  90624 2519552   1840 468364    0    0  1024    32 1332  354 25  0 74  0  0
 2  1  90624 2519552   1840 468364    0    0  1280   704 1467  449 25  1 74  0  0
 2  0  90624 2519552   1840 468364    0    0  1024   204 1322  378 25  0 74  0  0
procs -----------memory---------- ---swap-- -----io---- -system-- ------cpu-----
 r  b   swpd   free   buff  cache   si   so    bi    bo   in   cs us sy id wa st
 2  0  90624 2519552   1840 468364    0    0  1280     0 1358  432 25  1 74  0  0
 2  0  90624 2519552   1840 468364    0    0  1280     0 1281  305 25  0 75  0  0
 2  0  90624 2519552   1840 468364    0    0  1024     0 1317  402 25  1 74  0  0
 2  0  90624 2519552   1840 468364    0    0  1280     0 1317  338 25  0 74  0  0
 2  0  90624 2519552   1840 468364    0    0  1024    52 1332  398 25  1 75  0  0
 2  0  90624 2519552   1840 468364    0    0  1280     0 1312  330 25  0 75  0  0
 2  0  90624 2519552   1840 468364    0    0  1024     0 1265  361 25  0 75  0  0
 2  0  90624 2519552   1840 468364    0    0  1280     0 1241  305 25  0 75  0  0
 2  0  90624 2519552   1840 468364    0    0  1024     0 1277  391 25  0 75  0  0
 2  0  90624 2519552   1840 468364    0    0  1280    48 1326  366 25  0 75  0  0
 2  0  90624 2519552   1840 468364    0    0  1024     8 1287  375 25  0 74  0  0
 2  0  90624 2519552   1840 468364    0    0  1280     0 1262  297 25  0 75  0  0
 2  0  90624 2519552   1840 468364    0    0  1024     0 1324  408 25  1 74  0  0
 2  0  90624 2519552   1840 468364    0    0  1280     0 1297  352 25  0 75  0  0
 2  0  90624 2519552   1840 468364    0    0  1024    32 1316  401 25  1 75  0  0
 2  0  90624 2519552   1840 468364    0    0  1280     0 1333  347 25  1 74  0  0
 2  0  90624 2519552   1840 468364    0    0  1280    16 1317  412 25  1 74  0  0
 2  0  90624 2519552   1840 468364    0    0  1024  3680 1315  372 25  0 75  0  0
 2  0  90624 2519552   1840 468364    0    0  1280     0 1328  402 25  1 74  0  0
 2  0  90624 2519552   1840 468364    0    0  1024    84 1318  348 25  0 75  0  0
 2  0  90624 2519552   1840 468364    0    0  1280     0 1294  397 25  1 74  0  0
procs -----------memory---------- ---swap-- -----io---- -system-- ------cpu-----
 r  b   swpd   free   buff  cache   si   so    bi    bo   in   cs us sy id wa st
 2  0  90624 2519552   1840 468364    0    0  1024     0 1244  283 25  0 75  0  0
 2  0  90624 2519552   1840 468364    0    0  1280     8 1314  391 25  1 74  0  0
 2  0  90624 2519552   1840 468364    0    0  1024    56 1236  315 25  0 75  0  0
 2  0  90624 2519552   1840 468364    0    0  1280    32 1285  398 25  1 74  0  0
 2  0  90624 2519552   1840 468364    0    0  1024     0 1318  338 25  0 75  0  0
 2  0  90624 2519552   1840 468364    0    0  1280     0 1466  475 25  1 74  0  0
 2  0  90624 2519552   1840 468364    0    0  1024     0 1237  279 25  0 75  0  0
 2  0  90624 2519552   1840 468364    0    0  1284    16 1347  431 25  0 75  0  0
 3  0  90624 2519552   1840 468364    0    0  1024    48 1371  365 25  0 74  0  0
 2  0  90624 2519552   1840 468364    0    0  1280   668 1532  532 25  1 74  0  0
 2  0  90624 2519552   1840 468364    0    0  1024     0 1287  291 25  0 75  0  0
 2  0  90624 2519552   1840 468364    0    0  1280     0 1355  431 25  1 74  0  0
 2  0  90624 2519552   1840 468364    0    0  1280     0 1311  328 25  0 75  0  0
 2  0  90624 2519552   1840 468364    0    0  1024    76 1400  456 25  1 74  0  0
 2  0  90624 2519552   1840 468364    0    0  1280     4 1284  301 25  0 75  0  0
 2  0  90624 2519552   1840 468364    0    0  1024     0 1279  383 25  1 74  0  0
 2  0  90624 2519552   1840 468364    0    0  1280     0 1244  297 25  0 75  0  0
 2  0  90624 2519552   1840 468364    0    0  1024     0 1339  403 25  1 74  0  0
 2  0  90624 2519552   1840 468364    0    0  1280    32 1221  290 25  0 75  0  0
 2  0  90624 2519552   1840 468364    0    0  1024     0 1291  402 25  1 75  0  0
 2  0  90624 2519552   1840 468364    0    0  1280     0 1335  345 25  1 74  0  0
procs -----------memory---------- ---swap-- -----io---- -system-- ------cpu-----
 r  b   swpd   free   buff  cache   si   so    bi    bo   in   cs us sy id wa st
 2  0  90624 2519552   1840 468364    0    0  1024     0 1394  443 25  1 74  0  0
 2  0  90624 2519552   1840 468364    0    0  1280    12 1250  311 25  0 75  0  0
 2  0  90624 2519552   1840 468364    0    0  1024    44 1277  385 25  0 75  0  0
 2  0  90624 2519552   1840 468364    0    0  1280     0 1258  309 25  0 75  0  0
 2  0  90624 2519552   1840 468364    0    0  1024     0 1324  404 25  1 74  0  0
 2  0  90624 2519552   1840 468364    0    0  1280     0 1286  321 25  1 75  0  0
 2  0  90624 2519552   1840 468364    0    0  1024  3620 1325  392 25  0 75  0  0
 2  0  90624 2519552   1840 468364    0    0  1280     0 1232  302 25  0 75  0  0
 2  0  90624 2519552   1840 468364    0    0  1280    64 1299  397 25  1 74  0  0
 2  0  90624 2519552   1840 468364    0    0  1024    12 1238  290 25  0 75  0  0
 2  0  90624 2519552   1840 468364    0    0  1280     0 1277  393 25  1 75  0  0
 2  0  90624 2519552   1840 468364    0    0  1024     0 1230  310 25  0 75  0  0
 2  0  90624 2519552   1840 468364    0    0  1280     0 1427  643 25  1 74  0  0
 2  0  90624 2519552   1840 468364    0    0  1024   120 1319  365 25  0 75  0  0
 2  0  90624 2519552   1840 468364    0    0  1280     0 1336  400 25  1 74  0  0
 2  0  90624 2519552   1840 468364    0    0  1024     0 1251  299 25  0 75  0  0
 2  0  90624 2519552   1840 468364    0    0  1280     0 1325  418 25  1 74  0  0
 2  0  90624 2519552   1840 468364    0    0  1024     0 1222  284 25  0 75  0  0
 2  0  90624 2519552   1840 468364    0    0  1280    56 1310  405 25  1 74  0  0
 2  0  90624 2519552   1840 468364    0    0  1024     0 1256  291 25  0 75  0  0
 2  0  90624 2519552   1840 468364    0    0  1280   520 1453  464 25  0 74  0  0
procs -----------memory---------- ---swap-- -----io---- -system-- ------cpu-----
 r  b   swpd   free   buff  cache   si   so    bi    bo   in   cs us sy id wa st
 2  0  90624 2519552   1840 468364    0    0  1024     0 1375  375 25  0 75  0  0
 2  0  90624 2519552   1840 468364    0    0  1280     0 1347  393 25  1 74  0  0
 2  0  90624 2519552   1840 468364    0    0  1024    36 1286  308 25  0 75  0  0
 2  0  90624 2519552   1840 468364    0    0  1280     0 1282  378 25  1 75  0  0
 2  0  90624 2519552   1840 468364    0    0  1284    16 1312  320 25  0 75  0  0
 2  0  90624 2519552   1840 468364    0    0  1024     0 1394  458 25  0 74  0  0
 2  0  90624 2519552   1840 468364    0    0  1280     0 1297  328 25  0 75  0  0
 2  0  90624 2519552   1840 468364    0    0  1024    48 1381  442 25  1 74  0  0
 2  0  90624 2519552   1840 468364    0    0  1280     0 1305  324 25  0 75  0  0
 2  0  90624 2519552   1840 468364    0    0  1024     0 1305  377 25  1 74  0  0
 2  0  90624 2519552   1840 468364    0    0  1280    16 1318  339 25  0 75  0  0
 2  0  90624 2519552   1840 468364    0    0  1024     0 1314  377 25  1 74  0  0
 2  0  90624 2519552   1840 468364    0    0  1280    48 1430  414 25  0 74  0  0
 2  0  90624 2519552   1840 468364    0    0  1024     0 1337  407 25  1 74  0  0
 2  0  90624 2519552   1840 468364    0    0  1280     0 1405  406 25  0 75  0  0
 2  0  90624 2519552   1840 468364    0    0  1024     0 1297  380 25  1 74  0  0
 2  0  90624 2519552   1840 468364    0    0  1280  3636 1285  316 25  0 75  0  0
 2  0  90624 2519552   1840 468364    0    0  1024    76 1401  426 25  1 74  0  0
 2  0  90624 2519552   1840 468364    0    0  1280     0 1339  373 25  0 75  0  0
 2  0  90624 2519552   1840 468364    0    0  1024     0 1304  387 25  1 74  0  0
 2  0  90624 2519552   1840 468364    0    0  1280     0 1248  304 25  0 75  0  0
procs -----------memory---------- ---swap-- -----io---- -system-- ------cpu-----
 r  b   swpd   free   buff  cache   si   so    bi    bo   in   cs us sy id wa st
 2  0  90624 2519552   1840 468364    0    0  1024     0 1290  366 25  0 75  0  0
 2  0  90624 2519552   1840 468364    0    0  1280    12 1286  325 25  0 74  0  0
 2  0  90624 2519552   1840 468364    0    0  1280    44 1421  467 25  0 75  0  0
 2  0  90624 2519552   1840 468364    0    0  1024     0 1294  305 25  0 75  0  0
 2  0  90624 2519552   1840 468364    0    0  1280     0 1359  435 25  1 74  0  0
 2  0  90624 2519552   1840 468364    0    0  1024     0 1264  296 25  0 75  0  0
 2  0  90624 2519552   1840 468364    0    0  1280     0 1390  441 25  1 74  0  0
 2  0  90624 2519552   1840 468364    0    0  1024   104 1275  289 25  0 75  0  0
 2  0  90624 2519552   1840 468364    0    0  1280     0 1390  430 25  1 74  0  0
 2  0  90624 2519552   1840 468364    0    0  1024   684 1404  366 25  1 75  0  0
 2  0  90624 2519552   1840 468364    0    0  1280     0 1305  374 25  0 74  0  0
 2  0  90624 2519552   1840 468364    0    0  1024     0 1238  282 25  1 75  0  0
 2  0  90624 2519552   1840 468364    0    0  1280    52 1353  427 25  1 74  0  0
 2  0  90624 2519552   1840 468364    0    0  1024     0 1314  320 25  0 75  0  0
 2  0  90624 2519552   1840 468364    0    0  1280     0 1374  424 25  1 74  0  0
 2  0  90624 2519552   1840 468364    0    0  1024     0 1249  313 25  0 75  0  0
 2  0  90624 2519552   1840 468364    0    0  1280     0 1315  386 25  1 74  0  0
 2  0  90624 2519552   1840 468364    0    0  1280    32 1286  302 25  0 75  0  0
 2  0  90624 2519552   1840 468364    0    0  1024     0 1300  397 25  1 75  0  0
 2  0  90624 2519552   1840 468364    0    0  1280     0 1408  392 25  0 74  0  0
 2  0  90624 2519552   1840 468364    0    0  1024   352 1368  416 25  1 74  0  0
procs -----------memory---------- ---swap-- -----io---- -system-- ------cpu-----
 r  b   swpd   free   buff  cache   si   so    bi    bo   in   cs us sy id wa st
 2  0  90624 2519552   1840 468364    0    0  1280     0 1293  314 25  0 75  0  0
 2  0  90624 2519552   1840 468364    0    0  1024    40 1286  377 25  1 74  0  0
 2  0  90624 2519552   1840 468364    0    0  1280     0 1249  296 25  0 75  0  0
 2  0  90624 2519552   1840 468364    0    0  1024     0 1331  413 25  1 74  0  0
 2  0  90624 2519552   1840 468364    0    0  1280     0 1341  348 25  0 75  0  0
 2  0  90624 2519552   1840 468364    0    0  1024  3624 1318  383 25  1 74  0  0
 2  0  90624 2519552   1840 468364    0    0  1280    72 1302  317 25  0 75  0  0
 2  0  90624 2519552   1840 468364    0    0  1024     0 1345  423 25  0 74  0  0
 2  0  90624 2519552   1840 468364    0    0  1280     0 1382  361 25  0 75  0  0
 2  0  90624 2519552   1840 468364    0    0  1024     0 1289  379 25  1 74  0  0
 2  0  90624 2519552   1840 468364    0    0  1280     0 1256  312 25  0 75  0  0
 2  0  90624 2519552   1840 468364    0    0  1024    32 1502  662 25  0 75  0  0
 2  0  90624 2519552   1840 468364    0    0  1280     0 1336  309 25  1 75  0  0
 2  0  90624 2519552   1840 468364    0    0  1024     0 1334  381 25  0 74  0  0
 2  0  90624 2519552   1840 468364    0    0  1280     0 1355  346 25  0 75  0  0
 3  0  90624 2519552   1840 468364    0    0  1280     0 1341  390 25  1 74  0  0
 2  0  90624 2519552   1840 468364    0    0  1024    32 1369  370 25  0 74  0  0
 2  0  90624 2519552   1840 468364    0    0  1280     0 1356  407 25  1 75  0  0
 2  0  90624 2519552   1840 468364    0    0  1024     0 1345  351 25  1 75  0  0
 2  0  90624 2519552   1840 468364    0    0  1280     0 1438  466 25  1 74  0  0
 2  0  90624 2519552   1840 468364    0    0  1024    44 1294  308 25  0 75  0  0
procs -----------memory---------- ---swap-- -----io---- -system-- ------cpu-----
 r  b   swpd   free   buff  cache   si   so    bi    bo   in   cs us sy id wa st
 3  0  90624 2519552   1840 468364    0    0  1280    44 1401  432 25  1 74  0  0
 2  0  90624 2519552   1840 468364    0    0  1024    76 1271  297 25  0 75  0  0
 2  0  90624 2519552   1840 468364    0    0  1280     0 1334  420 25  1 74  0  0
 2  0  90624 2519552   1840 468364    0    0  1024     0 1305  315 25  0 75  0  0
 2  0  90624 2519552   1840 468364    0    0  1280     0 1319  390 25  1 74  0  0
 2  0  90624 2519552   1840 468364    0    0  1024  2404 1276  304 25  0 75  0  0
 2  0  90624 2519552   1840 468364    0    0  1280    64 1390  432 25  1 74  0  0
 2  0  90624 2519552   1840 468364    0    0  1024     0 1284  339 25  0 75  0  0
 2  0  90624 2519552   1840 468364    0    0  1280     0 1395  439 25  1 74  0  0
 2  0  90624 2519552   1840 468364    0    0  1024     0 1434  408 25  1 74  0  0
 2  0  90624 2519552   1840 468364    0    0  1280   892 1527  487 25  1 74  0  0
 2  0  90624 2519552   1840 468364    0    0  1280    56 1306  326 25  0 75  0  0
 2  0  90624 2519552   1840 468364    0    0  1024     0 1369  460 25  1 75  0  0
 2  0  90624 2519552   1840 468364    0    0  1280     0 1319  335 25  0 74  0  0
 2  0  90624 2519552   1840 468364    0    0  1024     8 1321  384 25  1 75  0  0
 2  0  90624 2519552   1840 468364    0    0  1280     0 1385  369 25  0 75  0  0
 2  0  90624 2519552   1840 468364    0    0  1024    32 1342  397 25  1 74  0  0
 2  0  90624 2519552   1840 468364    0    0  1280     0 1280  315 25  0 75  0  0
 2  0  90624 2519552   1840 468364    0    0  1024     0 1332  403 25  0 74  0  0
 2  0  90624 2519552   1840 468364    0    0  1280     0 1404  402 25  0 75  0  0
 2  0  90624 2519552   1840 468364    0    0  1024     0 1316  370 25  0 74  0  0
procs -----------memory---------- ---swap-- -----io---- -system-- ------cpu-----
 r  b   swpd   free   buff  cache   si   so    bi    bo   in   cs us sy id wa st
 2  0  90624 2519552   1840 468364    0    0  1280    32 1326  336 25  0 74  0  0
 2  0  90624 2519552   1840 468364    0    0  1024     0 1347  398 25  1 74  0  0
 2  0  90624 2519552   1840 468364    0    0  1280     0 1318  360 25  1 75  0  0
 2  0  90624 2519552   1840 468364    0    0  1024     0 1321  382 25  0 74  0  0
 2  0  90624 2519552   1840 468364    0    0  1280     0 1293  311 25  1 75  0  0
 2  0  90624 2519552   1840 468364    0    0  1024    36 1362  426 25  1 74  0  0
 2  0  90624 2519552   1840 468364    0    0  1280     0 1319  354 25  0 75  0  0
 2  0  90624 2519552   1840 468364    0    0  1024     0 1308  382 25  1 75  0  0
 2  0  90624 2519552   1840 468364    0    0  1280    40 1290  323 25  0 75  0  0
 2  0  90624 2519552   1840 468364    0    0  1280     0 1418  442 25  1 74  0  0
 2  0  90624 2519552   1840 468364    0    0  1024    48 1250  298 25  0 75  0  0
 2  0  90624 2519552   1840 468364    0    0  1280     0 1335  406 25  1 74  0  0
 2  0  90624 2519552   1840 468364    0    0  1024     0 1367  369 25  0 75  0  0
 2  0  90624 2519552   1840 468364    0    0  1280     0 1438  484 25  1 74  0  0
 2  0  90624 2519552   1840 468364    0    0  1024  3616 1306  313 25  0 75  0  0
 2  0  90624 2519552   1840 468364    0    0  1280   152 1343  407 25  1 74  0  0
 2  0  90624 2519552   1840 468364    0    0  1024     0 1262  293 25  0 75  0  0
 2  0  90624 2519552   1840 468364    0    0  1280     0 1347  416 25  0 75  0  0
 2  0  90624 2519552   1840 468364    0    0  1024     4 1233  277 25  0 75  0  0
 3  0  90624 2519552   1840 468364    0    0  1280     8 1327  384 25  1 74  0  0
 2  0  90624 2519552   1840 468364    0    0  1024     0 1235  273 25  0 75  0  0
procs -----------memory---------- ---swap-- -----io---- -system-- ------cpu-----
 r  b   swpd   free   buff  cache   si   so    bi    bo   in   cs us sy id wa st
 2  0  90624 2519552   1840 468364    0    0  1280    48 1382  446 25  1 74  0  0
 2  0  90624 2519552   1840 468364    0    0  1024   764 1504  424 25  0 74  0  0
 2  0  90624 2519552   1840 468364    0    0  1280     4 1386  418 25  1 74  0  0
 2  0  90624 2519552   1840 468364    0    0  1280     0 1259  286 25  0 75  0  0
 2  0  90624 2519552   1840 468364    0    0  1024     0 1345  393 25  1 74  0  0
 2  0  90624 2519552   1840 468364    0    0  1280    36 1269  324 25  0 75  0  0
 2  0  90624 2519552   1840 468364    0    0  1024     0 1518  499 25  1 74  0  0
 2  0  90624 2519552   1840 468364    0    0  1280     0 1265  331 25  0 75  0  0
 2  0  90624 2519552   1840 468364    0    0  1024     0 1348  384 25  1 74  0  0
 2  0  90624 2519552   1840 468364    0    0  1280     0 1447  593 26  0 74  0  0
 2  0  90624 2519552   1840 468364    0    0  1024    32 1408  439 25  1 74  0  0
 2  0  90624 2519552   1840 468364    0    0  1280     0 1292  323 25  0 75  0  0
 2  0  90624 2519552   1840 468364    0    0  1024     0 1316  397 25  1 74  0  0
 2  0  90624 2519552   1840 468364    0    0  1280     0 1287  305 25  0 75  0  0
 2  0  90624 2519552   1840 468364    0    0  1024     0 1346  374 25  1 74  0  0
 2  0  90624 2519552   1840 468364    0    0  1280    32 1249  309 25  0 74  0  0
 2  0  90624 2519552   1840 468364    0    0  1024     0 1303  391 25  1 75  0  0
 2  0  90624 2519552   1840 468364    0    0  1280     0 1304  336 25  0 74  0  0
 2  0  90624 2519552   1840 468364    0    0  1024    44 1343  388 25  1 74  0  0
 2  0  90624 2519552   1840 468364    0    0  1280     0 1290  309 25  0 75  0  0
 2  0  90624 2519552   1840 468364    0    0  1280    48 1351  402 25  1 74  0  0
procs -----------memory---------- ---swap-- -----io---- -system-- ------cpu-----
 r  b   swpd   free   buff  cache   si   so    bi    bo   in   cs us sy id wa st
 2  0  90624 2519552   1840 468364    0    0  1024     0 1269  295 25  0 75  0  0
 2  0  90624 2519552   1840 468364    0    0  1280     0 1329  367 25  0 75  0  0
 2  0  90624 2519552   1840 468364    0    0  1024     0 1223  274 25  0 74  0  0
 2  0  90624 2519552   1840 468364    0    0  1280  3360 1349  432 25  0 75  0  0
 2  0  90624 2519552   1840 468364    0    0  1024    44 1349  343 25  0 75  0  0
 2  0  90624 2519552   1840 468364    0    0  1280     0 1344  384 25  1 74  0  0
 2  0  90624 2519552   1840 468364    0    0  1024     0 1338  335 25  0 74  0  0
 2  0  90624 2519552   1840 468364    0    0  1280     0 1321  383 25  1 75  0  0
 2  0  90624 2519552   1840 468364    0    0  1024   296 1265  299 25  0 75  0  0
 2  0  90624 2519552   1840 468364    0    0  1280    84 1380  466 25  1 74  0  0
 2  0  90624 2519552   1840 468364    0    0  1024     0 1344  339 25  0 75  0  0
 2  0  90624 2519552   1840 468364    0    0  1280   592 1498  517 25  1 74  0  0
 2  0  90624 2519552   1840 468364    0    0  1024     0 1241  306 25  0 75  0  0
 2  0  90624 2519552   1840 468364    0    0  1280     0 1342  400 25  0 75  0  0
 2  0  90624 2519552   1840 468364    0    0  1024     0 1442  436 25  1 74  0  0
 2  0  90624 2519552   1840 468364    0    0  1280    40 1339  397 25  0 74  0  0
 2  0  90624 2519552   1840 468364    0    0  1024     4 1402  415 26  1 74  0  0
 2  0  90624 2519552   1840 468364    0    0  1280     0 1321  397 25  0 74  0  0
 2  0  90624 2519552   1840 468364    0    0  1280     0 1341  320 25  1 75  0  0
 2  0  90624 2519552   1840 468364    0    0  1024     0 1396  455 25  0 74  0  0
 2  0  90624 2519552   1840 468364    0    0  1280    32 1337  371 25  0 75  0  0
procs -----------memory---------- ---swap-- -----io---- -system-- ------cpu-----
 r  b   swpd   free   buff  cache   si   so    bi    bo   in   cs us sy id wa st
 2  0  90624 2519552   1840 468364    0    0  1024     0 1325  415 25  1 74  0  0
 2  0  90624 2519552   1840 468364    0    0  1280     0 1219  282 25  0 75  0  0
 2  0  90624 2519552   1840 468364    0    0  1024     0 1484  517 25  1 74  0  0
 2  0  90624 2519552   1840 468364    0    0  1280     0 1284  328 25  1 75  0  0
 2  0  90624 2519552   1840 468364    0    0  1024    36 1374  436 25  1 74  0  0
 2  0  90624 2519552   1840 468364    0    0  1280     8 1214  286 25  0 75  0  0
 2  0  90624 2519552   1840 468364    0    0  1024     0 1449  461 25  1 74  0  0
 2  0  90624 2519552   1840 468364    0    0  1280     0 1245  310 25  0 75  0  0
 2  0  90624 2519552   1840 468364    0    0  1024    44 1369  426 25  1 74  0  0
 2  0  90624 2519552   1840 468364    0    0  1280    48 1279  322 25  0 75  0  0
 2  0  90624 2519552   1840 468364    0    0  1024     0 1332  389 25  0 74  0  0
 2  0  90624 2519552   1840 468364    0    0  1280     0 1255  295 25  0 75  0  0
 2  0  90624 2519552   1840 468364    0    0  1024     0 1348  394 25  1 75  0  0
 2  0  90624 2519552   1840 468364    0    0  1280  3304 1344  369 25  0 75  0  0
 2  0  90624 2519552   1840 468364    0    0  1024    52 1417  447 25  1 74  0  0
 2  0  90624 2519552   1840 468364    0    0  1280     0 1247  292 25  0 75  0  0
 2  0  90624 2519552   1840 468364    0    0  1280     0 1298  375 25  0 74  0  0
 2  0  90624 2519552   1840 468364    0    0  1024     0 1240  290 25  0 75  0  0
 2  0  90624 2519552   1840 468364    0    0  1280   260 1345  430 25  1 74  0  0
 2  0  90624 2519552   1840 468364    0    0  1024    92 1325  325 25  0 75  0  0
 2  0  90624 2519552   1840 468364    0    0  1280     0 1419  441 25  0 74  0  0
procs -----------memory---------- ---swap-- -----io---- -system-- ------cpu-----
 r  b   swpd   free   buff  cache   si   so    bi    bo   in   cs us sy id wa st
 2  0  90624 2519552   1840 468364    0    0  1024     0 1211  265 25  0 75  0  0
 2  0  90624 2519552   1840 468364    0    0  1280   984 1493  562 25  1 74  0  0
 2  0  90624 2519552   1840 468364    0    0  1024     0 1262  304 25  0 75  0  0
 2  0  90624 2519552   1840 468364    0    0  1280    36 1318  406 25  1 74  0  0
 2  0  90624 2519552   1840 468364    0    0  1024     0 1218  296 25  0 75  0  0
 2  0  90624 2519552   1840 468364    0    0  1280     0 1311  394 25  1 74  0  0
 2  0  90624 2519552   1840 468364    0    0  1024     0 1238  287 25  0 75  0  0
 2  0  90624 2519552   1840 468364    0    0  1280     0 1325  387 25  1 74  0  0
 2  0  90624 2519552   1840 468364    0    0  1024    32 1415  571 25  0 75  0  0
 2  0  90624 2519552   1840 468364    0    0  1280     0 1388  449 25  0 74  0  0
 2  0  90624 2519552   1840 468364    0    0  1024   108 1335  382 25  0 75  0  0
 2  0  90624 2519552   1840 468364    0    0  1280     0 1407  418 26  1 73  0  0
 2  0  90624 2519552   1840 468364    0    0  1280     0 1253  308 25  0 75  0  0
 2  0  90624 2519552   1840 468364    0    0  1024     0 1317  381 25  1 74  0  0
 2  0  90624 2519552   1840 468364    0    0  1280     0 1378  359 25  0 75  0  0
 2  0  90624 2519552   1840 468364    0    0  1024    32 1352  408 25  1 74  0  0
 2  0  90624 2519552   1840 468364    0    0  1280     0 1288  329 25  0 75  0  0
 2  0  90624 2519552   1840 468364    0    0  1024   416 1506  510 25  1 74  0  0
 2  0  90624 2519552   1840 468364    0    0  1312    36 1447  415 25  0 74  0  0
 2  0  90624 2519552   1840 468364    0    0  1024     0 1376  529 26  1 73  0  0
 2  0  90624 2519552   1840 468364    0    0  1280    52 1287  317 25  0 75  0  0
procs -----------memory---------- ---swap-- -----io---- -system-- ------cpu-----
 r  b   swpd   free   buff  cache   si   so    bi    bo   in   cs us sy id wa st
 2  0  90624 2519552   1840 468364    0    0  1024     0 1313  412 25  0 75  0  0
