procs -----------memory---------- ---swap-- -----io---- -system-- ------cpu-----
 r  b   swpd   free   buff  cache   si   so    bi    bo   in   cs us sy id wa st
 2  0 109824 2574080   1932 442368    1    6  1065   322  384  217 21  1 77  1  0
 2  0 109824 2574080   1932 442368    0    0 23300     0 1933  821 22  2 74  2  0
 2  0 109824 2574080   1932 442368    0    0  7808     0 1420  431 25  1 74  0  0
 2  0 109824 2574080   1932 442368    0    0  7040     0 1422  376 25  1 74  0  0
 2  0 109824 2574080   1932 442368    0    0  7936     0 1393  425 25  1 74  0  0
 2  0 109824 2574080   1932 442368    0    0  7936    72 1359  344 25  1 74  0  0
 2  0 109824 2574080   1932 442368    0    0  7936     0 1406  420 25  1 74  0  0
 2  0 109824 2574080   1932 442368    0    0  7040     0 1330  334 25  1 75  0  0
 2  0 109824 2574080   1932 442368    0    0  7808     0 1498  473 25  1 74  0  0
 2  0 109824 2574080   1932 442368    0    0  7936     0 1409  333 25  0 75  0  0
 2  0 109824 2574080   1932 442368    0    0  7936    32 1435  437 25  1 74  0  0
 2  0 109824 2574080   1932 442368    0    0  7040   328 1528  431 25  0 74  0  0
 2  0 109824 2574080   1932 442368    0    0  7936     0 1469  431 25  1 74  0  0
 2  0 109824 2574080   1932 442368    0    0  7936     0 1376  316 25  1 75  0  0
 2  0 109824 2574080   1932 442368    0    0  7808     0 1444  406 25  1 74  0  0
 2  0 109824 2574080   1932 442368    0    0  7040    36 1478  392 25  0 75  0  0
 2  0 109824 2574080   1932 442368    0    0  7936     0 1481  441 25  1 74  0  0
 2  0 109824 2574080   1932 442368    0    0  7936     0 1334  297 25  1 75  0  0
 2  0 109824 2574080   1932 442368    0    0  7936     0 1557  580 25  1 74  0  0
 2  0 109824 2574080   1932 442368    0    0  7040     0 1373  294 25  0 75  0  0
 2  0 109824 2574080   1932 442368    0    0  7808    32 1401  425 25  1 74  0  0
procs -----------memory---------- ---swap-- -----io---- -system-- ------cpu-----
 r  b   swpd   free   buff  cache   si   so    bi    bo   in   cs us sy id wa st
 2  0 109824 2574080   1932 442368    0    0  7936     0 1379  320 25  1 75  0  0
 2  0 109824 2574080   1932 442368    0    0  7680     0 1393  394 25  1 74  0  0
 2  0 109824 2574080   1932 442368    0    0  7296     0 1385  306 25  1 75  0  0
 2  0 109824 2574080   1932 442368    0    0  7936     0 1463  421 25  1 74  0  0
 2  0 109824 2574080   1932 442368    0    0 10660    32 1571  504 25  1 74  1  0
 2  0 109824 2574080   1932 442368    0    0  7808     0 1469  454 25  1 74  0  0
 2  0 109824 2574080   1932 442368    0    0  7040     0 1358  287 25  0 75  0  0
 2  0 109824 2574080   1932 442368    0    0  7940     0 1528  448 25  1 74  0  0
 2  0 109824 2574080   1932 442368    0    0  7936     0 1434  328 25  0 75  0  0
 2  0 109824 2574080   1932 442368    0    0  7940    36 1530  536 25  1 74  0  0
 2  0 109824 2574080   1932 442368    0    0  7592 51568 1762  694 25  2 69  5  0
 2  0 109824 2574080   1932 442368    0    0  7808     0 1420  413 25  1 74  0  0
 2  0 109824 2574080   1932 442368    0    0  7936     0 1360  308 25  1 75  0  0
 2  0 109824 2574080   1932 442368    0    0  7040     0 1546  467 25  1 74  0  0
 2  0 109824 2574080   1932 442368    0    0  7936   120 1373  315 25  0 75  0  0
 2  0 109824 2574080   1932 442368    0    0  7936   128 1467  448 25  1 74  0  0
 2  0 109824 2574080   1932 442368    0    0  7808     0 1354  285 25  0 75  0  0
 2  0 109824 2574080   1932 442368    0    0  7040     0 1462  454 25  1 74  0  0
 2  0 109824 2574080   1932 442368    0    0  7936     0 1411  348 25  0 75  0  0
 2  0 109824 2574080   1932 442368    0    0  7936     0 1482  536 25  1 74  0  0
 2  0 109824 2574080   1932 442368    0    0  7936    32 1568  551 25  1 74  0  0
procs -----------memory---------- ---swap-- -----io---- -system-- ------cpu-----
 r  b   swpd   free   buff  cache   si   so    bi    bo   in   cs us sy id wa st
 2  0 109824 2574080   1932 442368    0    0  7040     0 1452  451 25  1 74  0  0
 2  0 109824 2574080   1932 442368    0    0  7936     0 1302  281 25  0 75  0  0
 2  0 109824 2574080   1932 442368    0    0  7808     0 1388  418 25  1 74  0  0
 2  0 109824 2574080   1932 442368    0    0  7936     0 1312  289 25  0 75  0  0
 2  0 109824 2574080   1932 442368    0    0  7040    32 1442  444 25  1 74  0  0
 2  0 109824 2574080   1932 442368    0    0  7936     0 1379  351 25  0 75  0  0
 2  0 109824 2574080   1932 442368    0    0  7936     0 1460  476 25  1 74  0  0
 2  0 109824 2574080   1932 442368    0    0  7808     0 1361  319 25  1 75  0  0
 2  0 109824 2574080   1932 442368    0    0  7040     0 1373  403 25  1 74  0  0
 2  0 109824 2574080   1932 442368    0    0  7936    52 1303  288 25  1 75  0  0
 2  0 109824 2574080   1932 442368    0    0  7936     0 1372  427 25  1 74  0  0
 2  0 109824 2574080   1932 442368    0    0  7936     0 1295  284 25  1 75  0  0
 2  0 109824 2574080   1932 442368    0    0  7940     0 1372  393 25  1 74  0  0
 2  0 109824 2574080   1932 442368    0    0  6912     0 1321  302 25  1 75  0  0
 2  0 109824 2574080   1932 442368    0    0  7936    32 1458  484 25  1 74  0  0
 2  0 109824 2574080   1932 442368    0    0  7936     0 1424  322 25  1 74  0  0
 2  0 109824 2574080   1932 442368    0    0  7936     0 1398  402 25  1 74  0  0
 2  0 109824 2574080   1932 442368    0    0  7040     4 1407  326 25  0 75  0  0
 2  0 109824 2574080   1932 442368    0    0  7936     0 1481  556 25  1 74  0  0
 2  0 109824 2574080   1932 442368    0    0  7808    52 1343  306 25  1 74  0  0
 2  0 109824 2574080   1932 442368    0    0  7168     0 1487  485 25  1 74  0  0
procs -----------memory---------- ---swap-- -----io---- -system-- ------cpu-----
 r  b   swpd   free   buff  cache   si   so    bi    bo   in   cs us sy id wa st
 2  0 109824 2574080   1932 442368    0    0  7828 51844 1490  459 24  1 70  4  0
 2  0 109824 2574080   1932 442368    0    0  7936     0 1370  391 25  1 74  0  0
 2  0 109824 2574080   1932 442368    0    0  7808   780 1563  465 25  1 74  0  0
 2  0 109824 2574080   1932 442368    0    0  7168   144 1376  412 25  1 74  0  0
 2  0 109824 2574080   1932 442368    0    0  7808     0 1317  283 25  0 75  0  0
 2  0 109824 2574080   1932 442368    0    0  7936     0 1449  458 25  1 74  0  0
 2  0 109824 2574080   1932 442368    0    0  7936     0 1326  294 25  0 75  0  0
 2  0 109824 2574080   1932 442368    0    0  7040     0 1377  407 25  1 74  0  0
 2  0 109824 2574080   1932 442368    0    0  7936    32 1373  353 25  0 74  0  0
 2  0 109824 2574080   1932 442368    0    0  7936     0 1413  440 25  1 74  0  0
 2  0 109824 2574080   1932 442368    0    0  7808     0 1382  360 25  1 74  0  0
 2  0 109824 2574080   1932 442368    0    0  7040     0 1349  391 25  1 74  0  0
 2  0 109824 2574080   1932 442368    0    0  7936     0 1506  423 25  1 74  0  0
 2  0 109824 2574080   1932 442368    0    0  7936    32 1489  478 25  1 74  0  0
 2  0 109824 2574080   1932 442368    0    0  7936     0 1455  379 25  1 74  0  0
 2  0 109824 2574080   1932 442368    0    0  7040     0 1363  457 25  1 74  0  0
 2  0 109824 2574080   1932 442368    0    0  7808     0 1323  296 25  0 75  0  0
 2  0 109824 2574080   1932 442368    0    0  7936     0 1425  439 25  1 74  0  0
 2  0 109824 2574080   1932 442368    0    0  7936    32 1348  310 25  0 75  0  0
 2  0 109824 2574080   1932 442368    0    0  7040     0 1371  420 25  1 74  0  0
 2  0 109824 2574080   1932 442368    0    0  7936     0 1358  343 25  1 74  0  0
procs -----------memory---------- ---swap-- -----io---- -system-- ------cpu-----
 r  b   swpd   free   buff  cache   si   so    bi    bo   in   cs us sy id wa st
 2  0 109824 2574080   1932 442368    0    0  7936     0 1440  414 25  1 74  0  0
 2  0 109824 2574080   1932 442368    0    0  7808     0 1509  372 25  1 74  0  0
 2  0 109824 2574080   1932 442368    0    0  7168    32 1408  422 25  1 74  0  0
 2  0 109824 2574080   1932 442368    0    0  7808     0 1296  280 25  0 75  0  0
 2  0 109824 2574080   1932 442368    0    0  7936     0 1398  423 25  1 74  0  0
 2  0 109824 2574080   1932 442368    0    0  7936     0 1408  351 25  1 75  0  0
 2  0 109824 2574080   1932 442368    0    0  7040     0 1533  529 25  1 74  0  0
 2  0 109824 2574080   1932 442368    0    0 14264   216 1864  739 25  1 71  3  0
 2  0 109824 2574080   1932 442368    0    0  7936     0 1480  474 25  1 74  0  0
 2  0 109824 2574080   1932 442368    0    0  7936     0 1316  293 25  1 75  0  0
 2  0 109824 2574080   1932 442368    0    0  7072 51840 1531  581 25  2 70  4  0
 2  0 109824 2574080   1932 442368    0    0  7936     0 1326  308 25  1 75  0  0
 2  0 109824 2574080   1932 442368    0    0  7808  1344 1681  604 25  1 74  0  0
 2  0 109824 2574080   1932 442368    0    0  7040   380 1393  286 25  1 74  0  0
 2  0 109824 2574080   1932 442368    0    0  7940     0 1465  432 25  1 74  0  0
 2  0 109824 2574080   1932 442368    0    0  7936     0 1592  439 25  1 74  0  0
 2  0 109824 2574080   1932 442368    0    0  7040     0 1501  450 25  1 74  0  0
 2  0 109824 2574080   1932 442368    0    0  7936    32 1337  343 25  1 75  0  0
 2  0 109824 2574080   1932 442368    0    0  7936     0 1599  703 25  1 74  0  0
 2  0 109824 2574080   1932 442368    0    0  7808     0 1329  306 25  1 75  0  0
 2  0 109824 2574080   1932 442368    0    0  7040     0 1377  406 25  1 74  0  0
procs -----------memory---------- ---swap-- -----io---- -system-- ------cpu-----
 r  b   swpd   free   buff  cache   si   so    bi    bo   in   cs us sy id wa st
 2  0 109824 2574080   1932 442368    0    0  7936     0 1633  482 25  1 74  0  0
 2  0 109824 2574080   1932 442368    0    0  7936    32 1428  449 25  1 74  0  0
 2  0 109824 2574080   1932 442368    0    0  7936     0 1315  285 25  1 75  0  0
 2  0 109824 2574080   1932 442368    0    0  7040     0 1370  444 25  1 74  0  0
 2  0 109824 2574080   1932 442368    0    0  7808   664 1521  471 25  1 74  0  0
 2  0 109824 2574080   1932 442368    0    0  7936     0 1457  460 25  1 74  0  0
 2  0 109824 2574080   1932 442368    0    0  7936    36 1377  307 25  0 75  0  0
 2  0 109824 2574080   1932 442368    0    0  7040     0 1475  476 25  1 74  0  0
 2  0 109824 2574080   1932 442368    0    0  7936     0 1395  323 25  0 75  0  0
 2  0 109824 2574080   1932 442368    0    0  7808     0 1497  481 25  1 74  0  0
 2  0 109824 2574080   1932 442368    0    0  7936     0 1301  284 25  1 75  0  0
 2  0 109824 2574080   1932 442368    0    0  7044    36 1462  509 25  1 74  0  0
 2  0 109824 2574080   1932 442368    0    0  7936     0 1431  356 25  1 75  0  0
 2  0 109824 2574080   1932 442368    0    0  7936     0 1408  423 25  1 74  0  0
 2  0 109824 2574080   1932 442368    0    0  7936     0 1302  279 25  1 75  0  0
 2  0 109824 2574080   1932 442368    0    0  7040   356 1477  461 25  1 74  0  0
 2  0 109824 2574080   1932 442368    0    0  7808    40 1405  344 25  0 75  0  0
 2  0 109824 2574080   1932 442368    0    0  7936     8 1443  411 25  1 74  0  0
 2  0 109824 2574080   1932 442368    0    0  7936     0 1313  302 25  1 75  0  0
 2  0 109824 2574080   1932 442368    0    0  7040     0 1366  402 25  1 74  0  0
 2  0 109824 2574080   1932 442368    0    0  7960 51844 1581  552 24  2 70  4  0
procs -----------memory---------- ---swap-- -----io---- -system-- ------cpu-----
 r  b   swpd   free   buff  cache   si   so    bi    bo   in   cs us sy id wa st
 2  0 109824 2574080   1932 442368    0    0  7808   200 1409  422 25  1 74  0  0
 2  0 109824 2574080   1932 442368    0    0  7040     0 1278  277 25  1 75  0  0
 2  0 109824 2574080   1932 442368    0    0  7936     0 1384  411 25  1 74  0  0
 2  0 109824 2574080   1932 442368    0    0  7936     0 1327  311 25  1 74  0  0
 2  0 109824 2574080   1932 442368    0    0  7936     0 1360  401 25  1 74  0  0
 2  0 109824 2574080   1932 442368    0    0  7040    32 1322  318 25  1 75  0  0
 2  0 109824 2574080   1932 442368    0    0  7808    56 1424  420 25  1 74  0  0
 2  0 109824 2574080   1932 442368    0    0  7936     0 1411  359 25  0 75  0  0
