procs -----------memory---------- ---swap-- -----io---- -system-- ------cpu-----
 r  b   swpd   free   buff  cache   si   so    bi    bo   in   cs us sy id wa st
 2  1 109824 2577708   2064 443392    1    6  1078   321  383  214 21  1 77  1  0
 2  0 109824 2577708   2064 443392    0    0 16968     0 1902  792 22  2 74  2  0
 2  0 109824 2577708   2064 443392    0    0  1280     0 1472  511 25  1 74  0  0
 2  0 109824 2577708   2064 443392    0    0  1592     0 1329  363 25  1 74  0  0
 2  0 109824 2577708   2064 443392    0    0  1024     0 1367  446 25  1 74  0  0
 3  0 109824 2577708   2064 443392    0    0  1280    68 1248  297 25  1 75  0  0
 2  0 109824 2577708   2064 443392    0    0  1288  1100 1551  598 25  1 74  0  0
 2  0 109824 2577708   2064 443392    0    0  1024     0 1241  295 25  1 75  0  0
 2  0 109824 2577708   2064 443392    0    0  1280     0 1337  406 25  1 74  0  0
 2  0 109824 2577708   2064 443392    0    0  1024     0 1240  288 25  0 75  0  0
 2  0 109824 2577708   2064 443392    0    0  1280     0 1374  477 25  1 74  0  0
 2  0 109824 2577708   2064 443392    0    0  1024    32 1459  625 25  0 74  0  0
 2  0 109824 2577708   2064 443392    0    0  1280     0 1340  414 25  1 74  0  0
 2  0 109824 2577708   2064 443392    0    0  1024     0 1392  400 25  1 74  0  0
 2  0 109824 2577708   2064 443392    0    0  1280     0 1420  603 25  1 74  0  0
 2  0 109824 2577708   2064 443392    0    0  1024     0 1256  308 25  0 75  0  0
 2  0 109824 2577708   2064 443392    0    0  1280   392 1486  526 25  1 74  0  0
 2  0 109824 2577708   2064 443392    0    0  1024  1240 1328  329 25  0 75  0  0
 2  0 109824 2577708   2064 443392    0    0  1280     0 1380  465 25  1 74  0  0
 2  0 109824 2577708   2064 443392    0    0  1024     0 1259  322 25  0 75  0  0
 2  0 109824 2577708   2064 443392    0    0  1280     0 1373  431 25  1 74  0  0
procs -----------memory---------- ---swap-- -----io---- -system-- ------cpu-----
 r  b   swpd   free   buff  cache   si   so    bi    bo   in   cs us sy id wa st
 2  0 109824 2577708   2064 443392    0    0  1024    40 1335  349 25  0 74  0  0
 2  0 109824 2577708   2064 443392    0    0  1416     0 1389  453 25  1 74  0  0
 2  0 109824 2577708   2064 443392    0    0  1024     0 1260  316 25  0 75  0  0
 2  0 109824 2577708   2064 443392    0    0  1280     0 1326  400 25  1 74  0  0
 2  0 109824 2577708   2064 443392    0    0  1024     0 1323  330 25  0 75  0  0
 2  0 109824 2577708   2064 443392    0    0  1280    36 1381  432 25  1 74  0  0
 2  0 109824 2577708   2064 443392    0    0  1024     0 1351  363 25  0 74  0  0
 2  0 109824 2577708   2064 443392    0    0  1280     0 1333  394 25  1 74  0  0
 2  0 109824 2577708   2064 443392    0    0  1024     0 1236  283 25  0 75  0  0
 2  0 109824 2577708   2064 443392    0    0  1280     0 1420  464 25  1 74  0  0
 2  0 109824 2577708   2064 443392    0    0  1024   104 1301  339 25  0 74  0  0
 2  0 109824 2577708   2064 443392    0    0  1280     0 1362  440 25  0 75  0  0
 2  0 109824 2577708   2064 443392    0    0  1024     0 1260  299 25  0 74  0  0
 2  0 109824 2577708   2064 443392    0    0  1280     0 1378  445 25  1 74  0  0
 2  0 109824 2577708   2064 443392    0    0  1024     0 1333  328 25  0 75  0  0
 2  0 109824 2577708   2064 443392    0    0  1280    32 1347  410 25  1 74  0  0
 2  0 109824 2577708   2064 443392    0    0  1024    96 1315  315 25  0 75  0  0
 2  0 109824 2577708   2064 443392    0    0  1280     0 1318  402 25  1 74  0  0
 2  0 109824 2577708   2064 443392    0    0  1024     0 1324  354 25  0 74  0  0
 2  0 109824 2577708   2064 443392    0    0  1280     0 1420  473 25  1 74  0  0
 2  0 109824 2577708   2064 443392    0    0  1024    32 1224  292 25  0 75  0  0
procs -----------memory---------- ---swap-- -----io---- -system-- ------cpu-----
 r  b   swpd   free   buff  cache   si   so    bi    bo   in   cs us sy id wa st
 2  0 109824 2577708   2064 443392    0    0  1280     0 1370  438 25  1 74  0  0
 2  0 109824 2577708   2064 443392    0    0  1024     0 1310  331 25  0 74  0  0
 2  0 109824 2577708   2064 443392    0    0  1280     0 1357  439 25  1 74  0  0
 2  0 109824 2577708   2064 443392    0    0  1024     0 1405  383 25  0 74  0  0
 2  0 109824 2577708   2064 443392    0    0  1280    32 1400  481 25  1 74  0  0
 2  0 109824 2577708   2064 443392    0    0  1032  4152 1463  464 25  1 74  1  0
 2  0 109824 2577708   2064 443392    0    0  1280     0 1374  469 25  1 74  0  0
 2  0 109824 2577708   2064 443392    0    0  1024     0 1237  278 25  0 75  0  0
 2  0 109824 2577708   2064 443392    0    0  1280     0 1315  407 25  1 74  0  0
 2  0 109824 2577708   2064 443392    0    0  3748     0 1484  508 25  1 74  1  0
 2  0 109824 2577708   2064 443392    0    0  1284   356 1306  413 25  1 74  0  0
 2  0 109824 2577708   2064 443392    0    0  1024     4 1247  300 25  0 74  0  0
 2  0 109824 2577708   2064 443392    0    0  1280     0 1408  487 25  1 74  0  0
 2  0 109824 2577708   2064 443392    0    0  1024     0 1333  325 25  0 74  0  0
 2  0 109824 2577708   2064 443392    0    0  1288     0 1407  518 25  1 74  0  0
 2  0 109824 2577708   2064 443392    0    0  1560    48 1258  328 25  1 74  0  0
 2  0 109824 2577708   2064 443392    0    0  1280   232 1325  444 25  1 74  0  0
 2  0 109824 2577708   2064 443392    0    0  1024     0 1257  297 25  1 75  0  0
 2  0 109824 2577708   2064 443392    0    0  1280     0 1368  439 25  1 74  0  0
 2  0 109824 2577708   2064 443392    0    0  1024     0 1302  332 25  0 75  0  0
 2  0 109824 2577708   2064 443392    0    0  1280    36 1415  509 25  1 74  0  0
procs -----------memory---------- ---swap-- -----io---- -system-- ------cpu-----
 r  b   swpd   free   buff  cache   si   so    bi    bo   in   cs us sy id wa st
 2  0 109824 2577708   2064 443392    0    0  1024    40 1338  372 25  0 74  0  0
 2  0 109824 2577708   2064 443392    0    0  1280     0 1338  412 25  1 74  0  0
 2  0 109824 2577708   2064 443392    0    0  1024     0 1235  294 25  0 75  0  0
 2  0 109824 2577708   2064 443392    0    0  1280     0 1336  420 25  1 74  0  0
 2  0 109824 2577708   2064 443392    0    0  1280    56 1246  301 25  0 74  0  0
 2  0 109824 2577708   2064 443392    0    0  1024     0 1340  432 25  1 75  0  0
 2  0 109824 2577708   2064 443392    0    0  1280     0 1343  349 25  1 74  0  0
 2  0 109824 2577708   2064 443392    0    0  1024     0 1342  439 25  1 74  0  0
 2  0 109824 2577708   2064 443392    0    0  1280     0 1259  300 25  1 75  0  0
 2  0 109824 2577708   2064 443392    0    0  1024    88 1503  700 25  1 74  0  0
 2  0 109824 2577708   2064 443392    0    0  1280     0 1252  287 25  0 75  0  0
 2  0 109824 2577708   2064 443392    0    0  1024     0 1317  453 25  1 74  0  0
 2  0 109824 2577708   2064 443392    0    0  1280     0 1257  300 25  0 75  0  0
 2  0 109824 2577708   2064 443392    0    0  1024     0 1455  492 25  1 74  0  0
 2  0 109824 2577708   2064 443392    0    0  1280    32 1256  300 25  0 75  0  0
 2  0 109824 2577708   2064 443392    0    0  1024  3296 1453  489 25  1 74  0  0
 2  0 109824 2577708   2064 443392    0    0  1280     0 1283  304 25  1 75  0  0
 2  0 109824 2577708   2064 443392    0    0  1024     0 1328  410 25  1 74  0  0
 2  0 109824 2577708   2064 443392    0    0  1280     0 1307  345 25  0 75  0  0
 2  0 109824 2577708   2064 443392    0    0  1024    60 1315  416 25  1 74  0  0
 2  0 109824 2577708   2064 443392    0    0  1280   308 1297  319 25  0 75  0  0
procs -----------memory---------- ---swap-- -----io---- -system-- ------cpu-----
 r  b   swpd   free   buff  cache   si   so    bi    bo   in   cs us sy id wa st
 2  0 109824 2577708   2064 443392    0    0  1024     0 1319  410 25  1 74  0  0
 2  0 109824 2577708   2064 443392    0    0  1280     0 1310  357 25  1 75  0  0
 2  0 109824 2577708   2064 443392    0    0  1024     0 1380  448 25  1 74  0  0
 2  0 109824 2577708   2064 443392    0    0  1280    44 1269  322 25  0 75  0  0
 2  0 109824 2577708   2064 443392    0    0  1024     0 1323  403 25  1 74  0  0
 2  0 109824 2577708   2064 443392    0    0  1280     0 1260  322 25  0 74  0  0
 2  0 109824 2577708   2064 443392    0    0  1024     0 1401  452 25  1 74  0  0
 2  0 109824 2577708   2064 443392    0    0  1280   632 1405  450 25  0 74  0  0
 2  0 109824 2577708   2064 443392    0    0  1024    36 1343  412 25  1 74  0  0
 2  0 109824 2577708   2064 443392    0    0  1280     0 1235  291 25  0 74  0  0
 2  0 109824 2577708   2064 443392    0    0  1024    32 1297  412 25  1 74  0  0
 2  0 109824 2577708   2064 443392    0    0  1280     0 1273  308 25  0 75  0  0
 2  0 109824 2577708   2064 443392    0    0  1024     0 1410  440 25  1 74  0  0
 2  0 109824 2577708   2064 443392    0    0  1280    60 1280  310 25  0 75  0  0
 2  0 109824 2577708   2064 443392    0    0  1024  2364 1349  415 25  1 74  0  0
 2  0 109824 2577708   2064 443392    0    0  1280     0 1288  331 25  0 75  0  0
 2  0 109824 2577708   2064 443392    0    0  1024     0 1321  399 25  1 74  0  0
 2  0 109824 2577708   2064 443392    0    0  1280     0 1305  352 25  0 74  0  0
 2  0 109824 2577708   2064 443392    0    0  1024     0 1330  419 25  1 75  0  0
 2  0 109824 2577708   2064 443392    0    0  1280    52 1243  304 25  0 74  0  0
 2  0 109824 2577708   2064 443392    0    0  1024     0 1400  480 25  1 74  0  0
procs -----------memory---------- ---swap-- -----io---- -system-- ------cpu-----
 r  b   swpd   free   buff  cache   si   so    bi    bo   in   cs us sy id wa st
 2  0 109824 2577708   2064 443392    0    0  1280     0 1296  321 25  1 74  0  0
 2  0 109824 2577708   2064 443392    0    0  1280     0 1309  387 25  1 74  0  0
 2  0 109824 2577708   2064 443392    0    0  1024     0 1312  332 25  0 75  0  0
 2  0 109824 2577708   2064 443392    0    0  1280    32 1338  424 25  1 74  0  0
 2  0 109824 2577708   2064 443392    0    0  1024     0 1331  361 25  0 75  0  0
 2  0 109824 2577708   2064 443392    0    0  1280     0 1373  433 25  1 74  0  0
 2  0 109824 2577708   2064 443392    0    0  1024     0 1363  374 25  1 74  0  0
 2  0 109824 2577708   2064 443392    0    0  1280     0 1398  446 25  1 74  0  0
 2  0 109824 2577708   2064 443392    0    0  1024    32 1326  375 25  1 74  0  0
 2  0 109824 2577708   2064 443392    0    0  1280   128 1330  407 25  1 74  0  0
 2  0 109824 2577708   2064 443392    0    0  1024     0 1318  361 25  0 74  0  0
 2  0 109824 2577708   2064 443392    0    0  1280     0 1433  483 25  1 74  0  0
 2  0 109824 2577708   2064 443392    0    0  6552     0 1733  703 25  1 72  2  0
 2  0 109824 2577708   2064 443392    0    0  1280   152 1380  401 25  1 74  0  0
 2  0 109824 2577708   2064 443392    0    0  1024  2264 1374  383 25  1 74  0  0
 2  0 109824 2577708   2064 443392    0    0  1280     0 1438  503 25  1 74  0  0
 2  0 109824 2577708   2064 443392    0    0  1024     0 1285  317 25  0 75  0  0
 2  0 109824 2577708   2064 443392    0    0 13132     0 2383 1565 27  3 67  3  0
 2  0 109824 2577708   2064 443392    0    0  1024   116 1316  374 25  1 74  0  0
 2  0 109824 2577708   2064 443392    0    0  1280     0 1310  424 25  1 74  0  0
 2  0 109824 2577708   2064 443392    0    0  1024     0 1245  302 25  0 75  0  0
procs -----------memory---------- ---swap-- -----io---- -system-- ------cpu-----
 r  b   swpd   free   buff  cache   si   so    bi    bo   in   cs us sy id wa st
 2  0 109824 2577708   2064 443392    0    0  1280     0 1339  405 25  0 74  0  0
 2  0 109824 2577708   2064 443392    0    0  1024  1036 1460  407 25  0 74  0  0
 2  0 109824 2577708   2064 443392    0    0  1280    64 1512  478 25  1 74  0  0
 2  0 109824 2577708   2064 443392    0    0  1024     0 1280  323 25  0 75  0  0
 2  0 109824 2577708   2064 443392    0    0  1280     0 1366  431 25  1 74  0  0
 2  0 109824 2577708   2064 443392    0    0  1024     0 1315  323 25  0 74  0  0
 2  0 109824 2577708   2064 443392    0    0  1280     0 1361  427 25  1 74  0  0
 2  0 109824 2577708   2064 443392    0    0  1024    32 1305  321 25  0 75  0  0
 2  0 109824 2577708   2064 443392    0    0  1280     0 1521  714 25  1 74  0  0
 2  0 109824 2577708   2064 443392    0    0  1024     0 1278  310 25  0 75  0  0
 2  0 109824 2577708   2064 443392    0    0  1280     0 1441  457 25  1 74  0  0
 2  0 109824 2577708   2064 443392    0    0  1024     0 1316  308 25  0 74  0  0
 2  0 109824 2577708   2064 443392    0    0  1280    32 1406  462 25  1 74  0  0
 2  0 109824 2577708   2064 443392    0    0  1024     0 1319  347 25  0 75  0  0
 2  0 109824 2577708   2064 443392    0    0  1292  2464 1346  429 25  1 74  0  0
 2  0 109824 2577708   2064 443392    0    0  1024     0 1337  360 25  0 74  0  0
 2  0 109824 2577708   2064 443392    0    0  1280   384 1407  470 25  1 74  0  0
 2  0 109824 2577708   2064 443392    0    0  1024    80 1295  305 25  1 75  0  0
 2  0 109824 2577708   2064 443392    0    0  1280     0 1557  526 25  1 74  0  0
 2  0 109824 2577708   2064 443392    0    0  1024     0 1243  325 25  0 75  0  0
 2  0 109824 2577708   2064 443392    0    0  1280     0 1331  413 25  1 74  0  0
procs -----------memory---------- ---swap-- -----io---- -system-- ------cpu-----
 r  b   swpd   free   buff  cache   si   so    bi    bo   in   cs us sy id wa st
 2  0 109824 2577708   2064 443392    0    0  1024     4 1273  290 25  1 75  0  0
 2  0 109824 2577708   2064 443392    0    0  1280     8 1422  441 25  1 74  0  0
 2  0 109824 2577708   2064 443392    0    0  1024   304 1470  420 25  0 74  0  0
 2  0 109824 2577708   2064 443392    0    0  1280     0 1361  421 25  1 74  0  0
 2  0 109824 2577708   2064 443392    0    0  1024     0 1281  311 25  0 75  0  0
 2  0 109824 2577708   2064 443392    0    0  1280     0 1379  432 25  1 74  0  0
 2  0 109824 2577708   2064 443392    0    0  1024     0 1348  350 25  0 75  0  0
 2  0 109824 2577708   2064 443392    0    0  1280   176 1437  457 25  1 74  0  0
 2  0 109824 2577708   2064 443392    0    0  1024     0 1398  408 25  0 74  0  0
 2  0 109824 2577708   2064 443392    0    0  1280     0 1335  412 25  1 74  0  0
 2  0 109824 2577708   2064 443392    0    0  1280    48 1239  284 25  0 75  0  0
 2  0 109824 2577708   2064 443392    0    0  1024     0 1305  394 25  1 74  0  0
 2  0 109824 2577708   2064 443392    0    0  1280    56 1312  353 25  0 75  0  0
 2  0 109824 2577708   2064 443392    0    0  1024     0 1411  445 25  1 74  0  0
 2  0 109824 2577708   2064 443392    0    0  1280     0 1255  315 25  1 75  0  0
 2  0 109824 2577708   2064 443392    0    0  1024     0 1351  415 25  1 74  0  0
 2  0 109824 2577708   2064 443392    0    0  1280     0 1327  315 25  0 75  0  0
 2  0 109824 2577708   2064 443392    0    0  1024    32 1490  504 25  1 74  0  0
 2  0 109824 2577708   2064 443392    0    0  1280     0 1275  319 25  0 75  0  0
 2  0 109824 2577708   2064 443392    0    0  1024     0 1432  485 25  1 74  0  0
 2  0 109824 2577708   2064 443392    0    0  1280     0 1332  328 25  0 75  0  0
procs -----------memory---------- ---swap-- -----io---- -system-- ------cpu-----
 r  b   swpd   free   buff  cache   si   so    bi    bo   in   cs us sy id wa st
 2  0 109824 2577708   2064 443392    0    0  1024     0 1363  421 25  1 74  0  0
 2  0 109824 2577708   2064 443392    0    0  1280    32 1291  333 25  1 75  0  0
 2  0 109824 2577708   2064 443392    0    0  1024     0 1427  461 25  1 74  0  0
 2  0 109824 2577708   2064 443392    0    0  1280  3620 1434  398 25  0 74  0  0
 2  0 109824 2577708   2064 443392    0    0  1024     0 1349  399 25  1 74  0  0
 2  0 109824 2577708   2064 443392    0    0  1280     0 1418  404 25  0 74  0  0
 2  0 109824 2577708   2064 443392    0    0  1024    72 1389  446 25  1 74  0  0
 2  0 109824 2577708   2064 443392    0    0  1280     0 1392  385 25  0 74  0  0
 2  0 109824 2577708   2064 443392    0    0  1024     0 1433  469 25  1 74  0  0
 2  0 109824 2577708   2064 443392    0    0  1280     0 1253  288 25  0 75  0  0
 2  0 109824 2577708   2064 443392    0    0  1024     0 1313  389 25  1 74  0  0
 2  0 109824 2577708   2064 443392    0    0  1280    32 1260  311 25  0 75  0  0
 2  0 109824 2577708   2064 443392    0    0  1024   712 1503  485 25  1 74  0  0
 2  0 109824 2577708   2064 443392    0    0  1280     0 1276  319 25  0 75  0  0
 2  0 109824 2577708   2064 443392    0    0  1024     0 1362  423 25  1 74  0  0
 2  0 109824 2577708   2064 443392    0    0  1280     0 1338  380 25  0 75  0  0
 2  0 109824 2577708   2064 443392    0    0  1024    36 1402  453 25  0 74  0  0
 2  0 109824 2577708   2064 443392    0    0  1280     0 1331  312 25  0 75  0  0
 2  0 109824 2577708   2064 443392    0    0  1024     0 1325  428 25  1 74  0  0
 2  0 109824 2577708   2064 443392    0    0  1280     0 1322  331 25  0 75  0  0
 2  0 109824 2577708   2064 443392    0    0  1024     0 1357  420 25  1 74  0  0
procs -----------memory---------- ---swap-- -----io---- -system-- ------cpu-----
 r  b   swpd   free   buff  cache   si   so    bi    bo   in   cs us sy id wa st
 2  1 109824 2577708   2064 443392    0    0  1280    32 1261  321 25  1 75  0  0
 2  0 109824 2577708   2064 443392    0    0  1024    60 1406  429 25  1 74  0  0
 2  0 109824 2577708   2064 443392    0    0  1280    40 1377  367 25  0 75  0  0
 2  0 109824 2577708   2064 443392    0    0  1024     0 1325  406 25  1 74  0  0
 2  0 109824 2577708   2064 443392    0    0  1280     0 1265  295 25  0 75  0  0
 2  0 109824 2577708   2064 443392    0    0  1024     0 1415  482 25  1 74  0  0
 2  0 109824 2577708   2064 443392    0    0  1280    60 1434  579 25  0 74  0  0
 2  0 109824 2577708   2064 443392    0    0  1024     0 1400  437 25  1 74  0  0
 2  0 109824 2577708   2064 443392    0    0  1280     0 1272  319 25  0 75  0  0
 2  0 109824 2577708   2064 443392    0    0  1024     0 1440  464 25  1 74  0  0
 2  0 109824 2577708   2064 443392    0    0  1280     0 1345  365 25  0 75  0  0
 2  0 109824 2577708   2064 443392    0    0  1024    32 1363  432 25  1 74  0  0
 2  0 109824 2577708   2064 443392    0    0  1280     0 1275  312 25  0 75  0  0
 2  0 109824 2577708   2064 443392    0    0  1280  3624 1474  520 25  1 74  0  0
 2  0 109824 2577708   2064 443392    0    0  1024     0 1295  306 25  0 75  0  0
 2  0 109824 2577708   2064 443392    0    0  1280     0 1316  400 25  1 74  0  0
 2  0 109824 2577708   2064 443392    0    0  1024    76 1311  320 25  0 75  0  0
 2  0 109824 2577708   2064 443392    0    0  1280     0 1289  394 25  1 74  0  0
 2  0 109824 2577708   2064 443392    0    0  1024     0 1397  396 25  1 75  0  0
 2  0 109824 2577708   2064 443392    0    0  1280     0 1346  418 25  1 74  0  0
 2  0 109824 2577708   2064 443392    0    0  1024     0 1263  308 25  0 75  0  0
procs -----------memory---------- ---swap-- -----io---- -system-- ------cpu-----
 r  b   swpd   free   buff  cache   si   so    bi    bo   in   cs us sy id wa st
 2  0 109824 2577708   2064 443392    0    0  1280    32 1303  407 25  1 74  0  0
 2  0 109824 2577708   2064 443392    0    0  1024   496 1388  419 25  1 74  0  0
 2  0 109824 2577708   2064 443392    0    0  1280     0 1380  433 25  1 74  0  0
 2  0 109824 2577708   2064 443392    0    0  1024     0 1279  304 25  0 75  0  0
 2  0 109824 2577708   2064 443392    0    0  1280     0 1413  431 25  1 74  0  0
 2  0 109824 2577708   2064 443392    0    0  1024    36 1324  359 25  0 74  0  0
 2  0 109824 2577708   2064 443392    0    0  1280     0 1357  429 25  1 74  0  0
 2  0 109824 2577708   2064 443392    0    0  1024     0 1373  409 25  0 74  0  0
 2  0 109824 2577708   2064 443392    0    0  1280     0 1323  404 25  1 74  0  0
 2  0 109824 2577708   2064 443392    0    0  1024     0 1336  356 25  0 75  0  0
 2  0 109824 2577708   2064 443392    0    0  1280    32 1364  448 25  1 74  0  0
 2  0 109824 2577708   2064 443392    0    0  1024     0 1287  328 25  0 74  0  0
 2  0 109824 2577708   2064 443392    0    0  1280    40 1356  416 25  1 74  0  0
 2  0 109824 2577708   2064 443392    0    0  1024     8 1258  296 25  0 75  0  0
 2  0 109824 2577708   2064 443392    0    0  1280     0 1477  511 25  1 74  0  0
 2  0 109824 2577708   2064 443392    0    0  1024    96 1263  296 25  0 75  0  0
 2  0 109824 2577708   2064 443392    0    0  1280     0 1367  414 25  1 74  0  0
 2  0 109824 2577708   2064 443392    0    0  1024     0 1250  294 25  0 75  0  0
 2  0 109824 2577708   2064 443392    0    0  1280     0 1345  419 25  1 74  0  0
 2  0 109824 2577708   2064 443392    0    0  1024     0 1319  334 25  0 75  0  0
 2  0 109824 2577708   2064 443392    0    0  1280    32 1346  433 25  1 74  0  0
procs -----------memory---------- ---swap-- -----io---- -system-- ------cpu-----
 r  b   swpd   free   buff  cache   si   so    bi    bo   in   cs us sy id wa st
 2  0 109824 2577708   2064 443392    0    0  1024     0 1367  383 25  1 74  0  0
 2  0 109824 2577708   2064 443392    0    0  1280     0 1345  437 25  1 74  0  0
 2  0 109824 2577708   2064 443392    0    0  1024  3572 1311  333 25  1 74  0  0
 2  0 109824 2577708   2064 443392    0    0  1280     0 1520  546 25  1 74  0  0
 2  0 109824 2577708   2064 443392    0    0  1024     0 1249  300 25  0 75  0  0
 2  0 109824 2577708   2064 443392    0    0  1280    68 1371  455 26  1 74  0  0
 2  0 109824 2577708   2064 443392    0    0  1024     0 1273  347 25  0 75  0  0
 2  0 109824 2577708   2064 443392    0    0  1280     0 1353  426 25  1 74  0  0
 2  0 109824 2577708   2064 443392    0    0  1024     0 1345  352 25  1 74  0  0
 2  0 109824 2577708   2064 443392    0    0  1280     0 1322  440 25  1 74  0  0
 2  0 109824 2577708   2064 443392    0    0  1024    32 1294  339 25  1 74  0  0
 2  0 109824 2577708   2064 443392    0    0  1280     0 1351  444 25  1 74  0  0
 2  0 109824 2577708   2064 443392    0    0  1024   748 1388  382 25  0 75  0  0
 2  0 109824 2577708   2064 443392    0    0  1280     0 1366  427 25  1 74  0  0
 2  0 109824 2577708   2064 443392    0    0  1024     0 1246  297 25  0 75  0  0
 2  0 109824 2577708   2064 443392    0    0  1280    40 1349  459 25  1 74  0  0
 2  0 109824 2577708   2064 443392    0    0  1024     0 1222  284 25  0 75  0  0
 2  0 109824 2577708   2064 443392    0    0  1280     0 1281  406 25  1 74  0  0
 2  0 109824 2577708   2064 443392    0    0  1280     0 1379  411 25  1 74  0  0
 2  0 109824 2577708   2064 443392    0    0  1024     0 1474  527 26  1 74  0  0
 2  0 109824 2577708   2064 443392    0    0  1280    32 1269  338 25  0 75  0  0
procs -----------memory---------- ---swap-- -----io---- -system-- ------cpu-----
 r  b   swpd   free   buff  cache   si   so    bi    bo   in   cs us sy id wa st
 2  0 109824 2577708   2064 443392    0    0  1024     0 1336  444 25  1 75  0  0
 2  0 109824 2577708   2064 443392    0    0  1284  2384 1285  326 25  1 75  0  0
 2  0 109824 2577708   2064 443392    0    0  1024     0 1372  452 25  1 74  0  0
 2  0 109824 2577708   2064 443392    0    0  1280    40 1340  329 25  0 75  0  0
 2  0 109824 2577708   2064 443392    0    0  1024   104 1385  429 25  0 74  0  0
 2  0 109824 2577708   2064 443392    0    0  1280     0 1514  578 25  0 74  0  0
 2  0 109824 2577708   2064 443392    0    0  1024     0 1360  421 25  1 74  0  0
 2  0 109824 2577708   2064 443392    0    0  1280     0 1298  312 25  0 75  0  0
 2  0 109824 2577708   2064 443392    0    0  1024     0 1366  386 25  1 74  0  0
 2  0 109824 2577708   2064 443392    0    0  1280    32 1378  365 25  1 74  0  0
 2  0 109824 2577708   2064 443392    0    0  1024     0 1340  396 25  1 74  0  0
 2  0 109824 2577708   2064 443392    0    0  1280     0 1294  308 25  0 75  0  0
 2  0 109824 2577708   2064 443392    0    0  1024     0 1319  391 25  1 74  0  0
 2  0 109824 2577708   2064 443392    0    0  1280     0 1283  326 25  0 75  0  0
 2  0 109824 2577708   2064 443392    0    0  1024    32 1357  430 25  1 74  0  0
 2  0 109824 2577708   2064 443392    0    0  1280     0 1279  291 25  0 75  0  0
 2  0 109824 2577708   2064 443392    0    0  1024     0 1347  392 25  1 74  0  0
 2  0 109824 2577708   2064 443392    0    0  1280     0 1291  333 25  0 75  0  0
 2  0 109824 2577708   2064 443392    0    0  1024     0 1393  421 25  1 74  0  0
 2  0 109824 2577708   2064 443392    0    0  1280     0 1256  299 25  0 75  0  0
 2  0 109824 2577708   2064 443392    0    0  1024    32 1354  414 25  1 74  0  0
procs -----------memory---------- ---swap-- -----io---- -system-- ------cpu-----
 r  b   swpd   free   buff  cache   si   so    bi    bo   in   cs us sy id wa st
 2  0 109824 2577708   2064 443392    0    0  1280     0 1280  333 25  0 74  0  0
 2  0 109824 2577708   2064 443392    0    0  1024   756 1471  555 25  1 74  0  0
 2  0 109824 2577708   2064 443392    0    0  1280     0 1290  321 25  0 75  0  0
 2  0 109824 2577708   2064 443392    0    0  1024     4 1461  494 25  1 74  0  0
 2  0 109824 2577708   2064 443392    0    0  1280    36 1286  319 25  0 74  0  0
 2  0 109824 2577708   2064 443392    0    0  1024     0 1325  415 25  1 74  0  0
 2  0 109824 2577708   2064 443392    0    0  1280     0 1269  310 25  0 75  0  0
 2  0 109824 2577708   2064 443392    0    0  1024     0 1321  401 25  1 75  0  0
 2  0 109824 2577708   2064 443392    0    0  1280     0 1279  326 25  0 75  0  0
 2  0 109824 2577708   2064 443392    0    0  1280    32 1406  439 25  1 74  0  0
 2  0 109824 2577708   2064 443392    0    0  1164    84 1293  335 25  0 74  0  0
 2  0 109824 2577708   2064 443392    0    0  1280  3624 1376  457 25  1 74  0  0
 2  0 109824 2577708   2064 443392    0    0  1024     0 1253  305 25  0 75  0  0
 2  0 109824 2577708   2064 443392    0    0  1280    32 1335  406 25  1 75  0  0
 2  0 109824 2577708   2064 443392    0    0  1024    52 1334  334 25  0 75  0  0
 2  0 109824 2577708   2064 443392    0    0  1464    84 1433  554 25  1 74  0  0
 2  0 109824 2577708   2064 443392    0    0  1024   304 1352  364 25  0 75  0  0
 2  0 109824 2577708   2064 443392    0    0  1280     0 1419  470 25  1 74  0  0
 2  0 109824 2577708   2064 443392    0    0  1024     0 1591  536 25  1 74  0  0
 2  0 109824 2577708   2064 443392    0    0  1280     0 1424  523 26  1 74  0  0
 2  0 109824 2577708   2064 443392    0    0  1024    36 1287  311 25  0 75  0  0
procs -----------memory---------- ---swap-- -----io---- -system-- ------cpu-----
 r  b   swpd   free   buff  cache   si   so    bi    bo   in   cs us sy id wa st
 2  0 109824 2577708   2064 443392    0    0  1280     0 1359  445 25  1 74  0  0
 2  0 109824 2577708   2064 443392    0    0  1024     0 1310  294 25  0 75  0  0
 2  0 109824 2577708   2064 443392    0    0  1280     0 1439  469 25  1 74  0  0
 2  0 109824 2577708   2064 443392    0    0  1024     0 1359  395 25  0 74  0  0
 2  0 109824 2577708   2064 443392    0    0  1280    32 1359  426 25  1 74  0  0
 2  0 109824 2577708   2064 443392    0    0  1024    76 1282  321 25  0 75  0  0
 2  0 109824 2577708   2064 443392    0    0  1280     0 1411  445 25  1 74  0  0
 2  0 109824 2577708   2064 443392    0    0  1024     0 1421  445 25  1 74  0  0
 2  0 109824 2577708   2064 443392    0    0  1280     0 1357  434 25  0 75  0  0
 2  0 109824 2577708   2064 443392    0    0  1024    32 1275  307 25  1 74  0  0
 2  0 109824 2577708   2064 443392    0    0  1280     0 1354  420 25  1 75  0  0
 2  0 109824 2577708   2064 443392    0    0  1280     0 1275  316 25  0 75  0  0
 2  0 109824 2577708   2064 443392    0    0  1024   456 1520  495 25  1 74  0  0
 2  0 109824 2577708   2064 443392    0    0  1280    32 1289  317 25  0 75  0  0
 2  0 109824 2577708   2064 443392    0    0  1024     0 1355  397 25  1 74  0  0
 2  0 109824 2577708   2064 443392    0    0  1280    16 1249  300 25  0 75  0  0
 2  0 109824 2577708   2064 443392    0    0  1024     0 1399  483 25  1 74  0  0
 2  0 109824 2577708   2064 443392    0    0  1280     0 1227  291 25  0 75  0  0
 2  0 109824 2577708   2064 443392    0    0  1024    36 1334  414 25  1 74  0  0
 2  0 109824 2577708   2064 443392    0    0  1280     0 1255  304 25  0 75  0  0
 2  0 109824 2577708   2064 443392    0    0  1024     0 1584  565 25  1 74  0  0
procs -----------memory---------- ---swap-- -----io---- -system-- ------cpu-----
 r  b   swpd   free   buff  cache   si   so    bi    bo   in   cs us sy id wa st
 2  0 109824 2577708   2064 443392    0    0  1280  3692 1350  328 25  0 74  0  0
 2  0 109824 2577708   2064 443392    0    0  1024     0 1337  408 25  1 74  0  0
 2  0 109824 2577708   2064 443392    0    0  1280    56 1257  305 25  0 75  0  0
 2  0 109824 2577708   2064 443392    0    0  1024    48 1507  686 25  1 74  0  0
 2  0 109824 2577708   2064 443392    0    0  1280    40 1414  396 25  0 75  0  0
 2  0 109824 2577708   2064 443392    0    0  1024     0 1432  472 25  1 74  0  0
 2  0 109824 2577708   2064 443392    0    0  1280   404 1375  404 25  0 74  0  0
 2  0 109824 2577708   2064 443392    0    0  1024    60 1368  480 25  1 74  0  0
 2  0 109824 2577708   2064 443392    0    0  1280     0 1270  295 25  0 75  0  0
 2  0 109824 2577708   2064 443392    0    0  1024     0 1335  419 25  1 74  0  0
 2  0 109824 2577708   2064 443392    0    0  1280     0 1253  291 25  0 75  0  0
 2  0 109824 2577708   2064 443392    0    0  1024     0 1339  418 25  1 75  0  0
 2  0 109824 2577708   2064 443392    0    0  1280    16 1268  295 25  0 75  0  0
 2  0 109824 2577708   2064 443392    0    0  1024     0 1429  463 25  1 74  0  0
 2  0 109824 2577708   2064 443392    0    0  1280    24 1295  338 25  0 75  0  0
 2  0 109824 2577708   2064 443392    0    0  1024     0 1370  446 25  1 74  0  0
 2  0 109824 2577708   2064 443392    0    0  1280     0 1337  360 25  1 74  0  0
 2  0 109824 2577708   2064 443392    0    0  1024    56 1397  466 25  1 74  0  0
 2  0 109824 2577708   2064 443392    0    0  1280     0 1234  281 25  0 75  0  0
 2  0 109824 2577708   2064 443392    0    0  1024     4 1346  449 25  1 74  0  0
 2  0 109824 2577708   2064 443392    0    0  1280    16 1334  351 25  0 75  0  0
procs -----------memory---------- ---swap-- -----io---- -system-- ------cpu-----
 r  b   swpd   free   buff  cache   si   so    bi    bo   in   cs us sy id wa st
 2  0 109824 2577708   2064 443392    0    0  1024     0 1314  404 25  1 74  0  0
 2  0 109824 2577708   2064 443392    0    0  1280    56 1257  285 25  0 75  0  0
 2  0 109824 2577708   2064 443392    0    0  1024     0 1320  413 25  1 74  0  0
 2  0 109824 2577708   2064 443392    0    0  1280     0 1246  316 25  0 75  0  0
 2  0 109824 2577708   2064 443392    0    0  1280     0 1387  418 25  1 74  0  0
 2  0 109824 2577708   2064 443392    0    0  1024     0 1343  366 25  0 75  0  0
 2  0 109824 2577708   2064 443392    0    0  1280     0 1310  415 25  1 74  0  0
 2  0 109824 2577708   2064 443392    0    0  1024    32 1354  371 25  0 74  0  0
 2  0 109824 2577708   2064 443392    0    0  1280    24 1503  552 25  1 74  0  0
 2  0 109824 2577708   2064 443392    0    0  1024     8 1317  347 25  0 74  0  0
 2  0 109824 2577708   2064 443392    0    0  1284  3304 1356  435 25  1 74  0  0
 2  0 109824 2577708   2064 443392    0    0  1024     0 1224  280 25  0 75  0  0
 2  0 109824 2577708   2064 443392    0    0  1280    92 1586  615 25  1 74  0  0
 2  0 109824 2577708   2064 443392    0    0  1024     0 1316  346 25  0 75  0  0
 2  0 109824 2577708   2064 443392    0    0  1280    16 1331  431 25  1 75  0  0
 2  0 109824 2577708   2064 443392    0    0  1024   288 1379  368 25  0 74  0  0
 2  0 109824 2577708   2064 443392    0    0  1280   868 1587  546 25  1 74  0  0
 2  0 109824 2577708   2064 443392    0    0  1024   152 1307  330 25  0 75  0  0
 2  0 109824 2577708   2064 443392    0    0  1284     0 1381  469 25  1 74  0  0
 2  0 109824 2577708   2064 443392    0    0  1024     0 1339  367 25  0 74  0  0
 2  0 109824 2577708   2064 443392    0    0  1280     0 1362  441 25  1 74  0  0
procs -----------memory---------- ---swap-- -----io---- -system-- ------cpu-----
 r  b   swpd   free   buff  cache   si   so    bi    bo   in   cs us sy id wa st
 2  0 109824 2577708   2064 443392    0    0  1024     0 1353  394 25  0 74  0  0
 2  0 109824 2577708   2064 443392    0    0  1280    32 1354  443 25  1 75  0  0
 2  0 109824 2577708   2064 443392    0    0  1024     0 1297  333 25  0 75  0  0
 2  0 109824 2577708   2064 443392    0    0  1280     0 1437  526 26  1 74  0  0
 2  0 109824 2577708   2064 443392    0    0  1024     0 1223  283 25  1 75  0  0
 2  0 109824 2577708   2064 443392    0    0  1280     0 1391  479 25  1 74  0  0
 2  0 109824 2577708   2064 443392    0    0  1024    32 1289  314 25  0 74  0  0
 2  0 109824 2577708   2064 443392    0    0  1280     0 1347  439 25  1 74  0  0
 2  0 109824 2577708   2064 443392    0    0  1024     0 1196  278 25  0 75  0  0
 2  0 109824 2577708   2064 443392    0    0  1280     0 1326  435 25  1 74  0  0
 2  0 109824 2577708   2064 443392    0    0  1024  2368 1360  369 25  0 74  0  0
 2  0 109824 2577708   2064 443392    0    0  1280    72 1349  413 25  1 74  0  0
 2  0 109824 2577708   2064 443392    0    0  1024     0 1289  322 25  0 75  0  0
 2  0 109824 2577708   2064 443392    0    0  1280     0 1404  481 25  1 74  0  0
 2  0 109824 2577708   2064 443392    0    0  1024     0 1239  300 25  0 75  0  0
 2  0 109824 2577708   2064 443392    0    0  1280     0 1355  412 25  0 75  0  0
 2  0 109824 2577708   2064 443392    0    0  1024    32 1315  364 25  0 74  0  0
 2  0 109824 2577708   2064 443392    0    0  1280     0 1385  459 25  1 74  0  0
 2  0 109824 2577708   2064 443392    0    0  1024     0 1302  340 25  0 75  0  0
 2  0 109824 2577708   2064 443392    0    0  1280     0 1344  416 25  1 74  0  0
 2  0 109824 2577708   2064 443392    0    0  1024     0 1245  289 25  0 75  0  0
procs -----------memory---------- ---swap-- -----io---- -system-- ------cpu-----
 r  b   swpd   free   buff  cache   si   so    bi    bo   in   cs us sy id wa st
 2  0 109824 2577708   2064 443392    0    0  1280    32 1327  441 25  1 74  0  0
 2  0 109824 2577708   2064 443392    0    0  1280     0 1461  600 25  0 75  0  0
 2  0 109824 2577708   2064 443392    0    0  1024     0 1345  402 25  1 74  0  0
 2  0 109824 2577708   2064 443392    0    0  1280     0 1247  291 25  0 75  0  0
 2  0 109824 2577708   2064 443392    0    0  1024     0 1390  469 25  1 74  0  0
 2  0 109824 2577708   2064 443392    0    0  1280   864 1435  396 25  0 74  0  0
 2  0 109824 2577708   2064 443392    0    0  1024     0 1383  443 25  1 74  0  0
 2  0 109824 2577708   2064 443392    0    0  1280     0 1285  306 25  0 75  0  0
 2  0 109824 2577708   2064 443392    0    0  1024     0 1374  440 25  1 74  0  0
 2  0 109824 2577708   2064 443392    0    0  1280     0 1289  301 25  0 75  0  0
 2  0 109824 2577708   2064 443392    0    0  1024    32 1345  397 25  0 74  0  0
 2  0 109824 2577708   2064 443392    0    0  1280    80 1351  367 25  0 75  0  0
 2  0 109824 2577708   2064 443392    0    0  1024     0 1394  454 25  1 74  0  0
 2  0 109824 2577708   2064 443392    0    0  1280     0 1297  310 25  0 75  0  0
 2  0 109824 2577708   2064 443392    0    0  1024     0 1356  410 25  0 74  0  0
 2  0 109824 2577708   2064 443392    0    0  1280     0 1352  334 25  1 74  0  0
 2  0 109824 2577708   2064 443392    0    0  1024    36 1367  428 25  1 74  0  0
 2  0 109824 2577708   2064 443392    0    0  1280     0 1284  318 25  0 75  0  0
 2  0 109824 2577708   2064 443392    0    0  1024     0 1353  410 25  1 74  0  0
 2  0 109824 2577708   2064 443392    0    0  1280     0 1303  314 25  0 75  0  0
 2  0 109824 2577708   2064 443392    0    0  1024  3620 1365  436 25  1 74  0  0
procs -----------memory---------- ---swap-- -----io---- -system-- ------cpu-----
 r  b   swpd   free   buff  cache   si   so    bi    bo   in   cs us sy id wa st
 2  0 109824 2577708   2064 443392    0    0  1280    64 1371  370 25  0 75  0  0
 2  0 109824 2577708   2064 443392    0    0  1024     0 1357  437 25  1 74  0  0
 2  0 109824 2577708   2064 443392    0    0  1280     0 1283  316 25  0 75  0  0
 2  0 109824 2577708   2064 443392    0    0  1280     0 1325  404 25  1 74  0  0
 2  0 109824 2577708   2064 443392    0    0  1024     0 1315  307 25  0 75  0  0
 2  0 109824 2577708   2064 443392    0    0  1280    32 1362  457 25  1 74  0  0
 2  0 109824 2577708   2064 443392    0    0  1024     0 1249  295 25  0 75  0  0
 2  0 109824 2577708   2064 443392    0    0  1280     0 1464  478 25  1 74  0  0
 2  0 109824 2577708   2064 443392    0    0  1024     0 1337  338 25  0 75  0  0
 2  0 109824 2577708   2064 443392    0    0  1280     0 1391  457 25  1 74  0  0
 2  0 109824 2577708   2064 443392    0    0  1024    32 1320  313 25  1 75  0  0
 2  0 109824 2577708   2064 443392    0    0  1280     0 1337  411 25  0 75  0  0
 2  0 109824 2577708   2064 443392    0    0  1024     0 1374  392 25  1 74  0  0
 2  0 109824 2577708   2064 443392    0    0  1280     0 1321  390 25  1 74  0  0
 2  0 109824 2577708   2064 443392    0    0  1024     0 1224  289 25  0 75  0  0
 2  0 109824 2577708   2064 443392    0    0  1280    32 1384  443 25  1 74  0  0
 2  0 109824 2577708   2064 443392    0    0  1024   668 1434  410 25  0 75  0  0
 2  0 109824 2577708   2064 443392    0    0  1280     0 1328  405 25  1 74  0  0
 2  0 109824 2577708   2064 443392    0    0  1024     0 1390  402 25  1 74  0  0
 2  0 109824 2577708   2064 443392    0    0  1280     0 1360  416 25  1 74  0  0
 2  0 109824 2577708   2064 443392    0    0  1024    60 1376  379 25  0 75  0  0
procs -----------memory---------- ---swap-- -----io---- -system-- ------cpu-----
 r  b   swpd   free   buff  cache   si   so    bi    bo   in   cs us sy id wa st
 2  0 109824 2577708   2064 443392    0    0  1280     0 1382  447 25  1 74  0  0
 2  0 109824 2577708   2064 443392    0    0  1024     0 1250  297 25  1 75  0  0
 2  0 109824 2577708   2064 443392    0    0  1280     0 1312  409 25  0 74  0  0
 2  0 109824 2577708   2064 443392    0    0  1024     0 1257  298 25  0 75  0  0
 2  0 109824 2577708   2064 443392    0    0  1280    32 1377  430 25  1 74  0  0
 2  0 109824 2577708   2064 443392    0    0  1024    76 1353  352 25  1 74  0  0
 2  0 109824 2577708   2064 443392    0    0  1280     0 1442  476 25  1 74  0  0
 2  0 109824 2577708   2064 443392    0    0  1024     0 1259  295 25  0 75  0  0
 2  0 109824 2577708   2064 443392    0    0  1280     0 1355  393 25  1 74  0  0
 2  0 109824 2577708   2064 443392    0    0  1024  3692 1329  343 25  0 74  0  0
 2  0 109824 2577708   2064 443392    0    0  1280     0 1308  388 25  1 74  0  0
 2  0 109824 2577708   2064 443392    0    0  1280     0 1362  359 25  0 75  0  0
 2  0 109824 2577708   2064 443392    0    0  1024     0 1454  482 25  1 74  0  0
 2  0 109824 2577708   2064 443392    0    0  1280     0 1302  302 25  1 75  0  0
 2  0 109824 2577708   2064 443392    0    0  1024    32 1373  468 25  1 74  0  0
 2  0 109824 2577708   2064 443392    0    0  1280     0 1361  358 25  0 74  0  0
 2  0 109824 2577708   2064 443392    0    0  1024   424 1480  511 25  1 74  0  0
 2  0 109824 2577708   2064 443392    0    0  1280     0 1323  345 25  0 74  0  0
 2  0 109824 2577708   2064 443392    0    0  1024     0 1415  494 25  1 74  0  0
 2  0 109824 2577708   2064 443392    0    0  1280    36 1319  356 25  0 74  0  0
 2  0 109824 2577708   2064 443392    0    0  1024     0 1388  437 25  1 74  0  0
procs -----------memory---------- ---swap-- -----io---- -system-- ------cpu-----
 r  b   swpd   free   buff  cache   si   so    bi    bo   in   cs us sy id wa st
 2  0 109824 2577708   2064 443392    0    0  1280     0 1494  590 25  0 74  0  0
 2  0 109824 2577708   2064 443392    0    0  1024     0 1312  408 25  1 74  0  0
 2  0 109824 2577708   2064 443392    0    0  1280     0 1287  291 25  0 75  0  0
 2  0 109824 2577708   2064 443392    0    0  1024    32 1477  501 25  1 74  0  0
 2  0 109824 2577708   2064 443392    0    0  1280     0 1322  346 25  0 75  0  0
 2  0 109824 2577708   2064 443392    0    0  1024     0 1323  419 25  1 74  0  0
 2  0 109824 2577708   2064 443392    0    0  1280     0 1288  297 25  0 75  0  0
 2  0 109824 2577708   2064 443392    0    0  1024    32 1348  421 25  1 74  0  0
 2  0 109824 2577708   2064 443392    0    0  1280    56 1338  344 25  1 75  0  0
 2  0 109824 2577708   2064 443392    0    0  1024     0 1382  433 25  1 74  0  0
 3  0 109824 2577708   2064 443392    0    0  1280     0 1266  298 25  0 75  0  0
 2  0 109824 2577708   2064 443392    0    0  1024     0 1364  426 25  1 74  0  0
 2  0 109824 2577708   2064 443392    0    0  1280     0 1339  327 25  0 75  0  0
 2  0 109824 2577708   2064 443392    0    0  1024     0 1383  467 25  1 74  0  0
 2  0 109824 2577708   2064 443392    0    0  1280    32 1412  422 25  0 74  0  0
 2  0 109824 2577708   2064 443392    0    0  1024     0 1516  543 25  1 74  0  0
 2  0 109824 2577708   2064 443392    0    0  1280     4 1227  290 25  0 75  0  0
 2  0 109824 2577708   2064 443392    0    0  1024     0 1366  453 25  1 74  0  0
 2  0 109824 2577708   2064 443392    0    0  1280     0 1363  379 25  0 75  0  0
 2  0 109824 2577708   2064 443392    0    0  1028  3692 1339  446 25  1 74  1  0
 2  0 109824 2577708   2064 443392    0    0  1280     0 1231  287 25  1 75  0  0
procs -----------memory---------- ---swap-- -----io---- -system-- ------cpu-----
 r  b   swpd   free   buff  cache   si   so    bi    bo   in   cs us sy id wa st
 2  0 109824 2577708   2064 443392    0    0  1024     4 1437  442 25  1 74  0  0
 2  0 109824 2577708   2064 443392    0    0  1280     0 1258  288 25  0 75  0  0
 2  0 109824 2577708   2064 443392    0    0  1024     0 1455  478 25  1 74  0  0
 2  0 109824 2577708   2064 443392    0    0  1280    72 1312  333 25  0 75  0  0
 2  0 109824 2577708   2064 443392    0    0  1280     0 1290  373 25  1 74  0  0
 2  0 109824 2577708   2064 443392    0    0  1024     0 1255  287 25  0 75  0  0
 2  0 109824 2577708   2064 443392    0    0  1280     0 1301  389 25  1 74  0  0
 2  0 109824 2577708   2064 443392    0    0  1024   872 1439  460 25  0 75  0  0
 2  0 109824 2577708   2064 443392    0    0  1280    36 1316  391 25  1 74  0  0
 2  0 109824 2577708   2064 443392    0    0  1024     0 1354  400 25  1 74  0  0
 2  0 109824 2577708   2064 443392    0    0  1280     0 1303  392 25  1 74  0  0
 2  0 109824 2577708   2064 443392    0    0  1024     0 1355  352 25  0 74  0  0
 2  0 109824 2577708   2064 443392    0    0  1280     0 1409  418 25  1 74  0  0
 2  0 109824 2577708   2064 443392    0    0  1024    32 1507  462 25  0 75  0  0
 2  0 109824 2577708   2064 443392    0    0  1280     0 1330  400 26  1 74  0  0
 2  0 109824 2577708   2064 443392    0    0  1164     0 1401  420 25  1 74  0  0
 2  0 109824 2577708   2064 443392    0    0  1280     0 1435  471 25  1 74  0  0
 2  0 109824 2577708   2064 443392    0    0  1024    72 1346  353 25  1 74  0  0
 2  0 109824 2577708   2064 443392    0    0  1280    76 1383  469 26  1 74  0  0
 2  0 109824 2577708   2064 443392    0    0  1024     0 1269  306 25  0 75  0  0
 2  0 109824 2577708   2064 443392    0    0  1280     0 1319  409 25  1 74  0  0
procs -----------memory---------- ---swap-- -----io---- -system-- ------cpu-----
 r  b   swpd   free   buff  cache   si   so    bi    bo   in   cs us sy id wa st
 2  0 109824 2577708   2064 443392    0    0  1024     0 1335  313 25  0 75  0  0
 2  0 109824 2577708   2064 443392    0    0  1280   740 1497  497 25  1 74  0  0
 2  0 109824 2577708   2064 443392    0    0  1024    36 1289  320 25  0 75  0  0
 2  0 109824 2577708   2064 443392    0    0  1280     0 1337  407 25  1 74  0  0
 2  0 109824 2577708   2064 443392    0    0  1024     0 1277  316 25  0 75  0  0
 2  0 109824 2577708   2064 443392    0    0  1280     0 1352  408 25  1 74  0  0
 2  0 109824 2577708   2064 443392    0    0  1024     0 1378  354 25  0 74  0  0
 2  0 109824 2577708   2064 443392    0    0  1280    32 1335  412 25  1 74  0  0
 2  0 109824 2577708   2064 443392    0    0  1024  3684 1304  346 25  0 75  0  0
 2  0 109824 2577708   2064 443392    0    0  1280     0 1317  391 25  1 74  0  0
 2  0 109824 2577708   2064 443392    0    0  1280     0 1342  358 25  1 74  0  0
 2  0 109824 2577708   2064 443392    0    0  1024     0 1373  473 25  1 74  0  0
 2  0 109824 2577708   2064 443392    0    0  1280    60 1304  368 25  0 75  0  0
 2  0 109824 2577708   2064 443392    0    0  1024   104 1423  435 26  1 74  0  0
 2  0 109824 2577708   2064 443392    0    0  1280     0 1264  308 25  0 75  0  0
 2  0 109824 2577708   2064 443392    0    0  1024     0 1368  455 25  1 74  0  0
 2  0 109824 2577708   2064 443392    0    0  1280     0 1260  307 25  0 75  0  0
 2  0 109824 2577708   2064 443392    0    0  1024     0 1344  452 25  1 74  0  0
 2  0 109824 2577708   2064 443392    0    0  1280    32 1253  304 25  0 75  0  0
 2  0 109824 2577708   2064 443392    0    0  1024     0 1602  781 25  1 74  0  0
 2  0 109824 2577708   2064 443392    0    0  1280     0 1320  349 25  0 74  0  0
procs -----------memory---------- ---swap-- -----io---- -system-- ------cpu-----
 r  b   swpd   free   buff  cache   si   so    bi    bo   in   cs us sy id wa st
 2  0 109824 2577708   2064 443392    0    0  1024     0 1336  402 25  1 74  0  0
 2  0 109824 2577708   2064 443392    0    0  1280     0 1272  307 25  0 75  0  0
 2  0 109824 2577708   2064 443392    0    0  1024    52 1374  448 25  1 74  0  0
 2  0 109824 2577708   2064 443392    0    0  1280     0 1297  316 25  0 75  0  0
 2  0 109824 2577708   2064 443392    0    0  1024     8 1372  461 25  1 74  0  0
 2  0 109824 2577708   2064 443392    0    0  1280     4 1282  326 25  0 75  0  0
 2  0 109824 2577708   2064 443392    0    0  1024     0 1321  404 25  0 74  0  0
 2  0 109824 2577708   2064 443392    0    0  1280    32 1241  301 25  0 75  0  0
 2  0 109824 2577708   2064 443392    0    0  1024     0 1324  397 25  1 74  0  0
 2  0 109824 2577708   2064 443392    0    0  1280     0 1295  322 25  0 75  0  0
 2  0 109824 2577708   2064 443392    0    0  1024     0 1488  528 25  1 74  0  0
 2  0 109824 2577708   2064 443392    0    0  1280    40 1263  303 25  0 75  0  0
 2  0 109824 2577708   2064 443392    0    0  1024   796 1513  532 25  1 74  0  0
 2  0 109824 2577708   2064 443392    0    0  1280     0 1235  272 25  0 75  0  0
 2  0 109824 2577708   2064 443392    0    0  1024     0 1358  436 25  1 74  0  0
 2  0 109824 2577708   2064 443392    0    0  1280     0 1245  284 25  0 75  0  0
 2  0 109824 2577708   2064 443392    0    0  1024     0 1310  392 25  1 74  0  0
 2  0 109824 2577708   2064 443392    0    0  1280    32 1249  298 25  0 74  0  0
 2  0 109824 2577708   2064 443392    0    0  1036  3656 1373  463 25  1 74  0  0
 2  0 109824 2577708   2064 443392    0    0  1280     0 1302  332 25  0 75  0  0
 2  0 109824 2577708   2064 443392    0    0  1024     0 1343  435 25  1 74  0  0
procs -----------memory---------- ---swap-- -----io---- -system-- ------cpu-----
 r  b   swpd   free   buff  cache   si   so    bi    bo   in   cs us sy id wa st
 2  0 109824 2577708   2064 443392    0    0  1280     0 1251  288 25  0 75  0  0
 2  0 109824 2577708   2064 443392    0    0  1280   348 1366  449 25  1 74  0  0
 2  0 109824 2577708   2064 443392    0    0  1024     0 1315  308 25  0 75  0  0
 3  0 109824 2577708   2064 443392    0    0  1280     0 1467  502 25  1 74  0  0
 2  0 109824 2577708   2064 443392    0    0  1024     0 1241  283 25  0 75  0  0
 2  0 109824 2577708   2064 443392    0    0  1280     0 1355  429 25  1 74  0  0
 2  0 109824 2577708   2064 443392    0    0  1024   104 1412  410 25  1 74  0  0
 2  0 109824 2577708   2064 443392    0    0  1280     0 1306  394 25  1 74  0  0
 2  0 109824 2577708   2064 443392    0    0  1024   224 1283  299 25  0 75  0  0
 2  0 109824 2577708   2064 443392    0    0  1280     4 1365  430 25  1 74  0  0
 2  0 109824 2577708   2064 443392    0    0  1024     0 1319  347 25  1 74  0  0
 2  0 109824 2577708   2064 443392    0    0  1280    36 1377  462 25  1 74  0  0
 2  0 109824 2577708   2064 443392    0    0  1024     0 1287  353 25  0 74  0  0
 2  0 109824 2577708   2064 443392    0    0  1280     0 1327  414 25  1 74  0  0
 2  0 109824 2577708   2064 443392    0    0  1024   308 1463  419 25  0 74  0  0
 2  0 109824 2577708   2064 443392    0    0  1280     0 1369  425 25  1 74  0  0
 2  0 109824 2577708   2064 443392    0    0  1024    36 1262  315 25  0 75  0  0
 2  0 109824 2577708   2064 443392    0    0  1280    20 1317  404 25  1 74  0  0
 2  0 109824 2577708   2064 443392    0    0  1024     0 1220  278 25  0 75  0  0
 2  0 109824 2577708   2064 443392    0    0  1280     0 1308  401 25  1 74  0  0
 2  0 109824 2577708   2064 443392    0    0  1024   152 1281  312 25  1 75  0  0
procs -----------memory---------- ---swap-- -----io---- -system-- ------cpu-----
 r  b   swpd   free   buff  cache   si   so    bi    bo   in   cs us sy id wa st
 2  0 109824 2577708   2064 443392    0    0  1280    36 1365  461 25  0 74  0  0
 2  0 109824 2577708   2064 443392    0    0  1024    40 1279  300 25  1 74  0  0
 2  0 109824 2577708   2064 443392    0    0  1280     0 1312  401 25  1 74  0  0
 2  0 109824 2577708   2064 443392    0    0  1280     0 1333  328 25  0 75  0  0
 2  0 109824 2577708   2064 443392    0    0  1024     0 1333  449 26  1 74  0  0
 2  0 109824 2577708   2064 443392    0    0  1280    12 1248  288 25  0 75  0  0
 2  0 109824 2577708   2064 443392    0    0  1024    48 1431  474 25  1 74  0  0
 2  0 109824 2577708   2064 443392    0    0  1284  3560 1334  338 25  0 75  0  0
 2  0 109824 2577708   2064 443392    0    0  1024     0 1352  466 25  1 74  0  0
 2  0 109824 2577708   2064 443392    0    0  1280     0 1356  340 25  0 75  0  0
 2  0 109824 2577708   2064 443392    0    0  1024     0 1393  440 25  1 74  0  0
 2  0 109824 2577708   2064 443392    0    0  1280    68 1231  277 25  0 75  0  0
 2  0 109824 2577708   2064 443392    0    0  1024     0 1326  421 25  1 74  0  0
 2  0 109824 2577708   2064 443392    0    0  1280     0 1254  293 25  0 75  0  0
 2  0 109824 2577708   2064 443392    0    0  1024     0 1324  419 25  1 74  0  0
 2  0 109824 2577708   2064 443392    0    0  1280     0 1352  343 25  0 75  0  0
 2  0 109824 2577708   2064 443392    0    0  1024    32 1405  454 25  1 74  0  0
 2  0 109824 2577708   2064 443392    0    0  1280     0 1253  286 25  0 75  0  0
 2  0 109824 2577708   2064 443392    0    0  1024     0 1549  723 25  1 74  0  0
 2  0 109824 2577708   2064 443392    0    0  1280     0 1289  303 25  0 75  0  0
 2  0 109824 2577708   2064 443392    0    0  1024     0 1335  433 25  1 74  0  0
procs -----------memory---------- ---swap-- -----io---- -system-- ------cpu-----
 r  b   swpd   free   buff  cache   si   so    bi    bo   in   cs us sy id wa st
 2  0 109824 2577708   2064 443392    0    0  1280    36 1324  350 25  0 75  0  0
 2  0 109824 2577708   2064 443392    0    0  1024     0 1392  450 25  1 74  0  0
 2  0 109824 2577708   2064 443392    0    0  1280     0 1461  411 25  0 74  0  0
 2  0 109824 2577708   2064 443392    0    0  1024     0 1406  473 25  1 74  0  0
 3  0 109824 2577708   2064 443392    0    0  1280     0 1278  301 25  1 75  0  0
 2  0 109824 2577708   2064 443392    0    0  1024    32 1337  435 25  0 75  0  0
 2  0 109824 2577708   2064 443392    0    0  1280  2400 1241  301 25  0 74  0  0
 2  0 109824 2577708   2064 443392    0    0  1024     0 1379  455 25  1 74  0  0
 2  0 109824 2577708   2064 443392    0    0  1280     0 1304  321 25  0 74  0  0
 2  0 109824 2577708   2064 443392    0    0  1024   716 1479  511 25  1 74  0  0
 2  0 109824 2577708   2064 443392    0    0  1280    64 1213  277 25  0 75  0  0
 2  0 109824 2577708   2064 443392    0    0  1024     0 1485  537 25  1 74  0  0
 2  0 109824 2577708   2064 443392    0    0  1280     0 1248  293 25  0 75  0  0
 2  0 109824 2577708   2064 443392    0    0  1024     0 1308  397 25  1 74  0  0
 3  0 109824 2577708   2064 443392    0    0  1280     0 1234  282 25  0 75  0  0
 2  0 109824 2577708   2064 443392    0    0  1280    64 1317  406 25  1 74  0  0
 2  0 109824 2577708   2064 443392    0    0  1024   204 1277  343 25  0 74  0  0
 2  0 109824 2577708   2064 443392    0    0  1280     0 1519  533 27  1 73  0  0
 2  0 109824 2577708   2064 443392    0    0  1024     0 1287  315 25  1 75  0  0
 2  0 109824 2577708   2064 443392    0    0  1280     0 1298  390 25  1 74  0  0
 2  0 109824 2577708   2064 443392    0    0  1024     0 1258  288 25  0 75  0  0
procs -----------memory---------- ---swap-- -----io---- -system-- ------cpu-----
 r  b   swpd   free   buff  cache   si   so    bi    bo   in   cs us sy id wa st
 2  0 109824 2577708   2064 443392    0    0  1284   372 1496  610 25  1 74  1  0
 2  0 109824 2577708   2064 443392    0    0  1024     0 1274  275 25  0 75  0  0
 2  0 109824 2577708   2064 443392    0    0  1280     0 1402  464 25  1 74  0  0
 2  0 109824 2577708   2064 443392    0    0  1024     0 1418  394 25  1 74  0  0
 2  0 109824 2577708   2064 443392    0    0  1280     0 1474  554 26  1 73  0  0
 2  0 109824 2577708   2064 443392    0    0  1024    32 1239  295 25  0 75  0  0
 2  0 109824 2577708   2064 443392    0    0  1280     0 1392  459 25  1 74  0  0
 2  0 109824 2577708   2064 443392    0    0  1024     0 1286  306 25  1 75  0  0
 2  0 109824 2577708   2064 443392    0    0  1280     0 1436  468 26  1 74  0  0
 2  0 109824 2577708   2064 443392    0    0  1060     0 1483  473 25  1 74  0  0
 2  0 109824 2577708   2064 443392    0    0  1280    60 1337  418 25  1 74  0  0
 2  0 109824 2577708   2064 443392    0    0  1024   512 1388  410 25  0 75  0  0
 2  0 109824 2577708   2064 443392    0    0  1280     0 1392  454 25  1 74  0  0
 2  0 109824 2577708   2064 443392    0    0  1024     0 1302  319 25  0 74  0  0
 2  0 109824 2577708   2064 443392    0    0  1280     8 1433  487 25  1 74  0  0
 2  0 109824 2577708   2064 443392    0    0  1024    36 1277  298 25  0 75  0  0
 2  0 109824 2577708   2064 443392    0    0  1280  3368 1403  450 25  1 74  0  0
 2  0 109824 2577708   2064 443392    0    0  1024     0 1250  289 25  0 75  0  0
 2  0 109824 2577708   2064 443392    0    0  1280     0 1341  404 25  1 74  0  0
 2  0 109824 2577708   2064 443392    0    0  1024   352 1322  346 25  0 74  0  0
 2  0 109824 2577708   2064 443392    0    0  1280     0 1304  389 25  0 74  0  0
procs -----------memory---------- ---swap-- -----io---- -system-- ------cpu-----
 r  b   swpd   free   buff  cache   si   so    bi    bo   in   cs us sy id wa st
 2  0 109824 2577708   2064 443392    0    0  1024   320 1301  325 25  0 74  0  0
 2  0 109824 2577708   2064 443392    0    0  1280     0 1319  419 25  1 74  0  0
 3  0 109824 2577708   2064 443392    0    0  1280     0 1309  314 25  0 75  0  0
 2  0 109824 2577708   2064 443392    0    0  1024     0 1436  470 25  1 74  0  0
 2  0 109824 2577708   2064 443392    0    0  1280   136 1281  284 25  0 75  0  0
 2  0 109824 2577708   2064 443392    0    0  1024    84 1426  517 25  1 74  0  0
 2  0 109824 2577708   2064 443392    0    0  1280     0 1273  296 25  0 75  0  0
 2  0 109824 2577708   2064 443392    0    0  1024     0 1324  405 25  1 74  0  0
 2  0 109824 2577708   2064 443392    0    0  1280     0 1248  285 25  0 75  0  0
 2  0 109824 2577708   2064 443392    0    0  1024     0 1351  458 25  1 74  0  0
 2  0 109824 2577708   2064 443392    0    0  1280   116 1339  331 25  0 75  0  0
 2  0 109824 2577708   2064 443392    0    0  1024     0 1320  401 25  1 74  0  0
 2  0 109824 2577708   2064 443392    0    0  1280     0 1320  334 25  0 75  0  0
 2  0 109824 2577708   2064 443392    0    0  1024     0 1346  411 25  1 74  0  0
 2  0 109824 2577708   2064 443392    0    0  1280     0 1379  358 25  1 75  0  0
 2  0 109824 2577708   2064 443392    0    0  1024    36 1391  433 25  1 74  0  0
 2  0 109824 2577708   2064 443392    0    0  1280     0 1417  565 25  0 75  0  0
 2  0 109824 2577708   2064 443392    0    0  1024     0 1450  504 25  1 74  0  0
 2  0 109824 2577708   2064 443392    0    0  1280     0 1387  354 25  1 74  0  0
 2  0 109824 2577708   2064 443392    0    0  1024     0 1341  409 25  1 74  0  0
 2  0 109824 2577708   2064 443392    0    0  1280    36 1239  295 25  0 75  0  0
procs -----------memory---------- ---swap-- -----io---- -system-- ------cpu-----
 r  b   swpd   free   buff  cache   si   so    bi    bo   in   cs us sy id wa st
 2  0 109824 2577708   2064 443392    0    0  1024   696 1628  574 25  1 74  0  0
 2  0 109824 2577708   2064 443392    0    0  1280     0 1291  326 25  0 75  0  0
 2  0 109824 2577708   2064 443392    0    0  1280     0 1349  430 25  1 74  0  0
 2  0 109824 2577708   2064 443392    0    0  1024     0 1218  275 25  0 75  0  0
 2  0 109824 2577708   2064 443392    0    0  1280    36 1425  518 25  1 74  0  0
 2  0 109824 2577708   2064 443392    0    0  1024  3300 1242  291 25  0 75  0  0
 2  0 109824 2577708   2064 443392    0    0  1280     0 1308  409 25  1 74  0  0
 2  0 109824 2577708   2064 443392    0    0  1024     0 1222  262 25  0 75  0  0
 2  0 109824 2577708   2064 443392    0    0  1280     0 1290  393 25  1 74  0  0
 2  0 109824 2577708   2064 443392    0    0  1024    48 1350  365 25  0 74  0  0
 2  0 109824 2577708   2064 443392    0    0  1280   256 1392  440 25  1 74  0  0
 2  0 109824 2577708   2064 443392    0    0  1024     0 1239  270 25  0 75  0  0
 2  0 109824 2577708   2064 443392    0    0  1280     0 1422  449 25  1 74  0  0
 2  0 109824 2577708   2064 443392    0    0  1024     0 1313  317 25  1 74  0  0
 2  0 109824 2577708   2064 443392    0    0  1280    48 1351  461 25  0 74  0  0
 2  0 109824 2577708   2064 443392    0    0  1024     0 1294  323 25  0 75  0  0
 2  0 109824 2577708   2064 443392    0    0  1280     0 1311  386 25  0 75  0  0
 2  0 109824 2577708   2064 443392    0    0  1024     0 1354  330 25  1 74  0  0
 2  0 109824 2577708   2064 443392    0    0  1280     0 1388  474 25  1 74  0  0
 2  0 109824 2577708   2064 443392    0    0  1024    32 1258  304 25  0 75  0  0
 2  0 109824 2577708   2064 443392    0    0  1284    48 1318  412 25  1 74  0  0
procs -----------memory---------- ---swap-- -----io---- -system-- ------cpu-----
 r  b   swpd   free   buff  cache   si   so    bi    bo   in   cs us sy id wa st
 2  0 109824 2577708   2064 443392    0    0  1024     0 1271  316 25  0 75  0  0
 2  0 109824 2577708   2064 443392    0    0  1280     0 1458  490 25  1 74  0  0
 2  0 109824 2577708   2064 443392    0    0  1280     0 1356  356 25  1 74  0  0
 2  0 109824 2577708   2064 443392    0    0  1024     0 1342  424 25  1 74  0  0
 2  0 109824 2577708   2064 443392    0    0  1280   128 1264  304 25  0 74  0  0
 2  0 109824 2577708   2064 443392    0    0  1024     0 1343  427 25  1 74  0  0
 2  0 109824 2577708   2064 443392    0    0  1280     0 1375  382 25  0 74  0  0
 2  0 109824 2577708   2064 443392    0    0  1024     0 1321  399 25  1 74  0  0
 2  0 109824 2577708   2064 443392    0    0  1280     4 1354  335 25  0 75  0  0
 2  0 109824 2577708   2064 443392    0    0  1024   756 1540  496 25  0 74  0  0
 2  0 109824 2577708   2064 443392    0    0  1280     0 1208  272 25  0 75  0  0
 2  0 109824 2577708   2064 443392    0    0  1024     0 1331  412 25  1 74  0  0
 2  0 109824 2577708   2064 443392    0    0  1280     0 1304  330 25  0 75  0  0
 2  0 109824 2577708   2064 443392    0    0  1024     0 1424  463 25  1 74  0  0
 2  0 109824 2577708   2064 443392    0    0  1280    36 1334  332 25  1 74  0  0
 2  0 109824 2577708   2064 443392    0    0  1024  3368 1449  474 25  1 74  0  0
 2  0 109824 2577708   2064 443392    0    0  1280     0 1259  287 25  0 75  0  0
 2  0 109824 2577708   2064 443392    0    0  1024     0 1283  373 25  1 74  0  0
 2  0 109824 2577708   2064 443392    0    0  1280     0 1279  304 25  0 75  0  0
 2  0 109824 2577708   2064 443392    0    0  1024    56 1312  399 25  1 74  0  0
 2  0 109824 2577708   2064 443392    0    0  1280   256 1291  318 25  0 75  0  0
procs -----------memory---------- ---swap-- -----io---- -system-- ------cpu-----
 r  b   swpd   free   buff  cache   si   so    bi    bo   in   cs us sy id wa st
 2  0 109824 2577708   2064 443392    0    0  1024     0 1320  401 25  1 74  0  0
 2  0 109824 2577708   2064 443392    0    0  1280     0 1224  272 25  0 75  0  0
 2  0 109824 2577708   2064 443392    0    0  1024     0 1352  457 25  1 74  0  0
 2  0 109824 2577708   2064 443392    0    0  1280    48 1326  350 25  0 74  0  0
 2  0 109824 2577708   2064 443392    0    0  1024     0 1351  418 25  1 74  0  0
 2  0 109824 2577708   2064 443392    0    0  1280     8 1223  284 25  0 75  0  0
 2  0 109824 2577708   2064 443392    0    0  1024     0 1407  456 25  1 74  0  0
 2  0 109824 2577708   2064 443392    0    0  1280     0 1269  309 25  1 75  0  0
 2  0 109824 2577708   2064 443392    0    0  1280    32 1329  419 25  1 74  0  0
 2  0 109824 2577708   2064 443392    0    0  1024    48 1293  336 25  0 75  0  0
 2  0 109824 2577708   2064 443392    0    0  1280     0 1320  398 25  1 74  0  0
 2  0 109824 2577708   2064 443392    0    0  1024     0 1297  312 25  0 75  0  0
 2  0 109824 2577708   2064 443392    0    0  1280     0 1446  473 25  1 74  0  0
 2  0 109824 2577708   2064 443392    0    0  1024    60 1294  337 25  0 75  0  0
 2  0 109824 2577708   2064 443392    0    0  1280     0 1332  405 25  1 74  0  0
 2  0 109824 2577708   2064 443392    0    0  1024     0 1455  583 25  0 75  0  0
 2  0 109824 2577708   2064 443392    0    0  1280     4 1377  411 25  1 74  0  0
 2  0 109824 2577708   2064 443392    0    0  1024     0 1253  288 25  0 75  0  0
 2  0 109824 2577708   2064 443392    0    0  1280    32 1306  393 25  1 74  0  0
 2  0 109824 2577708   2064 443392    0    0  1024  3020 1303  314 25  0 74  0  0
 2  0 109824 2577708   2064 443392    0    0  1280     0 1277  377 25  1 74  0  0
procs -----------memory---------- ---swap-- -----io---- -system-- ------cpu-----
 r  b   swpd   free   buff  cache   si   so    bi    bo   in   cs us sy id wa st
 2  0 109824 2577708   2064 443392    0    0  1024   752 1425  411 25  0 75  0  0
 2  0 109824 2577708   2064 443392    0    0  1280     0 1301  394 25  1 74  0  0
 2  0 109824 2577708   2064 443392    0    0  1024     0 1255  295 25  0 75  0  0
 2  0 109824 2577708   2064 443392    0    0  1280    60 1419  456 25  1 74  0  0
 2  0 109824 2577708   2064 443392    0    0  1024     0 1300  323 25  0 74  0  0
 2  0 109824 2577708   2064 443392    0    0  1280     0 1353  429 25  1 74  0  0
 2  0 109824 2577708   2064 443392    0    0  1024     0 1298  322 25  0 75  0  0
 2  0 109824 2577708   2064 443392    0    0  1280     0 1316  382 25  1 74  0  0
 2  0 109824 2577708   2064 443392    0    0  1024    36 1240  299 25  0 75  0  0
 2  0 109824 2577708   2064 443392    0    0  1280     0 1390  459 25  1 74  0  0
 2  0 109824 2577708   2064 443392    0    0  1280     0 1321  321 25  0 75  0  0
 2  0 109824 2577708   2064 443392    0    0  1024     0 1332  430 25  0 74  0  0
 2  0 109824 2577708   2064 443392    0    0  1280     0 1225  296 25  1 75  0  0
 2  0 109824 2577708   2064 443392    0    0  1024    32 1340  419 25  1 74  0  0
 2  0 109824 2577708   2064 443392    0    0  1280     0 1265  312 25  0 74  0  0
 2  0 109824 2577708   2064 443392    0    0  1024     0 1378  458 25  1 74  0  0
 2  0 109824 2577708   2064 443392    0    0  1280     0 1221  285 25  0 75  0  0
 2  0 109824 2577708   2064 443392    0    0  1024     0 1378  439 25  1 74  0  0
 2  0 109824 2577708   2064 443392    0    0  1280    32 1446  416 25  0 74  0  0
 2  0 109824 2577708   2064 443392    0    0  1024     0 1417  431 25  1 74  0  0
 2  0 109824 2577708   2064 443392    0    0  1280    40 1248  283 25  0 75  0  0
procs -----------memory---------- ---swap-- -----io---- -system-- ------cpu-----
 r  b   swpd   free   buff  cache   si   so    bi    bo   in   cs us sy id wa st
 2  0 109824 2577708   2064 443392    0    0  1024     0 1297  395 25  1 74  0  0
 2  0 109824 2577708   2064 443392    0    0  1280     0 1313  348 25  0 75  0  0
 2  0 109824 2577708   2064 443392    0    0  1024    56 1382  424 26  1 74  0  0
 2  0 109824 2577708   2064 443392    0    0  1280  3044 1300  366 25  0 75  0  0
 2  0 109824 2577708   2064 443392    0    0  1024     0 1362  402 25  1 74  0  0
 2  0 109824 2577708   2064 443392    0    0  1280     0 1324  322 25  0 75  0  0
 2  0 109824 2577708   2064 443392    0    0  1024     0 1335  424 25  1 74  0  0
 2  0 109824 2577708   2064 443392    0    0  1280    56 1252  299 25  0 75  0  0
 2  0 109824 2577708   2064 443392    0    0  1024     0 1354  425 25  1 74  0  0
 2  0 109824 2577708   2064 443392    0    0  1280     0 1319  339 25  0 75  0  0
 2  0 109824 2577708   2064 443392    0    0  1024     0 1322  388 25  1 74  0  0
 2  0 109824 2577708   2064 443392    0    0  1280     0 1256  303 25  1 75  0  0
 2  0 109824 2577708   2064 443392    0    0  1024   760 1500  497 25  1 74  0  0
 2  0 109824 2577708   2064 443392    0    0  1280     0 1286  310 25  0 75  0  0
 2  0 109824 2577708   2064 443392    0    0  1280     0 1301  390 25  1 74  0  0
 2  0 109824 2577708   2064 443392    0    0  1024     4 1271  299 25  0 75  0  0
 2  0 109824 2577708   2064 443392    0    0  1280     0 1430  440 25  1 74  0  0
 2  0 109824 2577708   2064 443392    0    0  1024    36 1285  321 25  1 75  0  0
 2  0 109824 2577708   2064 443392    0    0  1280     0 1346  417 25  1 74  0  0
 2  0 109824 2577708   2064 443392    0    0  1024  1820 1255  304 25  0 75  0  0
 2  0 109824 2577708   2064 443392    0    0  1280     0 1394  465 25  1 74  0  0
procs -----------memory---------- ---swap-- -----io---- -system-- ------cpu-----
 r  b   swpd   free   buff  cache   si   so    bi    bo   in   cs us sy id wa st
 2  0 109824 2577708   2064 443392    0    0  1024     0 1311  336 25  0 75  0  0
 2  0 109824 2577708   2064 443392    0    0  1280     0 1333  394 25  1 74  0  0
 2  0 109824 2577708   2064 443392    0    0  1024   124 1260  301 25  0 74  0  0
 2  0 109824 2577708   2064 443392    0    0  1280     0 1408  471 25  1 74  0  0
 2  0 109824 2577708   2064 443392    0    0  1024     0 1303  311 25  1 74  0  0
 2  0 109824 2577708   2064 443392    0    0  1280     0 1388  442 25  1 74  0  0
 2  0 109824 2577708   2064 443392    0    0  1024     0 1234  289 25  0 75  0  0
 2  0 109824 2577708   2064 443392    0    0  1280    32 1325  412 25  1 74  0  0
 2  0 109824 2577708   2064 443392    0    0  1024     0 1279  273 25  0 75  0  0
 2  0 109824 2577708   2064 443392    0    0  1280     0 1322  386 25  1 74  0  0
 2  0 109824 2577708   2064 443392    0    0  1024    24 1375  371 25  1 74  0  0
 2  0 109824 2577708   2064 443392    0    0  1280     0 1331  382 25  1 74  0  0
 2  0 109824 2577708   2064 443392    0    0  1024    56 1275  305 25  0 75  0  0
 2  0 109824 2577708   2064 443392    0    0  1280     0 1479  648 25  1 74  0  0
 2  0 109824 2577708   2064 443392    0    0  1280     0 1274  307 25  0 75  0  0
 2  0 109824 2577708   2064 443392    0    0  1024     0 1372  451 25  1 74  0  0
 2  0 109824 2577708   2064 443392    0    0  1024     0 1347  362 25  0 75  0  0
 2  0 109824 2577708   2064 443392    0    0  1280    32 1315  397 25  1 74  0  0
 2  0 109824 2577708   2064 443392    0    0  1280     0 1333  343 25  0 75  0  0
 2  0 109824 2577708   2064 443392    0    0  1024     0 1369  438 25  1 74  0  0
 2  0 109824 2577708   2064 443392    0    0  1280     0 1291  330 25  1 74  0  0
procs -----------memory---------- ---swap-- -----io---- -system-- ------cpu-----
 r  b   swpd   free   buff  cache   si   so    bi    bo   in   cs us sy id wa st
 2  0 109824 2577708   2064 443392    0    0  1024     0 1342  407 25  1 74  0  0
 2  0 109824 2577708   2064 443392    0    0  1280    32 1319  342 25  0 74  0  0
 2  0 109824 2577708   2064 443392    0    0  1024   672 1591  545 25  1 74  0  0
 2  0 109824 2577708   2064 443392    0    0  1280     0 1352  353 25  0 74  0  0
 2  0 109824 2577708   2064 443392    0    0  1024     0 1328  408 25  1 74  0  0
 2  0 109824 2577708   2064 443392    0    0  1280     0 1222  282 25  0 75  0  0
 2  0 109824 2577708   2064 443392    0    0  1024    36 1292  386 25  1 74  0  0
 2  0 109824 2577708   2064 443392    0    0  1280     0 1363  352 25  0 75  0  0
 2  0 109824 2577708   2064 443392    0    0  1024  3620 1335  432 25  1 74  0  0
 2  0 109824 2577708   2064 443392    0    0  1280     0 1256  290 25  0 75  0  0
 2  0 109824 2577708   2064 443392    0    0  1024     0 1334  415 25  1 74  0  0
 2  0 109824 2577708   2064 443392    0    0  1280    56 1275  299 25  0 74  0  0
 2  0 109824 2577708   2064 443392    0    0  1024     0 1363  455 25  1 74  0  0
 2  0 109824 2577708   2064 443392    0    0  1280     0 1250  292 25  0 75  0  0
 2  0 109824 2577708   2064 443392    0    0  1024     0 1290  388 25  1 74  0  0
 2  0 109824 2577708   2064 443392    0    0  1280     0 1267  296 25  0 75  0  0
 2  0 109824 2577708   2064 443392    0    0  1024    32 1516  523 25  1 74  0  0
 2  0 109824 2577708   2064 443392    0    0  1280    60 1263  284 25  0 75  0  0
 2  0 109824 2577708   2064 443392    0    0  1024     0 1320  404 25  1 74  0  0
 2  0 109824 2577708   2064 443392    0    0  1280     0 1271  291 25  0 75  0  0
 2  0 109824 2577708   2064 443392    0    0  1280     0 1362  428 25  1 74  0  0
procs -----------memory---------- ---swap-- -----io---- -system-- ------cpu-----
 r  b   swpd   free   buff  cache   si   so    bi    bo   in   cs us sy id wa st
 2  0 109824 2577708   2064 443392    0    0  1024    32 1368  406 25  1 74  0  0
 2  0 109824 2577708   2064 443392    0    0  1280     0 1327  396 25  1 74  0  0
 2  0 109824 2577708   2064 443392    0    0  1024    48 1290  335 25  1 75  0  0
 2  0 109824 2577708   2064 443392    0    0  1280     0 1335  408 25  1 74  0  0
 2  0 109824 2577708   2064 443392    0    0  1024     0 1285  310 25  0 75  0  0
 2  0 109824 2577708   2064 443392    0    0  1280     0 1335  379 25  1 74  0  0
 2  0 109824 2577708   2064 443392    0    0  1024    56 1288  320 25  0 75  0  0
 2  0 109824 2577708   2064 443392    0    0  1280     0 1391  430 25  1 74  0  0
 2  0 109824 2577708   2064 443392    0    0  1024     0 1249  289 25  0 75  0  0
 2  0 109824 2577708   2064 443392    0    0  1280     0 1316  407 25  1 74  0  0
 2  0 109824 2577708   2064 443392    0    0  1024     0 1250  296 25  0 75  0  0
 2  0 109824 2577708   2064 443392    0    0  1280   604 1475  481 25  1 74  0  0
 2  0 109824 2577708   2064 443392    0    0  1024     0 1240  292 25  0 75  0  0
 2  0 109824 2577708   2064 443392    0    0  1280     0 1292  389 25  1 74  0  0
 2  0 109824 2577708   2064 443392    0    0  1024     0 1275  310 25  0 75  0  0
 2  0 109824 2577708   2064 443392    0    0  1280     0 1370  426 25  1 74  0  0
 2  0 109824 2577708   2064 443392    0    0  1024    36 1364  383 25  1 74  0  0
 2  0 109824 2577708   2064 443392    0    0  1280     0 1334  439 25  1 74  0  0
 2  0 109824 2577708   2064 443392    0    0  1024  3624 1333  342 25  0 75  0  0
 2  0 109824 2577708   2064 443392    0    0  1280     0 1300  383 25  1 74  0  0
 2  0 109824 2577708   2064 443392    0    0  1024     0 1241  281 25  0 75  0  0
procs -----------memory---------- ---swap-- -----io---- -system-- ------cpu-----
 r  b   swpd   free   buff  cache   si   so    bi    bo   in   cs us sy id wa st
 2  0 109824 2577708   2064 443392    0    0  1280    72 1398  480 25  1 74  0  0
 2  0 109824 2577708   2064 443392    0    0  1024     0 1269  315 25  0 75  0  0
 2  0 109824 2577708   2064 443392    0    0  1280     0 1377  418 25  1 74  0  0
 2  0 109824 2577708   2064 443392    0    0  1280     0 1309  350 25  0 75  0  0
 2  0 109824 2577708   2064 443392    0    0  1024     0 1439  485 25  1 74  0  0
 2  0 109824 2577708   2064 443392    0    0  1280    36 1256  308 25  0 75  0  0
 2  0 109824 2577708   2064 443392    0    0  1024     0 1340  419 25  1 74  0  0
 2  0 109824 2577708   2064 443392    0    0  1280     0 1337  340 25  0 75  0  0
 2  0 109824 2577708   2064 443392    0    0  1024     0 1308  383 25  1 74  0  0
 2  0 109824 2577708   2064 443392    0    0  1280     0 1322  350 25  0 74  0  0
 2  0 109824 2577708   2064 443392    0    0  1024   116 1347  392 25  1 74  0  0
 2  0 109824 2577708   2064 443392    0    0  1280    32 1445  594 25  1 75  0  0
 2  0 109824 2577708   2064 443392    0    0  1024     0 1314  401 25  1 74  0  0
 2  0 109824 2577708   2064 443392    0    0  1280     0 1291  319 25  0 75  0  0
 2  0 109824 2577708   2064 443392    0    0  1024     0 1311  409 25  1 74  0  0
 2  0 109824 2577708   2064 443392    0    0  1280    56 1342  339 25  0 75  0  0
 2  0 109824 2577708   2064 443392    0    0  1024     0 1370  424 25  1 74  0  0
 2  0 109824 2577708   2064 443392    0    0  1280     0 1280  317 25  0 75  0  0
 2  0 109824 2577708   2064 443392    0    0  1024     0 1351  394 25  1 74  0  0
 2  0 109824 2577708   2064 443392    0    0  1280     0 1321  310 25  0 75  0  0
 2  0 109824 2577708   2064 443392    0    0  1024    32 1336  405 25  1 74  0  0
procs -----------memory---------- ---swap-- -----io---- -system-- ------cpu-----
 r  b   swpd   free   buff  cache   si   so    bi    bo   in   cs us sy id wa st
 2  0 109824 2577708   2064 443392    0    0  1280    32 1317  325 25  1 75  0  0
 2  0 109824 2577708   2064 443392    0    0  1024     0 1483  502 25  1 74  0  0
 2  0 109824 2577708   2064 443392    0    0  1280     0 1236  279 25  0 74  0  0
 2  0 109824 2577708   2064 443392    0    0  1024   752 1528  578 25  1 74  0  0
 2  0 109824 2577708   2064 443392    0    0  1280    36 1249  297 25  0 74  0  0
 2  0 109824 2577708   2064 443392    0    0  1024     0 1378  478 25  1 74  0  0
 2  0 109824 2577708   2064 443392    0    0  1280     0 1219  280 25  0 75  0  0
 2  0 109824 2577708   2064 443392    0    0  1024  3624 1333  415 25  1 74  0  0
 2  0 109824 2577708   2064 443392    0    0  1280     0 1410  379 25  1 74  0  0
 2  0 109824 2577708   2064 443392    0    0  1024     0 1404  443 25  1 74  0  0
 2  0 109824 2577708   2064 443392    0    0  1280    68 1299  304 25  1 75  0  0
 2  0 109824 2577708   2064 443392    0    0  1280     0 1510  512 25  1 74  0  0
 2  0 109824 2577708   2064 443392    0    0  1024     0 1285  326 25  0 75  0  0
 2  0 109824 2577708   2064 443392    0    0  1280   364 1482  480 25  1 74  0  0
 2  0 109824 2577708   2064 443392    0    0  1024     4 1268  307 25  0 75  0  0
 2  0 109824 2577708   2064 443392    0    0  1280    36 1357  431 25  1 74  0  0
 2  0 109824 2577708   2064 443392    0    0  1024     0 1308  329 25  0 75  0  0
 2  0 109824 2577708   2064 443392    0    0  1280     0 1408  461 26  1 74  0  0
 2  0 109824 2577708   2064 443392    0    0  1024     0 1286  343 25  0 75  0  0
 2  0 109824 2577708   2064 443392    0    0  1280     0 1424  447 25  1 74  0  0
 2  0 109824 2577708   2064 443392    0    0  1024    32 1342  336 25  0 75  0  0
procs -----------memory---------- ---swap-- -----io---- -system-- ------cpu-----
 r  b   swpd   free   buff  cache   si   so    bi    bo   in   cs us sy id wa st
 2  0 109824 2577708   2064 443392    0    0  1280     0 1431  480 25  1 74  0  0
 2  0 109824 2577708   2064 443392    0    0  1024    52 1242  295 25  0 75  0  0
 2  0 109824 2577708   2064 443392    0    0  1280     0 1316  397 25  1 74  0  0
 2  0 109824 2577708   2064 443392    0    0  1024     0 1308  317 25  0 75  0  0
 2  0 109824 2577708   2064 443392    0    0  1280    56 1412  461 25  1 74  0  0
 2  0 109824 2577708   2064 443392    0    0  1024     0 1249  305 25  0 75  0  0
 2  0 109824 2577708   2064 443392    0    0  1280     0 1451  471 25  1 74  0  0
 2  0 109824 2577708   2064 443392    0    0  1024     0 1242  274 25  1 75  0  0
 2  0 109824 2577708   2064 443392    0    0  1280     0 1301  412 25  1 74  0  0
 2  0 109824 2577708   2064 443392    0    0  1024    32 1229  316 25  0 75  0  0
 2  0 109824 2577708   2064 443392    0    0  1280     0 1429  492 26  1 74  0  0
 2  0 109824 2577708   2064 443392    0    0  1280     0 1301  334 25  0 75  0  0
 2  0 109824 2577708   2064 443392    0    0  1024     0 1357  424 25  1 74  0  0
 4  0 109824 2577708   2064 443392    0    0  1280     0 1302  363 25  0 75  0  0
 2  0 109824 2577708   2064 443392    0    0  1024    88 1362  434 25  1 74  0  0
 2  0 109824 2577708   2064 443392    0    0  1280     0 1324  358 25  0 75  0  0
 2  0 109824 2577708   2064 443392    0    0  1024     0 1352  431 25  1 74  0  0
 2  0 109824 2577708   2064 443392    0    0  1284  3620 1304  328 25  1 74  0  0
 2  0 109824 2577708   2064 443392    0    0  1024     0 1325  405 25  1 74  0  0
 2  0 109824 2577708   2064 443392    0    0  1280    60 1257  304 25  0 75  0  0
 2  0 109824 2577708   2064 443392    0    0  1024    48 1336  402 25  1 74  0  0
procs -----------memory---------- ---swap-- -----io---- -system-- ------cpu-----
 r  b   swpd   free   buff  cache   si   so    bi    bo   in   cs us sy id wa st
 2  0 109824 2577708   2064 443392    0    0  1280     0 1250  279 25  0 75  0  0
 2  0 109824 2577708   2064 443392    0    0  1024     0 1420  472 25  1 74  0  0
 2  0 109824 2577708   2064 443392    0    0  1280     0 1255  294 25  0 75  0  0
 2  0 109824 2577708   2064 443392    0    0  1024   848 1575  570 25  1 74  0  0
 2  0 109824 2577708   2064 443392    0    0  1280     0 1285  320 25  0 74  0  0
 2  0 109824 2577708   2064 443392    0    0  1024     0 1301  395 25  1 75  0  0
 2  0 109824 2577708   2064 443392    0    0  1280     0 1243  281 25  0 75  0  0
 2  0 109824 2577708   2064 443392    0    0  1024     0 1417  472 25  1 74  0  0
 2  0 109824 2577708   2064 443392    0    0  1280    60 1311  321 25  0 75  0  0
 2  0 109824 2577708   2064 443392    0    0  1024     0 1397  448 25  1 74  0  0
 2  0 109824 2577708   2064 443392    0    0  1280     0 1394  557 25  1 75  0  0
 2  0 109824 2577708   2064 443392    0    0  1024     0 1385  453 25  1 74  0  0
 2  0 109824 2577708   2064 443392    0    0  1280     0 1228  261 25  0 74  0  0
 2  0 109824 2577708   2064 443392    0    0  1280    76 1333  426 25  1 74  0  0
 2  0 109824 2577708   2064 443392    0    0  1024   340 1355  331 25  0 74  0  0
 2  0 109824 2577708   2064 443392    0    0  1280     0 1379  437 25  1 74  0  0
 2  0 109824 2577708   2064 443392    0    0  1024     0 1208  271 25  0 75  0  0
 2  0 109824 2577708   2064 443392    0    0  1280     0 1383  448 25  1 74  0  0
 2  0 109824 2577708   2064 443392    0    0  1024     0 1286  319 25  0 74  0  0
 2  0 109824 2577708   2064 443392    0    0  1280   108 1367  438 25  1 74  0  0
 2  0 109824 2577708   2064 443392    0    0  1024   240 1277  298 25  0 75  0  0
procs -----------memory---------- ---swap-- -----io---- -system-- ------cpu-----
 r  b   swpd   free   buff  cache   si   so    bi    bo   in   cs us sy id wa st
 2  0 109824 2577708   2064 443392    0    0  1280     0 1382  481 25  1 74  0  0
 2  0 109824 2577708   2064 443392    0    0  1024   108 1302  369 25  0 74  0  0
 2  0 109824 2577708   2064 443392    0    0  1280     0 1394  474 25  1 74  0  0
 2  0 109824 2577708   2064 443392    0    0  1024     0 1221  283 25  0 75  0  0
