procs -----------memory---------- ---swap-- -----io---- -system-- ------cpu-----
 r  b   swpd   free   buff  cache   si   so    bi    bo   in   cs us sy id wa st
 2  0 109824 2579248   1884 447140    1    5   937   268  374  192 22  1 76  0  0
 2  0 109824 2579248   1884 447140    0    0 17084     0 1711  624 21  3 74  2  0
 2  0 109824 2579248   1884 447140    0    0  1592     0 1305  363 25  1 74  0  0
 2  0 109824 2579248   1884 447140    0    0  1280   224 1254  229 25  1 75  0  0
 2  0 109824 2579248   1884 447140    0    0  1024     0 1233  311 25  1 74  0  0
 2  0 109824 2579248   1884 447140    0    0  1280    36 1239  318 25  1 75  0  0
 2  0 109824 2579248   1884 447140    0    0  1280     8 1247  292 25  1 75  0  0
 2  0 109824 2579248   1884 447140    0    0  1024     0 1154  158 25  0 75  0  0
 2  0 109824 2579248   1884 447140    0    0  1280     0 1292  332 25  0 74  0  0
 2  0 109824 2579248   1884 447140    0    0  1024     0 1340  292 25  1 74  0  0
 2  0 109824 2579248   1884 447140    0    0  1280    32 1262  316 25  0 74  0  0
 2  0 109824 2579248   1884 447140    0    0  1024    44 1175  166 25  0 75  0  0
 2  0 109824 2579248   1884 447140    0    0  1280     0 1238  285 25  0 75  0  0
 2  0 109824 2579248   1884 447140    0    0  1024    24 1317  272 25  1 75  0  0
 2  0 109824 2579248   1884 447140    0    0  1280     0 1226  281 25  0 75  0  0
 2  0 109824 2579248   1884 447140    0    0  1280    56 1177  187 25  0 75  0  0
 2  0 109824 2579248   1884 447140    0    0  1024     0 1262  291 25  0 74  0  0
 2  0 109824 2579248   1884 447140    0    0  1280     0 1171  176 25  0 75  0  0
 2  0 109824 2579248   1884 447140    0    0  1024    12 1273  294 25  1 75  0  0
 2  0 109824 2579248   1884 447140    0    0  1280     0 1216  219 25  0 75  0  0
 2  0 109824 2579248   1884 447140    0    0  1024    44 1268  314 25  1 74  0  0
procs -----------memory---------- ---swap-- -----io---- -system-- ------cpu-----
 r  b   swpd   free   buff  cache   si   so    bi    bo   in   cs us sy id wa st
 2  0 109824 2579248   1884 447140    0    0  1280     0 1158  183 25  0 75  0  0
 2  0 109824 2579248   1884 447140    0    0  1024     0 1269  320 25  1 74  0  0
 2  0 109824 2579248   1884 447140    0    0  1280     0 1191  183 25  0 75  0  0
 2  0 109824 2579248   1884 447140    0    0  1024    12 1271  305 25  1 74  0  0
 2  0 109824 2579248   1884 447140    0    0  1280    44 1182  203 25  0 75  0  0
 2  0 109824 2579248   1884 447140    0    0  1280     0 1263  295 25  1 74  0  0
 2  0 109824 2579248   1884 447140    0    0  1024     0 1233  217 25  0 75  0  0
 2  0 109824 2579248   1884 447140    0    0  1280     0 1234  276 25  0 75  0  0
 2  0 109824 2579248   1884 447140    0    0  1024     0 1261  257 25  0 75  0  0
 2  0 109824 2579248   1884 447140    0    0  1280    80 1238  321 25  1 75  0  0
 2  0 109824 2579248   1884 447140    0    0  1028  4696 1432  393 25  0 74  1  0
 2  0 109824 2579248   1884 447140    0    0  1280     0 1254  290 25  1 74  0  0
 2  0 109824 2579248   1884 447140    0    0  1024     0 1242  223 25  0 74  0  0
 2  0 109824 2579248   1884 447140    0    0  1280     0 1257  277 25  1 75  0  0
 2  0 109824 2579248   1884 447140    0    0  1280    64 1183  238 25  0 74  0  0
 2  0 109824 2579248   1884 447140    0    0  1024     8 1277  310 25  0 75  0  0
 2  0 109824 2579248   1884 447140    0    0  1280     0 1221  216 25  0 75  0  0
 2  0 109824 2579248   1884 447140    0    0  1024     0 1200  261 25  0 75  0  0
 2  0 109824 2579248   1884 447140    0    0  1280     0 1208  210 25  0 75  0  0
 2  0 109824 2579248   1884 447140    0    0  1024    32 1243  293 25  1 74  0  0
 2  0 109824 2579248   1884 447140    0    0  1280     0 1206  229 25  0 75  0  0
procs -----------memory---------- ---swap-- -----io---- -system-- ------cpu-----
 r  b   swpd   free   buff  cache   si   so    bi    bo   in   cs us sy id wa st
 2  0 109824 2579248   1884 447140    0    0  1024    16 1326  334 25  1 74  0  0
 2  0 109824 2579248   1884 447140    0    0  1280     0 1195  171 25  0 75  0  0
 2  0 109824 2579248   1884 447140    0    0  3748     0 1423  459 25  1 73  1  0
 2  0 109824 2579248   1884 447140    0    0  1280    56 1325  459 25  0 75  0  0
 2  0 109824 2579248   1884 447140    0    0  1280    72 1251  275 25  1 74  0  0
 2  0 109824 2579248   1884 447140    0    0  1032   360 1272  236 25  0 75  0  0
 2  0 109824 2579248   1884 447140    0    0  1816     0 1229  259 25  1 74  0  0
 2  0 109824 2579248   1884 447140    0    0  1024    16 1197  270 25  0 75  0  0
 2  0 109824 2579248   1884 447140    0    0  1280     0 1276  296 25  0 75  0  0
 2  0 109824 2579248   1884 447140    0    0  1024    60 1193  211 25  0 75  0  0
 2  0 109824 2579248   1884 447140    0    0  1284  2464 1305  343 25  1 74  1  0
 2  0 109824 2579248   1884 447140    0    0  1024     0 1217  215 25  0 75  0  0
 2  0 109824 2579248   1884 447140    0    0  1280     0 1226  259 25  1 75  0  0
 2  0 109824 2579248   1884 447140    0    0  1024     0 1168  184 25  0 75  0  0
 2  0 109824 2579248   1884 447140    0    0  1280    60 1230  305 25  1 74  0  0
 2  0 109824 2579248   1884 447140    0    0  1280     0 1256  225 25  0 75  0  0
 2  0 109824 2579248   1884 447140    0    0  1024     0 1264  294 25  1 75  0  0
 2  0 109824 2579248   1884 447140    0    0  1280     0 1142  177 25  0 75  0  0
 2  0 109824 2579248   1884 447140    0    0  1024     0 1230  281 25  1 74  0  0
 2  0 109824 2579248   1884 447140    0    0  1280    32 1237  257 25  0 75  0  0
 2  0 109824 2579248   1884 447140    0    0  1024     0 1257  271 25  1 74  0  0
procs -----------memory---------- ---swap-- -----io---- -system-- ------cpu-----
 r  b   swpd   free   buff  cache   si   so    bi    bo   in   cs us sy id wa st
 2  0 109824 2579248   1884 447140    0    0  1280     0 1178  195 25  0 75  0  0
 2  0 109824 2579248   1884 447140    0    0  1024     0 1220  270 25  0 75  0  0
 2  0 109824 2579248   1884 447140    0    0  1280     0 1174  211 25  0 74  0  0
 2  0 109824 2579248   1884 447140    0    0  1280    32 1307  341 25  1 74  0  0
 2  0 109824 2579248   1884 447140    0    0  1024     0 1227  213 25  0 75  0  0
 2  0 109824 2579248   1884 447140    0    0  1280     0 1276  304 25  1 74  0  0
 2  0 109824 2579248   1884 447140    0    0  1024     0 1174  179 25  0 75  0  0
 2  0 109824 2579248   1884 447140    0    0  1280     0 1232  271 25  1 74  0  0
 2  0 109824 2579248   1884 447140    0    0  1024    32 1188  203 25  0 75  0  0
 2  0 109824 2579248   1884 447140    0    0  1280     0 1227  271 25  1 75  0  0
 2  0 109824 2579248   1884 447140    0    0  1024     0 1234  240 25  0 75  0  0
 2  0 109824 2579248   1884 447140    0    0  1280     0 1269  288 25  0 75  0  0
 2  0 109824 2579248   1884 447140    0    0  1280     0 1389  331 25  0 74  0  0
 2  0 109824 2579248   1884 447140    0    0  1024    32 1375  376 25  1 74  0  0
 2  0 109824 2579248   1884 447140    0    0  1280     0 1225  214 25  0 75  0  0
 2  0 109824 2579248   1884 447140    0    0  1024   820 1410  403 25  1 74  0  0
 2  0 109824 2579248   1884 447140    0    0  1280     0 1256  240 25  0 75  0  0
 2  0 109824 2579248   1884 447140    0    0  1024     0 1253  281 25  0 75  0  0
 2  0 109824 2579248   1884 447140    0    0  1280   140 1196  213 25  0 75  0  0
 2  0 109824 2579248   1884 447140    0    0  1280     0 1246  287 25  0 74  0  0
 2  0 109824 2579248   1884 447140    0    0  1032  3684 1168  195 25  0 75  0  0
procs -----------memory---------- ---swap-- -----io---- -system-- ------cpu-----
 r  b   swpd   free   buff  cache   si   so    bi    bo   in   cs us sy id wa st
 2  0 109824 2579248   1884 447140    0    0  1280     0 1257  290 25  1 74  0  0
 2  0 109824 2579248   1884 447140    0    0  1024     0 1215  216 25  0 75  0  0
 2  0 109824 2579248   1884 447140    0    0  1280    84 1285  323 25  1 74  0  0
 2  0 109824 2579248   1884 447140    0    0  1024     0 1297  258 25  0 75  0  0
 2  0 109824 2579248   1884 447140    0    0  1280     0 1439  389 25  1 74  0  0
 2  0 109824 2579248   1884 447140    0    0  1024     0 1152  168 25  0 75  0  0
 2  0 109824 2579248   1884 447140    0    0  1280     0 1217  261 25  0 75  0  0
 2  0 109824 2579248   1884 447140    0    0  1024    80 1161  183 25  0 74  0  0
 2  0 109824 2579248   1884 447140    0    0  1280     0 1239  277 25  0 75  0  0
 2  0 109824 2579248   1884 447140    0    0  1280     0 1173  203 25  0 75  0  0
 2  0 109824 2579248   1884 447140    0    0  1024     0 1227  280 25  1 74  0  0
 2  0 109824 2579248   1884 447140    0    0  1280     0 1244  300 25  0 75  0  0
 2  0 109824 2579248   1884 447140    0    0  1024    32 1231  287 25  1 74  0  0
 2  0 109824 2579248   1884 447140    0    0  1280     0 1152  185 25  0 75  0  0
 2  0 109824 2579248   1884 447140    0    0  1024     0 1243  264 25  1 74  0  0
 2  0 109824 2579248   1884 447140    0    0  1280     0 1242  232 25  0 75  0  0
 3  0 109824 2579248   1884 447140    0    0  1024     0 1288  306 25  1 74  0  0
 2  0 109824 2579248   1884 447140    0    0  1280    32 1212  212 25  0 75  0  0
 2  0 109824 2579248   1884 447140    0    0  1280     0 1254  286 25  1 74  0  0
 2  0 109824 2579248   1884 447140    0    0  1024     0 1174  174 25  0 75  0  0
 2  0 109824 2579248   1884 447140    0    0  1280     0 1336  340 25  1 74  0  0
procs -----------memory---------- ---swap-- -----io---- -system-- ------cpu-----
 r  b   swpd   free   buff  cache   si   so    bi    bo   in   cs us sy id wa st
 2  0 109824 2579248   1884 447140    0    0  1024     0 1292  279 25  0 75  0  0
 2  0 109824 2579248   1884 447140    0    0  1280    32 1302  327 25  1 74  0  0
 2  0 109824 2579248   1884 447140    0    0  1024     0 1316  436 25  0 75  0  0
 2  0 109824 2579248   1884 447140    0    0  6940     0 1671  653 25  1 72  2  0
 2  0 109824 2579248   1884 447140    0    0  1024     0 1291  313 25  0 75  0  0
 2  0 109824 2579248   1884 447140    0    0  1280  1008 1424  366 25  1 74  0  0
 2  0 109824 2579248   1884 447140    0    0  1280    56 1287  268 25  0 74  0  0
 2  0 109824 2579248   1884 447140    0    0  1024     0 1234  280 25  1 75  0  0
 2  0 109824 2579248   1884 447140    0    0  1280     0 1153  181 25  0 75  0  0
 2  0 109824 2579248   1884 447140    0    0  1024  3560 1371  363 25  1 74  0  0
 2  0 109824 2579248   1884 447140    0    0  1280    56 1224  226 25  0 75  0  0
 2  0 109824 2579248   1884 447140    0    0  1024   100 1224  277 25  0 74  0  0
 2  0 109824 2579248   1884 447140    0    0 13132     0 2216 1301 27  3 67  3  0
 2  0 109824 2579248   1884 447140    0    0  1024     0 1282  303 25  1 74  0  0
 2  0 109824 2579248   1884 447140    0    0  1280     0 1163  178 25  0 75  0  0
 2  0 109824 2579248   1884 447140    0    0  1028    24 1403  422 25  1 74  0  0
 2  0 109824 2579248   1884 447140    0    0  1280   128 1163  189 25  0 75  0  0
 2  0 109824 2579248   1884 447140    0    0  1024   156 1315  315 25  1 74  0  0
 2  0 109824 2579248   1884 447140    0    0  1280     0 1174  182 25  0 75  0  0
 2  0 109824 2579248   1884 447140    0    0  1280     0 1244  290 25  1 75  0  0
 2  0 109824 2579248   1884 447140    0    0  1024     8 1168  218 25  0 75  0  0
procs -----------memory---------- ---swap-- -----io---- -system-- ------cpu-----
 r  b   swpd   free   buff  cache   si   so    bi    bo   in   cs us sy id wa st
 3  0 109824 2579248   1884 447140    0    0  1280    12 1241  293 25  1 75  0  0
 2  0 109824 2579248   1884 447140    0    0  1024     4 1172  198 25  0 75  0  0
 2  0 109824 2579248   1884 447140    0    0  1280     0 1213  259 25  0 74  0  0
 2  0 109824 2579248   1884 447140    0    0  1024     0 1184  216 25  0 75  0  0
 2  0 109824 2579248   1884 447140    0    0  1280     0 1261  304 25  1 74  0  0
 2  0 109824 2579248   1884 447140    0    0  1024     0 1226  216 25  0 75  0  0
 2  0 109824 2579248   1884 447140    0    0  1280    68 1271  326 25  1 74  0  0
 2  0 109824 2579248   1884 447140    0    0  1280     0 1205  214 25  0 75  0  0
 2  0 109824 2579248   1884 447140    0    0  1024     0 1348  395 25  1 74  0  0
 2  0 109824 2579248   1884 447140    0    0  1280     0 1218  213 25  0 75  0  0
 2  0 109824 2579248   1884 447140    0    0  1024     0 1272  298 25  1 74  0  0
 2  0 109824 2579248   1884 447140    0    0  1280    44 1167  179 25  0 75  0  0
 2  0 109824 2579248   1884 447140    0    0  1024    20 1347  363 25  1 74  0  0
 2  0 109824 2579248   1884 447140    0    0  1280     8 1240  227 25  0 75  0  0
 2  0 109824 2579248   1884 447140    0    0  1024     0 1305  333 25  1 74  0  0
 2  0 109824 2579248   1884 447140    0    0  1280     0 1147  149 25  0 75  0  0
 2  0 109824 2579248   1884 447140    0    0  1024  1028 1454  463 25  1 74  0  0
 2  0 109824 2579248   1884 447140    0    0  1280     0 1300  250 25  0 75  0  0
 2  0 109824 2579248   1884 447140    0    0  1028  3376 1300  316 25  1 74  0  0
 2  0 109824 2579248   1884 447140    0    0  1280     0 1222  224 25  0 75  0  0
 2  0 109824 2579248   1884 447140    0    0  1280     0 1267  284 25  1 75  0  0
procs -----------memory---------- ---swap-- -----io---- -system-- ------cpu-----
 r  b   swpd   free   buff  cache   si   so    bi    bo   in   cs us sy id wa st
 2  0 109824 2579248   1884 447140    0    0  1024    72 1199  198 25  0 75  0  0
 2  0 109824 2579248   1884 447140    0    0  1280    64 1293  319 25  1 74  0  0
 2  0 109824 2579248   1884 447140    0    0  1024     0 1240  227 25  0 75  0  0
 2  0 109824 2579248   1884 447140    0    0  1280   320 1280  317 25  0 74  0  0
 2  0 109824 2579248   1884 447140    0    0  1024     0 1199  182 25  0 75  0  0
 2  0 109824 2579248   1884 447140    0    0  1280    84 1262  329 25  0 74  0  0
 2  0 109824 2579248   1884 447140    0    0  1024     0 1168  159 25  0 75  0  0
 2  0 109824 2579248   1884 447140    0    0  1280     0 1268  293 25  1 74  0  0
 2  0 109824 2579248   1884 447140    0    0  1024     0 1282  301 25  0 75  0  0
 2  0 109824 2579248   1884 447140    0    0  1280    16 1271  291 25  0 75  0  0
 2  0 109824 2579248   1884 447140    0    0  1280    56 1204  197 25  0 75  0  0
 2  0 109824 2579248   1884 447140    0    0  1024     0 1261  288 25  0 75  0  0
 2  0 109824 2579248   1884 447140    0    0  1280     0 1136  151 25  0 75  0  0
 2  0 109824 2579248   1884 447140    0    0  1024     0 1308  356 25  1 74  0  0
 2  0 109824 2579248   1884 447140    0    0  1280     0 1140  157 25  0 75  0  0
 2  0 109824 2579248   1884 447140    0    0  1024    72 1318  356 25  1 74  0  0
 2  0 109824 2579248   1884 447140    0    0  1280     0 1161  166 25  0 75  0  0
 2  0 109824 2579248   1884 447140    0    0  1024     0 1297  321 25  1 74  0  0
 2  0 109824 2579248   1884 447140    0    0  1280     0 1147  158 25  0 75  0  0
 2  0 109824 2579248   1884 447140    0    0  1280     0 1317  328 25  1 74  0  0
 2  0 109824 2579248   1884 447140    0    0  1024    32 1155  176 25  0 75  0  0
procs -----------memory---------- ---swap-- -----io---- -system-- ------cpu-----
 r  b   swpd   free   buff  cache   si   so    bi    bo   in   cs us sy id wa st
 2  0 109824 2579248   1884 447140    0    0  1280     0 1360  542 25  1 75  0  0
 2  0 109824 2579248   1884 447140    0    0  1024     0 1275  295 25  0 75  0  0
 2  0 109824 2579248   1884 447140    0    0  1280     0 1510  486 25  1 74  0  0
 2  0 109824 2579248   1884 447140    0    0  1024    28 1202  202 25  0 75  0  0
 2  0 109824 2579248   1884 447140    0    0  1280     0 1216  287 25  0 75  0  0
 2  0 109824 2579248   1884 447140    0    0  1024    56 1224  228 25  0 74  0  0
 2  0 109824 2579248   1884 447140    0    0  1280  1020 1424  452 25  1 74  0  0
 2  0 109824 2579248   1884 447140    0    0  1032  3360 1191  193 25  0 75  0  0
 2  0 109824 2579248   1884 447140    0    0  1280     0 1254  285 25  1 74  0  0
 2  0 109824 2579248   1884 447140    0    0  1280     0 1176  182 25  0 75  0  0
 2  0 109824 2579248   1884 447140    0    0  1024    72 1227  291 25  0 74  0  0
 2  0 109824 2579248   1884 447140    0    0  1280     0 1171  190 25  0 75  0  0
 2  0 109824 2579248   1884 447140    0    0  1024   248 1290  324 25  1 75  0  0
 2  0 109824 2579248   1884 447140    0    0  1280     0 1215  215 25  0 75  0  0
 2  0 109824 2579248   1884 447140    0    0  1024     0 1279  318 25  1 74  0  0
 2  0 109824 2579248   1884 447140    0    0  1280   172 1176  182 25  0 75  0  0
 2  0 109824 2579248   1884 447140    0    0  1024    12 1229  291 25  1 75  0  0
 2  0 109824 2579248   1884 447140    0    0  1280     8 1159  214 25  0 75  0  0
 2  0 109824 2579248   1884 447140    0    0  1280     0 1260  301 25  0 75  0  0
 2  0 109824 2579248   1884 447140    0    0  1024     0 1232  219 25  0 75  0  0
 2  0 109824 2579248   1884 447140    0    0  1280    52 1252  285 25  1 74  0  0
procs -----------memory---------- ---swap-- -----io---- -system-- ------cpu-----
 r  b   swpd   free   buff  cache   si   so    bi    bo   in   cs us sy id wa st
 2  0 109824 2579248   1884 447140    0    0  1024     0 1172  201 25  0 75  0  0
 2  0 109824 2579248   1884 447140    0    0  1280     0 1251  295 25  1 75  0  0
 2  0 109824 2579248   1884 447140    0    0  1024     0 1152  160 25  0 75  0  0
 2  0 109824 2579248   1884 447140    0    0  1280     0 1230  279 25  0 75  0  0
 2  0 109824 2579248   1884 447140    0    0  1028    16 1240  271 25  0 75  0  0
 2  0 109824 2579248   1884 447140    0    0  1280     0 1271  314 25  1 74  0  0
 2  0 109824 2579248   1884 447140    0    0  1280     0 1210  195 25  0 75  0  0
 2  0 109824 2579248   1884 447140    0    0  1024  2364 1269  298 25  1 74  0  0
 2  0 109824 2579248   1884 447140    0    0  1280     0 1177  165 25  0 75  0  0
 2  0 109824 2579248   1884 447140    0    0  1024    68 1293  315 25  1 74  0  0
 2  0 109824 2579248   1884 447140    0    0  1280     0 1173  180 25  0 75  0  0
 2  0 109824 2579248   1884 447140    0    0  1024     0 1243  292 25  0 75  0  0
 2  0 109824 2579248   1884 447140    0    0  1280     0 1192  171 25  0 75  0  0
 2  0 109824 2579248   1884 447140    0    0  1024     0 1308  360 25  1 74  0  0
 2  0 109824 2579248   1884 447140    0    0  1280    32 1201  188 25  0 75  0  0
 2  0 109824 2579248   1884 447140    0    0  1280     0 1237  291 25  1 74  0  0
 2  0 109824 2579248   1884 447140    0    0  1024   512 1249  262 25  0 75  0  0
 2  0 109824 2579248   1884 447140    0    0  1280     0 1357  383 25  1 74  0  0
 2  0 109824 2579248   1884 447140    0    0  1024     0 1177  176 25  0 75  0  0
 2  0 109824 2579248   1884 447140    0    0  1280    36 1220  270 25  0 74  0  0
 2  0 109824 2579248   1884 447140    0    0  1024     0 1170  193 25  0 75  0  0
procs -----------memory---------- ---swap-- -----io---- -system-- ------cpu-----
 r  b   swpd   free   buff  cache   si   so    bi    bo   in   cs us sy id wa st
 2  0 109824 2579248   1884 447140    0    0  1280     0 1390  373 25  1 74  0  0
 2  0 109824 2579248   1884 447140    0    0  1024     0 1258  236 25  0 75  0  0
 2  0 109824 2579248   1884 447140    0    0  1280     0 1242  310 25  0 75  0  0
 2  0 109824 2579248   1884 447140    0    0  1024    32 1248  238 25  0 75  0  0
 2  0 109824 2579248   1884 447140    0    0  1280     8 1304  348 25  1 74  0  0
 2  0 109824 2579248   1884 447140    0    0  1280     0 1212  209 25  0 75  0  0
 2  0 109824 2579248   1884 447140    0    0  1024    48 1260  302 25  1 74  0  0
 2  0 109824 2579248   1884 447140    0    0  1280     0 1127  141 25  0 75  0  0
 2  0 109824 2579248   1884 447140    0    0  1024    56 1279  315 25  1 75  0  0
 2  0 109824 2579248   1884 447140    0    0  1280    84 1151  152 25  0 75  0  0
 2  0 109824 2579248   1884 447140    0    0  1024     0 1276  324 25  1 75  0  0
 2  0 109824 2579248   1884 447140    0    0  1280     0 1162  171 25  0 75  0  0
 2  0 109824 2579248   1884 447140    0    0  1024     0 1254  293 25  1 75  0  0
 2  0 109824 2579248   1884 447140    0    0  1280     0 1213  197 25  0 75  0  0
 2  0 109824 2579248   1884 447140    0    0  1024    36 1342  359 25  1 74  0  0
 2  0 109824 2579248   1884 447140    0    0  1280     0 1153  164 25  0 75  0  0
 2  0 109824 2579248   1884 447140    0    0  1280  3604 1319  358 25  1 74  0  0
 2  0 109824 2579248   1884 447140    0    0  1024     0 1222  229 25  0 75  0  0
 2  0 109824 2579248   1884 447140    0    0  1280     0 1279  313 25  1 74  0  0
 2  0 109824 2579248   1884 447140    0    0  1024   112 1457  569 25  0 75  0  0
 2  0 109824 2579248   1884 447140    0    0  1280     0 1316  346 25  0 74  0  0
procs -----------memory---------- ---swap-- -----io---- -system-- ------cpu-----
 r  b   swpd   free   buff  cache   si   so    bi    bo   in   cs us sy id wa st
 2  0 109824 2579248   1884 447140    0    0  1024     8 1204  198 25  0 75  0  0
 2  0 109824 2579248   1884 447140    0    0  1280     0 1253  300 25  1 74  0  0
 2  0 109824 2579248   1884 447140    0    0  1024     0 1249  259 26  0 74  0  0
 2  0 109824 2579248   1884 447140    0    0  1280    52 1395  405 25  1 74  0  0
 2  0 109824 2579248   1884 447140    0    0  1024     0 1150  166 25  0 75  0  0
 2  0 109824 2579248   1884 447140    0    0  1280  1112 1433  485 25  1 74  0  0
 2  0 109824 2579248   1884 447140    0    0  1280     0 1222  193 25  0 75  0  0
 2  0 109824 2579248   1884 447140    0    0  1024     0 1207  267 25  0 75  0  0
 2  0 109824 2579248   1884 447140    0    0  1280    84 1230  224 25  0 75  0  0
 2  0 109824 2579248   1884 447140    0    0  1024     0 1267  334 25  1 74  0  0
 2  0 109824 2579248   1884 447140    0    0  1280     0 1132  156 25  0 75  0  0
 2  0 109824 2579248   1884 447140    0    0  1024     0 1257  311 25  1 75  0  0
 2  0 109824 2579248   1884 447140    0    0  1280     0 1142  147 25  0 75  0  0
 2  0 109824 2579248   1884 447140    0    0  1024    32 1310  343 25  1 74  0  0
 2  0 109824 2579248   1884 447140    0    0  1280     0 1173  211 25  0 75  0  0
 2  0 109824 2579248   1884 447140    0    0  1280     0 1234  306 25  1 75  0  0
 2  0 109824 2579248   1884 447140    0    0  1024  2436 1263  224 25  0 75  0  0
 2  0 109824 2579248   1884 447140    0    0  1280     0 1251  316 25  1 74  0  0
 2  0 109824 2579248   1884 447140    0    0  1024    88 1137  176 25  0 75  0  0
 2  0 109824 2579248   1884 447140    0    0  1280     0 1304  330 25  1 74  0  0
 2  0 109824 2579248   1884 447140    0    0  1024     0 1199  203 25  0 75  0  0
procs -----------memory---------- ---swap-- -----io---- -system-- ------cpu-----
 r  b   swpd   free   buff  cache   si   so    bi    bo   in   cs us sy id wa st
 2  0 109824 2579248   1884 447140    0    0  1280     0 1228  299 25  1 74  0  0
 2  0 109824 2579248   1884 447140    0    0  1024     0 1154  153 25  0 75  0  0
 2  0 109824 2579248   1884 447140    0    0  1280    32 1259  306 25  1 74  0  0
 2  0 109824 2579248   1884 447140    0    0  1280     0 1191  182 25  0 75  0  0
 2  0 109824 2579248   1884 447140    0    0  1024     0 1276  333 25  0 75  0  0
 2  0 109824 2579248   1884 447140    0    0  1280     0 1248  240 25  0 75  0  0
 2  0 109824 2579248   1884 447140    0    0  1024     0 1229  276 25  1 74  0  0
 2  0 109824 2579248   1884 447140    0    0  1280    36 1161  160 25  0 75  0  0
 2  0 109824 2579248   1884 447140    0    0  1024     0 1256  309 25  1 75  0  0
 2  0 109824 2579248   1884 447140    0    0  1280     0 1230  195 25  0 75  0  0
 2  0 109824 2579248   1884 447140    0    0  1024     0 1309  339 25  1 74  0  0
 2  0 109824 2579248   1884 447140    0    0  1280     0 1166  169 25  0 75  0  0
 2  0 109824 2579248   1884 447140    0    0  1024    32 1250  297 25  1 74  0  0
 2  0 109824 2579248   1884 447140    0    0  1280     0 1142  157 25  0 75  0  0
 2  0 109824 2579248   1884 447140    0    0  1280     0 1263  314 25  0 74  0  0
 2  0 109824 2579248   1884 447140    0    0  1024   532 1227  246 25  0 75  0  0
 2  0 109824 2579248   1884 447140    0    0  1280     0 1216  260 25  1 75  0  0
 2  0 109824 2579248   1884 447140    0    0  1024    24 1144  164 25  0 75  0  0
 2  0 109824 2579248   1884 447140    0    0  1280     0 1290  309 25  1 75  0  0
 2  0 109824 2579248   1884 447140    0    0  1024     0 1161  181 25  0 75  0  0
 2  0 109824 2579248   1884 447140    0    0  1280     0 1212  283 25  0 75  0  0
procs -----------memory---------- ---swap-- -----io---- -system-- ------cpu-----
 r  b   swpd   free   buff  cache   si   so    bi    bo   in   cs us sy id wa st
 2  0 109824 2579248   1884 447140    0    0  1024     0 1175  177 25  0 75  0  0
 2  0 109824 2579248   1884 447140    0    0  1288   104 1276  338 25  0 74  0  0
 2  0 109824 2579248   1884 447140    0    0  1024    88 1189  224 25  0 75  0  0
 2  0 109824 2579248   1884 447140    0    0  1280     0 1312  335 25  1 74  0  0
 2  0 109824 2579248   1884 447140    0    0  1280     0 1125  153 25  0 75  0  0
 2  0 109824 2579248   1884 447140    0    0  1024  3652 1229  296 25  1 74  0  0
 2  0 109824 2579248   1884 447140    0    0  1464   104 1295  309 25  0 74  0  0
 2  0 109824 2579248   1884 447140    0    0  1024     0 1248  297 25  0 75  0  0
 2  0 109824 2579248   1884 447140    0    0  1280     0 1246  223 25  1 75  0  0
 2  0 109824 2579248   1884 447140    0    0  1024     0 1376  383 25  0 74  0  0
 2  0 109824 2579248   1884 447140    0    0  1280     0 1248  279 26  1 74  0  0
 2  0 109824 2579248   1884 447140    0    0  1024    32 1338  361 25  1 74  0  0
 2  0 109824 2579248   1884 447140    0    0  1280     0 1201  202 25  0 75  0  0
 2  0 109824 2579248   1884 447140    0    0  1280     4 1278  329 25  1 74  0  0
 2  0 109824 2579248   1884 447140    0    0  1024     0 1164  184 25  0 75  0  0
 2  0 109824 2579248   1884 447140    0    0  1280     0 1328  368 25  1 74  0  0
 2  0 109824 2579248   1884 447140    0    0  1024    32 1325  321 25  0 75  0  0
 2  0 109824 2579248   1884 447140    0    0  1280     0 1260  316 25  1 74  0  0
 2  0 109824 2579248   1884 447140    0    0  1024     0 1320  455 25  1 75  0  0
 2  0 109824 2579248   1884 447140    0    0  1280     0 1288  335 25  0 75  0  0
 2  0 109824 2579248   1884 447140    0    0  1024     0 1139  157 25  0 75  0  0
procs -----------memory---------- ---swap-- -----io---- -system-- ------cpu-----
 r  b   swpd   free   buff  cache   si   so    bi    bo   in   cs us sy id wa st
 2  0 109824 2579248   1884 447140    0    0  1280    32 1358  388 25  1 74  0  0
 2  0 109824 2579248   1884 447140    0    0  1280     0 1164  160 25  0 74  0  0
 2  0 109824 2579248   1884 447140    0    0  1024     0 1354  375 25  1 74  0  0
 2  0 109824 2579248   1884 447140    0    0  1280     0 1214  192 25  0 75  0  0
 2  0 109824 2579248   1884 447140    0    0  1024     0 1271  285 25  0 75  0  0
 2  0 109824 2579248   1884 447140    0    0  1280    32 1192  191 25  0 75  0  0
 2  0 109824 2579248   1884 447140    0    0  1024     0 1237  283 25  1 74  0  0
 2  0 109824 2579248   1884 447140    0    0  1280     0 1202  204 25  0 75  0  0
 2  0 109824 2579248   1884 447140    0    0  1024   636 1344  374 25  1 74  0  0
 2  0 109824 2579248   1884 447140    0    0  1280     0 1170  187 25  0 75  0  0
 2  0 109824 2579248   1884 447140    0    0  1024    36 1285  322 25  1 74  0  0
 2  0 109824 2579248   1884 447140    0    0  1280   224 1282  321 25  0 75  0  0
 2  0 109824 2579248   1884 447140    0    0  1280    32 1282  324 25  1 74  0  0
 2  0 109824 2579248   1884 447140    0    0  1024     0 1159  170 25  0 75  0  0
 2  0 109824 2579248   1884 447140    0    0  1280     0 1210  260 25  0 75  0  0
 2  0 109824 2579248   1884 447140    0    0  1028  3684 1199  209 25  0 74  1  0
 2  0 109824 2579248   1884 447140    0    0  1280    56 1249  277 25  0 74  0  0
 2  0 109824 2579248   1884 447140    0    0  1024    56 1181  186 25  0 75  0  0
 2  0 109824 2579248   1884 447140    0    0  1280    40 1273  337 25  1 74  0  0
 2  0 109824 2579248   1884 447140    0    0  1024     0 1140  164 25  0 75  0  0
 2  0 109824 2579248   1884 447140    0    0  1280     0 1379  373 25  0 75  0  0
procs -----------memory---------- ---swap-- -----io---- -system-- ------cpu-----
 r  b   swpd   free   buff  cache   si   so    bi    bo   in   cs us sy id wa st
 2  0 109824 2579248   1884 447140    0    0  1024     0 1151  177 25  0 75  0  0
 2  0 109824 2579248   1884 447140    0    0  1280    56 1245  306 25  1 74  0  0
 2  0 109824 2579248   1884 447140    0    0  1280     0 1214  230 25  0 75  0  0
 2  0 109824 2579248   1884 447140    0    0  1024     0 1324  340 25  1 74  0  0
 2  0 109824 2579248   1884 447140    0    0  1280    20 1203  221 25  0 75  0  0
 2  0 109824 2579248   1884 447140    0    0  1024     0 1256  288 25  0 74  0  0
 2  0 109824 2579248   1884 447140    0    0  1280    56 1160  186 25  0 75  0  0
 2  0 109824 2579248   1884 447140    0    0  1024     0 1317  322 25  0 74  0  0
 2  0 109824 2579248   1884 447140    0    0  1280     0 1143  168 25  0 75  0  0
 2  0 109824 2579248   1884 447140    0    0  1024     0 1221  261 25  0 75  0  0
 2  0 109824 2579248   1884 447140    0    0  1280     8 1171  194 25  0 75  0  0
 2  0 109824 2579248   1884 447140    0    0  1280    32 1295  326 25  0 74  0  0
 2  0 109824 2579248   1884 447140    0    0  1024     0 1219  230 25  0 75  0  0
 2  0 109824 2579248   1884 447140    0    0  1280     0 1248  288 25  1 74  0  0
 2  0 109824 2579248   1884 447140    0    0  1024     0 1197  196 25  0 75  0  0
 2  0 109824 2579248   1884 447140    0    0  1280     0 1223  265 25  1 75  0  0
 2  0 109824 2579248   1884 447140    0    0  1024    76 1204  222 25  0 75  0  0
 2  0 109824 2579248   1884 447140    0    0  1280     0 1199  253 25  0 74  0  0
 2  0 109824 2579248   1884 447140    0    0  1024   524 1480  359 25  0 74  0  0
 2  0 109824 2579248   1884 447140    0    0  1280     0 1343  322 25  1 74  0  0
 2  0 109824 2579248   1884 447140    0    0  1024     0 1234  278 25  0 74  0  0
procs -----------memory---------- ---swap-- -----io---- -system-- ------cpu-----
 r  b   swpd   free   buff  cache   si   so    bi    bo   in   cs us sy id wa st
 2  0 109824 2579248   1884 447140    0    0  1280    36 1287  313 25  1 74  0  0
 2  0 109824 2579248   1884 447140    0    0  1280     0 1174  185 25  0 75  0  0
 2  0 109824 2579248   1884 447140    0    0  1024    24 1264  290 25  0 75  0  0
 2  0 109824 2579248   1884 447140    0    0  1280     0 1219  214 25  0 75  0  0
 2  0 109824 2579248   1884 447140    0    0  1040  3680 1234  304 25  1 74  0  0
 2  0 109824 2579248   1884 447140    0    0  1280    88 1141  170 25  0 75  0  0
 2  0 109824 2579248   1884 447140    0    0  1024    68 1273  324 25  0 75  0  0
 2  0 109824 2579248   1884 447140    0    0  1280     0 1183  168 25  0 75  0  0
 2  0 109824 2579248   1884 447140    0    0  1024    16 1323  346 25  1 74  0  0
 2  0 109824 2579248   1884 447140    0    0  1280     0 1247  213 25  0 75  0  0
 2  0 109824 2579248   1884 447140    0    0  1024     0 1231  288 25  1 75  0  0
 2  0 109824 2579248   1884 447140    0    0  1280    56 1197  214 25  0 74  0  0
 2  0 109824 2579248   1884 447140    0    0  1280     0 1221  262 25  0 75  0  0
 2  0 109824 2579248   1884 447140    0    0  1024     0 1226  251 25  0 75  0  0
 2  0 109824 2579248   1884 447140    0    0  1280     0 1297  304 25  1 74  0  0
 2  0 109824 2579248   1884 447140    0    0  1024     8 1233  224 25  0 75  0  0
 2  0 109824 2579248   1884 447140    0    0  1284    32 1377  535 25  1 74  0  0
 2  0 109824 2579248   1884 447140    0    0  1024     0 1164  195 25  0 75  0  0
 2  0 109824 2579248   1884 447140    0    0  1280     0 1282  305 25  0 74  0  0
 2  0 109824 2579248   1884 447140    0    0  1024     0 1301  290 25  1 74  0  0
 2  0 109824 2579248   1884 447140    0    0  1280     0 1249  277 25  0 75  0  0
procs -----------memory---------- ---swap-- -----io---- -system-- ------cpu-----
 r  b   swpd   free   buff  cache   si   so    bi    bo   in   cs us sy id wa st
 2  0 109824 2579248   1884 447140    0    0  1280    32 1185  204 25  0 74  0  0
 2  0 109824 2579248   1884 447140    0    0  1024    16 1285  298 25  1 74  0  0
 2  0 109824 2579248   1884 447140    0    0  1280     4 1205  209 25  1 75  0  0
 2  0 109824 2579248   1884 447140    0    0  1024     0 1323  335 25  0 74  0  0
 2  0 109824 2579248   1884 447140    0    0  1280     0 1184  192 25  0 75  0  0
 2  0 109824 2579248   1884 447140    0    0  1024    56 1272  310 25  1 74  0  0
 2  0 109824 2579248   1884 447140    0    0  1280     0 1179  178 25  0 75  0  0
 2  0 109824 2579248   1884 447140    0    0  1024   780 1418  364 25  1 74  0  0
 2  0 109824 2579248   1884 447140    0    0  1280     0 1217  266 25  1 75  0  0
 2  0 109824 2579248   1884 447140    0    0  1280     0 1257  277 25  0 75  0  0
 2  0 109824 2579248   1884 447140    0    0  1024    60 1178  183 25  0 74  0  0
 2  0 109824 2579248   1884 447140    0    0  1280     0 1266  299 25  1 74  0  0
 2  0 109824 2579248   1884 447140    0    0  1024     0 1196  203 25  0 75  0  0
 2  0 109824 2579248   1884 447140    0    0  1280    12 1288  326 25  1 74  0  0
 2  0 109824 2579248   1884 447140    0    0  1032  3688 1191  211 25  0 74  0  0
 2  0 109824 2579248   1884 447140    0    0  1280    84 1234  284 25  0 75  0  0
 2  0 109824 2579248   1884 447140    0    0  1024     0 1182  186 25  0 75  0  0
 2  0 109824 2579248   1884 447140    0    0  1280     0 1243  276 25  0 74  0  0
 2  0 109824 2579248   1884 447140    0    0  1280     0 1177  185 25  0 75  0  0
 2  0 109824 2579248   1884 447140    0    0  1024    12 1271  320 25  0 74  0  0
 2  0 109824 2579248   1884 447140    0    0  1280    96 1172  182 25  0 75  0  0
procs -----------memory---------- ---swap-- -----io---- -system-- ------cpu-----
 r  b   swpd   free   buff  cache   si   so    bi    bo   in   cs us sy id wa st
 2  0 109824 2579248   1884 447140    0    0  1024     0 1270  293 25  1 74  0  0
 2  0 109824 2579248   1884 447140    0    0  1280     0 1269  219 25  0 75  0  0
 2  0 109824 2579248   1884 447140    0    0  1024     0 1282  342 25  1 74  0  0
 2  0 109824 2579248   1884 447140    0    0  1280    16 1164  177 25  0 75  0  0
 2  0 109824 2579248   1884 447140    0    0  1024    60 1235  295 25  1 74  0  0
 2  0 109824 2579248   1884 447140    0    0  1280     0 1211  200 25  0 75  0  0
 2  0 109824 2579248   1884 447140    0    0  1280     0 1272  298 25  1 74  0  0
 2  0 109824 2579248   1884 447140    0    0  1024   448 1317  309 25  0 75  0  0
 2  0 109824 2579248   1884 447140    0    0  1280     0 1273  309 25  0 74  0  0
 2  0 109824 2579248   1884 447140    0    0  1024     0 1233  253 25  0 75  0  0
 2  0 109824 2579248   1884 447140    0    0  1280   104 1403  435 25  1 74  0  0
 2  0 109824 2579248   1884 447140    0    0  1024     0 1277  323 25  0 75  0  0
 2  0 109824 2579248   1884 447140    0    0  1280     0 1334  380 25  1 74  0  0
 2  0 109824 2579248   1884 447140    0    0  1024     0 1339  337 25  0 75  0  0
 2  0 109824 2579248   1884 447140    0    0  1280     0 1333  397 25  1 75  0  0
 2  0 109824 2579248   1884 447140    0    0  1024    44 1312  322 25  0 75  0  0
 2  0 109824 2579248   1884 447140    0    0  1280     0 1334  392 25  0 74  0  0
 2  0 109824 2579248   1884 447140    0    0  1024     0 1267  347 25  0 75  0  0
 2  0 109824 2579248   1884 447140    0    0  1280     0 1255  379 25  1 74  0  0
 2  0 109824 2579248   1884 447140    0    0  1280     0 1288  314 25  0 75  0  0
 2  0 109824 2579248   1884 447140    0    0  1024    32 1298  378 25  1 74  0  0
procs -----------memory---------- ---swap-- -----io---- -system-- ------cpu-----
 r  b   swpd   free   buff  cache   si   so    bi    bo   in   cs us sy id wa st
 2  0 109824 2579248   1884 447140    0    0  1280     0 1271  304 25  0 75  0  0
 2  0 109824 2579248   1884 447140    0    0  1024     0 1369  431 25  1 74  0  0
 2  0 109824 2579248   1884 447140    0    0  1280     0 1201  280 25  0 75  0  0
 2  0 109824 2579248   1884 447140    0    0  1044  3628 1340  437 25  1 74  0  0
 2  0 109824 2579248   1884 447140    0    0  1280    68 1223  281 25  0 75  0  0
 2  0 109824 2579248   1884 447140    0    0  1024     0 1375  444 25  1 74  0  0
 2  0 109824 2579248   1884 447140    0    0  1280     0 1231  284 25  0 75  0  0
 2  0 109824 2579248   1884 447140    0    0  1024     0 1297  386 25  1 74  0  0
 2  0 109824 2579248   1884 447140    0    0  1280     0 1332  357 25  0 74  0  0
 2  0 109824 2579248   1884 447140    0    0  1024    32 1342  415 25  1 74  0  0
 2  0 109824 2579248   1884 447140    0    0  1280     4 1333  358 25  0 75  0  0
 2  0 109824 2579248   1884 447140    0    0  1280     0 1383  423 25  1 74  0  0
 2  0 109824 2579248   1884 447140    0    0  1024     0 1309  337 25  0 75  0  0
 2  0 109824 2579248   1884 447140    0    0  1280     0 1499  520 25  1 74  0  0
 2  0 109824 2579248   1884 447140    0    0  1024    32 1220  282 25  0 75  0  0
 2  0 109824 2579248   1884 447140    0    0  1280     0 1500  688 25  1 74  0  0
 2  0 109824 2579248   1884 447140    0    0  1024     0 1292  320 25  0 75  0  0
 2  0 109824 2579248   1884 447140    0    0  1280   736 1422  432 25  1 74  0  0
 2  0 109824 2579248   1884 447140    0    0  1024     0 1240  284 25  0 75  0  0
 2  0 109824 2579248   1884 447140    0    0  1280    36 1263  378 25  1 75  0  0
 2  0 109824 2579248   1884 447140    0    0  1024     0 1243  293 25  0 75  0  0
procs -----------memory---------- ---swap-- -----io---- -system-- ------cpu-----
 r  b   swpd   free   buff  cache   si   so    bi    bo   in   cs us sy id wa st
 2  0 109824 2579248   1884 447140    0    0  1280    40 1305  384 25  0 75  0  0
 2  0 109824 2579248   1884 447140    0    0  1024     0 1206  268 25  0 75  0  0
 2  0 109824 2579248   1884 447140    0    0  1280     0 1285  382 25  1 74  0  0
 2  0 109824 2579248   1884 447140    0    0  1024    56 1266  296 25  0 75  0  0
 2  0 109824 2579248   1884 447140    0    0  1280    76 1395  428 25  1 74  0  0
 2  0 109824 2579248   1884 447140    0    0  1280     0 1237  322 25  0 75  0  0
 2  0 109824 2579248   1884 447140    0    0  1024     0 1312  389 25  1 74  0  0
 2  0 109824 2579248   1884 447140    0    0  1280     0 1235  285 25  0 75  0  0
 2  0 109824 2579248   1884 447140    0    0  1024     0 1391  420 25  1 74  0  0
 2  0 109824 2579248   1884 447140    0    0  1280    32 1306  338 25  0 75  0  0
 2  0 109824 2579248   1884 447140    0    0  1024     0 1358  434 25  0 75  0  0
 2  0 109824 2579248   1884 447140    0    0  1280     0 1231  262 25  0 75  0  0
 2  0 109824 2579248   1884 447140    0    0  1024     0 1299  384 25  1 74  0  0
 2  0 109824 2579248   1884 447140    0    0  1296  3368 1231  299 25  0 75  0  0
 2  0 109824 2579248   1884 447140    0    0  1024    64 1284  384 25  0 74  0  0
 2  0 109824 2579248   1884 447140    0    0  1280     0 1242  297 25  0 75  0  0
 2  0 109824 2579248   1884 447140    0    0  1024     0 1337  411 25  0 75  0  0
 2  0 109824 2579248   1884 447140    0    0  1280     0 1370  337 25  0 75  0  0
 2  0 109824 2579248   1884 447140    0    0  1024   288 1324  381 25  1 74  0  0
 2  0 109824 2579248   1884 447140    0    0  1280    44 1288  313 25  1 75  0  0
 2  0 109824 2579248   1884 447140    0    0  1280     0 1294  382 25  1 74  0  0
procs -----------memory---------- ---swap-- -----io---- -system-- ------cpu-----
 r  b   swpd   free   buff  cache   si   so    bi    bo   in   cs us sy id wa st
 2  0 109824 2579248   1884 447140    0    0  1024     0 1223  278 25  0 75  0  0
 2  0 109824 2579248   1884 447140    0    0  1280     0 1446  483 25  1 74  0  0
 2  0 109824 2579248   1884 447140    0    0  1024     0 1261  292 25  0 75  0  0
 2  0 109824 2579248   1884 447140    0    0  1280    32 1321  413 25  1 74  0  0
 2  0 109824 2579248   1884 447140    0    0  1024     0 1244  282 25  0 75  0  0
 2  0 109824 2579248   1884 447140    0    0  1280     0 1319  400 25  1 75  0  0
 2  0 109824 2579248   1884 447140    0    0  1024   488 1349  298 25  0 75  0  0
 2  0 109824 2579248   1884 447140    0    0  1280     0 1387  442 25  1 74  0  0
 2  0 109824 2579248   1884 447140    0    0  1024    36 1232  292 25  0 75  0  0
 2  0 109824 2579248   1884 447140    0    0  1280     0 1545  537 25  1 74  0  0
 2  0 109824 2579248   1884 447140    0    0  1024     0 1406  354 25  0 75  0  0
 2  0 109824 2579248   1884 447140    0    0  1280     0 1316  391 25  1 74  0  0
 2  0 109824 2579248   1884 447140    0    0  1280     0 1247  286 25  0 75  0  0
 2  0 109824 2579248   1884 447140    0    0  1024   104 1377  422 25  0 74  0  0
 2  0 109824 2579248   1884 447140    0    0  1280     0 1281  315 25  0 75  0  0
 2  0 109824 2579248   1884 447140    0    0  1024     0 1289  385 25  1 74  0  0
 2  0 109824 2579248   1884 447140    0    0  1280     0 1237  257 25  0 75  0  0
 2  0 109824 2579248   1884 447140    0    0  1024   480 1545  529 25  1 74  0  0
 2  0 109824 2579248   1884 447140    0    0  1280   100 1278  291 25  0 75  0  0
 2  0 109824 2579248   1884 447140    0    0  1024     0 1394  451 25  1 74  0  0
 2  0 109824 2579248   1884 447140    0    0  1280     0 1227  260 25  0 75  0  0
procs -----------memory---------- ---swap-- -----io---- -system-- ------cpu-----
 r  b   swpd   free   buff  cache   si   so    bi    bo   in   cs us sy id wa st
 2  0 109824 2579248   1884 447140    0    0  1024     0 1370  454 25  1 74  0  0
 2  0 109824 2579248   1884 447140    0    0  1280     0 1259  268 25  0 75  0  0
 2  0 109824 2579248   1884 447140    0    0  1288  3368 1479  519 25  1 74  0  0
 2  0 109824 2579248   1884 447140    0    0  1024    92 1296  338 25  0 75  0  0
 2  0 109824 2579248   1884 447140    0    0  1280     0 1449  467 25  1 74  0  0
 2  0 109824 2579248   1884 447140    0    0  1024     0 1222  274 25  0 75  0  0
 2  0 109824 2579248   1884 447140    0    0  1420     0 1411  491 25  1 74  0  0
 2  0 109824 2579248   1884 447140    0    0  1024   256 1292  335 25  1 75  0  0
 2  0 109824 2579248   1884 447140    0    0  1280    64 1555  556 25  1 74  0  0
 2  0 109824 2579248   1884 447140    0    0  1024     0 1285  313 25  0 75  0  0
 2  0 109824 2579248   1884 447140    0    0  1280     0 1421  437 25  1 74  0  0
 2  0 109824 2579248   1884 447140    0    0  1024     0 1201  258 25  0 75  0  0
 2  0 109824 2579248   1884 447140    0    0  1280     0 1379  433 25  1 74  0  0
 2  0 109824 2579248   1884 447140    0    0  1024    88 1449  596 25  0 75  0  0
 2  0 109824 2579248   1884 447140    0    0  1280     0 1357  412 25  1 74  0  0
 2  0 109824 2579248   1884 447140    0    0  1280     0 1308  330 25  0 75  0  0
 2  0 109824 2579248   1884 447140    0    0  1024     0 1362  418 25  1 74  0  0
 2  0 109824 2579248   1884 447140    0    0  1280     0 1333  320 25  0 75  0  0
 2  0 109824 2579248   1884 447140    0    0  1024    32 1335  434 25  0 74  0  0
 2  0 109824 2579248   1884 447140    0    0  1280     0 1294  297 25  1 75  0  0
 2  0 109824 2579248   1884 447140    0    0  1024     0 1322  418 25  1 74  0  0
procs -----------memory---------- ---swap-- -----io---- -system-- ------cpu-----
 r  b   swpd   free   buff  cache   si   so    bi    bo   in   cs us sy id wa st
 2  0 109824 2579248   1884 447140    0    0  1280     4 1244  253 25  0 75  0  0
 2  0 109824 2579248   1884 447140    0    0  1028  2352 1298  394 25  1 74  0  0
 2  0 109824 2579248   1884 447140    0    0  1280  1120 1537  454 25  0 74  0  0
 2  0 109824 2579248   1884 447140    0    0  1024    68 1315  409 25  1 74  0  0
 2  0 109824 2579248   1884 447140    0    0  1280     0 1223  252 25  0 75  0  0
 2  0 109824 2579248   1884 447140    0    0  1024     0 1309  393 25  1 74  0  0
 2  0 109824 2579248   1884 447140    0    0  1280     0 1317  330 25  0 74  0  0
 2  0 109824 2579248   1884 447140    0    0  1280    32 1341  427 25  1 74  0  0
 2  0 109824 2579248   1884 447140    0    0  1024     0 1223  260 25  0 75  0  0
 2  0 109824 2579248   1884 447140    0    0  1280     0 1340  403 25  1 74  0  0
 2  0 109824 2579248   1884 447140    0    0  1024     0 1338  327 25  0 75  0  0
 2  0 109824 2579248   1884 447140    0    0  1280     0 1381  389 25  1 74  0  0
 2  0 109824 2579248   1884 447140    0    0  1024    36 1288  318 25  0 75  0  0
 2  0 109824 2579248   1884 447140    0    0  1280     0 1394  407 25  1 74  0  0
 2  0 109824 2579248   1884 447140    0    0  1024     0 1265  263 25  0 75  0  0
 2  0 109824 2579248   1884 447140    0    0  1280     0 1494  458 25  1 74  0  0
 2  0 109824 2579248   1884 447140    0    0  1024     8 1292  265 25  0 75  0  0
 2  0 109824 2579248   1884 447140    0    0  1280   324 1435  443 25  1 74  0  0
 2  0 109824 2579248   1884 447140    0    0  1024     0 1304  285 25  0 75  0  0
 2  0 109824 2579248   1884 447140    0    0  1280     0 1382  399 25  1 74  0  0
 2  0 109824 2579248   1884 447140    0    0  1024     0 1320  299 25  0 75  0  0
procs -----------memory---------- ---swap-- -----io---- -system-- ------cpu-----
 r  b   swpd   free   buff  cache   si   so    bi    bo   in   cs us sy id wa st
 2  0 109824 2579248   1884 447140    0    0  1280     0 1349  386 25  1 74  0  0
 2  0 109824 2579248   1884 447140    0    0  1280    32 1264  277 25  0 75  0  0
 2  0 109824 2579248   1884 447140    0    0  1024   184 1496  488 25  0 74  0  0
 2  0 109824 2579248   1884 447140    0    0  1280     0 1336  326 25  0 75  0  0
 2  0 109824 2579248   1884 447140    0    0  1024     0 1292  360 25  1 74  0  0
 2  0 109824 2579248   1884 447140    0    0  1280     0 1332  306 25  0 75  0  0
 2  0 109824 2579248   1884 447140    0    0  1024     0 1322  384 25  1 74  0  0
 2  0 109824 2579248   1884 447140    0    0  1280   248 1304  294 25  0 75  0  0
 2  0 109824 2579248   1884 447140    0    0  1024     0 1493  479 25  1 74  0  0
 2  0 109824 2579248   1884 447140    0    0  1280     0 1328  316 25  0 75  0  0
 2  0 109824 2579248   1884 447140    0    0  1024     0 1298  364 25  1 74  0  0
 2  0 109824 2579248   1884 447140    0    0  1300  3624 1290  337 25  0 74  0  0
 2  0 109824 2579248   1884 447140    0    0  1024    76 1376  429 25  0 74  0  0
 2  0 109824 2579248   1884 447140    0    0  1280   348 1467  362 25  0 75  0  0
 2  0 109824 2579248   1884 447140    0    0  1280     0 1346  380 25  1 74  0  0
 2  0 109824 2579248   1884 447140    0    0  1024     0 1309  310 25  0 75  0  0
 2  0 109824 2579248   1884 447140    0    0  1280     0 1312  380 25  1 74  0  0
 2  0 109824 2579248   1884 447140    0    0  1024   196 1312  295 25  0 75  0  0
 2  0 109824 2579248   1884 447140    0    0  1280     0 1323  398 25  1 74  0  0
 2  0 109824 2579248   1884 447140    0    0  1024   228 1436  369 25  0 75  0  0
 2  0 109824 2579248   1884 447140    0    0  1280     4 1413  426 25  1 74  0  0
procs -----------memory---------- ---swap-- -----io---- -system-- ------cpu-----
 r  b   swpd   free   buff  cache   si   so    bi    bo   in   cs us sy id wa st
 2  0 109824 2579248   1884 447140    0    0  1024     0 1309  305 25  0 75  0  0
 2  0 109824 2579248   1884 447140    0    0  1280    36 1342  385 25  0 74  0  0
 2  0 109824 2579248   1884 447140    0    0  1024     0 1437  378 25  0 74  0  0
 2  0 109824 2579248   1884 447140    0    0  1280     0 1305  354 25  1 75  0  0
 2  0 109824 2579248   1884 447140    0    0  1024     0 1318  362 25  0 74  0  0
 2  0 109824 2579248   1884 447140    0    0  1280     0 1319  421 25  1 74  0  0
 2  0 109824 2579248   1884 447140    0    0  1280    36 1254  294 25  0 75  0  0
 2  0 109824 2579248   1884 447140    0    0  1024   228 1377  409 25  1 74  0  0
 2  0 109824 2579248   1884 447140    0    0  1280     0 1280  311 26  0 74  0  0
 2  0 109824 2579248   1884 447140    0    0  1024     0 1307  363 25  0 74  0  0
 2  0 109824 2579248   1884 447140    0    0  1280     0 1228  256 25  0 75  0  0
 2  0 109824 2579248   1884 447140    0    0  1040  2512 1408  452 25  1 74  0  0
 2  0 109824 2579248   1884 447140    0    0  1280     0 1440  571 25  0 75  0  0
 2  0 109824 2579248   1884 447140    0    0  1024     0 1342  405 25  1 74  0  0
 2  0 109824 2579248   1884 447140    0    0  1280     0 1289  269 25  1 75  0  0
 2  0 109824 2579248   1884 447140    0    0  1024     0 1387  443 25  1 74  0  0
 2  0 109824 2579248   1884 447140    0    0  1280    32 1267  321 25  0 75  0  0
 2  0 109824 2579248   1884 447140    0    0  1024   352 1465  493 25  1 74  0  0
 2  0 109824 2579248   1884 447140    0    0  1280     0 1365  344 25  0 75  0  0
 2  0 109824 2579248   1884 447140    0    0  1024     0 1327  369 25  1 74  0  0
 2  0 109824 2579248   1884 447140    0    0  1280     0 1295  348 25  0 75  0  0
procs -----------memory---------- ---swap-- -----io---- -system-- ------cpu-----
 r  b   swpd   free   buff  cache   si   so    bi    bo   in   cs us sy id wa st
 2  0 109824 2579248   1884 447140    0    0  1280    40 1319  402 25  0 74  0  0
 2  0 109824 2579248   1884 447140    0    0  1024     0 1256  274 25  0 75  0  0
 2  0 109824 2579248   1884 447140    0    0  1280     0 1319  376 25  0 74  0  0
 2  0 109824 2579248   1884 447140    0    0  1024     0 1372  325 25  0 74  0  0
 2  0 109824 2579248   1884 447140    0    0  1280     0 1348  413 25  1 74  0  0
 2  0 109824 2579248   1884 447140    0    0  1024    32 1254  281 25  0 75  0  0
 2  0 109824 2579248   1884 447140    0    0  1280     0 1308  394 25  1 75  0  0
 2  0 109824 2579248   1884 447140    0    0  1024    40 1268  296 25  0 75  0  0
 2  0 109824 2579248   1884 447140    0    0  1280     0 1311  387 25  1 74  0  0
 2  0 109824 2579248   1884 447140    0    0  1024     0 1344  326 25  0 75  0  0
 2  0 109824 2579248   1884 447140    0    0  1280    56 1384  440 25  1 74  0  0
 2  0 109824 2579248   1884 447140    0    0  1028  2520 1305  302 25  0 74  0  0
 2  0 109824 2579248   1884 447140    0    0  1280     4 1327  412 25  1 74  0  0
 2  0 109824 2579248   1884 447140    0    0  1280     0 1265  282 25  0 75  0  0
 2  0 109824 2579248   1884 447140    0    0  1024     0 1335  401 25  0 74  0  0
 2  0 109824 2579248   1884 447140    0    0  1280     0 1206  257 25  0 75  0  0
 2  0 109824 2579248   1884 447140    0    0  1024    64 1357  439 25  1 74  0  0
 2  0 109824 2579248   1884 447140    0    0  1280     0 1276  298 25  0 75  0  0
 2  0 109824 2579248   1884 447140    0    0  1024     0 1304  402 25  1 74  0  0
 2  0 109824 2579248   1884 447140    0    0  1280     0 1217  266 25  0 75  0  0
 2  0 109824 2579248   1884 447140    0    0  1024     0 1349  454 25  1 74  0  0
procs -----------memory---------- ---swap-- -----io---- -system-- ------cpu-----
 r  b   swpd   free   buff  cache   si   so    bi    bo   in   cs us sy id wa st
 2  0 109824 2579248   1884 447140    0    0  1280    32 1279  312 25  0 75  0  0
 2  0 109824 2579248   1884 447140    0    0  1024     0 1332  386 25  0 75  0  0
 2  0 109824 2579248   1884 447140    0    0  1280     0 1231  268 25  0 75  0  0
 2  0 109824 2579248   1884 447140    0    0  1024     0 1359  428 25  1 74  0  0
 2  0 109824 2579248   1884 447140    0    0  1280     0 1210  254 25  0 75  0  0
 2  0 109824 2579248   1884 447140    0    0  1024    32 1319  391 25  0 74  0  0
 2  0 109824 2579248   1884 447140    0    0  1280   572 1347  362 25  0 74  0  0
 2  0 109824 2579248   1884 447140    0    0  1280    96 1388  429 25  1 74  0  0
 2  0 109824 2579248   1884 447140    0    0  1024     0 1416  405 27  1 73  0  0
 2  0 109824 2579248   1884 447140    0    0  1280     0 1416  489 25  1 74  0  0
 2  0 109824 2579248   1884 447140    0    0  1024     0 1243  271 25  0 75  0  0
 2  0 109824 2579248   1884 447140    0    0  1280     0 1357  430 25  1 74  0  0
 2  0 109824 2579248   1884 447140    0    0  1024    32 1434  410 25  0 74  0  0
 2  0 109824 2579248   1884 447140    0    0  1280     0 1289  394 25  1 75  0  0
 2  0 109824 2579248   1884 447140    0    0  1024     0 1261  290 25  0 75  0  0
 2  0 109824 2579248   1884 447140    0    0  1280     0 1524  515 25  1 74  0  0
 2  0 109824 2579248   1884 447140    0    0  1024     0 1371  430 26  0 74  0  0
 2  0 109824 2579248   1884 447140    0    0  1280    32 1393  452 25  1 74  0  0
 2  0 109824 2579248   1884 447140    0    0  1024     0 1247  277 25  0 75  0  0
 2  0 109824 2579248   1884 447140    0    0  1280    40 1370  425 25  1 74  0  0
 2  0 109824 2579248   1884 447140    0    0  1280     0 1281  303 25  0 75  0  0
procs -----------memory---------- ---swap-- -----io---- -system-- ------cpu-----
 r  b   swpd   free   buff  cache   si   so    bi    bo   in   cs us sy id wa st
 2  0 109824 2579248   1884 447140    0    0  1024  3620 1460  469 25  1 74  0  0
 2  0 109824 2579248   1884 447140    0    0  1280    76 1489  463 25  0 74  0  0
 2  0 109824 2579248   1884 447140    0    0  1024   620 1498  460 25  0 75  0  0
 2  0 109824 2579248   1884 447140    0    0  1280     0 1345  321 25  0 75  0  0
 2  0 109824 2579248   1884 447140    0    0  1024    84 1407  449 25  1 74  0  0
 2  0 109824 2579248   1884 447140    0    0  1280     0 1362  325 25  0 75  0  0
 2  0 109824 2579248   1884 447140    0    0  1024    36 1327  384 25  1 74  0  0
 2  0 109824 2579248   1884 447140    0    0  1280     0 1257  289 25  0 75  0  0
 2  0 109824 2579248   1884 447140    0    0  1024     0 1276  395 25  1 75  0  0
 2  0 109824 2579248   1884 447140    0    0  1280     0 1211  277 25  0 75  0  0
 2  0 109824 2579248   1884 447140    0    0  1024     0 1493  676 25  1 74  0  0
 2  0 109824 2579248   1884 447140    0    0  1280     0 1223  271 25  0 75  0  0
 2  0 109824 2579248   1884 447140    0    0  1024    32 1321  419 25  0 75  0  0
 2  0 109824 2579248   1884 447140    0    0  1280     0 1225  275 25  0 75  0  0
 2  0 109824 2579248   1884 447140    0    0  1280     0 1423  428 25  1 74  0  0
 2  0 109824 2579248   1884 447140    0    0  1024     0 1314  320 25  0 75  0  0
 2  0 109824 2579248   1884 447140    0    0  1416   384 1412  546 25  1 74  1  0
 2  0 109824 2579248   1884 447140    0    0  1024     0 1325  356 25  0 75  0  0
 2  0 109824 2579248   1884 447140    0    0  1280   384 1515  496 25  1 74  0  0
 2  0 109824 2579248   1884 447140    0    0  1024     0 1221  266 25  0 75  0  0
 2  0 109824 2579248   1884 447140    0    0  1280     0 1293  385 25  0 74  0  0
procs -----------memory---------- ---swap-- -----io---- -system-- ------cpu-----
 r  b   swpd   free   buff  cache   si   so    bi    bo   in   cs us sy id wa st
 2  0 109824 2579248   1884 447140    0    0  1024    32 1377  366 25  0 75  0  0
 2  0 109824 2579248   1884 447140    0    0  1280     0 1339  420 25  1 74  0  0
 2  0 109824 2579248   1884 447140    0    0  1024     0 1212  281 25  0 75  0  0
 2  0 109824 2579248   1884 447140    0    0  1280     0 1287  366 25  1 74  0  0
 2  0 109824 2579248   1884 447140    0    0  1024     0 1229  285 25  0 75  0  0
 2  0 109824 2579248   1884 447140    0    0  1280    32 1467  519 25  1 74  0  0
 2  0 109824 2579248   1884 447140    0    0  1280     0 1303  321 25  0 75  0  0
 2  0 109824 2579248   1884 447140    0    0  1024     0 1313  389 25  1 74  0  0
 2  0 109824 2579248   1884 447140    0    0  1280    40 1267  278 25  0 75  0  0
 2  0 109824 2579248   1884 447140    0    0  1024     0 1388  406 25  1 74  0  0
 2  0 109824 2579248   1884 447140    0    0  1288  3680 1290  336 25  0 74  1  0
 2  0 109824 2579248   1884 447140    0    0  1024     0 1424  484 25  1 74  0  0
 2  0 109824 2579248   1884 447140    0    0  1280   488 1409  430 25  0 75  0  0
 2  0 109824 2579248   1884 447140    0    0  1024     0 1334  387 25  1 74  0  0
 2  0 109824 2579248   1884 447140    0    0  1280     0 1242  276 25  0 75  0  0
 2  0 109824 2579248   1884 447140    0    0  1024    76 1322  404 25  1 74  0  0
 2  0 109824 2579248   1884 447140    0    0  1280   104 1498  433 25  0 74  0  0
 2  0 109824 2579248   1884 447140    0    0  1024     0 1324  405 25  1 74  0  0
 2  0 109824 2579248   1884 447140    0    0  1280     0 1282  307 25  0 75  0  0
 2  0 109824 2579248   1884 447140    0    0  1280     0 1342  402 25  1 74  0  0
 2  0 109824 2579248   1884 447140    0    0  1024    32 1233  298 25  0 75  0  0
procs -----------memory---------- ---swap-- -----io---- -system-- ------cpu-----
 r  b   swpd   free   buff  cache   si   so    bi    bo   in   cs us sy id wa st
 2  0 109824 2579248   1884 447140    0    0  1280     0 1316  412 25  1 74  0  0
 2  0 109824 2579248   1884 447140    0    0  1024     0 1274  298 25  0 75  0  0
 2  0 109824 2579248   1884 447140    0    0  1280     0 1422  464 25  1 74  0  0
 2  0 109824 2579248   1884 447140    0    0  1024     4 1256  295 25  0 75  0  0
 2  0 109824 2579248   1884 447140    0    0  1280    32 1306  387 25  1 74  0  0
 2  0 109824 2579248   1884 447140    0    0  1024     0 1296  345 25  0 75  0  0
 2  0 109824 2579248   1884 447140    0    0  1280     0 1377  427 25  0 75  0  0
 2  0 109824 2579248   1884 447140    0    0  1024     0 1303  300 25  0 75  0  0
 2  0 109824 2579248   1884 447140    0    0  1280     0 1297  368 25  0 74  0  0
 2  0 109824 2579248   1884 447140    0    0  1024    32 1234  276 25  0 75  0  0
 2  0 109824 2579248   1884 447140    0    0  1280     0 1393  443 25  1 74  0  0
 2  0 109824 2579248   1884 447140    0    0  1280     0 1333  328 25  0 75  0  0
 2  0 109824 2579248   1884 447140    0    0  1024     0 1371  417 25  1 74  0  0
 2  0 109824 2579248   1884 447140    0    0  1280     0 1245  263 25  0 75  0  0
 2  0 109824 2579248   1884 447140    0    0  1024    32 1489  507 25  1 74  0  0
 2  0 109824 2579248   1884 447140    0    0  1284     0 1263  312 25  0 75  0  0
 2  0 109824 2579248   1884 447140    0    0  1024     0 1332  395 25  1 75  0  0
 2  0 109824 2579248   1884 447140    0    0  1280     0 1303  318 25  0 74  0  0
 2  0 109824 2579248   1884 447140    0    0  1024     0 1334  392 25  0 75  0  0
 2  0 109824 2579248   1884 447140    0    0  1280    32 1263  280 25  0 74  0  0
 2  0 109824 2579248   1884 447140    0    0  1028  3736 1443  503 25  1 74  0  0
procs -----------memory---------- ---swap-- -----io---- -system-- ------cpu-----
 r  b   swpd   free   buff  cache   si   so    bi    bo   in   cs us sy id wa st
 2  0 109824 2579248   1884 447140    0    0  1280     0 1398  383 25  0 74  0  0
 2  0 109824 2579248   1884 447140    0    0  1024   864 1444  448 25  1 74  0  0
 2  0 109824 2579248   1884 447140    0    0  1280     0 1262  272 25  0 75  0  0
 2  0 109824 2579248   1884 447140    0    0  1280    96 1419  435 25  1 74  0  0
 2  0 109824 2579248   1884 447140    0    0  1024     0 1225  283 25  0 75  0  0
 2  0 109824 2579248   1884 447140    0    0  1280     0 1353  424 25  1 74  0  0
 2  0 109824 2579248   1884 447140    0    0  1024     0 1225  290 25  0 75  0  0
 2  0 109824 2579248   1884 447140    0    0  1280     0 1363  412 25  1 74  0  0
 2  0 109824 2579248   1884 447140    0    0  1024    32 1439  590 25  0 74  0  0
 2  0 109824 2579248   1884 447140    0    0  1280    80 1417  438 25  1 74  0  0
 2  0 109824 2579248   1884 447140    0    0  1024     0 1243  280 25  0 75  0  0
 2  0 109824 2579248   1884 447140    0    0  1280     0 1349  404 25  1 74  0  0
 2  0 109824 2579248   1884 447140    0    0  1024     0 1232  258 25  0 75  0  0
 2  0 109824 2579248   1884 447140    0    0  1280     0 1378  424 25  1 74  0  0
 2  0 109824 2579248   1884 447140    0    0  1024    36 1286  329 25  0 75  0  0
 2  0 109824 2579248   1884 447140    0    0  1280     0 1350  392 25  1 75  0  0
 2  0 109824 2579248   1884 447140    0    0  1280     0 1240  273 25  0 75  0  0
 2  0 109824 2579248   1884 447140    0    0  1024     0 1327  389 25  0 74  0  0
 2  0 109824 2579248   1884 447140    0    0  1280     0 1387  363 25  0 75  0  0
 2  0 109824 2579248   1884 447140    0    0  1024    32 1340  412 25  0 74  0  0
 2  0 109824 2579248   1884 447140    0    0  1280     0 1228  257 25  0 75  0  0
procs -----------memory---------- ---swap-- -----io---- -system-- ------cpu-----
 r  b   swpd   free   buff  cache   si   so    bi    bo   in   cs us sy id wa st
 2  0 109824 2579248   1884 447140    0    0  1024     0 1308  383 25  1 74  0  0
 2  0 109824 2579248   1884 447140    0    0  1280     0 1220  280 25  0 75  0  0
 2  0 109824 2579248   1884 447140    0    0  1024     0 1297  378 25  1 75  0  0
 2  0 109824 2579248   1884 447140    0    0  1280    32 1316  351 25  0 75  0  0
 2  0 109824 2579248   1884 447140    0    0  1024     0 1303  380 25  0 75  0  0
 2  0 109824 2579248   1884 447140    0    0  1280     0 1283  309 25  0 75  0  0
 2  0 109824 2579248   1884 447140    0    0  1024     0 1335  397 25  1 74  0  0
 2  0 109824 2579248   1884 447140    0    0  1280     0 1238  267 25  0 75  0  0
 2  0 109824 2579248   1884 447140    0    0  1280    64 1278  403 25  1 75  0  0
 2  0 109824 2579248   1884 447140    0    0  1028  3624 1229  280 25  0 74  0  0
 2  0 109824 2579248   1884 447140    0    0  1280     0 1349  388 25  1 74  0  0
 2  0 109824 2579248   1884 447140    0    0  1024     0 1235  288 25  0 75  0  0
 2  0 109824 2579248   1884 447140    0    0  1280     0 1311  378 25  1 74  0  0
 2  0 109824 2579248   1884 447140    0    0  1024   632 1471  441 25  0 75  0  0
 2  0 109824 2579248   1884 447140    0    0  1280     0 1331  391 25  1 75  0  0
 2  0 109824 2579248   1884 447140    0    0  1024     0 1258  286 25  0 75  0  0
 2  0 109824 2579248   1884 447140    0    0  1280    16 1382  441 25  1 74  0  0
 2  0 109824 2579248   1884 447140    0    0  1024     0 1286  318 25  0 75  0  0
 2  0 109824 2579248   1884 447140    0    0  1280    56 1378  440 25  0 74  0  0
 2  0 109824 2579248   1884 447140    0    0  1024     0 1310  334 25  0 75  0  0
 2  0 109824 2579248   1884 447140    0    0  1280     0 1326  410 25  1 74  0  0
procs -----------memory---------- ---swap-- -----io---- -system-- ------cpu-----
 r  b   swpd   free   buff  cache   si   so    bi    bo   in   cs us sy id wa st
 2  0 109824 2579248   1884 447140    0    0  1280     4 1219  269 25  0 75  0  0
 2  0 109824 2579248   1884 447140    0    0  1024    24 1338  421 25  1 74  0  0
 2  0 109824 2579248   1884 447140    0    0  1280    80 1303  358 25  0 75  0  0
 2  0 109824 2579248   1884 447140    0    0  1024     0 1284  384 25  1 74  0  0
 2  0 109824 2579248   1884 447140    0    0  1280     0 1258  293 25  0 75  0  0
 2  0 109824 2579248   1884 447140    0    0  1024     0 1334  397 25  1 74  0  0
 2  0 109824 2579248   1884 447140    0    0  1280     0 1332  340 25  0 75  0  0
 2  0 109824 2579248   1884 447140    0    0  1024    12 1302  394 25  0 74  0  0
 2  0 109824 2579248   1884 447140    0    0  1280    44 1291  323 25  0 75  0  0
 2  0 109824 2579248   1884 447140    0    0  1024     0 1393  445 25  1 74  0  0
 2  0 109824 2579248   1884 447140    0    0  1280     0 1311  312 25  0 75  0  0
 2  0 109824 2579248   1884 447140    0    0  1024     0 1390  428 25  1 74  0  0
 2  0 109824 2579248   1884 447140    0    0  1280     0 1240  295 25  0 75  0  0
 2  0 109824 2579248   1884 447140    0    0  1280    44 1422  453 25  1 74  0  0
 2  0 109824 2579248   1884 447140    0    0  1024  3040 1382  366 26  0 74  0  0
 2  0 109824 2579248   1884 447140    0    0  1280     0 1294  373 25  1 75  0  0
 2  0 109824 2579248   1884 447140    0    0  1024     0 1295  274 25  0 75  0  0
 2  0 109824 2579248   1884 447140    0    0  1280     0 1372  465 25  1 74  0  0
 2  0 109824 2579248   1884 447140    0    0  1024    76 1312  303 25  0 75  0  0
 2  0 109824 2579248   1884 447140    0    0  1280    16 1354  397 25  1 74  0  0
 2  0 109824 2579248   1884 447140    0    0  1024     0 1265  288 25  0 75  0  0
procs -----------memory---------- ---swap-- -----io---- -system-- ------cpu-----
 r  b   swpd   free   buff  cache   si   so    bi    bo   in   cs us sy id wa st
 2  0 109824 2579248   1884 447140    0    0  1280     0 1359  413 25  1 74  0  0
 2  0 109824 2579248   1884 447140    0    0  1024     0 1314  321 25  0 75  0  0
 2  0 109824 2579248   1884 447140    0    0  1280    56 1314  394 25  1 74  0  0
 2  0 109824 2579248   1884 447140    0    0  1024   888 1419  430 25  0 74  0  0
 3  0 109824 2579248   1884 447140    0    0  1280    16 1335  416 25  1 74  0  0
 2  0 109824 2579248   1884 447140    0    0  1280     0 1232  278 25  0 75  0  0
 2  0 109824 2579248   1884 447140    0    0  1024     0 1360  439 25  1 74  0  0
 2  0 109824 2579248   1884 447140    0    0  1280    60 1378  529 25  0 75  0  0
 2  0 109824 2579248   1884 447140    0    0  1024     0 1317  387 25  1 75  0  0
 2  0 109824 2579248   1884 447140    0    0  1280     0 1458  407 25  1 74  0  0
 2  0 109824 2579248   1884 447140    0    0  1024    16 1318  383 25  1 74  0  0
 2  0 109824 2579248   1884 447140    0    0  1280     0 1299  335 25  0 75  0  0
 2  0 109824 2579248   1884 447140    0    0  1024   132 1361  409 25  1 74  0  0
 2  0 109824 2579248   1884 447140    0    0  1280     0 1369  321 25  0 75  0  0
 2  0 109824 2579248   1884 447140    0    0  1024     0 1367  421 25  1 74  0  0
 2  0 109824 2579248   1884 447140    0    0  1280     0 1302  326 25  0 75  0  0
 2  0 109824 2579248   1884 447140    0    0  1024     0 1330  394 25  0 75  0  0
 2  0 109824 2579248   1884 447140    0    0  1280    32 1357  347 25  0 74  0  0
 2  0 109824 2579248   1884 447140    0    0  1024    12 1385  443 25  1 74  0  0
 2  0 109824 2579248   1884 447140    0    0  1280   508 1399  341 25  0 75  0  0
 2  0 109824 2579248   1884 447140    0    0  1280     0 1428  451 25  1 74  0  0
procs -----------memory---------- ---swap-- -----io---- -system-- ------cpu-----
 r  b   swpd   free   buff  cache   si   so    bi    bo   in   cs us sy id wa st
 2  0 109824 2579248   1884 447140    0    0  1024     0 1315  322 25  0 75  0  0
 2  0 109824 2579248   1884 447140    0    0  1280    48 1369  420 25  0 74  0  0
 2  0 109824 2579248   1884 447140    0    0  1024    52 1280  302 25  0 75  0  0
 2  0 109824 2579248   1884 447140    0    0  1288  3624 1353  398 25  0 74  0  0
 2  0 109824 2579248   1884 447140    0    0  1024     0 1289  299 25  0 75  0  0
 2  0 109824 2579248   1884 447140    0    0  1280     0 1314  385 25  1 75  0  0
 2  0 109824 2579248   1884 447140    0    0  1024    92 1299  289 25  0 75  0  0
 2  0 109824 2579248   1884 447140    0    0  1280     0 1378  418 25  0 74  0  0
 2  0 109824 2579248   1884 447140    0    0  1024     0 1314  315 25  0 75  0  0
 2  0 109824 2579248   1884 447140    0    0  1280   320 1463  434 25  1 74  0  0
 2  0 109824 2579248   1884 447140    0    0  1024     0 1345  346 25  0 75  0  0
 2  0 109824 2579248   1884 447140    0    0  1280   136 1399  438 25  1 74  0  0
 2  0 109824 2579248   1884 447140    0    0  1024     0 1226  244 25  0 75  0  0
 2  0 109824 2579248   1884 447140    0    0  1280     0 1375  412 25  1 74  0  0
 2  0 109824 2579248   1884 447140    0    0  1280     0 1282  279 25  0 75  0  0
 2  0 109824 2579248   1884 447140    0    0  1024    12 1432  436 25  0 74  0  0
 2  0 109824 2579248   1884 447140    0    0  1280     0 1225  250 25  0 75  0  0
 2  0 109824 2579248   1884 447140    0    0  1024    44 1452  494 25  1 74  0  0
 2  0 109824 2579248   1884 447140    0    0  1280     0 1245  278 25  0 75  0  0
 2  0 109824 2579248   1884 447140    0    0  1024     0 1433  458 25  1 74  0  0
 2  0 109824 2579248   1884 447140    0    0  1280   412 1349  372 25  0 75  0  0
procs -----------memory---------- ---swap-- -----io---- -system-- ------cpu-----
 r  b   swpd   free   buff  cache   si   so    bi    bo   in   cs us sy id wa st
 2  0 109824 2579248   1884 447140    0    0  1024     0 1316  396 25  0 75  0  0
 2  0 109824 2579248   1884 447140    0    0  1280    56 1270  305 25  0 75  0  0
 2  0 109824 2579248   1884 447140    0    0  1024     0 1355  391 25  1 74  0  0
 2  0 109824 2579248   1884 447140    0    0  1280     0 1275  272 25  0 75  0  0
 2  0 109824 2579248   1884 447140    0    0  1024     0 1348  416 25  0 74  0  0
 2  0 109824 2579248   1884 447140    0    0  1280     0 1296  275 25  0 75  0  0
 2  0 109824 2579248   1884 447140    0    0  1024    56 1372  428 25  1 74  0  0
 2  0 109824 2579248   1884 447140    0    0  1280     0 1287  288 25  0 75  0  0
 2  0 109824 2579248   1884 447140    0    0  1280   208 1514  494 25  1 74  0  0
 2  0 109824 2579248   1884 447140    0    0  1024     0 1279  289 25  0 75  0  0
 2  0 109824 2579248   1884 447140    0    0  1280     0 1342  416 25  1 74  0  0
 2  0 109824 2579248   1884 447140    0    0  1024    48 1303  303 25  0 74  0  0
 2  0 109824 2579248   1884 447140    0    0  1280     4 1305  373 25  1 74  0  0
 2  0 109824 2579248   1884 447140    0    0  1028  3620 1290  293 25  0 75  0  0
 2  0 109824 2579248   1884 447140    0    0  1280   236 1572  564 25  1 74  0  0
 2  0 109824 2579248   1884 447140    0    0  1024     0 1228  245 25  0 75  0  0
 2  0 109824 2579248   1884 447140    0    0  1280    80 1305  389 25  1 74  0  0
 2  0 109824 2579248   1884 447140    0    0  1024     0 1341  330 25  1 74  0  0
 2  0 109824 2579248   1884 447140    0    0  1280     0 1355  379 25  1 74  0  0
 2  0 109824 2579248   1884 447140    0    0  1024   140 1335  284 25  0 75  0  0
 2  0 109824 2579248   1884 447140    0    0  1280     0 1388  414 25  1 74  0  0
procs -----------memory---------- ---swap-- -----io---- -system-- ------cpu-----
 r  b   swpd   free   buff  cache   si   so    bi    bo   in   cs us sy id wa st
 2  0 109824 2579248   1884 447140    0    0  1280    36 1311  313 25  1 75  0  0
 2  0 109824 2579248   1884 447140    0    0  1024    12 1358  401 25  0 74  0  0
 2  0 109824 2579248   1884 447140    0    0  1280     0 1261  265 25  0 75  0  0
 2  0 109824 2579248   1884 447140    0    0  1024     0 1308  391 25  1 74  0  0
 2  0 109824 2579248   1884 447140    0    0  1280   168 1287  274 25  0 75  0  0
 2  0 109824 2579248   1884 447140    0    0  1024    80 1620  739 25  1 74  0  0
 2  0 109824 2579248   1884 447140    0    0  1280     0 1258  265 25  0 75  0  0
 2  0 109824 2579248   1884 447140    0    0  1024     0 1416  458 25  1 74  0  0
 2  0 109824 2579248   1884 447140    0    0  1280     0 1273  303 25  0 75  0  0
 2  0 109824 2579248   1884 447140    0    0  1024     0 1362  419 25  0 74  0  0
 2  0 109824 2579248   1884 447140    0    0  1280    76 1257  298 25  0 75  0  0
 2  0 109824 2579248   1884 447140    0    0  1024     0 1318  364 25  1 74  0  0
 2  0 109824 2579248   1884 447140    0    0  1280     0 1301  319 25  0 75  0  0
 2  0 109824 2579248   1884 447140    0    0  1280  2464 1426  435 25  1 74  0  0
 2  0 109824 2579248   1884 447140    0    0  1024     0 1268  282 25  0 75  0  0
 2  0 109824 2579248   1884 447140    0    0  1280     0 1360  414 25  1 74  0  0
 2  0 109824 2579248   1884 447140    0    0  1024    56 1343  340 25  0 74  0  0
 2  0 109824 2579248   1884 447140    0    0  1280     0 1400  431 25  1 74  0  0
 2  0 109824 2579248   1884 447140    0    0  1024    12 1305  306 25  1 75  0  0
 2  0 109824 2579248   1884 447140    0    0  1280     0 1504  507 25  1 74  0  0
 2  0 109824 2579248   1884 447140    0    0  1024     0 1258  276 25  0 75  0  0
procs -----------memory---------- ---swap-- -----io---- -system-- ------cpu-----
 r  b   swpd   free   buff  cache   si   so    bi    bo   in   cs us sy id wa st
 2  0 109824 2579248   1884 447140    0    0  1280    44 1374  420 25  0 74  0  0
 2  0 109824 2579248   1884 447140    0    0  1024     0 1290  288 25  0 75  0  0
 2  0 109824 2579248   1884 447140    0    0  1280     0 1300  383 25  0 75  0  0
 2  0 109824 2579248   1884 447140    0    0  1280    12 1253  287 25  0 75  0  0
 2  0 109824 2579248   1884 447140    0    0  1024     0 1363  410 25  1 74  0  0
 2  0 109824 2579248   1884 447140    0    0  1280    44 1290  310 25  0 75  0  0
 2  0 109824 2579248   1884 447140    0    0  1024     0 1283  374 25  0 75  0  0
 2  0 109824 2579248   1884 447140    0    0  1280     0 1261  285 25  0 75  0  0
 2  0 109824 2579248   1884 447140    0    0  1024     0 1332  411 25  1 74  0  0
 2  0 109824 2579248   1884 447140    0    0  1280     0 1251  261 25  0 75  0  0
 2  0 109824 2579248   1884 447140    0    0  1024    76 1327  413 25  1 74  0  0
 2  0 109824 2579248   1884 447140    0    0  1280     0 1251  279 25  0 75  0  0
 2  0 109824 2579248   1884 447140    0    0  1024     0 1376  411 25  1 74  0  0
 2  0 109824 2579248   1884 447140    0    0  1280     0 1223  242 25  0 75  0  0
 2  0 109824 2579248   1884 447140    0    0  1024   584 1409  430 25  1 74  0  0
 2  0 109824 2579248   1884 447140    0    0  1280    88 1223  277 25  0 74  0  0
 2  0 109824 2579248   1884 447140    0    0  1024     0 1386  432 25  1 74  0  0
 2  0 109824 2579248   1884 447140    0    0  1280     0 1314  347 25  0 75  0  0
 2  0 109824 2579248   1884 447140    0    0  1280     0 1305  398 25  0 74  0  0
 2  0 109824 2579248   1884 447140    0    0  1024     0 1213  259 25  0 75  0  0
 2  0 109824 2579248   1884 447140    0    0  1280    32 1318  378 25  1 74  0  0
procs -----------memory---------- ---swap-- -----io---- -system-- ------cpu-----
 r  b   swpd   free   buff  cache   si   so    bi    bo   in   cs us sy id wa st
 2  0 109824 2579248   1884 447140    0    0  1024    12 1340  375 25  0 74  0  0
 2  0 109824 2579248   1884 447140    0    0  1280     0 1313  395 25  1 75  0  0
 2  0 109824 2579248   1884 447140    0    0  1024  3680 1236  278 25  0 75  0  0
 2  0 109824 2579248   1884 447140    0    0  1280     0 1333  401 25  1 74  0  0
 2  0 109824 2579248   1884 447140    0    0  1024    68 1218  268 25  0 75  0  0
 2  0 109824 2579248   1884 447140    0    0  1280     0 1497  481 25  1 74  0  0
 2  0 109824 2579248   1884 447140    0    0  1024     0 1276  284 25  0 75  0  0
 2  0 109824 2579248   1884 447140    0    0  1280     0 1445  475 25  1 74  0  0
 2  0 109824 2579248   1884 447140    0    0  1024     0 1301  310 25  0 75  0  0
 2  0 109824 2579248   1884 447140    0    0  1280     0 1393  418 25  1 74  0  0
 2  0 109824 2579248   1884 447140    0    0  1280    52 1266  317 25  0 75  0  0
 2  0 109824 2579248   1884 447140    0    0  1024     0 1356  472 25  0 74  0  0
 2  0 109824 2579248   1884 447140    0    0  1280     0 1234  274 25  0 75  0  0
 2  0 109824 2579248   1884 447140    0    0  1024     0 1304  406 25  1 75  0  0
 2  0 109824 2579248   1884 447140    0    0  1280     0 1266  331 26  0 74  0  0
 2  0 109824 2579248   1884 447140    0    0  1024    56 1346  421 25  1 74  0  0
 2  0 109824 2579248   1884 447140    0    0  1280     0 1244  267 25  0 75  0  0
 2  0 109824 2579248   1884 447140    0    0  1024     4 1358  455 25  1 74  0  0
 2  0 109824 2579248   1884 447140    0    0  1280     0 1338  326 25  0 75  0  0
 2  0 109824 2579248   1884 447140    0    0  1024     0 1332  385 25  1 75  0  0
 2  0 109824 2579248   1884 447140    0    0  1280    32 1274  289 25  0 75  0  0
procs -----------memory---------- ---swap-- -----io---- -system-- ------cpu-----
 r  b   swpd   free   buff  cache   si   so    bi    bo   in   cs us sy id wa st
 2  0 109824 2579248   1884 447140    0    0  1024     0 1363  410 25  0 74  0  0
 2  0 109824 2579248   1884 447140    0    0  1280     0 1231  262 25  0 75  0  0
 2  0 109824 2579248   1884 447140    0    0  1280     0 1311  389 25  1 74  0  0
 2  0 109824 2579248   1884 447140    0    0  1024     0 1220  249 25  0 75  0  0
 2  0 109824 2579248   1884 447140    0    0  1280    84 1624  736 25  1 74  0  0
 2  0 109824 2579248   1884 447140    0    0  1024   620 1512  402 25  0 74  0  0
 2  0 109824 2579248   1884 447140    0    0  1280     0 1347  418 25  1 75  0  0
 2  0 109824 2579248   1884 447140    0    0  1024     0 1229  255 25  0 75  0  0
 2  0 109824 2579248   1884 447140    0    0  1280     0 1318  380 25  1 74  0  0
 2  0 109824 2579248   1884 447140    0    0  1024    36 1255  304 25  0 75  0  0
 2  0 109824 2579248   1884 447140    0    0  1280     0 1323  410 25  0 74  0  0
 2  0 109824 2579248   1884 447140    0    0  1024     0 1350  322 25  0 75  0  0
 2  0 109824 2579248   1884 447140    0    0  1280  3636 1382  413 25  1 74  0  0
 2  0 109824 2579248   1884 447140    0    0  1024     0 1246  261 25  0 75  0  0
 2  0 109824 2579248   1884 447140    0    0  1280    56 1382  414 25  0 74  0  0
 2  0 109824 2579248   1884 447140    0    0  1280    32 1301  303 25  0 75  0  0
 2  0 109824 2579248   1884 447140    0    0  1024     0 1359  432 25  1 74  0  0
 2  0 109824 2579248   1884 447140    0    0  1280     0 1261  269 25  0 75  0  0
 2  0 109824 2579248   1884 447140    0    0  1024     0 1376  431 25  1 74  0  0
 2  0 109824 2579248   1884 447140    0    0  1280    32 1264  290 25  0 75  0  0
 2  0 109824 2579248   1884 447140    0    0  1024     0 1372  432 25  1 74  0  0
procs -----------memory---------- ---swap-- -----io---- -system-- ------cpu-----
 r  b   swpd   free   buff  cache   si   so    bi    bo   in   cs us sy id wa st
 2  0 109824 2579248   1884 447140    0    0  1280     0 1311  317 25  0 75  0  0
 2  0 109824 2579248   1884 447140    0    0  1024    36 1332  386 25  1 75  0  0
 2  0 109824 2579248   1884 447140    0    0  1280     0 1264  267 25  0 75  0  0
 2  0 109824 2579248   1884 447140    0    0  1024    56 1294  385 25  1 74  0  0
 2  0 109824 2579248   1884 447140    0    0  1280     0 1362  350 25  0 75  0  0
 2  0 109824 2579248   1884 447140    0    0  1024     0 1336  403 25  1 74  0  0
 2  0 109824 2579248   1884 447140    0    0  1280     0 1259  295 25  0 75  0  0
 2  0 109824 2579248   1884 447140    0    0  1280     0 1332  416 25  1 75  0  0
 2  0 109824 2579248   1884 447140    0    0  1024    32 1219  274 25  0 75  0  0
 2  0 109824 2579248   1884 447140    0    0  1280    16 1387  433 25  0 75  0  0
 2  0 109824 2579248   1884 447140    0    0  1024     0 1230  270 25  0 75  0  0
 2  0 109824 2579248   1884 447140    0    0  1280     0 1320  416 25  1 74  0  0
 2  0 109824 2579248   1884 447140    0    0  1024     0 1279  309 25  0 75  0  0
 2  0 109824 2579248   1884 447140    0    0  1280   128 1358  435 25  1 74  0  0
 2  0 109824 2579248   1884 447140    0    0  1024   748 1389  430 25  0 74  0  0
 2  0 109824 2579248   1884 447140    0    0  1280    12 1314  408 25  1 75  0  0
 2  0 109824 2579248   1884 447140    0    0  1280     0 1238  291 25  0 74  0  0
 2  0 109824 2579248   1884 447140    0    0  1024     0 1403  445 25  1 74  0  0
 2  0 109824 2579248   1884 447140    0    0  1280    48 1325  347 25  0 75  0  0
 2  0 109824 2579248   1884 447140    0    0   804     0 1339  387 25  1 74  0  0
