procs -----------memory---------- ---swap-- -----io---- -system-- ------cpu-----
 r  b   swpd   free   buff  cache   si   so    bi    bo   in   cs us sy id wa st
 1  2 152576 1417360   2520 815624    0   12  1094   355  436  298 22  2 76  1  0
 2  0 152576 1417360   2520 815624    0    0 16720     0 1906  880 22  3 74  2  0
 2  0 152576 1417360   2520 815624    0    0  1544     0 1413  397 25  1 74  0  0
 3  0 152576 1417360   2520 815624    0    0  1684   136 1706  755 29  2 69  0  0
 3  0 152576 1417360   2520 815624    0    0  1336     0 1606  430 29  1 71  0  0
 2  0 152576 1417360   2520 815624    0    0  1280     0 1408  460 25  1 74  0  0
 2  0 152576 1417360   2520 815624    0    0  1108     0 1363  480 25  1 74  0  0
 2  0 152576 1417360   2520 815624    0    0  1280   316 1513  509 25  1 74  0  0
 2  0 152576 1417360   2520 815624    0    0  1028   120 1514  699 25  1 74  0  0
 2  0 152576 1417360   2520 815624    0    0  1280     0 1348  424 25  1 74  0  0
 2  0 152576 1417360   2520 815624    0    0  1024     0 1265  320 25  1 74  0  0
 2  0 152576 1417360   2520 815624    0    0  1280     0 1344  436 25  1 74  0  0
 3  0 152576 1417360   2520 815624    0    0  1280     0 1347  309 25  0 74  0  0
 2  0 152576 1417360   2520 815624    0    0  1024   120 1401  485 25  1 74  0  0
 2  0 152576 1417360   2520 815624    0    0  1280     0 1271  320 26  0 74  0  0
 2  0 152576 1417360   2520 815624    0    0  1024     0 1347  441 25  1 74  0  0
 2  0 152576 1417360   2520 815624    0    0  1280     0 1236  270 25  0 75  0  0
 2  0 152576 1417360   2520 815624    0    0  1300   188 1370  436 25  1 74  0  0
 5  0 152576 1417360   2520 815624    0    0  1296  1832 1322  342 25  0 74  0  0
 3  0 152576 1417360   2520 815624    0    0 23652    72 3188 2209 29  3 61  7  0
 2  0 152576 1417360   2520 815624   12    0  1052   200 1523  572 25  1 73  1  0
procs -----------memory---------- ---swap-- -----io---- -system-- ------cpu-----
 r  b   swpd   free   buff  cache   si   so    bi    bo   in   cs us sy id wa st
 2  0 152576 1417360   2520 815624    0    0  1280     0 1508  513 27  1 72  0  0
 2  0 152576 1417360   2520 815624    0    0  1280     0 1256  270 25  0 75  0  0
 2  0 152576 1417360   2520 815624    0    0  1024     0 1431  589 25  1 74  0  0
 3  0 152576 1417360   2520 815624    0    0  4446     0 1565  574 25  2 72  1  0
 2  0 152576 1417360   2520 815624    0    0  1160   460 1458  617 25  1 73  1  0
 2  0 152576 1417360   2520 815624    0    0  1280     0 1341  424 25  1 74  0  0
 2  0 152576 1417360   2520 815624    0    0  1024     0 1410  387 25  0 75  0  0
 3  0 152576 1417360   2520 815624    0    0  1280     0 1553  622 26  1 73  0  0
 2  0 152576 1417360   2520 815624    0    0  1024     0 1330  369 26  0 74  0  0
 2  0 152576 1417360   2520 815624    0    0  1280    36 1374  464 25  1 74  0  0
 3  0 152576 1417360   2520 815624    0    0  2192  5084 2483  865 36  1 63  1  0
 2  0 152576 1417360   2520 815624    0    0  1024    12 1876  733 31  1 68  0  0
 2  0 152576 1417360   2520 815624    0    0  1684   144 1678  659 26  1 73  0  0
 2  0 152576 1417360   2520 815624    0    0  1024     0 1742  654 27  1 72  0  0
 2  0 152576 1417360   2520 815624    0    0  1280     0 1533  538 26  1 73  0  0
 2  0 152576 1417360   2520 815624    0    0 21568    20 2478 1016 29  2 68  2  0
 2  0 152576 1417360   2520 815624 1088    0  4104     0 1900 1149 27  1 71  2  0
 2  0 152576 1417360   2520 815624    0    0  1156   160 1529  625 26  1 73  0  0
 2  0 152576 1417360   2520 815624    0    0  1280  1832 1732  520 29  1 71  0  0
 2  0 152576 1417360   2520 815624    0    0  1024     0 1319  421 25  1 74  0  0
 2  0 152576 1417360   2520 815624    0    0  1280    16 1385  394 25  0 75  0  0
procs -----------memory---------- ---swap-- -----io---- -system-- ------cpu-----
 r  b   swpd   free   buff  cache   si   so    bi    bo   in   cs us sy id wa st
 2  0 152576 1417360   2520 815624    0    0  1280   612 1453  470 25  1 74  0  0
 2  0 152576 1417360   2520 815624    0    0  1024   156 1372  394 25  0 74  0  0
 2  0 152576 1417360   2520 815624    0    0  1280     0 1402  467 25  1 74  0  0
 2  0 152576 1417360   2520 815624    0    0  1024     0 1366  354 25  0 75  0  0
 2  0 152576 1417360   2520 815624    0    0  1280     0 1261  370 25  1 74  0  0
 2  0 152576 1417360   2520 815624    0    0  1024     0 1333  360 25  0 75  0  0
 2  0 152576 1417360   2520 815624    0    0  1424    36 1399  483 25  1 74  0  0
 2  0 152576 1417360   2520 815624    0    0 10036   132 2331 1227 26  1 70  2  0
 2  0 152576 1417360   2520 815624    0    0  1280     0 1375  504 25  1 74  0  0
 2  0 152576 1417360   2520 815624    0    0  1024     0 1381  380 25  1 75  0  0
 2  0 152576 1417360   2520 815624    0    0  1280     0 1311  400 25  1 74  0  0
 2  0 152576 1417360   2520 815624   12    0  1172   436 1458  488 25  1 74  0  0
 2  0 152576 1417360   2520 815624    0    0  1280     8 1322  393 25  1 74  0  0
 2  0 152576 1417360   2520 815624    0    0  1024     0 1356  377 25  1 74  0  0
 2  0 152576 1417360   2520 815624    0    0  1280     0 1364  461 25  1 74  0  0
 2  0 152576 1417360   2520 815624    0    0  1024   196 1301  332 25  0 75  0  0
 2  0 152576 1417360   2520 815624    0    0  1280    40 1406  433 25  1 74  0  0
 2  0 152576 1417360   2520 815624    0    0  1032  2152 1417  438 25  1 74  0  0
 2  0 152576 1417360   2520 815624    0    0  1280     0 1398  518 25  1 74  0  0
 2  0 152576 1417360   2520 815624    0    0  1280     0 1309  328 25  0 75  0  0
 2  0 152576 1417360   2520 815624    0    0  1024  3672 1331  459 25  0 74  0  0
procs -----------memory---------- ---swap-- -----io---- -system-- ------cpu-----
 r  b   swpd   free   buff  cache   si   so    bi    bo   in   cs us sy id wa st
 2  0 152576 1417360   2520 815624    0    0  1280   160 1384  367 25  0 74  0  0
 2  0 152576 1417360   2520 815624    0    0  1024   160 1428  487 25  1 74  0  0
 2  0 152576 1417360   2520 815624    0    0  1280     0 1291  314 25  0 75  0  0
 2  0 152576 1417360   2520 815624    0    0  1024     0 1335  401 25  1 74  0  0
 2  0 152576 1417360   2520 815624    0    0  1280    12 1238  311 25  0 75  0  0
 2  0 152576 1417360   2520 815624    0    0  1024     0 1445  506 25  1 74  0  0
 2  0 152576 1417360   2520 815624    0    0  1280   224 1419  420 25  1 74  0  0
 2  0 152576 1417360   2520 815624    0    0  1024   100 1587  730 25  1 74  0  0
 2  0 152576 1417360   2520 815624    0    0  1280     0 1287  335 25  1 74  0  0
 2  0 152576 1417360   2520 815624    0    0  1024     0 1324  399 25  1 74  0  0
 2  0 152576 1417360   2520 815624    0    0  1280     0 1309  346 25  1 75  0  0
 2  0 152576 1417360   2520 815624    0    0  1024   332 1621  609 25  1 74  0  0
 2  0 152576 1417360   2520 815624    0    0  1280     0 1328  356 25  0 75  0  0
 2  0 152576 1417360   2520 815624    0    0  1024     0 1330  400 25  1 74  0  0
 2  0 152576 1417360   2520 815624    0    0  1280     0 1306  342 25  1 75  0  0
 2  0 152576 1417360   2520 815624    0    0  1024     0 1416  464 25  1 74  0  0
 2  0 152576 1417360   2520 815624    0    0  1280  1924 1383  405 25  0 74  0  0
 2  0 152576 1417360   2520 815624    0    0  1024   140 1410  520 25  1 74  0  0
 2  0 152576 1417360   2520 815624    0    0  1280     0 1380  414 25  0 75  0  0
 2  0 152576 1417360   2520 815624    0    0  1024    24 1291  373 25  1 74  0  0
 2  0 152576 1417360   2520 815624    0    0  1284  2404 1342  412 25  0 74  0  0
procs -----------memory---------- ---swap-- -----io---- -system-- ------cpu-----
 r  b   swpd   free   buff  cache   si   so    bi    bo   in   cs us sy id wa st
 2  0 152576 1417360   2520 815624    0    0  1024   320 1580  602 25  1 74  0  0
 2  0 152576 1417360   2520 815624    0    0  1280    64 1276  337 25  0 74  0  0
 2  0 152576 1417360   2520 815624    0    0  1280     0 1326  451 25  1 74  0  0
 2  0 152576 1417360   2520 815624    0    0  1024     0 1422  410 25  1 74  0  0
 2  0 152576 1417360   2520 815624    0    0  1280   124 1440  446 25  1 74  0  0
 2  0 152576 1417360   2520 815624    0    0  1024     0 1321  362 25  0 75  0  0
 2  0 152576 1417360   2520 815624    0    0  1280    36 1384  463 25  1 74  0  0
 2  0 152576 1417360   2520 815624    0    0  1024    52 1247  316 25  0 75  0  0
 2  0 152576 1417360   2520 815624    0    0  1280     0 1370  472 25  1 74  0  0
 2  0 152576 1417360   2520 815624    0    0  1024    52 1281  305 25  0 75  0  0
 2  0 152576 1417360   2520 815624    0    0  1280    44 1414  476 25  1 74  0  0
 2  0 152576 1417360   2520 815624    0    0  1024    60 1260  323 25  0 74  0  0
 2  0 152576 1417360   2520 815624    0    0  1280     0 1316  403 25  1 75  0  0
 2  0 152576 1417360   2520 815624    0    0  1024     0 1252  291 25  0 75  0  0
 2  0 152576 1417360   2520 815624    0    0  1280     0 1370  492 25  1 74  0  0
 2  0 152576 1417360   2520 815624    0    0  1024  1832 1410  396 25  1 74  0  0
 2  0 152576 1417360   2520 815624    0    0  1280    92 1632  597 25  1 74  0  0
 2  0 152576 1417360   2520 815624    0    0  1024    76 1291  323 25  0 75  0  0
 2  0 152576 1417360   2520 815624    0    0  1280     0 1294  371 25  1 74  0  0
 2  0 152576 1417360   2520 815624    0    0  1024     0 1319  349 25  1 74  0  0
 2  0 152576 1417360   2520 815624    0    0  1280     0 1373  478 25  1 74  0  0
procs -----------memory---------- ---swap-- -----io---- -system-- ------cpu-----
 r  b   swpd   free   buff  cache   si   so    bi    bo   in   cs us sy id wa st
 3  0 152576 1417360   2520 815624    0    0  1280    28 1293  345 25  0 75  0  0
 2  0 152576 1417360   2520 815624    0    0  1024     4 1310  404 25  1 74  0  0
 2  0 152576 1417360   2520 815624    0    0  1280     0 1234  308 25  0 75  0  0
 2  0 152576 1417360   2520 815624    0    0  1024     0 1335  424 25  1 74  0  0
 2  0 152576 1417360   2520 815624    0    0  1280     0 1312  379 25  0 75  0  0
 2  0 152576 1417360   2520 815624    0    0  1024     0 1463  572 25  1 74  0  0
 2  0 152576 1417360   2520 815624    0    0  1280    40 1347  394 25  0 75  0  0
 2  0 152576 1417360   2520 815624    0    0  1024     0 1312  397 25  1 74  0  0
 2  0 152576 1417360   2520 815624    0    0  1280     0 1278  341 25  0 75  0  0
 2  0 152576 1417360   2520 815624    0    0  1028  3680 1425  472 25  1 74  0  0
 2  0 152576 1417360   2520 815624    0    0  1280   680 1454  406 26  0 74  0  0
 2  0 152576 1417360   2520 815624    0    0  1024    68 1349  455 25  1 74  0  0
 2  0 152576 1417360   2520 815624    0    0  1280    52 1303  342 25  0 75  0  0
 2  0 152576 1417360   2520 815624    0    0  1024     0 1332  419 25  1 74  0  0
 2  0 152576 1417360   2520 815624    0    0  1280  2012 1408  427 25  1 74  0  0
 2  0 152576 1417360   2520 815624    0    0  1024     0 1370  473 25  1 74  0  0
 2  0 152576 1417360   2520 815624    0    0  1280     0 1252  313 25  0 75  0  0
 2  0 152576 1417360   2520 815624    0    0  1280     0 1327  430 25  1 74  0  0
 2  0 152576 1417360   2520 815624    0    0  1024     0 1407  409 25  0 74  0  0
 2  0 152576 1417360   2520 815624    0    0  1280   120 1344  439 25  1 74  0  0
 2  0 152576 1417360   2520 815624    0    0  1024    84 1371  373 25  0 75  0  0
procs -----------memory---------- ---swap-- -----io---- -system-- ------cpu-----
 r  b   swpd   free   buff  cache   si   so    bi    bo   in   cs us sy id wa st
 2  0 152576 1417360   2520 815624    0    0  1280     0 1307  394 25  1 74  0  0
 2  0 152576 1417360   2520 815624    0    0  1024     0 1290  325 25  1 75  0  0
 2  0 152576 1417360   2520 815624    0    0  1280     0 1351  466 25  1 74  0  0
 2  0 152576 1417360   2520 815624    0    0  1024    40 1272  334 25  0 75  0  0
 2  0 152576 1417360   2520 815624    0    0  1280   140 1401  485 25  1 74  0  0
 2  0 152576 1417360   2520 815624    0    0  1024     0 1439  608 25  0 75  0  0
 2  0 152576 1417360   2520 815624    0    0  1280     0 1418  464 25  1 74  0  0
 2  0 152576 1417360   2520 815624    0    0  1024     0 1254  301 25  0 75  0  0
 2  0 152576 1417360   2520 815624    0    0  1280    60 1366  469 25  1 74  0  0
 2  0 152576 1417360   2520 815624    0    0  1024     0 1260  328 25  0 75  0  0
 2  0 152576 1417360   2520 815624    0    0  1280     0 1313  390 25  1 74  0  0
 2  0 152576 1417360   2520 815624    0    0  1024     0 1219  297 25  0 75  0  0
 2  0 152576 1417360   2520 815624    0    0  1280     0 1325  399 25  1 74  0  0
 2  0 152576 1417360   2520 815624    0    0  1280  1904 1393  425 25  1 74  0  0
 2  0 152576 1417360   2520 815624    0    0  1024     8 1427  540 25  1 74  0  0
 2  0 152576 1417360   2520 815624    0    0  1280     0 1309  336 25  0 75  0  0
 2  0 152576 1417360   2520 815624    0    0  1024     0 1300  376 25  1 74  0  0
 2  0 152576 1417360   2520 815624    0    0  1280     0 1277  350 25  0 74  0  0
 2  0 152576 1417360   2520 815624    0    0  1024    40 1337  399 25  1 74  0  0
 2  0 152576 1417360   2520 815624    0    0  1288  4064 1536  589 25  1 73  1  0
 2  0 152576 1417360   2520 815624    0    0  1024     0 1388  455 25  1 74  0  0
procs -----------memory---------- ---swap-- -----io---- -system-- ------cpu-----
 r  b   swpd   free   buff  cache   si   so    bi    bo   in   cs us sy id wa st
 2  0 152576 1417360   2520 815624    0    0  1280     0 1251  311 25  1 75  0  0
 2  0 152576 1417360   2520 815624    0    0  1024     0 1399  461 25  1 74  0  0
 2  0 152576 1417360   2520 815624    0    0  1280    76 1343  371 25  0 74  0  0
 2  0 152576 1417360   2520 815624    0    0  1024     0 1379  465 25  1 74  0  0
 2  0 152576 1417360   2520 815624    0    0  1280     0 1344  437 25  1 74  0  0
 2  0 152576 1417360   2520 815624    0    0  1024   424 1379  472 26  1 74  0  0
 2  0 152576 1417360   2520 815624    0    0  1280     0 1247  312 25  0 75  0  0
 3  0 152576 1417360   2520 815624    0    0 19792   624 4025 4735 47 10 41  2  0
 7  0 152576 1417360   2520 815624    0    0  1032     0 4234 1029 54  3 43  0  0
 3  0 152576 1417360   2520 815624    0    0  1024     0 4704  941 53  3 44  0  0
 2  0 152576 1417360   2520 815624   12    0  1368   344 4551 2316 47  4 49  0  0
 3  0 152576 1417360   2520 815624    0    0  1024     0 2684  781 40  4 56  0  0
 2  0 152576 1417360   2520 815624    0    0  1176   264 3259 3909 44  8 48  0  0
 2  0 152576 1417360   2520 815624    0    0  1280  1832 1655  642 26  1 73  0  0
 2  0 152576 1417360   2520 815624    0    0  1028     4 1549  526 25  0 74  0  0
 2  0 152576 1417360   2520 815624    0    0  1280    32 1402  446 25  1 74  0  0
 2  0 152576 1417360   2520 815624    0    0  1024     0 1528  512 25  1 74  0  0
 2  0 152576 1417360   2520 815624    0    0  1280   616 1379  432 26  1 74  0  0
 2  0 152576 1417360   2520 815624    0    0  1024   268 1364  330 25  0 75  0  0
 2  0 152576 1417360   2520 815624    0    0  1280     0 1382  432 25  1 74  0  0
 2  0 152576 1417360   2520 815624    0    0  1280     0 1313  363 25  0 75  0  0
procs -----------memory---------- ---swap-- -----io---- -system-- ------cpu-----
 r  b   swpd   free   buff  cache   si   so    bi    bo   in   cs us sy id wa st
 2  0 152576 1417360   2520 815624    0    0  1024     0 1338  423 25  1 74  0  0
 2  0 152576 1417360   2520 815624    0    0  1280    68 1425  460 25  1 74  0  0
 2  0 152576 1417360   2520 815624    0    0  1024     0 1298  395 25  1 74  0  0
 2  0 152576 1417360   2520 815624    0    0  1280     0 1295  354 25  0 75  0  0
 2  0 152576 1417360   2520 815624    0    0  1024     0 1312  361 25  1 74  0  0
 2  0 152576 1417360   2520 815624    0    0  1280     8 1306  337 25  0 75  0  0
 2  0 152576 1417360   2520 815624    0    0  1024    32 1406  461 25  1 74  0  0
 2  0 152576 1417360   2520 815624    0    0  1280    56 1376  396 25  0 74  0  0
 2  0 152576 1417360   2520 815624    0    0  1024  3564 1381  431 25  1 74  0  0
 2  0 152576 1417360   2520 815624    0    0  1280   648 1490  408 25  0 74  0  0
 2  0 152576 1417360   2520 815624    0    0  1028  4432 1400  424 25  1 74  0  0
 2  0 152576 1417360   2520 815624    0    0  1280   116 1316  353 25  0 75  0  0
 2  0 152576 1417360   2520 815624    0    0  1024     0 1514  533 25  1 74  0  0
 2  0 152576 1417360   2520 815624    0    0  1280     0 1445  472 26  0 74  0  0
 2  0 152576 1417360   2520 815624    0    0  1024     0 1338  401 25  1 74  0  0
 2  0 152576 1417360   2520 815624    0    0  1284  7704 1315  361 25  0 74  0  0
 2  0 152576 1417360   2520 815624    0    0  1024   224 1712  669 29  1 70  0  0
 2  0 152576 1417360   2520 815624    0    0  1280   120 1498  353 29  0 71  0  0
 2  0 152576 1417360   2520 815624    0    0  1024     0 1367  417 25  1 74  0  0
 2  0 152576 1417360   2520 815624    0    0  1280     0 1264  376 25  1 75  0  0
 2  0 152576 1417360   2520 815624    0    0  1280     0 1413  450 25  0 74  0  0
procs -----------memory---------- ---swap-- -----io---- -system-- ------cpu-----
 r  b   swpd   free   buff  cache   si   so    bi    bo   in   cs us sy id wa st
 2  0 152576 1417360   2520 815624    0    0  1024    36 1328  370 25  0 74  0  0
 2  0 152576 1417360   2520 815624    0    0  1280     0 1400  474 25  1 74  0  0
 2  0 152576 1417360   2520 815624    0    0 18712    20 2643 1150 39  3 58  0  0
 2  0 152576 1417360   2520 815624    0    0  1024     0 1460  630 25  1 74  0  0
 2  0 152576 1417360   2520 815624    0    0  1280    60 1367  422 25  0 74  0  0
 2  0 152576 1417360   2520 815624    0    0  1280   200 1306  367 25  1 74  0  0
 3  0 152576 1417360   2520 815624    0    0  1024     0 1298  345 25  1 75  0  0
 2  0 152576 1417360   2520 815624    0    0  1280     0 1470  463 25  1 74  0  0
 3  0 152576 1417360   2520 815624    0    0  1024  2400 1274  308 25  0 75  0  0
 2  0 152576 1417360   2520 815624    0    0  1280     0 1316  402 25  1 74  0  0
 2  0 152576 1417360   2520 815624    0    0  1024    80 1362  456 25  1 74  0  0
 2  0 152576 1417360   2520 815624    0    0  1280     0 1435  479 26  1 74  0  0
 2  0 152576 1417360   2520 815624    0    0  1024    12 1270  345 25  1 75  0  0
 2  0 152576 1417360   2520 815624    0    0  1280     0 1324  388 25  1 74  0  0
 2  0 152576 1417360   2520 815624    0    0  1024     0 1297  357 25  0 75  0  0
 2  0 152576 1417360   2520 815624    0    0  1280    52 1318  394 25  1 74  0  0
 2  0 152576 1417360   2520 815624    0    0  1024   216 1494  450 25  1 74  0  0
 2  0 152576 1417360   2520 815624    0    0  1280     0 1358  408 25  1 74  0  0
 2  0 152576 1417360   2520 815624    0    0  1024     0 1299  324 25  0 75  0  0
 2  0 152576 1417360   2520 815624    0    0  1280  5680 1593  593 25  1 74  0  0
 2  0 152576 1417360   2520 815624    0    0  1024   108 1395  376 25  1 74  0  0
procs -----------memory---------- ---swap-- -----io---- -system-- ------cpu-----
 r  b   swpd   free   buff  cache   si   so    bi    bo   in   cs us sy id wa st
 2  0 152576 1417360   2520 815624    0    0  1280     0 1381  444 25  1 74  0  0
 2  0 152576 1417360   2520 815624    0    0  1024     0 1301  385 25  0 75  0  0
 2  0 152576 1417360   2520 815624    0    0  1280     0 1296  385 25  1 74  0  0
 2  0 152576 1417360   2520 815624    0    0  1024 12952 1280  331 25  1 74  1  0
 2  0 152576 1417360   2520 815624    0    0  1280   208 1436  482 25  1 74  0  0
 2  0 152576 1417360   2520 815624    0    0  2416     0 1961 1653 30  3 67  0  0
 2  0 152576 1417360   2520 815624    0    0  1280     0 1448  465 25  1 74  0  0
 4  0 152576 1417360   2520 815624    0    0  1024     0 1312  431 25  0 74  0  0
 4  0 152576 1417360   2520 815624    0    0 12340   292 5265 6803 69 13 18  1  0
 3  0 152576 1417360   2520 815624    0    0   960     0 4286 2914 59  6 36  0  0
 3  0 152576 1417360   2520 815624    0    0  1440    16 6126 2354 63  5 32  0  0
 2  0 152576 1417360   2520 815624    0    0  1024   272 4837 2773 51  4 45  0  0
 3  0 152576 1417360   2520 815624    0    0  1024     0 1961  607 32  4 64  0  0
 4  0 152576 1417360   2520 815624    0    0  1236   160 4051 3933 54  9 36  0  0
 2  0 152576 1417360   2520 815624    0    0  1452   136 3708 3501 50  7 42  0  0
 2  0 152576 1417360   2520 815624    0    0  1280   544 1479  443 25  1 74  0  0
 2  0 152576 1417360   2520 815624    0    0  1024     0 1375  415 26  1 74  0  0
 3  0 152576 1417360   2520 815624    0    0  1280     0 1349  361 25  0 75  0  0
 2  0 152576 1417360   2520 815624    0    0  1024  3500 1486  494 25  1 74  0  0
 2  0 152576 1417360   2520 815624    0    0  1280    12 1362  430 25  0 74  0  0
 2  0 152576 1417360   2520 815624    0    0  1024     0 1338  419 25  1 74  0  0
procs -----------memory---------- ---swap-- -----io---- -system-- ------cpu-----
 r  b   swpd   free   buff  cache   si   so    bi    bo   in   cs us sy id wa st
 2  0 152576 1417360   2520 815624    0    0  1280    84 1368  385 25  1 74  0  0
 2  0 152576 1417360   2520 815624    0    0  1024     0 1313  369 25  1 74  0  0
 2  0 152576 1417360   2520 815624    0    0  1280     0 1345  393 25  0 75  0  0
 2  0 152576 1417360   2520 815624    0    0  1024     0 1318  399 25  1 74  0  0
 2  0 152576 1417360   2520 815624    0    0  1416    84 1377  449 26  0 74  0  0
 2  0 152576 1417360   2520 815624    0    0  1024    76 1428  441 25  1 74  0  0
 2  0 152576 1417360   2520 815624    0    0  1280     0 1298  360 25  0 75  0  0
 2  0 152576 1417360   2520 815624    0    0  1280     0 1311  392 25  1 74  0  0
 2  0 152576 1417360   2520 815624    0    0  1024     0 1332  389 25  1 75  0  0
 2  0 152576 1417360   2520 815624    0    0  1280   552 1510  504 25  1 74  0  0
 2  0 152576 1417360   2520 815624    0    0  1024    60 1303  390 25  0 74  0  0
 2  0 152576 1417360   2520 815624    0    0  1280    12 1314  368 25  1 74  0  0
 2  0 152576 1417360   2520 815624    0    0  1032     0 1391  462 26  1 74  0  0
 2  0 152576 1417360   2520 815624    0    0  1280   604 1374  406 25  1 74  0  0
 2  0 152576 1417360   2520 815624    0    0  1024     0 1354  368 25  1 74  0  0
 2  0 152576 1417360   2520 815624    0    0  1280    72 1455  464 25  1 74  0  0
 2  0 152576 1417360   2520 815624    0    0  1024     0 1326  410 25  1 74  0  0
 2  0 152576 1417360   2520 815624    0    0  1280   624 2077  799 31  1 68  0  0
 2  0 152576 1417360   2520 815624    0    0  1028   256 1523  408 29  0 71  0  0
 2  0 152576 1417360   2520 815624    0    0  1280    20 1488  665 26  1 74  0  0
 2  0 152576 1417360   2520 815624    0    0  1024   176 1300  393 25  0 74  0  0
procs -----------memory---------- ---swap-- -----io---- -system-- ------cpu-----
 r  b   swpd   free   buff  cache   si   so    bi    bo   in   cs us sy id wa st
 2  0 152576 1417360   2520 815624    0    0  1280     0 1400  489 25  1 74  0  0
 2  0 152576 1417360   2520 815624    0    0  1024   192 1394  461 25  0 74  0  0
 2  0 152576 1417360   2520 815624    0    0  1280 11812 1459  665 25  1 74  1  0
 2  0 152576 1417360   2520 815624    0    0  1024   412 1440  437 25  0 74  0  0
 2  0 152576 1417360   2520 815624    0    0  1280     0 1302  395 25  1 74  0  0
 2  0 152576 1417360   2520 815624    0    0  1024    16 1285  306 25  0 75  0  0
 2  0 152576 1417360   2520 815624    0    0  1280   128 1351  435 25  1 74  0  0
 2  0 152576 1417360   2520 815624    0    0  1024  3620 1429  460 25  1 74  0  0
 2  0 152576 1417360   2520 815624    0    0  1280     0 1377  464 25  1 74  0  0
 2  0 152576 1417360   2520 815624    0    0  1024     0 1308  352 25  0 75  0  0
 2  0 152576 1417360   2520 815624    0    0  1280     0 1307  408 25  1 74  0  0
 2  0 152576 1417360   2520 815624    0    0  1280    88 1283  361 25  0 75  0  0
 2  0 152576 1417360   2520 815624    0    0  1024     0 1340  397 25  1 74  0  0
 2  0 152576 1417360   2520 815624    0    0  1280     0 1396  445 25  1 74  0  0
 2  0 152576 1417360   2520 815624    0    0  1024     0 1347  402 25  1 74  0  0
 2  0 152576 1417360   2520 815624    0    0  1280     0 1283  331 25  0 75  0  0
 2  0 152576 1417360   2520 815624    0    0  1024    36 1396  447 25  1 74  0  0
 2  0 152576 1417360   2520 815624    0    0  1280     0 1297  351 25  0 75  0  0
 2  0 152576 1417360   2520 815624    0    0  1024     4 1377  440 25  1 74  0  0
 2  0 152576 1417360   2520 815624    0    0  1280     0 1402  447 25  0 74  0  0
 2  0 152576 1417360   2520 815624    0    0  1024     8 1364  424 25  1 74  0  0
procs -----------memory---------- ---swap-- -----io---- -system-- ------cpu-----
 r  b   swpd   free   buff  cache   si   so    bi    bo   in   cs us sy id wa st
 3  0 152576 1417360   2520 815624    0    0  1104    92 3287 3384 43  8 49  0  0
 3  0 152576 1417360   2520 815624    0    0  1024     0 3990 1533 52  4 44  0  0
 3  0 152576 1417360   2520 815624    0    0  1024     0 5224  977 55  3 42  0  0
 2  0 152576 1417360   2520 815624    0    0  1024     0 4772 2338 50  3 47  0  0
 3  0 152576 1417360   2520 815624    0    0  1280     0 1996  515 33  3 64  0  0
 2  0 152576 1417360   2520 815624    0    0  1024   200 4150 4185 51  9 40  0  0
 2  0 152576 1417360   2520 815624    0    0  1024     0 1329  347 25  0 75  0  0
 2  0 152576 1417360   2520 815624    0    0  1348   540 1563  684 26  1 73  0  0
 2  0 152576 1417360   2520 815624    0    0  1024   136 1426  470 25  0 74  0  0
 2  0 152576 1417360   2520 815624    0    0  1280   256 1471  488 25  1 74  0  0
 2  0 152576 1417360   2520 815624    0    0  1024   548 1435  499 26  0 73  0  0
 2  0 152576 1417360   2520 815624    0    0  1280     0 1406  451 25  1 74  0  0
 2  0 152576 1417360   2520 815624    0    0  1024     0 1275  320 25  0 75  0  0
 2  0 152576 1417360   2520 815624    0    0  1280   328 1384  414 25  1 74  0  0
 2  0 152576 1417360   2520 815624    0    0  1024    16 1378  375 25  1 74  0  0
 2  0 152576 1417360   2520 815624    0    0  1280    88 1514  506 25  1 74  0  0
 2  0 152576 1417360   2520 815624    0    0  1024     0 1349  405 25  0 74  0  0
 2  0 152576 1417360   2520 815624    0    0  1292  8096 1580  584 25  1 73  1  0
 2  0 152576 1417360   2520 815624    0    0  1280     0 1326  360 25  0 75  0  0
 2  0 152576 1417360   2520 815624    0    0  1024     0 1321  396 25  1 74  0  0
 2  0 152576 1417360   2520 815624    0    0  1280   412 1457  444 25  0 74  0  0
procs -----------memory---------- ---swap-- -----io---- -system-- ------cpu-----
 r  b   swpd   free   buff  cache   si   so    bi    bo   in   cs us sy id wa st
 2  0 152576 1417360   2520 815624    0    0  1028     0 1315  393 25  1 74  0  0
 2  0 152576 1417360   2520 815624    0    0  1284  7704 1351  405 25  1 74  0  0
 2  0 152576 1417360   2520 815624    0    0  1024     0 1393  447 25  1 74  0  0
 2  0 152576 1417360   2520 815624    0    0  1280     0 1257  296 25  0 75  0  0
 2  0 152576 1417360   2520 815624    0    0  1024    68 1554  571 25  1 74  0  0
 2  0 152576 1417360   2520 815624    0    0  1280   288 1375  369 25  1 74  0  0
 2  0 152576 1417360   2520 815624    0    0  1024     0 1412  472 25  1 74  0  0
 2  0 152576 1417360   2520 815624    0    0  1280  1832 1528  476 25  1 74  0  0
 2  0 152576 1417360   2520 815624    0    0  1024     0 1337  405 25  1 74  0  0
 2  0 152576 1417360   2520 815624    0    0  1280   196 1820  733 29  1 70  0  0
 2  0 152576 1417360   2520 815624    0    0  1024     0 1547  432 29  1 71  0  0
 2  0 152576 1417360   2520 815624    0    0  1280     0 1292  371 25  0 75  0  0
 2  0 152576 1417360   2520 815624    0    0  1024     0 1620  648 26  2 73  0  0
 2  0 152576 1417360   2520 815624    0    0  1280    16 1318  428 25  0 75  0  0
 2  0 152576 1417360   2520 815624    0    0  1024   136 1433  491 25  1 74  0  0
 2  0 152576 1417360   2520 815624    0    0  1280     0 1280  338 25  0 74  0  0
 2  0 152576 1417360   2520 815624    0    0  1024     0 1390  439 25  1 74  0  0
 2  0 152576 1417360   2520 815624    0    0  1280     4 1357  370 25  0 74  0  0
 2  0 152576 1417360   2520 815624    0    0  1024     0 1312  380 25  1 74  0  0
 2  0 152576 1417360   2520 815624    0    0  1280    32 1296  362 25  0 75  0  0
 2  0 152576 1417360   2520 815624    0    0  1024   232 1346  381 25  1 74  0  0
procs -----------memory---------- ---swap-- -----io---- -system-- ------cpu-----
 r  b   swpd   free   buff  cache   si   so    bi    bo   in   cs us sy id wa st
 2  0 152576 1417360   2520 815624    0    0  1280     0 1418  563 25  0 74  0  0
 2  0 152576 1417360   2520 815624    0    0  1024     0 1375  430 25  1 74  0  0
 2  0 152576 1417360   2520 815624    0    0  1280     0 1298  356 25  1 74  0  0
 2  0 152576 1417360   2520 815624    0    0  1280    44 1380  453 25  1 74  0  0
 2  0 152576 1417360   2520 815624    0    0  1024   168 1383  435 26  0 74  0  0
 2  0 152576 1417360   2520 815624    0    0  1280  3680 1439  505 25  1 74  0  0
 2  0 152576 1417360   2520 815624    0    0  1024  2340 1615  527 25  1 74  0  0
 2  0 152576 1417360   2520 815624    0    0  1280     0 1403  428 25  1 74  0  0
 2  0 152576 1417360   2520 815624    0    0  1024     0 1290  355 25  1 75  0  0
 2  0 152576 1417360   2520 815624    0    0  1280     0 1378  432 25  1 74  0  0
 2  0 152576 1417360   2520 815624    0    0  1024   136 1458  476 25  1 74  0  0
 2  0 152576 1417360   2520 815624    0    0  1280     8 1335  403 25  1 74  0  0
 2  0 152576 1417360   2520 815624    0    0  1024    16 1395  410 25  0 74  0  0
 2  0 152576 1417360   2520 815624    0    0  1280     0 1491  566 26  1 73  0  0
 2  0 152576 1417360   2520 815624    0    0  1024     0 1260  305 25  0 75  0  0
 2  0 152576 1417360   2520 815624    0    0  1280    72 1459  479 25  1 74  0  0
 2  0 152576 1417360   2520 815624    0    0  1024   688 1480  487 25  0 74  0  0
 2  0 152576 1417360   2520 815624    0    0  1280   128 1382  419 25  1 74  0  0
 2  0 152576 1417360   2520 815624    0    0  1024   116 1381  403 25  0 74  0  0
 2  0 152576 1417360   2520 815624    0    0  1280     0 1377  432 25  1 74  0  0
 2  0 152576 1417360   2520 815624    0    0  1024     0 1265  332 25  0 75  0  0
procs -----------memory---------- ---swap-- -----io---- -system-- ------cpu-----
 r  b   swpd   free   buff  cache   si   so    bi    bo   in   cs us sy id wa st
 2  0 152576 1417360   2520 815624    0    0  1280    88 1359  413 25  1 74  0  0
 2  0 152576 1417360   2520 815624    0    0  1024     0 1304  368 25  0 75  0  0
 2  0 152576 1417360   2520 815624    0    0  1280    36 1387  450 25  1 74  0  0
 2  0 152576 1417360   2520 815624    0    0  1024     0 1303  336 25  0 75  0  0
 2  0 152576 1417360   2520 815624    0    0  1280    12 1402  431 25  1 74  0  0
 2  0 152576 1417360   2520 815624    0    0  1280  1832 1424  393 25  1 74  0  0
 2  0 152576 1417360   2520 815624    0    0  1024     0 1306  373 25  1 74  0  0
 2  0 152576 1417360   2520 815624    0    0  1280   100 1337  377 25  0 74  0  0
 2  0 152576 1417360   2520 815624    0    0  1024     0 1395  419 25  1 74  0  0
 2  0 152576 1417360   2520 815624    0    0  1280     0 1264  326 25  0 75  0  0
 2  0 152576 1417360   2520 815624    0    0  1024   232 1349  414 25  1 74  0  0
 2  0 152576 1417360   2520 815624    0    0  1280     0 1295  335 25  0 75  0  0
 2  0 152576 1417360   2520 815624    0    0  1024    40 1358  428 25  1 74  0  0
 2  0 152576 1417360   2520 815624    0    0  1280   192 1370  429 26  0 74  0  0
 2  0 152576 1417360   2520 815624    0    0  1024     0 1388  456 25  1 74  0  0
 2  0 152576 1417360   2520 815624    0    0  1284  3608 1349  346 25  0 75  0  0
 2  0 152576 1417360   2520 815624    0    0  1024     0 1311  373 25  1 74  0  0
 2  0 152576 1417360   2520 815624    0    0  1280   108 1307  376 25  0 74  0  0
 2  0 152576 1417360   2520 815624    0    0  1024     0 1342  407 25  1 74  0  0
 2  0 152576 1417360   2520 815624    0    0  1280    12 1328  392 25  1 74  0  0
 2  0 152576 1417360   2520 815624    0    0  1280     0 1342  391 25  1 74  0  0
procs -----------memory---------- ---swap-- -----io---- -system-- ------cpu-----
 r  b   swpd   free   buff  cache   si   so    bi    bo   in   cs us sy id wa st
 2  0 152576 1417360   2520 815624    0    0  1024     0 1329  338 25  0 75  0  0
 2  0 152576 1417360   2520 815624    0    0  1280     0 1388  404 25  1 74  0  0
 2  0 152576 1417360   2520 815624    0    0  1024    48 1300  330 25  0 75  0  0
 2  0 152576 1417360   2520 815624    0    0  1280     0 1457  475 25  1 74  0  0
 2  0 152576 1417360   2520 815624    0    0  1024  1836 1418  429 25  0 74  0  0
 2  0 152576 1417360   2520 815624    0    0  1280     0 1385  404 25  1 74  0  0
 2  2 152576 1417360   2520 815624    0    0  1140    12 1338  421 25  1 74  0  0
 2  0 152576 1417360   2520 815624    0    0  1770   100 1461  559 25  1 73  1  0
 2  0 152576 1417360   2520 815624    0    0  1024     0 1312  356 25  0 75  0  0
 2  0 152576 1417360   2520 815624    0    0  1280     0 1361  403 25  1 74  0  0
 2  0 152576 1417360   2520 815624    0    0  1024     0 1274  351 25  0 74  0  0
 2  0 152576 1417360   2520 815624    0    0  1280    96 1469  483 25  1 74  0  0
 2  0 152576 1417360   2520 815624    0    0  1024    32 1332  353 25  0 75  0  0
 3  0 152576 1417360   2520 815624    0    0  1280     0 1423  460 25  1 74  0  0
 2  0 152576 1417360   2520 815624    0    0  1280     0 1300  343 25  0 75  0  0
 3  0 152576 1417360   2520 815624    0    0  1024     0 1310  409 25  1 74  0  0
 2  0 152576 1417360   2520 815624    0    0  1280     0 1353  377 25  0 74  0  0
 2  0 152576 1417360   2520 815624    0    0  1024    36 1441  440 25  1 74  0  0
 2  0 152576 1417360   2520 815624    0    0  1280     0 1315  341 25  0 75  0  0
 2  0 152576 1417360   2520 815624    0    0  1024     0 1350  397 25  1 74  0  0
 2  0 152576 1417360   2520 815624    0    0  1280   756 1606  639 25  0 74  0  0
procs -----------memory---------- ---swap-- -----io---- -system-- ------cpu-----
 r  b   swpd   free   buff  cache   si   so    bi    bo   in   cs us sy id wa st
 2  0 152576 1417360   2520 815624    0    0  1024     0 1330  409 25  1 74  0  0
 2  0 152576 1417360   2520 815624    0    0  1280    40 1379  458 25  0 74  0  0
 2  0 152576 1417360   2520 815624    0    0  1024     0 1374  439 25  1 74  0  0
 2  0 152576 1417360   2520 815624    0    0  1280  1832 1361  394 25  1 74  0  0
 2  0 152576 1417360   2520 815624    0    0  1028  3616 1291  377 25  1 74  0  0
 2  0 152576 1417360   2520 815624    0    0  1280    24 1351  346 25  1 75  0  0
 2  0 152576 1417360   2520 815624    0    0  1024   276 1410  442 25  1 74  0  0
 2  0 152576 1417360   2520 815624    0    0  1280     0 1462  494 25  1 74  0  0
 2  0 152576 1417360   2520 815624    0    0  1024     0 1322  378 25  1 74  0  0
 2  0 152576 1417360   2520 815624    0    0  1280     0 1265  313 25  0 75  0  0
 2  0 152576 1417360   2520 815624    0    0  1280     0 1320  401 25  1 74  0  0
 2  0 152576 1417360   2520 815624    0    0  1024    40 1321  326 25  0 75  0  0
 2  0 152576 1417360   2520 815624    0    0  1280     0 1406  454 25  1 74  0  0
 2  0 152576 1417360   2520 815624    0    0  1024     0 1355  431 25  0 74  0  0
 2  0 152576 1417360   2520 815624    0    0  1280     8 1399  446 25  1 74  0  0
 2  0 152576 1417360   2520 815624    0    0  1024     0 1285  329 25  0 75  0  0
 2  0 152576 1417360   2520 815624    0    0  1280    44 1375  453 25  1 74  0  0
 2  0 152576 1417360   2520 815624    0    0  1024   124 1360  376 25  0 75  0  0
 2  0 152576 1417360   2520 815624    0    0  1280     0 1480  473 25  1 74  0  0
 2  0 152576 1417360   2520 815624    0    0  1024     0 1327  385 25  0 75  0  0
 2  0 152576 1417360   2520 815624    0    0  1280     0 1407  465 25  1 74  0  0
procs -----------memory---------- ---swap-- -----io---- -system-- ------cpu-----
 r  b   swpd   free   buff  cache   si   so    bi    bo   in   cs us sy id wa st
 3  0 152576 1417360   2520 815624    0    0  1280    32 1257  315 25  1 75  0  0
 2  0 152576 1417360   2520 815624    0    0  1024     4 1372  459 25  1 74  0  0
 7  0 152576 1417360   2520 815624    0    0  1024  1832 1662 1078 29  2 69  0  0
 3  0 152576 1417360   2520 815624    0    0  1028   168 4330 3906 54  9 37  0  0
 3  0 152576 1417360   2520 815624    0    0  1024   316 4372  915 54  3 43  0  0
 5  0 152576 1417360   2520 815624    0    0  1024     0 4957 1173 55  3 42  0  0
 2  0 152576 1417360   2520 815624    0    0  1280     0 2896 1877 34  2 64  0  0
 3  0 152576 1417360   2520 815624    0    0  1024   144 3595 2512 46  9 45  0  0
 2  0 152576 1417360   2520 815624    0    0  1024    88 2390 2199 37  3 60  0  0
 2  0 152576 1417360   2520 815624    0    0  1280   552 1511  530 25  1 74  0  0
 2  0 152576 1417360   2520 815624    0    0  1024     0 1308  406 25  1 74  0  0
 2  0 152576 1417360   2520 815624    0    0  1280   124 1459  539 25  1 74  0  0
 2  0 152576 1417360   2520 815624    0    0  1024     0 1293  370 25  0 75  0  0
 2  0 152576 1417360   2520 815624    0    0  1280   548 1413  454 25  1 74  0  0
 2  0 152576 1417360   2520 815624    0    0  1024  3496 1285  342 25  1 74  0  0
 2  0 152576 1417360   2520 815624    0    0  1280     0 1369  412 25  1 75  0  0
 2  0 152576 1417360   2520 815624    0    0  1024     0 1284  392 25  0 75  0  0
 2  0 152576 1417360   2520 815624    0    0  1280     0 1398  436 25  1 74  0  0
 2  0 152576 1417360   2520 815624    0    0  1024    96 1252  319 25  0 75  0  0
 2  0 152576 1417360   2520 815624    0    0  1280     0 1302  401 25  1 74  0  0
 2  0 152576 1417360   2520 815624    0    0  1024     0 1309  364 25  0 74  0  0
procs -----------memory---------- ---swap-- -----io---- -system-- ------cpu-----
 r  b   swpd   free   buff  cache   si   so    bi    bo   in   cs us sy id wa st
 2  0 152576 1417360   2520 815624    0    0  1280     0 1360  468 25  1 74  0  0
 2  0 152576 1417360   2520 815624    0    0  1280     0 1301  388 25  0 75  0  0
 2  0 152576 1417360   2520 815624    0    0  1024    36 1414  472 25  1 74  0  0
 2  0 152576 1417360   2520 815624    0    0  1280     8 1298  345 25  1 75  0  0
 2  0 152576 1417360   2520 815624    0    0  1024     0 1364  470 25  1 74  0  0
 2  0 152576 1417360   2520 815624    0    0  1280    40 1301  334 25  0 75  0  0
 2  0 152576 1417360   2520 815624    0    0  1024     0 1363  442 25  1 74  0  0
 2  0 152576 1417360   2520 815624    0    0  1280    72 1313  394 25  1 74  0  0
 2  0 152576 1417360   2520 815624    0    0  1024     0 1308  414 25  1 75  0  0
 2  0 152576 1417360   2520 815624    0    0  1280     0 1230  298 25  0 75  0  0
 2  0 152576 1417360   2520 815624    0    0  1024   268 1431  453 25  1 74  0  0
 2  0 152576 1417360   2520 815624    0    0  1280     0 1386  410 25  1 74  0  0
 3  0 152576 1417360   2520 815624    0    0  1024   100 1958  876 31  2 67  0  0
 2  0 152576 1417360   2520 815624    0    0  1280     0 1343  383 27  0 73  0  0
 2  0 152576 1417360   2520 815624    0    0  1024    24 1384  448 25  1 74  0  0
 2  0 152576 1417360   2520 815624    0    0  1280     0 1536  593 26  1 73  0  0
 2  0 152576 1417360   2520 815624    0    0  1024     0 1337  390 25  1 74  0  0
 2  0 152576 1417360   2520 815624    0    0  1280    80 1324  349 25  1 74  0  0
 2  0 152576 1417360   2520 815624    0    0  1024     0 1466  686 25  1 74  0  0
 3  0 152576 1417360   2520 815624    0    0  1280 12300 1379  449 25  1 73  1  0
 2  0 152576 1417360   2520 815624    0    0  1024   636 1594  617 25  1 74  0  0
procs -----------memory---------- ---swap-- -----io---- -system-- ------cpu-----
 r  b   swpd   free   buff  cache   si   so    bi    bo   in   cs us sy id wa st
 2  0 152576 1417360   2520 815624    0    0  1280     0 1343  374 25  0 75  0  0
 2  0 152576 1417360   2520 815624    0    0  1024  1964 1445  487 25  1 74  0  0
 2  0 152576 1417360   2520 815624    0    0  1280  3616 1305  381 25  1 74  0  0
 2  0 152576 1417360   2520 815624    0    0  1024     0 1332  405 25  0 75  0  0
 2  0 152576 1417360   2520 815624    0    0  1280     0 1395  429 25  1 74  0  0
 2  0 152576 1417360   2520 815624    0    0  1280     0 1305  396 25  1 74  0  0
 2  0 152576 1417360   2520 815624    0    0  1024    72 1282  338 25  0 75  0  0
 2  0 152576 1417360   2520 815624    0    0  1280     0 1387  468 25  1 74  0  0
 2  0 152576 1417360   2520 815624    0    0  1024     0 1360  376 25  0 74  0  0
 2  0 152576 1417360   2520 815624    0    0  1280   260 1408  453 25  1 74  0  0
 2  0 152576 1417360   2520 815624    0    0  1024     0 1257  385 25  0 75  0  0
 2  0 152576 1417360   2520 815624    0    0  1280    36 1380  481 25  1 74  0  0
 2  0 152576 1417360   2520 815624    0    0  1024     0 1297  309 25  0 75  0  0
 2  0 152576 1417360   2520 815624    0    0  1280     4 1482  531 25  1 74  0  0
 2  0 152576 1417360   2520 815624    0    0  1024     0 1292  349 25  0 75  0  0
 2  0 152576 1417360   2520 815624    0    0  1280     4 1381  421 25  1 74  0  0
 2  0 152576 1417360   2520 815624    0    0  1024   104 1402  443 25  0 74  0  0
 2  0 152576 1417360   2520 815624    0    0  1280     0 1350  443 25  1 74  0  0
 2  0 152576 1417360   2520 815624    0    0  1024   304 1327  378 25  0 75  0  0
 2  0 152576 1417360   2520 815624    0    0  1280     0 1428  498 25  1 74  0  0
 2  0 152576 1417360   2520 815624    0    0  1024     0 1330  336 25  0 75  0  0
procs -----------memory---------- ---swap-- -----io---- -system-- ------cpu-----
 r  b   swpd   free   buff  cache   si   so    bi    bo   in   cs us sy id wa st
 2  0 152576 1417360   2520 815624    0    0  1280  1928 1483  503 25  1 74  0  0
 2  0 152576 1417360   2520 815624    0    0  1280   176 1415  462 25  1 74  0  0
 2  0 152576 1417360   2520 815624    0    0  1024   280 1446  482 25  1 74  0  0
 2  0 152576 1417360   2520 815624    0    0  1280   108 1311  363 25  0 74  0  0
 2  0 152576 1417360   2520 815624    0    0  1024     4 1366  409 25  0 75  0  0
 2  0 152576 1417360   2520 815624    0    0  1280     0 1361  405 25  0 75  0  0
 2  0 152576 1417360   2520 815624    0    0  1024     0 1365  421 25  1 74  0  0
 2  0 152576 1417360   2520 815624    0    0  1280     0 1326  403 25  0 75  0  0
 2  0 152576 1417360   2520 815624    0    0  1024   144 1373  451 25  1 74  0  0
 2  0 152576 1417360   2520 815624    0    0  1280     0 1300  349 25  0 75  0  0
 2  0 152576 1417360   2520 815624    0    0  1024     0 1367  433 25  1 74  0  0
 2  0 152576 1417360   2520 815624    0    0  1280     0 1274  343 25  0 75  0  0
 2  0 152576 1417360   2520 815624    0    0  1028  3552 1410  433 25  1 74  0  0
 2  0 152576 1417360   2520 815624    0    0  1280    76 1290  407 25  0 74  0  0
 2  0 152576 1417360   2520 815624    0    0  1024     0 1387  427 25  1 74  0  0
 2  0 152576 1417360   2520 815624    0    0  1280     0 1285  329 25  0 75  0  0
 2  0 152576 1417360   2520 815624    0    0  1024     0 1367  431 25  1 75  0  0
 2  0 152576 1417360   2520 815624    0    0  1280     0 1320  349 25  0 75  0  0
 2  0 152576 1417360   2520 815624    0    0  1280    36 1417  471 25  1 74  0  0
 2  0 152576 1417360   2520 815624    0    0  1024    56 1400  446 25  1 74  0  0
 2  0 152576 1417360   2520 815624    0    0  1280  1832 1428  460 25  1 74  0  0
procs -----------memory---------- ---swap-- -----io---- -system-- ------cpu-----
 r  b   swpd   free   buff  cache   si   so    bi    bo   in   cs us sy id wa st
 2  0 152576 1417360   2520 815624    0    0  1024     0 1329  348 25  0 75  0  0
 2  0 152576 1417360   2520 815624    0    0  1280     0 1437  451 25  1 74  0  0
 2  0 152576 1417360   2520 815624    0    0  1024    96 1354  366 25  0 74  0  0
 2  0 152576 1417360   2520 815624    0    0  1280     0 1388  450 25  1 74  0  0
 2  0 152576 1417360   2520 815624    0    0  1024     0 1332  402 25  1 74  0  0
 2  0 152576 1417360   2520 815624    0    0  1280    48 1338  415 25  1 74  0  0
 2  0 152576 1417360   2520 815624    0    0  1024     8 1339  373 25  0 74  0  0
 2  0 152576 1417360   2520 815624    0    0  1280     0 1418  481 25  1 74  0  0
 2  0 152576 1417360   2520 815624    0    0  1024    72 1294  352 25  0 74  0  0
 2  0 152576 1417360   2520 815624    0    0  1280     0 1305  388 25  1 74  0  0
 2  0 152576 1417360   2520 815624    0    0  1024     0 1264  366 25  0 75  0  0
 2  0 152576 1417360   2520 815624    0    0  1280     0 1304  406 25  1 75  0  0
 2  0 152576 1417360   2520 815624    0    0  1024   816 1448  414 25  1 74  0  0
 2  0 152576 1417360   2520 815624    0    0  1280    36 1367  415 25  1 74  0  0
 2  0 152576 1417360   2520 815624    0    0  1280     0 1263  325 25  0 75  0  0
 2  0 152576 1417360   2520 815624    0    0  1024     0 1303  402 25  1 74  0  0
 2  0 152576 1417360   2520 815624    0    0  1280     0 1338  424 25  0 74  0  0
 2  0 152576 1417360   2520 815624    0    0  1024     0 1545  743 25  1 74  0  0
 2  0 152576 1417360   2520 815624    0    0  1280   192 1358  374 25  0 74  0  0
 2  0 152576 1417360   2520 815624    0    0  1024     0 1319  401 25  1 74  0  0
 2  0 152576 1417360   2520 815624    0    0  1280     0 1295  347 25  0 75  0  0
procs -----------memory---------- ---swap-- -----io---- -system-- ------cpu-----
 r  b   swpd   free   buff  cache   si   so    bi    bo   in   cs us sy id wa st
 2  0 152576 1417360   2520 815624    0    0  1024     0 1340  401 25  1 74  0  0
 2  0 152576 1417360   2520 815624    0    0  1284  3616 1471  515 25  1 74  0  0
 2  0 152576 1417360   2520 815624    0    0  1024   256 1363  436 25  1 74  0  0
 2  0 152576 1417360   2520 815624    0    0  1280     0 1284  314 25  0 75  0  0
 2  0 152576 1417360   2520 815624    0    0  1024     0 1310  416 25  1 74  0  0
 2  0 152576 1417360   2520 815624    0    0  1280     0 1409  408 25  0 75  0  0
 2  0 152576 1417360   2520 815624    0    0  1280     0 1406  453 25  1 74  0  0
 2  0 152576 1417360   2520 815624    0    0  1024   140 1337  415 25  0 74  0  0
 2  0 152576 1417360   2520 815624    0    0  1280     0 1376  442 25  1 74  0  0
 2  0 152576 1417360   2520 815624    0    0  2240     0 1509  585 25  1 73  1  0
 2  0 152576 1417360   2520 815624    0    0  1280     0 1433  496 25  1 74  0  0
 2  0 152576 1417360   2520 815624    0    0  1032     0 1877 1489 30  3 68  0  0
 2  0 152576 1417360   2520 815624    0    0  1024    92 1410  473 25  1 74  0  0
 4  0 152576 1417360   2520 815624    0    0  1288    96 1769 1555 30  2 69  0  0
 3  0 152576 1417360   2520 815624    0    0   792   120 4495 4291 55  9 36  0  0
 3  0 152576 1417360   2520 815624    0    0  1280     0 4058  934 52  3 45  0  0
 3  0 152576 1417360   2520 815624    0    0  1024    44 5863 1144 56  4 40  0  0
 2  0 152576 1417360   2520 815624    0    0  1024     0 3355 2457 39  2 58  0  0
 4  0 152576 1417360   2520 815624    0    0  1024   184 3373 2539 44  7 49  0  0
 2  0 152576 1417360   2520 815624    0    0  1024   104 2705 2286 39  5 56  0  0
 2  0 152576 1417360   2520 815624    0    0  1280     0 1432  441 25  1 74  0  0
procs -----------memory---------- ---swap-- -----io---- -system-- ------cpu-----
 r  b   swpd   free   buff  cache   si   so    bi    bo   in   cs us sy id wa st
 3  0 152576 1417360   2520 815624    0    0  1024   592 1402  437 26  0 74  0  0
 2  0 152576 1417360   2520 815624    0    0  1280     0 1321  372 25  1 74  0  0
 2  0 152576 1417360   2520 815624    0    0  1024   252 1439  406 25  1 74  0  0
 2  0 152576 1417360   2520 815624    0    0  1280     4 1452  472 25  1 74  0  0
 2  0 152576 1417360   2520 815624    0    0  1024     0 1352  424 25  0 74  0  0
 2  0 152576 1417360   2520 815624    0    0  1280     0 1367  433 25  1 74  0  0
 2  0 152576 1417360   2520 815624    0    0  1024    80 1303  348 25  1 74  0  0
 2  0 152576 1417360   2520 815624    0    0  1280     0 1328  366 25  1 74  0  0
 2  0 152576 1417360   2520 815624    0    0  1024     0 1319  369 25  1 74  0  0
 2  0 152576 1417360   2520 815624    0    0  1280     0 1471  488 25  1 74  0  0
 2  0 152576 1417360   2520 815624    0    0  1024  3580 1412  470 25  1 74  0  0
 2  0 152576 1417360   2520 815624    0    0  1280   216 1477  475 25  1 74  0  0
 2  0 152576 1417360   2520 815624    0    0  1024     0 1388  373 25  1 75  0  0
 2  0 152576 1417360   2520 815624    0    0  1280    24 1332  399 25  1 74  0  0
 2  0 152576 1417360   2520 815624    0    0  1024     0 1436  433 25  0 74  0  0
 2  0 152576 1417360   2520 815624    0    0  1280  5780 1717  563 25  1 73  0  0
 2  0 152576 1417360   2520 815624    0    0  1024   104 1353  417 25  0 75  0  0
 2  0 152576 1417360   2520 815624    0    0  1280     0 1364  396 25  1 74  0  0
 2  0 152576 1417360   2520 815624    0    0  1292     0 1416  489 26  1 74  0  0
 2  0 152576 1417360   2520 815624    0    0  1024     8 1336  400 25  1 74  0  0
 2  0 152576 1417360   2520 815624    0    0  1292  7840 1367  388 25  1 74  1  0
procs -----------memory---------- ---swap-- -----io---- -system-- ------cpu-----
 r  b   swpd   free   buff  cache   si   so    bi    bo   in   cs us sy id wa st
 2  0 152576 1417360   2520 815624    0    0  1024     0 1308  358 25  1 74  0  0
 2  0 152576 1417360   2520 815624    0    0  1280     0 1321  393 25  1 74  0  0
 2  0 152576 1417360   2520 815624    0    0  1024   168 2051  931 31  1 68  0  0
 2  0 152576 1417360   2520 815624    0    0  1024     0 1518  394 29  0 71  0  0
 2  0 152576 1417360   2520 815624    0    0  1280     0 1332  417 25  1 74  0  0
 2  0 152576 1417360   2520 815624    0    0  1280   132 1385  394 25  0 74  0  0
 2  0 152576 1417360   2520 815624    0    0  1024     0 1438  473 25  1 74  0  0
 2  0 152576 1417360   2520 815624    0    0  1280    52 1323  401 25  1 74  0  0
 2  0 152576 1417360   2520 815624    0    0  1024    20 1319  359 25  1 74  0  0
 3  0 152576 1417360   2520 815624    0    0  1280     0 1321  370 25  0 75  0  0
 2  0 152576 1417360   2520 815624    0    0  1024     4 1346  401 25  1 74  0  0
 2  0 152576 1417360   2520 815624    0    0  1280     0 1401  375 25  0 74  0  0
 2  0 152576 1417360   2520 815624    0    0  1024    76 1388  408 25  1 74  0  0
 2  0 152576 1417360   2520 815624    0    0  1280     0 1351  373 25  0 74  0  0
 2  0 152576 1417360   2520 815624    0    0  1024    16 1447  502 25  1 74  0  0
 2  0 152576 1417360   2520 815624    0    0  1280     0 1491  585 25  0 75  0  0
 2  0 152576 1417360   2520 815624    0    0  1024     0 1350  389 25  1 74  0  0
 2  0 152576 1417360   2520 815624    0    0  1280    68 1250  345 25  0 75  0  0
 2  0 152576 1417360   2520 815624    0    0  1024    52 1378  410 25  1 74  0  0
 2  0 152576 1417360   2520 815624    0    0  1280     0 1436  473 25  1 74  0  0
 2  0 152576 1417360   2520 815624    0    0  1024  3360 1460  452 25  1 74  0  0
procs -----------memory---------- ---swap-- -----io---- -system-- ------cpu-----
 r  b   swpd   free   buff  cache   si   so    bi    bo   in   cs us sy id wa st
 2  0 152576 1417360   2520 815624    0    0  1280     0 1310  337 25  1 75  0  0
 2  0 152576 1417360   2520 815624    0    0  1024    48 1385  440 25  1 74  0  0
 2  0 152576 1417360   2520 815624    0    0  1280     4 1245  299 25  0 75  0  0
 2  0 152576 1417360   2520 815624    0    0  1024     0 1349  435 25  1 74  0  0
 2  0 152576 1417360   2520 815624    0    0  1280  1020 1509  524 25  0 74  0  0
 2  0 152576 1417360   2520 815624    0    0  1024     0 1366  419 25  1 74  0  0
 3  0 152576 1417360   2520 815624    0    0  1176   104 3622 4234 46  8 45  0  0
 4  0 152576 1417360   2520 815624    0    0  1024     0 3975 1174 53  4 43  0  0
 3  0 152576 1417360   2520 815624    0    0  1024     0 4984  901 53  4 43  0  0
 2  0 152576 1417360   2520 815624    0    0  1024   488 5051 2507 47  3 50  0  0
 4  0 152576 1417360   2520 815624    0    0  1280     0 2783  774 40  5 56  0  0
 2  0 152576 1417360   2520 815624    0    0  1024   264 3343 4420 44  8 48  0  0
 2  0 152576 1417360   2520 815624    0    0  1024    60 1361  409 25  0 74  0  0
 2  0 152576 1417360   2520 815624    0    0  1280     0 1396  467 25  1 74  0  0
 2  0 152576 1417360   2520 815624    0    0  1024   368 1453  434 25  0 75  0  0
 2  0 152576 1417360   2520 815624    0    0  1280     0 1404  441 25  1 74  0  0
 2  0 152576 1417360   2520 815624    0    0  1024   560 1429  514 26  0 73  0  0
 2  0 152576 1417360   2520 815624    0    0  1280     0 1365  417 25  1 74  0  0
 2  0 152576 1417360   2520 815624    0    0  1024     0 1262  315 25  0 75  0  0
 2  0 152576 1417360   2520 815624    0    0  1280     0 1322  389 25  1 74  0  0
 2  0 152576 1417360   2520 815624    0    0  1024     4 1290  335 25  0 75  0  0
procs -----------memory---------- ---swap-- -----io---- -system-- ------cpu-----
 r  b   swpd   free   buff  cache   si   so    bi    bo   in   cs us sy id wa st
 2  0 152576 1417360   2520 815624    0    0  1280    56 1511  517 25  1 74  0  0
 2  0 152576 1417360   2520 815624    0    0  1024     0 1340  408 25  0 75  0  0
 2  0 152576 1417360   2520 815624    0    0  1280     0 1367  470 25  1 74  0  0
 2  0 152576 1417360   2520 815624    0    0  1280     0 1329  368 25  0 75  0  0
 2  0 152576 1417360   2520 815624    0    0  1024    36 1353  419 25  1 74  0  0
 2  0 152576 1417360   2520 815624    0    0  1280    64 1350  416 25  0 74  0  0
 2  0 152576 1417360   2520 815624    0    0  1024     0 1387  460 25  1 74  0  0
 2  0 152576 1417360   2520 815624    0    0  1280     0 1355  407 25  0 74  0  0
 2  0 152576 1417360   2520 815624    0    0  1024     0 1334  393 25  1 74  0  0
 2  0 152576 1417360   2520 815624    0    0  1280  3240 1342  345 25  1 74  0  0
 2  0 152576 1417360   2520 815624    0    0  1024    48 1414  432 25  1 74  0  0
 2  0 152576 1417360   2520 815624    0    0  1280   216 1380  368 25  0 75  0  0
 2  0 152576 1417360   2520 815624    0    0  1024     0 1482  529 25  1 74  0  0
 2  0 152576 1417360   2520 815624    0    0  1280     0 1310  396 25  0 74  0  0
 2  0 152576 1417360   2520 815624    0    0  1024   256 1388  431 25  1 74  0  0
 2  0 152576 1417360   2520 815624    0    0  1280  2020 2089  963 29  2 69  0  0
 2  0 152576 1417360   2520 815624    0    0  1024     0 1551  465 29  1 71  0  0
 2  0 152576 1417360   2520 815624    0    0  1280     0 1293  353 25  0 75  0  0
 2  0 152576 1417360   2520 815624    0    0  1024     0 1500  624 26  1 73  0  0
 2  0 152576 1417360   2520 815624    0    0  1280   684 1387  456 25  0 74  0  0
 2  0 152576 1417360   2520 815624    0    0  1024    68 1430  513 25  1 74  0  0
procs -----------memory---------- ---swap-- -----io---- -system-- ------cpu-----
 r  b   swpd   free   buff  cache   si   so    bi    bo   in   cs us sy id wa st
 2  0 152576 1417360   2520 815624    0    0  1280     0 1261  312 25  0 75  0  0
 2  0 152576 1417360   2520 815624    0    0  1024     0 1377  465 25  1 74  0  0
 2  0 152576 1417360   2520 815624    0    0  1280     0 1371  376 25  1 74  0  0
 2  0 152576 1417360   2520 815624    0    0  1032 11816 1421  472 25  1 73  1  0
 2  0 152576 1417360   2520 815624    0    0  1280   832 1489  448 25  0 74  0  0
 2  0 152576 1417360   2520 815624    0    0  1024     0 1274  367 25  1 74  0  0
 2  0 152576 1417360   2520 815624    0    0  1280     0 1346  366 25  0 75  0  0
 2  0 152576 1417360   2520 815624    0    0  1280     0 1345  406 25  1 74  0  0
 2  0 152576 1417360   2520 815624    0    0  1024     0 1273  372 25  0 75  0  0
 2  0 152576 1417360   2520 815624    0    0  1280    32 1402  458 25  1 74  0  0
 2  0 152576 1417360   2520 815624    0    0  1024     8 1378  411 25  0 74  0  0
 2  0 152576 1417360   2520 815624    0    0  1280   112 1392  473 25  1 74  0  0
 2  0 152576 1417360   2520 815624    0    0  1024     0 1427  391 27  1 73  0  0
 2  0 152576 1417360   2520 815624    0    0  1280     8 1535  694 25  1 74  0  0
 2  0 152576 1417360   2520 815624    0    0  1028  1880 1514  496 25  0 74  0  0
 2  0 152576 1417360   2520 815624    0    0  1280     0 1382  430 25  1 74  0  0
 2  0 152576 1417360   2520 815624    0    0  1024   488 1558  640 26  1 74  0  0
 2  0 152576 1417360   2520 815624    0    0  1280     0 1312  377 25  1 74  0  0
 2  0 152576 1417360   2520 815624    0    0  1024     0 1375  390 25  0 75  0  0
 3  0 152576 1417360   2520 815624    0    0  1288  3360 1539  598 26  1 72  1  0
 2  0 152576 1417360   2520 815624    0    0  1024     0 1349  363 25  0 75  0  0
procs -----------memory---------- ---swap-- -----io---- -system-- ------cpu-----
 r  b   swpd   free   buff  cache   si   so    bi    bo   in   cs us sy id wa st
 2  0 152576 1417360   2520 815624    0    0  1280    68 1410  467 25  1 74  0  0
 2  0 152576 1417360   2520 815624    0    0  1024   436 1499  545 25  0 74  0  0
 2  0 152576 1417360   2520 815624    0    0  1280     0 1403  450 25  1 74  0  0
 2  0 152576 1417360   2520 815624    0    0  1280   336 1468  461 25  0 74  0  0
 8  0 152576 1417360   2520 815624    0    0  1024   260 1582  492 29  1 70  0  0
 2  0 152576 1417360   2520 815624    0    0  1024     4 2132  530 40  1 59  0  0
 2  0 152576 1417360   2520 815624    0    0  1280   244 1507  480 25  1 74  0  0
 2  0 152576 1417360   2520 815624    0    0  1024   104 1352  412 25  0 75  0  0
 2  0 152576 1417360   2520 815624    0    0  1280    40 1372  420 25  1 74  0  0
 2  0 152576 1417360   2520 815624    0    0  1024     0 1315  356 25  0 75  0  0
 2  0 152576 1417360   2520 815624    0    0  1280     0 1511  528 25  1 74  0  0
 2  0 152576 1417360   2520 815624    0    0  1024   272 1383  414 25  0 74  0  0
 2  0 152576 1417360   2520 815624    0    0  1280   196 1389  426 25  1 74  0  0
 3  0 152576 1417360   2520 815624    0    0  1028  2020 3088 2996 42  6 52  0  0
 3  0 152576 1417360   2520 815624    0    0  1024     0 4117 2052 52  5 42  0  0
 3  0 152576 1417360   2520 815624    0    0  1024     0 5247  970 55  4 42  0  0
 2  0 152576 1417360   2520 815624    0    0  1024     0 5398 2593 52  4 44  0  0
 3  0 152576 1417360   2520 815624    0    0  1024     0 1913  534 31  3 66  0  0
 3  0 152576 1417360   2520 815624    0    0  1028  2460 4020 3891 51  9 39  0  0
 2  0 152576 1417360   2520 815624    0    0  1280    48 1408  839 26  1 74  0  0
 2  0 152576 1417360   2520 815624    0    0  1024     0 1449  513 25  1 74  0  0
procs -----------memory---------- ---swap-- -----io---- -system-- ------cpu-----
 r  b   swpd   free   buff  cache   si   so    bi    bo   in   cs us sy id wa st
 2  0 152576 1417360   2520 815624    0    0  1280     0 1337  396 25  0 75  0  0
 2  0 152576 1417360   2520 815624    0    0  1024     0 1312  395 25  1 74  0  0
 2  0 152576 1417360   2520 815624    0    0  1280   572 1351  421 26  1 74  0  0
 2  0 152576 1417360   2520 815624    0    0  1024    44 1343  382 25  1 74  0  0
 2  0 152576 1417360   2520 815624    0    0  1280     0 1319  427 25  0 74  0  0
 2  0 152576 1417360   2520 815624    0    0  1024     0 1412  465 25  1 74  0  0
 2  0 152576 1417360   2520 815624    0    0  1280     0 1342  360 25  0 75  0  0
 2  0 152576 1417360   2520 815624    0    0  1024     0 1411  447 25  1 74  0  0
 2  0 152576 1417360   2520 815624    0    0  1280    92 1438  431 25  0 74  0  0
 2  0 152576 1417360   2520 815624    0    0  1024     0 1399  484 25  1 74  0  0
 2  0 152576 1417360   2520 815624    0    0  1280     0 1291  394 25  0 75  0  0
 2  0 152576 1417360   2520 815624    0    0  1024     0 1376  441 25  1 74  0  0
 2  0 152576 1417360   2520 815624    0    0  1280    20 1327  363 25  0 75  0  0
 2  0 152576 1417360   2520 815624    0    0  1280    48 1339  405 25  1 74  0  0
 2  0 152576 1417360   2520 815624    0    0  1024     4 1256  311 25  0 75  0  0
 2  0 152576 1417360   2520 815624    0    0  1280     0 1319  385 25  1 74  0  0
 2  0 152576 1417360   2520 815624    0    0  1024     0 1280  378 25  0 75  0  0
 2  0 152576 1417360   2520 815624    0    0  1280     0 1348  409 25  1 74  0  0
 2  0 152576 1417360   2520 815624    0    0  1024   324 1410  353 25  0 74  0  0
 2  0 152576 1417360   2520 815624    0    0  1280     0 1391  463 25  1 74  0  0
 2  0 152576 1417360   2520 815624    0    0  1024     4 1346  365 25  0 74  0  0
procs -----------memory---------- ---swap-- -----io---- -system-- ------cpu-----
 r  b   swpd   free   buff  cache   si   so    bi    bo   in   cs us sy id wa st
 2  0 152576 1417360   2520 815624    0    0  1280     0 1353  407 25  0 74  0  0
 2  0 152576 1417360   2520 815624    0    0  1024  1100 1775  588 29  1 70  1  0
 2  0 152576 1417360   2520 815624    0    0  1280    12 1643  688 29  1 70  0  0
 2  0 152576 1417360   2520 815624    0    0  1024     0 1341  375 25  0 75  0  0
 2  0 152576 1417360   2520 815624    0    0  1280     0 1545  586 25  1 73  0  0
 2  0 152576 1417360   2520 815624    0    0  1024     0 1279  360 25  0 75  0  0
 2  0 152576 1417360   2520 815624    0    0  1280    12 1387  451 25  1 74  0  0
 2  0 152576 1417360   2520 815624    0    0  1032  3696 1392  478 25  0 74  0  0
 2  0 152576 1417360   2520 815624    0    0  1280    64 1375  460 25  1 74  0  0
 2  0 152576 1417360   2520 815624    0    0  1024     0 1351  360 25  0 75  0  0
 2  0 152576 1417360   2520 815624    0    0  1280     0 1343  430 25  1 74  0  0
 2  0 152576 1417360   2520 815624    0    0  1036 13656 1478  463 25  1 73  1  0
 2  0 152576 1417360   2520 815624    0    0  1280   144 1601  751 25  1 74  0  0
 2  0 152576 1417360   2520 815624    0    0  1024     0 1374  420 25  0 74  0  0
 2  0 152576 1417360   2520 815624    0    0  1280     0 1413  441 25  1 74  0  0
 2  0 152576 1417360   2520 815624    0    0  1024    40 1319  372 25  1 75  0  0
 2  0 152576 1417360   2520 815624    0    0  1280     0 1341  421 25  0 74  0  0
 2  0 152576 1417360   2520 815624    0    0  1280   184 1325  359 25  1 75  0  0
 2  0 152576 1417360   2520 815624    0    0  1024     0 1332  422 25  1 74  0  0
 3  0 152576 1417360   2520 815624    0    0  1280     0 1285  381 25  0 75  0  0
 2  0 152576 1417360   2520 815624    0    0  1024     0 1365  428 25  1 74  0  0
procs -----------memory---------- ---swap-- -----io---- -system-- ------cpu-----
 r  b   swpd   free   buff  cache   si   so    bi    bo   in   cs us sy id wa st
 2  0 152576 1417360   2520 815624    0    0  1280     0 1386  441 25  0 74  0  0
 2  0 152576 1417360   2520 815624    0    0  1024    32 1313  391 25  1 74  0  0
 2  0 152576 1417360   2520 815624    0    0  1284  1880 1378  432 25  1 74  0  0
 2  0 152576 1417360   2520 815624    0    0  1024     0 1349  410 25  1 74  0  0
 2  0 152576 1417360   2520 815624    0    0  1280     0 1329  438 25  0 74  0  0
 2  0 152576 1417360   2520 815624    0    0  1024     0 1404  462 25  1 74  0  0
 2  0 152576 1417360   2520 815624    0    0  1280    76 1290  348 25  0 74  0  0
 2  0 152576 1417360   2520 815624    0    0  1024    60 1430  478 25  1 74  0  0
 2  0 152576 1417360   2520 815624    0    0  1280     0 1259  321 25  1 75  0  0
 2  0 152576 1417360   2520 815624    0    0  1024     0 1380  442 25  1 74  0  0
 2  0 152576 1417360   2520 815624    0    0  1280  1832 1346  399 25  1 74  0  0
 2  0 152576 1417360   2520 815624    0    0  1024   452 1418  465 25  0 75  0  0
 2  0 152576 1417360   2520 815624    0    0  1280   780 1518  445 25  0 74  0  0
 2  0 152576 1417360   2520 815624    0    0  1280    68 1365  461 25  1 74  0  0
 2  0 152576 1417360   2520 815624    0    0  1024     0 1453  440 25  1 74  0  0
 2  0 152576 1417360   2520 815624    0    0  1280     0 1345  451 25  1 74  0  0
 2  0 152576 1417360   2520 815624    0    0  1024    72 1270  381 25  0 74  0  0
 2  0 152576 1417360   2520 815624    0    0  1284  1816 1440  505 25  1 74  0  0
 2  0 152576 1417360   2520 815624    0    0  1024    60 1323  375 25  1 74  0  0
 2  0 152576 1417360   2520 815624    0    0  1280     0 1624  551 25  1 74  0  0
 2  0 152576 1417360   2520 815624    0    0  1024     0 1327  399 25  0 75  0  0
procs -----------memory---------- ---swap-- -----io---- -system-- ------cpu-----
 r  b   swpd   free   buff  cache   si   so    bi    bo   in   cs us sy id wa st
 2  0 152576 1417360   2520 815624    0    0  1280     0 1377  427 25  1 74  0  0
 2  0 152576 1417360   2520 815624    0    0  1024     0 1296  400 25  0 74  0  0
 2  0 152576 1417360   2520 815624    0    0  1280   596 1423  465 25  1 74  0  0
 2  0 152576 1417360   2520 815624    0    0  1024   140 1322  354 25  0 75  0  0
 2  0 152576 1417360   2520 815624    0    0  1280     0 1291  371 25  1 74  0  0
 2  0 152576 1417360   2520 815624    0    0  1024     0 1343  376 25  0 75  0  0
 2  0 152576 1417360   2520 815624    0    0  1280    56 1353  449 25  1 74  0  0
 2  0 152576 1417360   2520 815624    0    0  1024    64 1343  399 25  0 75  0  0
 2  0 152576 1417360   2520 815624    0    0  1280    56 1354  405 25  1 74  0  0
 2  0 152576 1417360   2520 815624    0    0  1280     0 1272  321 25  0 75  0  0
 2  0 152576 1417360   2520 815624    0    0  1024  1832 1488  524 25  1 74  0  0
 2  0 152576 1417360   2520 815624    0    0  1280     0 1292  328 25  0 74  0  0
 2  0 152576 1417360   2520 815624    0    0  1024    92 1325  417 25  1 74  0  0
 2  0 152576 1417360   2520 815624    0    0  1280     0 1374  422 25  0 74  0  0
 2  0 152576 1417360   2520 815624    0    0  1024     0 1375  409 25  1 74  0  0
 2  0 152576 1417360   2520 815624    0    0  1280     0 1335  358 25  0 75  0  0
 2  0 152576 1417360   2520 815624    0    0  1024     0 1477  486 25  1 74  0  0
 2  0 152576 1417360   2520 815624    0    0  1280    36 1336  363 25  0 75  0  0
 2  0 152576 1417360   2520 815624    0    0  1024     0 1378  400 25  1 74  0  0
 2  0 152576 1417360   2520 815624    0    0  1284     4 1287  354 25  0 75  0  0
 2  0 152576 1417360   2520 815624    0    0  1024     0 1389  451 25  1 74  0  0
procs -----------memory---------- ---swap-- -----io---- -system-- ------cpu-----
 r  b   swpd   free   buff  cache   si   so    bi    bo   in   cs us sy id wa st
 2  0 152576 1417360   2520 815624    0    0  1280     0 1294  334 25  1 75  0  0
 2  0 152576 1417360   2520 815624    0    0  1024    32 1359  422 25  1 74  0  0
 2  0 152576 1417360   2520 815624    0    0  1280     0 1378  396 25  0 75  0  0
 2  0 152576 1417360   2520 815624    0    0  1280     0 1388  409 25  1 74  0  0
 2  0 152576 1417360   2520 815624    0    0  1024     0 1350  391 25  1 74  0  0
 2  0 152576 1417360   2520 815624    0    0  1280    64 1403  490 25  1 74  0  0
 2  0 152576 1417360   2520 815624    0    0  1024  3368 1355  377 25  0 74  0  0
 2  0 152576 1417360   2520 815624    0    0  1280   292 1324  410 25  1 74  0  0
 2  0 152576 1417360   2520 815624    0    0  1024     0 1305  377 25  0 75  0  0
 2  0 152576 1417360   2520 815624    0    0  1280  1832 1468  484 25  1 74  0  0
 2  0 152576 1417360   2520 815624    0    0  1024     0 1625  785 25  1 74  0  0
 2  0 152576 1417360   2520 815624    0    0  1284   288 1328  414 25  1 74  0  0
 2  0 152576 1417360   2520 815624    0    0  1024     0 1386  417 25  0 75  0  0
 2  0 152576 1417360   2520 815624    0    0  1280   140 1345  428 25  1 74  0  0
 2  0 152576 1417360   2520 815624    0    0  1024     0 1269  357 25  0 75  0  0
 2  0 152576 1417360   2520 815624    0    0  1280     0 1328  407 25  1 74  0  0
 2  0 152576 1417360   2520 815624    0    0  1024     0 1344  430 26  0 74  0  0
 2  0 152576 1417360   2520 815624    0    0  1280     0 1413  461 25  1 74  0  0
 2  0 152576 1417360   2520 815624    0    0  1152   136 1460  471 25  1 74  0  0
 2  0 152576 1417360   2520 815624    0    0  1280   444 1441  493 25  1 74  0  0
 2  0 152576 1417360   2520 815624    0    0  1024     0 1450  505 25  0 74  0  0
procs -----------memory---------- ---swap-- -----io---- -system-- ------cpu-----
 r  b   swpd   free   buff  cache   si   so    bi    bo   in   cs us sy id wa st
 3  0 152576 1417360   2520 815624    0    0  1032   128 4336 4195 53 10 37  0  0
 3  0 152576 1417360   2520 815624    0    0  1024   904 4204 1024 52  3 44  0  0
 3  0 152576 1417360   2520 815624    0    0  1024     0 6054 1076 56  4 40  0  0
 2  0 152576 1417360   2520 815624    0    0  1024     0 3284 2122 39  3 59  0  0
 3  0 152576 1417360   2520 815624    0 1532  1280  1724 3480 2500 44  7 49  0  0
 2  0 152576 1417360   2520 815624    0  180  1024   256 2612 2227 39  6 55  0  0
 2  0 152576 1417360   2520 815624    0    0  1024    20 1423  462 25  1 74  0  0
 2  0 152576 1417360   2520 815624    0    0  1280     0 1352  426 25  0 74  0  0
 2  0 152576 1417360   2520 815624    0    0  1024  1832 1440  448 25  1 74  0  0
 2  0 152576 1417360   2520 815624    0    0  1280     0 1350  383 25  0 74  0  0
 2  0 152576 1417360   2520 815624    0    0  1024   624 1562  582 25  1 74  0  0
 2  0 152576 1417360   2520 815624    0    0  1280    16 1361  423 25  0 74  0  0
 2  0 152576 1417360   2520 815624    0    0  1024     0 1343  436 25  1 74  0  0
 2  0 152576 1417360   2520 815624    0    0  1280     0 1289  384 25  0 75  0  0
 2  0 152576 1417360   2520 815624    0    0  1024     0 1357  441 25  0 74  0  0
 2  0 152576 1417360   2520 815624    0    0  1280    88 1298  369 25  0 74  0  0
 2  0 152576 1417360   2520 815624    0    0  1024  3260 1379  448 25  1 74  0  0
 2  0 152576 1417360   2520 815624    0    0  1280   232 1371  359 25  0 75  0  0
 3  0 152576 1417360   2520 815624    0    0 12732    20 2287 1468 26  4 67  3  0
 2  0 152576 1417360   2520 815624    0    0  1280     0 1291  378 25  0 75  0  0
 2  0 152576 1417360   2520 815624    0    0  1024   132 1342  416 25  1 74  0  0
procs -----------memory---------- ---swap-- -----io---- -system-- ------cpu-----
 r  b   swpd   free   buff  cache   si   so    bi    bo   in   cs us sy id wa st
 2  0 152576 1417360   2520 815624    0    0  1280   256 1341  363 25  0 75  0  0
 2  0 152576 1417360   2520 815624    0    0  1280     0 1346  393 25  1 74  0  0
 2  0 152576 1417360   2520 815624    0    0  1024     0 1257  317 25  0 75  0  0
 2  0 152576 1417360   2520 815624    0    0  1280     4 1441  489 25  1 74  0  0
 2  0 152576 1417360   2520 815624    0    0  1024    44 1330  412 25  0 74  0  0
 2  0 152576 1417360   2520 815624    0    0  1280   124 1362  395 25  1 74  0  0
 2  0 152576 1417360   2520 815624    0    0  1024     0 1310  342 25  0 75  0  0
 2  0 152576 1417360   2520 815624    0    0  1280     8 1356  402 25  1 74  0  0
 2  0 152576 1417360   2520 815624    0    0  1024  1832 1406  400 25  1 74  0  0
 2  0 152576 1417360   2520 815624    0    0  1280   264 2018 1005 29  2 69  0  0
 2  0 152576 1417360   2520 815624    0    0  1032  1776 1615  513 29  1 71  0  0
 2  0 152576 1417360   2520 815624    0    0  1280     0 1398  462 25  1 74  0  0
 2  0 152576 1417360   2520 815624    0    0  1024  1412 1742  665 26  1 73  0  0
 2  0 152576 1417360   2520 815624    0    0  1280     0 1301  417 25  1 74  0  0
 2  0 152576 1417360   2520 815624    0    0  1024   332 1423  428 26  0 74  0  0
 2  0 152576 1417360   2520 815624    0    0  1280     4 1357  442 25  1 74  0  0
 2  0 152576 1417360   2520 815624    0    0  1024     0 1272  346 25  0 75  0  0
 2  0 152576 1417360   2520 815624    0    0  1288 11804 1358  433 25  1 73  1  0
 2  0 152576 1417360   2520 815624    0    0  1024     0 1345  365 25  0 75  0  0
 2  0 152576 1417360   2520 815624    0    0  1280   124 1378  437 25  1 74  0  0
 2  0 152576 1417360   2520 815624    0    0  1024     0 1282  331 25  0 75  0  0
procs -----------memory---------- ---swap-- -----io---- -system-- ------cpu-----
 r  b   swpd   free   buff  cache   si   so    bi    bo   in   cs us sy id wa st
 2  0 152576 1417360   2520 815624    0    0  1280     0 1315  389 25  1 74  0  0
 2  0 152576 1417360   2520 815624    0    0  1280     0 1325  429 25  0 74  0  0
 2  0 152576 1417360   2520 815624    0    0  1024     0 1472  524 25  0 74  0  0
 2  0 152576 1417360   2520 815624    0    0  1280    60 1295  366 25  0 74  0  0
 2  0 152576 1417360   2520 815624    0    0  1024    92 1325  373 25  1 75  0  0
 2  0 152576 1417360   2520 815624    0    0  1280  1816 1341  376 25  0 74  0  0
 2  0 152576 1417360   2520 815624    0    0  1024     0 1318  393 25  1 74  0  0
 2  0 152576 1417360   2520 815624    0    0  1280     0 1517  486 25  1 74  0  0
 2  0 152576 1417360   2520 815624    0    0  1024    84 1336  412 25  0 74  0  0
 2  0 152576 1417360   2520 815624    0    0  1280     0 1416  578 25  1 74  0  0
 2  0 152576 1417360   2520 815624    0    0  1024     0 1352  405 25  1 74  0  0
 2  0 152576 1417360   2520 815624    0    0  1280     0 1288  317 25  0 75  0  0
 2  0 152576 1417360   2520 815624    0    0  1024     0 1347  417 25  1 74  0  0
 2  0 152576 1417360   2520 815624    0    0  1280    16 1323  393 25  0 74  0  0
 2  0 152576 1417360   2520 815624    0    0  1024     0 1309  402 25  1 74  0  0
 2  0 152576 1417360   2520 815624    0    0  1280     0 1283  333 25  0 75  0  0
 2  0 152576 1417360   2520 815624    0    0  1024     0 1369  413 25  1 74  0  0
 2  0 152576 1417360   2520 815624    0    0  1288     0 1851 1543 30  3 68  0  0
 2  0 152576 1417360   2520 815624    0    0  1024    76 1301  417 25  1 74  0  0
 6  0 152576 1417360   2520 815624    0    0  1300    92 2055 1990 32  4 64  0  0
 3  0 152576 1417360   2520 815624    0    0  3312   152 4711 5909 62 11 28  0  0
procs -----------memory---------- ---swap-- -----io---- -system-- ------cpu-----
 r  b   swpd   free   buff  cache   si   so    bi    bo   in   cs us sy id wa st
 3  0 152576 1417360   2520 815624    0    0  1024   132 3699 1144 53  3 44  0  0
 3  0 152576 1417360   2520 815624    0    0  1024   956 5976 1212 56  4 40  0  0
 2  0 152576 1417360   2520 815624    0    0  1024     0 3223 2203 38  3 59  0  0
 3  0 152576 1417360   2520 815624    0 1300  1280  1460 3524 2453 44  8 48  0  0
 2  0 152576 1417360   2520 815624    0    0  1024    80 2661 2230 39  5 56  0  0
 2  0 152576 1417360   2520 815624    0    0  1024     0 1378  413 25  1 74  0  0
 2  0 152576 1417360   2520 815624    0    0  1280   560 1472  462 26  0 74  0  0
 2  0 152576 1417360   2520 815624    0    0  1024     0 1389  442 25  1 74  0  0
 2  0 152576 1417360   2520 815624    0    0  1280     0 1360  391 25  1 74  0  0
 2  0 152576 1417360   2520 815624    0    0  1024     0 1401  450 25  1 74  0  0
 2  0 152576 1417360   2520 815624    0    0  1280  3000 1344  402 25  1 74  0  0
 2  0 152576 1417360   2520 815624    0    0  1024   136 1348  468 25  1 74  0  0
 2  0 152576 1417360   2520 815624    0    0  1280     0 1316  373 25  0 75  0  0
 2  0 152576 1417360   2520 815624    0    0  1280     0 1286  380 25  1 74  0  0
 2  0 152576 1417360   2520 815624    0    0  1024     0 1229  318 25  0 75  0  0
 3  0 152576 1417360   2520 815624    0    0  1280     0 1292  373 25  1 74  0  0
 2  0 152576 1417360   2520 815624    0    0  1024   116 1344  446 26  1 74  0  0
 2  0 152576 1417360   2520 815624    0    0  1280    16 1346  412 25  1 74  0  0
 2  0 152576 1417360   2520 815624    0    0  1024   256 1306  328 25  0 75  0  0
 2  0 152576 1417360   2520 815624    0    0  1280     0 1277  366 25  1 74  0  0
 2  0 152576 1417360   2520 815624    0    0  1024     0 1448  439 25  0 74  0  0
procs -----------memory---------- ---swap-- -----io---- -system-- ------cpu-----
 r  b   swpd   free   buff  cache   si   so    bi    bo   in   cs us sy id wa st
 2  0 152576 1417360   2520 815624    0    0  1280    84 1374  452 25  1 74  0  0
 2  0 152576 1417360   2520 815624    0    0  1024     0 1283  385 25  0 75  0  0
 2  0 152576 1417360   2520 815624    0    0  1280     0 1303  372 25  1 74  0  0
 2  0 152576 1417360   2520 815624    0    0  1032     0 1375  502 25  1 74  0  0
 2  0 152576 1417360   2520 815624    0    0  1280     0 1324  384 25  1 74  0  0
 2  0 152576 1417360   2520 815624    0    0  1024    88 1351  395 25  0 74  1  0
 2  0 152576 1417360   2520 815624    0    0  1280    60 1336  410 25  1 74  0  0
 2  0 152576 1417360   2520 815624    0    0  1024     0 1345  483 26  0 74  0  0
 3  0 152576 1417360   2520 815624    0    0  1280   180 2200  875 32  1 66  0  0
 2  0 152576 1417360   2520 815624    0    0  1024   120 1493  495 27  0 72  0  0
 2  0 152576 1417360   2520 815624    0    0  1280     0 1444  497 25  1 74  0  0
 2  0 152576 1417360   2520 815624    0    0  1024   312 1401  418 25  0 74  0  0
 2  0 152576 1417360   2520 815624    0    0  1280     0 1357  416 25  1 74  0  0
 2  0 152576 1417360   2520 815624    0    0  1024    24 1327  389 25  1 74  0  0
 2  0 152576 1417360   2520 815624    0    0  1280   764 1452  443 25  1 74  0  0
 2  0 152576 1417360   2520 815624    0    0  1024   180 1323  370 25  0 74  0  0
 2  0 152576 1417360   2520 815624    0    0  1280 11800 1515  525 25  1 73  0  0
 2  0 152576 1417360   2520 815624    0    0  1024     0 1311  365 25  1 75  0  0
 2  0 152576 1417360   2520 815624    0    0  1280    12 1331  405 25  1 74  0  0
 2  0 152576 1417360   2520 815624    0    0  1280     8 1322  400 25  0 75  0  0
 2  0 152576 1417360   2520 815624    0    0  1024  3768 1449  495 25  1 74  0  0
procs -----------memory---------- ---swap-- -----io---- -system-- ------cpu-----
 r  b   swpd   free   buff  cache   si   so    bi    bo   in   cs us sy id wa st
 2  0 152576 1417360   2520 815624    0    0  1280     0 1283  330 25  0 75  0  0
 2  0 152576 1417360   2520 815624    0    0  1024     0 1304  382 25  1 74  0  0
 3  0 152576 1417360   2520 815624    0    0  1280     0 1311  375 25  0 75  0  0
 2  0 152576 1417360   2520 815624    0    0  1024     0 1386  435 25  1 74  0  0
 2  0 152576 1417360   2520 815624    0    0  1280  1948 1600  567 26  1 74  0  0
 2  0 152576 1417360   2520 815624    0    0  1024     0 1328  412 25  1 74  0  0
 2  0 152576 1417360   2520 815624    0    0  1280     0 1277  329 25  0 75  0  0
 3  0 152576 1417360   2520 815624    0    0  1024     0 1601  768 25  1 74  0  0
 2  0 152576 1417360   2520 815624    0    0  1280     0 1303  322 25  0 75  0  0
 2  0 152576 1417360   2520 815624    0    0  1024    32 1330  415 25  1 74  0  0
 2  0 152576 1417360   2520 815624    0    0  1280   232 1505  560 25  0 74  0  0
 2  0 152576 1417360   2520 815624    0    0  1024     0 1377  429 25  1 74  0  0
 3  0 152576 1417360   2520 815624    0    0  1032     0 3900 4362 47 13 40  0  0
 3  0 152576 1417360   2520 815624    0    0  1024     0 3963 1137 53  4 43  0  0
 3  0 152576 1417360   2520 815624    0    0  1024   120 4960  990 53  3 44  0  0
 2  0 152576 1417360   2520 815624    0    0  1024    20 4565 2409 46  3 51  0  0
 3  0 152576 1417360   2520 815624    0  308  1024   308 3070  791 40  5 55  0  0
 2  0 152576 1417360   2520 815624    0    0  1280   264 3180 4143 43  8 49  1  0
 2  0 152576 1417360   2520 815624    0    0  1024     0 1335  352 25  0 75  0  0
 2  0 152576 1417360   2520 815624    0    0  1280   160 1463  481 25  1 74  0  0
 2  0 152576 1417360   2520 815624    0    0  1024    20 1390  404 25  1 74  0  0
procs -----------memory---------- ---swap-- -----io---- -system-- ------cpu-----
 r  b   swpd   free   buff  cache   si   so    bi    bo   in   cs us sy id wa st
 2  0 152576 1417360   2520 815624    0    0  1280     0 1303  364 25  1 74  0  0
 2  0 152576 1417360   2520 815624    0    0  1024   572 1392  481 26  1 73  0  0
 2  0 152576 1417360   2520 815624    0    0  1280     0 1333  400 25  1 74  0  0
 2  0 152576 1417360   2520 815624    0    0  1024     0 1690 1030 28  1 71  0  0
 2  0 152576 1417360   2520 815624    0    0  1284   872 1743  669 26  1 74  0  0
 2  0 152576 1417360   2520 815624    0    0  1024   696 1485  415 26  0 74  0  0
 2  0 152576 1417360   2520 815624    0    0  1280   144 1437  494 25  1 74  0  0
 2  0 152576 1417360   2520 815624    0    0  1024   108 1383  420 25  1 74  0  0
 2  0 152576 1417360   2520 815624    0    0  1280     0 1436  506 25  1 74  0  0
