procs -----------memory---------- ---swap-- -----io---- -system-- ------cpu-----
 r  b   swpd   free   buff  cache   si   so    bi    bo   in   cs us sy id wa st
 1  1 143872 1449380   2172 811604    1   15  1353   446  459  357 20  3 77  1  0
 1  1 143872 1449380   2172 811604    0    0 14288     0 1170  743  1  3 69 28  0
 2  0 143872 1449380   2172 811604    0    0  2392     0 1330  443 18  2 74  6  0
 2  0 143872 1449380   2172 811604    0    0  1592     0 1380  391 25  1 70  4  0
 2  0 143872 1449380   2172 811604    0    0  1280     0 1383  420 25  1 75  0  0
 2  0 143872 1449380   2172 811604    0    0  1280   744 1301  344 25  1 74  0  0
 2  0 143872 1449380   2172 811604    0    0  1160   168 1344  369 25  1 74  0  0
 2  0 143872 1449380   2172 811604    0    0  1404     0 1334  435 25  1 74  0  0
 2  0 143872 1449380   2172 811604    0    0  1024     0 1306  320 25  0 74  0  0
 2  0 143872 1449380   2172 811604    0    0  1280     0 1244  311 25  1 74  0  0
 2  0 143872 1449380   2172 811604    0    0  1024     0 1294  299 25  1 74  0  0
 2  0 143872 1449380   2172 811604    0    0  1328  1932 1470  506 25  1 74  0  0
 2  0 143872 1449380   2172 811604    0    0  1156     0 1295  304 25  0 75  0  0
 2  0 143872 1449380   2172 811604    0    0  1280     0 1268  326 25  1 74  0  0
 2  0 143872 1449380   2172 811604    0    0  1116   120 1516  760 26  1 73  0  0
 2  0 143872 1449380   2172 811604    0    0  1280     0 1249  299 25  1 74  0  0
 2  0 143872 1449380   2172 811604    0    0  1028     0 1186  250 25  0 75  0  0
 2  0 143872 1449380   2172 811604    0    0  1280     0 1243  280 25  1 74  0  0
 2  0 143872 1449380   2172 811604    0    0  1280     0 1178  218 25  0 75  0  0
 2  0 143872 1449380   2172 811604    0    0  1024     0 1352  364 25  1 74  0  0
 2  0 143872 1449380   2172 811604    0    0  1280    52 1184  261 25  0 75  0  0
procs -----------memory---------- ---swap-- -----io---- -system-- ------cpu-----
 r  b   swpd   free   buff  cache   si   so    bi    bo   in   cs us sy id wa st
 2  0 143872 1449380   2172 811604    0    0  1024     0 1327  376 25  1 74  0  0
 2  0 143872 1449380   2172 811604    0    0  1280     0 1282  266 25  0 74  0  0
 2  0 143872 1449380   2172 811604    0    0  1024     0 1353  351 25  1 74  0  0
 2  0 143872 1449380   2172 811604    0    0  1280     0 1206  201 25  0 75  0  0
 2  0 143872 1449380   2172 811604    0    0  1024    32 1211  268 25  1 74  0  0
 2  0 143872 1449380   2172 811604    0    0  1280     0 1258  286 25  0 74  0  0
 2  0 143872 1449380   2172 811604    0    0  1024     0 1288  339 25  1 74  0  0
 2  0 143872 1449380   2172 811604    0    0  1280     0 1215  218 25  0 74  0  0
 2  0 143872 1449380   2172 811604    0    0  1024     0 1262  319 25  1 74  0  0
 2  0 143872 1449380   2172 811604    0    0  1280    36 1211  246 25  0 75  0  0
 2  0 143872 1449380   2172 811604    0    0  1032  1092 1628  630 25  1 74  0  0
 2  0 143872 1449380   2172 811604    0    0  1280   388 1394  402 25  1 74  0  0
 2  0 143872 1449380   2172 811604    0    0  1024     0 1231  289 25  1 74  0  0
 2  0 143872 1449380   2172 811604    0    0  1280     0 1253  342 25  1 74  0  0
 2  0 143872 1449380   2172 811604    0    0  3732     0 1517  512 25  1 73  1  0
 2  0 143872 1449380   2172 811604    0    0  1600  3412 1261  331 25  0 74  1  0
 2  0 143872 1449380   2172 811604    0    0  1280    52 1244  304 25  1 74  0  0
 2  0 143872 1449380   2172 811604    0    0  1024     0 1241  278 25  1 74  0  0
 2  0 143872 1449380   2172 811604    0    0  1280     0 1414  399 25  1 74  0  0
 2  0 143872 1449380   2172 811604    0    0  1024   428 1367  376 26  0 74  0  0
 2  0 143872 1449380   2172 811604    0    0  1280   288 1332  400 25  1 74  0  0
procs -----------memory---------- ---swap-- -----io---- -system-- ------cpu-----
 r  b   swpd   free   buff  cache   si   so    bi    bo   in   cs us sy id wa st
 2  0 143872 1449380   2172 811604    0    0  1024     4 1181  221 25  0 75  0  0
 2  0 143872 1449380   2172 811604    0    0  1288     0 1372  398 25  1 74  0  0
 2  0 143872 1449380   2172 811604    0    0  1024   120 1332  426 25  0 74  0  0
 2  0 143872 1449380   2172 811604    0    0  1280     0 1315  343 25  1 74  0  0
 2  0 143872 1449380   2172 811604    0    0  1560     0 1236  256 25  0 74  0  0
 2  0 143872 1449380   2172 811604    0    0  1280     0 1271  304 25  1 74  0  0
 2  0 143872 1449380   2172 811604    0    0  1024     0 1202  228 25  0 74  0  0
 2  0 143872 1449380   2172 811604    0    0  1280    32 1272  310 25  1 74  0  0
 2  0 143872 1449380   2172 811604    0    0  1024     0 1179  243 25  1 75  0  0
 2  0 143872 1449380   2172 811604    0    0  1280  1832 1355  393 25  1 74  0  0
 2  0 143872 1449380   2172 811604    0    0  1024     0 1268  270 25  0 75  0  0
 2  0 143872 1449380   2172 811604    0    0  1544   592 1491  475 25  1 74  0  0
 2  0 143872 1449380   2172 811604    0    0  1024     0 1189  205 25  0 75  0  0
 2  0 143872 1449380   2172 811604    0    0  1280     0 1293  319 25  1 74  0  0
 2  0 143872 1449380   2172 811604    0    0  1024     0 1177  245 25  0 75  0  0
 2  0 143872 1449380   2172 811604    0    0  1280     0 1261  319 25  1 74  0  0
 2  0 143872 1449380   2172 811604    0    0  1280   340 1257  272 25  0 75  0  0
 2  0 143872 1449380   2172 811604    0    0  1168     0 1489  656 25  1 74  0  0
 2  0 143872 1449380   2172 811604    0    0  1692     0 1266  289 25  0 74  0  0
 2  0 143872 1449380   2172 811604    0    0  1168     0 1281  330 25  1 74  0  0
 2  0 143872 1449380   2172 811604    0    0  1280    92 1235  301 25  0 75  0  0
procs -----------memory---------- ---swap-- -----io---- -system-- ------cpu-----
 r  b   swpd   free   buff  cache   si   so    bi    bo   in   cs us sy id wa st
 2  0 143872 1449380   2172 811604    0    0  1024    60 1309  339 25  1 74  0  0
 2  0 143872 1449380   2172 811604    0    0  1284   240 1399  390 25  0 74  0  0
 2  0 143872 1449380   2172 811604    0    0  1024     0 1313  307 25  1 74  0  0
 2  0 143872 1449380   2172 811604    0    0  1280     0 1227  242 26  0 74  0  0
 2  0 143872 1449380   2172 811604    0    0  1024  3484 1354  344 25  1 74  0  0
 2  0 143872 1449380   2172 811604    0    0  1280    88 1195  266 25  0 75  0  0
 2  0 143872 1449380   2172 811604    0    0  1024     0 1314  337 25  1 74  0  0
 2  0 143872 1449380   2172 811604    0    0  1280     0 1248  237 25  0 75  0  0
 2  0 143872 1449380   2172 811604    0    0  1024  1832 1420  403 25  1 74  0  0
 2  0 143872 1449380   2172 811604    0    0  1280   256 1192  208 25  0 75  0  0
 2  0 143872 1449380   2172 811604    0    0  1024    96 1324  354 25  1 74  0  0
 2  0 143872 1449380   2172 811604    0    0  1280   128 1284  330 25  0 75  0  0
 2  0 143872 1449380   2172 811604    0    0  1024   308 1317  339 25  1 74  0  0
 2  0 143872 1449380   2172 811604    0    0  1280     0 1245  247 25  0 75  0  0
 2  0 143872 1449380   2172 811604    0    0  1280     0 1214  275 25  1 74  0  0
 2  0 143872 1449380   2172 811604    0    0  1024    64 1177  207 25  0 75  0  0
 2  0 143872 1449380   2172 811604    0    0  1280     0 1245  301 25  1 74  0  0
 2  0 143872 1449380   2172 811604    0    0  1024     0 1208  247 25  0 75  0  0
 2  0 143872 1449380   2172 811604    0    0  1280   240 1359  385 25  1 74  0  0
 2  0 143872 1449380   2172 811604    0    0  1024     4 1193  217 25  0 74  0  0
 2  0 143872 1449380   2172 811604    0    0  1280    60 1334  347 25  1 74  0  0
procs -----------memory---------- ---swap-- -----io---- -system-- ------cpu-----
 r  b   swpd   free   buff  cache   si   so    bi    bo   in   cs us sy id wa st
 2  0 143872 1449380   2172 811604    0    0  1024    36 1220  224 25  0 74  0  0
 2  0 143872 1449380   2172 811604    0    0  1280     0 1197  264 25  1 74  0  0
 2  0 143872 1449380   2172 811604    0    0  1024     0 1326  348 25  0 74  0  0
 2  0 143872 1449380   2172 811604    0    0  1280     0 1334  339 25  1 74  0  0
 2  0 143872 1449380   2172 811604    0    0  1024     0 1219  211 25  1 75  0  0
 2  0 143872 1449380   2172 811604    0    0  1280    48 1297  380 25  1 74  0  0
 2  0 143872 1449380   2172 811604    0    0  1024     0 1212  239 25  0 75  0  0
 2  0 143872 1449380   2172 811604    0    0  1280     0 1293  369 25  1 74  0  0
 2  0 143872 1449380   2172 811604    0    0  1280     0 1279  317 25  0 74  0  0
 2  0 143872 1449380   2172 811604    0    0  1024    24 1248  298 25  1 74  0  0
 2  0 143872 1449380   2172 811604    0    0  1280   116 1229  282 25  0 75  0  0
 2  0 143872 1449380   2172 811604    0    0  1024     0 1365  393 25  1 74  0  0
 2  0 143872 1449380   2172 811604    0    0  1280     0 1276  354 25  1 74  0  0
 2  0 143872 1449380   2172 811604    0    0  1024    16 1190  217 25  1 75  0  0
 2  0 143872 1449380   2172 811604    0    0  1280  3464 1351  412 25  1 74  0  0
 2  0 143872 1449380   2172 811604    0    0  1024    88 1190  212 25  0 74  0  0
 2  0 143872 1449380   2172 811604    0    0  1280     0 1267  299 25  1 74  0  0
 2  0 143872 1449380   2172 811604    0    0  1024     0 1283  291 25  0 75  0  0
 2  0 143872 1449380   2172 811604    0    0  1280     0 1267  312 25  1 74  0  0
 2  0 143872 1449380   2172 811604    0    0  1024   256 1278  283 25  1 74  0  0
 2  0 143872 1449380   2172 811604    0    0  1280    84 1459  540 25  1 74  0  0
procs -----------memory---------- ---swap-- -----io---- -system-- ------cpu-----
 r  b   swpd   free   buff  cache   si   so    bi    bo   in   cs us sy id wa st
 2  0 143872 1449380   2172 811604    0    0  1024     0 1192  184 25  0 75  0  0
 2  0 143872 1449380   2172 811604    0    0  1280     0 1265  329 25  1 74  0  0
 2  0 143872 1449380   2172 811604    0    0  1024     0 1180  177 25  0 75  0  0
 2  0 143872 1449380   2172 811604    0    0  1280     8 1259  310 25  1 74  0  0
 2  0 143872 1449380   2172 811604    0    0  1024    52 1201  208 25  0 75  0  0
 2  0 143872 1449380   2172 811604    0    0  1280     0 1378  457 25  1 74  0  0
 2  0 143872 1449380   2172 811604    0    0  1280  1832 1316  290 25  1 74  0  0
 2  0 143872 1449380   2172 811604    0    0  1024     0 1260  317 25  1 74  0  0
 2  0 143872 1449380   2172 811604    0    0  1280     0 1192  202 25  0 75  0  0
 2  0 143872 1449380   2172 811604    0    0  1024   748 1377  366 25  1 74  0  0
 2  0 143872 1449380   2172 811604    0    0  1280     0 1234  226 25  0 75  0  0
 2  0 143872 1449380   2172 811604    0    0  1024     0 1279  375 25  1 74  0  0
 2  0 143872 1449380   2172 811604    0    0  1280     0 1278  272 25  0 75  0  0
 2  0 143872 1449380   2172 811604    0    0  1024  2352 1259  309 25  1 74  0  0
 2  0 143872 1449380   2172 811604    0    0  1280    72 1331  312 25  0 74  0  0
 2  0 143872 1449380   2172 811604    0    0  1024     0 1341  439 25  1 74  0  0
 2  0 143872 1449380   2172 811604    0    0  1280     0 1349  483 25  0 74  0  0
 2  0 143872 1449380   2172 811604    0    0  1024     0 1264  377 25  1 74  0  0
 2  0 143872 1449380   2172 811604    0    0  1280     0 1177  175 25  0 75  0  0
 2  0 143872 1449380   2172 811604    0    0  1024    20 1258  336 25  1 74  0  0
 2  0 143872 1449380   2172 811604    0    0  1280     0 1148  168 25  0 75  0  0
procs -----------memory---------- ---swap-- -----io---- -system-- ------cpu-----
 r  b   swpd   free   buff  cache   si   so    bi    bo   in   cs us sy id wa st
 2  0 143872 1449380   2172 811604    0    0  1024     0 1347  371 25  1 74  0  0
 2  0 143872 1449380   2172 811604    0    0  1280     0 1229  215 25  0 75  0  0
 2  0 143872 1449380   2172 811604    0    0  1280    32 1294  380 25  1 74  0  0
 2  0 143872 1449380   2172 811604    0    0  1024   128 1194  217 25  0 75  0  0
 2  0 143872 1449380   2172 811604    0    0  1280    56 1290  342 25  1 74  0  0
 2  0 143872 1449380   2172 811604    0    0  1024  1832 1404  390 25  1 74  0  0
 2  0 143872 1449380   2172 811604    0    0  1280     0 1273  337 25  1 74  0  0
 2  0 143872 1449380   2172 811604    0    0  1024     0 1201  216 25  0 75  0  0
 2  0 143872 1449380   2172 811604    0    0  1280     0 1291  372 25  1 74  0  0
 2  0 143872 1449380   2172 811604    0    0  1024    88 1197  213 25  0 75  0  0
 2  0 143872 1449380   2172 811604    0    0  1280     0 1234  300 25  1 74  0  0
 2  0 143872 1449380   2172 811604    0    0  1024     0 1269  261 25  0 74  0  0
 2  0 143872 1449380   2172 811604    0    0  1280     0 1268  321 25  1 74  0  0
 2  0 143872 1449380   2172 811604    0    0  1024     0 1286  284 25  0 75  0  0
 2  0 143872 1449380   2172 811604    0    0  1280    36 1280  370 25  1 74  0  0
 2  0 143872 1449380   2172 811604    0    0  1024     0 1202  218 25  0 75  0  0
 2  0 143872 1449380   2172 811604    0    0  1280     0 1256  319 25  0 74  0  0
 2  0 143872 1449380   2172 811604    0    0  1280     0 1169  190 25  0 75  0  0
 2  0 143872 1449380   2172 811604    0    0  1024     4 1237  299 25  1 74  0  0
 2  0 143872 1449380   2172 811604    0    0  1280   128 1304  243 25  0 74  0  0
 2  0 143872 1449380   2172 811604    0    0  1024     0 1305  373 25  1 74  0  0
procs -----------memory---------- ---swap-- -----io---- -system-- ------cpu-----
 r  b   swpd   free   buff  cache   si   so    bi    bo   in   cs us sy id wa st
 2  0 143872 1449380   2172 811604    0    0  1280   588 1376  290 25  1 74  0  0
 2  0 143872 1449380   2172 811604    0    0  1024     0 1302  347 25  1 74  0  0
 2  0 143872 1449380   2172 811604    0    0  1284  3628 1211  222 25  0 74  0  0
 2  0 143872 1449380   2172 811604    0    0  1024    84 1286  331 25  1 74  0  0
 2  0 143872 1449380   2172 811604    0    0  1280  1832 1400  359 25  0 74  0  0
 2  0 143872 1449380   2172 811604    0    0  1024     0 1290  382 25  1 74  0  0
 2  0 143872 1449380   2172 811604    0    0  1280     0 1183  193 25  0 75  0  0
 2  0 143872 1449380   2172 811604    0    0  1024     0 1333  364 25  1 74  0  0
 2  0 143872 1449380   2172 811604    0    0  1280    88 1275  262 25  1 74  0  0
 2  0 143872 1449380   2172 811604    0    0  1024     0 1305  366 25  1 74  0  0
 2  0 143872 1449380   2172 811604    0    0  1280     0 1211  215 25  0 75  0  0
 2  0 143872 1449380   2172 811604    0    0  1280     0 1288  408 25  1 74  0  0
 2  0 143872 1449380   2172 811604    0    0  1024     0 1243  241 25  0 75  0  0
 2  0 143872 1449380   2172 811604    0    0  1280     0 1316  346 25  1 74  0  0
 2  0 143872 1449380   2172 811604    0    0  1024    76 1261  276 25  0 74  0  0
 3  0 143872 1449380   2172 811604    0    0  1280   116 1272  346 25  1 75  0  0
 2  0 143872 1449380   2172 811604    0    0  1024     0 1234  249 26  0 74  0  0
 2  0 143872 1449380   2172 811604    0    0  1280     0 1440  506 25  1 74  0  0
 2  0 143872 1449380   2172 811604    0    0  1024     0 1184  175 25  0 74  0  0
 2  0 143872 1449380   2172 811604    0    0  1280    60 1348  390 25  1 74  0  0
 2  0 143872 1449380   2172 811604    0    0  1024     0 1171  176 25  1 75  0  0
procs -----------memory---------- ---swap-- -----io---- -system-- ------cpu-----
 r  b   swpd   free   buff  cache   si   so    bi    bo   in   cs us sy id wa st
 2  0 143872 1449380   2172 811604    0    0  1280     0 1265  321 25  0 74  0  0
 2  0 143872 1449380   2172 811604    0    0  1024    44 1262  255 25  1 75  0  0
 2  0 143872 1449380   2172 811604    0    0  1280     0 1261  356 25  1 74  0  0
 2  0 143872 1449380   2172 811604    0    0  1024  1916 1384  362 25  1 74  0  0
 2  0 143872 1449380   2172 811604    0    0  1280     0 1276  329 25  1 74  0  0
 2  0 143872 1449380   2172 811604    0    0  1280     0 1213  212 25  0 75  0  0
 2  0 143872 1449380   2172 811604    0    0  1024     0 1303  334 25  1 74  0  0
 2  0 143872 1449380   2172 811604    0    0  1280     0 1253  233 25  0 75  0  0
 2  0 143872 1449380   2172 811604    0    0  1024   180 1328  394 25  1 74  0  0
 2  0 143872 1449380   2172 811604    0    0  1280     0 1198  195 25  0 75  0  0
 2  0 143872 1449380   2172 811604    0    0  1024   604 1395  371 25  1 74  0  0
 3  0 143872 1449380   2172 811604    0    0  1292  2568 1238  267 25  1 74  1  0
 2  0 143872 1449380   2172 811604    0    0  1024   988 1311  368 25  1 74  0  0
 2  0 143872 1449380   2172 811604    0    0  1280    84 1187  233 25  0 74  0  0
 2  0 143872 1449380   2172 811604    0    0  1024     0 1504  703 25  1 74  0  0
 2  0 143872 1449380   2172 811604    0    0  1280     0 1214  216 25  0 75  0  0
 2  0 143872 1449380   2172 811604    0    0  1024     0 1268  347 25  0 75  0  0
 2  0 143872 1449380   2172 811604    0    0  1280     0 1314  282 25  1 74  0  0
 2  0 143872 1449380   2172 811604    0    0  1024    32 1303  372 26  1 74  0  0
 2  0 143872 1449380   2172 811604    0    0  1280    68 1206  199 25  0 75  0  0
 2  0 143872 1449380   2172 811604    0    0  1280     0 1265  348 25  1 74  0  0
procs -----------memory---------- ---swap-- -----io---- -system-- ------cpu-----
 r  b   swpd   free   buff  cache   si   so    bi    bo   in   cs us sy id wa st
 2  0 143872 1449380   2172 811604    0    0  1024     0 1202  217 25  0 75  0  0
 2  0 143872 1449380   2172 811604    0    0  1280   352 1383  384 25  0 74  0  0
 2  0 143872 1449380   2172 811604    0    0  1024  1932 1410  355 25  1 74  0  0
 2  0 143872 1449380   2172 811604    0    0  1280     0 1295  309 25  1 74  0  0
 2  0 143872 1449380   2172 811604    0    0  1024     0 1275  226 25  1 74  0  0
 2  0 143872 1449380   2172 811604    0    0  1280     0 1327  422 25  1 74  0  0
 2  0 143872 1449380   2172 811604    0    0  1024     0 1246  216 25  0 74  0  0
 2  0 143872 1449380   2172 811604    0    0  1280    84 1386  408 25  1 74  0  0
 2  0 143872 1449380   2172 811604    0    0  1024     0 1210  206 25  1 75  0  0
 2  0 143872 1449380   2172 811604    0    0  1280     0 1220  302 25  1 74  0  0
 2  0 143872 1449380   2172 811604    0    0  1024     0 1177  195 25  0 75  0  0
 2  0 143872 1449380   2172 811604    0    0  1280     0 1244  356 25  1 74  0  0
 2  0 143872 1449380   2172 811604    0    0  1024    84 1306  311 25  1 74  0  0
 2  0 143872 1449380   2172 811604    0    0  1280    32 1269  332 25  0 74  0  0
 2  0 143872 1449380   2172 811604    0    0  1024     0 1174  204 25  1 75  0  0
 2  0 143872 1449380   2172 811604    0    0  1280     0 1245  305 25  1 75  0  0
 2  0 143872 1449380   2172 811604    0    0  1280     4 1261  233 25  1 74  0  0
 2  0 143872 1449380   2172 811604    0    0  1024     0 1285  393 25  1 74  0  0
 2  0 143872 1449380   2172 811604    0    0  1280    36 1301  276 25  0 74  0  0
 2  0 143872 1449380   2172 811604    0    0  1024     0 1275  305 25  1 74  0  0
 2  0 143872 1449380   2172 811604    0    0  1280     0 1211  241 25  0 75  0  0
procs -----------memory---------- ---swap-- -----io---- -system-- ------cpu-----
 r  b   swpd   free   buff  cache   si   so    bi    bo   in   cs us sy id wa st
 2  0 143872 1449380   2172 811604    0    0  1032  3688 1340  456 25  1 73  1  0
 2  0 143872 1449380   2172 811604    0    0  1280  1832 1254  279 25  1 74  0  0
 3  0 143872 1449380   2172 811604    0    0 19012   212 4654 5072 54 10 35  1  0
 3  0 143872 1449380   2172 811604    0    0  1160     0 3490  767 52  3 45  0  0
 7  0 143872 1449380   2172 811604    0    0  1024     0 5148  944 56  3 41  0  0
 2  0 143872 1449380   2172 811604    0    0  1356     8 3477 2042 40  3 58  0  0
 3  0 143872 1449380   2172 811604    0    0  1428   204 3159 2446 43  6 50  0  0
 2  0 143872 1449380   2172 811604    0    0  1024    84 2556 2048 40  6 55  0  0
 2  0 143872 1449380   2172 811604    0    0  1024     0 1409  429 25  1 74  0  0
 2  0 143872 1449380   2172 811604    0    0  1280     0 1247  250 25  0 75  0  0
 2  0 143872 1449380   2172 811604    0    0  1024     0 1344  374 25  1 74  0  0
 2  0 143872 1449380   2172 811604    0    0  1280   628 1322  375 25  0 74  0  0
 2  0 143872 1449380   2172 811604    0    0  1284   796 1588  535 26  1 74  0  0
 2  0 143872 1449380   2172 811604    0    0  1024    44 1276  264 25  1 74  0  0
 4  0 143872 1449380   2172 811604    0    0  1280     0 1318  438 25  1 74  0  0
 2  0 143872 1449380   2172 811604    0    0  1024     0 1244  234 25  0 75  0  0
 2  0 143872 1449380   2172 811604    0    0  6312     0 1636  694 25  1 72  2  0
 2  0 143872 1449380   2172 811604    0    0  2600   140 1855 1425 30  3 68  0  0
 2  0 143872 1449380   2172 811604    0    0  1280     0 1285  323 25  1 74  0  0
 2  0 143872 1449380   2172 811604    0    0  8756    96 2484 2776 34  3 63  1  0
 2  0 143872 1449380   2172 811604    0    0  1024    16 1283  343 25  1 74  0  0
procs -----------memory---------- ---swap-- -----io---- -system-- ------cpu-----
 r  b   swpd   free   buff  cache   si   so    bi    bo   in   cs us sy id wa st
 2  0 143872 1449380   2172 811604    0    0  1280     0 1238  276 25  0 74  0  0
 2  0 143872 1449380   2172 811604    0    0  1436     0 1547  743 26  1 73  0  0
 2  0 143872 1449380   2172 811604    0    0  1280   116 1233  208 25  0 75  0  0
 2  0 143872 1449380   2172 811604    0    0  1032    84 1285  353 25  1 74  0  0
 2  0 143872 1449380   2172 811604    0    0  1280     0 1240  276 25  1 75  0  0
 2  0 143872 1449380   2172 811604    0    0  1024    12 1263  340 25  1 74  0  0
 2  0 143872 1449380   2172 811604    0    0  1280   564 1233  224 26  0 74  0  0
 2  0 143872 1449380   2172 811604    0    0  1024     0 1316  354 25  1 74  0  0
 2  0 143872 1449380   2172 811604    0    0  1280     0 1291  289 25  1 74  0  0
 2  0 143872 1449380   2172 811604    0    0  1280     0 1324  435 25  1 74  0  0
 2  0 143872 1449380   2172 811604    0    0  1040  3496 1238  304 25  0 74  0  0
 2  0 143872 1449380   2172 811604    0    0  1280  1500 1841  663 29  1 70  1  0
 2  0 143872 1449380   2172 811604    0    0  1024    16 1520  482 29  0 71  0  0
 2  0 143872 1449380   2172 811604    0    0  1280   120 1314  389 25  1 74  0  0
 2  0 143872 1449380   2172 811604    0    0  1024     0 1236  220 25  0 75  0  0
 2  0 143872 1449380   2172 811604    0    0  1280     8 1407  427 25  1 74  0  0
 2  0 143872 1449380   2172 811604    0    0  1168   224 1265  304 25  0 74  0  0
 2  0 143872 1449380   2172 811604    0    0  1280     0 1280  330 25  1 74  0  0
 2  0 143872 1449380   2172 811604    0    0  1024    16 1217  216 25  1 75  0  0
 2  0 143872 1449380   2172 811604    0    0  1280     0 1333  397 25  1 74  0  0
 2  0 143872 1449380   2172 811604    0    0  1024     0 1193  216 25  0 75  0  0
procs -----------memory---------- ---swap-- -----io---- -system-- ------cpu-----
 r  b   swpd   free   buff  cache   si   so    bi    bo   in   cs us sy id wa st
 2  0 143872 1449380   2172 811604    0    0  1280 11888 1503  514 25  1 73  1  0
 2  0 143872 1449380   2172 811604    0    0  1024   124 1275  258 25  0 75  0  0
 2  0 143872 1449380   2172 811604    0    0  1288     0 1383  478 25  1 74  0  0
 2  0 143872 1449380   2172 811604    0    0  1024     0 1192  194 25  0 75  0  0
 2  0 143872 1449380   2172 811604    0    0  1280     8 1356  374 25  1 74  0  0
 2  0 143872 1449380   2172 811604    0    0  1024   144 1230  229 25  0 75  0  0
 2  0 143872 1449380   2172 811604    0    0  1280     0 1323  360 25  1 74  0  0
 2  0 143872 1449380   2172 811604    0    0  1024   504 1610  757 26  1 73  0  0
 3  0 143872 1449380   2172 811604    0    0  1280     0 1364  396 26  1 74  0  0
 2  0 143872 1449380   2172 811604    0    0  1280     4 1295  280 25  0 74  0  0
 2  0 143872 1449380   2172 811604    0    0  1024     8 1298  367 25  1 74  0  0
 2  0 143872 1449380   2172 811604    0    0  1280    12 1156  189 25  1 75  0  0
 2  0 143872 1449380   2172 811604    0    0  1024    80 1228  290 25  0 74  0  0
 2  0 143872 1449380   2172 811604    0    0  1280   200 1355  325 25  1 74  0  0
 2  0 143872 1449380   2172 811604    0    0  1024     0 1224  307 25  1 74  0  0
 2  0 143872 1449380   2172 811604    0    0  1280     4 1214  218 25  0 75  0  0
 2  0 143872 1449380   2172 811604    0    0  1024     0 1256  309 25  1 74  0  0
 2  0 143872 1449380   2172 811604    0    0  1280    36 1188  217 25  1 75  0  0
 2  0 143872 1449380   2172 811604    0    0  1024    12 1250  325 25  0 75  0  0
 2  0 143872 1449380   2172 811604    0    0  1280   116 1255  315 25  0 74  0  0
 2  0 143872 1449380   2172 811604    0    0  1024  3616 1327  415 25  1 74  0  0
procs -----------memory---------- ---swap-- -----io---- -system-- ------cpu-----
 r  b   swpd   free   buff  cache   si   so    bi    bo   in   cs us sy id wa st
 2  0 143872 1449380   2172 811604    0    0  1280     0 1217  224 25  0 75  0  0
 2  0 143872 1449380   2172 811604    0    0  1024    96 1258  336 25  1 74  0  0
 2  0 143872 1449380   2172 811604    0    0  1280     0 1290  254 25  1 75  0  0
 2  0 143872 1449380   2172 811604    0    0  1024     0 1247  316 25  1 74  0  0
 2  0 143872 1449380   2172 811604    0    0  1280     8 1199  254 25  0 74  0  0
 2  0 143872 1449380   2172 811604    0    0  1024   204 1271  325 25  1 74  0  0
 2  0 143872 1449380   2172 811604    0    0  1280    48 1180  201 25  0 74  0  0
 2  0 143872 1449380   2172 811604    0    0  1280     0 1264  325 25  1 74  0  0
 2  0 143872 1449380   2172 811604    0    0  1024    16 1266  295 25  1 74  0  0
 2  0 143872 1449380   2172 811604    0    0  1280     0 1248  332 25  0 74  0  0
 2  0 143872 1449380   2172 811604    0    0  1024    36 1234  254 25  0 75  0  0
 5  0 143872 1449380   2172 811604    0    0  1032   124 2871 2911 39  7 54  0  0
 3  0 143872 1449380   2172 811604    0    0  1024     0 3908 2020 52  6 43  0  0
 3  0 143872 1449380   2172 811604    0    0  1024   236 5206  967 54  4 42  0  0
 2  0 143872 1449380   2172 811604    0    0  1024     0 4889 2337 53  4 43  0  0
 3  0 143872 1449380   2172 811604    0    0  1284   652 1954  600 30  3 67  0  0
 3  0 143872 1449380   2172 811604    0    0  1104   152 3943 2879 53  8 39  0  0
 2  0 143872 1449380   2172 811604    0    0  1024   172 1556 2024 26  2 71  1  0
 2  0 143872 1449380   2172 811604    0    0  1280    16 1307  295 25  0 75  0  0
 2  0 143872 1449380   2172 811604    0    0  1024  2328 1323  380 25  0 74  0  0
 2  0 143872 1449380   2172 811604    0    0  1280     0 1223  242 26  0 74  0  0
procs -----------memory---------- ---swap-- -----io---- -system-- ------cpu-----
 r  b   swpd   free   buff  cache   si   so    bi    bo   in   cs us sy id wa st
 2  0 143872 1449380   2172 811604    0    0  1028  5056 1388  436 26  1 74  0  0
 2  0 143872 1449380   2172 811604    0    0  1280     0 1210  242 25  0 75  0  0
 2  0 143872 1449380   2172 811604    0    0  1024     0 1278  353 25  1 74  0  0
 2  0 143872 1449380   2172 811604    0    0  1280     0 1159  174 25  0 75  0  0
 2  0 143872 1449380   2172 811604    0    0  1024     0 1284  351 25  1 74  0  0
 2  0 143872 1449380   2172 811604    0    0  1284  7704 1345  293 25  1 74  0  0
 2  0 143872 1449380   2172 811604    0    0  1024   104 1264  343 25  1 74  0  0
 2  0 143872 1449380   2172 811604    0    0  1280     0 1281  328 25  1 74  0  0
 2  0 143872 1449380   2172 811604    0    0  1024     0 1250  318 25  1 74  0  0
 2  0 143872 1449380   2172 811604    0    0  1280     0 1167  176 25  0 75  0  0
 2  0 143872 1449380   2172 811604    0    0  1024     0 1268  331 25  1 74  0  0
 2  0 143872 1449380   2172 811604    0    0  1280    44 1290  423 25  0 75  0  0
 2  0 143872 1449380   2172 811604    0    0  1024     8 1372  422 26  1 74  0  0
 2  0 143872 1449380   2172 811604    0    0  1280   548 1468  366 25  1 74  0  0
 2  0 143872 1449380   2172 811604    0    0  1024     0 1267  297 25  1 74  0  0
 2  0 143872 1449380   2172 811604    0    0  1280     0 1178  192 25  1 75  0  0
 2  0 143872 1449380   2172 811604    0    0  1280    36 1243  303 25  1 74  0  0
 2  0 143872 1449380   2172 811604    0    0  1024   184 1277  271 25  1 74  0  0
 2  0 143872 1449380   2172 811604    0    0  1280     0 1384  387 25  1 74  0  0
 2  0 143872 1449380   2172 811604    0    0  1024     0 1303  323 25  0 74  0  0
 2  0 143872 1449380   2172 811604    0    0  1280   160 1740  786 29  2 69  0  0
procs -----------memory---------- ---swap-- -----io---- -system-- ------cpu-----
 r  b   swpd   free   buff  cache   si   so    bi    bo   in   cs us sy id wa st
 2  0 143872 1449380   2172 811604    0    0  1024     0 1375  230 29  0 71  0  0
 2  0 143872 1449380   2172 811604    0    0  1280     0 1298  375 25  0 75  0  0
 2  0 143872 1449380   2172 811604    0    0  1024     4 1463  437 26  1 74  0  0
 2  0 143872 1449380   2172 811604    0    0  1280     0 1273  338 25  1 74  0  0
 2  0 143872 1449380   2172 811604    0    0  1024   112 1261  329 25  0 74  0  0
 2  0 143872 1449380   2172 811604    0    0  1280   244 1350  306 25  1 74  0  0
 2  0 143872 1449380   2172 811604    0    0  1024     0 1217  232 25  0 75  0  0
 2  0 143872 1449380   2172 811604    0    0  1280     0 1350  407 25  1 74  0  0
 2  0 143872 1449380   2172 811604    0    0  1024  3676 1290  255 25  1 75  0  0
 2  0 143872 1449380   2172 811604    0    0  1280    84 1267  306 25  1 74  0  0
 2  0 143872 1449380   2172 811604    0    0  1024     0 1161  203 25  0 75  0  0
 2  0 143872 1449380   2172 811604    0    0  1280   364 1351  360 25  1 74  0  0
 2  0 143872 1449380   2172 811604    0    0  1024     0 1289  242 25  0 74  0  0
 2  0 143872 1449380   2172 811604    0    0  1280     0 1345  374 25  1 74  0  0
 2  0 143872 1449380   2172 811604    0    0  1024   516 1286  271 25  0 74  0  0
 2  0 143872 1449380   2172 811604    0    0  1280     0 1330  364 25  1 74  0  0
 2  0 143872 1449380   2172 811604    0    0  1280   200 1312  384 25  1 74  0  0
 2  0 143872 1449380   2172 811604    0    0  1024  1832 1443  411 27  1 72  0  0
 2  0 143872 1449380   2172 811604    0    0  1280     0 1210  221 25  0 75  0  0
 2  0 143872 1449380   2172 811604    0    0  1024     0 1348  393 25  1 74  0  0
 2  0 143872 1449380   2172 811604    0    0  1280     0 1379  310 25  1 74  0  0
procs -----------memory---------- ---swap-- -----io---- -system-- ------cpu-----
 r  b   swpd   free   buff  cache   si   so    bi    bo   in   cs us sy id wa st
 2  0 143872 1449380   2172 811604    0    0  1160   452 1460  547 25  1 74  1  0
 2  0 143872 1449380   2172 811604    0    0  1280     0 1191  230 25  0 75  0  0
 2  0 143872 1449380   2172 811604    0    0  1024     0 1300  344 25  1 74  0  0
 2  0 143872 1449380   2172 811604    0    0  1280     0 1321  302 25  0 75  0  0
 2  0 143872 1449380   2172 811604    0    0  6960   396 1621  697 26  1 71  2  0
 2  0 143872 1449380   2172 811604    0    0  1280     0 1193  221 25  0 74  0  0
 2  0 143872 1449380   2172 811604    0    0  1024     0 1249  330 25  1 74  0  0
 2  0 143872 1449380   2172 811604    0    0  1280     0 1192  234 25  0 74  0  0
 2  0 143872 1449380   2172 811604    0    0  1024     0 1282  341 25  1 74  0  0
 2  0 143872 1449380   2172 811604    0    0  1280    40 1306  309 25  0 74  0  0
 2  0 143872 1449380   2172 811604    0    0  1280     0 1332  358 25  1 74  0  0
 2  0 143872 1449380   2172 811604    0    0  1024     0 1219  216 25  0 75  0  0
 2  0 143872 1449380   2172 811604    0    0  1280     0 1287  331 25  1 74  0  0
 2  0 143872 1449380   2172 811604    0    0  1024     0 1237  282 25  1 75  0  0
 2  0 143872 1449380   2172 811604    0    0  1280    32 1266  335 25  1 74  0  0
 2  0 143872 1449380   2172 811604    0    0  1024     0 1195  210 25  0 75  0  0
 2  0 143872 1449380   2172 811604    0    0  1280  2100 1397  404 25  1 74  0  0
 2  0 143872 1449380   2172 811604    0    0  1024     0 1225  225 25  0 75  0  0
 3  0 143872 1449380   2172 811604    0    0  1280     0 1225  299 25  1 74  0  0
 2  0 143872 1449380   2172 811604    0    0  1024  3896 1234  268 25  0 75  0  0
 2  0 143872 1449380   2172 811604    0    0  1280     0 1314  351 25  1 74  0  0
procs -----------memory---------- ---swap-- -----io---- -system-- ------cpu-----
 r  b   swpd   free   buff  cache   si   so    bi    bo   in   cs us sy id wa st
 2  0 143872 1449380   2172 811604    0    0  1280     0 1321  285 25  0 75  0  0
 2  0 143872 1449380   2172 811604    0    0  1024   300 1400  401 25  1 74  0  0
 2  0 143872 1449380   2172 811604    0    0  1280     0 1227  257 25  0 75  0  0
 2  0 143872 1449380   2172 811604    0    0  1024   220 1305  403 25  1 74  0  0
 2  0 143872 1449380   2172 811604    0    0  1280   112 1244  296 25  0 75  0  0
 2  0 143872 1449380   2172 811604    0    0  1024     0 1283  346 25  1 74  0  0
 2  0 143872 1449380   2172 811604    0    0  1280     0 1167  174 25  0 75  0  0
 2  0 143872 1449380   2172 811604    0    0  1024     0 1303  364 25  1 74  0  0
 2  0 143872 1449380   2172 811604    0    0  1280    44 1188  214 25  0 75  0  0
 2  0 143872 1449380   2172 811604    0    0  1024     0 1514  632 25  1 74  0  0
 2  0 143872 1449380   2172 811604    0    0  1280     0 1187  234 25  0 75  0  0
 2  0 143872 1449380   2172 811604    0    0  1280   288 1361  388 25  1 74  0  0
 2  0 143872 1449380   2172 811604    0    0  1024     0 1196  215 25  1 75  0  0
 2  0 143872 1449380   2172 811604    0    0  1280    76 1252  309 25  1 74  0  0
 2  0 143872 1449380   2172 811604    0    0  1024     0 1251  239 25  0 75  0  0
 2  0 143872 1449380   2172 811604    0    0  1280     0 1292  327 25  1 74  0  0
 2  0 143872 1449380   2172 811604    0    0  1024  1832 1395  386 26  1 74  0  0
 2  0 143872 1449380   2172 811604    0    0  1280     0 1236  311 25  1 74  0  0
 2  0 143872 1449380   2172 811604    0    0  1024    92 1329  311 25  0 74  0  0
 2  0 143872 1449380   2172 811604    0    0  1280     0 1274  333 25  0 74  0  0
 2  0 143872 1449380   2172 811604    0    0  1024     4 1242  233 25  0 75  0  0
procs -----------memory---------- ---swap-- -----io---- -system-- ------cpu-----
 r  b   swpd   free   buff  cache   si   so    bi    bo   in   cs us sy id wa st
 2  0 143872 1449380   2172 811604    0    0  1280     0 1318  349 25  1 74  0  0
 2  0 143872 1449380   2172 811604    0    0  1024     0 1211  256 25  0 75  0  0
 2  0 143872 1449380   2172 811604    0    0  1280    32 1247  310 25  1 74  0  0
 2  0 143872 1449380   2172 811604    0    0  1280     0 1452  367 25  1 74  0  0
 2  0 143872 1449380   2172 811604    0    0  1024     0 1276  323 25  1 74  0  0
 2  0 143872 1449380   2172 811604    0    0  1280   184 1246  252 25  0 74  0  0
 2  0 143872 1449380   2172 811604    0    0  1024     0 1247  294 25  1 74  0  0
 2  0 143872 1449380   2172 811604    0    0  1280     0 1153  218 25  0 75  0  0
 2  0 143872 1449380   2172 811604    0    0  1024  3624 1387  474 25  1 74  0  0
 2  0 143872 1449380   2172 811604    0    0  1280     0 1359  362 25  0 74  0  0
 2  0 143872 1449380   2172 811604    0    0  1024   148 1395  444 25  1 74  0  0
 2  0 143872 1449380   2172 811604    0    0  1280     0 1268  319 25  0 75  0  0
 2  0 143872 1449380   2172 811604    0    0  1024     0 1323  421 25  1 74  0  0
 2  0 143872 1449380   2172 811604    0    0  1280   112 1429  474 25  0 74  0  0
 2  0 143872 1449380   2172 811604    0    0  1024     0 1320  420 25  1 74  0  0
 2  0 143872 1449380   2172 811604    0    0  1280     0 1302  330 25  1 75  0  0
 2  0 143872 1449380   2172 811604    0    0  1280    60 1373  478 25  1 74  0  0
 2  0 143872 1449380   2172 811604    0    0  1024     0 1472  425 26  1 74  0  0
 2  0 143872 1449380   2172 811604    0    0  1280     0 1372  417 25  1 74  0  0
 2  0 143872 1449380   2172 811604    0    0  1024     0 1351  383 25  0 74  0  0
 2  0 143872 1449380   2172 811604    0    0  1280     0 1381  434 25  1 74  0  0
procs -----------memory---------- ---swap-- -----io---- -system-- ------cpu-----
 r  b   swpd   free   buff  cache   si   so    bi    bo   in   cs us sy id wa st
 2  0 143872 1449380   2172 811604    0    0  1024    36 1258  313 25  0 75  0  0
 2  0 143872 1449380   2172 811604    0    0  1280   780 1503  536 25  1 74  0  0
 2  0 143872 1449380   2172 811604    0    0  1024     0 1293  315 25  0 75  0  0
 2  0 143872 1449380   2172 811604    0    0  1280     0 1329  410 25  1 74  0  0
 2  0 143872 1449380   2172 811604    0    0  1024     0 1328  387 25  0 74  0  0
 2  0 143872 1449380   2172 811604    0    0  1280    40 1378  438 25  1 74  0  0
 2  0 143872 1449380   2172 811604    0    0  1028     0 1332  375 25  0 75  0  0
 2  0 143872 1449380   2172 811604    0    0  1280   140 1405  443 25  1 74  0  0
 2  0 143872 1449380   2172 811604    0    0  1024     0 1294  289 25  0 75  0  0
 2  0 143872 1449380   2172 811604    0    0  1280     0 1342  406 25  1 74  0  0
 2  0 143872 1449380   2172 811604    0    0  1024    44 1294  363 25  0 74  0  0
 2  0 143872 1449380   2172 811604    0    0  1280     0 1324  401 25  1 74  0  0
 2  0 143872 1449380   2172 811604    0    0  1280   172 1377  391 25  0 75  0  0
 2  0 143872 1449380   2172 811604    0    0  1024     0 1333  416 25  1 74  0  0
 2  0 143872 1449380   2172 811604    0    0  1280  1832 1319  334 25  1 74  0  0
 2  0 143872 1449380   2172 811604    0    0  1024   168 1345  411 25  1 74  0  0
 2  0 143872 1449380   2172 811604    0    0  1280     0 1360  393 25  0 74  0  0
 2  0 143872 1449380   2172 811604    0    0  1024  3616 1413  451 25  1 74  0  0
 2  0 143872 1449380   2172 811604    0    0  1280     0 1266  286 25  0 75  0  0
 2  0 143872 1449380   2172 811604    0    0  1024     0 1454  480 25  1 74  0  0
 2  0 143872 1449380   2172 811604    0    0  1024    52 2258  506 44  0 55  0  0
procs -----------memory---------- ---swap-- -----io---- -system-- ------cpu-----
 r  b   swpd   free   buff  cache   si   so    bi    bo   in   cs us sy id wa st
 2  0 143872 1449380   2172 811604    0    0  1280   324 1471  531 25  1 74  0  0
 2  0 143872 1449380   2172 811604    0    0  1280     0 1296  381 25  0 75  0  0
 2  0 143872 1449380   2172 811604    0    0  1024   128 1380  463 25  1 74  0  0
 2  0 143872 1449380   2172 811604    0    0  1280     0 1339  326 25  0 75  0  0
 2  0 143872 1449380   2172 811604    0    0  1024    80 1346  447 25  1 74  0  0
 2  0 143872 1449380   2172 811604    0    0  1280    80 1239  276 25  0 75  0  0
 2  0 143872 1449380   2172 811604    0    0  1024     8 1318  424 25  1 74  0  0
 2  0 143872 1449380   2172 811604    0    0  1280     0 1255  324 25  0 75  0  0
 2  0 143872 1449380   2172 811604    0    0  1024     0 1606  776 25  1 74  0  0
 2  0 143872 1449380   2172 811604    0    0  1280     0 1329  342 25  0 75  0  0
 2  0 143872 1449380   2172 811604    0    0  1024    36 1348  432 25  1 74  0  0
 2  0 143872 1449380   2172 811604    0    0  1280     0 1365  349 25  0 75  0  0
 2  0 143872 1449380   2172 811604    0    0  1024     0 1347  432 25  1 74  0  0
 2  0 143872 1449380   2172 811604    0    0  1280     0 1439  419 25  1 74  0  0
 2  0 143872 1449380   2172 811604    0    0  1024     0 1324  439 25  1 74  0  0
 2  0 143872 1449380   2172 811604    0    0  1280    48 1275  315 25  0 74  0  0
 2  0 143872 1449380   2172 811604    0    0  1024     4 1369  422 25  1 74  0  0
 2  0 143872 1449380   2172 811604    0    0  1280     0 1270  290 25  0 75  0  0
 2  0 143872 1449380   2172 811604    0    0  1024     0 1371  461 25  1 74  0  0
 2  0 143872 1449380   2172 811604    0    0  1280     0 1325  397 25  0 74  0  0
 2  0 143872 1449380   2172 811604    0    0  1280    32 1332  402 25  1 74  0  0
procs -----------memory---------- ---swap-- -----io---- -system-- ------cpu-----
 r  b   swpd   free   buff  cache   si   so    bi    bo   in   cs us sy id wa st
 2  0 143872 1449380   2172 811604    0    0  1024     0 1299  332 25  0 74  0  0
 2  0 143872 1449380   2172 811604    0    0  1280     0 1338  412 25  1 74  0  0
 2  0 143872 1449380   2172 811604    0    0  1024     0 1246  288 25  0 75  0  0
 2  0 143872 1449380   2172 811604    0    0  1280     0 1333  408 25  1 74  0  0
 2  0 143872 1449380   2172 811604    0    0  1024    32 1328  393 25  0 74  0  0
 2  0 143872 1449380   2172 811604    0    0  1280     0 1390  469 25  1 74  0  0
 2  0 143872 1449380   2172 811604    0    0  1028  3304 1267  293 25  0 74  0  0
 2  0 143872 1449380   2172 811604    0    0  1280     0 1347  411 25  1 74  0  0
 2  0 143872 1449380   2172 811604    0    0  1024     0 1228  292 25  0 75  0  0
 2  0 143872 1449380   2172 811604    0    0  1280   656 1465  537 25  1 74  0  0
 2  0 143872 1449380   2172 811604    0    0  1024     4 1385  434 25  0 74  0  0
 2  0 143872 1449380   2172 811604    0    0  1280   296 1379  454 25  1 74  0  0
 6  0 143872 1449380   2172 811604    0    0  1028  1832 2531 2259 38  5 57  0  0
 3  0 143872 1449380   2172 811604    0    0  1024   180 4314 2790 54  6 40  0  0
 6  0 143872 1449380   2172 811604    0    0  1024     0 4616  831 54  3 43  0  0
 2  0 143872 1449380   2172 811604    0    0  1024   304 5809 2868 55  4 41  0  0
 3  0 143872 1449380   2172 811604    0    0  1024     8 1765  469 29  2 69  0  0
 3  0 143872 1449380   2172 811604    0    0  1024   136 4183 2533 52  9 40  0  0
 2  0 143872 1449380   2172 811604    0    0  1280   104 1743 2028 28  2 70  1  0
 2  0 143872 1449380   2172 811604    0    0  1024   244 1410  446 25  1 74  0  0
 2  0 143872 1449380   2172 811604    0    0  1280   428 1385  438 26  1 74  0  0
procs -----------memory---------- ---swap-- -----io---- -system-- ------cpu-----
 r  b   swpd   free   buff  cache   si   so    bi    bo   in   cs us sy id wa st
 2  0 143872 1449380   2172 811604    0    0  1024     0 1589  696 26  1 73  0  0
 2  0 143872 1449380   2172 811604    0    0  1280     0 1474  576 26  1 74  0  0
 2  0 143872 1449380   2172 811604    0    0  1024   568 1467  511 26  1 74  0  0
 3  0 143872 1449380   2172 811604    0    0  1280     0 1314  349 25  0 74  0  0
 3  0 143872 1449380   2172 811604    0    0  1024     0 1396  477 25  1 74  0  0
 3  0 143872 1449380   2172 811604    0    0  1280     0 1302  333 25  0 75  0  0
 3  0 143872 1449380   2172 811604    0    0  1024     0 1382  445 25  1 74  0  0
 3  0 143872 1449380   2172 811604    0    0  1280    72 1324  378 25  1 75  0  0
 3  0 143872 1449380   2172 811604    0    0  1024     0 1322  412 25  1 74  0  0
 2  0 143872 1449380   2172 811604    0    0  1280     0 1562  616 26  1 74  0  0
 2  0 143872 1449380   2172 811604    0    0  1024     0 1404  445 25  1 74  0  0
 3  0 143872 1449380   2172 811604    0    0  1280     0 1403  403 25  1 74  0  0
 3  0 143872 1449380   2172 811604    0    0  1024    40 1317  422 25  1 74  0  0
 2  0 143872 1449380   2172 811604    0    0  1280     0 1324  377 25  0 74  0  0
 3  0 143872 1449380   2172 811604    0    0  1024     0 1395  455 25  1 74  0  0
 3  0 143872 1449380   2172 811604    0    0  1280     0 1233  268 25  1 74  0  0
 3  0 143872 1449380   2172 811604    0    0  1284  3296 1418  479 25  1 74  0  0
 3  0 143872 1449380   2172 811604    0    0  1024    60 1307  369 25  1 74  0  0
 3  0 143872 1449380   2172 811604    0    0  1280     0 1381  471 25  1 74  0  0
 4  0 143872 1449380   2172 811604    0    0  1024  5368 1572  611 25  0 73  1  0
 3  0 143872 1449380   2172 811604    0    0  1280     0 1409  466 25  1 74  0  0
procs -----------memory---------- ---swap-- -----io---- -system-- ------cpu-----
 r  b   swpd   free   buff  cache   si   so    bi    bo   in   cs us sy id wa st
 4  0 143872 1449380   2172 811604    0    0  1024   308 1523  482 27  0 72  1  0
 3  0 143872 1449380   2172 811604    0    0  1280    16 1692  566 31  1 69  0  0
 4  0 143872 1449380   2172 811604    0    0  1024     0 1241  311 25  0 75  0  0
 4  0 143872 1449380   2172 811604    0    0  1280     0 1292  393 25  1 74  0  0
 2  0 143872 1449380   2172 811604    0    0  1024  7704 1320  391 25  1 74  0  0
 4  1 143872 1449380   2172 811604    0    0  1280   384 1366  441 25  1 74  0  0
 3  0 143872 1449380   2172 811604    0    0  1024     0 1458  618 25  0 74  0  0
 2  0 143872 1449380   2172 811604    0    0  1280     0 1366  435 25  1 74  0  0
 2  0 143872 1449380   2172 811604    0    0  1024     0 1277  354 25  1 75  0  0
 3  0 143872 1449380   2172 811604    0    0  1280   160 1384  423 25  0 74  0  0
 3  0 143872 1449380   2172 811604    0    0  1024  1832 1364  433 25  1 74  0  0
 2  0 143872 1449380   2172 811604    0    0  1280    96 1370  430 25  1 74  0  0
 3  0 143872 1449380   2172 811604    0    0  1024     0 1304  371 25  0 75  0  0
 2  0 143872 1449380   2172 811604    0    0  1280     0 1360  393 25  1 74  0  0
 3  0 143872 1449380   2172 811604    0    0  1024     0 1260  319 25  1 75  0  0
 2  0 143872 1449380   2172 811604    0    0  1280     0 1335  380 25  1 74  0  0
 3  0 143872 1449380   2172 811604    0    0  1280    32 1303  404 25  1 74  0  0
 2  0 143872 1449380   2172 811604    0    0  1024     0 1371  404 25  1 74  0  0
 3  0 143872 1449380   2172 811604    0    0  1280     0 1654 1006 26  2 72  0  0
 2  0 143872 1449380   2172 811604    0    0  1024     0 1357  414 26  0 74  0  0
 2  0 143872 1449380   2172 811604    0    0  1280     0 1270  340 25  1 75  0  0
procs -----------memory---------- ---swap-- -----io---- -system-- ------cpu-----
 r  b   swpd   free   buff  cache   si   so    bi    bo   in   cs us sy id wa st
 2  0 143872 1449380   2172 811604    0    0  1024   108 1372  401 25  0 74  0  0
 3  0 143872 1449380   2172 811604    0    0  1280     0 1245  376 25  1 74  0  0
 2  0 143872 1449380   2172 811604    0    0  1024     0 1393  418 25  0 74  0  0
 3  0 143872 1449380   2172 811604    0    0  1280     0 1309  347 25  1 75  0  0
 2  0 143872 1449380   2172 811604    0    0  1024     0 1348  367 25  0 74  0  0
 3  0 143872 1449380   2172 811604    0    0  1280  3360 1347  433 25  1 74  0  0
 2  0 143872 1449380   2172 811604    0    0  1024     0 1390  392 25  0 74  0  0
 3  0 143872 1449380   2172 811604    0    0  1280     0 1302  433 25  1 74  0  0
 2  0 143872 1449380   2172 811604    0    0  1024   996 1568  650 25  1 74  0  0
 4  0 143872 1449380   2172 811604    0    0  1280  1832 1355  395 25  1 74  0  0
 3  0 143872 1449380   2172 811604    0    0  1024   132 1360  433 25  0 75  0  0
 3  0 143872 1449380   2172 811604    0    0  1280     0 1462  452 25  1 74  0  0
 2  0 143872 1449380   2172 811604    0    0  1280     0 1310  318 25  0 75  0  0
 3  0 143872 1449380   2172 811604    0    0  1024     0 1293  386 25  0 75  0  0
 2  0 143872 1449380   2172 811604    0    0  1280     0 1304  324 25  0 75  0  0
 3  0 143872 1449380   2172 811604    0    0  1024   328 1399  459 25  1 74  0  0
 2  0 143872 1449380   2172 811604    0    0  1280     0 1310  322 25  0 75  0  0
 3  0 143872 1449380   2172 811604    0    0  1024     0 1523  563 25  1 74  0  0
 2  0 143872 1449380   2172 811604    0    0  1280     0 1325  340 25  0 74  0  0
 3  0 143872 1449380   2172 811604    0    0  1024     0 1325  476 25  1 74  0  0
 2  0 143872 1449380   2172 811604    0    0  1280   316 1409  417 25  1 74  0  0
procs -----------memory---------- ---swap-- -----io---- -system-- ------cpu-----
 r  b   swpd   free   buff  cache   si   so    bi    bo   in   cs us sy id wa st
 3  0 143872 1449380   2172 811604    0    0  1024     0 1328  460 25  1 74  0  0
 3  0 143872 1449380   2172 811604    0    0  1280     0 1612  839 27  1 72  0  0
 3  0 143872 1449380   2172 811604    0    0  1024     0 1551  982 28  2 70  0  0
 2  0 143872 1449380   2172 811604    0    0  1280     0 1406  414 25  0 74  0  0
 5  0 143872 1449380   2172 811604  264    0  5176   296 4810 6673 60 12 28  1  0
 3  0 143872 1449380   2172 811604    0    0  1024     0 3749 1277 53  4 43  0  0
 4  0 143872 1449380   2172 811604    0    0  1024   472 5088 1135 54  4 43  0  0
 2  0 143872 1449380   2172 811604    0    0  1024     0 4570 2469 46  3 51  0  0
 4  0 143872 1449380   2172 811604    0    0  1024     0 2936  799 40  5 55  0  0
 2  0 143872 1449380   2172 811604    0    0  1024   228 3226 3979 43  7 50  0  0
 2  0 143872 1449380   2172 811604    0    0  1280   328 1455  478 25  1 74  0  0
 2  0 143872 1449380   2172 811604    0    0  1024   300 1408  408 25  0 74  0  0
 2  0 143872 1449380   2172 811604    0    0  1280   552 1434  492 26  1 74  0  0
 2  0 143872 1449380   2172 811604    0    0  1024     0 1312  343 25  0 75  0  0
 2  0 143872 1449380   2172 811604    0    0  1284  3240 1510  518 25  1 73  1  0
 2  0 143872 1449380   2172 811604    0    0  1024     0 1338  347 25  0 75  0  0
 2  0 143872 1449380   2172 811604    0    0  1280     0 1401  521 25  1 74  0  0
 2  0 143872 1449380   2172 811604    0    0  1024    84 1374  381 25  1 74  0  0
 2  0 143872 1449380   2172 811604    0    0  1284     4 1351  403 25  0 74  0  0
 2  0 143872 1449380   2172 811604    0    0  1024   568 1332  372 25  1 75  0  0
 2  0 143872 1449380   2172 811604    0    0  1280     0 1481  514 25  1 74  0  0
procs -----------memory---------- ---swap-- -----io---- -system-- ------cpu-----
 r  b   swpd   free   buff  cache   si   so    bi    bo   in   cs us sy id wa st
 2  0 143872 1449380   2172 811604    0    0  1024     0 1299  339 25  0 75  0  0
 2  0 143872 1449380   2172 811604    0    0  1280   152 1440  549 25  1 74  0  0
 2  0 143872 1449380   2172 811604    0    0  1280     0 1352  336 25  1 74  0  0
 2  0 143872 1449380   2172 811604    0    0  1024     0 1320  408 25  1 74  0  0
 2  0 143872 1449380   2172 811604    0    0  1280   324 1417  428 25  0 75  0  0
 2  0 143872 1449380   2172 811604    0    0  1024     0 1497  698 25  1 74  0  0
 2  0 143872 1449380   2172 811604    0    0  1280   252 1307  366 25  0 74  0  0
 2  0 143872 1449380   2172 811604    0    0  1024  1832 1346  451 25  1 74  0  0
 2  0 143872 1449380   2172 811604    0    0  1292  4288 1598  617 26  1 73  1  0
 3  0 143872 1449380   2172 811604    0    0  1024     0 1329  402 25  1 74  0  0
 2  0 143872 1449380   2172 811604    0    0  1280     0 1328  353 25  0 74  0  0
 2  0 143872 1449380   2172 811604    0    0  1024   528 1401  455 25  1 74  0  0
 2  0 143872 1449380   2172 811604    0    0  1280   204 1302  330 25  0 75  0  0
 2  0 143872 1449380   2172 811604    0    0  1024  7880 2068 1030 31  1 68  1  0
 2  0 143872 1449380   2172 811604    0    0  1024  2308 1531  377 29  0 71  0  0
 2  0 143872 1449380   2172 811604    0    0  1280     0 1387  495 25  1 74  0  0
 2  0 143872 1449380   2172 811604    0    0  1280   116 1451  432 25  0 75  0  0
 2  0 143872 1449380   2172 811604    0    0  1024     0 1320  388 25  1 74  0  0
 2  0 143872 1449380   2172 811604    0    0  1280     0 1281  286 25  0 75  0  0
 2  0 143872 1449380   2172 811604    0    0  1024     0 1387  498 25  1 74  0  0
 2  0 143872 1449380   2172 811604    0    0  1280     0 1319  333 25  0 75  0  0
procs -----------memory---------- ---swap-- -----io---- -system-- ------cpu-----
 r  b   swpd   free   buff  cache   si   so    bi    bo   in   cs us sy id wa st
 2  0 143872 1449380   2172 811604    0    0  1024   312 1444  423 25  1 74  0  0
 2  0 143872 1449380   2172 811604    0    0  1280     0 1291  302 25  0 75  0  0
 2  0 143872 1449380   2172 811604    0    0  1024   212 1415  471 25  1 74  0  0
 2  0 143872 1449380   2172 811604    0    0  1280     0 1367  392 25  0 74  0  0
 2  0 143872 1449380   2172 811604    0    0  1024     0 1411  493 25  1 74  0  0
 2  0 143872 1449380   2172 811604    0    0  1280    40 1357  346 25  0 74  0  0
 2  0 143872 1449380   2172 811604    0    0  1024     0 1330  382 25  1 74  0  0
 2  0 143872 1449380   2172 811604    0    0  1280     0 1370  417 25  0 74  0  0
 2  0 143872 1449380   2172 811604    0    0  1024     0 1483  465 25  1 74  0  0
 2  0 143872 1449380   2172 811604    0    0  1280     0 1303  365 25  1 75  0  0
 2  0 143872 1449380   2172 811604    0    0  1024    44 1458  526 25  1 74  0  0
 2  0 143872 1449380   2172 811604    0    0  1280     0 1307  314 25  0 74  0  0
 2  0 143872 1449380   2172 811604    0    0  1024     0 1398  463 25  1 74  0  0
 2  0 143872 1449380   2172 811604    0    0  1280    24 1342  349 25  1 75  0  0
 2  0 143872 1449380   2172 811604    0    0  1280     4 1360  428 25  1 74  0  0
 2  0 143872 1449380   2172 811604    0    0  1024    56 1316  355 25  0 74  0  0
 2  0 143872 1449380   2172 811604    0    0  1280     0 1401  496 25  1 74  0  0
 5  0 143872 1449380   2172 811604    0    0  1028     0 3100 3508 42  8 50  0  0
 3  0 143872 1449380   2172 811604    0    0  1024     0 3971 1742 52  5 43  0  0
 3  0 143872 1449380   2172 811604    0    0  1024     0 5243  979 55  3 42  0  0
 2  0 143872 1449380   2172 811604    0    0   768   100 5313 2594 50  4 45  0  0
procs -----------memory---------- ---swap-- -----io---- -system-- ------cpu-----
 r  b   swpd   free   buff  cache   si   so    bi    bo   in   cs us sy id wa st
 3  0 143872 1449380   2172 811604    0    0  1280     0 1944  443 32  4 65  0  0
 2  0 143872 1449380   2172 811604    0    0  1024   236 4091 4477 52 10 39  0  0
 2  1 143872 1449380   2172 811604    0    0  1032  4240 1437  408 25  0 74  0  0
 2  0 143872 1449380   2172 811604    0    0  1280     0 1423  516 25  1 74  0  0
 2  0 143872 1449380   2172 811604    0    0  1024     0 1324  344 25  0 75  0  0
 2  0 143872 1449380   2172 811604    0    0  1280     0 1553  532 26  1 74  0  0
 2  0 143872 1449380   2172 811604    0    0  1028   592 1412  416 26  1 74  0  0
 2  0 143872 1449380   2172 811604    0    0  1280    20 1397  479 25  1 74  0  0
 2  0 143872 1449380   2172 811604    0    0  1024     8 1350  358 25  0 75  0  0
 2  0 143872 1449380   2172 811604    0    0  1280     0 1364  441 25  1 74  0  0
 2  0 143872 1449380   2172 811604    0    0  1024     0 1318  351 25  0 75  0  0
 2  0 143872 1449380   2172 811604    0    0  1280     0 1400  470 26  1 74  0  0
 2  0 143872 1449380   2172 811604    0    0  1024   832 1557  526 25  1 74  0  0
 2  0 143872 1449380   2172 811604    0    0  1280     0 1447  540 26  1 74  0  0
 2  0 143872 1449380   2172 811604    0    0  1024     0 1259  320 25  0 75  0  0
 2  0 143872 1449380   2172 811604    0    0  1280   216 1383  434 25  1 74  0  0
 2  0 143872 1449380   2172 811604    0    0  1280     0 1275  347 25  0 75  0  0
 2  0 143872 1449380   2172 811604    0    0  1024  4304 1430  476 25  1 74  0  0
 2  0 143872 1449380   2172 811604    0    0  1280     0 1294  344 25  0 75  0  0
 2  0 143872 1449380   2172 811604    0    0  1024     0 1336  454 25  1 74  0  0
 2  0 143872 1449380   2172 811604    0    0  1280     0 1280  326 25  1 75  0  0
procs -----------memory---------- ---swap-- -----io---- -system-- ------cpu-----
 r  b   swpd   free   buff  cache   si   so    bi    bo   in   cs us sy id wa st
 2  0 143872 1449380   2172 811604    0    0  1024     0 1392  476 25  1 74  0  0
 2  0 143872 1449380   2172 811604    0    0  1296  7764 1348  402 25  1 74  1  0
 2  0 143872 1449380   2172 811604    0    0  1024   356 1411  506 25  1 74  0  0
 2  0 143872 1449380   2172 811604    0    0  1280     0 1436  598 25  0 75  0  0
 2  0 143872 1449380   2172 811604    0    0  1024     0 1393  505 25  1 74  0  0
 2  0 143872 1449380   2172 811604    0    0  1280  2104 2150 1055 29  2 69  0  0
 2  0 143872 1449380   2172 811604    0    0  1024     0 1535  473 29  1 71  0  0
 2  0 143872 1449380   2172 811604    0    0  1280     0 1269  334 25  0 75  0  0
 2  0 143872 1449380   2172 811604    0    0  1024   324 1627  667 26  2 73  0  0
 2  0 143872 1449380   2172 811604    0    0  1280     0 1281  306 25  0 75  0  0
 2  0 143872 1449380   2172 811604    0    0  1024    68 1370  502 25  1 74  0  0
 2  0 143872 1449380   2172 811604    0    0  1280   164 1302  303 25  0 75  0  0
 2  0 143872 1449380   2172 811604    0    0  1028  3296 1412  468 25  1 74  0  0
 2  0 143872 1449380   2172 811604    0    0  1280     0 1347  383 25  1 74  0  0
 2  0 143872 1449380   2172 811604    0    0  1024     4 1340  418 25  1 74  0  0
 2  0 143872 1449380   2172 811604    0    0  1280    56 1336  336 25  0 75  0  0
 2  0 143872 1449380   2172 811604    0    0  1024     0 1320  456 25  1 74  0  0
 2  0 143872 1449380   2172 811604    0    0  1280   500 1358  391 25  0 74  0  0
 2  0 143872 1449380   2172 811604    0    0  1024     0 1339  393 25  1 74  0  0
 2  0 143872 1449380   2172 811604    0    0  1280     0 1321  327 25  0 75  0  0
 2  0 143872 1449380   2172 811604    0    0  1024    48 1412  463 25  1 74  0  0
procs -----------memory---------- ---swap-- -----io---- -system-- ------cpu-----
 r  b   swpd   free   buff  cache   si   so    bi    bo   in   cs us sy id wa st
 2  0 143872 1449380   2172 811604    0    0  1280     0 1293  332 25  0 75  0  0
 2  0 143872 1449380   2172 811604    0    0  1280   100 1442  532 25  1 74  0  0
 2  0 143872 1449380   2172 811604    0    0  1024     0 1284  332 25  0 75  0  0
 2  0 143872 1449380   2172 811604    0    0  1280   152 1378  425 25  1 74  0  0
 2  0 143872 1449380   2172 811604    0    0  1024     0 1414  412 25  0 75  0  0
 2  0 143872 1449380   2172 811604    0    0  1280     0 1562  529 25  1 74  0  0
 2  0 143872 1449380   2172 811604    0    0  1024    48 1375  351 25  0 74  0  0
 2  0 143872 1449380   2172 811604    0    0  1280     0 1475  513 25  1 74  0  0
 2  0 143872 1449380   2172 811604    0    0  1024     0 1349  379 25  0 74  0  0
 2  0 143872 1449380   2172 811604    0    0  1280     0 1602  620 26  1 73  0  0
 2  0 143872 1449380   2172 811604    0    0  1024   288 1416  394 25  0 74  0  0
 2  0 143872 1449380   2172 811604    0    0  1280   524 1413  505 25  1 74  0  0
 2  0 143872 1449380   2172 811604    0    0  1024    40 1299  336 25  0 75  0  0
 3  0 143872 1449380   2172 811604    0    0  1280     0 1349  458 26  1 74  0  0
 2  0 143872 1449380   2172 811604    0    0  1024   132 1410  446 25  0 75  0  0
 2  0 143872 1449380   2172 811604    0    0  1280     0 1437  500 25  1 74  0  0
 2  0 143872 1449380   2172 811604    0    0  1024     0 1318  361 25  0 75  0  0
 2  0 143872 1449380   2172 811604    0    0  1280     0 1429  480 25  1 74  0  0
 2  0 143872 1449380   2172 811604    0    0  1280     0 1264  302 25  0 75  0  0
 2  0 143872 1449380   2172 811604    0    0  1024    36 1442  520 25  1 74  0  0
 2  0 143872 1449380   2172 811604    0    0  1280   240 1354  359 25  0 75  0  0
procs -----------memory---------- ---swap-- -----io---- -system-- ------cpu-----
 r  b   swpd   free   buff  cache   si   so    bi    bo   in   cs us sy id wa st
 2  0 143872 1449380   2172 811604    0    0  1024     0 1372  441 25  1 74  0  0
 2  0 143872 1449380   2172 811604    0    0  1288  3360 1368  420 25  0 74  0  0
 2  0 143872 1449380   2172 811604    0    0  1024   212 1378  421 25  1 74  0  0
 2  0 143872 1449380   2172 811604    0    0  1280  1832 1407  385 25  1 74  0  0
 2  0 143872 1449380   2172 811604    0    0  1024   116 1408  469 25  1 74  0  0
 2  0 143872 1449380   2172 811604    0    0  1280     0 1270  320 25  0 75  0  0
 2  0 143872 1449380   2172 811604    0    0  1024     0 1320  415 25  1 74  0  0
 2  0 143872 1449380   2172 811604    0    0  1280   320 1359  367 25  0 75  0  0
 2  0 143872 1449380   2172 811604    0    0  1024     0 1375  441 25  1 74  0  0
 2  0 143872 1449380   2172 811604    0    0  1280     0 1273  353 25  0 75  0  0
 2  0 143872 1449380   2172 811604    0    0  1024     0 1453  555 25  1 74  0  0
 2  0 143872 1449380   2172 811604    0    0  1280   296 1322  366 25  0 75  0  0
 2  0 143872 1449380   2172 811604    0    0  1024    84 1344  431 25  1 74  0  0
 2  0 143872 1449380   2172 811604    0    0  1280   132 1408  404 25  0 74  0  0
 2  0 143872 1449380   2172 811604    0    0  1024     0 1326  391 25  1 74  0  0
 2  0 143872 1449380   2172 811604    0    0  1280     0 1294  368 25  0 75  0  0
 2  0 143872 1449380   2172 811604    0    0  1024     0 1386  462 25  1 74  0  0
 2  0 143872 1449380   2172 811604    0    0  1280    32 1257  317 25  0 75  0  0
 2  0 143872 1449380   2172 811604    0    0  1280     0 1417  461 25  1 74  0  0
 2  0 143872 1449380   2172 811604    0    0  1024     0 1514  451 25  1 74  0  0
 2  0 143872 1449380   2172 811604    0    0  1280     4 1354  430 25  1 74  0  0
procs -----------memory---------- ---swap-- -----io---- -system-- ------cpu-----
 r  b   swpd   free   buff  cache   si   so    bi    bo   in   cs us sy id wa st
 2  0 143872 1449380   2172 811604    0    0  1024     0 1267  320 25  0 75  0  0
 2  0 143872 1449380   2172 811604    0    0  1280    32 1520  717 25  1 74  0  0
 2  0 143872 1449380   2172 811604    0    0  1024  1832 1449  447 25  0 74  0  0
 2  0 143872 1449380   2172 811604    0    0  1280     0 1311  401 25  1 74  0  0
 2  0 143872 1449380   2172 811604    0    0  1024    40 1307  348 25  1 75  0  0
 2  0 143872 1449380   2172 811604    0    0  1280   112 1413  448 25  1 74  0  0
 2  0 143872 1449380   2172 811604    0    0  1032  3032 1402  415 25  1 74  1  0
 2  0 143872 1449380   2172 811604    0    0  1280   620 1554  571 25  1 74  0  0
 2  0 143872 1449380   2172 811604    0    0  1024     0 1271  300 25  1 75  0  0
 2  0 143872 1449380   2172 811604    0    0  1280     0 1395  434 25  1 74  0  0
 2  0 143872 1449380   2172 811604    0    0  1024     0 1310  355 25  0 75  0  0
 2  0 143872 1449380   2172 811604    0    0  1280    40 1312  401 25  1 74  0  0
 2  0 143872 1449380   2172 811604    0    0  1024     0 1283  290 25  0 75  0  0
 2  0 143872 1449380   2172 811604    0    0  1280     0 1345  463 25  1 74  0  0
 2  0 143872 1449380   2172 811604    0    0  1024     0 1268  343 25  0 75  0  0
 2  0 143872 1449380   2172 811604    0    0  1280     0 1335  404 25  1 74  0  0
 2  0 143872 1449380   2172 811604    0    0  1024     0 1275  302 25  0 75  0  0
 2  0 143872 1449380   2172 811604    0    0  1280    32 1418  489 25  1 74  0  0
 2  0 143872 1449380   2172 811604    0    0  1280     0 1367  374 25  1 74  0  0
 2  0 143872 1449380   2172 811604    0    0  1024     0 1506  571 26  1 74  0  0
 2  0 143872 1449380   2172 811604    0    0  1280    24 1330  363 25  1 75  0  0
procs -----------memory---------- ---swap-- -----io---- -system-- ------cpu-----
 r  b   swpd   free   buff  cache   si   so    bi    bo   in   cs us sy id wa st
 2  0 143872 1449380   2172 811604    0    0  1024     0 1308  389 25  1 74  0  0
 2  0 143872 1449380   2172 811604    0    0  1280  1872 1344  389 25  1 74  0  0
 3  0 143872 1449380   2172 811604    0    0   776   164 3886 4606 49  9 42  0  0
 3  0 143872 1449380   2172 811604    0    0  1024     0 3922 1062 53  3 44  0  0
 3  0 143872 1449380   2172 811604    0    0  1280     0 4708  980 54  3 43  0  0
 2  0 143872 1449380   2172 811604    0    0  1024   280 4409 2257 45  2 53  0  0
 3  0 143872 1449380   2172 811604    0    0  1024   156 3132  811 42  5 54  0  0
 2  0 143872 1449380   2172 811604    0  816  1024  1048 3033 3932 42  7 51  0  0
 2  0 143872 1449380   2172 811604    0    0  1024     0 1393  430 25  1 74  0  0
 3  0 143872 1449380   2172 811604    0    0  1280     0 1364  411 25  1 74  0  0
 2  0 143872 1449380   2172 811604    0    0  1024     0 1402  513 25  1 74  0  0
 2  0 143872 1449380   2172 811604    0    0  1284  2984 1328  337 25  0 74  0  0
 2  0 143872 1449380   2172 811604    0    0  1280   600 1463  536 26  1 74  0  0
 2  0 143872 1449380   2172 811604    0    0  1024     0 1242  310 25  0 75  0  0
 2  0 143872 1449380   2172 811604    0    0  1280    28 1290  400 25  1 75  0  0
 2  0 143872 1449380   2172 811604    0    0  1024   360 1382  390 25  0 74  0  0
 2  0 143872 1449380   2172 811604    0    0  1280    12 1437  521 25  1 74  0  0
 2  0 143872 1449380   2172 811604    0    0  1024   108 1278  348 25  0 75  0  0
 2  0 143872 1449380   2172 811604    0    0  1280     0 1444  515 25  1 74  0  0
 2  0 143872 1449380   2172 811604    0    0  1024     0 1335  361 25  1 74  0  0
 2  0 143872 1449380   2172 811604    0    0  1280     0 1315  402 25  1 74  0  0
procs -----------memory---------- ---swap-- -----io---- -system-- ------cpu-----
 r  b   swpd   free   buff  cache   si   so    bi    bo   in   cs us sy id wa st
 2  0 143872 1449380   2172 811604    0    0  1024     0 1283  334 25  0 75  0  0
 2  0 143872 1449380   2172 811604    0    0  1280    44 1416  529 25  1 74  0  0
 2  0 143872 1449380   2172 811604    0    0  1024     0 1312  367 25  0 75  0  0
 2  0 143872 1449380   2172 811604    0    0  1280     0 1286  393 25  1 75  0  0
 2  0 143872 1449380   2172 811604    0    0  1024     0 1251  318 25  0 75  0  0
 2  0 143872 1449380   2172 811604    0    0  1280     8 1399  473 25  1 74  0  0
 2  0 143872 1449380   2172 811604    0    0  1024    36 1321  393 25  0 74  0  0
 2  0 143872 1449380   2172 811604    0    0  1280     0 1353  509 25  1 74  0  0
 2  0 143872 1449380   2172 811604    0    0  1024     0 1271  336 25  0 75  0  0
 2  0 143872 1449380   2172 811604    0    0  1288     0 1555  649 26  1 74  0  0
 2  0 143872 1449380   2172 811604    0    0  1024     0 1314  360 25  1 75  0  0
 2  0 143872 1449380   2172 811604    0    0  1280  2740 1869  712 29  1 70  1  0
 2  0 143872 1449380   2172 811604    0    0  1024     0 1439  342 29  0 71  0  0
 2  0 143872 1449380   2172 811604    0    0  1280     0 1357  479 25  1 74  0  0
 2  0 143872 1449380   2172 811604    0    0  1024    16 1283  308 25  0 75  0  0
 2  0 143872 1449380   2172 811604    0    0  1280   600 1477  528 25  1 74  0  0
 2  0 143872 1449380   2172 811604    0    0  1280   288 1297  333 25  0 74  0  0
 2  0 143872 1449380   2172 811604    0    0  1024     0 1623  577 25  1 74  0  0
 2  0 143872 1449380   2172 811604    0    0  1280     0 1278  303 25  0 75  0  0
 2  0 143872 1449380   2172 811604    0    0  1060 11800 1443  523 25  1 72  2  0
 2  0 143872 1449380   2172 811604    0    0  1280     0 1349  393 25  0 74  0  0
procs -----------memory---------- ---swap-- -----io---- -system-- ------cpu-----
 r  b   swpd   free   buff  cache   si   so    bi    bo   in   cs us sy id wa st
 2  0 143872 1449380   2172 811604    0    0  1024  1964 1617  800 25  1 74  0  0
 3  0 143872 1449380   2172 811604    0    0  1280     0 1311  361 25  0 75  0  0
 2  0 143872 1449380   2172 811604    0    0  1024     0 1354  422 25  1 74  0  0
 2  0 143872 1449380   2172 811604    0    0  1280   296 1275  325 25  0 75  0  0
 2  0 143872 1449380   2172 811604    0    0  1024     0 1476  518 25  1 74  0  0
 2  0 143872 1449380   2172 811604    0    0  1280    68 1294  336 25  0 75  0  0
 2  0 143872 1449380   2172 811604    0    0  1024     0 1393  455 25  1 74  0  0
 2  0 143872 1449380   2172 811604    0    0  1280     0 1386  391 25  1 74  0  0
 2  0 143872 1449380   2172 811604    0    0  1024     0 1294  395 25  0 74  0  0
 2  0 143872 1449380   2172 811604    0    0  1280     0 1284  323 25  0 75  0  0
 3  0 143872 1449380   2172 811604    0    0  1024    36 1379  497 25  1 74  0  0
 2  0 143872 1449380   2172 811604    0    0  1280     0 1244  314 25  0 75  0  0
 2  0 143872 1449380   2172 811604    0    0  1024     0 1363  437 25  1 74  0  0
 2  0 143872 1449380   2172 811604    0    0  1024     0 2199  492 44  1 55  0  0
 2  0 143872 1449380   2172 811604    0    0  1280     0 1339  440 25  1 74  0  0
 2  0 143872 1449380   2172 811604    0    0  1280    36 1317  367 25  0 74  0  0
 2  0 143872 1449380   2172 811604    0    0  1024     0 1370  515 25  1 74  0  0
 2  0 143872 1449380   2172 811604    0    0  1280     0 1290  332 25  1 75  0  0
 2  0 143872 1449380   2172 811604    0    0  1024     0 1645  993 26  2 72  0  0
 2  0 143872 1449380   2172 811604    0    0  1280    12 1327  399 25  1 74  0  0
 2  0 143872 1449380   2172 811604    0    0  1024  1948 1565  553 25  1 74  0  0
procs -----------memory---------- ---swap-- -----io---- -system-- ------cpu-----
 r  b   swpd   free   buff  cache   si   so    bi    bo   in   cs us sy id wa st
 2  0 143872 1449380   2172 811604    0    0  1280  3624 1365  366 25  0 75  0  0
 2  0 143872 1449380   2172 811604    0    0  1024     0 1314  434 25  1 74  0  0
 2  0 143872 1449380   2172 811604    0    0  1280     0 1266  300 25  0 75  0  0
 2  0 143872 1449380   2172 811604    0    0  1024     0 1338  429 25  1 74  0  0
 2  0 143872 1449380   2172 811604    0    0  1280     4 1334  334 25  0 74  0  0
 2  0 143872 1449380   2172 811604    0    0  1024   832 1521  574 25  1 74  0  0
 2  0 143872 1449380   2172 811604    0    0  1280     0 1391  406 25  0 74  0  0
 2  0 143872 1449380   2172 811604    0    0  1024     0 1361  452 25  1 74  0  0
 2  0 143872 1449380   2172 811604    0    0  1280     0 1290  305 25  0 75  0  0
 2  0 143872 1449380   2172 811604    0    0  1024     0 1365  447 25  1 74  0  0
 2  0 143872 1449380   2172 811604    0    0  1280   188 1323  341 25  0 75  0  0
 2  0 143872 1449380   2172 811604    0    0  1024     0 1342  415 25  1 74  0  0
 2  0 143872 1449380   2172 811604    0    0  1280     0 1360  371 25  1 75  0  0
 2  0 143872 1449380   2172 811604    0    0  1024   332 1393  534 25  0 75  0  0
 2  0 143872 1449380   2172 811604    0    0  1280     0 1344  343 25  0 74  0  0
 2  0 143872 1449380   2172 811604    0    0  1024    92 1350  494 25  1 74  0  0
 2  0 143872 1449380   2172 811604    0    0  1280     0 1438  380 25  0 74  0  0
 2  0 143872 1449380   2172 811604    0    0  1024     0 1386  437 25  1 74  0  0
 2  0 143872 1449380   2172 811604    0    0  1280     0 1275  305 25  0 75  0  0
 2  0 143872 1449380   2172 811604    0    0  1024  1832 1405  493 25  1 74  0  0
 2  0 143872 1449380   2172 811604    0    0  1280   100 1317  330 25  0 75  0  0
procs -----------memory---------- ---swap-- -----io---- -system-- ------cpu-----
 r  b   swpd   free   buff  cache   si   so    bi    bo   in   cs us sy id wa st
 2  0 143872 1449380   2172 811604    0    0  1024     0 1310  390 25  1 74  0  0
 2  0 143872 1449380   2172 811604    0    0  1280     0 1391  397 25  0 74  0  0
 2  0 143872 1449380   2172 811604    0    0  1024     0 1352  427 25  1 74  0  0
 2  0 143872 1449380   2172 811604    0    0  1280     0 1272  340 25  0 75  0  0
 2  0 143872 1449380   2172 811604    0    0  1024    36 1410  549 25  1 74  0  0
 2  0 143872 1449380   2172 811604    0    0  1280     0 1318  342 25  1 74  0  0
 2  0 143872 1449380   2172 811604    0    0  1280   100 1397  482 25  1 74  0  0
 2  0 143872 1449380   2172 811604    0    0  1024     0 1250  322 25  1 74  0  0
 2  0 143872 1449380   2172 811604    0    0  1280     0 1320  417 25  1 74  0  0
 2  0 143872 1449380   2172 811604    0    0  1024     0 1360  376 25  0 75  0  0
 2  0 143872 1449380   2172 811604    0    0  1292  3688 1360  478 25  1 74  0  0
 2  0 143872 1449380   2172 811604    0    0  1024    60 1261  315 25  0 75  0  0
 2  0 143872 1449380   2172 811604    0    0  1280     0 1360  426 25  1 74  0  0
 2  0 143872 1449380   2172 811604    0    0  1024     0 1243  302 25  0 75  0  0
 2  0 143872 1449380   2172 811604    0    0  1280     0 1322  427 25  1 74  0  0
 2  0 143872 1449380   2172 811604    0    0  1024   444 1410  391 25  1 74  0  0
 2  0 143872 1449380   2172 811604    0    0  1280    24 1304  450 25  1 74  0  0
 2  0 143872 1449380   2172 811604    0    0  1024   184 1296  351 25  0 74  0  0
 2  0 143872 1449380   2172 811604    0    0  1280  1832 1352  422 25  1 74  0  0
 2  0 143872 1449380   2172 811604    0    0  1024     0 1492  630 25  0 75  0  0
 2  0 143872 1449380   2172 811604    0    0  1280    68 1340  411 25  1 74  0  0
procs -----------memory---------- ---swap-- -----io---- -system-- ------cpu-----
 r  b   swpd   free   buff  cache   si   so    bi    bo   in   cs us sy id wa st
 2  0 143872 1449380   2172 811604    0    0  1024     0 1381  370 25  1 74  0  0
 2  0 143872 1449380   2172 811604    0    0  1280   124 1432  515 25  1 74  0  0
 2  0 143872 1449380   2172 811604    0    0  1024     0 1376  356 25  1 75  0  0
 2  0 143872 1449380   2172 811604    0    0  1280     0 1394  445 25  1 74  0  0
 2  0 143872 1449380   2172 811604    0    0  1024     0 1694  465 27  1 73  0  0
 2  0 143872 1449380   2172 811604    0    0  1284    36 1400  422 25  1 74  0  0
 2  0 143872 1449380   2172 811604    0    0  1024    68 1308  334 25  0 74  0  0
 2  0 143872 1449380   2172 811604    0    0  1280    92 1409  475 25  1 74  0  0
 2  0 143872 1449380   2172 811604    0    0  1024     0 1315  334 25  1 74  0  0
 2  0 143872 1449380   2172 811604    0    0  1280     0 1343  390 25  1 74  0  0
 2  0 143872 1449380   2172 811604    0    0  1024     0 1360  350 25  1 74  0  0
 2  0 143872 1449380   2172 811604    0    0  1280    36 1318  420 25  1 74  0  0
 2  0 143872 1449380   2172 811604    0    0  1024     0 1283  316 25  0 74  0  0
 2  0 143872 1449380   2172 811604    0    0  1280     0 1379  498 25  1 74  0  0
 2  0 143872 1449380   2172 811604    0    0  1280     0 1248  309 25  0 75  0  0
 2  0 143872 1449380   2172 811604    0    0  1024     0 1386  445 25  1 74  0  0
 2  0 143872 1449380   2172 811604    0    0  1280    36 1384  412 25  1 74  0  0
 2  0 143872 1449380   2172 811604    0    0  1024     0 1392  446 25  1 74  0  0
 2  0 143872 1449380   2172 811604    0    0  1280  1832 1355  404 25  1 74  0  0
 2  0 143872 1449380   2172 811604    0    0  1024     0 1346  445 25  1 74  0  0
 2  0 143872 1449380   2172 811604    0    0  1280  3628 1301  356 25  1 74  0  0
procs -----------memory---------- ---swap-- -----io---- -system-- ------cpu-----
 r  b   swpd   free   buff  cache   si   so    bi    bo   in   cs us sy id wa st
 2  0 143872 1449380   2172 811604    0    0  1024   120 1420  479 26  1 74  0  0
 2  0 143872 1449380   2172 811604    0    0  1280     0 1276  344 25  0 75  0  0
 2  0 143872 1449380   2172 811604    0    0  1024     0 1299  425 25  1 74  0  0
 2  0 143872 1449380   2172 811604    0    0  1280     0 1383  417 26  1 74  0  0
 2  0 143872 1449380   2172 811604    0    0  1024     0 1401  451 25  1 74  0  0
 2  0 143872 1449380   2172 811604    0    0  1280   756 1425  381 25  0 74  0  0
 2  0 143872 1449380   2172 811604    0    0  1024     0 1417  537 25  1 74  0  0
 2  0 143872 1449380   2172 811604    0    0  1288     0 1792 1540 30  3 68  0  0
 2  0 143872 1449380   2172 811604    0    0  1024     0 1320  330 25  0 75  0  0
 4  0 143872 1449380   2172 811604    0    0  1056   160 3469 3648 46  8 46  0  0
 3  0 143872 1449380   2172 811604    0    0  3604    96 4673 4624 65  7 28  0  0
 3  0 143872 1449380   2172 811604    0  464  1024   692 5067 1049 54  5 41  0  0
 2  0 143872 1449380   2172 811604    0 1248  1024  1248 5053 2607 53  4 43  0  0
 3  0 143872 1449380   2172 811604    0 2992  1024  2992 2073  887 31  4 65  0  0
 3  0 143872 1449380   2172 811604    0 1020  1024  1196 4033 2517 52  8 40  0  0
 2  0 143872 1449380   2172 811604    0    0  1024   128 1543 2042 26  2 72  0  0
 2  0 143872 1449380   2172 811604    0    0  1280     0 1347  364 25  0 74  0  0
 2  0 143872 1449380   2172 811604    0    0  1024  1504 1649  610 26  1 74  0  0
 2  0 143872 1449380   2172 811604    0    0  1280     0 1330  338 25  0 74  0  0
 2  0 143872 1449380   2172 811604    0    0  1024     0 1344  452 25  1 74  0  0
 2  0 143872 1449380   2172 811604    0    0  1280     0 1295  336 25  0 74  0  0
procs -----------memory---------- ---swap-- -----io---- -system-- ------cpu-----
 r  b   swpd   free   buff  cache   si   so    bi    bo   in   cs us sy id wa st
 2  0 143872 1449380   2172 811604    0    0  1024     0 1384  478 25  1 74  0  0
 2  0 143872 1449380   2172 811604    0    0  1280     0 1373  400 25  1 74  0  0
 2  0 143872 1449380   2172 811604    0    0  1280    68 1353  464 25  1 74  0  0
 2  0 143872 1449380   2172 811604    0    0  1024     0 1249  270 25  0 75  0  0
 2  0 143872 1449380   2172 811604    0    0  1280     0 1322  432 25  1 74  0  0
 2  0 143872 1449380   2172 811604    0    0  1024     0 1327  355 25  0 74  0  0
 2  0 143872 1449380   2172 811604    0    0  1280    84 1392  473 25  1 74  0  0
 2  0 143872 1449380   2172 811604    0    0  1024    68 1269  348 25  1 74  0  0
 2  0 143872 1449380   2172 811604    0    0  1280     0 1359  448 25  1 74  0  0
 2  0 143872 1449380   2172 811604    0    0  1032  3568 1301  359 25  0 74  0  0
 2  0 143872 1449380   2172 811604    0    0  1280     0 1377  456 25  1 74  0  0
 2  0 143872 1449380   2172 811604    0    0  1024     0 1305  343 25  0 75  0  0
 2  0 143872 1449380   2172 811604    0    0  1280  4468 1442  502 25  1 74  1  0
 2  0 143872 1449380   2172 811604    0    0  1024     0 1318  360 25  0 75  0  0
 2  0 143872 1449380   2172 811604    0    0  1288     0 1464  598 26  1 74  0  0
 2  0 143872 1449380   2172 811604    0    0  1024     0 1293  312 25  0 75  0  0
 2  0 143872 1449380   2172 811604    0    0  1280   108 1385  495 25  1 74  0  0
 2  0 143872 1449380   2172 811604    0    0  1028  7704 1310  336 25  0 74  1  0
 2  0 143872 1449380   2172 811604    0    0  1280   180 1790  835 29  1 70  0  0
 2  0 143872 1449380   2172 811604    0    0  1024    92 2142  980 31  1 68  0  0
 2  0 143872 1449380   2172 811604    0    0  1284     8 1344  420 25  1 74  0  0
procs -----------memory---------- ---swap-- -----io---- -system-- ------cpu-----
 r  b   swpd   free   buff  cache   si   so    bi    bo   in   cs us sy id wa st
 2  0 143872 1449380   2172 811604    0    0  1024     0 1359  373 25  0 74  0  0
 2  0 143872 1449380   2172 811604    0    0  1280     0 1407  459 25  1 74  0  0
 2  0 143872 1449380   2172 811604    0    0  1024     8 1295  309 25  0 75  0  0
 2  0 143872 1449380   2172 811604    0    0  1280   356 1479  487 25  1 74  0  0
 2  0 143872 1449380   2172 811604    0    0  1024     0 1341  363 25  1 74  0  0
 2  0 143872 1449380   2172 811604    0    0  1280   464 1483  464 25  1 74  0  0
 3  0 143872 1449380   2172 811604    0    0  1024     0 1412  404 25  1 74  0  0
 2  0 143872 1449380   2172 811604    0    0  1284     8 1412  420 25  1 74  0  0
 2  0 143872 1449380   2172 811604    0    0  1024    60 1319  337 25  0 75  0  0
 2  0 143872 1449380   2172 811604    0    0  1280    36 1362  432 25  0 74  0  0
 2  0 143872 1449380   2172 811604    0    0  1024     0 1346  399 25  1 74  0  0
 2  0 143872 1449380   2172 811604    0    0  1280     0 1303  410 25  1 74  0  0
 2  0 143872 1449380   2172 811604    0    0  1024     0 1365  349 25  0 74  0  0
 2  0 143872 1449380   2172 811604    0    0  1280    60 1411  477 25  1 74  0  0
 2  0 143872 1449380   2172 811604    0    0  1024     0 1461  394 25  1 74  0  0
 2  0 143872 1449380   2172 811604    0    0  1280     0 1398  428 25  1 74  0  0
 2  0 143872 1449380   2172 811604    0    0  1024     0 1340  368 25  1 75  0  0
 2  0 143872 1449380   2172 811604    0    0  1280     0 1355  414 25  1 74  0  0
 2  0 143872 1449380   2172 811604    0    0  1280    32 1406  388 25  1 74  0  0
 2  0 143872 1449380   2172 811604    0    0  1024  3560 1596  545 25  1 74  0  0
 2  0 143872 1449380   2172 811604    0    0  1280     0 1371  366 25  0 74  0  0
procs -----------memory---------- ---swap-- -----io---- -system-- ------cpu-----
 r  b   swpd   free   buff  cache   si   so    bi    bo   in   cs us sy id wa st
 2  0 143872 1449380   2172 811604    0    0  1024     4 1337  430 25  1 74  0  0
 2  0 143872 1449380   2172 811604    0    0  1280     0 1315  375 25  1 74  0  0
 3  0 143872 1449380   2172 811604    0    0  1172   128 3232 3726 42  8 50  0  0
 3  0 143872 1449380   2172 811604    0    0  1024     0 3945 1591 52  5 43  0  0
 3  0 143872 1449380   2172 811604    0    0  1024     0 5774 1080 54  4 42  0  0
 3  0 143872 1449380   2172 811604    0    0  1024   528 4447 2326 49  3 47  0  0
 5  0 143872 1449380   2172 811604    0 2728  1024  2728 2220  649 33  5 62  0  0
 2  0 143872 1449380   2172 811604    0    0  1024   264 4224 4411 51  9 40  0  0
 2  0 143872 1449380   2172 811604    0    0  1024    88 1462  620 25  1 74  0  0
