procs -----------memory---------- ---swap-- -----io---- -system-- ------cpu-----
 r  b   swpd   free   buff  cache   si   so    bi    bo   in   cs us sy id wa st
 1  1  71680 1507180   1832 845600    1   21  1087   297  582  677 14  5 81  1  0
 2  0  71680 1507180   1832 845600    0    0 17144     0 1755  660 21  2 74  2  0
 2  0  71680 1507180   1832 845600    0    0  1280     0 1299  433 25  1 74  0  0
 2  0  71680 1507180   1832 845600    0    0  1280     0 1226  235 25  0 75  0  0
 2  0  71680 1507180   1832 845600    0    0  1336     0 1351  454 25  1 74  0  0
 2  0  71680 1507180   1832 845600    0    0  1280    72 1260  269 25  1 74  0  0
 2  0  71680 1507180   1832 845600    0    0  3988   916 1453  496 25  1 73  1  0
 2  0  71680 1507180   1832 845600    0    0  1024     0 1324  386 25  1 75  0  0
 2  0  71680 1507180   1832 845600    0    0  1280     0 1280  404 25  1 74  0  0
 2  0  71680 1507180   1832 845600    0    0  1024     0 1268  291 25  1 74  0  0
 2  0  71680 1507180   1832 845600    0    0  1280    52 1245  298 25  1 74  0  0
 2  0  71680 1507180   1832 845600    0    0  1024     0 1175  184 25  0 75  0  0
 2  0  71680 1507180   1832 845600    0    0  1280     0 1329  390 25  1 74  0  0
 7  0  71680 1507180   1832 845600    0    0  6136     0 1734 1167 29  3 69  0  0
 3  0  71680 1507180   1832 845600    0    0 14656   132 4542 4407 54  8 37  1  0
 3  0  71680 1507180   1832 845600    0    0  1308     0 4273  775 54  3 43  0  0
 4  0  71680 1507180   1832 845600    0    0  1644     0 5128 1195 55  3 42  0  0
 2  0  71680 1507180   1832 845600    0    0  1028  1240 2828 1782 35  2 64  0  0
 3  0  71680 1507180   1832 845600    0    0  7140   164 3752 2820 46  9 43  2  0
 2  0  71680 1507180   1832 845600    0    0  2880   336 2865 3287 42  6 53  0  0
 2  0  71680 1507180   1832 845600    0    0  1280     0 1279  380 25  1 74  0  0
procs -----------memory---------- ---swap-- -----io---- -system-- ------cpu-----
 r  b   swpd   free   buff  cache   si   so    bi    bo   in   cs us sy id wa st
 7  1  71680 1507180   1832 845600    0    0  1304     0 1409  664 26  1 73  0  0
 2  0  71680 1507180   1832 845600    0    0 12312   188 2841 3134 36  4 59  1  0
 2  0  71680 1507180   1832 845600    0    0  1432     0 1300  506 26  1 74  0  0
 2  0  71680 1507180   1832 845600    0    0  1420   552 1490  529 26  1 73  0  0
 2  0  71680 1507180   1832 845600    0    0  1024     0 1323  497 26  1 74  0  0
 2  0  71680 1507180   1832 845600    0    0  1280     0 1250  357 25  1 74  0  0
 2  0  71680 1507180   1832 845600    0    0  1028     8 1200  201 25  1 75  0  0
 2  0  71680 1507180   1832 845600    0    0  1280     0 1257  307 25  1 74  0  0
 2  0  71680 1507180   1832 845600    0    0  1024    72 1283  292 25  0 75  0  0
 2  0  71680 1507180   1832 845600    0    0  1280     0 1245  292 25  1 74  0  0
 2  0  71680 1507180   1832 845600    0    0  1024   904 1435  356 25  0 74  0  0
 2  0  71680 1507180   1832 845600    0    0  1412  2036 1404  493 25  1 74  0  0
 2  0  71680 1507180   1832 845600    0    0  1024     0 1212  224 25  0 75  0  0
 2  0  71680 1507180   1832 845600    0    0  1280     0 1381  439 25  1 74  0  0
 2  0  71680 1507180   1832 845600    0    0  1024     0 1215  244 25  0 75  0  0
 2  0  71680 1507180   1832 845600    0    0  1280     0 1254  303 25  1 74  0  0
 2  0  71680 1507180   1832 845600    0    0  1312   576 1727  985 26  1 72  1  0
 2  0  71680 1507180   1832 845600    0    0  1280     0 1304  384 25  1 74  0  0
 2  0  71680 1507180   1832 845600    0    0  1292   712 1263  265 25  0 75  0  0
 2  0  71680 1507180   1832 845600    0    0  1024     0 1243  307 25  1 74  0  0
 2  0  71680 1507180   1832 845600    0    0  1280     0 1177  183 25  0 75  0  0
procs -----------memory---------- ---swap-- -----io---- -system-- ------cpu-----
 r  b   swpd   free   buff  cache   si   so    bi    bo   in   cs us sy id wa st
 2  0  71680 1507180   1832 845600    0    0  1024    56 1248  323 25  1 74  0  0
 2  0  71680 1507180   1832 845600    0    0  1280   120 1301  331 25  0 74  0  0
 3  0  71680 1507180   1832 845600    0    0  1156   108 1732  651 31  1 68  0  0
 2  0  71680 1507180   1832 845600    0    0  1280     0 1301  258 27  0 73  0  0
 2  0  71680 1507180   1832 845600    0    0  1024     4 1301  356 25  1 74  0  0
 2  0  71680 1507180   1832 845600    0    0  1560  1012 1450  477 26  1 73  0  0
 2  0  71680 1507180   1832 845600    0    0  1024     0 1260  323 25  0 75  0  0
 2  0  71680 1507180   1832 845600    0    0  1288 11816 1242  255 25  1 74  1  0
 2  0  71680 1507180   1832 845600    0    0  1024     0 1262  360 25  1 74  0  0
 2  0  71680 1507180   1832 845600    0    0  1280     8 1253  248 25  0 75  0  0
 2  0  71680 1507180   1832 845600    0    0  1024   164 1572  595 27  1 72  0  0
 2  0  71680 1507180   1832 845600    0    0  1280     0 1198  210 25  0 75  0  0
 2  0  71680 1507180   1832 845600    0    0  1028    52 1299  372 25  1 74  0  0
 2  0  71680 1507180   1832 845600    0    0  1280     0 1338  467 25  0 74  0  0
 2  0  71680 1507180   1832 845600    0    0  1024     0 1267  366 25  1 74  0  0
 2  0  71680 1507180   1832 845600    0    0  1280    64 1208  205 25  0 75  0  0
 2  0  71680 1507180   1832 845600    0    0  1024     0 1270  328 25  1 74  0  0
 2  0  71680 1507180   1832 845600    0    0  1280     0 1265  261 25  0 75  0  0
 2  0  71680 1507180   1832 845600    0    0  1024     0 1349  375 25  1 74  0  0
 2  0  71680 1507180   1832 845600    0    0  1280     0 1168  186 25  0 75  0  0
 2  0  71680 1507180   1832 845600    0    0  1280   480 1355  442 25  1 74  0  0
procs -----------memory---------- ---swap-- -----io---- -system-- ------cpu-----
 r  b   swpd   free   buff  cache   si   so    bi    bo   in   cs us sy id wa st
 2  0  71680 1507180   1832 845600    0    0  1036  3656 1305  280 25  0 74  0  0
 2  0  71680 1507180   1832 845600    0    0  1280     0 1346  410 25  1 74  0  0
 2  0  71680 1507180   1832 845600    0    0  1024     0 1174  213 25  0 75  0  0
 2  0  71680 1507180   1832 845600    0    0  1280     0 1373  358 25  1 74  0  0
 2  0  71680 1507180   1832 845600    0    0  1024    72 1292  315 25  1 74  0  0
 2  0  71680 1507180   1832 845600    0    0  1280   288 1265  373 25  1 74  0  0
 2  0  71680 1507180   1832 845600    0    0  1032     8 1243  219 25  0 75  0  0
 2  0  71680 1507180   1832 845600    0    0  1280   236 1319  346 25  1 74  0  0
 2  0  71680 1507180   1832 845600    0    0  1024     0 1223  226 25  0 75  0  0
 2  0  71680 1507180   1832 845600    0    0  1280    76 1332  380 25  1 74  0  0
 2  0  71680 1507180   1832 845600    0    0  1024    76 1227  227 25  0 75  0  0
 2  0  71680 1507180   1832 845600    0    0  1284  2084 1523  560 25  1 74  0  0
 2  0  71680 1507180   1832 845600    0    0  1024     0 1264  290 26  0 74  0  0
 2  0  71680 1507180   1832 845600    0    0  1280     0 1266  323 25  1 74  0  0
 3  0  71680 1507180   1832 845600    0    0  1248   132 2710 2449 39  5 56  0  0
 3  0  71680 1507180   1832 845600    0    0  1028     0 4256 2596 55  6 39  0  0
 3  0  71680 1507180   1832 845600    0    0  1024     0 4768  773 54  4 42  0  0
 2  0  71680 1507180   1832 845600    0    0  1024     0 4907 2504 51  4 45  0  0
 3  0  71680 1507180   1832 845600    0    0  1024     0 1801  418 32  3 66  0  0
 3  0  71680 1507180   1832 845600    0    0  1100   224 3894 3408 51 10 38  0  0
 2  0  71680 1507180   1832 845600    0    0  1280   152 1350 1315 25  1 74  0  0
procs -----------memory---------- ---swap-- -----io---- -system-- ------cpu-----
 r  b   swpd   free   buff  cache   si   so    bi    bo   in   cs us sy id wa st
 2  0  71680 1507180   1832 845600    0    0  1024     0 1376  450 26  1 74  0  0
 2  0  71680 1507180   1832 845600    0    0  1280     0 1320  285 25  0 74  0  0
 2  0  71680 1507180   1832 845600    0    0  1024     0 1272  373 25  1 74  0  0
 2  0  71680 1507180   1832 845600    0    0  1280   548 1257  243 26  0 74  0  0
 2  0  71680 1507180   1832 845600    0    0  1024     0 1279  315 25  1 74  0  0
 2  0  71680 1507180   1832 845600    0    0  1280     0 1259  315 25  0 75  0  0
